1449991624878988608
1449991624929018072
1449991624979004867
1449991625029004635
1449991625079004476
1449991625129006020
1449991625179036013
1449991625229015384
1449991625278997642
1449991625328995586
1449991625379001911
1449991625428996310
1449991625479005525
1449991625529033005
1449991625579001861
1449991625629019707
1449991625679000974
1449991625728991769
1449991625779011487
1449991625829018925
1449991625878994907
1449991625929012122
1449991625979010413
1449991626028998018
1449991626079012207
1449991626128995433
1449991626178993338
1449991626228997922
1449991626278990760
1449991626329000430
1449991626379007942
1449991626429006927
1449991626479050999
1449991626529054247
1449991626579003961
1449991626629018542
1449991626678995344
1449991626728995892
1449991626779035578
1449991626829023746
1449991626878999496
1449991626929010920
1449991626979015859
1449991627029041689
1449991627079012975
1449991627128996522
1449991627179034583
1449991627229001754
1449991627279000405
1449991627329013276
1449991627379054247
1449991627429001958
1449991627478991629
1449991627528993102
1449991627578990021
1449991627629012398
1449991627679017241
1449991627729010106
1449991627779033647
1449991627829000590
1449991627879010771
1449991627929006767
1449991627979051640
1449991628029020561
1449991628079012798
1449991628129012552
1449991628179009587
1449991628228991990
1449991628278994417
1449991628328987446
1449991628379010481
1449991628428999084
1449991628479005252
1449991628529022205
1449991628579058428
1449991628629008015
1449991628679011705
1449991628728998745
1449991628778999041
1449991628829013523
1449991628879002362
1449991628929018263
1449991628978994566
1449991629029023581
1449991629079036727
1449991629129013922
1449991629178998316
1449991629229002963
1449991629279045028
1449991629329050253
1449991629379003508
1449991629429003473
1449991629479049589
1449991629529051351
1449991629579043792
1449991629629015953
1449991629679010315
1449991629729006885
1449991629779006927
1449991629828996702
1449991629879039771
1449991629929014966
1449991629979014880
1449991630029017477
1449991630078994971
1449991630128992888
1449991630178989588
1449991630228996502
1449991630278995254
1449991630329012811
1449991630379045661
1449991630428997180
1449991630478997020
1449991630529012530
1449991630579055348
1449991630629054938
1449991630679057021
1449991630729016006
1449991630779014567
1449991630829034387
1449991630879041057
1449991630929011030
1449991630978991253
1449991631028993630
1449991631079048806
1449991631129051875
1449991631179014405
1449991631229015268
1449991631278998543
1449991631328994901
1449991631378995644
1449991631429033180
1449991631479026396
1449991631529016345
1449991631579012818
1449991631629005707
1449991631679004228
1449991631729005780
1449991631779006970
1449991631829047721
1449991631879057975
1449991631928999028
1449991631978994280
1449991632029012977
1449991632079015247
1449991632129007568
1449991632179034427
1449991632229054032
1449991632279014411
1449991632329004566
1449991632379005904
1449991632429003527
1449991632479004764
1449991632529014932
1449991632579002124
1449991632628993576
1449991632678991424
1449991632729036436
1449991632779003533
1449991632829028227
1449991632879007882
1449991632929008789
1449991632979017560
1449991633029065363
1449991633079022121
1449991633129008503
1449991633179017482
1449991633229025762
1449991633279006369
1449991633329005879
1449991633379005944
1449991633429003770
1449991633479013671
1449991633528998409
1449991633578990680
1449991633629000101
1449991633678994987
1449991633729013901
1449991633779055333
1449991633829055488
1449991633879058239
1449991633929013957
1449991633979009057
1449991634029003138
1449991634078997193
1449991634129051080
1449991634179025861
1449991634229053171
1449991634279055247
1449991634329057971
1449991634379059586
1449991634429008069
1449991634479005919
1449991634529053432
1449991634579039058
1449991634629000914
1449991634678994895
1449991634729047448
1449991634779013542
1449991634828991908
1449991634879015626
1449991634928995385
1449991634979011623
1449991635028998695
1449991635079017596
1449991635128997819
1449991635178996416
1449991635229003333
1449991635279013432
1449991635328998234
1449991635378988957
1449991635428992978
1449991635478992090
1449991635528996343
1449991635578992631
1449991635628992435
1449991635678993452
1449991635728996430
1449991635778995332
1449991635828990879
1449991635878994433
1449991635928992660
1449991635979035464
1449991636029018203
1449991636079053096
1449991636128999306
1449991636178993895
1449991636229047782
1449991636279020643
1449991636328986561
1449991636379000094
1449991636429015741
1449991636479051737
1449991636529001144
1449991636579001897
1449991636628995726
1449991636679012297
1449991636728997997
1449991636778996069
1449991636828996246
1449991636879016722
1449991636929005613
1449991636978993535
1449991637029034336
1449991637079005677
1449991637129041291
1449991637179001988
1449991637228995415
1449991637279000421
1449991637329000501
1449991637379016104
1449991637429009367
1449991637479012966
1449991637529015981
1449991637579008803
1449991637628996294
1449991637678988504
1449991637729011316
1449991637779010485
1449991637829039058
1449991637879045581
1449991637929055274
1449991637979057427
1449991638029017127
1449991638079006751
1449991638129001267
1449991638179009634
1449991638228996990
1449991638278988171
1449991638329006033
1449991638379011303
1449991638429006387
1449991638479051066
1449991638529059116
1449991638579014649
1449991638629000515
1449991638679057726
1449991638729055095
1449991638778999454
1449991638829012304
1449991638879056232
1449991638929017762
1449991638979055486
1449991639029016940
1449991639079004741
1449991639128995606
1449991639179011208
1449991639229012255
1449991639279014190
1449991639329039933
1449991639379000312
1449991639429012511
1449991639479055636
1449991639529011838
1449991639579015789
1449991639629050081
1449991639679003564
1449991639728994466
1449991639779012062
1449991639828997985
1449991639879019508
1449991639929053874
1449991639979006101
1449991640028999644
1449991640079012986
1449991640129054551
1449991640178999840
1449991640229047027
1449991640279057388
1449991640329024115
1449991640379053339
1449991640429052455
1449991640479041090
1449991640529055932
1449991640579018014
1449991640629048217
1449991640679001095
1449991640729009542
1449991640779017982
1449991640829047915
1449991640879009733
1449991640929014171
1449991640979017560
1449991641029016810
1449991641079019410
1449991641129016877
1449991641179046160
1449991641229017443
1449991641279020608
1449991641329018759
1449991641379054668
1449991641429015043
1449991641478999501
1449991641529045722
1449991641579022397
1449991641629052069
1449991641679006180
1449991641729051006
1449991641779017431
1449991641829056695
1449991641879001553
1449991641929011963
1449991641979014794
1449991642029012707
1449991642079015886
1449991642129011430
1449991642178997894
1449991642229008490
1449991642278989391
1449991642328992242
1449991642378993580
1449991642429051880
1449991642479066291
1449991642529020017
1449991642579046091
1449991642629014638
1449991642679017071
1449991642729021302
1449991642779017144
1449991642829051239
1449991642879019873
1449991642929017616
1449991642979019682
1449991643029018558
1449991643079007031
1449991643129008758
1449991643179015885
1449991643229017226
1449991643279028607
1449991643329021452
1449991643378995762
1449991643429004339
1449991643479005135
1449991643529050586
1449991643579016527
1449991643628995579
1449991643678995013
1449991643728996397
1449991643778995717
1449991643828993513
1449991643878993466
1449991643928992374
1449991643978992909
1449991644028996429
1449991644078997259
1449991644128994876
1449991644179015220
1449991644229004160
1449991644279106627
1449991644328994898
1449991644378986586
1449991644428993608
1449991644478999523
1449991644528996968
1449991644578995433
1449991644628995144
1449991644679115967
1449991644728992701
1449991644778993526
1449991644828995881
1449991644878995658
1449991644928994906
1449991644978995248
1449991645028994249
1449991645078995264
1449991645128994113
1449991645178987090
1449991645229015562
1449991645279064405
1449991645329032550
1449991645379023237
1449991645429019300
1449991645479003233
1449991645529044690
1449991645579012766
1449991645628997624
1449991645678997871
1449991645728996331
1449991645778995128
1449991645828994741
1449991645878993647
1449991645928993267
1449991645978993805
1449991646028993440
1449991646078993144
1449991646128995314
1449991646178986873
1449991646228991418
1449991646278994368
1449991646328995256
1449991646379013418
1449991646428995967
1449991646479002940
1449991646528998133
1449991646579015919
1449991646629000621
1449991646679004155
1449991646728999406
1449991646779021551
1449991646829048463
1449991646879021002
1449991646929053474
1449991646979022452
1449991647029002586
1449991647079008596
1449991647128998297
1449991647178995446
1449991647228995061
1449991647278992520
1449991647328993554
1449991647378992404
1449991647429007392
1449991647479046329
1449991647529004359
1449991647578993672
1449991647628994830
1449991647679018910
1449991647728994540
1449991647778999832
1449991647828994817
1449991647878991617
1449991647928993999
1449991647978993733
1449991648028993481
1449991648078994115
1449991648128981372
1449991648178984875
1449991648228994665
1449991648278993825
1449991648328992349
1449991648378986578
1449991648428986298
1449991648478991857
1449991648528992366
1449991648578984909
1449991648628987937
1449991648678988027
1449991648728994244
1449991648778988090
1449991648828995204
1449991648879209399
1449991648929000305
1449991648979021342
1449991649029020993
1449991649079004494
1449991649129046714
1449991649179007314
1449991649229046533
1449991649279002165
1449991649329005513
1449991649379019158
1449991649429050380
1449991649479017774
1449991649529046975
1449991649579018535
1449991649629000025
1449991649678992502
1449991649728994136
1449991649779003243
1449991649828996975
1449991649879008384
1449991649929004237
1449991649979049336
1449991650029022730
1449991650079013641
1449991650128996266
1449991650179013089
1449991650229000602
1449991650278998806
1449991650328993459
1449991650378993188
1449991650429010086
1449991650478998706
1449991650529005281
1449991650579004096
1449991650628988716
1449991650678995676
1449991650728988505
1449991650779048198
1449991650829055346
1449991650879025583
1449991650929034686
1449991650979053298
1449991651029001629
1449991651078997986
1449991651129038562
1449991651179004707
1449991651229001918
1449991651279032593
1449991651329027599
1449991651378997920
1449991651428994652
1449991651479027470
1449991651528995275
1449991651579008550
1449991651629029418
1449991651679016647
1449991651728996237
1449991651779011375
1449991651829023818
1449991651879009617
1449991651929009174
1449991651979010942
1449991652028990030
1449991652079027636
1449991652129059381
1449991652179056845
1449991652229041117
1449991652278996758
1449991652328994872
1449991652379004549
1449991652429006424
1449991652479005644
1449991652529043477
1449991652579013715
1449991652629010455
1449991652678995641
1449991652729012192
1449991652779009698
1449991652829012712
1449991652879011468
1449991652929005926
1449991652979054939
1449991653029016256
1449991653079010197
1449991653129005247
1449991653179010173
1449991653229027263
1449991653279020843
1449991653329023580
1449991653379025396
1449991653429043314
1449991653479046553
1449991653529002859
1449991653579053588
1449991653629010262
1449991653679008141
1449991653729014060
1449991653779001168
1449991653829038174
1449991653879046027
1449991653928991651
1449991653979049714
1449991654029053774
1449991654079015649
1449991654128999133
1449991654179036472
1449991654229050245
1449991654279016450
1449991654329015704
1449991654378998953
1449991654429021881
1449991654479009315
1449991654529017118
1449991654579015866
1449991654629011651
1449991654679055282
1449991654729033597
1449991654779059370
