1449991564229901792 1449991564230096415
1449991564279911121 1449991564280122243
1449991564329907544 1449991564330085304
1449991564379867251 1449991564380062617
1449991564429906082 1449991564430092391
1449991564479906950 1449991564480147427
1449991564529907256 1449991564530125417
1449991564579907513 1449991564580119791
1449991564629906939 1449991564630131208
1449991564679907509 1449991564680141254
1449991564729901635 1449991564730120032
1449991564779906477 1449991564780116392
1449991564829898800 1449991564830127613
1449991564879904160 1449991564880115673
1449991564929903221 1449991564930109510
1449991564979905006 1449991564980119910
1449991565029907214 1449991565030125130
1449991565079905067 1449991565080115862
1449991565129901470 1449991565130087460
1449991565179897047 1449991565180098650
1449991565229904383 1449991565230079767
1449991565279907498 1449991565280088669
1449991565329901736 1449991565330086525
1449991565379912851 1449991565380091610
1449991565429906406 1449991565430132338
1449991565479908978 1449991565480169467
1449991565529909419 1449991565530142180
1449991565579912417 1449991565580155066
1449991565629909140 1449991565630093304
1449991565679908327 1449991565680134614
1449991565729915025 1449991565730234180
1449991565779922796 1449991565780221654
1449991565829926376 1449991565830228634
1449991565879916655 1449991565880109865
1449991565929925186 1449991565930221656
1449991565979963383 1449991565980346034
1449991566029915222 1449991566030100198
1449991566079912244 1449991566080209591
1449991566129931816 1449991566130250151
1449991566179915377 1449991566180136558
1449991566229909757 1449991566230122810
1449991566279901855 1449991566280075091
1449991566329933906 1449991566330240827
1449991566379928006 1449991566380148651
1449991566429916030 1449991566430185572
1449991566479909585 1449991566480108045
1449991566529925589 1449991566530300292
1449991566579929242 1449991566580256043
1449991566629918512 1449991566630301051
1449991566679926044 1449991566680228622
1449991566729909742 1449991566730181107
1449991566779901675 1449991566780107261
1449991566829908510 1449991566830101419
1449991566879929253 1449991566880196322
1449991566929923078 1449991566930173382
1449991566979914851 1449991566980100113
1449991567029922830 1449991567030193914
1449991567079910341 1449991567080085156
1449991567129910670 1449991567130245505
1449991567179942426 1449991567180279865
1449991567229931602 1449991567230182587
1449991567279929488 1449991567280242359
1449991567329930976 1449991567330240989
1449991567379924894 1449991567380116491
1449991567429909874 1449991567430150764
1449991567479919424 1449991567480195931
1449991567529918159 1449991567530157224
1449991567579920663 1449991567580224154
1449991567629936320 1449991567630220875
1449991567679920802 1449991567680137377
1449991567729931127 1449991567730179569
1449991567779970879 1449991567780265667
1449991567829929282 1449991567830157181
1449991567879922264 1449991567880116528
1449991567929924979 1449991567930263041
1449991567979928180 1449991567980296950
1449991568029922021 1449991568030192721
1449991568079918588 1449991568080185914
1449991568129915743 1449991568130189961
1449991568179961267 1449991568180406006
1449991568229926032 1449991568230226229
1449991568279917655 1449991568280277397
1449991568329900601 1449991568330232854
1449991568379920865 1449991568380240616
1449991568429919773 1449991568430218390
1449991568479961997 1449991568480684057
1449991568529926762 1449991568530322893
1449991568579919801 1449991568580228180
1449991568629920651 1449991568630193399
1449991568679927374 1449991568680309824
1449991568729916050 1449991568730158284
1449991568779966776 1449991568780406974
1449991568829969086 1449991568830426453
1449991568879923978 1449991568880358552
1449991568929939618 1449991568930398575
1449991568979931598 1449991568980264219
1449991569029936257 1449991569030380317
1449991569079910673 1449991569080132049
1449991569129957915 1449991569130430269
1449991569179941105 1449991569180374524
1449991569229967282 1449991569230426594
1449991569279926835 1449991569280234326
1449991569329925313 1449991569330235139
1449991569379926334 1449991569380310651
1449991569429924183 1449991569430265521
1449991569479924502 1449991569480308295
1449991569529957665 1449991569530449520
1449991569579967800 1449991569580415755
1449991569629951548 1449991569630414345
1449991569679942762 1449991569680360105
1449991569729927342 1449991569730314860
1449991569779922606 1449991569780421771
1449991569829960907 1449991569830468906
1449991569879913368 1449991569880265138
1449991569929962176 1449991569930439465
1449991569979967553 1449991569980413848
1449991570029968477 1449991570030428690
1449991570079924271 1449991570080304583
1449991570129925128 1449991570130412720
1449991570179915123 1449991570180218551
1449991570229957006 1449991570230459709
1449991570279965593 1449991570280260978
1449991570329927946 1449991570330325731
1449991570379921429 1449991570380226825
1449991570429919874 1449991570430226014
1449991570479919321 1449991570480219728
1449991570529919529 1449991570530225566
1449991570579922908 1449991570580241821
1449991570629913615 1449991570630229818
1449991570679917649 1449991570680290985
1449991570729950361 1449991570730442540
1449991570779967648 1449991570780478085
1449991570829946375 1449991570830399669
1449991570879923173 1449991570880325559
1449991570929925022 1449991570930332626
1449991570979967981 1449991570980393288
1449991571029930621 1449991571030362817
1449991571079923382 1449991571080165738
1449991571129918195 1449991571130228646
1449991571179906615 1449991571180151746
1449991571229907009 1449991571230120764
1449991571279900548 1449991571280100944
1449991571329933086 1449991571330135694
1449991571379908986 1449991571380107454
1449991571429911598 1449991571430313058
1449991571479962176 1449991571480426467
1449991571529923324 1449991571530345632
1449991571579937648 1449991571580387367
1449991571629931148 1449991571630307157
1449991571679932322 1449991571680269867
1449991571729930616 1449991571730304748
1449991571779917972 1449991571780234630
1449991571829934835 1449991571830318989
1449991571879916590 1449991571880128120
1449991571929904646 1449991571930120372
1449991571979910621 1449991571980097907
1449991572029908223 1449991572030079353
1449991572079925394 1449991572080128755
1449991572129900818 1449991572130123372
1449991572179906759 1449991572180113770
1449991572229905735 1449991572230093652
1449991572279901946 1449991572280099071
1449991572329899179 1449991572330099682
1449991572379909005 1449991572380138289
1449991572429935366 1449991572430173270
1449991572479917961 1449991572480153675
1449991572529907524 1449991572530118943
1449991572579907388 1449991572580104451
1449991572629902750 1449991572630112419
1449991572679905812 1449991572680114993
1449991572729905620 1449991572730118698
1449991572779923037 1449991572780236645
1449991572829923640 1449991572830203975
1449991572879919949 1449991572880289678
1449991572929912389 1449991572930108134
1449991572979924071 1449991572980251741
1449991573029912258 1449991573030113885
1449991573079907430 1449991573080117330
1449991573129913776 1449991573130340157
1449991573179918967 1449991573180169734
1449991573229964189 1449991573230458546
1449991573279917915 1449991573280269269
1449991573329906641 1449991573330264142
1449991573379901190 1449991573380206138
1449991573429899518 1449991573430183966
1449991573479906842 1449991573480222665
1449991573529909613 1449991573530271033
1449991573579906755 1449991573580311098
1449991573629957027 1449991573630423781
1449991573679924551 1449991573680293046
1449991573729915614 1449991573730131423
1449991573779906820 1449991573780113678
1449991573829912602 1449991573830189244
1449991573879921323 1449991573880228501
1449991573929910309 1449991573930142828
1449991573979918462 1449991573980281672
1449991574029929732 1449991574030266422
1449991574079926179 1449991574080268856
1449991574129933313 1449991574130303703
1449991574179929603 1449991574180291623
1449991574229954086 1449991574230383824
1449991574279943774 1449991574280311805
1449991574329911876 1449991574330117073
1449991574379923442 1449991574380273976
1449991574429909738 1449991574430135461
1449991574479912383 1449991574480137818
1449991574529906680 1449991574530121403
1449991574579956835 1449991574580360854
1449991574629927330 1449991574630253499
1449991574679970088 1449991574680390290
1449991574729929601 1449991574730253228
1449991574779928844 1449991574780233267
1449991574829926967 1449991574830224452
1449991574879928950 1449991574880239150
1449991574929965908 1449991574930450644
1449991574979928836 1449991574980281889
1449991575029911167 1449991575030097593
1449991575079907082 1449991575080105459
1449991575129904376 1449991575130105447
1449991575179925574 1449991575180298903
1449991575229928558 1449991575230390268
1449991575279939825 1449991575280378446
1449991575329919311 1449991575330217934
1449991575379917173 1449991575380257452
1449991575429960570 1449991575430783137
1449991575479931599 1449991575480262378
1449991575529910664 1449991575530101923
1449991575579953013 1449991575580411466
1449991575629912793 1449991575630129526
1449991575679906881 1449991575680154787
1449991575729906380 1449991575730118202
1449991575779905977 1449991575780109039
1449991575829906767 1449991575830088505
1449991575879907045 1449991575880095272
1449991575929901035 1449991575930084539
1449991575979899077 1449991575980084497
1449991576029901052 1449991576030106102
1449991576079901019 1449991576080088547
1449991576129904448 1449991576130106543
1449991576179907705 1449991576180074087
1449991576229906615 1449991576230091052
1449991576279902905 1449991576280102694
1449991576329907742 1449991576330111997
1449991576379906671 1449991576380194250
1449991576429905595 1449991576430098755
1449991576479924070 1449991576480101656
1449991576529905464 1449991576530088603
1449991576579904802 1449991576580129082
1449991576629900955 1449991576630093775
1449991576679908983 1449991576680126588
1449991576729908436 1449991576730302722
1449991576779901884 1449991576780087979
1449991576829904096 1449991576830129552
1449991576879905478 1449991576880126302
1449991576929909638 1449991576930136311
1449991576979906642 1449991576980111996
1449991577029906780 1449991577030117653
1449991577079904889 1449991577080116519
1449991577129906494 1449991577130301954
1449991577179923429 1449991577180228140
1449991577229944605 1449991577230130279
1449991577279937430 1449991577280162228
1449991577329914402 1449991577330106488
1449991577379904067 1449991577380077614
1449991577429908871 1449991577430100191
1449991577479908912 1449991577480111400
1449991577529907128 1449991577530140816
1449991577579905617 1449991577580115111
1449991577629908208 1449991577630097878
1449991577679908497 1449991577680103505
1449991577729904288 1449991577730089560
1449991577779907789 1449991577780112360
1449991577829908127 1449991577830087526
1449991577879907174 1449991577880114078
1449991577929897848 1449991577930103950
1449991577979904753 1449991577980128639
1449991578029899202 1449991578030083538
1449991578079904886 1449991578080096058
1449991578129899340 1449991578130094273
1449991578179906156 1449991578180091717
1449991578229907203 1449991578230100727
1449991578279906162 1449991578280116185
1449991578329910699 1449991578330148050
1449991578379905886 1449991578380126045
1449991578429905684 1449991578430083188
1449991578479906365 1449991578480088249
1449991578529906769 1449991578530115330
1449991578579899771 1449991578580092443
1449991578629906260 1449991578630072761
1449991578679906248 1449991578680086575
1449991578729905847 1449991578730117191
1449991578779908600 1449991578780090604
1449991578829903002 1449991578830086578
1449991578879923768 1449991578880242310
1449991578929910510 1449991578930113478
1449991578979908774 1449991578980121798
1449991579029898124 1449991579030111809
1449991579079898505 1449991579080120359
1449991579129904926 1449991579130121570
1449991579179915003 1449991579180113373
1449991579229905503 1449991579230124907
1449991579279900954 1449991579280118667
1449991579329903765 1449991579330130920
1449991579379909302 1449991579380119821
1449991579429926215 1449991579430128454
1449991579479905976 1449991579480135204
1449991579529907312 1449991579530096197
1449991579579924709 1449991579580309752
1449991579629935269 1449991579630117030
1449991579679909514 1449991579680329122
1449991579729915289 1449991579730109512
1449991579779910922 1449991579780112059
1449991579829908686 1449991579830097536
1449991579879935278 1449991579880306698
1449991579929933600 1449991579930143152
1449991579979908054 1449991579980108164
1449991580029907394 1449991580030102158
1449991580079905604 1449991580080103434
1449991580129908642 1449991580130076635
1449991580180058011 1449991580180252136
1449991580229904805 1449991580230101192
1449991580279906756 1449991580280109278
1449991580329905644 1449991580330098329
1449991580379908058 1449991580380086843
1449991580429905809 1449991580430093053
1449991580479906517 1449991580480107180
1449991580529906787 1449991580530150722
1449991580579906556 1449991580580082709
1449991580629906907 1449991580630113649
1449991580679908894 1449991580680122597
1449991580729964975 1449991580730456275
1449991580779930484 1449991580780374387
1449991580829932193 1449991580830303702
1449991580879953994 1449991580880266398
1449991580929910072 1449991580930314855
1449991580979907145 1449991580980106124
1449991581029902001 1449991581030087525
1449991581079925067 1449991581080166305
1449991581129922756 1449991581130186400
1449991581179911505 1449991581180125644
1449991581229868942 1449991581230087988
1449991581279867258 1449991581280092550
1449991581329910347 1449991581330096480
1449991581379903377 1449991581380113851
1449991581429924896 1449991581430239449
1449991581479917888 1449991581480123370
1449991581529908748 1449991581530184415
1449991581579924442 1449991581580179781
1449991581629907041 1449991581630134687
1449991581679913146 1449991581680195325
1449991581729905680 1449991581730085690
1449991581779904592 1449991581780133403
1449991581829910110 1449991581830358666
1449991581879906837 1449991581880190794
1449991581929922011 1449991581930318745
1449991581979930316 1449991581980304046
1449991582029907546 1449991582030175578
1449991582079898109 1449991582080097110
1449991582129904595 1449991582130233404
1449991582179964729 1449991582180412952
1449991582229913869 1449991582230104781
1449991582279925530 1449991582280207299
1449991582329908810 1449991582330143539
1449991582379903940 1449991582380110153
1449991582429899481 1449991582430078743
1449991582479903281 1449991582480083660
1449991582529905092 1449991582530070475
1449991582579907178 1449991582580110529
1449991582629906493 1449991582630095825
1449991582679925865 1449991582680260811
1449991582729923060 1449991582730193894
1449991582779907761 1449991582780106303
1449991582829905122 1449991582830123934
1449991582879906849 1449991582880108011
1449991582929907640 1449991582930133405
1449991582979909714 1449991582980119859
1449991583029906919 1449991583030108638
1449991583079907191 1449991583080089555
1449991583129923341 1449991583130256339
1449991583179964569 1449991583180322243
1449991583229913907 1449991583230111615
1449991583279961795 1449991583280424035
1449991583329964396 1449991583330389500
1449991583379932438 1449991583380293610
1449991583429922256 1449991583430251406
1449991583479925024 1449991583480283797
1449991583529911151 1449991583530114188
1449991583579908491 1449991583580105680
1449991583629906329 1449991583630139326
1449991583679902338 1449991583680098361
1449991583729916351 1449991583730152339
1449991583779938703 1449991583780234529
1449991583829923069 1449991583830133078
1449991583879962142 1449991583880252739
1449991583929936631 1449991583930153950
1449991583979926441 1449991583980211001
1449991584029923896 1449991584030137666
1449991584079914443 1449991584080116551
1449991584129907736 1449991584130118657
1449991584179906342 1449991584180126282
1449991584229906968 1449991584230134265
1449991584279959160 1449991584280430692
1449991584329913063 1449991584330239657
1449991584379920812 1449991584380130021
1449991584429899973 1449991584430128775
1449991584479922602 1449991584480207969
1449991584529919526 1449991584530164458
1449991584579900952 1449991584580155115
1449991584629897900 1449991584630130577
1449991584679915204 1449991584680156063
1449991584729924045 1449991584730180480
1449991584779911027 1449991584780209965
1449991584829921485 1449991584830192543
1449991584879919780 1449991584880170434
1449991584929902686 1449991584930189887
1449991584979900773 1449991584980153589
1449991585029901449 1449991585030170512
1449991585079903922 1449991585080160297
1449991585129920859 1449991585130173174
1449991585179965545 1449991585180415588
1449991585229921600 1449991585230252694
1449991585279913095 1449991585280280926
1449991585329924542 1449991585330230645
1449991585379905140 1449991585380140980
1449991585429899842 1449991585430147054
1449991585479899760 1449991585480298213
1449991585529922887 1449991585530171003
1449991585579912418 1449991585580215769
1449991585629912279 1449991585630218914
1449991585679914365 1449991585680219136
1449991585729912345 1449991585730107964
1449991585779926111 1449991585780369520
1449991585829911329 1449991585830213234
1449991585879902350 1449991585880157442
1449991585929899281 1449991585930063278
1449991585979921373 1449991585980239036
1449991586029924244 1449991586030187838
1449991586079920941 1449991586080209916
1449991586129962025 1449991586130367690
1449991586179967446 1449991586180383188
1449991586229925626 1449991586230177299
1449991586279912365 1449991586280069988
1449991586329923597 1449991586330197922
1449991586379922339 1449991586380156366
1449991586429924949 1449991586430171739
1449991586479906885 1449991586480109579
1449991586529929561 1449991586530205261
1449991586579927867 1449991586580257922
1449991586629926385 1449991586630237851
1449991586679907186 1449991586680106020
1449991586729907384 1449991586730210214
1449991586779910105 1449991586780159932
1449991586829921910 1449991586830150066
1449991586879913161 1449991586880170217
1449991586929903334 1449991586930124487
1449991586979899617 1449991586980114077
1449991587029900594 1449991587030101816
1449991587079907367 1449991587080151383
1449991587129901832 1449991587130140216
1449991587179926974 1449991587180225033
1449991587229964868 1449991587230443709
1449991587279931150 1449991587280238877
1449991587329901198 1449991587330044864
1449991587379900673 1449991587380080113
1449991587429900912 1449991587430145399
1449991587479900128 1449991587480138395
1449991587529915668 1449991587530147807
1449991587579920032 1449991587580155008
1449991587629922108 1449991587630187994
1449991587679925578 1449991587680229864
1449991587729908463 1449991587730159289
1449991587779904583 1449991587780125710
1449991587829903127 1449991587830186453
1449991587879899217 1449991587880188753
1449991587929900167 1449991587930131858
1449991587979923387 1449991587980225856
1449991588029905318 1449991588030140073
1449991588079901748 1449991588080129133
1449991588129901742 1449991588130121691
1449991588179899589 1449991588180132720
1449991588229899633 1449991588230156760
1449991588279899718 1449991588280125143
1449991588329899553 1449991588330126778
1449991588379919817 1449991588380138703
1449991588429904209 1449991588430136867
1449991588479901925 1449991588480273090
1449991588529918481 1449991588530183675
1449991588579917290 1449991588580145286
1449991588629917889 1449991588630187831
1449991588679902562 1449991588680096316
1449991588729900054 1449991588730143346
1449991588779898806 1449991588780071179
1449991588829894261 1449991588830041849
1449991588879903759 1449991588880092037
1449991588929923774 1449991588930220269
1449991588979921590 1449991588980181733
1449991589029918270 1449991589030181781
1449991589079901804 1449991589080133339
1449991589129916409 1449991589130162734
1449991589179910148 1449991589180127221
1449991589229959402 1449991589230429799
1449991589279930354 1449991589280202855
1449991589329928428 1449991589330252690
1449991589379926622 1449991589380238195
1449991589429919781 1449991589430169918
1449991589479919819 1449991589480253940
1449991589529915117 1449991589530140209
1449991589579925862 1449991589580293359
1449991589629919110 1449991589630140898
1449991589679925026 1449991589680166985
1449991589729910857 1449991589730104040
1449991589779918334 1449991589780196732
1449991589829902854 1449991589830089846
1449991589879924571 1449991589880222486
1449991589929911593 1449991589930150053
1449991589979909297 1449991589980131534
1449991590029910269 1449991590030243080
1449991590079926988 1449991590080263802
1449991590129904089 1449991590130114944
1449991590179957640 1449991590180306236
1449991590229904809 1449991590230212339
1449991590279904207 1449991590280134053
1449991590329919992 1449991590330148246
1449991590379962186 1449991590380352568
1449991590429938136 1449991590430233629
1449991590479925131 1449991590480151364
1449991590529902059 1449991590530068205
1449991590579906659 1449991590580206555
1449991590629900443 1449991590630140948
1449991590679900783 1449991590680068285
1449991590729897375 1449991590730063310
1449991590779904894 1449991590780179656
1449991590829902919 1449991590830119630
1449991590879926064 1449991590880252664
1449991590929922233 1449991590930176350
1449991590979910024 1449991590980077554
1449991591029923385 1449991591030312163
1449991591079911904 1449991591080110534
1449991591129926091 1449991591130237904
1449991591179925220 1449991591180206575
1449991591229912452 1449991591230142854
1449991591279928016 1449991591280270399
1449991591329912876 1449991591330104753
1449991591379908229 1449991591380115766
1449991591429921816 1449991591430235881
1449991591479933153 1449991591480186367
1449991591529922604 1449991591530227448
1449991591579908777 1449991591580129945
1449991591629905359 1449991591630116775
1449991591679909080 1449991591680197407
1449991591729903748 1449991591730109160
1449991591779904286 1449991591780148950
1449991591829912105 1449991591830404210
1449991591879909866 1449991591880104121
1449991591929908305 1449991591930125917
1449991591979911754 1449991591980134678
1449991592029907199 1449991592030160371
1449991592079929277 1449991592080228077
1449991592129914252 1449991592130110856
1449991592179960353 1449991592180403802
1449991592229924727 1449991592230235717
1449991592279912513 1449991592280142616
1449991592329922528 1449991592330226801
1449991592379962918 1449991592380395675
1449991592429956825 1449991592430394207
1449991592479908427 1449991592480223910
1449991592529906699 1449991592530123193
1449991592579960267 1449991592580401614
1449991592629914124 1449991592630126651
1449991592679961960 1449991592680336927
1449991592729929528 1449991592730340543
1449991592779920078 1449991592780226753
1449991592829923691 1449991592830333657
1449991592879924213 1449991592880233815
1449991592929918011 1449991592930218098
1449991592979908198 1449991592980112545
1449991593029929994 1449991593030312304
1449991593079917345 1449991593080145836
1449991593129926682 1449991593130250032
1449991593179920981 1449991593180281318
1449991593229922726 1449991593230210241
1449991593279918618 1449991593280225143
1449991593329920651 1449991593330208370
1449991593379966412 1449991593380358150
1449991593429929069 1449991593430241845
1449991593479923852 1449991593480200178
1449991593529904012 1449991593530192896
1449991593579919655 1449991593580216518
1449991593629924835 1449991593630245956
1449991593679926433 1449991593680116521
1449991593729904735 1449991593730225850
1449991593779932854 1449991593780276120
1449991593829984547 1449991593830395818
1449991593879975420 1449991593880363710
1449991593929965255 1449991593930403207
1449991593979970685 1449991593980380510
1449991594029931163 1449991594030242586
1449991594079965085 1449991594080332895
1449991594129975126 1449991594130478463
