1449991867548653679
1449991867598686107
1449991867648677344
1449991867698697462
1449991867748684417
1449991867798737836
1449991867848715136
1449991867898680175
1449991867948670514
1449991867998657553
1449991868048658840
1449991868098676392
1449991868148679791
1449991868198680674
1449991868248709868
1449991868298677734
1449991868348673595
1449991868398696231
1449991868448684048
1449991868498666569
1449991868548661019
1449991868598659321
1449991868648654559
1449991868698683967
1449991868748671715
1449991868798682113
1449991868848686050
1449991868898659630
1449991868948662801
1449991868998670285
1449991869048671686
1449991869098659932
1449991869148687186
1449991869198670787
1449991869248672081
1449991869298683147
1449991869348702995
1449991869398665301
1449991869448639331
1449991869498695469
1449991869548676230
1449991869598669967
1449991869648670757
1449991869698700917
1449991869748677308
1449991869798670459
1449991869848678146
1449991869898704894
1449991869948731132
1449991869998690047
1449991870048714504
1449991870098687517
1449991870148665435
1449991870198664504
1449991870248668151
1449991870298686664
1449991870348689522
1449991870398659257
1449991870448674711
1449991870498675229
1449991870548670624
1449991870598658264
1449991870648675120
1449991870698678332
1449991870748674371
1449991870798720303
1449991870848662272
1449991870898660439
1449991870948681999
1449991870998662125
1449991871048706903
1449991871098689862
1449991871148679287
1449991871198678693
1449991871248677007
1449991871298677096
1449991871348656914
1449991871398659301
1449991871448673839
1449991871498711318
1449991871548682037
1449991871598677357
1449991871648666445
1449991871698671621
1449991871748665820
1449991871798765796
1449991871848655020
1449991871898716985
1449991871948696529
1449991871998659686
1449991872048715780
1449991872098720696
1449991872148715408
1449991872198689514
1449991872248675798
1449991872298713167
1449991872348716720
1449991872398689971
1449991872448669297
1449991872498667545
1449991872548683069
1449991872598674852
1449991872648673017
1449991872698717869
1449991872748665333
1449991872798676999
1449991872848680815
1449991872898714660
1449991872948680838
1449991872998673573
1449991873048656282
1449991873098662504
1449991873148673524
1449991873198703593
1449991873248659775
1449991873298660673
1449991873348687093
1449991873398682317
1449991873448660494
1449991873498673672
1449991873548681125
1449991873598680404
1449991873648679848
1449991873698662619
1449991873748674301
1449991873798675362
1449991873848700380
1449991873898683343
1449991873948679752
1449991873998659571
1449991874048684603
1449991874098686001
1449991874148678592
1449991874198677360
1449991874248670864
1449991874298674356
1449991874348672540
1449991874398678822
1449991874448679809
1449991874498684104
1449991874548679531
1449991874598661513
1449991874648655553
1449991874698659625
1449991874748674231
1449991874798681222
1449991874848701225
1449991874898715716
1449991874948681644
1449991874998659148
1449991875048661685
1449991875098685526
1449991875148659021
1449991875198705377
1449991875248667740
1449991875298709586
1449991875348701155
1449991875398679096
1449991875448652138
1449991875498699090
1449991875548672175
1449991875598656611
1449991875648651835
1449991875698652066
1449991875748655920
1449991875798660035
1449991875848697881
1449991875898684716
1449991875948671951
1449991875998656992
1449991876048665062
1449991876098675701
1449991876148654868
1449991876198644245
1449991876248651745
1449991876298653414
1449991876348671082
1449991876398662796
1449991876448660181
1449991876498697534
1449991876548711778
1449991876598682854
1449991876648674656
1449991876698702230
1449991876748682119
1449991876798675131
1449991876848671404
1449991876898656916
1449991876948651772
1449991876998650501
1449991877048649179
1449991877098652531
1449991877148651267
1449991877198657429
1449991877248655292
1449991877298657949
1449991877348670061
1449991877398657524
1449991877448650817
1449991877498699499
1449991877548662356
1449991877598669463
1449991877648672595
1449991877698662062
1449991877748669173
1449991877798669783
1449991877848708762
1449991877898683810
1449991877948671714
1449991877998671255
1449991878048675873
1449991878098671899
1449991878148712626
1449991878198682362
1449991878248675665
1449991878298673334
1449991878348656533
1449991878398653638
1449991878448683635
1449991878498684856
1449991878548668864
1449991878598655609
1449991878648706415
1449991878698693801
1449991878748665584
1449991878798697810
1449991878848702181
1449991878898719802
1449991878948706560
1449991878998711863
1449991879048669053
1449991879098684868
1449991879148669544
1449991879198656370
1449991879248704757
1449991879298717604
1449991879348673249
1449991879398659790
1449991879448675730
1449991879498705462
1449991879548681105
1449991879598704834
1449991879648681836
1449991879698676305
1449991879748670957
1449991879798679528
1449991879848691974
1449991879898676013
1449991879948671337
1449991879998673864
1449991880048673297
1449991880098657323
1449991880148675949
1449991880198676752
1449991880248686025
1449991880298679740
1449991880348660759
1449991880398721917
1449991880448679526
1449991880498675989
1449991880548669970
1449991880598681464
1449991880648680403
1449991880698682606
1449991880748659759
1449991880798661284
1449991880848675905
1449991880898658355
1449991880948706467
1449991880998667727
1449991881048654928
1449991881098655301
1449991881148652858
1449991881198662439
1449991881248656700
1449991881298654326
1449991881348657120
1449991881398655719
1449991881448655122
1449991881498653732
1449991881548663765
1449991881598650314
1449991881648654266
1449991881698656356
1449991881748663902
1449991881798655805
1449991881848655039
1449991881898658810
1449991881948654111
1449991881998658561
1449991882048658170
1449991882098654379
1449991882148672318
1449991882198658739
1449991882248656467
1449991882298664194
1449991882348669799
1449991882398679287
1449991882448680274
1449991882498711844
1449991882548697743
1449991882598666346
1449991882648704952
1449991882698690671
1449991882748708973
1449991882798660074
1449991882848670097
1449991882898656295
1449991882948684099
1449991882998666516
1449991883048696617
1449991883098682079
1449991883148706499
1449991883198682716
1449991883248682587
1449991883298667787
1449991883348674510
1449991883398666216
1449991883448659296
1449991883498661757
1449991883548677901
1449991883598692175
1449991883648710264
1449991883698674504
1449991883748675875
1449991883798709700
1449991883848679857
1449991883898677894
1449991883948676749
1449991883998661464
1449991884048660061
1449991884098663139
1449991884148661163
1449991884198677347
1449991884248703795
1449991884298666963
1449991884348683449
1449991884398669111
1449991884448660322
1449991884498663932
1449991884548664211
1449991884598657697
1449991884648835107
1449991884698672782
1449991884748663601
1449991884798689521
1449991884848700785
1449991884898702747
1449991884948666513
1449991884998683429
1449991885048670665
1449991885098690872
1449991885148703626
1449991885198663773
1449991885248655118
1449991885298652911
1449991885348651401
1449991885398658634
1449991885448651641
1449991885498659348
1449991885548661305
1449991885598659857
1449991885648660697
1449991885698657763
1449991885748667162
1449991885798655571
1449991885848659167
1449991885898658091
1449991885948658984
1449991885998658909
1449991886048662106
1449991886098660791
1449991886148659623
1449991886198655117
1449991886248654360
1449991886298661683
1449991886348660781
1449991886398683276
1449991886448679399
1449991886498664127
1449991886548664697
1449991886598661188
1449991886648662341
1449991886698657783
1449991886748681762
1449991886798668345
1449991886848710346
1449991886898711951
1449991886948667963
1449991886998679855
1449991887048663689
1449991887098680051
1449991887148689581
1449991887198671708
1449991887248681181
1449991887298666763
1449991887348660387
1449991887398710986
1449991887448677558
1449991887498667644
1449991887548680554
1449991887598709678
1449991887648668608
1449991887698710994
1449991887748685534
1449991887798665402
1449991887848679366
1449991887898685091
1449991887948718277
1449991887998719314
1449991888048687771
1449991888098686930
1449991888148714076
1449991888198671322
1449991888248682220
1449991888298676168
1449991888348651451
1449991888398660911
1449991888448662798
1449991888498684712
1449991888548683037
1449991888598663472
1449991888648681476
1449991888698670789
1449991888748669672
1449991888798674050
1449991888848668341
1449991888898662336
1449991888948657098
1449991888998668729
1449991889048669768
1449991889098666748
1449991889148675011
1449991889198673489
1449991889248673046
1449991889298677948
1449991889348678574
1449991889398657471
1449991889448653156
1449991889498711403
1449991889548691670
1449991889598680492
1449991889648664210
1449991889698653865
1449991889748654093
1449991889798651739
1449991889848654774
1449991889898653856
1449991889948652184
1449991889998653933
1449991890048652544
1449991890098661339
1449991890148659182
1449991890198654827
1449991890248677078
1449991890298671674
1449991890348823663
1449991890398660057
1449991890448655446
1449991890498668347
1449991890548683114
1449991890598674029
1449991890648679725
1449991890698664507
1449991890748682688
1449991890798718253
1449991890848673924
1449991890898693400
1449991890948667606
1449991890998682427
1449991891048670114
1449991891098667677
1449991891148662493
1449991891198681785
1449991891248663491
1449991891298680377
1449991891348663098
1449991891398657346
1449991891448678537
1449991891498691972
1449991891548678667
1449991891598671813
1449991891648682127
1449991891698682687
1449991891748670926
1449991891798671985
1449991891848655322
1449991891898645392
1449991891948708936
1449991891998681071
1449991892048705822
1449991892098667414
1449991892148660926
1449991892198727836
1449991892248680445
1449991892298661681
1449991892348661534
1449991892398728036
1449991892448713269
1449991892498696290
1449991892548692575
1449991892598679969
1449991892648668216
1449991892698671470
1449991892748662350
1449991892798661886
1449991892848658933
1449991892898666616
1449991892948662067
1449991892998656983
1449991893048668748
1449991893098657687
1449991893148659130
1449991893198679152
1449991893248669000
1449991893298664254
1449991893348663484
1449991893398662966
1449991893448663538
1449991893498664242
1449991893548665905
1449991893598657333
1449991893648653813
1449991893698652722
1449991893748650208
1449991893798649691
1449991893848710450
1449991893898687099
1449991893948665768
1449991893998665222
1449991894048667426
1449991894098719190
1449991894148718827
1449991894198664135
1449991894248684497
1449991894298655003
1449991894348654113
1449991894398650796
1449991894448658188
1449991894498682222
1449991894548657521
1449991894598651560
1449991894648651525
1449991894698714539
1449991894748704835
1449991894798681864
1449991894848666110
1449991894898677831
1449991894948668991
1449991894998670217
1449991895048672647
1449991895098672017
1449991895148666609
1449991895198674732
1449991895248679384
1449991895298683511
1449991895348675732
1449991895398661903
1449991895448676513
1449991895498719421
1449991895548670719
1449991895598677900
1449991895648676846
1449991895698663036
1449991895748658991
1449991895798655010
1449991895848680315
1449991895898664222
1449991895948661743
1449991895998660236
1449991896048653824
1449991896098659059
1449991896148652641
1449991896198659331
1449991896248672422
1449991896298660436
1449991896348675034
1449991896398662640
1449991896448650771
1449991896498683002
1449991896548708815
1449991896598666832
1449991896648660519
1449991896698675080
1449991896748663199
1449991896798677819
1449991896848678919
1449991896898663976
1449991896948677114
1449991896998674309
1449991897048663080
1449991897098675368
1449991897148662754
1449991897198662165
1449991897248660498
1449991897298712865
1449991897348682801
1449991897398666597
1449991897448657891
