1449991806888995490
1449991806938978108
1449991806988955218
1449991807038969495
1449991807088966449
1449991807138953254
1449991807189138465
1449991807238967806
1449991807288957516
1449991807338974915
1449991807388972310
1449991807438955647
1449991807489016882
1449991807538968299
1449991807588952798
1449991807638948587
1449991807688994497
1449991807738966229
1449991807788958703
1449991807838973762
1449991807888964556
1449991807938964598
1449991807988973710
1449991808038969605
1449991808088951185
1449991808138964499
1449991808188976932
1449991808238947337
1449991808288945059
1449991808338943768
1449991808388945583
1449991808438963886
1449991808489014673
1449991808538973440
1449991808588964942
1449991808638956025
1449991808688946826
1449991808738944420
1449991808788953691
1449991808838947313
1449991808888983810
1449991808938973825
1449991808988967422
1449991809038964774
1449991809088964836
1449991809138964242
1449991809188969900
1449991809238965284
1449991809288954351
1449991809338970051
1449991809388971646
1449991809438969836
1449991809489005869
1449991809538979825
1449991809588974461
1449991809638968789
1449991809688967685
1449991809738971719
1449991809788966839
1449991809838967852
1449991809888969140
1449991809938968707
1449991809988971241
1449991810038974222
1449991810088966499
1449991810138960701
1449991810188943720
1449991810238963306
1449991810288964931
1449991810338963793
1449991810388963908
1449991810438962981
1449991810489006217
1449991810538970307
1449991810588965992
1449991810638964182
1449991810688974961
1449991810738967706
1449991810788965386
1449991810839007873
1449991810888971272
1449991810938966185
1449991810988962431
1449991811038963498
1449991811088964849
1449991811138963624
1449991811188962827
1449991811238962748
1449991811288963461
1449991811338963994
1449991811389008857
1449991811438969322
1449991811488992609
1449991811538953265
1449991811588961862
1449991811638953632
1449991811688949273
1449991811738942198
1449991811788943970
1449991811838942184
1449991811888943873
1449991811938941632
1449991811988944019
1449991812038943666
1449991812089007536
1449991812138967854
1449991812189010034
1449991812238952488
1449991812288992557
1449991812338952752
1449991812388962692
1449991812438952674
1449991812488992125
1449991812538952811
1449991812588964151
1449991812638944725
1449991812688952287
1449991812738904386
1449991812788961260
1449991812838963065
1449991812888952867
1449991812938962794
1449991812988961776
1449991813038949867
1449991813088961876
1449991813138955929
1449991813188953504
1449991813238966941
1449991813288962867
1449991813338962681
1449991813388961954
1449991813438963165
1449991813489006825
1449991813539013712
1449991813589007305
1449991813638968455
1449991813688965697
1449991813738966567
1449991813788965055
1449991813838967502
1449991813889011473
1449991813938972436
1449991813988966707
1449991814038966629
1449991814088963523
1449991814139010801
1449991814188968978
1449991814238965047
1449991814288962396
1449991814338962584
1449991814388957464
1449991814438967361
1449991814488984966
1449991814538972719
1449991814588950704
1449991814638962856
1449991814688991073
1449991814738956752
1449991814788966193
1449991814838970973
1449991814888959965
1449991814938982980
1449991814988961679
1449991815038953612
1449991815088951056
1449991815138953553
1449991815188952080
1449991815238959279
1449991815289004060
1449991815338971548
1449991815388977078
1449991815438977350
1449991815488973753
1449991815538957645
1449991815588956041
1449991815638953505
1449991815688986952
1449991815738958302
1449991815788962255
1449991815839012170
1449991815888971399
1449991815938957118
1449991815988947420
1449991816038946237
1449991816088951800
1449991816138951016
1449991816188949362
1449991816238951839
1449991816288973382
1449991816338956342
1449991816388951221
1449991816438974631
1449991816488950436
1449991816538946451
1449991816588946899
1449991816638954855
1449991816688955514
1449991816738952277
1449991816788951421
1449991816838948287
1449991816888945104
1449991816938966008
1449991816988956347
1449991817038952102
1449991817088971628
1449991817138947725
1449991817188950129
1449991817238957380
1449991817288951825
1449991817338955973
1449991817388953149
1449991817438951263
1449991817488969577
1449991817538969378
1449991817588963283
1449991817638965823
1449991817688969282
1449991817738969838
1449991817788963401
1449991817838971207
1449991817888985190
1449991817938949063
1449991817988953239
1449991818038946314
1449991818088975420
1449991818138947258
1449991818188952619
1449991818238988851
1449991818288948389
1449991818338975317
1449991818388972375
1449991818438953536
1449991818488961564
1449991818538954553
1449991818588952314
1449991818638956276
1449991818688952289
1449991818738954841
1449991818788968687
1449991818838966894
1449991818888962622
1449991818938962106
1449991818988961740
1449991819038943316
1449991819088942916
1449991819138972699
1449991819188965647
1449991819238947638
1449991819288966863
1449991819338966269
1449991819388957245
1449991819438954890
1449991819488953583
1449991819538966652
1449991819588959197
1449991819638950978
1449991819688950374
1449991819738951921
1449991819788970438
1449991819838957199
1449991819888955570
1449991819938983645
1449991819988969180
1449991820038972552
1449991820088968127
1449991820138976377
1449991820188971634
1449991820238962605
1449991820288950177
1449991820338971511
1449991820388968543
1449991820438953902
1449991820488956262
1449991820538967579
1449991820588959501
1449991820638952981
1449991820688948559
1449991820738951756
1449991820788963589
1449991820838961260
1449991820888954208
1449991820938951263
1449991820988951279
1449991821038952565
1449991821088952473
1449991821138954938
1449991821188955970
1449991821238953421
1449991821288951363
1449991821338945527
1449991821388946464
1449991821438952005
1449991821488950698
1449991821538949296
1449991821588947492
1449991821638941401
1449991821688950104
1449991821738943218
1449991821788950514
1449991821838948274
1449991821888947600
1449991821938945256
1449991821988946891
1449991822038944686
1449991822088942514
1449991822138944500
1449991822188943796
1449991822238973617
1449991822288951704
1449991822338952366
1449991822388952136
1449991822438947610
1449991822488966091
1449991822538979198
1449991822588958124
1449991822638957409
1449991822688956946
1449991822738964747
1449991822788954024
1449991822838957094
1449991822888969365
1449991822938954345
1449991822988954727
1449991823038996356
1449991823088973807
1449991823138970998
1449991823188955845
1449991823238975537
1449991823288955439
1449991823338953756
1449991823388950709
1449991823438950725
1449991823488987024
1449991823538973202
1449991823588959155
1449991823638953819
1449991823688979838
1449991823738958543
1449991823788947471
1449991823838950475
1449991823888954524
1449991823938944924
1449991823988954203
1449991824038952474
1449991824088951489
1449991824138974022
1449991824188956514
1449991824238945996
1449991824288951677
1449991824338954952
1449991824388971733
1449991824438958378
1449991824488998811
1449991824538972816
1449991824588956616
1449991824638953925
1449991824688957270
1449991824738959732
1449991824788947648
1449991824838956526
1449991824888975465
1449991824938955025
1449991824989001129
1449991825038984176
1449991825089008231
1449991825138992063
1449991825188968831
1449991825238972783
1449991825288951057
1449991825338960173
1449991825388946668
1449991825438952246
1449991825488952883
1449991825538991623
1449991825588967112
1449991825638963117
1449991825688982506
1449991825738956603
1449991825788976492
1449991825838952923
1449991825888967945
1449991825938964341
1449991825988953516
1449991826038949704
1449991826088973500
1449991826138999941
1449991826188955079
1449991826238976821
1449991826288963649
1449991826338969415
1449991826388955009
1449991826438964285
1449991826489007340
1449991826539008107
1449991826588974141
1449991826638968636
1449991826688996678
1449991826738970700
1449991826788971026
1449991826839011238
1449991826889021236
1449991826938966416
1449991826989006976
1449991827038980036
1449991827089007497
1449991827138980734
1449991827188979138
1449991827238992553
1449991827289010088
1449991827338957750
1449991827388949236
1449991827438972281
1449991827488963915
1449991827538969302
1449991827588959915
1449991827638974543
1449991827689012671
1449991827738961386
1449991827788963676
1449991827839005121
1449991827889009165
1449991827938953505
1449991827988962251
1449991828038962430
1449991828088977074
1449991828138965329
1449991828188965631
1449991828238974260
1449991828288954639
1449991828338951861
1449991828388950175
1449991828438939786
1449991828489000872
1449991828538957682
1449991828588989434
1449991828638968212
1449991828688992495
1449991828738953151
1449991828789003583
1449991828839014349
1449991828889011257
1449991828938957058
1449991828988945975
1449991829038963115
1449991829088963143
1449991829138949126
1449991829189000240
1449991829238970951
1449991829289008668
1449991829338970326
1449991829388966769
1449991829438969398
1449991829488979994
1449991829538966573
1449991829589004326
1449991829638970741
1449991829688977151
1449991829738971533
1449991829788964301
1449991829839006976
1449991829888971901
1449991829938967576
1449991829988963017
1449991830038961922
1449991830089002475
1449991830138981259
1449991830188970048
1449991830238963317
1449991830288944683
1449991830338942683
1449991830388961661
1449991830439008826
1449991830488981301
1449991830538980985
1449991830588964012
1449991830639005113
1449991830689001984
1449991830739014720
1449991830788973056
1449991830839007520
1449991830889015172
1449991830938952438
1449991830988973875
1449991831039008344
1449991831088962501
1449991831138953970
1449991831189006086
1449991831238959714
1449991831288956293
1449991831338951236
1449991831388954212
1449991831438950129
1449991831488954399
1449991831538974163
1449991831588953501
1449991831638968901
1449991831688963216
1449991831739011807
1449991831788961633
1449991831838971889
1449991831888967705
1449991831938955857
1449991831988969652
1449991832038967274
1449991832088956184
1449991832138969225
1449991832188967034
1449991832238971743
1449991832289000971
1449991832338961128
1449991832388957298
1449991832438948075
1449991832488950784
1449991832538968815
1449991832588951801
1449991832638949082
1449991832688942065
1449991832738945076
1449991832788949330
1449991832838999475
1449991832889003746
1449991832938978160
1449991832988956124
1449991833038968484
1449991833088959555
1449991833138946757
1449991833188964738
1449991833238970905
1449991833288967097
1449991833338980122
1449991833389006526
1449991833438975347
1449991833488972027
1449991833538955715
1449991833588944165
1449991833638968877
1449991833688967719
1449991833738955555
1449991833788971093
1449991833839008199
1449991833888973802
1449991833938967312
1449991833988962004
1449991834039010746
1449991834088971124
1449991834138964671
1449991834189009344
1449991834238974743
1449991834288953612
1449991834339009351
1449991834388971363
1449991834438966764
1449991834488992570
1449991834538958454
1449991834588957905
1449991834639009219
1449991834689014369
1449991834738978017
1449991834788970856
1449991834838974990
1449991834888984830
1449991834938969296
1449991834988963027
1449991835038965771
1449991835088963317
1449991835138976805
1449991835189011963
1449991835239019872
1449991835288970642
1449991835338968165
1449991835388963996
1449991835438965347
1449991835488964734
1449991835538971431
1449991835588971318
1449991835638968233
1449991835688967005
1449991835739043442
1449991835788973786
1449991835838995774
1449991835889008440
1449991835938953183
1449991835989010297
1449991836039015601
1449991836088975889
1449991836138973835
1449991836188953354
1449991836238968726
1449991836288957888
1449991836338972129
1449991836388968358
1449991836438983183
1449991836488961607
1449991836538972917
1449991836588956079
1449991836638964524
1449991836688965094
1449991836738946443
1449991836788943885
