1449991928221639406 1449991928221966192
1449991928271649265 1449991928272236516
1449991928321648922 1449991928322071490
1449991928371641542 1449991928371940528
1449991928421665983 1449991928422252281
1449991928471665794 1449991928472088626
1449991928521646797 1449991928522058815
1449991928571687563 1449991928572088229
1449991928621656594 1449991928622107864
1449991928671665693 1449991928672107307
1449991928721648246 1449991928721981684
1449991928771643069 1449991928771959718
1449991928821644288 1449991928821962885
1449991928871659006 1449991928872098444
1449991928921644819 1449991928922098367
1449991928971659557 1449991928972187731
1449991929021660220 1449991929021950020
1449991929071642654 1449991929071954252
1449991929121641750 1449991929121911029
1449991929171640213 1449991929171921229
1449991929221641025 1449991929221910390
1449991929271646702 1449991929272067179
1449991929321652457 1449991929322189273
1449991929371659912 1449991929372108393
1449991929421670068 1449991929422117109
1449991929471702257 1449991929472082439
1449991929521653765 1449991929521982143
1449991929571646945 1449991929572121470
1449991929621660249 1449991929621992763
1449991929671640417 1449991929671922253
1449991929721653698 1449991929721950177
1449991929771658967 1449991929772173219
1449991929821646491 1449991929821930119
1449991929871672263 1449991929872184758
1449991929921650226 1449991929921956864
1449991929971641900 1449991929971948716
1449991930021651707 1449991930022071418
1449991930071652096 1449991930072083921
1449991930121657159 1449991930122132867
1449991930171654467 1449991930172063304
1449991930221669386 1449991930222315989
1449991930271656481 1449991930271945042
1449991930321635933 1449991930321929311
1449991930371644012 1449991930371951488
1449991930421641688 1449991930421913082
1449991930471657369 1449991930472119229
1449991930521658195 1449991930522110687
1449991930571692832 1449991930572354024
1449991930621663403 1449991930622117977
1449991930671655192 1449991930672085391
1449991930721642107 1449991930721916509
1449991930771657052 1449991930772132323
1449991930821658247 1449991930822110127
1449991930871675884 1449991930872290488
1449991930921688287 1449991930922425774
1449991930971674013 1449991930972181069
1449991931021699723 1449991931022394882
1449991931071659165 1449991931072097205
1449991931121656711 1449991931122168802
1449991931171657210 1449991931172119672
1449991931221640691 1449991931222086461
1449991931271638076 1449991931272093595
1449991931321637797 1449991931322142220
1449991931371641537 1449991931371934579
1449991931421657504 1449991931422176785
1449991931471681173 1449991931472099548
1449991931521635400 1449991931522081642
1449991931571633213 1449991931572044883
1449991931621651683 1449991931622096381
1449991931671653659 1449991931672077596
1449991931721637848 1449991931722025744
1449991931771649168 1449991931772101744
1449991931821652624 1449991931822080651
1449991931871653851 1449991931872077144
1449991931921651791 1449991931922094869
1449991931971655351 1449991931972133565
1449991932021654928 1449991932022075144
1449991932071636197 1449991932072027046
1449991932121653561 1449991932122230963
1449991932171659298 1449991932172104962
1449991932221639271 1449991932222072827
1449991932271633028 1449991932272025107
1449991932321643694 1449991932322156392
1449991932371645753 1449991932372065448
1449991932421651892 1449991932422075886
1449991932471635733 1449991932472636187
1449991932521654627 1449991932522097862
1449991932571656446 1449991932572084924
1449991932621636412 1449991932622043932
1449991932671651594 1449991932672100388
1449991932721638098 1449991932722050379
1449991932771633021 1449991932772025428
1449991932821679137 1449991932822341749
1449991932871663273 1449991932872119684
1449991932921655199 1449991932922073758
1449991932971654810 1449991932972068327
1449991933021652195 1449991933022061463
1449991933071634453 1449991933072022596
1449991933121656113 1449991933122890555
1449991933171654457 1449991933172095404
1449991933221638720 1449991933222021210
1449991933271631906 1449991933272010116
1449991933321635305 1449991933322017892
1449991933371656116 1449991933372099841
1449991933421641866 1449991933422004872
1449991933471637557 1449991933472636772
1449991933521700124 1449991933522345800
1449991933571652016 1449991933572096634
1449991933621699298 1449991933622368461
1449991933671654571 1449991933672096389
1449991933721638082 1449991933722066159
1449991933771632928 1449991933771960357
1449991933821649063 1449991933822139641
1449991933871655248 1449991933872090986
1449991933921640576 1449991933922044729
1449991933971637604 1449991933972051840
1449991934021634849 1449991934022003548
1449991934071636785 1449991934072037369
1449991934121651022 1449991934122014679
1449991934171652754 1449991934172068128
1449991934221637968 1449991934222024003
1449991934271634892 1449991934272017503
1449991934321634252 1449991934322034640
1449991934371634705 1449991934372015996
1449991934421636610 1449991934421990389
1449991934471634971 1449991934471920198
1449991934521690275 1449991934522262678
1449991934571650439 1449991934571917648
1449991934621639399 1449991934621921119
1449991934671633918 1449991934671908548
1449991934721633845 1449991934721858284
1449991934771634441 1449991934772374826
1449991934821632759 1449991934822035502
1449991934871632603 1449991934872055749
1449991934921631211 1449991934922107240
1449991934971632132 1449991934972038085
1449991935021696379 1449991935022355265
1449991935071665162 1449991935072078342
1449991935121638430 1449991935122352645
1449991935171700585 1449991935172297021
1449991935221661655 1449991935222040571
1449991935271637555 1449991935272054447
1449991935321632562 1449991935322095939
1449991935371640728 1449991935372106077
1449991935421636216 1449991935422094752
1449991935471632636 1449991935472039986
1449991935521653284 1449991935522148153
1449991935571637476 1449991935572027297
1449991935621634461 1449991935622007663
1449991935671632611 1449991935672040529
1449991935721630140 1449991935722011752
1449991935771651303 1449991935771983319
1449991935821693881 1449991935822359944
1449991935871664429 1449991935872140688
1449991935921696085 1449991935922410107
1449991935971660783 1449991935972116192
1449991936021655483 1449991936022116538
1449991936071653092 1449991936072027394
1449991936121652772 1449991936122103367
1449991936171671940 1449991936172333791
1449991936221649133 1449991936222070489
1449991936271654534 1449991936272021886
1449991936321638813 1449991936322007148
1449991936371635076 1449991936372001814
1449991936421649346 1449991936422051424
1449991936471635740 1449991936472616232
1449991936521697287 1449991936522423724
1449991936571660876 1449991936572096083
1449991936621638968 1449991936622030893
1449991936671651020 1449991936672011851
1449991936721640046 1449991936722035145
1449991936771633162 1449991936771953996
1449991936821695936 1449991936822395989
1449991936871704670 1449991936872333001
1449991936921661828 1449991936922123260
1449991936971638306 1449991936972029693
1449991937021633586 1449991937022012742
1449991937071637968 1449991937071987901
1449991937121635166 1449991937122005933
1449991937171698621 1449991937172316492
1449991937221650246 1449991937222054068
1449991937271636373 1449991937272026353
1449991937321635141 1449991937322038729
1449991937371653858 1449991937372055742
1449991937421636988 1449991937422040987
1449991937471638159 1449991937472323853
1449991937521695714 1449991937522396840
1449991937571660712 1449991937572144228
1449991937621656915 1449991937622053377
1449991937671657334 1449991937672100101
1449991937721657763 1449991937722104479
1449991937771644207 1449991937772007574
1449991937821643306 1449991937822007805
1449991937871712000 1449991937872315855
1449991937921650903 1449991937922157879
1449991937971655368 1449991937971954060
1449991938021658503 1449991938022005401
1449991938071642535 1449991938071858205
1449991938121654627 1449991938122115034
1449991938171699553 1449991938172349142
1449991938221659013 1449991938222109190
1449991938271653963 1449991938272127974
1449991938321651929 1449991938322134640
1449991938371653628 1449991938372099722
1449991938421651153 1449991938421913184
1449991938471697453 1449991938472272954
1449991938521700872 1449991938522410634
1449991938571701712 1449991938572445451
1449991938621709965 1449991938622484458
1449991938671649927 1449991938672149256
1449991938721685770 1449991938722398733
1449991938771668449 1449991938771941364
1449991938821659259 1449991938822038708
1449991938871664302 1449991938871952803
1449991938921656295 1449991938921962793
1449991938971635421 1449991938971914996
1449991939021641357 1449991939021908563
1449991939071640716 1449991939071902848
1449991939121683502 1449991939122119260
1449991939171688468 1449991939172203576
1449991939221662377 1449991939221977149
1449991939271655583 1449991939271979599
1449991939321652150 1449991939321967969
1449991939371638879 1449991939371870999
1449991939421650539 1449991939421993817
1449991939471653614 1449991939471899236
1449991939521651266 1449991939521977787
1449991939571653483 1449991939571991469
1449991939621652415 1449991939622037118
1449991939671653041 1449991939672151570
1449991939721652785 1449991939722120343
1449991939771659121 1449991939772175455
1449991939821661372 1449991939822096460
1449991939871645287 1449991939871955738
1449991939921656786 1449991939922086126
1449991939971667622 1449991939972123041
1449991940021655282 1449991940022127947
1449991940071701034 1449991940072294907
1449991940121663600 1449991940122672334
1449991940171645280 1449991940172024931
1449991940221654633 1449991940222098613
1449991940271643823 1449991940272146977
1449991940321644700 1449991940321969325
1449991940371653411 1449991940372040680
1449991940421665095 1449991940422192417
1449991940471647345 1449991940472294679
1449991940521682434 1449991940522120442
1449991940571639356 1449991940571946362
1449991940621658930 1449991940622035774
1449991940671645524 1449991940671921433
1449991940721640681 1449991940722170335
1449991940771640412 1449991940771893310
1449991940821659941 1449991940822011703
1449991940871708305 1449991940872123125
1449991940921675612 1449991940922411855
1449991940971646615 1449991940972144747
1449991941021654190 1449991941022108119
1449991941071644509 1449991941072094616
1449991941121648389 1449991941122270874
1449991941171644368 1449991941172100880
1449991941221650066 1449991941222093257
1449991941271648848 1449991941272078756
1449991941321647379 1449991941322129245
1449991941371651443 1449991941372122330
1449991941421655353 1449991941422135796
1449991941471687681 1449991941472611963
1449991941521672829 1449991941522445624
1449991941571645144 1449991941572163536
1449991941621655168 1449991941622097715
1449991941671651164 1449991941672095467
1449991941721652465 1449991941722138850
1449991941771654136 1449991941772103421
1449991941821641452 1449991941822111778
1449991941871650975 1449991941872108599
1449991941921649844 1449991941922093540
1449991941971652431 1449991941972122807
1449991942021651928 1449991942022126143
1449991942071657201 1449991942072152497
1449991942121695038 1449991942122450815
1449991942171704658 1449991942172316415
1449991942221644426 1449991942222109611
1449991942271653244 1449991942272104704
1449991942321651171 1449991942322118841
1449991942371697274 1449991942372387358
1449991942421661470 1449991942422163929
1449991942471654733 1449991942472051222
1449991942521732314 1449991942522445457
1449991942571666740 1449991942572153530
1449991942621653952 1449991942622100010
1449991942671639935 1449991942672091368
1449991942721651786 1449991942722116059
1449991942771652129 1449991942772133887
1449991942821634336 1449991942822084767
1449991942871651844 1449991942872118418
1449991942921651655 1449991942922136891
1449991942971637103 1449991942972105525
1449991943021637833 1449991943022112145
1449991943071652046 1449991943072134487
1449991943121651206 1449991943122052810
1449991943171699878 1449991943172338331
1449991943221694403 1449991943222372036
1449991943271647081 1449991943272101704
1449991943321658775 1449991943322179569
1449991943371659054 1449991943372094578
1449991943421641482 1449991943422146981
1449991943471697644 1449991943472306965
1449991943521699730 1449991943522380830
1449991943571660352 1449991943572074598
1449991943621656227 1449991943622009835
1449991943671640102 1449991943672079388
1449991943721636796 1449991943722033569
1449991943771632578 1449991943772005864
1449991943821633488 1449991943822376876
1449991943871654427 1449991943872046175
1449991943921652781 1449991943922081626
1449991943971636084 1449991943972004439
1449991944021632033 1449991944022010080
1449991944071631600 1449991944071988489
1449991944121649001 1449991944122197210
1449991944171679231 1449991944172318947
1449991944221659644 1449991944222052719
1449991944271636871 1449991944272001140
1449991944321653874 1449991944322043253
1449991944371644755 1449991944372093555
1449991944421655778 1449991944422087603
1449991944471640304 1449991944472126957
1449991944521638955 1449991944521915277
1449991944571655748 1449991944572074795
1449991944621654928 1449991944622078237
1449991944671656626 1449991944672088605
1449991944721649435 1449991944722110029
1449991944771642216 1449991944772053542
1449991944821639580 1449991944821952603
1449991944871659067 1449991944872067961
1449991944921651894 1449991944922266240
1449991944971651705 1449991944971928350
1449991945021661049 1449991945022156479
1449991945071659691 1449991945072085950
1449991945121652148 1449991945121995065
1449991945171702002 1449991945172391161
1449991945221705425 1449991945222385179
1449991945271645210 1449991945272113224
1449991945321656383 1449991945322393982
1449991945371646559 1449991945372119414
1449991945421658561 1449991945422163362
1449991945471639609 1449991945472231868
1449991945521696790 1449991945522408781
1449991945571664084 1449991945572148879
1449991945621653017 1449991945622100367
1449991945671636223 1449991945672056015
1449991945721635386 1449991945722076994
1449991945771633958 1449991945772007728
1449991945821651018 1449991945822108217
1449991945871636092 1449991945872102890
1449991945921656242 1449991945922148010
1449991945971640631 1449991945972086983
1449991946021652790 1449991946022115536
1449991946071638483 1449991946072075916
1449991946121649429 1449991946122075428
1449991946171652540 1449991946172020708
1449991946221635820 1449991946222039044
1449991946271634729 1449991946271983901
1449991946321639926 1449991946321995856
1449991946371654186 1449991946372023366
1449991946421643159 1449991946422046864
1449991946471654453 1449991946472518441
1449991946521699941 1449991946522373828
1449991946571663015 1449991946572109858
1449991946621653622 1449991946622062284
1449991946671653746 1449991946672033624
1449991946721651449 1449991946722025083
1449991946771653676 1449991946772041221
1449991946821652070 1449991946822009757
1449991946871652626 1449991946872094655
1449991946921646206 1449991946922060666
1449991946971652776 1449991946972003260
1449991947021652657 1449991947022032959
1449991947071652601 1449991947072025025
1449991947121636195 1449991947121843299
1449991947171660408 1449991947172130206
1449991947221646274 1449991947222018104
1449991947271654277 1449991947272021426
1449991947321652942 1449991947322031607
1449991947371698423 1449991947372368375
1449991947421643186 1449991947421924860
1449991947471654546 1449991947472269290
1449991947521698170 1449991947522401845
1449991947571661224 1449991947572115531
1449991947621684969 1449991947622427713
1449991947671657094 1449991947672120862
1449991947721656003 1449991947722040027
1449991947771653582 1449991947772058390
1449991947821653500 1449991947822079546
1449991947871654230 1449991947872124111
1449991947921651849 1449991947922035672
1449991947971651633 1449991947972060660
1449991948021652329 1449991948022043052
1449991948071640504 1449991948072102892
1449991948121652446 1449991948122176283
1449991948171654428 1449991948172101665
1449991948221651496 1449991948222029166
1449991948271653141 1449991948272017547
1449991948321651352 1449991948322046210
1449991948371651801 1449991948372024963
1449991948421651508 1449991948422037513
1449991948471641724 1449991948471962842
1449991948521702266 1449991948522404027
1449991948571649949 1449991948572089358
1449991948621653124 1449991948622038831
1449991948671652330 1449991948672063068
1449991948721652248 1449991948722052318
1449991948771645100 1449991948771984382
1449991948821652254 1449991948822023492
1449991948871652135 1449991948872050916
1449991948921635960 1449991948922003195
1449991948971635386 1449991948971992265
1449991949021683009 1449991949022087499
1449991949071639401 1449991949072014034
1449991949121655205 1449991949122025371
1449991949171654662 1449991949172062957
1449991949221636659 1449991949222005081
1449991949271637642 1449991949271888063
1449991949321800072 1449991949322220199
1449991949371638491 1449991949371954301
1449991949421633178 1449991949421868529
1449991949471649796 1449991949472003610
1449991949521694218 1449991949522378763
1449991949571663165 1449991949572070916
1449991949621639506 1449991949622024917
1449991949671654816 1449991949672101896
1449991949721638246 1449991949722128046
1449991949771630794 1449991949772082588
1449991949821632893 1449991949822062557
1449991949871633660 1449991949872091471
1449991949921634012 1449991949922058895
1449991949971633586 1449991949972062150
1449991950021696062 1449991950022416882
1449991950071650383 1449991950072146163
1449991950121652786 1449991950121977900
1449991950171638352 1449991950172065153
1449991950221656060 1449991950222141998
1449991950271641301 1449991950272136347
1449991950321634888 1449991950322120235
1449991950371632784 1449991950372107029
1449991950421631707 1449991950422116519
1449991950471692205 1449991950472324442
1449991950521687098 1449991950522377390
1449991950571656494 1449991950572140541
1449991950621642871 1449991950622104123
1449991950671636939 1449991950672061528
1449991950721635871 1449991950722075334
1449991950771636477 1449991950772087653
1449991950821633595 1449991950822061325
1449991950871650632 1449991950872116782
1449991950921676378 1449991950922374497
1449991950971649944 1449991950971950681
1449991951021655233 1449991951022145060
1449991951071656771 1449991951072186178
1449991951121654110 1449991951122054140
1449991951171697078 1449991951172387186
1449991951221664152 1449991951222225006
1449991951271658881 1449991951272042404
1449991951321659808 1449991951322374882
1449991951371661623 1449991951372017435
1449991951421655357 1449991951422105932
1449991951471664974 1449991951472035707
1449991951521693012 1449991951522383002
1449991951571667201 1449991951572141413
1449991951621696963 1449991951622456378
1449991951671662787 1449991951672077280
1449991951721699475 1449991951722417807
1449991951771660652 1449991951772103282
1449991951821653450 1449991951822066536
1449991951871639286 1449991951872066448
1449991951921650159 1449991951922048184
1449991951971638443 1449991951972011719
1449991952021633176 1449991952022002269
1449991952071633749 1449991952071981858
1449991952121650364 1449991952122005797
1449991952171639047 1449991952172100800
1449991952221639937 1449991952222043274
1449991952271635662 1449991952271999463
1449991952321631504 1449991952322042763
1449991952371700147 1449991952372376039
1449991952421649330 1449991952422069112
1449991952471635163 1449991952472921054
1449991952521697943 1449991952522372171
1449991952571650156 1449991952572076482
1449991952621643399 1449991952622027964
1449991952671635422 1449991952672005982
1449991952721634718 1449991952721996238
1449991952771634496 1449991952772067377
1449991952821634467 1449991952822218812
1449991952871651223 1449991952872049118
1449991952921636588 1449991952922012076
1449991952971634438 1449991952972000604
1449991953021632618 1449991953022038889
1449991953071633054 1449991953072004776
1449991953121630620 1449991953122074893
1449991953171651371 1449991953172005958
1449991953221642529 1449991953222049164
1449991953271639663 1449991953271844028
1449991953321636664 1449991953321903625
1449991953371637729 1449991953371910678
1449991953421656974 1449991953422213689
1449991953471644119 1449991953471883968
1449991953521644961 1449991953521901439
1449991953571645837 1449991953571856062
1449991953621646238 1449991953622174014
1449991953671653807 1449991953672110292
1449991953721637585 1449991953722080085
1449991953771644930 1449991953772372863
1449991953821635312 1449991953821893976
1449991953871646365 1449991953871988273
1449991953921663506 1449991953922127004
1449991953971646051 1449991953971938078
1449991954021634699 1449991954021904637
1449991954071693103 1449991954072266028
1449991954121665617 1449991954122356878
1449991954171660693 1449991954172291386
1449991954221660016 1449991954222148734
1449991954271638634 1449991954271946734
1449991954321634897 1449991954321880566
1449991954371643277 1449991954371944693
1449991954421650009 1449991954422144810
1449991954471663253 1449991954472309328
1449991954521642641 1449991954521885530
1449991954571682897 1449991954572340882
1449991954621660925 1449991954622091264
1449991954671646524 1449991954671931349
1449991954721636680 1449991954721902170
1449991954771643892 1449991954771833064
1449991954821637436 1449991954821872942
1449991954871644061 1449991954871900008
1449991954921669001 1449991954922366947
1449991954971658218 1449991954972117823
1449991955021666285 1449991955022409720
1449991955071659177 1449991955072155241
1449991955121637662 1449991955122478138
1449991955171674781 1449991955172303433
1449991955221694437 1449991955222398917
1449991955271658891 1449991955272217197
1449991955321658999 1449991955322163196
1449991955371658794 1449991955372257604
1449991955421658788 1449991955422377982
1449991955471655766 1449991955473171501
1449991955521652153 1449991955522214848
1449991955571703561 1449991955572376696
1449991955621649573 1449991955622153685
1449991955671649010 1449991955671986718
1449991955721653329 1449991955722152011
1449991955771640326 1449991955771920549
1449991955821633128 1449991955821862686
1449991955871645928 1449991955871967589
1449991955921666947 1449991955922248041
1449991955971681905 1449991955972373914
1449991956021698859 1449991956022413101
1449991956071664108 1449991956072070973
1449991956121647522 1449991956122125799
1449991956171652989 1449991956172062985
1449991956221652197 1449991956222083169
1449991956271655881 1449991956272055064
1449991956321636780 1449991956321993032
1449991956371711892 1449991956371973922
1449991956421667147 1449991956422203854
1449991956471667904 1449991956472085919
1449991956521660627 1449991956522139560
1449991956571690177 1449991956572266861
1449991956621695123 1449991956622418001
1449991956671730020 1449991956672296070
1449991956721642383 1449991956721917705
1449991956771632386 1449991956771895138
1449991956821656210 1449991956822204934
1449991956871646471 1449991956871919747
1449991956921671624 1449991956922266994
1449991956971638121 1449991956971972000
1449991957021650028 1449991957022156332
1449991957071654633 1449991957071889607
1449991957121636503 1449991957122315519
1449991957171670405 1449991957172387574
1449991957221651637 1449991957222105556
1449991957271639294 1449991957271869530
1449991957321630029 1449991957321907945
1449991957371645383 1449991957371921821
1449991957421641327 1449991957421974950
1449991957471637628 1449991957471868359
1449991957521655095 1449991957522148982
1449991957571669691 1449991957572257628
1449991957621706983 1449991957622419672
1449991957671666409 1449991957672102214
1449991957721692553 1449991957722381742
1449991957771649834 1449991957772103265
1449991957821639081 1449991957822546882
1449991957871663505 1449991957872158243
1449991957921697717 1449991957922370071
1449991957971665525 1449991957972145627
1449991958021658848 1449991958022114621
1449991958071641756 1449991958071904439
1449991958121670587 1449991958122414347
