1449991897876889500 1449991897877154797
1449991897926899468 1449991897927184305
1449991897976884310 1449991897977148889
1449991898026888340 1449991898027116860
1449991898076892307 1449991898077162129
1449991898126896035 1449991898127143663
1449991898176892619 1449991898177122953
1449991898226894720 1449991898227193906
1449991898276892289 1449991898277169267
1449991898326892885 1449991898327143996
1449991898376885709 1449991898377171593
1449991898426892525 1449991898427157048
1449991898476894095 1449991898477172727
1449991898526893482 1449991898527246477
1449991898576894475 1449991898577163562
1449991898626895456 1449991898627188139
1449991898676896828 1449991898677180075
1449991898726897523 1449991898727180688
1449991898776895423 1449991898777198069
1449991898826894795 1449991898827175596
1449991898876894293 1449991898877197619
1449991898926888505 1449991898927178437
1449991898976887761 1449991898977170652
1449991899026892531 1449991899027172075
1449991899076892748 1449991899077197210
1449991899126887895 1449991899127145046
1449991899176886333 1449991899177162841
1449991899226888900 1449991899227179362
1449991899276888248 1449991899277173326
1449991899326894883 1449991899327179645
1449991899376893409 1449991899377169894
1449991899426889074 1449991899427167332
1449991899476903656 1449991899477262001
1449991899526888546 1449991899527170483
1449991899576889000 1449991899577182189
1449991899626916091 1449991899627177014
1449991899676899443 1449991899677162289
1449991899726899195 1449991899727257743
1449991899776893514 1449991899777110108
1449991899826892464 1449991899827157894
1449991899876891308 1449991899877149737
1449991899926880724 1449991899927119857
1449991899976881751 1449991899977118086
1449991900026888536 1449991900027139885
1449991900076887094 1449991900077175603
1449991900126886865 1449991900127144610
1449991900176889749 1449991900177221117
1449991900226892543 1449991900227175978
1449991900276895131 1449991900277182629
1449991900326895222 1449991900327177307
1449991900376920257 1449991900377305948
1449991900426893448 1449991900427184419
1449991900476891920 1449991900477177681
1449991900526892201 1449991900527179747
1449991900576891821 1449991900577166980
1449991900626893167 1449991900627189977
1449991900676911980 1449991900677345432
1449991900726899680 1449991900727154846
1449991900776894827 1449991900777155005
1449991900826910757 1449991900827436299
1449991900876917795 1449991900877375384
1449991900926902859 1449991900927251943
1449991900976908520 1449991900977348203
1449991901026895478 1449991901027269128
1449991901076945169 1449991901077423700
1449991901126907972 1449991901127504267
1449991901176948218 1449991901177579813
1449991901226914473 1449991901227356509
1449991901276951649 1449991901277411762
1449991901326910260 1449991901327372842
1449991901376910862 1449991901377307922
1449991901426905819 1449991901427295927
1449991901476906081 1449991901477275655
1449991901526893834 1449991901527266021
1449991901576896926 1449991901577381561
1449991901626899007 1449991901627194273
1449991901676888184 1449991901677149981
1449991901726884360 1449991901727173512
1449991901776910462 1449991901777241900
1449991901826918301 1449991901827570780
1449991901876948327 1449991901877601401
1449991901926908876 1449991901927366899
1449991901976899763 1449991901977361059
1449991902026908438 1449991902027370916
1449991902076908880 1449991902077531007
1449991902126917768 1449991902127524680
1449991902176922029 1449991902177598730
1449991902226900021 1449991902227296579
1449991902276887657 1449991902277245318
1449991902326894755 1449991902327394056
1449991902376914304 1449991902377370668
1449991902426893364 1449991902427234568
1449991902476887091 1449991902477322906
1449991902526885105 1449991902527296330
1449991902576884866 1449991902577246221
1449991902626888241 1449991902627276140
1449991902676884200 1449991902677239709
1449991902726884008 1449991902727256649
1449991902776894950 1449991902777231209
1449991902826949432 1449991902827620573
1449991902876915951 1449991902877355377
1449991902926914960 1449991902927334434
1449991902976910314 1449991902977284569
1449991903026889732 1449991903027253446
1449991903076886720 1449991903077257006
1449991903126908300 1449991903127533083
1449991903176908338 1449991903177274528
1449991903226909061 1449991903227317968
1449991903276893724 1449991903277359139
1449991903326892782 1449991903327147950
1449991903376891377 1449991903377168461
1449991903426896568 1449991903427136689
1449991903476893028 1449991903477139356
1449991903526887520 1449991903527136879
1449991903576893635 1449991903577145166
1449991903626935936 1449991903627458931
1449991903676939876 1449991903677497831
1449991903726900074 1449991903727155024
1449991903776889562 1449991903777095655
1449991903826886526 1449991903827118635
1449991903876887668 1449991903877144073
1449991903926888415 1449991903927129722
1449991903976890711 1449991903977168040
1449991904026888949 1449991904027155469
1449991904076905883 1449991904077363130
1449991904126894567 1449991904127237877
1449991904176910660 1449991904177360967
1449991904226896172 1449991904227152862
1449991904276905326 1449991904277258687
1449991904326895381 1449991904327158549
1449991904376892511 1449991904377150679
1449991904426892649 1449991904427145833
1449991904476911744 1449991904477398484
1449991904526911632 1449991904527497339
1449991904576912709 1449991904577330088
1449991904626946714 1449991904627530858
1449991904676950323 1449991904677565758
1449991904726913992 1449991904727349453
1449991904776947597 1449991904777402777
1449991904826909919 1449991904827302906
1449991904876891637 1449991904877135236
1449991904926917920 1449991904927178449
1449991904976894948 1449991904977175866
1449991905026897977 1449991905027246795
1449991905076913631 1449991905077365171
1449991905126941976 1449991905127519133
1449991905176912377 1449991905177288400
1449991905226907357 1449991905227347057
1449991905276953410 1449991905277584898
1449991905326900276 1449991905327185120
1449991905376909289 1449991905377361554
1449991905426890860 1449991905427163216
1449991905476897986 1449991905477165643
1449991905526893586 1449991905527169065
1449991905576897354 1449991905577219489
1449991905626912670 1449991905627382746
1449991905676900090 1449991905677182660
1449991905726893023 1449991905727171788
1449991905776887965 1449991905777153119
1449991905826893614 1449991905827188046
1449991905876887707 1449991905877186984
1449991905926894492 1449991905927167943
1449991905976893267 1449991905977164953
1449991906026895326 1449991906027179389
1449991906076898966 1449991906077188945
1449991906126895543 1449991906127166719
1449991906176896926 1449991906177190578
1449991906226895708 1449991906227197684
1449991906276895886 1449991906277187502
1449991906326895998 1449991906327176647
1449991906376895511 1449991906377277935
1449991906426925855 1449991906427462884
1449991906476931579 1449991906477189584
1449991906526886318 1449991906527244318
1449991906576906137 1449991906577308817
1449991906626894843 1449991906627166181
1449991906676910717 1449991906677377806
1449991906726900818 1449991906727171840
1449991906776895993 1449991906777128502
1449991906826908439 1449991906827528782
1449991906876900733 1449991906877276121
1449991906926888807 1449991906927189554
1449991906976889131 1449991906977148788
1449991907026885593 1449991907027206250
1449991907076910469 1449991907077394062
1449991907126889711 1449991907127348672
1449991907176886826 1449991907177172211
1449991907226894258 1449991907227326097
1449991907276908996 1449991907277226684
1449991907326894098 1449991907327188943
1449991907376911060 1449991907377418924
1449991907426911058 1449991907427332737
1449991907476895985 1449991907477159522
1449991907526909226 1449991907527359190
1449991907576894665 1449991907577229046
1449991907626896814 1449991907627196034
1449991907676888089 1449991907677110082
1449991907726889564 1449991907727274276
1449991907776895722 1449991907777291433
1449991907826890068 1449991907827188411
1449991907876890577 1449991907877300499
1449991907926896522 1449991907927263009
1449991907976930299 1449991907977191239
1449991908026891640 1449991908027117729
1449991908076912118 1449991908077396232
1449991908126914919 1449991908127272980
1449991908176896329 1449991908177172911
1449991908226886788 1449991908227120763
1449991908276891854 1449991908277288215
1449991908326896302 1449991908327402232
1449991908376895094 1449991908377370047
1449991908426897659 1449991908427186526
1449991908476944425 1449991908477644695
1449991908526917789 1449991908527506814
1449991908576895198 1449991908577180304
1449991908626885941 1449991908627125613
1449991908676889765 1449991908677166744
1449991908726893903 1449991908727357684
1449991908776888020 1449991908777118452
1449991908826884572 1449991908827133099
1449991908876891656 1449991908877144142
1449991908926890236 1449991908927180373
1449991908976894923 1449991908977147549
1449991909026917883 1449991909027144630
1449991909076890457 1449991909077106251
1449991909126895610 1449991909127134156
1449991909176888462 1449991909177117354
1449991909226889646 1449991909227074907
1449991909276891104 1449991909277124707
1449991909326887255 1449991909327110011
1449991909376895334 1449991909377197867
1449991909426893684 1449991909427134531
1449991909476883826 1449991909477070596
1449991909526917742 1449991909527129831
1449991909576894374 1449991909577154066
1449991909626923208 1449991909627248911
1449991909676915718 1449991909677290448
1449991909726907267 1449991909727267203
1449991909776896912 1449991909777252618
1449991909826887293 1449991909827119331
1449991909876909142 1449991909877178717
1449991909926898580 1449991909927170833
1449991909976905938 1449991909977153739
1449991910026894326 1449991910027140728
1449991910076906869 1449991910077320647
1449991910126948775 1449991910127446286
1449991910176950240 1449991910177442115
1449991910226901915 1449991910227261454
1449991910276906908 1449991910277190968
1449991910326907086 1449991910327177563
1449991910376911404 1449991910377200215
1449991910426913360 1449991910427221886
1449991910476947011 1449991910477450081
1449991910526917078 1449991910527279282
1449991910576908647 1449991910577199853
1449991910626896844 1449991910627200733
1449991910676905545 1449991910677164439
1449991910726894579 1449991910727174082
1449991910776895218 1449991910777160643
1449991910826903772 1449991910827194778
1449991910876913419 1449991910877317946
1449991910926921064 1449991910927295330
1449991910976894151 1449991910977210829
1449991911026883366 1449991911027068107
1449991911076916914 1449991911077235847
1449991911126855745 1449991911127093238
1449991911176904814 1449991911177244507
1449991911226913438 1449991911227178524
1449991911276946899 1449991911277313086
1449991911326896648 1449991911327129028
1449991911376894078 1449991911377194397
1449991911426897229 1449991911427176727
1449991911476942714 1449991911477383209
1449991911526961964 1449991911527424097
1449991911576933423 1449991911577419404
1449991911626929966 1449991911627393490
1449991911676948403 1449991911677467693
1449991911726898999 1449991911727133039
1449991911776935129 1449991911777461123
1449991911826957270 1449991911827420844
1449991911876950249 1449991911877379251
1449991911926943755 1449991911927425564
1449991911976898678 1449991911977120501
1449991912026910730 1449991912027285291
1449991912076904414 1449991912077217061
1449991912126897962 1449991912127113866
1449991912176886275 1449991912177091063
1449991912226887229 1449991912227109095
1449991912276892938 1449991912277126086
1449991912326919401 1449991912327282100
1449991912376901239 1449991912377100939
1449991912426895922 1449991912427135320
1449991912476895680 1449991912477136008
1449991912526895333 1449991912527155371
1449991912576893985 1449991912577140133
1449991912626894033 1449991912627142538
1449991912676895122 1449991912677156102
1449991912726896276 1449991912727147592
1449991912776888162 1449991912777128844
1449991912826895965 1449991912827143654
1449991912876895361 1449991912877154657
1449991912926894584 1449991912927258392
1449991912976890095 1449991912977236961
1449991913026884935 1449991913027246785
1449991913076932588 1449991913077419067
1449991913126905345 1449991913127216850
1449991913176916848 1449991913177346856
1449991913226904164 1449991913227175372
1449991913276914044 1449991913277333923
1449991913326905692 1449991913327190769
1449991913376900942 1449991913377195433
1449991913426893393 1449991913427140528
1449991913476891589 1449991913477159035
1449991913526887925 1449991913527280231
1449991913576903762 1449991913577226307
1449991913626917672 1449991913627396227
1449991913676949699 1449991913677444517
1449991913726915610 1449991913727289003
1449991913776911161 1449991913777267034
1449991913826947535 1449991913827438023
1449991913876898883 1449991913877239351
1449991913926906337 1449991913927217463
1449991913976916278 1449991913977293864
1449991914026933973 1449991914027410774
1449991914076941104 1449991914077446051
1449991914126903593 1449991914127168469
1449991914176888454 1449991914177112727
1449991914226888904 1449991914227130983
1449991914276892193 1449991914277122240
1449991914326892042 1449991914327113062
1449991914376884221 1449991914377131142
1449991914426912585 1449991914427252756
1449991914476948534 1449991914477449994
1449991914526898422 1449991914527191106
1449991914576907304 1449991914577194511
1449991914626900312 1449991914627453931
1449991914676937177 1449991914677420032
1449991914726901074 1449991914727114454
1449991914776894827 1449991914777231711
1449991914826920315 1449991914827131751
1449991914876917805 1449991914877472441
1449991914926923991 1449991914927300268
1449991914976922412 1449991914977263331
1449991915026951102 1449991915027319056
1449991915076899977 1449991915077181806
1449991915126895336 1449991915127139461
1449991915176893528 1449991915177082811
1449991915226903890 1449991915227149657
1449991915276900966 1449991915277092233
1449991915326917333 1449991915327331231
1449991915376957693 1449991915377443317
1449991915426906598 1449991915427230101
1449991915476942437 1449991915477431202
1449991915526957339 1449991915527375691
1449991915576906238 1449991915577178026
1449991915626911060 1449991915627190236
1449991915676950805 1449991915677443194
1449991915726899193 1449991915727085391
1449991915776915060 1449991915777267546
1449991915826915289 1449991915827230419
1449991915876900997 1449991915877137138
1449991915926902569 1449991915927258158
1449991915976893009 1449991915977159362
1449991916026895526 1449991916027081138
1449991916076898941 1449991916077202971
1449991916126895368 1449991916127225353
1449991916176908643 1449991916177229343
1449991916226905357 1449991916227178680
1449991916276913396 1449991916277254189
1449991916326912669 1449991916327209619
1449991916376897707 1449991916377150029
1449991916426895316 1449991916427085457
1449991916476918657 1449991916477317461
1449991916526913958 1449991916527309842
1449991916576900457 1449991916577120567
1449991916626895376 1449991916627142889
1449991916676903551 1449991916677285604
1449991916726915694 1449991916727292538
1449991916776904685 1449991916777175054
1449991916826919695 1449991916827343406
1449991916876905277 1449991916877147992
1449991916926892344 1449991916927080932
1449991916976900208 1449991916977189459
1449991917026897113 1449991917027165120
1449991917076895604 1449991917077091712
1449991917126935015 1449991917127425981
1449991917176894524 1449991917177132661
1449991917226897728 1449991917227119004
1449991917276911846 1449991917277134270
1449991917326941571 1449991917327401751
1449991917376898504 1449991917377108566
1449991917426900922 1449991917427230419
1449991917476909215 1449991917477216205
1449991917526890812 1449991917527096124
1449991917576907006 1449991917577166438
1449991917626899344 1449991917627183652
1449991917676899095 1449991917677340231
1449991917726911427 1449991917727186496
1449991917776915591 1449991917777294701
1449991917826901895 1449991917827258577
1449991917876892241 1449991917877244389
1449991917926894088 1449991917927138997
1449991917976904702 1449991917977243453
1449991918026894814 1449991918027236449
1449991918076893628 1449991918077110282
1449991918127086191 1449991918127692224
1449991918176913153 1449991918177210414
1449991918226914818 1449991918227254431
1449991918276909531 1449991918277128773
1449991918326894249 1449991918327109043
1449991918376896175 1449991918377139141
1449991918426898061 1449991918427113861
1449991918476910552 1449991918477215239
1449991918526920569 1449991918527156760
1449991918576910941 1449991918577261794
1449991918626898913 1449991918627128193
1449991918676894511 1449991918677130938
1449991918726895596 1449991918727134548
1449991918776894128 1449991918777131250
1449991918826924760 1449991918827390519
1449991918876921043 1449991918877285593
1449991918926922905 1449991918927293539
1449991918976910452 1449991918977191242
1449991919026907072 1449991919027259214
1449991919076895440 1449991919077130289
1449991919126914782 1449991919127212474
1449991919176916474 1449991919177196649
1449991919226918346 1449991919227271373
1449991919276913767 1449991919277235533
1449991919326894019 1449991919327067282
1449991919376907142 1449991919377177324
1449991919426907671 1449991919427185728
1449991919476902844 1449991919477299796
1449991919526919211 1449991919527216283
1449991919576911140 1449991919577189582
1449991919626923676 1449991919627172341
1449991919676917394 1449991919677158571
1449991919726904408 1449991919727150798
1449991919776906050 1449991919777218598
1449991919826907190 1449991919827196820
1449991919876951195 1449991919877439468
1449991919926917339 1449991919927295106
1449991919976913469 1449991919977190443
1449991920026907012 1449991920027261028
1449991920076905146 1449991920077202536
1449991920126950998 1449991920127514361
1449991920176952429 1449991920177428264
1449991920226946691 1449991920227453690
1449991920276903013 1449991920277247771
1449991920326908794 1449991920327258350
1449991920376895609 1449991920377241603
1449991920426913013 1449991920427276343
1449991920476949844 1449991920477473010
1449991920526919016 1449991920527246622
1449991920576892641 1449991920577203586
1449991920626904392 1449991920627248505
1449991920676890679 1449991920677226463
1449991920726905334 1449991920727197319
1449991920776889345 1449991920777216306
1449991920826908407 1449991920827262095
1449991920876948302 1449991920877442051
1449991920926917269 1449991920927353535
1449991920976908988 1449991920977193126
1449991921026898202 1449991921027184157
1449991921076903629 1449991921077195200
1449991921126909073 1449991921127253580
1449991921176926497 1449991921177336466
1449991921226900611 1449991921227129553
1449991921276914479 1449991921277119783
1449991921326885152 1449991921327086233
1449991921376898476 1449991921377161279
1449991921426896542 1449991921427109577
1449991921476910970 1449991921477280975
1449991921526897997 1449991921527147115
1449991921576898671 1449991921577200589
1449991921626938225 1449991921627405027
1449991921676922605 1449991921677299549
1449991921726901959 1449991921727233163
1449991921776898598 1449991921777114257
1449991921826921233 1449991921827295628
1449991921876923363 1449991921877297166
1449991921926901876 1449991921927144085
1449991921976933715 1449991921977348119
1449991922026899246 1449991922027146729
1449991922076925686 1449991922077405049
1449991922126940721 1449991922127474541
1449991922176900074 1449991922177216120
1449991922226899794 1449991922227250519
1449991922276907527 1449991922277196104
1449991922326905206 1449991922327407919
1449991922376898938 1449991922377084143
1449991922426889398 1449991922427076631
1449991922476894048 1449991922477138753
1449991922526900481 1449991922527184882
1449991922576920100 1449991922577347455
1449991922626898576 1449991922627137065
1449991922676892647 1449991922677121636
1449991922726910231 1449991922727219910
1449991922776907603 1449991922777228845
1449991922826907414 1449991922827209289
1449991922876910800 1449991922877258886
1449991922926906886 1449991922927213818
1449991922976892976 1449991922977218958
1449991923026900354 1449991923027158372
1449991923076905346 1449991923077210722
1449991923126918083 1449991923127374481
1449991923176918110 1449991923177244818
1449991923226888683 1449991923227114369
1449991923276913435 1449991923277155654
1449991923326913747 1449991923327120392
1449991923376895352 1449991923377191135
1449991923426915559 1449991923427287709
1449991923476945829 1449991923477422539
1449991923526900487 1449991923527152769
1449991923576886019 1449991923577196099
1449991923626888496 1449991923627189873
1449991923676885457 1449991923677138594
1449991923726885221 1449991923727107606
1449991923776906314 1449991923777173099
1449991923826917247 1449991923827467932
1449991923876919259 1449991923877241917
1449991923926893866 1449991923927076691
1449991923976910252 1449991923977343437
1449991924026897265 1449991924027148172
1449991924076897173 1449991924077140372
1449991924126898103 1449991924127209943
1449991924176912562 1449991924177144919
1449991924226912924 1449991924227238095
1449991924276912538 1449991924277215030
1449991924326907929 1449991924327177908
1449991924376912734 1449991924377198993
1449991924426907704 1449991924427220797
1449991924476901091 1449991924477301395
1449991924526919243 1449991924527190491
1449991924576886564 1449991924577090175
1449991924626885404 1449991924627082753
1449991924676899025 1449991924677331178
1449991924726899754 1449991924727132893
1449991924776912979 1449991924777282213
1449991924826917317 1449991924827274961
1449991924876897530 1449991924877242828
1449991924926897859 1449991924927189750
1449991924976890016 1449991924977144188
1449991925026883853 1449991925027223022
1449991925076892123 1449991925077235689
1449991925126911452 1449991925127245863
1449991925176890295 1449991925177219488
1449991925226895762 1449991925227099262
1449991925276888016 1449991925277110153
1449991925326912496 1449991925327136417
1449991925376892387 1449991925377117915
1449991925426940091 1449991925427366388
1449991925476949551 1449991925477428814
1449991925526895618 1449991925527103807
1449991925576911998 1449991925577163974
1449991925626913880 1449991925627181888
1449991925676898051 1449991925677121150
1449991925726912366 1449991925727217087
1449991925776910220 1449991925777201680
1449991925826894181 1449991925827109583
1449991925876910710 1449991925877327719
1449991925926928702 1449991925927361055
1449991925976893069 1449991925977062493
1449991926026911028 1449991926027201901
1449991926076913655 1449991926077215246
1449991926126915487 1449991926127232446
1449991926176951019 1449991926177436450
1449991926226901400 1449991926227092942
1449991926276910935 1449991926277244561
1449991926326898224 1449991926327077560
1449991926376894308 1449991926377069924
1449991926426910254 1449991926427250896
1449991926476897686 1449991926477082352
1449991926526888307 1449991926527115849
1449991926576909085 1449991926577226030
1449991926626908321 1449991926627160550
1449991926676896636 1449991926677077152
1449991926726909086 1449991926727190303
1449991926776907223 1449991926777156381
1449991926826939865 1449991926827415082
1449991926876912925 1449991926877207633
1449991926926898875 1449991926927112855
1449991926976893308 1449991926977104041
1449991927026898662 1449991927027174843
1449991927076911557 1449991927077311367
1449991927126908913 1449991927127208888
1449991927176895240 1449991927177120955
1449991927226913128 1449991927227283073
1449991927276908542 1449991927277208806
1449991927326885612 1449991927327079810
1449991927376893585 1449991927377084121
1449991927426930784 1449991927427415178
1449991927476899086 1449991927477129420
1449991927526897349 1449991927527139087
1449991927576914033 1449991927577303716
1449991927626902302 1449991927627189991
1449991927676895221 1449991927677113356
1449991927726892161 1449991927727111942
1449991927776893445 1449991927777110106
