1449991594543081785 1449991594543413073
1449991594593133490 1449991594593580513
1449991594643092813 1449991594643434911
1449991594693082768 1449991594693419912
1449991594743092545 1449991594743450309
1449991594793089930 1449991594793351784
1449991594843111871 1449991594843609596
1449991594893093985 1449991594893407192
1449991594943090085 1449991594943405930
1449991594993123021 1449991594993581700
1449991595043096772 1449991595043395246
1449991595093098404 1449991595093363371
1449991595143093391 1449991595143347791
1449991595193087051 1449991595193354995
1449991595243085883 1449991595243392759
1449991595293088119 1449991595293386426
1449991595343090934 1449991595343374076
1449991595393094707 1449991595393463687
1449991595443073721 1449991595443284819
1449991595493125292 1449991595493535923
1449991595543095927 1449991595543388644
1449991595593086557 1449991595593391652
1449991595643082382 1449991595643411913
1449991595693083426 1449991595693376975
1449991595743082275 1449991595743374487
1449991595793069347 1449991595793257886
1449991595843095992 1449991595843487987
1449991595893070983 1449991595893230877
1449991595943080937 1449991595943443479
1449991595993083992 1449991595993321320
1449991596043092823 1449991596043411290
1449991596093092113 1449991596093332369
1449991596143094542 1449991596143452807
1449991596193083306 1449991596193365826
1449991596243089227 1449991596243407875
1449991596293119791 1449991596293320349
1449991596343087787 1449991596343342370
1449991596393085586 1449991596393403634
1449991596443084519 1449991596443384572
1449991596493133969 1449991596493435036
1449991596543074175 1449991596543308203
1449991596593125138 1449991596593594913
1449991596643091643 1449991596643306247
1449991596693086199 1449991596693281285
1449991596743087420 1449991596743274719
1449991596793082911 1449991596793263741
1449991596843084352 1449991596843252908
1449991596893084180 1449991596893278572
1449991596943085534 1449991596943275027
1449991596993087617 1449991596993388295
1449991597043074146 1449991597043228635
1449991597093070810 1449991597093262214
1449991597143071670 1449991597143287173
1449991597193125398 1449991597193530102
1449991597243135937 1449991597243503807
1449991597293079101 1449991597293319380
1449991597343129177 1449991597343580213
1449991597393133846 1449991597393474728
1449991597443098507 1449991597443578004
1449991597493092311 1449991597493436010
1449991597543087568 1449991597543435484
1449991597593077146 1449991597593295875
1449991597643071543 1449991597643295942
1449991597693088828 1449991597693493604
1449991597743100650 1449991597743462707
1449991597793094327 1449991597793360333
1449991597843090553 1449991597843388071
1449991597893089335 1449991597893340110
1449991597943089263 1449991597943365275
1449991597993092515 1449991597993439785
1449991598043076032 1449991598043285293
1449991598093089684 1449991598093421259
1449991598143081011 1449991598143316473
1449991598193090566 1449991598193466919
1449991598243089288 1449991598243440441
1449991598293129934 1449991598293613716
1449991598343094024 1449991598343395565
1449991598393086385 1449991598393294234
1449991598443076729 1449991598443505670
1449991598493129819 1449991598493558180
1449991598543080653 1449991598543335758
1449991598593070929 1449991598593273207
1449991598643086639 1449991598643333325
1449991598693075335 1449991598693277981
1449991598743091222 1449991598743421895
1449991598793086463 1449991598793361777
1449991598843075026 1449991598843284550
1449991598893070835 1449991598893265590
1449991598943074207 1449991598943291703
1449991598993070983 1449991598993358423
1449991599043071333 1449991599043286873
1449991599093086374 1449991599093510540
1449991599143077471 1449991599143287638
1449991599193109562 1449991599193529790
1449991599243081229 1449991599243300944
1449991599293071701 1449991599293299362
1449991599343070989 1449991599343289875
1449991599393075958 1449991599393317293
1449991599443069914 1449991599443257063
1449991599493073206 1449991599493299421
1449991599543092546 1449991599543445202
1449991599593089688 1449991599593315520
1449991599643090554 1449991599643386151
1449991599693098801 1449991599693374605
1449991599743089274 1449991599743387547
1449991599793070805 1449991599793251849
1449991599843076032 1449991599843322867
1449991599893085059 1449991599893337123
1449991599943068733 1449991599943244231
1449991599993088997 1449991599993398579
1449991600043076351 1449991600043261706
1449991600093068632 1449991600093301795
1449991600143080261 1449991600143375821
1449991600193073101 1449991600193290918
1449991600243075129 1449991600243263715
1449991600293072174 1449991600293287993
1449991600343082538 1449991600343308853
1449991600393073429 1449991600393284523
1449991600443089995 1449991600443287950
1449991600493069742 1449991600493289005
1449991600543065393 1449991600543285437
1449991600593122215 1449991600593480043
1449991600643089609 1449991600643309688
1449991600693084880 1449991600693264839
1449991600743085442 1449991600743266087
1449991600793084535 1449991600793399499
1449991600843131730 1449991600843589778
1449991600893087160 1449991600893308716
1449991600943068001 1449991600943308483
1449991600993063145 1449991600993270719
1449991601043062421 1449991601043202407
1449991601093111160 1449991601093410635
1449991601143093550 1449991601143439739
1449991601193078732 1449991601193293214
1449991601243123809 1449991601243609169
1449991601293124502 1449991601293484622
1449991601343089491 1449991601343309100
1449991601393067659 1449991601393207982
1449991601443082458 1449991601443328381
1449991601493126338 1449991601493591456
1449991601543076752 1449991601543293002
1449991601593066766 1449991601593327163
1449991601643066879 1449991601643334173
1449991601693088414 1449991601693426294
1449991601743103156 1449991601743388650
1449991601793127105 1449991601793544965
1449991601843077069 1449991601843285572
1449991601893093087 1449991601893466790
1449991601943136470 1449991601943549312
1449991601993141376 1449991601993567736
1449991602043100224 1449991602043727820
1449991602093076002 1449991602093269788
1449991602143069532 1449991602143252002
1449991602193070345 1449991602193291719
1449991602243063904 1449991602243298567
1449991602293089371 1449991602293313778
1449991602343072020 1449991602343361357
1449991602393094545 1449991602393296677
1449991602443072321 1449991602443244054
1449991602493073287 1449991602493285945
1449991602543074905 1449991602543307881
1449991602593088926 1449991602593448602
1449991602643097056 1449991602643435867
1449991602693112262 1449991602693411595
1449991602743094486 1449991602743437744
1449991602793075366 1449991602793360661
1449991602843099176 1449991602843375187
1449991602893113787 1449991602893571715
1449991602943131389 1449991602943434150
1449991602993126532 1449991602993571107
1449991603043085257 1449991603043425389
1449991603093074834 1449991603093301077
1449991603143089795 1449991603143500771
1449991603193127333 1449991603193542357
1449991603243130381 1449991603243492361
1449991603293116955 1449991603293534067
1449991603343096671 1449991603343542808
1449991603393091273 1449991603393415849
1449991603443086250 1449991603443346005
1449991603493088750 1449991603493500219
1449991603543079123 1449991603543367406
1449991603593070692 1449991603593325847
1449991603643064452 1449991603643369901
1449991603693066024 1449991603693347555
1449991603743065313 1449991603743339625
1449991603793068472 1449991603793260744
1449991603843071864 1449991603843405504
1449991603893089704 1449991603893401955
1449991603943079247 1449991603943506008
1449991603993093758 1449991603993439221
1449991604043069508 1449991604043268407
1449991604093087597 1449991604093442344
1449991604143077041 1449991604143406197
1449991604193092577 1449991604193429575
1449991604243079731 1449991604243275293
1449991604293085523 1449991604293419475
1449991604343067453 1449991604343256042
1449991604393070618 1449991604393264790
1449991604443086263 1449991604443349737
1449991604493098803 1449991604493446908
1449991604543095266 1449991604543461199
1449991604593096133 1449991604593465216
1449991604643077283 1449991604643484818
1449991604693082327 1449991604693405650
1449991604743083535 1449991604743412427
1449991604793077750 1449991604793439643
1449991604843083220 1449991604843478720
1449991604893116928 1449991604893501757
1449991604943131673 1449991604943595244
1449991604993090454 1449991604993462658
1449991605043087946 1449991605043362453
1449991605093073124 1449991605093248707
1449991605143068750 1449991605143223483
1449991605193071703 1449991605193267935
1449991605243088757 1449991605243465835
1449991605293117129 1449991605293558302
1449991605343080586 1449991605343332056
1449991605393077372 1449991605393443107
1449991605443100355 1449991605443392340
1449991605493089712 1449991605493436366
1449991605543095173 1449991605543420163
1449991605593073027 1449991605593335682
1449991605643071720 1449991605643242494
1449991605693087927 1449991605693410902
1449991605743094864 1449991605743382285
1449991605793075192 1449991605793272594
1449991605843089742 1449991605843403229
1449991605893074811 1449991605893252423
1449991605943090536 1449991605943399692
1449991605993080455 1449991605993395318
1449991606043081692 1449991606043374375
1449991606093069544 1449991606093238016
1449991606143069210 1449991606143222283
1449991606193064235 1449991606193228076
1449991606243062521 1449991606243216378
1449991606293069575 1449991606293246168
1449991606343069093 1449991606343243614
1449991606393069699 1449991606393251169
1449991606443063622 1449991606443233597
1449991606493068703 1449991606493261042
1449991606543065163 1449991606543253986
1449991606593072110 1449991606593255335
1449991606643070735 1449991606643256108
1449991606693065090 1449991606693239318
1449991606743089225 1449991606743357068
1449991606793075638 1449991606793285636
1449991606843077841 1449991606843315493
1449991606893070062 1449991606893287259
1449991606943062721 1449991606943231342
1449991606993071274 1449991606993239397
1449991607043075446 1449991607043263915
1449991607093072783 1449991607093275580
1449991607143069749 1449991607143245687
1449991607193069514 1449991607193251205
1449991607243091709 1449991607243238515
1449991607293071172 1449991607293261991
1449991607343068935 1449991607343239573
1449991607393069551 1449991607393242686
1449991607443070845 1449991607443279157
1449991607493071860 1449991607493233729
1449991607543094642 1449991607543268497
1449991607593090191 1449991607593244125
1449991607643069599 1449991607643224808
1449991607693064764 1449991607693222101
1449991607743072836 1449991607743218760
1449991607793098781 1449991607793473691
1449991607843095963 1449991607843348328
1449991607893077749 1449991607893268291
1449991607943076763 1449991607943273706
1449991607993090658 1449991607993403587
1449991608043100134 1449991608043454965
1449991608093130203 1449991608093474166
1449991608143078788 1449991608143260169
1449991608193071451 1449991608193231663
1449991608243065416 1449991608243225909
1449991608293073898 1449991608293249529
1449991608343071784 1449991608343231279
1449991608393071577 1449991608393229430
1449991608443065874 1449991608443266321
1449991608493072497 1449991608493242173
1449991608543090148 1449991608543254723
1449991608593090587 1449991608593383732
1449991608643078504 1449991608643280287
1449991608693079391 1449991608693309008
1449991608743070654 1449991608743267305
1449991608793069057 1449991608793254307
1449991608843078558 1449991608843301331
1449991608893073538 1449991608893264481
1449991608943072614 1449991608943260393
1449991608993071859 1449991608993269224
1449991609043071987 1449991609043265442
1449991609093070537 1449991609093210429
1449991609143065844 1449991609143254036
1449991609193045711 1449991609193194617
1449991609243077144 1449991609243412013
1449991609293114069 1449991609293417086
1449991609343080576 1449991609343269374
1449991609393090872 1449991609393419541
1449991609443092608 1449991609443380083
1449991609493126269 1449991609493465073
1449991609543093382 1449991609543428943
1449991609593101976 1449991609593529910
1449991609643109832 1449991609643425006
1449991609693132932 1449991609693515536
1449991609743096919 1449991609743415147
1449991609793093345 1449991609793482441
1449991609843095729 1449991609843382990
1449991609893086349 1449991609893421589
1449991609943078030 1449991609943261653
1449991609993069752 1449991609993247560
1449991610043090506 1449991610043442059
1449991610093092127 1449991610093390451
1449991610143091444 1449991610143384298
1449991610193079745 1449991610193392875
1449991610243075868 1449991610243280446
1449991610293092057 1449991610293326694
1449991610343094384 1449991610343289595
1449991610393065264 1449991610393243196
1449991610443070190 1449991610443239988
1449991610493065449 1449991610493236373
1449991610543090071 1449991610543383483
1449991610593071943 1449991610593244504
1449991610643072424 1449991610643309176
1449991610693139207 1449991610693497034
1449991610743092257 1449991610743270511
1449991610793075879 1449991610793309241
1449991610843127143 1449991610843493123
1449991610893227506 1449991610893557978
1449991610943094699 1449991610943341447
1449991610993096952 1449991610993398639
1449991611043134211 1449991611043501464
1449991611093078336 1449991611093269690
1449991611143071970 1449991611143253678
1449991611193119960 1449991611193537226
1449991611243132847 1449991611243503096
1449991611293080961 1449991611293623106
1449991611343075914 1449991611343239805
1449991611393087144 1449991611393368164
1449991611443074864 1449991611443271846
1449991611493069687 1449991611493230786
1449991611543069401 1449991611543228722
1449991611593075035 1449991611593273355
1449991611643071458 1449991611643374753
1449991611693063787 1449991611693256483
1449991611743088643 1449991611743352936
1449991611793075386 1449991611793271977
1449991611843069828 1449991611843285304
1449991611893062199 1449991611893249649
1449991611943072524 1449991611943273748
1449991611993087614 1449991611993416370
1449991612043092153 1449991612043387502
1449991612093067851 1449991612093258785
1449991612143074509 1449991612143279559
1449991612193124443 1449991612193474831
1449991612243131935 1449991612243528144
1449991612293096155 1449991612293423039
1449991612343071093 1449991612343211937
1449991612393069048 1449991612393239519
1449991612443067885 1449991612443219233
1449991612493092243 1449991612493246961
1449991612543068977 1449991612543215940
1449991612593071187 1449991612593283775
1449991612643070587 1449991612643273710
1449991612693078092 1449991612693273725
1449991612743069458 1449991612743255943
1449991612793123507 1449991612793499002
1449991612843095301 1449991612843351008
1449991612893091551 1449991612893362508
1449991612943073297 1449991612943341131
1449991612993091473 1449991612993330909
1449991613043098013 1449991613043376183
1449991613093093688 1449991613093355030
1449991613143063437 1449991613143360921
1449991613193091368 1449991613193405039
1449991613243087775 1449991613243367248
1449991613293082184 1449991613293350445
1449991613343094416 1449991613343390868
1449991613393108710 1449991613393493164
1449991613443092391 1449991613443372689
1449991613493081070 1449991613493374729
1449991613543077648 1449991613543258254
1449991613593076315 1449991613593262500
1449991613643071038 1449991613643261977
1449991613693071599 1449991613693288022
1449991613743092192 1449991613743390023
1449991613793070340 1449991613793222295
1449991613843082969 1449991613843310252
1449991613893080715 1449991613893254260
1449991613943074487 1449991613943245105
1449991613993078524 1449991613993272403
1449991614043076791 1449991614043250873
1449991614093074262 1449991614093250667
1449991614143074250 1449991614143262599
1449991614193081750 1449991614193328185
1449991614243089626 1449991614243423179
1449991614293093736 1449991614293384242
1449991614343080713 1449991614343274939
1449991614393096181 1449991614393442997
1449991614443080389 1449991614443317972
1449991614493071939 1449991614493253370
1449991614543092278 1449991614543304352
1449991614593089324 1449991614593406901
1449991614643095665 1449991614643405323
1449991614693123885 1449991614693561040
1449991614743094544 1449991614743475527
1449991614793084078 1449991614793356211
1449991614843071865 1449991614843322055
1449991614893072351 1449991614893329741
1449991614943100185 1449991614943385068
1449991614993080540 1449991614993305676
1449991615043072480 1449991615043265569
1449991615093074800 1449991615093258122
1449991615143078862 1449991615143266444
1449991615193073142 1449991615193256541
1449991615243091052 1449991615243390007
1449991615293118199 1449991615293482925
1449991615343078898 1449991615343345986
1449991615393090074 1449991615393393348
1449991615443086023 1449991615443273544
1449991615493075589 1449991615493221871
1449991615543067325 1449991615543251033
1449991615593110429 1449991615593409484
1449991615643098366 1449991615643249355
1449991615693085445 1449991615693352626
1449991615743073065 1449991615743234284
1449991615793092290 1449991615793384566
1449991615843092104 1449991615843333658
1449991615893089753 1449991615893336060
1449991615943074487 1449991615943235191
1449991615993062633 1449991615993240299
1449991616043073177 1449991616043290895
1449991616093090691 1449991616093511418
1449991616143085287 1449991616143292973
1449991616193063686 1449991616193268141
1449991616243078332 1449991616243298174
1449991616293124039 1449991616293426339
1449991616343092903 1449991616343368618
1449991616393135781 1449991616393443876
1449991616443074413 1449991616443260465
1449991616493086242 1449991616493389643
1449991616543075848 1449991616543237962
1449991616593076901 1449991616593256893
1449991616643125752 1449991616643472317
1449991616693078247 1449991616693342757
1449991616743071431 1449991616743262423
1449991616793077268 1449991616793273681
1449991616843090056 1449991616843392960
1449991616893078293 1449991616893306675
1449991616943070752 1449991616943259822
1449991616993087725 1449991616993396061
1449991617043071672 1449991617043253014
1449991617093071792 1449991617093232451
1449991617143073617 1449991617143243155
1449991617193085448 1449991617193495277
1449991617243072070 1449991617243241365
1449991617293071100 1449991617293244796
1449991617343062798 1449991617343218561
1449991617393070273 1449991617393250049
1449991617443072285 1449991617443219439
1449991617493070680 1449991617493244990
1449991617543070065 1449991617543235129
1449991617593063491 1449991617593231139
1449991617643066880 1449991617643244631
1449991617693068388 1449991617693257188
1449991617743074642 1449991617743256449
1449991617793072813 1449991617793240234
1449991617843072441 1449991617843247787
1449991617893070675 1449991617893271532
1449991617943072491 1449991617943261020
1449991617993072409 1449991617993231346
1449991618043064642 1449991618043272714
1449991618093092821 1449991618093241737
1449991618143072341 1449991618143237174
1449991618193090722 1449991618193263188
1449991618243093790 1449991618243292148
1449991618293071757 1449991618293257508
1449991618343069989 1449991618343262611
1449991618393070802 1449991618393239710
1449991618443069187 1449991618443245448
1449991618493072175 1449991618493262035
1449991618543070993 1449991618543251857
1449991618593071995 1449991618593251071
1449991618643071340 1449991618643254597
1449991618693070147 1449991618693213534
1449991618743069771 1449991618743247689
1449991618793073432 1449991618793278930
1449991618843066797 1449991618843230739
1449991618893068298 1449991618893259091
1449991618943068502 1449991618943240107
1449991618993070670 1449991618993233464
1449991619043068344 1449991619043228906
1449991619093068556 1449991619093256151
1449991619143068771 1449991619143278844
1449991619193061601 1449991619193222873
1449991619243077529 1449991619243454453
1449991619293078875 1449991619293249099
1449991619343070103 1449991619343238378
1449991619393065487 1449991619393231223
1449991619443071906 1449991619443236052
1449991619493072643 1449991619493237977
1449991619543075071 1449991619543247846
1449991619593072513 1449991619593282038
1449991619643071456 1449991619643248529
1449991619693091496 1449991619693258287
1449991619743071876 1449991619743217930
1449991619793072906 1449991619793260936
1449991619843076390 1449991619843281310
1449991619893070974 1449991619893257175
1449991619943087610 1449991619943385185
1449991619993075808 1449991619993241166
1449991620043073239 1449991620043256526
1449991620093071720 1449991620093247540
1449991620143070811 1449991620143239592
1449991620193091205 1449991620193403429
1449991620243100133 1449991620243406287
1449991620293074680 1449991620293224585
1449991620343068067 1449991620343246939
1449991620393119401 1449991620393474005
1449991620443093046 1449991620443340547
1449991620493125447 1449991620493488447
1449991620543105149 1449991620543470070
1449991620593120706 1449991620593407997
1449991620643090175 1449991620643336339
1449991620693070739 1449991620693307485
1449991620743064910 1449991620743310062
1449991620793079699 1449991620793306552
1449991620843078422 1449991620843277089
1449991620893074817 1449991620893258441
1449991620943073199 1449991620943287856
1449991620993087735 1449991620993358180
1449991621043096697 1449991621043399674
1449991621093077262 1449991621093246752
1449991621143087523 1449991621143359296
1449991621193094693 1449991621193386862
1449991621243090577 1449991621243363135
1449991621293077082 1449991621293251095
1449991621343079146 1449991621343325595
1449991621393079334 1449991621393351891
1449991621443086815 1449991621443339287
1449991621493091554 1449991621493376550
1449991621543085649 1449991621543356922
1449991621593076068 1449991621593250794
1449991621643071369 1449991621643255506
1449991621693122439 1449991621693487193
1449991621743077883 1449991621743349238
1449991621793099079 1449991621793411821
1449991621843093387 1449991621843386398
1449991621893113792 1449991621893516805
1449991621943092638 1449991621943371985
1449991621993126122 1449991621993503411
1449991622043078581 1449991622043300990
1449991622093071996 1449991622093260897
1449991622143069673 1449991622143241910
1449991622193069838 1449991622193243784
1449991622243070122 1449991622243240066
1449991622293069664 1449991622293272270
1449991622343070644 1449991622343277957
1449991622393068524 1449991622393237599
1449991622443064217 1449991622443261568
1449991622493071422 1449991622493279984
1449991622543070287 1449991622543265209
1449991622593073030 1449991622593278522
1449991622643091915 1449991622643249043
1449991622693065205 1449991622693213531
1449991622743077639 1449991622743312699
1449991622793081421 1449991622793286831
1449991622843071887 1449991622843220953
1449991622893093106 1449991622893283876
1449991622943090560 1449991622943323034
1449991622993132049 1449991622993459929
1449991623043093055 1449991623043258781
1449991623093083131 1449991623093242515
1449991623143083714 1449991623143319568
1449991623193122650 1449991623193495341
1449991623243089459 1449991623243265067
1449991623293082702 1449991623293228778
1449991623343081805 1449991623343246334
1449991623393097004 1449991623393447187
1449991623443092842 1449991623443283735
1449991623493084648 1449991623493312027
1449991623543085759 1449991623543287179
1449991623593081744 1449991623593346301
1449991623643083506 1449991623643303712
1449991623693086000 1449991623693323545
1449991623743084127 1449991623743304874
1449991623793086013 1449991623793361133
1449991623843073075 1449991623843275580
1449991623893064376 1449991623893265806
1449991623943065333 1449991623943283499
1449991623993064529 1449991623993252225
1449991624043076688 1449991624043276261
1449991624093115932 1449991624093348006
1449991624143117430 1449991624143365329
1449991624193135763 1449991624193422242
1449991624243132211 1449991624243419559
1449991624293128823 1449991624293417299
1449991624343106497 1449991624343473372
1449991624393117303 1449991624393529384
1449991624443092351 1449991624443331690
