1449991594543081785
1449991594593133490
1449991594643092813
1449991594693082768
1449991594743092545
1449991594793089930
1449991594843111871
1449991594893093985
1449991594943090085
1449991594993123021
1449991595043096772
1449991595093098404
1449991595143093391
1449991595193087051
1449991595243085883
1449991595293088119
1449991595343090934
1449991595393094707
1449991595443073721
1449991595493125292
1449991595543095927
1449991595593086557
1449991595643082382
1449991595693083426
1449991595743082275
1449991595793069347
1449991595843095992
1449991595893070983
1449991595943080937
1449991595993083992
1449991596043092823
1449991596093092113
1449991596143094542
1449991596193083306
1449991596243089227
1449991596293119791
1449991596343087787
1449991596393085586
1449991596443084519
1449991596493133969
1449991596543074175
1449991596593125138
1449991596643091643
1449991596693086199
1449991596743087420
1449991596793082911
1449991596843084352
1449991596893084180
1449991596943085534
1449991596993087617
1449991597043074146
1449991597093070810
1449991597143071670
1449991597193125398
1449991597243135937
1449991597293079101
1449991597343129177
1449991597393133846
1449991597443098507
1449991597493092311
1449991597543087568
1449991597593077146
1449991597643071543
1449991597693088828
1449991597743100650
1449991597793094327
1449991597843090553
1449991597893089335
1449991597943089263
1449991597993092515
1449991598043076032
1449991598093089684
1449991598143081011
1449991598193090566
1449991598243089288
1449991598293129934
1449991598343094024
1449991598393086385
1449991598443076729
1449991598493129819
1449991598543080653
1449991598593070929
1449991598643086639
1449991598693075335
1449991598743091222
1449991598793086463
1449991598843075026
1449991598893070835
1449991598943074207
1449991598993070983
1449991599043071333
1449991599093086374
1449991599143077471
1449991599193109562
1449991599243081229
1449991599293071701
1449991599343070989
1449991599393075958
1449991599443069914
1449991599493073206
1449991599543092546
1449991599593089688
1449991599643090554
1449991599693098801
1449991599743089274
1449991599793070805
1449991599843076032
1449991599893085059
1449991599943068733
1449991599993088997
1449991600043076351
1449991600093068632
1449991600143080261
1449991600193073101
1449991600243075129
1449991600293072174
1449991600343082538
1449991600393073429
1449991600443089995
1449991600493069742
1449991600543065393
1449991600593122215
1449991600643089609
1449991600693084880
1449991600743085442
1449991600793084535
1449991600843131730
1449991600893087160
1449991600943068001
1449991600993063145
1449991601043062421
1449991601093111160
1449991601143093550
1449991601193078732
1449991601243123809
1449991601293124502
1449991601343089491
1449991601393067659
1449991601443082458
1449991601493126338
1449991601543076752
1449991601593066766
1449991601643066879
1449991601693088414
1449991601743103156
1449991601793127105
1449991601843077069
1449991601893093087
1449991601943136470
1449991601993141376
1449991602043100224
1449991602093076002
1449991602143069532
1449991602193070345
1449991602243063904
1449991602293089371
1449991602343072020
1449991602393094545
1449991602443072321
1449991602493073287
1449991602543074905
1449991602593088926
1449991602643097056
1449991602693112262
1449991602743094486
1449991602793075366
1449991602843099176
1449991602893113787
1449991602943131389
1449991602993126532
1449991603043085257
1449991603093074834
1449991603143089795
1449991603193127333
1449991603243130381
1449991603293116955
1449991603343096671
1449991603393091273
1449991603443086250
1449991603493088750
1449991603543079123
1449991603593070692
1449991603643064452
1449991603693066024
1449991603743065313
1449991603793068472
1449991603843071864
1449991603893089704
1449991603943079247
1449991603993093758
1449991604043069508
1449991604093087597
1449991604143077041
1449991604193092577
1449991604243079731
1449991604293085523
1449991604343067453
1449991604393070618
1449991604443086263
1449991604493098803
1449991604543095266
1449991604593096133
1449991604643077283
1449991604693082327
1449991604743083535
1449991604793077750
1449991604843083220
1449991604893116928
1449991604943131673
1449991604993090454
1449991605043087946
1449991605093073124
1449991605143068750
1449991605193071703
1449991605243088757
1449991605293117129
1449991605343080586
1449991605393077372
1449991605443100355
1449991605493089712
1449991605543095173
1449991605593073027
1449991605643071720
1449991605693087927
1449991605743094864
1449991605793075192
1449991605843089742
1449991605893074811
1449991605943090536
1449991605993080455
1449991606043081692
1449991606093069544
1449991606143069210
1449991606193064235
1449991606243062521
1449991606293069575
1449991606343069093
1449991606393069699
1449991606443063622
1449991606493068703
1449991606543065163
1449991606593072110
1449991606643070735
1449991606693065090
1449991606743089225
1449991606793075638
1449991606843077841
1449991606893070062
1449991606943062721
1449991606993071274
1449991607043075446
1449991607093072783
1449991607143069749
1449991607193069514
1449991607243091709
1449991607293071172
1449991607343068935
1449991607393069551
1449991607443070845
1449991607493071860
1449991607543094642
1449991607593090191
1449991607643069599
1449991607693064764
1449991607743072836
1449991607793098781
1449991607843095963
1449991607893077749
1449991607943076763
1449991607993090658
1449991608043100134
1449991608093130203
1449991608143078788
1449991608193071451
1449991608243065416
1449991608293073898
1449991608343071784
1449991608393071577
1449991608443065874
1449991608493072497
1449991608543090148
1449991608593090587
1449991608643078504
1449991608693079391
1449991608743070654
1449991608793069057
1449991608843078558
1449991608893073538
1449991608943072614
1449991608993071859
1449991609043071987
1449991609093070537
1449991609143065844
1449991609193045711
1449991609243077144
1449991609293114069
1449991609343080576
1449991609393090872
1449991609443092608
1449991609493126269
1449991609543093382
1449991609593101976
1449991609643109832
1449991609693132932
1449991609743096919
1449991609793093345
1449991609843095729
1449991609893086349
1449991609943078030
1449991609993069752
1449991610043090506
1449991610093092127
1449991610143091444
1449991610193079745
1449991610243075868
1449991610293092057
1449991610343094384
1449991610393065264
1449991610443070190
1449991610493065449
1449991610543090071
1449991610593071943
1449991610643072424
1449991610693139207
1449991610743092257
1449991610793075879
1449991610843127143
1449991610893227506
1449991610943094699
1449991610993096952
1449991611043134211
1449991611093078336
1449991611143071970
1449991611193119960
1449991611243132847
1449991611293080961
1449991611343075914
1449991611393087144
1449991611443074864
1449991611493069687
1449991611543069401
1449991611593075035
1449991611643071458
1449991611693063787
1449991611743088643
1449991611793075386
1449991611843069828
1449991611893062199
1449991611943072524
1449991611993087614
1449991612043092153
1449991612093067851
1449991612143074509
1449991612193124443
1449991612243131935
1449991612293096155
1449991612343071093
1449991612393069048
1449991612443067885
1449991612493092243
1449991612543068977
1449991612593071187
1449991612643070587
1449991612693078092
1449991612743069458
1449991612793123507
1449991612843095301
1449991612893091551
1449991612943073297
1449991612993091473
1449991613043098013
1449991613093093688
1449991613143063437
1449991613193091368
1449991613243087775
1449991613293082184
1449991613343094416
1449991613393108710
1449991613443092391
1449991613493081070
1449991613543077648
1449991613593076315
1449991613643071038
1449991613693071599
1449991613743092192
1449991613793070340
1449991613843082969
1449991613893080715
1449991613943074487
1449991613993078524
1449991614043076791
1449991614093074262
1449991614143074250
1449991614193081750
1449991614243089626
1449991614293093736
1449991614343080713
1449991614393096181
1449991614443080389
1449991614493071939
1449991614543092278
1449991614593089324
1449991614643095665
1449991614693123885
1449991614743094544
1449991614793084078
1449991614843071865
1449991614893072351
1449991614943100185
1449991614993080540
1449991615043072480
1449991615093074800
1449991615143078862
1449991615193073142
1449991615243091052
1449991615293118199
1449991615343078898
1449991615393090074
1449991615443086023
1449991615493075589
1449991615543067325
1449991615593110429
1449991615643098366
1449991615693085445
1449991615743073065
1449991615793092290
1449991615843092104
1449991615893089753
1449991615943074487
1449991615993062633
1449991616043073177
1449991616093090691
1449991616143085287
1449991616193063686
1449991616243078332
1449991616293124039
1449991616343092903
1449991616393135781
1449991616443074413
1449991616493086242
1449991616543075848
1449991616593076901
1449991616643125752
1449991616693078247
1449991616743071431
1449991616793077268
1449991616843090056
1449991616893078293
1449991616943070752
1449991616993087725
1449991617043071672
1449991617093071792
1449991617143073617
1449991617193085448
1449991617243072070
1449991617293071100
1449991617343062798
1449991617393070273
1449991617443072285
1449991617493070680
1449991617543070065
1449991617593063491
1449991617643066880
1449991617693068388
1449991617743074642
1449991617793072813
1449991617843072441
1449991617893070675
1449991617943072491
1449991617993072409
1449991618043064642
1449991618093092821
1449991618143072341
1449991618193090722
1449991618243093790
1449991618293071757
1449991618343069989
1449991618393070802
1449991618443069187
1449991618493072175
1449991618543070993
1449991618593071995
1449991618643071340
1449991618693070147
1449991618743069771
1449991618793073432
1449991618843066797
1449991618893068298
1449991618943068502
1449991618993070670
1449991619043068344
1449991619093068556
1449991619143068771
1449991619193061601
1449991619243077529
1449991619293078875
1449991619343070103
1449991619393065487
1449991619443071906
1449991619493072643
1449991619543075071
1449991619593072513
1449991619643071456
1449991619693091496
1449991619743071876
1449991619793072906
1449991619843076390
1449991619893070974
1449991619943087610
1449991619993075808
1449991620043073239
1449991620093071720
1449991620143070811
1449991620193091205
1449991620243100133
1449991620293074680
1449991620343068067
1449991620393119401
1449991620443093046
1449991620493125447
1449991620543105149
1449991620593120706
1449991620643090175
1449991620693070739
1449991620743064910
1449991620793079699
1449991620843078422
1449991620893074817
1449991620943073199
1449991620993087735
1449991621043096697
1449991621093077262
1449991621143087523
1449991621193094693
1449991621243090577
1449991621293077082
1449991621343079146
1449991621393079334
1449991621443086815
1449991621493091554
1449991621543085649
1449991621593076068
1449991621643071369
1449991621693122439
1449991621743077883
1449991621793099079
1449991621843093387
1449991621893113792
1449991621943092638
1449991621993126122
1449991622043078581
1449991622093071996
1449991622143069673
1449991622193069838
1449991622243070122
1449991622293069664
1449991622343070644
1449991622393068524
1449991622443064217
1449991622493071422
1449991622543070287
1449991622593073030
1449991622643091915
1449991622693065205
1449991622743077639
1449991622793081421
1449991622843071887
1449991622893093106
1449991622943090560
1449991622993132049
1449991623043093055
1449991623093083131
1449991623143083714
1449991623193122650
1449991623243089459
1449991623293082702
1449991623343081805
1449991623393097004
1449991623443092842
1449991623493084648
1449991623543085759
1449991623593081744
1449991623643083506
1449991623693086000
1449991623743084127
1449991623793086013
1449991623843073075
1449991623893064376
1449991623943065333
1449991623993064529
1449991624043076688
1449991624093115932
1449991624143117430
1449991624193135763
1449991624243132211
1449991624293128823
1449991624343106497
1449991624393117303
1449991624443092351
