1449991412538522885
1449991412588533638
1449991412638495630
1449991412688528018
1449991412738529947
1449991412788534438
1449991412838530628
1449991412888469281
1449991412938532274
1449991412988532459
1449991413038485551
1449991413088524046
1449991413138524625
1449991413188529127
1449991413238534684
1449991413288536326
1449991413338529575
1449991413388531477
1449991413438483086
1449991413488524448
1449991413538531679
1449991413588527009
1449991413638488797
1449991413688479424
1449991413738492843
1449991413788487946
1449991413838479582
1449991413888477996
1449991413938523036
1449991413988490384
1449991414038479814
1449991414088465692
1449991414138516901
1449991414188491625
1449991414238464143
1449991414288482220
1449991414338475937
1449991414388466839
1449991414438486691
1449991414488526616
1449991414538527088
1449991414588528142
1449991414638492589
1449991414688491081
1449991414738485245
1449991414788462832
1449991414838484924
1449991414888484170
1449991414938467122
1449991414988469410
1449991415038511463
1449991415088471420
1449991415138507056
1449991415188495898
1449991415238482917
1449991415288521405
1449991415338544205
1449991415388540562
1449991415438546637
1449991415488502424
1449991415538488220
1449991415588525743
1449991415638469187
1449991415688649333
1449991415738526312
1449991415788469189
1449991415838484416
1449991415888481464
1449991415938461880
1449991415988470230
1449991416038483403
1449991416088489090
1449991416138490922
1449991416188487082
1449991416238516446
1449991416288486339
1449991416338484383
1449991416388484869
1449991416438498925
1449991416488614418
1449991416538475241
1449991416588467744
1449991416638478715
1449991416688525275
1449991416738469895
1449991416788519050
1449991416838525884
1449991416888470241
1449991416938461756
1449991416988463675
1449991417038462421
1449991417088468878
1449991417138474899
1449991417188467594
1449991417238462023
1449991417288465469
1449991417338487269
1449991417388491190
1449991417438526638
1449991417488468077
1449991417538488277
1449991417588518393
1449991417638522865
1449991417688510592
1449991417738494948
1449991417788521406
1449991417838468661
1449991417888472552
1449991417938491853
1449991417988496795
1449991418038522431
1449991418088522339
1449991418138470601
1449991418188524801
1449991418238513683
1449991418288523854
1449991418338527688
1449991418388478832
1449991418438522846
1449991418488526439
1449991418538498500
1449991418588513048
1449991418638487605
1449991418688520270
1449991418738529065
1449991418788487161
1449991418838491964
1449991418888529096
1449991418938529334
1449991418988511619
1449991419038531445
1449991419088529245
1449991419138463391
1449991419188469996
1449991419238477864
1449991419288520153
1449991419338485794
1449991419388494741
1449991419438524694
1449991419488529386
1449991419538467230
1449991419588477825
1449991419638483863
1449991419688488054
1449991419738482603
1449991419788473661
1449991419838526893
1449991419888483820
1449991419938523895
1449991419988483716
1449991420038534131
1449991420088521741
1449991420138527205
1449991420188490042
1449991420238482449
1449991420288477429
1449991420338524982
1449991420388488310
1449991420438526154
1449991420488523225
1449991420538491528
1449991420588524407
1449991420638529246
1449991420688485786
1449991420738479813
1449991420788473804
1449991420838478263
1449991420888476807
1449991420938527530
1449991420988527334
1449991421038527309
1449991421088510930
1449991421138493372
1449991421188485538
1449991421238483565
1449991421288523086
1449991421338473404
1449991421388527439
1449991421438484737
1449991421488480969
1449991421538524573
1449991421588531844
1449991421638484097
1449991421688476678
1449991421738521939
1449991421788528632
1449991421838531487
1449991421888523306
1449991421938486043
1449991421988480231
1449991422038479023
1449991422088519770
1449991422138528919
1449991422188484960
1449991422238483134
1449991422288488755
1449991422338484413
1449991422388529356
1449991422438532134
1449991422488487855
1449991422538526190
1449991422588533074
1449991422638491247
1449991422688527454
1449991422738513082
1449991422788526758
1449991422838486595
1449991422888531839
1449991422938526849
1449991422988526312
1449991423038523988
1449991423088510639
1449991423138526874
1449991423188485034
1449991423238479456
1449991423288474760
1449991423338492321
1449991423388470940
1449991423438479405
1449991423488479115
1449991423538475054
1449991423588476569
1449991423638477088
1449991423688524316
1449991423738517111
1449991423788518275
1449991423838530301
1449991423888529367
1449991423938528773
1449991423988530378
1449991424038513441
1449991424088525286
1449991424138529220
1449991424188505637
1449991424238492820
1449991424288497565
1449991424338529118
1449991424388526904
1449991424438497833
1449991424488532042
1449991424538496927
1449991424588528824
1449991424638528455
1449991424688529608
1449991424738530696
1449991424788522154
1449991424838529045
1449991424888529460
1449991424938472383
1449991424988498128
1449991425038528923
1449991425088485499
1449991425138519985
1449991425188475138
1449991425238492095
1449991425288524563
1449991425338529643
1449991425388511954
1449991425438486945
1449991425488529212
1449991425538528472
1449991425588484968
1449991425638524071
1449991425688531630
1449991425738524198
1449991425788483072
1449991425838526840
1449991425888529791
1449991425938526705
1449991425988529500
1449991426038529217
1449991426088528393
1449991426138515128
1449991426188496343
1449991426238528003
1449991426288527827
1449991426338484393
1449991426388509164
1449991426438530207
1449991426488528955
1449991426538531155
1449991426588530287
1449991426638489587
1449991426688481710
1449991426738525126
1449991426788533594
1449991426838535736
1449991426888532925
1449991426938532218
1449991426988528304
1449991427038486958
1449991427088523759
1449991427138480596
1449991427188486210
1449991427238479276
1449991427288523658
1449991427338531514
1449991427388531809
1449991427438500352
1449991427488531531
1449991427538530293
1449991427588533261
1449991427638532898
1449991427688524891
1449991427738529359
1449991427788505386
1449991427838525410
1449991427888524011
1449991427938528807
1449991427988529119
1449991428038529117
1449991428088529232
1449991428138529213
1449991428188497589
1449991428238519430
1449991428288526705
1449991428338489041
1449991428388489005
1449991428438479291
1449991428488523246
1449991428538530280
1449991428588488226
1449991428638480837
1449991428688477805
1449991428738508766
1449991428788485087
1449991428838477321
1449991428888468312
1449991428938525399
1449991428988502074
1449991429038531502
1449991429088527251
1449991429138477716
1449991429188525957
1449991429238485266
1449991429288477333
1449991429338522644
1449991429388478115
1449991429438526545
1449991429488485527
1449991429538493232
1449991429588488914
1449991429638477653
1449991429688525249
1449991429738527332
1449991429788483978
1449991429838524952
1449991429888530202
1449991429938529308
1449991429988530155
1449991430038537025
1449991430088529997
1449991430138532160
1449991430188522332
1449991430238489105
1449991430288527954
1449991430338514124
1449991430388530352
1449991430438498405
1449991430488528808
1449991430538513234
1449991430588465716
1449991430638526601
1449991430688530117
1449991430738497274
1449991430788527617
1449991430838528778
1449991430888522177
1449991430938530822
1449991430988528691
1449991431038498992
1449991431088530872
1449991431138531518
1449991431188525961
1449991431238502442
1449991431288525041
1449991431338498088
1449991431388483508
1449991431438524825
1449991431488527505
1449991431538518526
1449991431588501122
1449991431638511567
1449991431688528115
1449991431738517910
1449991431788528068
1449991431838532479
1449991431888530747
1449991431938528977
1449991431988526727
1449991432038529114
1449991432088494707
1449991432138529928
1449991432188529271
1449991432238497621
1449991432288497368
1449991432338530766
1449991432388495717
1449991432438528112
1449991432488513163
1449991432538527410
1449991432588526857
1449991432638529608
1449991432688502945
1449991432738513631
1449991432788525826
1449991432838532045
1449991432888499118
1449991432938530334
1449991432988494444
1449991433038525506
1449991433088521665
1449991433138531011
1449991433188501686
1449991433238501233
1449991433288526391
1449991433338530505
1449991433388493382
1449991433438493901
1449991433488524205
1449991433538535345
1449991433588532206
1449991433638530877
1449991433688527928
1449991433738516090
1449991433788530089
1449991433838531464
1449991433888530152
1449991433938532876
1449991433988528645
1449991434038528997
1449991434088529797
1449991434138533476
1449991434188532506
1449991434238515041
1449991434288525589
1449991434338479249
1449991434388523815
1449991434438529676
1449991434488530633
1449991434538513288
1449991434588530569
1449991434638530042
1449991434688532165
1449991434738529370
1449991434788528930
1449991434838529109
1449991434888530917
1449991434938529743
1449991434988527880
1449991435038522933
1449991435088497537
1449991435138531469
1449991435188485305
1449991435238476072
1449991435288488732
1449991435338530689
1449991435388534786
1449991435438530598
1449991435488529637
1449991435538527901
1449991435588529633
1449991435638529949
1449991435688531487
1449991435738513878
1449991435788529418
1449991435838530224
1449991435888526801
1449991435938532248
1449991435988493602
1449991436038495010
1449991436088530970
1449991436138500826
1449991436188526936
1449991436238498734
1449991436288492698
1449991436338529219
1449991436388528652
1449991436438474252
1449991436488525585
1449991436538531159
1449991436588468518
1449991436638533169
1449991436688527738
1449991436738470292
1449991436788496654
1449991436838530602
1449991436888528051
1449991436938531544
1449991436988470713
1449991437038515654
1449991437088495579
1449991437138469368
1449991437188529913
1449991437238504290
1449991437288469328
1449991437338488360
1449991437388532157
1449991437438472818
1449991437488488000
1449991437538534356
1449991437588474381
1449991437638526046
1449991437688532432
1449991437738529093
1449991437788486875
1449991437838472478
1449991437888479183
1449991437938482228
1449991437988483406
1449991438038493764
1449991438088521852
1449991438138530497
1449991438188472265
1449991438238488173
1449991438288524180
1449991438338513607
1449991438388487927
1449991438438516246
1449991438488492707
1449991438538527975
1449991438588531000
1449991438638531392
1449991438688528630
1449991438738528989
1449991438788526936
1449991438838528694
1449991438888541993
1449991438938492031
1449991438988530055
1449991439038500549
1449991439088526356
1449991439138527667
1449991439188482636
1449991439238498447
1449991439288528730
1449991439338532169
1449991439388530019
1449991439438476323
1449991439488484408
1449991439538497526
1449991439588530285
1449991439638531806
1449991439688512029
1449991439738531983
1449991439788522756
1449991439838529997
1449991439888530316
1449991439938471657
1449991439988523891
1449991440038531336
1449991440088529493
1449991440138530988
1449991440188495529
1449991440238495754
1449991440288529178
1449991440338530355
1449991440388527393
1449991440438493935
1449991440488490636
1449991440538529973
1449991440588532343
1449991440638486294
1449991440688527284
1449991440738532454
1449991440788488268
1449991440838484772
1449991440888522903
1449991440938532008
1449991440988492446
1449991441038485626
1449991441088521191
1449991441138531439
1449991441188525527
1449991441238484956
1449991441288489895
1449991441338530272
1449991441388488465
1449991441438467104
1449991441488474026
1449991441538516065
1449991441588528631
1449991441638531138
1449991441688498566
1449991441738527072
1449991441788526629
1449991441838486135
1449991441888522208
1449991441938533194
1449991441988486934
1449991442038498154
1449991442088528284
1449991442138499704
1449991442188525644
1449991442238487599
1449991442288486154
1449991442338535771
1449991442388536410
1449991442438530154
