1449991351888227322 1449991351888444971
1449991351938254758 1449991351938539049
1449991351988233415 1449991351988522303
1449991352038312906 1449991352038641247
1449991352088232519 1449991352088438369
1449991352138232500 1449991352138463938
1449991352188239614 1449991352188524620
1449991352238224388 1449991352238482189
1449991352288225809 1449991352288450111
1449991352338218238 1449991352338428698
1449991352388267830 1449991352388571114
1449991352438242043 1449991352438605717
1449991352488235443 1449991352488491089
1449991352538236640 1449991352538498701
1449991352588235826 1449991352588425115
1449991352638246796 1449991352638442591
1449991352688243797 1449991352688440399
1449991352738318641 1449991352738593822
1449991352788275515 1449991352788500719
1449991352838322666 1449991352838542732
1449991352888254720 1449991352888471047
1449991352938262630 1449991352938572599
1449991352988289355 1449991352988503868
1449991353038216935 1449991353038343676
1449991353088238716 1449991353088464184
1449991353138231092 1449991353138455940
1449991353188241037 1449991353188468226
1449991353238217178 1449991353238366316
1449991353288232795 1449991353288448881
1449991353338238202 1449991353338485619
1449991353388257109 1449991353388548085
1449991353438233400 1449991353438490033
1449991353488259955 1449991353488566820
1449991353538260601 1449991353538626609
1449991353588314241 1449991353588652608
1449991353638331698 1449991353638714507
1449991353688243757 1449991353688601220
1449991353738243578 1449991353738589520
1449991353788245203 1449991353788565876
1449991353838258685 1449991353838626303
1449991353888299846 1449991353888652609
1449991353938263091 1449991353938696279
1449991353988331237 1449991353988722230
1449991354038236079 1449991354038507140
1449991354088235913 1449991354088480187
1449991354138246188 1449991354138554921
1449991354188235682 1449991354188495761
1449991354238231891 1449991354238475691
1449991354288219334 1449991354288435304
1449991354338218935 1449991354338484336
1449991354388211805 1449991354388366621
1449991354438213463 1449991354438472579
1449991354488218544 1449991354488374495
1449991354538215226 1449991354538353785
1449991354588229432 1449991354588490714
1449991354638239529 1449991354638467867
1449991354688247499 1449991354688533413
1449991354738259354 1449991354738505558
1449991354788295657 1449991354788483060
1449991354838316235 1449991354838592585
1449991354888253067 1449991354888495112
1449991354938238816 1449991354938468577
1449991354988271307 1449991354988521337
1449991355038326186 1449991355038624432
1449991355088244539 1449991355088505404
1449991355138235350 1449991355138425361
1449991355188232274 1449991355188435996
1449991355238228280 1449991355238395255
1449991355288244732 1449991355288461640
1449991355338255297 1449991355338488051
1449991355388272467 1449991355388518047
1449991355438221851 1449991355438355985
1449991355488218033 1449991355488365769
1449991355538217407 1449991355538387377
1449991355588231774 1449991355588417638
1449991355638260099 1449991355638531444
1449991355688270404 1449991355688433235
1449991355738216177 1449991355738381440
1449991355788213950 1449991355788339724
1449991355838213071 1449991355838367095
1449991355888235687 1449991355888443509
1449991355938222582 1449991355938405931
1449991355988209376 1449991355988348917
1449991356038223935 1449991356038408797
1449991356088208429 1449991356088363047
1449991356138219576 1449991356138364815
1449991356188264985 1449991356188562927
1449991356238326152 1449991356238611315
1449991356288266181 1449991356288563264
1449991356338236010 1449991356338454980
1449991356388235250 1449991356388388318
1449991356438239167 1449991356438525248
1449991356488226427 1449991356488384711
1449991356538211713 1449991356538403056
1449991356588237377 1449991356588469348
1449991356638213490 1449991356638349138
1449991356688219925 1449991356688389415
1449991356738217427 1449991356738395235
1449991356788214502 1449991356788362235
1449991356838224558 1449991356838471167
1449991356888262926 1449991356888502997
1449991356938221981 1449991356938366400
1449991356988213892 1449991356988356267
1449991357038224864 1449991357038540887
1449991357088226739 1449991357088469610
1449991357138219611 1449991357138529029
1449991357188237002 1449991357188507084
1449991357238253637 1449991357238511155
1449991357288272331 1449991357288558259
1449991357338322536 1449991357338607519
1449991357388236566 1449991357388413150
1449991357438269819 1449991357438518921
1449991357488519363 1449991357488776222
1449991357538219413 1449991357538377956
1449991357588229094 1449991357588420398
1449991357638216070 1449991357638384805
1449991357688230641 1449991357688462079
1449991357738221199 1449991357738361963
1449991357788298434 1449991357788452394
1449991357838257967 1449991357838524382
1449991357888323924 1449991357888566983
1449991357938317691 1449991357938521658
1449991357988272367 1449991357988544450
1449991358038269852 1449991358038575792
1449991358088323014 1449991358088549621
1449991358138237067 1449991358138506442
1449991358188213586 1449991358188358453
1449991358238218236 1449991358238371320
1449991358288222253 1449991358288348982
1449991358338221813 1449991358338410780
1449991358388215635 1449991358388345855
1449991358438265710 1449991358438593527
1449991358488330986 1449991358488612882
1449991358538251992 1449991358538575248
1449991358588273064 1449991358588576569
1449991358638329012 1449991358638630509
1449991358688250249 1449991358688511160
1449991358738230736 1449991358738499251
1449991358788242981 1449991358788516067
1449991358838221297 1449991358838406567
1449991358888212716 1449991358888349603
1449991358938208741 1449991358938351954
1449991358988233899 1449991358988489592
1449991359038220789 1449991359038391192
1449991359088217863 1449991359088397953
1449991359138210101 1449991359138340118
1449991359188207236 1449991359188314733
1449991359238206115 1449991359238363025
1449991359288215509 1449991359288344668
1449991359338215904 1449991359338341978
1449991359388214547 1449991359388480157
1449991359438211791 1449991359438368062
1449991359488207369 1449991359488337920
1449991359538214837 1449991359538362485
1449991359588210027 1449991359588321317
1449991359638202943 1449991359638338567
1449991359688216347 1449991359688362278
1449991359738218103 1449991359738367280
1449991359788228098 1449991359788719768
1449991359838216718 1449991359838339397
1449991359888215256 1449991359888383566
1449991359938240136 1449991359938439389
1449991359988285872 1449991359988587053
1449991360038256926 1449991360038516415
1449991360088257106 1449991360088392553
1449991360138234224 1449991360138499473
1449991360188240757 1449991360188540464
1449991360238219079 1449991360238363072
1449991360288217554 1449991360288388775
1449991360338216167 1449991360338500970
1449991360388257948 1449991360388590702
1449991360438255007 1449991360438554886
1449991360488252298 1449991360488497773
1449991360538261807 1449991360538571967
1449991360588284413 1449991360588520365
1449991360638233920 1449991360638487361
1449991360688257502 1449991360688537293
1449991360738239846 1449991360738482607
1449991360788230627 1449991360788441759
1449991360838210215 1449991360838381704
1449991360888223854 1449991360888535330
1449991360938237901 1449991360938454842
1449991360988228955 1449991360988405849
1449991361038230360 1449991361038391638
1449991361088232770 1449991361088415581
1449991361138239670 1449991361138445934
1449991361188231954 1449991361188386381
1449991361238248636 1449991361238527796
1449991361288259486 1449991361288514717
1449991361338247229 1449991361338570585
1449991361388235684 1449991361388445881
1449991361438228666 1449991361438448471
1449991361488231715 1449991361488451008
1449991361538233854 1449991361538414591
1449991361588238429 1449991361588421006
1449991361638324422 1449991361638577837
1449991361688235358 1449991361688518333
1449991361738247046 1449991361738505552
1449991361788223036 1449991361788452082
1449991361838228894 1449991361838459109
1449991361888223256 1449991361888487218
1449991361938323906 1449991361938602267
1449991361988245295 1449991361988476276
1449991362038240563 1449991362038549827
1449991362088259507 1449991362088529456
1449991362138223214 1449991362138369533
1449991362188211206 1449991362188318250
1449991362238214157 1449991362238362919
1449991362288213288 1449991362288355669
1449991362338206457 1449991362338416409
1449991362388275431 1449991362388594337
1449991362438232889 1449991362438421126
1449991362488268608 1449991362488585199
1449991362538239086 1449991362538485715
1449991362588230849 1449991362588408595
1449991362638232260 1449991362638460354
1449991362688268958 1449991362688573465
1449991362738266925 1449991362738575567
1449991362788263762 1449991362788470748
1449991362838227124 1449991362838439084
1449991362888255326 1449991362888549282
1449991362938309717 1449991362938620685
1449991362988236609 1449991362988453464
1449991363038226170 1449991363038423588
1449991363088267382 1449991363088537711
1449991363138309097 1449991363138563685
1449991363188236805 1449991363188414842
1449991363238224956 1449991363238425598
1449991363288269041 1449991363288519776
1449991363338232857 1449991363338423622
1449991363388225070 1449991363388395376
1449991363438224297 1449991363438440316
1449991363488249766 1449991363488488380
1449991363538223060 1449991363538428024
1449991363588217251 1449991363588370392
1449991363638224065 1449991363638403034
1449991363688239608 1449991363688482118
1449991363738235323 1449991363738423356
1449991363788228495 1449991363788413174
1449991363838226659 1449991363838421812
1449991363888270731 1449991363888501350
1449991363938317812 1449991363938555708
1449991363988238597 1449991363988439549
1449991364038228950 1449991364038434055
1449991364088270141 1449991364088522410
1449991364138326791 1449991364138619835
1449991364188278717 1449991364188535779
1449991364238237478 1449991364238443020
1449991364288271977 1449991364288529224
1449991364338327762 1449991364338581006
1449991364388237081 1449991364388438411
1449991364438228603 1449991364438448979
1449991364488264920 1449991364488561788
1449991364538232839 1449991364538413487
1449991364588226362 1449991364588429065
1449991364638266210 1449991364638571315
1449991364688321059 1449991364688604305
1449991364738232714 1449991364738455759
1449991364788224991 1449991364788416846
1449991364838222734 1449991364838535540
1449991364888235598 1449991364888509398
1449991364938229338 1449991364938450292
1449991364988223563 1449991364988408997
1449991365038215613 1449991365038343688
1449991365088233535 1449991365088456509
1449991365138217784 1449991365138390744
1449991365188216232 1449991365188347332
1449991365238209102 1449991365238370033
1449991365288256937 1449991365288506526
1449991365338235476 1449991365338440685
1449991365388226905 1449991365388419688
1449991365438329081 1449991365438641282
1449991365488271485 1449991365488532674
1449991365538264430 1449991365538575318
1449991365588277498 1449991365588494907
1449991365638229193 1449991365638438120
1449991365688265430 1449991365688531343
1449991365738254680 1449991365738490645
1449991365788238338 1449991365788450085
1449991365838228470 1449991365838421909
1449991365888271472 1449991365888534833
1449991365938316766 1449991365938571340
1449991365988220265 1449991365988352338
1449991366038241592 1449991366038455697
1449991366088259881 1449991366088492205
1449991366138226534 1449991366138431062
1449991366188240834 1449991366188434426
1449991366238230405 1449991366238434618
1449991366288217872 1449991366288354497
1449991366338328023 1449991366338577538
1449991366388234054 1449991366388482424
1449991366438221628 1449991366438357550
1449991366488209234 1449991366488299964
1449991366538230517 1449991366538506598
1449991366588218051 1449991366588359423
1449991366638240081 1449991366638515335
1449991366688268146 1449991366688534837
1449991366738236145 1449991366738478220
1449991366788236120 1449991366788377774
1449991366838197972 1449991366838265021
1449991366888270801 1449991366888563131
1449991366938234583 1449991366938422199
1449991366988219501 1449991366988384942
1449991367038270414 1449991367038616809
1449991367088318441 1449991367088546645
1449991367138218910 1449991367138338637
1449991367188232325 1449991367188485676
1449991367238228762 1449991367238387652
1449991367288209826 1449991367288338730
1449991367338260957 1449991367338492749
1449991367388321158 1449991367388548831
1449991367438215778 1449991367438315827
1449991367488212293 1449991367488355443
1449991367538233190 1449991367538440824
1449991367588217230 1449991367588337455
1449991367638222131 1449991367638412715
1449991367688210212 1449991367688330625
1449991367738217591 1449991367738350924
1449991367788218835 1449991367788345285
1449991367838224142 1449991367838374040
1449991367888265232 1449991367888492724
1449991367938253891 1449991367938485075
1449991367988238824 1449991367988423353
1449991368038220517 1449991368038329316
1449991368088206276 1449991368088322963
1449991368138254861 1449991368138493693
1449991368188229051 1449991368188508772
1449991368238216993 1449991368238327609
1449991368288257699 1449991368288489060
1449991368338258378 1449991368338521635
1449991368388269000 1449991368388388496
1449991368438261461 1449991368438465485
1449991368488264775 1449991368488409369
1449991368538268664 1449991368538383677
1449991368588221102 1449991368588300748
1449991368638210645 1449991368638378899
1449991368688267582 1449991368688793871
1449991368738260911 1449991368738511586
1449991368788274082 1449991368788447238
1449991368838217592 1449991368838404235
1449991368888237656 1449991368888485965
1449991368938228363 1449991368938485990
1449991368988236539 1449991368988418929
1449991369038226789 1449991369038413782
1449991369088265889 1449991369088513690
1449991369138322298 1449991369138602750
1449991369188276920 1449991369188546320
1449991369238237010 1449991369238441628
1449991369288268019 1449991369288554972
1449991369338237127 1449991369338428791
1449991369388241167 1449991369388504387
1449991369438242719 1449991369438494536
1449991369488259207 1449991369488523600
1449991369538234696 1449991369538436046
1449991369588268578 1449991369588499344
1449991369638216221 1449991369638347109
1449991369688214556 1449991369688374880
1449991369738248373 1449991369738489446
1449991369788271948 1449991369788535234
1449991369838223626 1449991369838436642
1449991369888268048 1449991369888526010
1449991369938247503 1449991369938503774
1449991369988217417 1449991369988352671
1449991370038227470 1449991370038443994
1449991370088225711 1449991370088481477
1449991370138237546 1449991370138427239
1449991370188271881 1449991370188500700
1449991370238245951 1449991370238506318
1449991370288275335 1449991370288535986
1449991370338270980 1449991370338592903
1449991370388319181 1449991370388547692
1449991370438243955 1449991370438478750
1449991370488241383 1449991370488359519
1449991370538243670 1449991370538467528
1449991370588274635 1449991370588512310
1449991370638325776 1449991370638555376
1449991370688242852 1449991370688491636
1449991370738320704 1449991370738568809
1449991370788253005 1449991370788496410
1449991370838256096 1449991370838507199
1449991370888287499 1449991370888526998
1449991370938374798 1449991370938580578
1449991370988277917 1449991370988513013
1449991371038317461 1449991371038577981
1449991371088243321 1449991371088470803
1449991371138325291 1449991371138537693
1449991371188241937 1449991371188495234
1449991371238259645 1449991371238496816
1449991371288316940 1449991371288604485
1449991371338316507 1449991371338580418
1449991371388246108 1449991371388484622
1449991371438322974 1449991371438588252
1449991371488273720 1449991371488512876
1449991371538220849 1449991371538491171
1449991371588278541 1449991371588562077
1449991371638321309 1449991371638584729
1449991371688278089 1449991371688537804
1449991371738239703 1449991371738555482
1449991371788243911 1449991371788503452
1449991371838236558 1449991371838410659
1449991371888215804 1449991371888343206
1449991371938238476 1449991371938445990
1449991371988242820 1449991371988410166
1449991372038214798 1449991372038344153
1449991372088229367 1449991372088347652
1449991372138226149 1449991372138368638
1449991372188209937 1449991372188304468
1449991372238226811 1449991372238460380
1449991372288241662 1449991372288458818
1449991372338270686 1449991372338579543
1449991372388276825 1449991372388493453
1449991372438210563 1449991372438358749
1449991372488236797 1449991372488471148
1449991372538239067 1449991372538450516
1449991372588260339 1449991372588481611
1449991372638244669 1449991372638497041
1449991372688254272 1449991372688435827
1449991372738225774 1449991372738426977
1449991372788221114 1449991372788394042
1449991372838228367 1449991372838467434
1449991372888210164 1449991372888301695
1449991372938202049 1449991372938319493
1449991372988230636 1449991372988445182
1449991373038215555 1449991373038380163
1449991373088271795 1449991373088528000
1449991373138245567 1449991373138500776
1449991373188276703 1449991373188519172
1449991373238255693 1449991373238488013
1449991373288265306 1449991373288491432
1449991373338262849 1449991373338532222
1449991373388273781 1449991373388467313
1449991373438245455 1449991373438490621
1449991373488259157 1449991373488530202
1449991373538263609 1449991373538551856
1449991373588318498 1449991373588556083
1449991373638317855 1449991373638541415
1449991373688277053 1449991373688512103
1449991373738243452 1449991373738475578
1449991373788258995 1449991373788489765
1449991373838237167 1449991373838433028
1449991373888256773 1449991373888489263
1449991373938322670 1449991373938565901
1449991373988278458 1449991373988559769
1449991374038315203 1449991374038575168
1449991374088275454 1449991374088553223
1449991374138216009 1449991374138312642
1449991374188266553 1449991374188528513
1449991374238263474 1449991374238536483
1449991374288328990 1449991374288559660
1449991374338319858 1449991374338558071
1449991374388279120 1449991374388519148
1449991374438215967 1449991374438349397
1449991374488223958 1449991374488426243
1449991374538217911 1449991374538366934
1449991374588214385 1449991374588338863
1449991374638233440 1449991374638410354
1449991374688216557 1449991374688338783
1449991374738270700 1449991374738548660
1449991374788328580 1449991374788576615
1449991374838220489 1449991374838351326
1449991374888278285 1449991374888543670
1449991374938315785 1449991374938561682
1449991374988277736 1449991374988473839
1449991375038323264 1449991375038537797
1449991375088241614 1449991375088461696
1449991375138311747 1449991375138536233
1449991375188276248 1449991375188507168
1449991375238215098 1449991375238360885
1449991375288274697 1449991375288507011
1449991375338321091 1449991375338540835
1449991375388217625 1449991375388348461
1449991375438320525 1449991375438563840
1449991375488249282 1449991375488598534
1449991375538214647 1449991375538351984
1449991375588261759 1449991375588508041
1449991375638254969 1449991375638504912
1449991375688278664 1449991375688512551
1449991375738318703 1449991375738539079
1449991375788245779 1449991375788461174
1449991375838321522 1449991375838538370
1449991375888228628 1449991375888359487
1449991375938220744 1449991375938453782
1449991375988235714 1449991375988475000
1449991376038214231 1449991376038336491
1449991376088215169 1449991376088344689
1449991376138266862 1449991376138557481
1449991376188300393 1449991376188538964
1449991376238216535 1449991376238349925
1449991376288274721 1449991376288531924
1449991376338324873 1449991376338561820
1449991376388226819 1449991376388344700
1449991376438320970 1449991376438564839
1449991376488262746 1449991376488503615
1449991376538320825 1449991376538554756
1449991376588219604 1449991376588338030
1449991376638228418 1449991376638338116
1449991376688208960 1449991376688328022
1449991376738241711 1449991376738444468
1449991376788258741 1449991376788504889
1449991376838216652 1449991376838344003
1449991376888222332 1449991376888334345
1449991376938232987 1449991376938432680
1449991376988214466 1449991376988309297
1449991377038208978 1449991377038316745
1449991377088209284 1449991377088328175
1449991377138213710 1449991377138327075
1449991377188209103 1449991377188396982
1449991377238199810 1449991377238303034
1449991377288259383 1449991377288493801
1449991377338251934 1449991377338524168
1449991377388247375 1449991377388485094
1449991377438324778 1449991377438574481
1449991377488273149 1449991377488509739
1449991377538246186 1449991377538479341
1449991377588270920 1449991377588611623
1449991377638260441 1449991377638540372
1449991377688255552 1449991377688375346
1449991377738250572 1449991377738497769
1449991377788241051 1449991377788420281
1449991377838320406 1449991377838560978
1449991377888261073 1449991377888502269
1449991377938261779 1449991377938506303
1449991377988260446 1449991377988378310
1449991378038217128 1449991378038343261
1449991378088209962 1449991378088358644
1449991378138231689 1449991378138435118
1449991378188237557 1449991378188465431
1449991378238220108 1449991378238378722
1449991378288231389 1449991378288402668
1449991378338255472 1449991378338522150
1449991378388301254 1449991378388552213
1449991378438265507 1449991378438549758
1449991378488304718 1449991378488552200
1449991378538323752 1449991378538569915
1449991378588233821 1449991378588419838
1449991378638212812 1449991378638328558
1449991378688214024 1449991378688322555
1449991378738228527 1449991378738539507
1449991378788225744 1449991378788547230
1449991378838215719 1449991378838311124
1449991378888322652 1449991378888447269
1449991378938221369 1449991378938414311
1449991378988236309 1449991378988540275
1449991379038217932 1449991379038417765
1449991379088222261 1449991379088363404
1449991379138264187 1449991379138584105
1449991379188320445 1449991379188621849
1449991379238220969 1449991379238373347
1449991379288208510 1449991379288320408
1449991379338214931 1449991379338446549
1449991379388206891 1449991379388334924
1449991379438224971 1449991379438385102
1449991379488211119 1449991379488342343
1449991379538219488 1449991379538349993
1449991379588213433 1449991379588351449
1449991379638209548 1449991379638349864
1449991379688210005 1449991379688327593
1449991379738218429 1449991379738342122
1449991379788209989 1449991379788328403
1449991379838220983 1449991379838347309
1449991379888210076 1449991379888330855
1449991379938213555 1449991379938351579
1449991379988218369 1449991379988333947
1449991380038216338 1449991380038317886
1449991380088208635 1449991380088339141
1449991380138211416 1449991380138347417
1449991380188207679 1449991380188332005
1449991380238209246 1449991380238326090
1449991380288206462 1449991380288307297
1449991380338212340 1449991380338342822
1449991380388208908 1449991380388337944
1449991380438229262 1449991380438438232
1449991380488264102 1449991380488506335
1449991380538230384 1449991380538459312
1449991380588222641 1449991380588388297
1449991380638218543 1449991380638439587
1449991380688263072 1449991380688502271
1449991380738238480 1449991380738491672
1449991380788231811 1449991380788493991
1449991380838228053 1449991380838533432
1449991380888266742 1449991380888535224
1449991380938257596 1449991380938502448
1449991380988321479 1449991380988564072
1449991381038311491 1449991381038549187
1449991381088272187 1449991381088515578
1449991381138225800 1449991381138544395
1449991381188271976 1449991381188517759
1449991381238254504 1449991381238501778
1449991381288275650 1449991381288507532
1449991381338309244 1449991381338536275
1449991381388273314 1449991381388503857
1449991381438269400 1449991381438554506
1449991381488330994 1449991381488560872
1449991381538266800 1449991381538527902
1449991381588285163 1449991381588506421
1449991381638263371 1449991381638527336
1449991381688307436 1449991381688534588
1449991381738247261 1449991381738481749
1449991381788233281 1449991381788473355
