1449991473211439317
1449991473261453820
1449991473311450787
1449991473361450896
1449991473411451460
1449991473461454952
1449991473511455759
1449991473561455167
1449991473611469820
1449991473661460504
1449991473711451476
1449991473761462424
1449991473811452904
1449991473861450358
1449991473911497190
1449991473961465600
1449991474011450387
1449991474061448676
1449991474111446780
1449991474161446788
1449991474211442625
1449991474261468327
1449991474311459918
1449991474361448757
1449991474411444710
1449991474461449944
1449991474511450748
1449991474561451564
1449991474611451280
1449991474661449492
1449991474711453127
1449991474761469316
1449991474811451105
1449991474861452424
1449991474911451281
1449991474961458370
1449991475011450195
1449991475061452518
1449991475111455234
1449991475161467688
1449991475211481466
1449991475261482757
1449991475311503930
1449991475361506300
1449991475411482370
1449991475461511778
1449991475511504386
1449991475561500859
1449991475611455892
1449991475661452709
1449991475711444888
1449991475761431167
1449991475811467878
1449991475861513645
1449991475911456863
1449991475961450031
1449991476011463330
1449991476061464173
1449991476111444551
1449991476161451750
1449991476211448764
1449991476261443847
1449991476311444687
1449991476361446406
1449991476411441982
1449991476461442651
1449991476511446977
1449991476561467704
1449991476611468023
1449991476661474339
1449991476711465614
1449991476761488209
1449991476811497278
1449991476861470659
1449991476911470025
1449991476961465480
1449991477011461462
1449991477061442230
1449991477111442029
1449991477161474225
1449991477211469582
1449991477261468181
1449991477311464096
1449991477361463352
1449991477411458391
1449991477461450133
1449991477511448628
1449991477561455613
1449991477611467049
1449991477661452282
1449991477711445464
1449991477761449124
1449991477811452147
1449991477861466279
1449991477911451973
1449991477961454174
1449991478011453958
1449991478061448332
1449991478111449140
1449991478161467902
1449991478211466569
1449991478261457815
1449991478311484385
1449991478361488890
1449991478411497231
1449991478461472793
1449991478511494213
1449991478561491368
1449991478611469807
1449991478661448268
1449991478711495645
1449991478761489830
1449991478811470871
1449991478861462574
1449991478911450586
1449991478961448535
1449991479011442188
1449991479061459258
1449991479111448399
1449991479161491919
1449991479211453979
1449991479261463183
1449991479311469181
1449991479361468895
1449991479411464901
1449991479461459394
1449991479511452185
1449991479561443379
1449991479611455055
1449991479661462438
1449991479711449890
1449991479761460884
1449991479811492217
1449991479861452762
1449991479911454084
1449991479961480076
1449991480011454917
1449991480061460892
1449991480111472871
1449991480161475388
1449991480211455708
1449991480261444226
1449991480311468393
1449991480361480668
1449991480411449289
1449991480461447417
1449991480511446477
1449991480561460708
1449991480611452466
1449991480661457447
1449991480711443375
1449991480761453752
1449991480811443010
1449991480861458132
1449991480911452710
1449991480961452734
1449991481011448167
1449991481061447059
1449991481111449909
1449991481161448089
1449991481211447102
1449991481261442421
1449991481311441986
1449991481361499712
1449991481411469545
1449991481461453092
1449991481511455950
1449991481561488729
1449991481611450432
1449991481661462639
1449991481711445226
1449991481761448845
1449991481811454651
1449991481861456664
1449991481911443486
1449991481961449108
1449991482011441006
1449991482061451062
1449991482111442418
1449991482161449452
1449991482211461541
1449991482261451917
1449991482311449856
1449991482361450001
1449991482411449068
1449991482461449400
1449991482511450127
1449991482561465015
1449991482611456186
1449991482661448911
1449991482711449402
1449991482761448059
1449991482811442110
1449991482861448871
1449991482911469702
1449991482961450508
1449991483011450775
1449991483061463091
1449991483111464385
1449991483161505299
1449991483211515590
1449991483261461252
1449991483311471069
1449991483361515778
1449991483411458555
1449991483461464348
1449991483511492219
1449991483561449279
1449991483611466112
1449991483661468228
1449991483711451828
1449991483761502388
1449991483811471339
1449991483861472346
1449991483911465903
1449991483961462081
1449991484011470349
1449991484061470384
1449991484111445621
1449991484161451789
1449991484211472603
1449991484261480853
1449991484311478355
1449991484361472066
1449991484411480924
1449991484461464692
1449991484511503277
1449991484561508303
1449991484611459594
1449991484661449479
1449991484711450536
1449991484761452135
1449991484811505848
1449991484861512230
1449991484911498571
1449991484961502307
1449991485011467239
1449991485061509012
1449991485111512695
1449991485161510220
1449991485211508478
1449991485261457567
1449991485311487369
1449991485361455971
1449991485411473120
1449991485461501275
1449991485511477733
1449991485561510161
1449991485611512878
1449991485661509148
1449991485711496110
1449991485761465761
1449991485811472963
1449991485861473613
1449991485911513264
1449991485961495338
1449991486011512939
1449991486061479131
1449991486111512695
1449991486161478709
1449991486211508528
1449991486261455704
1449991486311467394
1449991486361488947
1449991486411499944
1449991486461478714
1449991486511487719
1449991486561455833
1449991486611447861
1449991486661443198
1449991486711447438
1449991486761447845
1449991486811448391
1449991486861451142
1449991486911441177
1449991486961448076
1449991487011503575
1449991487061467240
1449991487111475150
1449991487161472665
1449991487211466976
1449991487261443782
1449991487311453549
1449991487361507242
1449991487411454030
1449991487461506751
1449991487511481047
1449991487561447821
1449991487611456006
1449991487661447709
1449991487711447339
1449991487761450102
1449991487811457921
1449991487861470035
1449991487911457401
1449991487961446217
1449991488011471185
1449991488061442890
1449991488111442810
1449991488161448021
1449991488211469951
1449991488261472070
1449991488311443861
1449991488361444734
1449991488411441558
1449991488461442178
1449991488511463347
1449991488561444562
1449991488611441032
1449991488661467681
1449991488711460068
1449991488761451356
1449991488811455693
1449991488861451576
1449991488911451923
1449991488961454303
1449991489011454088
1449991489061448897
1449991489111467790
1449991489161493750
1449991489211490918
1449991489261485781
1449991489311463736
1449991489361502528
1449991489411509783
1449991489461512597
1449991489511508589
1449991489561456578
1449991489611448227
1449991489661448663
1449991489711445798
1449991489761456638
1449991489811493303
1449991489861495579
1449991489911490536
1449991489961481360
1449991490011497598
1449991490061467177
1449991490111495613
1449991490161488541
1449991490211508745
1449991490261494073
1449991490311508300
1449991490361462287
1449991490411508727
1449991490461480401
1449991490511513547
1449991490561479983
1449991490611515180
1449991490661461351
1449991490711493213
1449991490761512435
1449991490811515059
1449991490861509277
1449991490911516338
1449991490961483398
1449991491011512893
1449991491061514394
1449991491111515301
1449991491161513979
1449991491211510152
1449991491261512278
1449991491311495819
1449991491361482219
1449991491411462910
1449991491461458208
1449991491511497332
1449991491561455517
1449991491611453962
1449991491661470925
1449991491711464949
1449991491761482220
1449991491811481483
1449991491861494016
1449991491911508624
1449991491961500473
1449991492011475892
1449991492061455035
1449991492111454131
1449991492161448269
1449991492211474361
1449991492261477249
1449991492311455686
1449991492361489459
1449991492411508564
1449991492461490046
1449991492511494849
1449991492561491506
1449991492611471114
1449991492661493563
1449991492711503149
1449991492761496088
1449991492811468721
1449991492861490084
1449991492911513408
1449991492961484323
1449991493011512966
1449991493061515209
1449991493111517756
1449991493161512175
1449991493211472727
1449991493261512876
1449991493311513706
1449991493361508713
1449991493411514297
1449991493461484611
1449991493511514637
1449991493561515223
1449991493611465017
1449991493661515145
1449991493711514569
1449991493761485504
1449991493811468945
1449991493861512424
1449991493911514811
1449991493961484744
1449991494011515358
1449991494061510639
1449991494111513965
1449991494161514688
1449991494211512414
1449991494261515900
1449991494311512433
1449991494361509341
1449991494411515539
1449991494461514448
1449991494511505673
1449991494561479899
1449991494611509207
1449991494661514223
1449991494711515046
1449991494761514811
1449991494811477420
1449991494861511068
1449991494911517223
1449991494961511248
1449991495011516267
1449991495061519432
1449991495111516226
1449991495161515670
1449991495211517445
1449991495261516428
1449991495311454199
1449991495361505559
1449991495411514958
1449991495461502027
1449991495511480202
1449991495561515831
1449991495611514459
1449991495661460539
1449991495711510479
1449991495761453817
1449991495811468156
1449991495861457159
1449991495911448698
1449991495961473907
1449991496011455282
1449991496061442451
1449991496111444524
1449991496161507020
1449991496211489178
1449991496261454851
1449991496311445344
1449991496361502352
1449991496411454114
1449991496461443344
1449991496511510541
1449991496561513088
1449991496611516196
1449991496661453005
1449991496711441847
1449991496761488073
1449991496811485786
1449991496861470339
1449991496911477123
1449991496961469593
1449991497011464019
1449991497061498184
1449991497111479784
1449991497161513432
1449991497211456230
1449991497261506786
1449991497311500533
1449991497361502960
1449991497411466211
1449991497461446129
1449991497511474122
1449991497561471972
1449991497611449464
1449991497661439669
1449991497711499097
1449991497761483426
1449991497811472570
1449991497861469130
1449991497911443474
1449991497961440743
1449991498011443746
1449991498061438533
1449991498111559902
1449991498161443798
1449991498211484848
1449991498261451486
1449991498311467993
1449991498361449566
1449991498411447888
1449991498461445530
1449991498511442917
1449991498561463322
1449991498611465254
1449991498661472248
1449991498711469066
1449991498761485217
1449991498811452203
1449991498861478922
1449991498911474951
1449991498961451136
1449991499011457182
1449991499061453076
1449991499111450638
1449991499161448665
1449991499211467516
1449991499261469749
1449991499311463619
1449991499361500307
1449991499411474286
1449991499461464812
1449991499511456228
1449991499561466222
1449991499611465418
1449991499661447595
1449991499711449668
1449991499761458542
1449991499811451856
1449991499861445821
1449991499911462447
1449991499961442877
1449991500011465512
1449991500061452132
1449991500111471569
1449991500161473307
1449991500211455923
1449991500261469091
1449991500311462798
1449991500361449953
1449991500411464300
1449991500461461308
1449991500511489747
1449991500561470802
1449991500611466106
1449991500661464551
1449991500711464348
1449991500761500532
1449991500811458795
1449991500861461633
1449991500911475593
1449991500961460861
1449991501011466054
1449991501061467174
1449991501111468405
1449991501161474123
1449991501211465745
1449991501261465840
1449991501311465835
1449991501361463861
1449991501411467424
1449991501461466083
1449991501511531372
1449991501561447051
1449991501611458000
1449991501661444555
1449991501711458636
1449991501761444182
1449991501811464739
1449991501861480426
1449991501911454752
1449991501961462979
1449991502011472806
1449991502061468651
1449991502111453593
1449991502161494068
1449991502211473957
1449991502261460882
1449991502311445392
1449991502361486154
1449991502411458225
1449991502461465180
1449991502511459095
1449991502561468838
1449991502611453812
1449991502661440350
1449991502711469631
1449991502761469676
1449991502811461725
1449991502861472544
1449991502911511140
1449991502961461110
1449991503011474190
1449991503061470432
1449991503111464257
