1449008103321137745 1449008103321505729
1449008103420805623 1449008103421063558
1449008103471429190 1449008103471767695
1449008103520756908 1449008103520938729
1449008103370937963 1449008103575392717
1449008103621409195 1449008103621567840
1449008103671218110 1449008103671373230
1449008103721256317 1449008103721419409
1449008103771462685 1449008103771666165
1449008103571416662 1449008103775322068
1449008103821236659 1449008103821436479
1449008103871410054 1449008103871588664
1449008103921228872 1449008103921404618
1449008103971233373 1449008103971408595
1449008104021093018 1449008104021301538
1449008104071396568 1449008104071601043
1449008104171151504 1449008104171288834
1449008104221208438 1449008104221788921
1449008104271082407 1449008104271245067
1449008104321540222 1449008104321751228
1449008104121583024 1449008104323183957
1449008104371339384 1449008104371478339
1449008104421202724 1449008104421316163
1449008104471559152 1449008104471851972
1449008104521109875 1449008104521284418
1449008104571420164 1449008104571600342
1449008104621590600 1449008104621738215
1449008104671000215 1449008104671323816
1449008104721340109 1449008104721549690
1449008104771486283 1449008104771661167
1449008104821306181 1449008104821504514
1449008104921625868 1449008104921804625
1449008105021311372 1449008105021490932
1449008104871391625 1449008105078859670
1449008105171219976 1449008105171426842
1449008104971131359 1449008105178882993
1449008105221504971 1449008105221667101
1449008105271360536 1449008105271539962
1449008105121091001 1449008105375161510
1449008105370779372 1449008105375192913
1449008105420943085 1449008105421061287
1449008105520626402 1449008105520757033
1449008105071120615 1449008105534897101
1449008105670993836 1449008105671182856
1449008105770887763 1449008105771064385
1449008105621401392 1449008105823102973
1449008105871437657 1449008105871645806
1449008105921478616 1449008105921656653
1449008105321482935 1449008105944810451
1449008106021288519 1449008106021469595
1449008105471038031 1449008106112172923
1449008106121592126 1449008106121764933
1449008106170888595 1449008106171007187
1449008105571377143 1449008106267947693
1449008105821489563 1449008106267976724
1449008106071478730 1449008106267981742
