1449008118033449072 1449008118074711180
1449008118083537803 1449008118124981597
1449008118133748287 1449008118175126557
1449008118183645828 1449008118225402458
1449008118232691758 1449008118273763861
1449008118283436593 1449008118324798530
1449008118332710305 1449008118374033301
1449008118382990454 1449008118423577146
1449008118433558229 1449008118474731603
1449008118482773309 1449008118523749070
1449008118533013867 1449008118573893933
1449008118583866021 1449008118625308276
1449008118632978710 1449008118674323501
1449008118682964831 1449008118724019647
1449008118733412433 1449008118774759938
1449008118782896463 1449008118824833306
1449008118833344927 1449008118875432836
1449008118883107901 1449008118923988925
1449008118933424758 1449008118974029956
1449008118982936604 1449008119023763912
1449008119033607149 1449008119074312000
1449008119083429387 1449008119125360391
1449008119132972725 1449008119174271628
1449008119182658895 1449008119226287074
1449008119233014272 1449008119273650454
1449008119283416564 1449008119324180510
1449008119333052675 1449008119374229884
1449008119382970628 1449008119423996734
1449008119432481050 1449008119473820173
1449008119483133184 1449008119524674186
1449008119532985866 1449008119574314137
1449008119582657505 1449008119623396895
1449008119633860807 1449008119675567196
1449008119683692676 1449008119725558739
1449008119733297877 1449008119774261014
1449008119782968995 1449008119824322641
1449008119833544528 1449008119874903018
1449008119882706478 1449008119924028790
1449008119932917450 1449008119974399304
1449008119983284557 1449008120024577254
1449008120032674472 1449008120073642308
1449008120083869675 1449008120125243835
1449008120133681616 1449008120175236950
1449008120182882379 1449008120223840340
1449008120232569029 1449008120273232985
1449008120283360171 1449008120324246240
1449008120332684750 1449008120374191403
1449008120383851383 1449008120427299624
1449008120432703607 1449008120473389064
1449008120482448890 1449008120523299890
1449008120533153420 1449008120574320677
1449008120583836925 1449008120625309197
1449008120632932805 1449008120674205743
1449008120682961490 1449008120724330604
1449008120732956349 1449008120774223227
1449008120782944036 1449008120824273496
1449008120832958063 1449008120874245355
1449008120882747955 1449008120924037756
1449008120932965827 1449008120973768037
1449008120982531969 1449008121023449134
1449008121033397242 1449008121074091201
1449008121082709131 1449008121123853722
1449008121132981571 1449008121173946714
1449008121182587483 1449008121223381383
1449008121233848800 1449008121274367329
1449008121282942726 1449008121323987359
1449008121333058136 1449008121374139916
1449008121382965374 1449008121423554307
1449008121432999867 1449008121473743221
1449008121483297352 1449008121524202829
1449008121532976573 1449008121573879994
1449008121583240914 1449008121624594710
1449008121632960185 1449008121674516696
1449008121682949901 1449008121724063762
1449008121732641698 1449008121773747235
1449008121783409401 1449008121824492692
1449008121832999852 1449008121874270040
1449008121883809960 1449008121925238118
1449008121932929060 1449008121974600759
1449008121983733132 1449008122024339102
1449008122032694660 1449008122073651258
1449008122083546190 1449008122124886157
1449008122132785953 1449008122174146734
1449008122182642722 1449008122223412582
1449008122232799755 1449008122274121456
1449008122282584855 1449008122323737050
1449008122333010435 1449008122374697253
1449008122382557372 1449008122423576892
