1449008217241814077 1449008217402364816
1449008217291726155 1449008217452809171
1449008217341821703 1449008217502965099
1449008217391749045 1449008217552603882
1449008217441849513 1449008217602767475
1449008217491967697 1449008217652621101
1449008217541901045 1449008217703120005
1449008217591714060 1449008217752436391
1449008217641956561 1449008217803053299
1449008217692065564 1449008217853887467
1449008217741805596 1449008217902186370
1449008217791629473 1449008217952538819
1449008217841764697 1449008218002708122
1449008217891694583 1449008218052661263
1449008217941806184 1449008218102454952
1449008217991799378 1449008218152760472
1449008218041725803 1449008218202561186
1449008218091757009 1449008218253239689
1449008218141724340 1449008218302372313
1449008218191730908 1449008218352825922
1449008218241851296 1449008218402646985
1449008218291534639 1449008218452396098
1449008218341885399 1449008218503028627
1449008218391738752 1449008218552941399
1449008218441748280 1449008218602966601
1449008218491837369 1449008218652634227
1449008218542022293 1449008218702556131
1449008218591649780 1449008218752737251
1449008218641751002 1449008218803089084
1449008218691810680 1449008218852949522
1449008218741898089 1449008218902298165
1449008218791962280 1449008218953577289
1449008218842018499 1449008219003244975
1449008218891718653 1449008219052497100
1449008218941725282 1449008219102441102
1449008218991870392 1449008219152603144
1449008219041796514 1449008219202354060
1449008219091565687 1449008219252409046
1449008219141862269 1449008219303311070
1449008219191883888 1449008219352918924
1449008219241957482 1449008219402600098
1449008219291970371 1449008219452957088
1449008219341714552 1449008219502647889
1449008219391646002 1449008219552574757
1449008219441811141 1449008219602526298
1449008219491677094 1449008219652583434
1449008219541820984 1449008219703447095
1449008219591828459 1449008219753387602
1449008219641862703 1449008219803239045
1449008219691655315 1449008219852701948
1449008219741828733 1449008219902307022
1449008219791734381 1449008219952954657
1449008219841787511 1449008220003052720
1449008219891693461 1449008220052640272
