1449008153635356401 1449008153676636221
1449008153685148385 1449008153726221462
1449008153735174162 1449008153776587055
1449008153785157580 1449008153826100943
1449008153835008188 1449008153876730986
1449008153936084901 1449008153976723832
1449008153985158761 1449008154025711996
1449008154035528827 1449008154076596199
1449008154085152265 1449008154126080351
1449008154184871165 1449008154225628453
1449008154235043724 1449008154276295697
1449008153885128260 1449008154276355180
1449008154134954606 1449008154276362294
1449008154285150618 1449008154326094624
1449008154335052285 1449008154376575176
1449008154384919599 1449008154425679449
1449008154486037095 1449008154527208172
1449008154535303036 1449008154576595099
1449008154586094306 1449008154627044716
1449008154635115949 1449008154676489680
1449008154735061375 1449008154776273185
1449008154785164959 1449008154826345533
1449008154434720063 1449008154855810696
1449008154685537371 1449008154855847204
1449008154835142487 1449008154876210665
1449008154884862534 1449008154926446848
