1449008086133681576 1449008086134751483
1449008086184248252 1449008086184550458
1449008086233680931 1449008086234057393
1449008086283573232 1449008086283873869
1449008086333753704 1449008086334013010
1449008086384936734 1449008086385100165
1449008086433845717 1449008086433987092
1449008086484796806 1449008086484958869
1449008086534304617 1449008086534465937
1449008086584345606 1449008086584528095
1449008086634098885 1449008086634286734
1449008086684333489 1449008086684504532
1449008086784307602 1449008086784710310
1449008086833805784 1449008086833971643
1449008086884105156 1449008086884248420
1449008086934359113 1449008086934521028
1449008086733625928 1449008086934761933
1449008086984294569 1449008086984458526
1449008087033791554 1449008087033960109
1449008087084119975 1449008087084537926
1449008087134334478 1449008087134478051
1449008087184642779 1449008087184749530
1449008087234953344 1449008087235117406
1449008087283696272 1449008087283817607
1449008087383627589 1449008087383772471
1449008087484422855 1449008087484564693
1449008087534296603 1449008087534459425
1449008087334133529 1449008087534728674
1449008087584387403 1449008087584553566
1449008087634293158 1449008087634455149
1449008087434310014 1449008087687263036
1449008087684474248 1449008087687293868
1449008087733496851 1449008087733641267
1449008087784103985 1449008087784269279
1449008087834953629 1449008087835139487
1449008087883834404 1449008087884003583
1449008087933507432 1449008087933650632
1449008087984312404 1449008087984473496
1449008088034164642 1449008088034306776
1449008088083506348 1449008088083601595
1449008088134333271 1449008088134490938
1449008088183508399 1449008088183655429
1449008088234760578 1449008088234948061
1449008088284239664 1449008088284449734
1449008088334438817 1449008088334625826
1449008088384028556 1449008088384279131
1449008088433778062 1449008088433943684
1449008088534137776 1449008088534283649
1449008088583729702 1449008088583906742
1449008088684799130 1449008088684986533
1449008088484309612 1449008088687183675
1449008088734919551 1449008088735087046
1449008088834031168 1449008088834207174
1449008088634343897 1449008088839234179
1449008088883657639 1449008088883800627
1449008088934248165 1449008088934414043
1449008088984316935 1449008088984481234
1449008088784925179 1449008088987126830
1449008089033828542 1449008089034000969
1449008089083982083 1449008089084168830
1449008089134927460 1449008089135146850
1449008089183649401 1449008089183870401
1449008089234912643 1449008089235133274
1449008089334741676 1449008089334958618
1449008089383636624 1449008089383886764
1449008089433462516 1449008089433630635
1449008089484266017 1449008089484502185
1449008089284820163 1449008089487618329
1449008089534038563 1449008089534229503
1449008089583674224 1449008089583896639
1449008089634749399 1449008089634956420
1449008089684420179 1449008089684855216
1449008089733784417 1449008089733946430
1449008089784328495 1449008089784471807
1449008089834321828 1449008089834481765
1449008089883492544 1449008089883647893
1449008089934561827 1449008089934735362
1449008089983843070 1449008089983994315
1449008090034121260 1449008090034249678
