1449008167408292614 1449008167489131187
1449008167457713197 1449008167538674444
1449008167508154103 1449008167589066409
1449008167557832069 1449008167638987518
1449008167607833704 1449008167688663306
1449008167658027536 1449008167738774865
1449008167708011045 1449008167789174748
1449008167758792920 1449008167839660783
1449008167807544506 1449008167888165218
1449008167858090415 1449008167938733586
1449008167908431513 1449008167990198254
1449008167958306507 1449008168038957368
1449008168008496453 1449008168090386132
1449008168058352065 1449008168139030955
1449008168108465841 1449008168188718841
1449008168158912443 1449008168240089245
1449008168208382539 1449008168289415123
1449008168257764620 1449008168338586102
1449008168307842539 1449008168388940651
1449008168358150488 1449008168439300312
1449008168407642334 1449008168488935247
1449008168458052181 1449008168538788836
1449008168508508641 1449008168589688599
1449008168558546666 1449008168639353298
1449008168608484863 1449008168689178475
1449008168657598549 1449008168738521601
1449008168708438817 1449008168789224299
1449008168757603056 1449008168838981499
1449008168807998283 1449008168888598474
1449008168858502952 1449008168939573419
1449008168908520066 1449008168989135084
1449008168958480190 1449008169040429410
1449008169008480825 1449008169090092269
1449008169058412870 1449008169139237282
1449008169108159398 1449008169189162125
1449008169158390157 1449008169239139846
1449008169208418174 1449008169289080646
1449008169258014503 1449008169340056907
1449008169308088295 1449008169389224221
1449008169358689060 1449008169439337265
1449008169407953111 1449008169489202392
1449008169457688595 1449008169538831648
1449008169507916213 1449008169588607986
1449008169557891431 1449008169638749597
1449008169607650411 1449008169688338229
1449008169658280231 1449008169738757009
1449008169708090229 1449008169789118466
1449008169757874758 1449008169838626384
1449008169808293697 1449008169889640123
1449008169857590531 1449008169938691410
1449008169907773537 1449008169988576141
1449008169957655892 1449008170038971815
1449008170007567566 1449008170089137501
1449008170058445424 1449008170139452401
1449008170108567165 1449008170188872397
1449008170157569836 1449008170238095964
1449008170207964468 1449008170289736668
1449008170257558763 1449008170338048738
1449008170308392555 1449008170389866632
1449008170358217603 1449008170438932823
1449008170407792666 1449008170488806496
1449008170458572662 1449008170540438457
1449008170508090780 1449008170588879094
1449008170558425756 1449008170638994272
1449008170607601936 1449008170688735743
1449008170658346615 1449008170740383019
1449008170707581084 1449008170788330406
1449008170758447274 1449008170838914168
1449008170807588039 1449008170888483592
1449008170857668558 1449008170938474094
1449008170908006707 1449008170988826533
1449008170958056682 1449008171038887411
1449008171007984558 1449008171089873048
1449008171057551533 1449008171138616725
1449008171107823304 1449008171189737605
1449008171157780993 1449008171238475170
1449008171208496150 1449008171290395168
