1449008155891073316 1449008155971833027
1449008155940915612 1449008156022645233
1449008155990997760 1449008156072329745
1449008156041120568 1449008156121946644
1449008156090845144 1449008156172141429
1449008156140746484 1449008156221519518
1449008156190697010 1449008156271002450
1449008156241494454 1449008156322292848
1449008156290858877 1449008156371695628
1449008156340848022 1449008156421487655
1449008156390876221 1449008156472352252
1449008156440803907 1449008156521024269
1449008156490754513 1449008156571032707
1449008156541021660 1449008156621506515
1449008156591498383 1449008156673294164
1449008156640895845 1449008156721233123
1449008156691439439 1449008156772029021
1449008156740855969 1449008156821239034
1449008156791468771 1449008156873767330
1449008156841022589 1449008156921728186
1449008156890992341 1449008156972196460
1449008156941037918 1449008157021831565
1449008156990713810 1449008157070947940
1449008157041473251 1449008157122219915
1449008157091495506 1449008157173267543
1449008157140994950 1449008157221881852
1449008157191063493 1449008157271419199
1449008157241471164 1449008157323363536
1449008157290902396 1449008157371953859
1449008157341643049 1449008157423590345
1449008157390993216 1449008157472576903
1449008157440837598 1449008157521322959
1449008157490684296 1449008157572331241
1449008157540860047 1449008157621414665
1449008157591497688 1449008157672795686
1449008157640699151 1449008157721443942
1449008157691025212 1449008157771738295
1449008157740846566 1449008157821463921
1449008157791482756 1449008157872186427
1449008157840910485 1449008157921505744
1449008157891004217 1449008157971692901
1449008157941065645 1449008158021960650
1449008157991010838 1449008158071622057
1449008158040713242 1449008158121407752
1449008158091035416 1449008158171755457
1449008158141499131 1449008158222151477
1449008158191036871 1449008158271383061
1449008158241492589 1449008158322185383
1449008158290903557 1449008158371708524
1449008158340706164 1449008158421519429
1449008158390815328 1449008158471837558
1449008158440876435 1449008158521677299
1449008158490908995 1449008158571332387
1449008158541476866 1449008158623142892
1449008158590931864 1449008158671539041
1449008158641524861 1449008158722627838
1449008158691040873 1449008158771751849
1449008158740788668 1449008158821277954
1449008158791476029 1449008158873337312
1449008158840940331 1449008158921138455
1449008158891481575 1449008158972231362
1449008158941083793 1449008159021759819
1449008158990719540 1449008159071384175
1449008159040689460 1449008159121302998
1449008159091028635 1449008159172891198
1449008159140690360 1449008159221448509
1449008159190687802 1449008159271657887
1449008159240685480 1449008159321411320
1449008159290884880 1449008159372662948
1449008159340694573 1449008159421565147
1449008159390881054 1449008159471874627
1449008159440683514 1449008159521405541
1449008159491060015 1449008159571480159
1449008159540992204 1449008159621913670
1449008159590732895 1449008159671930686
1449008159640994967 1449008159721824532
1449008159691062398 1449008159771930861
1449008159740683960 1449008159821934532
1449008159790733054 1449008159871290740
1449008159841520989 1449008159922861461
1449008159891067277 1449008159971909936
1449008159940679671 1449008160021517696
1449008159991025102 1449008160071346253
1449008160040829796 1449008160121345419
1449008160091462759 1449008160172209007
1449008160140902823 1449008160221585100
1449008160190973848 1449008160272104703
1449008160240897695 1449008160321679080
1449008160290856259 1449008160371273625
1449008160341459382 1449008160423499457
