1449008222006812844 1449008222167319469
1449008222057586499 1449008222219015317
1449008222107198933 1449008223112841972
1449008222157032085 1449008223112887885
1449008222207119570 1449008223112898779
1449008222257028978 1449008223112908939
1449008222307116871 1449008223112919052
1449008222357505263 1449008223112928797
1449008222407165314 1449008223112938845
1449008222457118910 1449008223112949001
1449008222507135233 1449008223112958870
1449008222556912124 1449008223112968799
1449008222607064139 1449008223112978532
1449008222656926331 1449008223112988410
1449008222708142457 1449008223112998199
1449008222757187620 1449008223434869280
1449008222807500632 1449008223435247591
1449008222857216610 1449008223435264860
1449008222906903509 1449008223435275027
1449008222957383965 1449008223435403137
1449008223007324475 1449008223435418475
1449008223056777686 1449008223435428500
1449008223107147006 1449008223435438585
1449008223156776553 1449008223435448545
1449008223206901079 1449008223435458331
1449008223257071280 1449008223483881181
1449008223307107503 1449008223683850460
1449008223356953921 1449008223683916327
1449008223407332956 1449008224127164423
1449008223456790412 1449008224127222207
1449008223508111544 1449008224127234483
1449008223556909519 1449008224127244979
1449008223606935857 1449008224127256303
1449008223657084838 1449008224127267117
1449008223707533044 1449008224127277630
1449008223757054443 1449008224127288639
1449008223807200944 1449008224127298565
1449008223857125895 1449008224413767395
1449008223907026555 1449008224448942942
1449008223957266433 1449008224448976132
1449008224006989723 1449008224448983342
1449008224056859427 1449008224735838057
1449008224107154601 1449008224735894791
1449008224157422297 1449008224735908480
1449008224207228461 1449008224770412424
1449008224257114807 1449008224770464196
1449008224307665804 1449008224770477575
1449008224357166774 1449008225058043056
1449008224407110769 1449008225058075331
1449008224457195529 1449008225067952666
1449008224507670186 1449008225068005530
1449008224556949768 1449008225092089176
1449008224606975283 1449008225117507823
1449008224657019766 1449008225117554245
1449008224707072647 1449008225379131692
1449008224756988830 1449008225389464076
1449008224806920662 1449008225389495044
1449008224857032317 1449008225389501715
1449008224907231052 1449008225438341207
1449008224957071195 1449008225438371830
1449008225007068473 1449008225438378516
