1449008189340474041 1449008189421547987
1449008189390598258 1449008189472481635
1449008189440601536 1449008189521336473
1449008189490525448 1449008189882906406
1449008189540487624 1449008189882945603
1449008189590028915 1449008189882956946
1449008189641031711 1449008189882967037
1449008189690140935 1449008189882976890
1449008189740990237 1449008189882986860
1449008189790444545 1449008189882996663
1449008189840155700 1449008190232455176
1449008189890920046 1449008190232495116
1449008189940520559 1449008190232506476
1449008189990311389 1449008190232516729
1449008190040331256 1449008190232526646
1449008190090572591 1449008190232536661
1449008190140988718 1449008190232546709
1449008190191009865 1449008190582766190
1449008190241390330 1449008190708128354
1449008190290756115 1449008190708160034
1449008190340074862 1449008190708166659
1449008190390246232 1449008190708172859
1449008190440140472 1449008190745399602
1449008190490498374 1449008190869710218
1449008190540967405 1449008190869740812
1449008190590503459 1449008190906824413
1449008190640781909 1449008190906876604
1449008190690982026 1449008190906890395
1449008190740375270 1449008191239273423
1449008190790234041 1449008191402445091
1449008190840930327 1449008191402477970
1449008190890430351 1449008191402485004
1449008190940565342 1449008191402491000
1449008190990026721 1449008191564898293
1449008191040250985 1449008191564950914
