1449008173175970964 1449008173256820804
1449008173225627472 1449008173307219959
1449008173276078753 1449008173357791173
1449008173325874064 1449008173406670575
1449008173375875706 1449008173767773022
1449008173426072337 1449008173767800266
1449008173475832632 1449008173767806988
1449008173525873128 1449008173767813117
1449008173576348147 1449008173767819167
1449008173625840319 1449008173767825120
1449008173675856730 1449008173767831182
1449008173725915037 1449008173806361920
1449008173775886849 1449008174167529610
1449008173825913939 1449008174167573961
1449008173876397527 1449008174167587264
1449008173926109437 1449008174167599921
1449008173975879406 1449008174167612219
1449008174026339726 1449008174167624309
1449008174075866511 1449008174167636644
1449008174125828554 1449008174206895204
1449008174175906030 1449008174256735470
1449008174226105575 1449008174329026753
1449008174275688662 1449008174357031129
1449008174326117278 1449008174406910181
1449008174375884343 1449008174456561290
1449008174426100085 1449008174507294028
1449008174475768490 1449008174556860337
1449008174525542151 1449008174606474097
1449008174575844215 1449008174656560490
1449008174625889765 1449008174706705644
1449008174676002866 1449008175279158169
1449008174725662522 1449008175279183061
1449008174776276314 1449008175279189673
1449008174826097966 1449008175279195710
1449008174875880281 1449008175279201611
1449008174925910281 1449008175279207420
1449008174975862568 1449008175279213377
1449008175026103090 1449008175279219362
1449008175075836564 1449008175279225285
1449008175126109932 1449008175279231375
1449008175175870381 1449008175279237431
1449008175226144499 1449008175379763741
1449008175275887758 1449008175379789669
1449008175326066476 1449008175441078086
1449008175375847326 1449008175456620467
1449008175425684200 1449008175506432418
1449008175475857583 1449008175556685787
1449008175526336006 1449008175606727863
1449008175576346749 1449008175656730409
1449008175626380246 1449008176068241180
1449008175676104511 1449008176068266199
1449008175725989238 1449008176068272653
1449008175776336334 1449008176068278579
1449008175825807077 1449008176068284510
1449008175876119633 1449008176068290501
1449008175925896226 1449008176068309565
1449008175976114741 1449008176117945562
1449008176025863841 1449008176168492828
1449008176076098536 1449008176229057200
1449008176126110396 1449008176229088539
1449008176176115877 1449008176257292101
1449008176225853681 1449008176306875690
1449008176275790907 1449008176357342895
1449008176326009290 1449008176406868563
