1449008058066257145 1449008058066559820
1449008058116588701 1449008058116757713
1449008058166508219 1449008058166731030
1449008058216571242 1449008058216770873
1449008058266747814 1449008058266983614
1449008058316556554 1449008058316739109
1449008058366316948 1449008058366437278
1449008058416516860 1449008058416802602
1449008058466609383 1449008058467102075
1449008058516717204 1449008058516956247
1449008058566514031 1449008058566943884
1449008058616634520 1449008058616840126
1449008058666549739 1449008058666753093
1449008058716663463 1449008058717025453
1449008058766303844 1449008058766482788
1449008058816411105 1449008058816786138
1449008058866326243 1449008058866446143
1449008058916628987 1449008058916825193
1449008058966449296 1449008058966616485
1449008059016377713 1449008059016574136
1449008059066616297 1449008059066803064
1449008059116607788 1449008059116775290
1449008059166554224 1449008059166764827
1449008059216569973 1449008059216796290
1449008059266644203 1449008059267002179
1449008059316749117 1449008059316990482
1449008059366525644 1449008059366739327
1449008059416463805 1449008059416574838
1449008059466525656 1449008059466696804
1449008059516551050 1449008059516746832
1449008059566497491 1449008059566785168
1449008059616439851 1449008059616564360
1449008059666699964 1449008059666895543
1449008059716521628 1449008059716869176
1449008059766648298 1449008059766843889
1449008059816615319 1449008059816815510
1449008059866524640 1449008059866896874
1449008059916655579 1449008059916966403
1449008059966566341 1449008059966748680
1449008060016581110 1449008060016754404
1449008060066578259 1449008060066766785
1449008060116574496 1449008060116744078
1449008060166591828 1449008060167052743
1449008060216680103 1449008060216855265
1449008060266578186 1449008060266717130
1449008060316632124 1449008060316794581
1449008060366432132 1449008060366642107
1449008060416380873 1449008060416488663
1449008060466669649 1449008060467111356
1449008060516381697 1449008060516507086
1449008060566518435 1449008060566634098
1449008060616570142 1449008060616718592
1449008060666733064 1449008060666997168
1449008060716701026 1449008060716884214
1449008060766540423 1449008060766642509
1449008060816613473 1449008060816781258
1449008060866695401 1449008060866984369
1449008060916303419 1449008060917166419
1449008060966806222 1449008060967088986
1449008061016541792 1449008061016693801
1449008061066480404 1449008061066581272
1449008061116258243 1449008061116406305
1449008061166590661 1449008061166755762
1449008061216570965 1449008061216852117
1449008061266598458 1449008061266787279
1449008061316599119 1449008061316776817
1449008061366322645 1449008061366473335
1449008061416548781 1449008061416722375
1449008061466541149 1449008061466796747
1449008061516627260 1449008061516785476
1449008061566496083 1449008061566662357
1449008061616275202 1449008061616443482
1449008061666613388 1449008061666758665
1449008061716478531 1449008061716639906
1449008061766563454 1449008061766717010
1449008061816697527 1449008061816874819
1449008061866505274 1449008061866659986
1449008061916498409 1449008061916648652
1449008061966534158 1449008061966738668
1449008062016400168 1449008062016797171
1449008062066394055 1449008062066549082
1449008062116677092 1449008062116779713
1449008062166341097 1449008062166490277
1449008062216473373 1449008062216572365
1449008062266301943 1449008062266469963
1449008062316407152 1449008062316574166
1449008062366405291 1449008062366567102
1449008062416523057 1449008062416699075
1449008062466516577 1449008062466709989
1449008062516520060 1449008062516695955
1449008062566476936 1449008062566580406
1449008062616542580 1449008062616849151
1449008062666464971 1449008062666789537
1449008062716383269 1449008062716544906
1449008062766430141 1449008062766596869
1449008062816677635 1449008062816820648
1449008062866906964 1449008062867184891
1449008062916819183 1449008062917149541
1449008062966753232 1449008062968893012
