1449008106908801199 1449008106949668628
1449008106958027609 1449008106998633318
1449008107009341775 1449008107050912078
1449008107058766672 1449008107099362220
1449008107108853610 1449008107149639359
1449008107158426219 1449008107199176816
1449008107208074200 1449008107248706565
1449008107259384621 1449008107300837904
1449008107307952516 1449008107348653941
1449008107358788744 1449008107399397884
1449008107408120465 1449008107448819394
1449008107458037174 1449008107498419565
1449008107508515034 1449008107549339816
1449008107559353846 1449008107600400310
1449008107608296211 1449008107649321026
1449008107658813930 1449008107699521414
1449008107707980366 1449008107748493389
1449008107758688225 1449008107799481177
1449008107809012201 1449008107849517504
1449008107858870892 1449008107899260863
1449008107908576422 1449008107948903665
1449008107959089727 1449008108000399556
1449008108008136421 1449008108048951797
1449008108058924812 1449008108099856768
1449008108108510338 1449008108149301909
1449008108158453283 1449008108199291598
1449008108209338517 1449008108251020639
1449008108258084860 1449008108298658867
1449008108308612255 1449008108349690060
1449008108358647988 1449008108399770417
1449008108408168301 1449008108448945587
1449008108459264462 1449008108500573726
1449008108508776643 1449008108549980768
1449008108558442697 1449008108598997659
1449008108608321201 1449008108649130884
1449008108658802615 1449008108699774129
1449008108707998313 1449008108748399963
1449008108758398593 1449008108799180329
1449008108808363598 1449008108849897421
1449008108858365506 1449008108898968618
1449008108908856550 1449008108949768719
1449008108957955923 1449008108998611639
1449008109008269633 1449008109048875915
1449008109058024724 1449008109098528387
1449008109108684526 1449008109149590584
1449008109158055930 1449008109198520836
1449008109208456749 1449008109249202334
1449008109258063889 1449008109299805323
1449008109308548227 1449008109349543775
1449008109358573317 1449008109399227259
1449008109408172468 1449008109448932660
1449008109459096927 1449008109500010598
1449008109508742264 1449008109549427660
1449008109559365028 1449008109600714094
1449008109608676704 1449008109649510210
1449008109658806443 1449008109699493939
1449008109708858478 1449008109749697081
1449008109758520912 1449008109799208758
1449008109808047059 1449008109848372664
1449008109858426709 1449008109899075770
1449008109908557480 1449008109949448962
1449008109959063114 1449008110000245193
1449008110008436690 1449008110049005588
1449008110058470068 1449008110099692881
1449008110108658255 1449008110149338641
1449008110158415935 1449008110200587927
1449008110208486075 1449008110249656932
1449008110258559857 1449008110299019126
1449008110308569020 1449008110348853697
1449008110358797015 1449008110399956478
1449008110408056287 1449008110448757144
1449008110458510819 1449008110499006836
1449008110508455362 1449008110549003521
1449008110558479960 1449008110599259515
1449008110608187743 1449008110648885489
1449008110657933600 1449008110698656390
1449008110708423324 1449008110749426802
1449008110758678004 1449008110799399756
1449008110808168601 1449008110848722085
1449008110858837532 1449008110899488060
1449008110908487795 1449008110949768574
1449008110958433139 1449008110998857356
1449008111008758829 1449008111048987070
1449008111058163340 1449008111099199466
1449008111108860252 1449008111150009977
1449008111158617777 1449008111199236052
1449008111208431933 1449008111250383281
1449008111258220296 1449008111298527426
1449008111308147196 1449008111349192544
1449008111358362212 1449008111398856734
1449008111408426941 1449008111449511792
1449008111458462809 1449008111498960545
1449008111508176910 1449008111548437866
1449008111558410977 1449008111599199790
1449008111608287831 1449008111648993454
