1449008140466971916 1449008140508010419
1449008140516890020 1449008140557552498
1449008140566854303 1449008140608281527
1449008140616920497 1449008140658250713
1449008140666938998 1449008140707583924
1449008140716795452 1449008140757812995
1449008140766918728 1449008140807475878
1449008140816871120 1449008140857259201
1449008140866947563 1449008140908465596
1449008140916953340 1449008140957645212
1449008140966927405 1449008141008227865
1449008141016711274 1449008141057228459
1449008141066958978 1449008141440193306
1449008141116980661 1449008141440218251
1449008141166745399 1449008141440224809
1449008141216818542 1449008141440230803
1449008141266940861 1449008141440236754
1449008141316964980 1449008141440242686
1449008141366833363 1449008142711798047
1449008141416910604 1449008142711824151
1449008141466879552 1449008142711830720
1449008141516959726 1449008142711836730
1449008141566860054 1449008142711842660
1449008141616874253 1449008142711848534
1449008141666954240 1449008142711854429
1449008141716806600 1449008142876830325
1449008141766852402 1449008142876875562
1449008141816891911 1449008143042054436
1449008141866971946 1449008143042079760
1449008141916886619 1449008143042086283
1449008141966748500 1449008143042092372
1449008142016727608 1449008143042098421
1449008142066716587 1449008143042104276
1449008142116598645 1449008143042110254
1449008142166791701 1449008143042116082
1449008142216810053 1449008143042122787
1449008142266779244 1449008143042129215
1449008142316829468 1449008143042135425
1449008142366877466 1449008143042141341
1449008142416982592 1449008143123587009
1449008142466784840 1449008143123635287
1449008142516707075 1449008143123646177
1449008142566715879 1449008143123656547
1449008142616982268 1449008143123668029
1449008142666773032 1449008143123679049
1449008142717084824 1449008143123688997
1449008142766891105 1449008143123699017
1449008142816876172 1449008143206495251
1449008142867091719 1449008143206548622
1449008142916833814 1449008143206563639
1449008142967105267 1449008144196146476
