1449008205184780943 1449008205346415801
1449008205235313376 1449008205396403442
1449008205284901415 1449008205446401463
1449008205335714378 1449008205496001435
1449008205384541833 1449008205545602190
1449008205435122747 1449008205596179555
1449008205484967026 1449008205646586350
1449008205535036664 1449008205696264386
1449008205585454909 1449008205746787795
1449008205635077855 1449008205796398866
1449008205685491001 1449008205846646078
1449008205735087853 1449008205896023337
1449008205785460371 1449008205946481545
1449008205834597983 1449008205996456860
1449008205884877850 1449008206046094318
1449008205935898806 1449008206096200182
1449008205984611168 1449008206145976554
1449008206035589700 1449008206196174672
1449008206084983360 1449008206246937140
1449008206135422181 1449008206296964855
1449008206185456598 1449008206346645679
1449008206235445366 1449008206396215905
1449008206284934295 1449008206446015308
1449008206335881632 1449008206496643059
1449008206385018248 1449008206546882508
1449008206435436820 1449008206596897842
1449008206485434781 1449008206646472912
1449008206535420505 1449008206696029321
1449008206585046439 1449008206746203291
1449008206635387861 1449008206795993020
1449008206685047561 1449008206846684891
1449008206735477385 1449008206904042728
1449008206785427773 1449008206946590706
1449008206835473827 1449008206996166629
1449008206885751234 1449008207046304342
1449008206935017100 1449008207096763967
1449008206985420126 1449008207146338929
1449008207035446010 1449008207196492603
1449008207085389572 1449008207246997481
1449008207135466318 1449008207296004725
1449008207185470898 1449008207346713485
1449008207235044221 1449008207395745440
1449008207284936058 1449008207446486932
1449008207335916899 1449008207496674319
1449008207385073561 1449008207546287844
1449008207435803820 1449008207596489076
1449008207485932446 1449008207646303895
1449008207535023030 1449008207696833321
1449008207584838530 1449008207746155889
1449008207634935901 1449008207796319398
1449008207685316715 1449008207846848682
1449008207735024220 1449008207895523979
1449008207785094143 1449008207946176769
1449008207835402647 1449008207996557171
1449008207885042735 1449008208046787618
1449008207935001736 1449008208096396344
1449008207984889465 1449008208146680821
1449008208034995694 1449008208196641599
1449008208085927828 1449008208246558603
1449008208135356870 1449008208295993435
1449008208185048986 1449008208346228833
1449008208234890334 1449008208396047064
1449008208284895048 1449008208446448562
1449008208334898126 1449008208496248401
1449008208384978114 1449008208546433897
1449008208435446672 1449008208596817224
1449008208484761113 1449008208646000606
1449008208535491022 1449008208695821765
1449008208585040726 1449008208746750154
1449008208635078201 1449008208796193580
1449008208685931630 1449008208846626507
1449008208735919417 1449008208896913263
1449008208785432141 1449008208946875142
1449008208835191256 1449008208996387453
1449008208886053306 1449008209046756000
1449008208934916767 1449008209095433455
1449008208985436870 1449008209146610824
1449008209035070819 1449008209196861642
1449008209084551038 1449008209246105929
1449008209135069180 1449008209295409963
