1449008124089650945 1449008124129930183
1449008124139909436 1449008124181090216
1449008124189505765 1449008124379640245
1449008124239685038 1449008124379670399
1449008124289574059 1449008124379676963
1449008124339193596 1449008124379683067
1449008124390429898 1449008124431129473
1449008124439799764 1449008124480288698
1449008124489419333 1449008124530509469
1449008124539222284 1449008124813124731
1449008124589245888 1449008124813163034
1449008124639087433 1449008124813174104
1449008124689259752 1449008124813184326
1449008124739201611 1449008124813194451
1449008124789157737 1449008124829760173
1449008124839735630 1449008124881900355
1449008124889594228 1449008124930494901
1449008124939295047 1449008124980742983
1449008124989491818 1449008125030962740
1449008125039534115 1449008125080966933
1449008125089647399 1449008125131019741
1449008125139337177 1449008125410873970
1449008125189449979 1449008125410899530
1449008125239256899 1449008125410906120
1449008125289330220 1449008125410912157
1449008125339301673 1449008125410918216
1449008125389889801 1449008125430692655
1449008125439531282 1449008125480996035
1449008125489414252 1449008125530864582
1449008125539139863 1449008125579670230
1449008125589440317 1449008125630991834
1449008125639425335 1449008125680415193
1449008125689152769 1449008125730315671
1449008125739086948 1449008125779913714
1449008125789239521 1449008125830599960
1449008125839542228 1449008125880095132
1449008125889534100 1449008125929970470
1449008125939825232 1449008125981017171
1449008125990008010 1449008126030980165
1449008126039661480 1449008126080155191
1449008126089432440 1449008126130860677
1449008126139382539 1449008126180501384
1449008126189498726 1449008126230954045
1449008126239285951 1449008126281565396
1449008126289295799 1449008126329869154
1449008126340499040 1449008126381725778
1449008126389113048 1449008126429735246
1449008126439912444 1449008126480505193
1449008126489417199 1449008126530766933
1449008126540420201 1449008126581834149
1449008126589532389 1449008126631209043
1449008126639713303 1449008126680525657
1449008126689639949 1449008126731144041
1449008126739559185 1449008126780553914
1449008126789601438 1449008126830807842
1449008126840393472 1449008126881326665
1449008126889689934 1449008126931239272
1449008126939429862 1449008126980751381
1449008126989170551 1449008127030941394
1449008127039469073 1449008127080890184
1449008127089660900 1449008127131130819
1449008127139413626 1449008127180759077
1449008127189408591 1449008127230860040
1449008127239313742 1449008127280358673
1449008127289422173 1449008127330400119
1449008127339369348 1449008127380152865
1449008127390437716 1449008127430933568
1449008127439664385 1449008127481415297
1449008127489607814 1449008127530909130
1449008127539971674 1449008127581470713
1449008127589416461 1449008127629770693
