1449008091571019502 1449008091571377964
1449008091621432177 1449008091621601803
1449008091671169058 1449008091671361564
1449008091721125325 1449008091721329519
1449008091771293482 1449008091771465037
1449008091820834869 1449008091821006536
1449008091870798392 1449008091870948798
1449008091921487100 1449008091921668704
1449008091970710443 1449008091970852745
1449008092021281400 1449008092021466104
1449008092070931706 1449008092071042406
1449008092121254184 1449008092121425436
1449008092171239462 1449008092171434264
1449008092221105056 1449008092290979998
1449008092271288384 1449008092291005780
1449008092321242737 1449008092321450575
1449008092370801363 1449008092371010723
1449008092421332111 1449008092421540741
1449008092470858918 1449008092471011998
1449008092520893159 1449008092521035464
1449008092571452482 1449008092571570904
1449008092621334652 1449008092821502688
1449008092671474618 1449008092821547868
1449008092721288364 1449008092822000397
1449008092771299337 1449008092822025700
1449008092821287202 1449008092822038999
1449008092871280314 1449008093134886340
1449008092921286902 1449008093134932968
1449008092971127756 1449008093134946826
1449008093021299924 1449008093134959285
1449008093071115938 1449008093135260092
1449008093121154032 1449008093136585384
1449008093171102037 1449008093171211803
1449008093221207880 1449008093221318145
1449008093271290898 1449008093271456801
1449008093321272965 1449008093321427719
1449008093370746414 1449008093370846790
1449008093421232059 1449008093421422194
1449008093470844619 1449008093470938736
1449008093520943963 1449008093521100978
1449008093571082421 1449008093571194471
1449008093621469938 1449008093621633292
1449008093670784165 1449008093722978952
1449008093721312164 1449008093723019609
1449008093771332917 1449008093771526627
1449008093821424622 1449008093821535914
1449008093871581122 1449008093871744272
1449008093921522969 1449008093921627704
1449008093971236469 1449008093971401509
1449008094020834044 1449008094021040460
1449008094071466250 1449008094071613066
1449008094121264369 1449008094174991224
1449008094171349174 1449008094175020391
1449008094220829054 1449008094220931308
1449008094271435674 1449008094271584126
1449008094321570530 1449008094321731055
1449008094370822098 1449008094370923198
1449008094421667150 1449008094421834575
1449008094471625002 1449008094471776609
1449008094521335336 1449008094521484340
1449008094571139309 1449008094571234483
1449008094621305210 1449008094621448725
1449008094671237733 1449008095426856114
