1449008112213270173 1449008112255021294
1449008112263734251 1449008112305693422
1449008112313501985 1449008112354782850
1449008112363810110 1449008112404957651
1449008112413273343 1449008112453788606
1449008112463826142 1449008112504986349
1449008112514068093 1449008112555166399
1449008112564257562 1449008112605579450
1449008112613137213 1449008112655081498
1449008112664048800 1449008112705458755
1449008112713161889 1449008112755104575
1449008112763135751 1449008112805090710
1449008112813171608 1449008112855045744
1449008112862923690 1449008112903399132
1449008112913807688 1449008112955772383
1449008112962897623 1449008113004364624
1449008113013000897 1449008113054489650
1449008113062874547 1449008113103802435
1449008113113281859 1449008113155375636
1449008113162911379 1449008113204637185
1449008113212903683 1449008113253896668
1449008113263274806 1449008113305937651
1449008113313354349 1449008113354454050
1449008113363142477 1449008113405088945
1449008113413489945 1449008113454585174
1449008113464131168 1449008113505799011
1449008113513154280 1449008113554394444
1449008113564264941 1449008113605320386
1449008113613350682 1449008113654663403
1449008113663768621 1449008113705789361
1449008113713522966 1449008113756102550
1449008113763558000 1449008113804649275
1449008113813157096 1449008113854757838
1449008113863407492 1449008113904106568
1449008113913417725 1449008113954311648
1449008113963622456 1449008114004230117
1449008114012864272 1449008114054009782
1449008114063111963 1449008114104270351
1449008114113057412 1449008114154323944
1449008114163063554 1449008114204948843
1449008114213167703 1449008114254119274
1449008114263011369 1449008114304827901
1449008114313411770 1449008114355828991
1449008114363102074 1449008114405928293
1449008114413325138 1449008114454647520
1449008114463103222 1449008114504765455
1449008114513780698 1449008114554912762
1449008114563274551 1449008114604794928
1449008114613397922 1449008114654440761
1449008114663812293 1449008114705030989
1449008114713091039 1449008114754076122
1449008114763811804 1449008114805111150
1449008114813362147 1449008114853841904
1449008114864253105 1449008114905561817
1449008114913323685 1449008114955256553
1449008114963133070 1449008115004823418
1449008115013308639 1449008115054135940
1449008115063413354 1449008115104297319
1449008115113157355 1449008115154370850
1449008115163359157 1449008115205062845
1449008115213159556 1449008115254650089
1449008115262877473 1449008115304890765
1449008115313785442 1449008115355478585
1449008115363217462 1449008115404934184
1449008115413299260 1449008115455064117
1449008115463574126 1449008115504475138
1449008115513360418 1449008115554584153
1449008115563845178 1449008115605395464
1449008115613963819 1449008115655134298
1449008115663359273 1449008115704669149
1449008115713564265 1449008115754617643
1449008115763372542 1449008115804693599
1449008115813851853 1449008115854809453
1449008115863098649 1449008115905475878
1449008115913324570 1449008115954434301
1449008115963812674 1449008116004194496
1449008116014254560 1449008116054880906
1449008116063789840 1449008116104612937
1449008116113453377 1449008116154133353
1449008116164256882 1449008116205396666
1449008116213689993 1449008116255021096
1449008116263169503 1449008116304354622
1449008116313155028 1449008116354735246
1449008116363304890 1449008116405773958
1449008116412899039 1449008116454595112
1449008116463080261 1449008116503583039
1449008116513029668 1449008116555235469
1449008116564203531 1449008116605411974
1449008116613755607 1449008116654818309
1449008116663263183 1449008116704043700
1449008116714292029 1449008116755374195
1449008116763359907 1449008116805222078
1449008116813323840 1449008116857381561
1449008116863324249 1449008116905190533
1449008116913168057 1449008116954611462
1449008116963223592 1449008117005392214
