1449008063509238314 1449008063510256620
1449008063559076027 1449008063559393343
1449008063609209978 1449008063609294970
1449008063659064470 1449008063659149821
1449008063709310123 1449008063709474926
1449008063759307313 1449008063759595128
1449008063809510966 1449008063809645251
1449008063859169477 1449008063859256468
1449008063909277967 1449008063909373711
1449008063960538290 1449008063960867800
1449008064009254850 1449008064009341751
1449008064059017597 1449008064059330310
1449008064109214356 1449008064109326683
1449008064159688914 1449008064159774856
1449008064210390720 1449008064210476156
1449008064259079922 1449008064259166618
1449008064309619966 1449008064309706208
1449008064359927443 1449008064360074192
1449008064409327421 1449008064409412860
1449008064459993707 1449008064460079986
1449008064509110102 1449008064509196997
1449008064559214176 1449008064559364085
1449008064609095024 1449008064609244839
1449008064659059766 1449008064659207621
1449008064709036695 1449008064709123847
1449008064759756371 1449008064759905580
1449008064809026128 1449008064809112714
1449008064859158900 1449008064859244447
1449008064909242906 1449008064909390716
1449008064959697681 1449008064959792706
1449008065009758538 1449008065009845088
1449008065059332485 1449008065059462387
1449008065109657291 1449008065109744215
1449008065159295327 1449008065159445290
1449008065209350864 1449008065209499341
1449008065259641324 1449008065259729820
1449008065309138058 1449008065309268772
1449008065359029144 1449008065359115610
1449008065409508660 1449008065409595472
1449008065459322546 1449008065459508662
1449008065509928626 1449008065510337146
1449008065559223280 1449008065559310320
1449008065609324362 1449008065609412225
1449008065659589768 1449008065659676477
1449008065710419342 1449008065710505746
1449008065759328977 1449008065759434846
1449008065809083005 1449008065809210483
1449008065859052199 1449008065859144312
1449008065909142033 1449008065909229602
1449008065959158263 1449008065959303017
1449008066009304899 1449008066009395582
1449008066059873063 1449008066060024088
1449008066109035884 1449008066109123755
1449008066159207912 1449008066159292669
1449008066209723153 1449008066209810387
1449008066259745046 1449008066259832083
1449008066309712849 1449008066309797243
1449008066359938831 1449008066360026809
1449008066409405880 1449008066409494519
1449008066459257961 1449008066459409189
1449008066509363290 1449008066509448534
1449008066559802699 1449008066559954745
1449008066609044266 1449008066609131529
1449008066659703035 1449008066659798173
1449008066709223527 1449008066709310893
1449008066759026922 1449008066759114336
1449008066809017914 1449008066809112857
1449008066859293700 1449008066859385689
1449008066909427699 1449008066909576074
1449008066959875887 1449008066960025759
1449008067010439764 1449008067010525835
1449008067059026652 1449008067059113985
1449008067109738728 1449008067109826257
1449008067159025464 1449008067159112051
1449008067209810298 1449008067209898256
1449008067259089627 1449008067259239165
1449008067309443728 1449008067309594672
1449008067359182039 1449008067359331058
1449008067409425246 1449008067409512892
1449008067459740607 1449008067459827465
1449008067509972887 1449008067510099677
1449008067559913168 1449008067560038068
1449008067609174054 1449008067609253317
1449008067659342802 1449008067659464614
1449008067709806404 1449008067709878658
1449008067759176173 1449008067759247997
1449008067809103679 1449008067809227556
1449008067859234734 1449008067859407220
1449008067909173677 1449008067909272756
1449008067959035695 1449008067959131524
1449008068009015448 1449008068009125907
1449008068059358016 1449008068059545711
1449008068109612519 1449008068109711322
1449008068159022448 1449008068159120332
1449008068209191734 1449008068209373217
1449008068259423774 1449008068259597457
1449008068309447892 1449008068309621798
1449008068359943682 1449008068360040814
1449008068409348858 1449008068409450171
