1449008079698182998 1449008079699364954
1449008079747881505 1449008079748147595
1449008079798067248 1449008079798217867
1449008079848080826 1449008079848192426
1449008079947907023 1449008079948040499
1449008080047995821 1449008080048103061
1449008080097874777 1449008080097959266
1449008080147912214 1449008080147995812
1449008080248120167 1449008080248287939
1449008080298020590 1449008080298107894
1449008080348058147 1449008080348144156
1449008080397965332 1449008080398056995
1449008080448047972 1449008080448142598
1449008080548054599 1449008080548206065
1449008080598016379 1449008080598104696
1449008080648068475 1449008080648154452
1449008080698070452 1449008080698158435
1449008080747739408 1449008080747826614
1449008080798062480 1449008080798150502
1449008080848051682 1449008080848200273
1449008080897881647 1449008080898019357
1449008080948010496 1449008080948097840
1449008080998044135 1449008080998194921
1449008081098081648 1449008081098231168
1449008081148174890 1449008081148261075
1449008081248035340 1449008081248123107
1449008081298052652 1449008081298183189
1449008081398061614 1449008081398211451
1449008081448087886 1449008081448236846
1449008081498044382 1449008081498131037
1449008081547818191 1449008081547953443
1449008081597985654 1449008081598137718
1449008081647865070 1449008081647983159
1449008081697852362 1449008081697941731
1449008081748059623 1449008081748153799
1449008081797900458 1449008081797987504
1449008081848213791 1449008081848299953
1449008081898081429 1449008081898210369
1449008081948140025 1449008081948227319
1449008081997852306 1449008081997946413
1449008082048231191 1449008082048319412
1449008082098062317 1449008082098151070
1449008082148089227 1449008082148219151
1449008082198091538 1449008082198242725
1449008082248072368 1449008082248202739
1449008082298101726 1449008082298230706
1449008082347861638 1449008082347949525
1449008082398035716 1449008082398122589
1449008082447902423 1449008082447994152
1449008082497965043 1449008082498053025
1449008082548015779 1449008082548102709
1449008082597681219 1449008082597809925
1449008082647927766 1449008082648057390
1449008082748204821 1449008082748355452
1449008082798144274 1449008082798231438
1449008082848052263 1449008082848200476
1449008082898051200 1449008082898135866
1449008082947820178 1449008082947907628
1449008082998007531 1449008082998102189
1449008083048083829 1449008083048178057
1449008083097843201 1449008083097937305
1449008083148005999 1449008083148097563
1449008083197945827 1449008083198047287
1449008083247995767 1449008083248091101
1449008083297985825 1449008083298080231
1449008083348000925 1449008083348138632
1449008083398023099 1449008083398161226
1449008083447974328 1449008083448069721
1449008083498024584 1449008083498219603
1449008083597956342 1449008083598043643
1449008083647988252 1449008083648074714
1449008083697985895 1449008083698072118
1449008083748135349 1449008083748228218
1449008083798028581 1449008083798112548
1449008083848049954 1449008083848142033
1449008083898111377 1449008083898313716
1449008083948071510 1449008083948151289
1449008083997868071 1449008083997943964
1449008084048001894 1449008084048124325
1449008084098199725 1449008084098312625
1449008084147878248 1449008084147952862
1449008084197996514 1449008084198078147
1449008084248108895 1449008084248233181
1449008084297894609 1449008084298010643
1449008084348136440 1449008084348244818
1449008084398071833 1449008084398151843
1449008084447985520 1449008084448099904
1449008084498097360 1449008084498184683
1449008084547827675 1449008084547908284
1449008084598017951 1449008084598101398
