1449008161098739905 1449008161181868033
1449008161148658703 1449008161229281814
1449008161198578791 1449008161279269020
1449008161248609284 1449008161329204072
1449008161298573533 1449008161379827360
1449008161348409232 1449008161429559724
1449008161398381087 1449008161479208619
1449008161448725636 1449008161529504391
1449008161498575760 1449008161579253460
1449008161548594004 1449008161631595158
1449008161598419052 1449008161679008867
1449008161648485299 1449008161730131839
1449008161698579129 1449008161780065196
1449008161748489759 1449008161829213771
1449008161798714673 1449008161880200931
1449008161848530962 1449008161929281651
1449008161898558424 1449008161980799193
1449008161948609584 1449008162029538213
1449008161998462826 1449008162078902553
1449008162048624727 1449008162129247729
1449008162098558075 1449008162178972933
1449008162148650180 1449008162229184013
1449008162198678625 1449008162281682356
1449008162248475394 1449008162329307379
1449008162298725040 1449008162380693200
1449008162348376715 1449008162429164047
1449008162398647013 1449008162480163110
1449008162448556710 1449008162529471496
1449008162498639651 1449008162579168612
1449008162548661409 1449008162630455113
1449008162598564029 1449008162679297655
1449008162648461064 1449008162729010030
1449008162698622644 1449008162779990236
1449008162748816335 1449008162830366942
1449008162798613472 1449008162879707609
1449008162848488063 1449008162929001577
1449008162898614694 1449008162980928899
1449008162948426053 1449008163029361509
1449008162998377821 1449008163079083503
1449008163048562658 1449008163129383796
1449008163098730452 1449008163181152570
1449008163148658032 1449008163228927119
1449008163198575429 1449008163280769701
1449008163248547193 1449008163329550478
1449008163298629599 1449008163379649519
1449008163348829778 1449008163429623795
1449008163398640189 1449008163479048994
1449008163448547466 1449008163529467987
1449008163498844612 1449008163579466357
1449008163548334316 1449008163629197240
1449008163598380093 1449008163679232829
1449008163648307387 1449008163728857240
1449008163698623832 1449008163779335514
1449008163748700606 1449008163829799591
1449008163798720746 1449008163879333975
1449008163848699765 1449008163929526873
1449008163898505770 1449008163978759917
1449008163948569816 1449008164029502611
1449008163998634713 1449008164079844505
1449008164048261434 1449008164130151743
1449008164098713667 1449008164179620487
1449008164148500336 1449008164229129717
1449008164198578062 1449008164280257744
1449008164248378031 1449008164329063725
1449008164298766923 1449008164379877667
1449008164348744716 1449008164429503264
1449008164398231094 1449008164479798462
1449008164448760036 1449008164529584967
1449008164498530070 1449008164581290326
1449008164548657284 1449008164629133808
1449008164598625557 1449008164679779391
1449008164648274268 1449008164728603406
1449008164698595560 1449008164780488885
1449008164748571325 1449008164830534977
1449008164798266125 1449008164879203740
1449008164848580812 1449008164929553889
1449008164898506595 1449008164979256093
1449008164948660939 1449008165029474188
1449008164998716419 1449008165079597658
1449008165048433055 1449008165128817090
1449008165098659540 1449008165181526087
1449008165148465074 1449008165230235448
1449008165198523142 1449008165280935016
1449008165248569148 1449008165328990322
1449008165298660454 1449008165381141401
1449008165348634143 1449008165429070228
1449008165398580075 1449008165479438209
1449008165448358312 1449008165529161555
1449008165498550402 1449008165580471458
1449008165548530833 1449008165629584155
1449008165598440840 1449008165679532888
1449008165648652266 1449008165730677164
1449008165698359645 1449008165779066375
