1449008226423635845 1449008226585364203
1449008226473391751 1449008226635332034
1449008226523399681 1449008226684995080
1449008226573038734 1449008226735607317
1449008226623452750 1449008226785276053
1449008226673307399 1449008226833910364
1449008226723552964 1449008226884537390
1449008226773296908 1449008226935687579
1449008226823321066 1449008226985154629
1449008226873268512 1449008227034559977
1449008226923088625 1449008227084267117
1449008227023599623 1449008227184655651
1449008227073607977 1449008227234952162
1449008227123022286 1449008227284538294
1449008227173260710 1449008227334520995
1449008227223526657 1449008227384389972
1449008227273335231 1449008227434575440
1449008227323511489 1449008227484402128
1449008227373123910 1449008227535749692
1449008227473290926 1449008227634482733
1449008227523340892 1449008227685111616
1449008227573483440 1449008227735349316
1449008227623284189 1449008227784367514
1449008227673379325 1449008227835290306
1449008227723367782 1449008227884680869
1449008227773125011 1449008227933661030
1449008227823584028 1449008227985065857
1449008227873164076 1449008228034638408
1449008227923195630 1449008228083972959
1449008227973390295 1449008228135802331
1449008228023133543 1449008228183883763
1449008228073271779 1449008228234273947
1449008228122976836 1449008228284122450
1449008228173289768 1449008228335695221
1449008228223300635 1449008228385047367
1449008228273291733 1449008228435222075
1449008228323342679 1449008228483708514
1449008228423362766 1449008228585510814
1449008228473440109 1449008228634787529
1449008228523006107 1449008228685496705
1449008228573294807 1449008228735206693
1449008228623417431 1449008228785699211
1449008228673549779 1449008228835412166
1449008228723365632 1449008228884154442
1449008228773385558 1449008228934401904
1449008228823616191 1449008228984671085
1449008228873172266 1449008229035580042
1449008228923304411 1449008229084255162
1449008228973214089 1449008229135661005
1449008229023583415 1449008229186292303
1449008229123596000 1449008229284064678
1449008229173600918 1449008229334895215
1449008229223403814 1449008229384655696
1449008229273154255 1449008229434326850
1449008229373170181 1449008229535132678
1449008229423363276 1449008229583995055
1449008229473398226 1449008229634787432
1449008229523549427 1449008229684902745
1449008229573284212 1449008229734433306
1449008229623324526 1449008229785117965
1449008229673160795 1449008229834651450
1449008229773292418 1449008229934128291
1449008229823371463 1449008229984390427
1449008229873392864 1449008230035406018
1449008229973238428 1449008230135072679
1449008230023183084 1449008230184553005
1449008230073351086 1449008230234261921
1449008230122974988 1449008230284275291
1449008230173221215 1449008230335519875
1449008230273178896 1449008230434775589
1449008230323028203 1449008230484922861
1449008230373278019 1449008230534362102
1449008230423261129 1449008230584494488
1449008230523319091 1449008230684305201
1449008230573334472 1449008230735684050
1449008230623352383 1449008230785097382
1449008230673259502 1449008230835679894
