1449008144856314089 1449008144897289425
1449008144906677037 1449008144947693308
1449008145005873689 1449008145046883990
1449008145055973925 1449008145096875988
1449008145105898573 1449008145146912225
1449008145155818659 1449008145196572401
1449008145205845769 1449008145246899716
1449008145255729492 1449008145297001987
1449008145306396433 1449008145346884215
1449008145356383781 1449008145396858869
1449008145405900329 1449008145446863526
1449008145555461108 1449008145596615966
1449008145606277378 1449008145646664725
1449008145656382299 1449008145697260279
1449008145706005710 1449008145746513211
1449008145756419623 1449008145797926694
1449008145805902093 1449008145846658346
1449008145855980312 1449008145897353257
1449008145906377415 1449008145946866566
1449008145956837228 1449008145998000454
1449008146055912849 1449008146096837397
1449008146106430198 1449008146147123904
1449008146206418800 1449008146246812462
1449008146356496685 1449008146397438969
1449008146406389760 1449008146447200623
1449008146456317303 1449008146497130544
1449008146506267359 1449008146546905856
1449008146556456271 1449008146596931446
1449008146606435607 1449008146646927290
1449008146655874438 1449008146696829774
1449008146705705607 1449008146746611178
1449008146756563373 1449008146797141093
1449008146805734110 1449008146846508687
1449008146855741214 1449008146896252575
1449008146906194151 1449008146946631315
1449008146955784464 1449008146996570839
1449008147005963176 1449008147046823416
1449008147056310405 1449008147097073786
1449008147105981908 1449008147146851165
1449008147156319516 1449008147196873217
1449008147206341585 1449008147246985321
1449008147256410787 1449008147297327767
1449008147305890116 1449008147346815897
1449008147406776612 1449008147448119641
1449008147456359295 1449008147497110424
1449008147506335811 1449008147546871597
1449008147556476466 1449008147597648253
1449008147706221336 1449008147746968435
1449008147756018129 1449008147796821993
1449008147806435793 1449008147847445842
1449008147856000504 1449008147896884630
1449008147905648065 1449008147946565037
1449008147956433110 1449008147997411188
1449008148005637261 1449008148047497834
1449008148055807550 1449008148096805335
1449008148106394976 1449008148147093013
1449008148156311100 1449008148196759567
1449008148206642800 1449008148247400436
1449008148256372166 1449008148297321927
1449008148356729534 1449008148397597664
1449008148456409714 1449008148497291311
1449008148506240972 1449008148547417418
1449008148556481373 1449008148597189366
1449008148656368685 1449008148697313161
1449008148706348720 1449008148747068075
1449008148756025167 1449008148796820404
1449008148806486417 1449008148846840754
1449008148856449389 1449008148897090969
1449008148905527402 1449008148946468135
1449008148956613765 1449008148997242142
1449008149005838864 1449008149046782950
1449008149055780620 1449008149096820283
1449008149105750452 1449008149146502975
1449008149156752318 1449008149197504261
1449008149205998452 1449008149247543688
1449008149306495619 1449008149347340570
1449008149356247909 1449008149397267586
1449008149406402867 1449008149447451749
1449008149456623922 1449008149496997910
1449008149506661890 1449008149547458913
1449008149556371287 1449008149597376442
1449008149606415934 1449008149647359266
