1449008193804560852 1449008193886489453
1449008193854384288 1449008193935576777
1449008193904510908 1449008193985730040
1449008193954550601 1449008194035742972
1449008194004998432 1449008194086590294
1449008194055063563 1449008194135889560
1449008194104328072 1449008194185288681
1449008194155516600 1449008194236636440
1449008194305626359 1449008194386753566
1449008194355026566 1449008194435541724
1449008194504890869 1449008194586468006
1449008194554722879 1449008194635904088
1449008194655079499 1449008194736773770
1449008194705576403 1449008194788630114
1449008194755074244 1449008194835599896
1449008194854697537 1449008194935826576
1449008194905066483 1449008194985923482
1449008194955171589 1449008195036215331
1449008195005190134 1449008195086834109
1449008195054665348 1449008195137075983
1449008195105201365 1449008195186470921
1449008195155092885 1449008195236700390
1449008195204683753 1449008195286215819
1449008195254896749 1449008195336932001
1449008195304944812 1449008195385768276
1449008195355242099 1449008195436372185
1449008195454537996 1449008195536355594
1449008195504770596 1449008195585634103
1449008195604757785 1449008195686290218
1449008195654745725 1449008195736419090
1449008195704646052 1449008195786698053
1449008195754901900 1449008195836088866
1449008195855639761 1449008195936558910
1449008195904291845 1449008195984981030
1449008195954732450 1449008196036311872
1449008196054733296 1449008196135450802
1449008196155078244 1449008196236493972
1449008196204844318 1449008196285734780
1449008196255198302 1449008196336311814
1449008196305668311 1449008196386529870
1449008196405621003 1449008196486448946
1449008196504880876 1449008196585898664
1449008196555212897 1449008196636386545
1449008196605209115 1449008196686277601
1449008196655183958 1449008196735512757
1449008196705124761 1449008196786712896
1449008196755599028 1449008196837851060
1449008196804610609 1449008196885716513
1449008196855639022 1449008196937187834
1449008196955166621 1449008197036659616
1449008197005159715 1449008197086075176
1449008197105054071 1449008197186369978
1449008197155098898 1449008197236452912
1449008197255154973 1449008197335982991
1449008197305203046 1449008197386219408
1449008197355250932 1449008197436492285
1449008197405183117 1449008197486156088
1449008197455103350 1449008197535738896
1449008197504892738 1449008197586603971
1449008197554775233 1449008197635739073
1449008197605019329 1449008197686106704
1449008197655641293 1449008197736591042
1449008197704397897 1449008197785290997
1449008197755199761 1449008197835659300
1449008197804596464 1449008197885793015
1449008197854201487 1449008197935067028
1449008197905000428 1449008197986317750
1449008197955611254 1449008198036637017
1449008198004669180 1449008198085981383
1449008198055168629 1449008198135931975
1449008198155081709 1449008198236652096
1449008198255138656 1449008198336418879
1449008198305383555 1449008198386473221
1449008198405130764 1449008198486356938
