1449008095949985220 1449008095950650530
1449008096000144297 1449008096000410530
1449008096049832978 1449008096049921386
1449008096100122116 1449008096100274805
1449008096250066414 1449008096250150916
1449008096300372279 1449008096300458104
1449008096349625089 1449008096349757295
1449008096499866282 1449008096499954456
1449008096600148782 1449008096600235158
1449008096650091503 1449008096650227795
1449008096749900356 1449008096749987182
1449008096800151453 1449008096800237256
1449008096849769994 1449008096849854026
1449008096900200551 1449008096900350071
1449008096950126578 1449008096950214054
1449008096999923270 1449008097000011070
1449008097050188082 1449008097050274307
1449008097100204836 1449008097100352990
1449008097150174538 1449008097150260909
1449008097200136396 1449008097200222368
1449008097300494023 1449008097300645137
1449008097349982244 1449008097350068140
1449008097400090474 1449008097400179878
1449008097450327315 1449008097450412915
1449008097499797590 1449008097500010391
1449008097549888537 1449008097549985813
1449008097600046717 1449008097600134536
1449008097650353213 1449008097650509019
1449008097700173489 1449008097700332769
1449008097800115413 1449008097800201379
1449008097849925326 1449008097850012994
1449008097949922888 1449008097950010689
1449008098050129955 1449008098050215727
1449008098100175641 1449008098100262004
1449008098150154746 1449008098150239348
1449008098200155986 1449008098200242054
1449008098300352904 1449008098300502224
1449008098350152031 1449008098350238653
1449008098400138260 1449008098400226025
1449008098450163273 1449008098450250731
1449008098550219154 1449008098550337398
1449008098600182359 1449008098600457946
1449008098650098402 1449008098650294173
1449008098700410296 1449008098700540583
1449008098750124247 1449008098750210481
1449008098800134563 1449008098800221077
1449008098849709826 1449008098849901259
1449008098900130137 1449008098900216967
1449008098950454230 1449008098950542577
1449008099000360956 1449008099000487271
1449008099050144689 1449008099050229836
1449008099150158242 1449008099150242851
1449008099200538126 1449008099200640455
1449008099250386922 1449008099250499785
1449008099300094648 1449008099300192291
1449008099350131445 1449008099350230037
1449008099400143485 1449008099400278107
1449008099449920241 1449008099450020730
1449008099499987369 1449008099500085138
1449008099549783360 1449008099549881536
1449008099600113223 1449008099600210532
1449008099649959695 1449008099650058803
1449008099700110206 1449008099700207273
1449008099799857776 1449008099799955034
1449008099900096843 1449008099900194096
1449008099949860116 1449008099949957420
1449008100000085444 1449008100000183893
1449008100100113655 1449008100100211088
1449008100200110880 1449008100200208623
1449008100249944441 1449008100250043197
1449008100300114042 1449008100300210937
1449008100400160240 1449008100400258387
1449008100450154706 1449008100450253832
1449008100550347529 1449008100550444847
1449008100599914656 1449008100600010993
1449008100650128594 1449008100650226957
1449008100699842082 1449008100699940787
1449008100750356896 1449008100750453663
1449008100800120473 1449008100800217657
1449008100850151662 1449008100850250051
