1449008210252804446 1449008210415646053
1449008210303232254 1449008210464278945
1449008210352597962 1449008210513537588
1449008210402810383 1449008210563754005
1449008210452355479 1449008210613164166
1449008210502365204 1449008210663237434
1449008210552053768 1449008210713519538
1449008210602724678 1449008210763513663
1449008210652700436 1449008210813398568
1449008210702472992 1449008210863575511
1449008210752240927 1449008210913977516
1449008210802089184 1449008210962952824
1449008210852392974 1449008211013969370
1449008210902192361 1449008211062680800
1449008210952327792 1449008211113451600
1449008211003133958 1449008211164191406
1449008211052479461 1449008211214749638
1449008211102404782 1449008211263457270
1449008211152364818 1449008211313131802
1449008211202524895 1449008211363654624
1449008211252335667 1449008211413585447
1449008211302833582 1449008211464003098
1449008211352850196 1449008211514269747
1449008211402428254 1449008211563208104
1449008211452480559 1449008211613901214
1449008211502407306 1449008211663018482
1449008211552422017 1449008211713616113
1449008211602217798 1449008211763364327
1449008211652520531 1449008211813735492
1449008211702559282 1449008211863526002
1449008211752341891 1449008211912737711
1449008211802833332 1449008211963569814
1449008211852381924 1449008212013657887
1449008211902516356 1449008212062956835
1449008211952820502 1449008212114309697
1449008212003098807 1449008212163590780
1449008212052474615 1449008212213957943
1449008212102424977 1449008212264193522
1449008212152336438 1449008212313866458
1449008212202832928 1449008212364484484
1449008212252408325 1449008212413295150
1449008212303245503 1449008212463568616
1449008212353120483 1449008212514413542
1449008212402723700 1449008212563826959
1449008212452447681 1449008212614389566
1449008212502370731 1449008212663044512
1449008212552440747 1449008212713197559
1449008212602817266 1449008212763633331
1449008212652487842 1449008212813928863
1449008212702392730 1449008212864052504
1449008212752451604 1449008212914429194
1449008212802799499 1449008212963088072
1449008212852811772 1449008213014601360
1449008212902331931 1449008213063118574
1449008212952496730 1449008213114624657
1449008213002743544 1449008213163892084
1449008213052347733 1449008213214339973
1449008213102323090 1449008213263035417
1449008213152402953 1449008213313780592
1449008213202845741 1449008213363777421
1449008213252542933 1449008213413472180
1449008213302580953 1449008213464011648
1449008213352546479 1449008213513493669
1449008213402542942 1449008213563694330
1449008213453256506 1449008213615898086
1449008213502554533 1449008213663376476
1449008213552802222 1449008213715305135
1449008213602505583 1449008213764936045
1449008213652243806 1449008213812695322
1449008213702679586 1449008213863795606
1449008213752976024 1449008213914006405
1449008213802445572 1449008213963077877
1449008213852421197 1449008214013826767
1449008213902503971 1449008214063155927
1449008213952783669 1449008214115039924
1449008214002825575 1449008214163669371
1449008214052462371 1449008214213439816
1449008214102498707 1449008214265438563
1449008214152266280 1449008214313083107
1449008214202827976 1449008214364353356
1449008214252413890 1449008214413528620
1449008214302759038 1449008214463641626
1449008214353019704 1449008214515018365
1449008214402742693 1449008214564787342
1449008214452415308 1449008214613080653
1449008214502778959 1449008214664730884
1449008214553145681 1449008214714407031
