1449008177476532253 1449008177558044731
1449008177526219901 1449008177608029839
1449008177626221935 1449008177707671172
1449008177676843759 1449008177757436230
1449008177726354415 1449008177807447096
1449008177776608372 1449008177856997208
1449008177826352286 1449008177907305445
1449008177876234149 1449008177956710744
1449008177976596458 1449008178057168110
1449008178076564271 1449008178157152209
1449008178126616609 1449008178207089830
1449008178176635144 1449008178257329486
1449008178226568738 1449008178307205647
1449008178276312581 1449008178356871878
1449008178326290541 1449008178406612962
1449008178376713209 1449008178457901174
1449008178426442135 1449008178507186744
1449008178476346522 1449008178557580814
1449008178576303297 1449008178656935076
1449008178626422389 1449008178707470491
1449008178726314067 1449008178806847274
1449008178776362184 1449008178856956754
1449008178826383813 1449008178906958362
1449008178876162485 1449008178957046362
1449008179026614084 1449008179107522653
1449008179076318881 1449008179158156510
1449008179126595655 1449008179207246680
1449008179176557266 1449008179257315482
1449008179226639746 1449008179307455094
1449008179276347195 1449008179357971472
1449008179326367329 1449008179407256090
1449008179426296839 1449008179507207425
1449008179476607580 1449008179557927116
1449008179526421289 1449008179607039733
1449008179576344307 1449008179656875901
1449008179626436184 1449008179707399593
1449008179676593265 1449008179757879493
1449008179726253843 1449008179806875128
1449008179776309262 1449008179857072368
1449008179826523510 1449008179908361592
1449008179876403681 1449008179957173276
1449008179926379719 1449008180006932363
1449008179976692103 1449008180058075765
1449008180026315502 1449008180107256446
1449008180076298406 1449008180156748898
1449008180126347959 1449008180207022247
1449008180176383192 1449008180257988053
1449008180276657738 1449008180357765421
1449008180326376846 1449008180407136816
1449008180376328580 1449008180458027625
1449008180426353496 1449008180506693166
1449008180476612134 1449008180557187424
1449008180526394623 1449008180607006022
1449008180576650547 1449008180657175983
1449008180676353098 1449008180756852132
1449008180726644170 1449008180807192355
1449008180826641372 1449008180907591107
1449008180876695981 1449008180957920917
1449008180926005719 1449008181007009284
1449008180976393432 1449008181056708593
1449008181026391126 1449008181106751363
1449008181076637105 1449008181157393054
1449008181126633957 1449008181207051375
1449008181176698964 1449008181257289459
1449008181226350298 1449008181308329767
1449008181276496862 1449008181357458079
1449008181326584685 1449008181407133579
1449008181376361860 1449008181457715937
1449008181426636606 1449008181507359481
1449008181476571037 1449008181557125784
1449008181526525423 1449008181608536709
1449008181576586178 1449008181657170673
1449008181626585395 1449008181707332013
1449008181676586124 1449008181757046176
1449008181726692227 1449008181808510616
1449008181776237482 1449008181856773123
1449008181826382970 1449008181908036043
1449008181876038419 1449008181956678283
1449008181926518561 1449008182008410606
1449008181976070821 1449008182056619336
1449008182026575189 1449008182107277358
1449008182076352461 1449008182157388515
