1449008128491544714 1449008128533425123
1449008128591614130 1449008128633036576
1449008128641511656 1449008128682383869
1449008128691549239 1449008128733381782
1449008128791594821 1449008128832954246
1449008128891522807 1449008128932253378
1449008128941454542 1449008128982223188
1449008128991412556 1449008129033119402
1449008129041376553 1449008129081955868
1449008129091473304 1449008129132903200
1449008129141394379 1449008129183004790
1449008129191371503 1449008129231842044
1449008129241341028 1449008129282960736
1449008129291228282 1449008129332351310
1449008129341440450 1449008129382365344
1449008129391382147 1449008129433509155
1449008129491455982 1449008129532307111
1449008129541299983 1449008129582076129
1449008129591231758 1449008129632949423
1449008129641445036 1449008129682439655
1449008129691476650 1449008129732257706
1449008129741185864 1449008129782778568
1449008129791365273 1449008129832318255
1449008129841213988 1449008129882917487
1449008129891348540 1449008129932280456
1449008129941330709 1449008129982123717
1449008129991203719 1449008130032691951
1449008130091439010 1449008130132652037
1449008130191570021 1449008130232334406
1449008130241189913 1449008130282941287
1449008130291421681 1449008130332668379
1449008130341207441 1449008130381996888
1449008130391485038 1449008130432076045
1449008130441187007 1449008130482910327
1449008130491408354 1449008130532711376
1449008130541215594 1449008130582181027
1449008130591198310 1449008130632926360
1449008130641612687 1449008130683336882
1449008130691358220 1449008130732479370
1449008130741193955 1449008130782346083
1449008130791289158 1449008130832450226
1449008130841377030 1449008130882935652
1449008130891499057 1449008130933106018
1449008130941344611 1449008130982964805
1449008130991269409 1449008131032034180
1449008131041227389 1449008131083743292
1449008131091528778 1449008131132254284
1449008131141233991 1449008131182879345
1449008131191514744 1449008131232191767
1449008131241322178 1449008131282618529
1449008131291268384 1449008131332272755
1449008131441431807 1449008131481972325
1449008131491403560 1449008131533207066
1449008131541373203 1449008131582521059
1449008131591191449 1449008131632891123
1449008131641374620 1449008131682546414
1449008131691449847 1449008131732629652
1449008131741395295 1449008131782194022
1449008131791245700 1449008131832919744
1449008131841545709 1449008131882268904
1449008131891571429 1449008131932408861
1449008131941228489 1449008131982692736
1449008131991443648 1449008132032596657
1449008132041187480 1449008132082098298
1449008132091538558 1449008132132833943
1449008132141231300 1449008132182605707
1449008132191386739 1449008132232494348
1449008132241188434 1449008132282934473
1449008132291535925 1449008132332801785
1449008132341422720 1449008132382452917
1449008132391338233 1449008132432177862
1449008132441465994 1449008132482666518
1449008132491472628 1449008132532579765
1449008132541230566 1449008132582364582
1449008132591335107 1449008132632555655
1449008132641400840 1449008132682367376
1449008132741473530 1449008132781961533
1449008132791476064 1449008132833179347
1449008132841614982 1449008132882930590
1449008132891379599 1449008132932867786
1449008132991497205 1449008133032510698
1449008133041498026 1449008133082172696
1449008133091471727 1449008133132336394
1449008133141458694 1449008133182212093
1449008133191620934 1449008133232122086
1449008133241414361 1449008133282493429
