1450056068835682 1450056068835954 1450056068835967 1450056068836058
1450056068885861 1450056068885922 1450056068885934 1450056068886034
1450056068935731 1450056068935792 1450056068935804 1450056068935890
1450056068985717 1450056068985779 1450056068985793 1450056068985879
1450056069035727 1450056069035815 1450056069035837 1450056069035945
1450056069085720 1450056069085804 1450056069085816 1450056069086025
1450056069135715 1450056069135774 1450056069135785 1450056069135876
1450056069185771 1450056069185871 1450056069185889 1450056069186032
1450056069235732 1450056069235877 1450056069235893 1450056069236002
1450056069285721 1450056069285784 1450056069285795 1450056069285953
1450056069335716 1450056069335774 1450056069335784 1450056069335880
1450056069385704 1450056069385738 1450056069385744 1450056069385796
1450056069435725 1450056069435841 1450056069435856 1450056069435962
1450056069485716 1450056069485782 1450056069485795 1450056069485905
1450056069535718 1450056069535793 1450056069535803 1450056069535915
1450056069585715 1450056069585775 1450056069585786 1450056069585886
1450056069635773 1450056069635878 1450056069635895 1450056069636010
1450056069685773 1450056069685879 1450056069685897 1450056069686058
1450056069735721 1450056069735783 1450056069735795 1450056069735883
1450056069785715 1450056069785825 1450056069785839 1450056069785921
1450056069835728 1450056069835791 1450056069835803 1450056069835891
1450056069885772 1450056069885877 1450056069885895 1450056069886059
1450056069935770 1450056069935881 1450056069935899 1450056069936032
1450056069985717 1450056069985783 1450056069985795 1450056069985912
1450056070035720 1450056070035783 1450056070035795 1450056070035893
1450056070085714 1450056070085773 1450056070085784 1450056070085896
1450056070135718 1450056070136083 1450056070136093 1450056070136184
1450056070185727 1450056070185789 1450056070185801 1450056070185901
1450056070235698 1450056070235768 1450056070235775 1450056070235832
1450056070285719 1450056070285780 1450056070285792 1450056070285898
1450056070335731 1450056070335863 1450056070335870 1450056070335931
1450056070385741 1450056070385805 1450056070385826 1450056070385888
1450056070435711 1450056070435746 1450056070435752 1450056070435808
1450056070485717 1450056070485772 1450056070485781 1450056070485901
1450056070535731 1450056070535856 1450056070535863 1450056070535939
1450056070585713 1450056070585772 1450056070585779 1450056070585826
1450056070635724 1450056070635801 1450056070635819 1450056070635915
1450056070685732 1450056070685765 1450056070685770 1450056070685830
1450056070735697 1450056070735733 1450056070735739 1450056070735791
1450056070785706 1450056070785743 1450056070785750 1450056070785813
1450056070835716 1450056070835804 1450056070835813 1450056070835875
1450056070885701 1450056070885735 1450056070885739 1450056070885797
1450056070935725 1450056070935869 1450056070935883 1450056070935976
1450056070985729 1450056070985799 1450056070985813 1450056070985914
1450056071035722 1450056071035787 1450056071035800 1450056071035910
1450056071085731 1450056071085799 1450056071085810 1450056071085922
1450056071135716 1450056071135799 1450056071135813 1450056071135904
1450056071185713 1450056071185810 1450056071185824 1450056071185908
1450056071235672 1450056071235706 1450056071235712 1450056071235753
1450056071285732 1450056071285843 1450056071285853 1450056071285944
1450056071335714 1450056071335800 1450056071335813 1450056071335901
1450056071385748 1450056071385827 1450056071385838 1450056071385913
1450056071435731 1450056071435801 1450056071435811 1450056071435936
1450056071485728 1450056071485765 1450056071485773 1450056071485838
1450056071535705 1450056071535742 1450056071535748 1450056071535806
1450056071585706 1450056071585747 1450056071585754 1450056071585822
1450056071635718 1450056071635772 1450056071635782 1450056071635905
1450056071685726 1450056071685788 1450056071685799 1450056071685926
1450056071735673 1450056071735700 1450056071735707 1450056071735756
1450056071785772 1450056071785892 1450056071785906 1450056071786025
1450056071835719 1450056071835783 1450056071835798 1450056071835931
1450056071885733 1450056071885827 1450056071885843 1450056071885975
1450056071935720 1450056071935818 1450056071935834 1450056071935942
1450056071985729 1450056071985799 1450056071985810 1450056071985925
1450056072035719 1450056072035786 1450056072035798 1450056072035899
1450056072085715 1450056072085767 1450056072085776 1450056072086160
1450056072135715 1450056072135788 1450056072135798 1450056072135886
1450056072185717 1450056072185782 1450056072185795 1450056072185889
1450056072235696 1450056072235756 1450056072235766 1450056072235854
1450056072285720 1450056072285785 1450056072285798 1450056072285901
1450056072335718 1450056072335810 1450056072335824 1450056072335929
1450056072385731 1450056072385810 1450056072385825 1450056072385924
1450056072435731 1450056072435793 1450056072435805 1450056072435905
1450056072485717 1450056072485803 1450056072485815 1450056072485916
1450056072535721 1450056072535816 1450056072535829 1450056072535925
1450056072585721 1450056072585786 1450056072585799 1450056072585893
1450056072635773 1450056072635885 1450056072635901 1450056072636037
1450056072685710 1450056072685747 1450056072685754 1450056072685805
1450056072735748 1450056072735859 1450056072735881 1450056072735978
1450056072785710 1450056072785761 1450056072785771 1450056072785843
1450056072835720 1450056072835807 1450056072835819 1450056072835895
1450056072885754 1450056072885861 1450056072885878 1450056072886014
1450056072935687 1450056072935732 1450056072935741 1450056072935823
1450056072985713 1450056072985781 1450056072985793 1450056072985890
1450056073035714 1450056073035757 1450056073035766 1450056073035838
1450056073085712 1450056073085849 1450056073085864 1450056073086026
1450056073135728 1450056073135823 1450056073135834 1450056073135953
1450056073185726 1450056073185843 1450056073185857 1450056073185971
1450056073235699 1450056073235763 1450056073235775 1450056073235867
1450056073285801 1450056073285876 1450056073285887 1450056073285972
1450056073335732 1450056073335793 1450056073335805 1450056073335901
1450056073385714 1450056073385779 1450056073385792 1450056073385893
1450056073435762 1450056073435874 1450056073435892 1450056073436083
1450056073485732 1450056073485790 1450056073485802 1450056073485895
1450056073535739 1450056073535857 1450056073535872 1450056073536019
1450056073585715 1450056073585790 1450056073585805 1450056073585956
1450056073635739 1450056073635808 1450056073635821 1450056073635906
1450056073685719 1450056073685777 1450056073685788 1450056073685873
1450056073735726 1450056073735794 1450056073735814 1450056073735910
1450056073785723 1450056073785783 1450056073785793 1450056073785878
1450056073835718 1450056073835777 1450056073835786 1450056073835868
1450056073885708 1450056073885762 1450056073885768 1450056073885828
1450056073935747 1450056073935853 1450056073935871 1450056073935959
1450056073985723 1450056073985791 1450056073985802 1450056073985887
1450056074035727 1450056074035826 1450056074035842 1450056074035934
1450056074085718 1450056074085784 1450056074085796 1450056074085893
1450056074135724 1450056074135822 1450056074135837 1450056074135938
1450056074185720 1450056074185819 1450056074185831 1450056074185913
1450056074235729 1450056074235895 1450056074235912 1450056074235983
1450056074285732 1450056074285886 1450056074285901 1450056074286002
1450056074335772 1450056074335903 1450056074335920 1450056074336065
1450056074385769 1450056074385879 1450056074385897 1450056074386034
1450056074435730 1450056074435791 1450056074435802 1450056074435901
1450056074485715 1450056074485780 1450056074485793 1450056074485893
1450056074535732 1450056074535795 1450056074535807 1450056074535916
1450056074585728 1450056074585845 1450056074585860 1450056074585960
1450056074635732 1450056074635803 1450056074635817 1450056074635928
1450056074685735 1450056074685795 1450056074685805 1450056074685903
1450056074735726 1450056074735790 1450056074735801 1450056074735907
1450056074785704 1450056074785762 1450056074785769 1450056074785823
1450056074835709 1450056074835831 1450056074835847 1450056074835952
1450056074885703 1450056074885736 1450056074885741 1450056074885797
1450056074935701 1450056074935769 1450056074935777 1450056074935842
1450056074985712 1450056074985775 1450056074985788 1450056074985880
1450056075035728 1450056075035797 1450056075035810 1450056075035941
1450056075085734 1450056075085829 1450056075085845 1450056075085946
1450056075135722 1450056075135800 1450056075135811 1450056075135883
1450056075185729 1450056075185840 1450056075185859 1450056075186017
1450056075235731 1450056075235800 1450056075235816 1450056075235928
1450056075285726 1450056075285839 1450056075285853 1450056075285962
1450056075335732 1450056075335790 1450056075335799 1450056075335932
1450056075385731 1450056075385823 1450056075385838 1450056075385968
1450056075435724 1450056075435824 1450056075435840 1450056075435969
1450056075485727 1450056075485793 1450056075485810 1450056075485904
1450056075535718 1450056075535780 1450056075535800 1450056075535860
1450056075585730 1450056075585833 1450056075585842 1450056075585895
1450056075635730 1450056075635822 1450056075635830 1450056075635887
1450056075685719 1450056075685782 1450056075685794 1450056075685891
1450056075735718 1450056075735779 1450056075735792 1450056075735903
1450056075785728 1450056075785794 1450056075785806 1450056075785891
1450056075835714 1450056075835792 1450056075835804 1450056075835893
1450056075885737 1450056075885809 1450056075885823 1450056075885912
1450056075935718 1450056075935780 1450056075935793 1450056075935914
1450056075985716 1450056075985800 1450056075985813 1450056075985912
1450056076035716 1450056076035777 1450056076035788 1450056076035887
1450056076085719 1450056076085785 1450056076085798 1450056076085907
1450056076135717 1450056076135779 1450056076135791 1450056076135908
1450056076185771 1450056076185853 1450056076185868 1450056076186071
1450056076235725 1450056076235802 1450056076235816 1450056076235925
1450056076285731 1450056076285802 1450056076285815 1450056076285915
1450056076335718 1450056076335801 1450056076335813 1450056076335934
1450056076385729 1450056076385798 1450056076385810 1450056076385931
1450056076435726 1450056076435783 1450056076435792 1450056076435932
1450056076485720 1450056076485786 1450056076485799 1450056076485915
1450056076535713 1450056076535785 1450056076535799 1450056076535910
1450056076585731 1450056076585793 1450056076585804 1450056076585886
1450056076635771 1450056076635846 1450056076635869 1450056076636069
1450056076685717 1450056076685819 1450056076685832 1450056076685943
1450056076735718 1450056076735781 1450056076735792 1450056076735901
1450056076785733 1450056076785803 1450056076785817 1450056076785910
1450056076835733 1450056076835804 1450056076835818 1450056076835913
1450056076885730 1450056076885797 1450056076885810 1450056076885956
1450056076935770 1450056076935854 1450056076935879 1450056076936124
1450056076985733 1450056076985803 1450056076985817 1450056076985924
1450056077035718 1450056077035801 1450056077035814 1450056077035926
1450056077085714 1450056077085779 1450056077085792 1450056077085886
1450056077135733 1450056077135804 1450056077135816 1450056077135941
1450056077185712 1450056077185769 1450056077185780 1450056077185862
1450056077235705 1450056077235746 1450056077235754 1450056077235817
1450056077285731 1450056077285778 1450056077285787 1450056077285856
1450056077335712 1450056077335787 1450056077335809 1450056077335931
1450056077385703 1450056077385775 1450056077385781 1450056077385830
1450056077435715 1450056077435768 1450056077435777 1450056077435844
1450056077485700 1450056077485726 1450056077485732 1450056077485778
1450056077535755 1450056077535791 1450056077535796 1450056077535853
1450056077585701 1450056077585743 1450056077585751 1450056077585823
1450056077635711 1450056077635767 1450056077635777 1450056077635840
1450056077685718 1450056077685781 1450056077685793 1450056077685880
1450056077735720 1450056077735773 1450056077735782 1450056077735867
1450056077785696 1450056077785728 1450056077785733 1450056077785785
1450056077835713 1450056077835782 1450056077835797 1450056077835904
1450056077885703 1450056077885748 1450056077885755 1450056077885811
1450056077935731 1450056077935794 1450056077935806 1450056077935958
1450056077985722 1450056077985791 1450056077985805 1450056077985903
1450056078035733 1450056078035802 1450056078035815 1450056078035909
1450056078085722 1450056078085803 1450056078085816 1450056078085910
1450056078135715 1450056078135808 1450056078135822 1450056078135938
1450056078185720 1450056078185784 1450056078185795 1450056078185871
1450056078235734 1450056078235800 1450056078235812 1450056078235941
1450056078285731 1450056078285817 1450056078285834 1450056078285968
1450056078335739 1450056078335834 1450056078335849 1450056078336006
1450056078385717 1450056078385809 1450056078385823 1450056078385912
1450056078435716 1450056078435804 1450056078435817 1450056078435908
1450056078485717 1450056078485818 1450056078485835 1450056078485929
1450056078535774 1450056078535883 1450056078535902 1450056078536109
1450056078585724 1450056078585789 1450056078585802 1450056078585978
1450056078635713 1450056078635809 1450056078635820 1450056078635882
1450056078685704 1450056078685772 1450056078685779 1450056078685853
1450056078735695 1450056078735757 1450056078735769 1450056078735888
1450056078785708 1450056078785755 1450056078785761 1450056078785811
1450056078835728 1450056078835796 1450056078835811 1450056078835905
1450056078885732 1450056078885845 1450056078885859 1450056078885969
1450056078935709 1450056078935756 1450056078935766 1450056078935837
1450056078985713 1450056078985794 1450056078985805 1450056078985893
1450056079035715 1450056079035855 1450056079035866 1450056079035962
1450056079085704 1450056079085750 1450056079085759 1450056079085830
1450056079135713 1450056079135791 1450056079135802 1450056079135912
1450056079185721 1450056079185798 1450056079185811 1450056079185890
1450056079235695 1450056079235755 1450056079235769 1450056079235838
1450056079285718 1450056079285778 1450056079285789 1450056079285878
1450056079335718 1450056079335881 1450056079335896 1450056079335997
1450056079385714 1450056079385803 1450056079385818 1450056079385909
1450056079435720 1450056079435778 1450056079435789 1450056079435883
1450056079485718 1450056079485813 1450056079485824 1450056079485922
1450056079535716 1450056079535791 1450056079535803 1450056079535988
1450056079585717 1450056079585778 1450056079585789 1450056079585886
1450056079635767 1450056079635877 1450056079635894 1450056079636101
1450056079685736 1450056079685837 1450056079685852 1450056079686115
1450056079735723 1450056079735786 1450056079735798 1450056079735910
1450056079785758 1450056079785869 1450056079785889 1450056079786037
1450056079835733 1450056079835824 1450056079835830 1450056079835878
1450056079885731 1450056079885824 1450056079885838 1450056079885947
1450056079935737 1450056079935824 1450056079935838 1450056079935967
1450056079985724 1450056079985796 1450056079985809 1450056079985905
1450056080035689 1450056080035754 1450056080035769 1450056080035864
1450056080085715 1450056080085778 1450056080085791 1450056080085877
1450056080135751 1450056080135863 1450056080135883 1450056080136060
1450056080185706 1450056080185773 1450056080185780 1450056080185853
1450056080235675 1450056080235709 1450056080235715 1450056080235770
1450056080285696 1450056080285732 1450056080285738 1450056080285791
1450056080335725 1450056080335796 1450056080335810 1450056080335929
1450056080385708 1450056080385752 1450056080385759 1450056080385840
1450056080435704 1450056080435733 1450056080435738 1450056080435780
1450056080485718 1450056080485794 1450056080485808 1450056080485908
1450056080535706 1450056080535776 1450056080535783 1450056080535836
1450056080585698 1450056080585730 1450056080585736 1450056080585780
1450056080635725 1450056080635790 1450056080635802 1450056080635906
1450056080685713 1450056080685772 1450056080685780 1450056080685830
1450056080735722 1450056080735787 1450056080735800 1450056080735924
1450056080785708 1450056080785764 1450056080785772 1450056080785822
1450056080835718 1450056080835813 1450056080835827 1450056080835933
1450056080885713 1450056080885783 1450056080885790 1450056080885875
1450056080935718 1450056080935783 1450056080935795 1450056080935910
1450056080985710 1450056080985767 1450056080985774 1450056080985833
1450056081035702 1450056081035741 1450056081035747 1450056081035826
1450056081085704 1450056081085771 1450056081085777 1450056081085828
1450056081135802 1450056081135960 1450056081135975 1450056081136107
1450056081185707 1450056081185774 1450056081185781 1450056081185840
1450056081235713 1450056081235798 1450056081235814 1450056081235906
1450056081285706 1450056081285771 1450056081285782 1450056081285865
1450056081335697 1450056081335767 1450056081335774 1450056081335831
1450056081385721 1450056081385767 1450056081385777 1450056081385870
1450056081435731 1450056081435828 1450056081435843 1450056081435966
1450056081485731 1450056081485796 1450056081485808 1450056081485925
1450056081535731 1450056081535822 1450056081535837 1450056081535973
1450056081585716 1450056081585802 1450056081585815 1450056081585903
1450056081635735 1450056081635833 1450056081635849 1450056081635967
1450056081685704 1450056081685741 1450056081685747 1450056081685799
1450056081735726 1450056081735795 1450056081735812 1450056081735915
1450056081785732 1450056081785805 1450056081785818 1450056081785947
1450056081835718 1450056081835782 1450056081835794 1450056081835886
1450056081885743 1450056081885825 1450056081885840 1450056081885984
1450056081935718 1450056081935799 1450056081935818 1450056081935872
1450056081985723 1450056081985790 1450056081985804 1450056081985913
1450056082035703 1450056082035736 1450056082035741 1450056082035788
1450056082085702 1450056082085730 1450056082085737 1450056082085787
1450056082135771 1450056082135806 1450056082135812 1450056082135882
1450056082185711 1450056082185874 1450056082185890 1450056082185988
1450056082235718 1450056082235781 1450056082235794 1450056082235851
1450056082285717 1450056082285814 1450056082285829 1450056082285929
1450056082335715 1450056082335877 1450056082335893 1450056082336014
1450056082385715 1450056082385812 1450056082385828 1450056082385933
1450056082435737 1450056082435807 1450056082435821 1450056082435966
1450056082485725 1450056082485882 1450056082485897 1450056082485988
1450056082535731 1450056082535787 1450056082535798 1450056082535906
1450056082585716 1450056082585778 1450056082585791 1450056082585890
1450056082635719 1450056082635806 1450056082635818 1450056082635915
1450056082685722 1450056082685834 1450056082685850 1450056082685976
1450056082735721 1450056082735786 1450056082735797 1450056082735921
1450056082785767 1450056082785877 1450056082785895 1450056082786023
1450056082835754 1450056082835859 1450056082835874 1450056082835977
1450056082885709 1450056082885766 1450056082885786 1450056082885846
1450056082935698 1450056082935736 1450056082935743 1450056082935801
1450056082985713 1450056082985787 1450056082985795 1450056082985870
1450056083035708 1450056083035773 1450056083035782 1450056083035847
1450056083085699 1450056083085730 1450056083085736 1450056083085804
1450056083135716 1450056083135803 1450056083135812 1450056083135897
1450056083185706 1450056083185777 1450056083185786 1450056083185859
1450056083235699 1450056083235733 1450056083235739 1450056083235785
1450056083285748 1450056083285833 1450056083285848 1450056083285964
1450056083335733 1450056083335837 1450056083335853 1450056083335983
1450056083385742 1450056083385842 1450056083385868 1450056083386036
1450056083435718 1450056083435858 1450056083435865 1450056083435916
1450056083485718 1450056083485792 1450056083485809 1450056083485901
1450056083535703 1450056083535770 1450056083535777 1450056083535827
1450056083585705 1450056083585758 1450056083585766 1450056083585813
1450056083635723 1450056083635805 1450056083635824 1450056083635930
1450056083685727 1450056083685798 1450056083685805 1450056083685889
1450056083735728 1450056083735905 1450056083735921 1450056083736089
1450056083785713 1450056083785753 1450056083785760 1450056083785816
1450056083835705 1450056083835765 1450056083835773 1450056083835825
1450056083885725 1450056083885820 1450056083885835 1450056083885931
1450056083935716 1450056083935778 1450056083935789 1450056083935907
1450056083985718 1450056083985813 1450056083985829 1450056083985950
1450056084035718 1450056084036073 1450056084036078 1450056084036122
1450056084085714 1450056084085851 1450056084085858 1450056084085907
1450056084135702 1450056084135739 1450056084135746 1450056084135804
1450056084185719 1450056084185820 1450056084185836 1450056084185979
1450056084235718 1450056084235778 1450056084235790 1450056084235880
1450056084285731 1450056084285794 1450056084285806 1450056084285899
1450056084335721 1450056084335782 1450056084335793 1450056084335895
1450056084385704 1450056084385740 1450056084385747 1450056084385796
1450056084435724 1450056084435818 1450056084435831 1450056084435934
1450056084485729 1450056084485824 1450056084485838 1450056084485945
1450056084535714 1450056084535775 1450056084535787 1450056084536105
1450056084585732 1450056084585791 1450056084585803 1450056084585886
1450056084635729 1450056084635790 1450056084635800 1450056084635888
1450056084685715 1450056084685802 1450056084685816 1450056084685899
1450056084735673 1450056084735716 1450056084735724 1450056084736120
1450056084785724 1450056084785788 1450056084785799 1450056084785914
1450056084835712 1450056084835767 1450056084835777 1450056084835862
1450056084885715 1450056084885762 1450056084885771 1450056084885855
1450056084935715 1450056084935779 1450056084935791 1450056084935905
1450056084985703 1450056084985739 1450056084985745 1450056084985798
1450056085035696 1450056085035727 1450056085035733 1450056085035784
1450056085085705 1450056085085757 1450056085085766 1450056085085880
1450056085135718 1450056085135771 1450056085135781 1450056085135868
1450056085185700 1450056085185733 1450056085185738 1450056085185795
1450056085235714 1450056085235756 1450056085235773 1450056085235859
1450056085285698 1450056085285743 1450056085285748 1450056085285822
1450056085335719 1450056085335767 1450056085335776 1450056085335919
1450056085385732 1450056085385824 1450056085385839 1450056085385957
1450056085435766 1450056085435871 1450056085435890 1450056085436067
1450056085485719 1450056085485781 1450056085485793 1450056085485888
1450056085535720 1450056085535818 1450056085535825 1450056085535878
1450056085585748 1450056085585855 1450056085585873 1450056085585978
1450056085635721 1450056085635860 1450056085635873 1450056085636016
1450056085685734 1450056085685804 1450056085685816 1450056085685916
1450056085735712 1450056085735740 1450056085735747 1450056085735799
1450056085785845 1450056085785938 1450056085785954 1450056085786065
1450056085835728 1450056085835790 1450056085835801 1450056085835860
1450056085885763 1450056085885896 1450056085885915 1450056085886048
1450056085935718 1450056085935816 1450056085935831 1450056085935914
1450056085985702 1450056085985741 1450056085985748 1450056085985797
1450056086035727 1450056086035842 1450056086035857 1450056086035952
1450056086085709 1450056086085750 1450056086085756 1450056086085822
1450056086135711 1450056086135774 1450056086135784 1450056086135851
1450056086185709 1450056086185766 1450056086185773 1450056086185835
1450056086235732 1450056086235826 1450056086235841 1450056086235940
1450056086285717 1450056086285797 1450056086285810 1450056086285906
1450056086335719 1450056086335816 1450056086335834 1450056086335979
1450056086385732 1450056086385852 1450056086385864 1450056086385950
1450056086435716 1450056086435799 1450056086435808 1450056086435877
1450056086485705 1450056086485740 1450056086485746 1450056086485803
1450056086535713 1450056086535779 1450056086535791 1450056086535891
1450056086585730 1450056086585821 1450056086585835 1450056086585973
1450056086635721 1450056086635795 1450056086635804 1450056086635895
1450056086685741 1450056086685823 1450056086685834 1450056086685947
1450056086735712 1450056086735773 1450056086735783 1450056086735860
1450056086785714 1450056086785777 1450056086785789 1450056086785889
1450056086835767 1450056086835852 1450056086835868 1450056086836020
1450056086885738 1450056086885787 1450056086885797 1450056086885870
1450056086935714 1450056086935800 1450056086935815 1450056086935955
1450056086985709 1450056086985762 1450056086985770 1450056086985829
1450056087035709 1450056087035866 1450056087035879 1450056087035980
1450056087085706 1450056087085751 1450056087085757 1450056087085808
1450056087135771 1450056087135878 1450056087135904 1450056087136002
1450056087185722 1450056087185821 1450056087185831 1450056087185907
1450056087235721 1450056087235819 1450056087235834 1450056087235944
1450056087285721 1450056087285821 1450056087285835 1450056087285939
1450056087335715 1450056087335800 1450056087335809 1450056087335878
1450056087385736 1450056087385835 1450056087385854 1450056087386040
1450056087435741 1450056087435836 1450056087435853 1450056087435976
1450056087485711 1450056087485760 1450056087485769 1450056087485837
1450056087535715 1450056087535778 1450056087535790 1450056087535900
1450056087585707 1450056087585743 1450056087585749 1450056087585801
1450056087635731 1450056087635808 1450056087635824 1450056087635979
1450056087685739 1450056087685824 1450056087685840 1450056087686004
1450056087735705 1450056087735730 1450056087735736 1450056087735785
1450056087785830 1450056087785930 1450056087785936 1450056087786051
1450056087835712 1450056087835773 1450056087835780 1450056087835834
1450056087885742 1450056087885850 1450056087885868 1450056087886017
1450056087935674 1450056087935708 1450056087935714 1450056087935762
1450056087985724 1450056087985787 1450056087985799 1450056087985917
1450056088035714 1450056088035757 1450056088035767 1450056088035865
1450056088085710 1450056088085809 1450056088085824 1450056088085935
1450056088135731 1450056088135850 1450056088135865 1450056088135980
1450056088185754 1450056088185859 1450056088185875 1450056088185997
1450056088235725 1450056088235782 1450056088235793 1450056088235880
1450056088285706 1450056088285765 1450056088285771 1450056088285816
1450056088335713 1450056088335907 1450056088335922 1450056088336019
1450056088385730 1450056088385793 1450056088385805 1450056088385899
1450056088435717 1450056088435811 1450056088435826 1450056088435929
1450056088485705 1450056088485746 1450056088485751 1450056088485799
1450056088535722 1450056088535816 1450056088535823 1450056088535879
1450056088585736 1450056088585806 1450056088585817 1450056088585968
1450056088635716 1450056088635781 1450056088635793 1450056088635897
1450056088685716 1450056088685779 1450056088685791 1450056088685896
1450056088735721 1450056088735787 1450056088735799 1450056088735901
1450056088785733 1450056088785828 1450056088785843 1450056088785952
1450056088835764 1450056088835891 1450056088835909 1450056088836034
1450056088885709 1450056088885768 1450056088885775 1450056088885829
1450056088935702 1450056088935738 1450056088935747 1450056088935824
1450056088985724 1450056088985828 1450056088985842 1450056088985931
1450056089035728 1450056089035784 1450056089035794 1450056089035883
1450056089085720 1450056089085786 1450056089085798 1450056089085920
1450056089135758 1450056089135840 1450056089135856 1450056089135990
1450056089185707 1450056089185752 1450056089185759 1450056089185815
1450056089235709 1450056089235775 1450056089235789 1450056089235884
1450056089285733 1450056089285805 1450056089285819 1450056089285908
1450056089335737 1450056089335812 1450056089335827 1450056089335951
1450056089385723 1450056089385778 1450056089385800 1450056089385924
1450056089435721 1450056089435821 1450056089435835 1450056089435941
1450056089485723 1450056089485783 1450056089485795 1450056089485882
1450056089535730 1450056089535849 1450056089535864 1450056089535965
1450056089585731 1450056089585794 1450056089585806 1450056089585902
1450056089635733 1450056089635808 1450056089635823 1450056089635927
1450056089685734 1450056089685831 1450056089685846 1450056089685944
1450056089735717 1450056089735780 1450056089735792 1450056089735898
1450056089785715 1450056089785811 1450056089785825 1450056089785919
1450056089835731 1450056089835796 1450056089835807 1450056089835922
1450056089885714 1450056089885798 1450056089885807 1450056089885879
1450056089935767 1450056089935911 1450056089935928 1450056089936084
1450056089985717 1450056089985800 1450056089985811 1450056089985929
1450056090035741 1450056090035820 1450056090035838 1450056090035948
1450056090085720 1450056090085783 1450056090085794 1450056090085894
1450056090135721 1450056090135814 1450056090135828 1450056090135920
1450056090185725 1450056090185791 1450056090185804 1450056090185897
1450056090235725 1450056090235845 1450056090235859 1450056090235967
1450056090285715 1450056090285774 1450056090285785 1450056090285873
1450056090335758 1450056090335863 1450056090335881 1450056090336014
1450056090385722 1450056090385786 1450056090385797 1450056090385910
1450056090435771 1450056090435886 1450056090435903 1450056090436045
1450056090485720 1450056090485785 1450056090485797 1450056090485890
1450056090535738 1450056090535847 1450056090535865 1450056090535995
1450056090585721 1450056090585839 1450056090585854 1450056090585962
1450056090635732 1450056090635841 1450056090635857 1450056090635987
1450056090685724 1450056090685792 1450056090685814 1450056090685901
1450056090735723 1450056090735788 1450056090735809 1450056090735866
1450056090785718 1450056090785783 1450056090785795 1450056090785900
1450056090835719 1450056090835781 1450056090835792 1450056090835901
1450056090885750 1450056090885870 1450056090885891 1450056090886040
1450056090935730 1450056090935865 1450056090935878 1450056090935993
1450056090985726 1450056090985800 1450056090985812 1450056090985949
1450056091035735 1450056091035875 1450056091035889 1450056091035990
1450056091085771 1450056091085884 1450056091085902 1450056091086032
1450056091135725 1450056091135791 1450056091135803 1450056091135904
1450056091185773 1450056091185886 1450056091185904 1450056091186074
1450056091235761 1450056091235826 1450056091235837 1450056091235939
1450056091285722 1450056091285808 1450056091285820 1450056091285916
1450056091335720 1450056091335818 1450056091335832 1450056091335932
1450056091385770 1450056091385881 1450056091385899 1450056091386046
1450056091435724 1450056091435790 1450056091435802 1450056091435887
1450056091485718 1450056091485812 1450056091485827 1450056091485919
1450056091535721 1450056091535780 1450056091535792 1450056091535924
1450056091585733 1450056091585791 1450056091585803 1450056091585900
1450056091635758 1450056091635838 1450056091635847 1450056091635932
1450056091685730 1450056091685821 1450056091685834 1450056091685922
1450056091735744 1450056091735806 1450056091735817 1450056091735894
1450056091785722 1450056091785779 1450056091785789 1450056091785873
1450056091835732 1450056091835791 1450056091835803 1450056091835944
1450056091885734 1450056091885864 1450056091885879 1450056091886019
1450056091935783 1450056091935914 1450056091935932 1450056091936075
1450056091985736 1450056091985818 1450056091985829 1450056091985924
1450056092035734 1450056092035826 1450056092035841 1450056092035935
1450056092085716 1450056092085778 1450056092085787 1450056092085871
1450056092135734 1450056092135797 1450056092135809 1450056092135936
1450056092185733 1450056092185797 1450056092185808 1450056092185942
1450056092235721 1450056092235795 1450056092235812 1450056092235896
1450056092285710 1450056092285778 1450056092285784 1450056092285834
1450056092335710 1450056092335754 1450056092335760 1450056092335813
1450056092385695 1450056092385762 1450056092385768 1450056092385818
1450056092435772 1450056092435886 1450056092435903 1450056092436034
1450056092485723 1450056092485788 1450056092485799 1450056092485896
1450056092535712 1450056092535761 1450056092535772 1450056092535828
1450056092585714 1450056092585790 1450056092585804 1450056092585879
1450056092635705 1450056092635743 1450056092635751 1450056092635825
1450056092685701 1450056092685766 1450056092685774 1450056092685859
1450056092735696 1450056092735757 1450056092735770 1450056092735868
1450056092785705 1450056092785737 1450056092785743 1450056092785792
1450056092835703 1450056092835768 1450056092835774 1450056092835837
1450056092885698 1450056092885732 1450056092885737 1450056092885785
1450056092935726 1450056092935827 1450056092935842 1450056092935940
1450056092985720 1450056092985782 1450056092985795 1450056092985894
1450056093035719 1450056093035801 1450056093035813 1450056093035910
1450056093085732 1450056093085793 1450056093085804 1450056093085902
1450056093135711 1450056093135771 1450056093135778 1450056093135828
1450056093185717 1450056093185781 1450056093185792 1450056093185884
1450056093235728 1450056093235790 1450056093235800 1450056093235892
1450056093285770 1450056093285882 1450056093285899 1450056093286018
1450056093335736 1450056093335832 1450056093335847 1450056093335944
1450056093385721 1450056093385844 1450056093385860 1450056093385953
1450056093435732 1450056093435816 1450056093435830 1450056093435967
1450056093485721 1450056093485784 1450056093485796 1450056093485896
1450056093535696 1450056093535756 1450056093535767 1450056093535878
1450056093585728 1450056093585789 1450056093585801 1450056093585916
1450056093635732 1450056093635912 1450056093635927 1450056093636104
1450056093685720 1450056093685783 1450056093685795 1450056093685883
1450056093735723 1450056093735837 1450056093735852 1450056093735950
1450056093785728 1450056093785794 1450056093785806 1450056093785943
1450056093835716 1450056093835780 1450056093835792 1450056093835897
1450056093885710 1450056093885757 1450056093885767 1450056093885834
1450056093935728 1450056093935809 1450056093935816 1450056093935884
1450056093985711 1450056093985760 1450056093985770 1450056093985838
1450056094035715 1450056094035831 1450056094035864 1450056094035951
1450056094085710 1450056094085779 1450056094085786 1450056094085835
1450056094135738 1450056094135800 1450056094135809 1450056094135913
1450056094185755 1450056094185903 1450056094185925 1450056094185972
1450056094235723 1450056094235773 1450056094235783 1450056094235844
1450056094285700 1450056094285733 1450056094285739 1450056094285795
1450056094335724 1450056094335816 1450056094335830 1450056094335954
1450056094385718 1450056094385824 1450056094385837 1450056094385943
1450056094435732 1450056094435843 1450056094435857 1450056094435950
1450056094485717 1450056094485798 1450056094485820 1450056094485959
1450056094535743 1450056094535806 1450056094535817 1450056094535942
1450056094585706 1450056094585765 1450056094585772 1450056094585825
1450056094635712 1450056094635772 1450056094635781 1450056094635883
1450056094685730 1450056094685819 1450056094685834 1450056094685934
1450056094735717 1450056094735785 1450056094735799 1450056094735921
1450056094785715 1450056094785895 1450056094785909 1450056094786002
1450056094835734 1450056094835922 1450056094835939 1450056094836026
1450056094885711 1450056094885744 1450056094885750 1450056094885803
1450056094935731 1450056094935848 1450056094935863 1450056094935957
1450056094985742 1450056094985802 1450056094985813 1450056094985895
1450056095035761 1450056095035816 1450056095035826 1450056095035933
1450056095085724 1450056095085783 1450056095085795 1450056095085962
1450056095135727 1450056095135826 1450056095135836 1450056095135922
1450056095185778 1450056095185879 1450056095185898 1450056095186050
1450056095235716 1450056095235780 1450056095235794 1450056095235889
1450056095285720 1450056095285774 1450056095285785 1450056095285874
1450056095335721 1450056095335816 1450056095335830 1450056095335917
1450056095385720 1450056095385786 1450056095385799 1450056095385893
1450056095435720 1450056095435823 1450056095435839 1450056095435931
1450056095485718 1450056095485819 1450056095485850 1450056095485966
1450056095535714 1450056095535876 1450056095535891 1450056095535995
1450056095585716 1450056095585816 1450056095585852 1450056095585985
1450056095635723 1450056095635829 1450056095635846 1450056095635969
1450056095685717 1450056095685809 1450056095685822 1450056095685922
1450056095735716 1450056095735776 1450056095735787 1450056095735872
1450056095785768 1450056095785880 1450056095785896 1450056095786027
1450056095835734 1450056095836097 1450056095836107 1450056095836216
1450056095885724 1450056095885778 1450056095885788 1450056095885870
1450056095935722 1450056095935820 1450056095935835 1450056095935922
1450056095985719 1450056095985810 1450056095985824 1450056095985912
1450056096035716 1450056096035782 1450056096035794 1450056096035891
1450056096085716 1450056096085812 1450056096085827 1450056096085918
1450056096135717 1450056096135780 1450056096135793 1450056096135884
1450056096185772 1450056096185878 1450056096185894 1450056096186006
1450056096235729 1450056096235797 1450056096235810 1450056096236089
1450056096285720 1450056096285784 1450056096285796 1450056096285892
1450056096335721 1450056096335784 1450056096335797 1450056096335890
1450056096385720 1450056096385824 1450056096385839 1450056096385920
1450056096435717 1450056096435828 1450056096435841 1450056096435946
1450056096485726 1450056096485829 1450056096485843 1450056096485938
1450056096535717 1450056096535778 1450056096535790 1450056096535877
1450056096585719 1450056096585815 1450056096585829 1450056096585914
1450056096635736 1450056096635849 1450056096635866 1450056096636031
1450056096685724 1450056096685798 1450056096685809 1450056096685883
1450056096735719 1450056096735811 1450056096735826 1450056096735905
1450056096785720 1450056096785821 1450056096785836 1450056096785931
1450056096835771 1450056096835882 1450056096835899 1450056096836045
1450056096885733 1450056096885794 1450056096885804 1450056096885888
