1450051825356664 1450051825356955 1450051825356976 1450051825357116
1450051825406798 1450051825406909 1450051825406927 1450051825407055
1450051825456642 1450051825456746 1450051825456763 1450051825456890
1450051825506605 1450051825506720 1450051825506736 1450051825506851
1450051825556638 1450051825556733 1450051825556750 1450051825556892
1450051825606656 1450051825606841 1450051825606859 1450051825606992
1450051825656657 1450051825656772 1450051825656790 1450051825656945
1450051825706651 1450051825706792 1450051825706809 1450051825706954
1450051825756657 1450051825756795 1450051825756812 1450051825756956
1450051825806656 1450051825806751 1450051825806767 1450051825806912
1450051825856655 1450051825856748 1450051825856763 1450051825856908
1450051825906613 1450051825906705 1450051825906722 1450051825906890
1450051825956660 1450051825957057 1450051825957072 1450051825957211
1450051826006641 1450051826006779 1450051826006797 1450051826006940
1450051826056659 1450051826056797 1450051826056815 1450051826056958
1450051826106640 1450051826106732 1450051826106748 1450051826106891
1450051826156640 1450051826156736 1450051826156752 1450051826156897
1450051826206654 1450051826206799 1450051826206816 1450051826206959
1450051826256660 1450051826256756 1450051826256773 1450051826256917
1450051826306647 1450051826306792 1450051826306807 1450051826306952
1450051826356625 1450051826356713 1450051826356729 1450051826356877
1450051826406631 1450051826406763 1450051826406778 1450051826406941
1450051826456661 1450051826456756 1450051826456772 1450051826456891
1450051826506607 1450051826506685 1450051826506700 1450051826506799
1450051826556602 1450051826556669 1450051826556679 1450051826556781
1450051826606642 1450051826606746 1450051826606763 1450051826606889
1450051826656639 1450051826656721 1450051826656735 1450051826656837
1450051826706597 1450051826706665 1450051826706671 1450051826706723
1450051826756609 1450051826756708 1450051826756725 1450051826756876
1450051826806656 1450051826806762 1450051826806778 1450051826806915
1450051826856598 1450051826856659 1450051826856667 1450051826856721
1450051826906616 1450051826906748 1450051826906765 1450051826906991
1450051826956657 1450051826956754 1450051826956771 1450051826956855
1450051827006656 1450051827006753 1450051827006771 1450051827006895
1450051827056660 1450051827056755 1450051827056772 1450051827056904
1450051827106623 1450051827106709 1450051827106723 1450051827106831
1450051827156660 1450051827156753 1450051827156770 1450051827156917
1450051827206657 1450051827206753 1450051827206771 1450051827206886
1450051827256622 1450051827256694 1450051827256703 1450051827256766
1450051827306643 1450051827306742 1450051827306760 1450051827306884
1450051827356643 1450051827356738 1450051827356755 1450051827356886
1450051827406597 1450051827406637 1450051827406645 1450051827406699
1450051827456588 1450051827456637 1450051827456647 1450051827456714
1450051827506620 1450051827506688 1450051827506696 1450051827506750
1450051827556614 1450051827556720 1450051827556737 1450051827556810
1450051827606598 1450051827606675 1450051827606684 1450051827606734
1450051827656622 1450051827656684 1450051827656698 1450051827656822
1450051827706628 1450051827706751 1450051827706766 1450051827706832
1450051827756630 1450051827756723 1450051827756738 1450051827756819
1450051827806650 1450051827806750 1450051827806773 1450051827806855
1450051827856652 1450051827856745 1450051827856762 1450051827856838
1450051827906591 1450051827906653 1450051827906660 1450051827906730
1450051827956630 1450051827956763 1450051827956781 1450051827956910
1450051828006659 1450051828006765 1450051828006782 1450051828006898
1450051828056626 1450051828056736 1450051828056755 1450051828056877
1450051828106658 1450051828106763 1450051828106782 1450051828106939
1450051828156633 1450051828156739 1450051828156757 1450051828156873
1450051828206627 1450051828206741 1450051828206756 1450051828206863
1450051828256647 1450051828256753 1450051828256770 1450051828256891
1450051828306631 1450051828306770 1450051828306789 1450051828306921
1450051828356644 1450051828356749 1450051828356767 1450051828356907
1450051828406628 1450051828406707 1450051828406731 1450051828406898
1450051828456636 1450051828456741 1450051828456758 1450051828456878
1450051828506656 1450051828506761 1450051828506779 1450051828506907
1450051828556659 1450051828556764 1450051828556782 1450051828556913
1450051828606633 1450051828606739 1450051828606756 1450051828606874
1450051828656618 1450051828656748 1450051828656763 1450051828656916
1450051828706612 1450051828706717 1450051828706734 1450051828706856
1450051828756599 1450051828756662 1450051828756668 1450051828756723
1450051828806646 1450051828806751 1450051828806768 1450051828806881
1450051828856619 1450051828856803 1450051828856818 1450051828856967
1450051828906654 1450051828906761 1450051828906777 1450051828906874
1450051828956610 1450051828956666 1450051828956677 1450051828956778
1450051829006608 1450051829006738 1450051829006755 1450051829006926
1450051829056603 1450051829056758 1450051829056774 1450051829056873
1450051829106595 1450051829106663 1450051829106670 1450051829106721
1450051829156597 1450051829156664 1450051829156671 1450051829156723
1450051829206621 1450051829206720 1450051829206734 1450051829206844
1450051829256614 1450051829256693 1450051829256706 1450051829256793
1450051829306590 1450051829306653 1450051829306660 1450051829306715
1450051829356613 1450051829356747 1450051829356761 1450051829356885
1450051829406595 1450051829406649 1450051829406656 1450051829406717
1450051829456622 1450051829456695 1450051829456703 1450051829456813
1450051829506612 1450051829506709 1450051829506725 1450051829506830
1450051829556619 1450051829556672 1450051829556679 1450051829556724
1450051829606612 1450051829606649 1450051829606656 1450051829606708
1450051829656615 1450051829656717 1450051829656732 1450051829656832
1450051829706621 1450051829706728 1450051829706743 1450051829706845
1450051829756595 1450051829756650 1450051829756658 1450051829756730
1450051829806660 1450051829806765 1450051829806783 1450051829806912
1450051829856645 1450051829856745 1450051829856761 1450051829856890
1450051829906657 1450051829906762 1450051829906780 1450051829906903
1450051829956608 1450051829956706 1450051829956720 1450051829956831
1450051830006661 1450051830006743 1450051830006759 1450051830006895
1450051830056653 1450051830056782 1450051830056800 1450051830056911
1450051830106654 1450051830106758 1450051830106777 1450051830106879
1450051830156660 1450051830156764 1450051830156782 1450051830156885
1450051830206659 1450051830206762 1450051830206780 1450051830206887
1450051830256662 1450051830256768 1450051830256786 1450051830256886
1450051830306656 1450051830306761 1450051830306779 1450051830306881
1450051830356630 1450051830356741 1450051830356760 1450051830356870
1450051830406600 1450051830406672 1450051830406679 1450051830406719
1450051830456661 1450051830456765 1450051830456784 1450051830456910
1450051830506657 1450051830506769 1450051830506788 1450051830506919
1450051830556653 1450051830556752 1450051830556770 1450051830556884
1450051830606619 1450051830606710 1450051830606725 1450051830606808
1450051830656594 1450051830656657 1450051830656664 1450051830656709
1450051830706596 1450051830706648 1450051830706654 1450051830706701
1450051830756589 1450051830756663 1450051830756669 1450051830756713
1450051830806594 1450051830806625 1450051830806630 1450051830806664
1450051830856591 1450051830856647 1450051830856654 1450051830856693
1450051830906636 1450051830906731 1450051830906746 1450051830906858
1450051830956616 1450051830956695 1450051830956708 1450051830956805
1450051831006617 1450051831006674 1450051831006685 1450051831006793
1450051831056601 1450051831056665 1450051831056675 1450051831056743
1450051831106596 1450051831106672 1450051831106680 1450051831106745
1450051831156616 1450051831156713 1450051831156727 1450051831156841
1450051831206624 1450051831206727 1450051831206744 1450051831206879
1450051831256664 1450051831256739 1450051831256753 1450051831256860
1450051831306620 1450051831306712 1450051831306726 1450051831306791
1450051831356598 1450051831356637 1450051831356646 1450051831356689
1450051831406607 1450051831406689 1450051831406700 1450051831406790
1450051831456592 1450051831456658 1450051831456664 1450051831456715
1450051831506589 1450051831506644 1450051831506650 1450051831506717
1450051831556596 1450051831556651 1450051831556657 1450051831556720
1450051831606597 1450051831606652 1450051831606659 1450051831606727
1450051831656597 1450051831656647 1450051831656654 1450051831656706
1450051831706589 1450051831706624 1450051831706632 1450051831706692
1450051831756589 1450051831756644 1450051831756650 1450051831756712
1450051831806587 1450051831806647 1450051831806656 1450051831806711
1450051831856592 1450051831856627 1450051831856632 1450051831856672
1450051831906591 1450051831906632 1450051831906638 1450051831906681
1450051831956588 1450051831956622 1450051831956628 1450051831956671
1450051832006591 1450051832006648 1450051832006655 1450051832006694
1450051832056614 1450051832056679 1450051832056692 1450051832056770
1450051832106605 1450051832106665 1450051832106671 1450051832106715
1450051832156617 1450051832156741 1450051832156756 1450051832156825
1450051832206596 1450051832206633 1450051832206640 1450051832206681
1450051832256589 1450051832256634 1450051832256643 1450051832256699
1450051832306613 1450051832306672 1450051832306679 1450051832306725
1450051832356594 1450051832356638 1450051832356644 1450051832356695
1450051832406615 1450051832406676 1450051832406681 1450051832406724
1450051832456605 1450051832456663 1450051832456670 1450051832456726
1450051832506654 1450051832506834 1450051832506851 1450051832506961
1450051832556626 1450051832556729 1450051832556746 1450051832556846
1450051832606618 1450051832606718 1450051832606731 1450051832606805
1450051832656604 1450051832656660 1450051832656669 1450051832656764
1450051832706574 1450051832706632 1450051832706643 1450051832706737
1450051832756646 1450051832756745 1450051832756764 1450051832756873
1450051832806641 1450051832806738 1450051832806756 1450051832806905
1450051832856626 1450051832856750 1450051832856768 1450051832856904
1450051832906638 1450051832906743 1450051832906760 1450051832906885
1450051832956618 1450051832956751 1450051832956763 1450051832956911
1450051833006638 1450051833006743 1450051833006760 1450051833006866
1450051833056618 1450051833056688 1450051833056700 1450051833056787
1450051833106653 1450051833106757 1450051833106773 1450051833106893
1450051833156655 1450051833156739 1450051833156757 1450051833156888
1450051833206655 1450051833206787 1450051833206806 1450051833206924
1450051833256624 1450051833256724 1450051833256740 1450051833256866
1450051833306635 1450051833306739 1450051833306757 1450051833306886
1450051833356620 1450051833356696 1450051833356715 1450051833356828
1450051833406642 1450051833406739 1450051833406757 1450051833406888
1450051833456601 1450051833456654 1450051833456661 1450051833456728
1450051833506609 1450051833506682 1450051833506700 1450051833506779
1450051833556626 1450051833556717 1450051833556734 1450051833556839
1450051833606598 1450051833606660 1450051833606668 1450051833606730
1450051833656593 1450051833656632 1450051833656638 1450051833656701
1450051833706594 1450051833706640 1450051833706647 1450051833706709
1450051833756594 1450051833756635 1450051833756643 1450051833756706
1450051833806594 1450051833806650 1450051833806658 1450051833806733
1450051833856597 1450051833856653 1450051833856661 1450051833856727
1450051833906595 1450051833906668 1450051833906677 1450051833906765
1450051833956606 1450051833956698 1450051833956714 1450051833956844
1450051834006602 1450051834006662 1450051834006671 1450051834006753
1450051834056594 1450051834056634 1450051834056642 1450051834056693
1450051834106626 1450051834106708 1450051834106726 1450051834106862
1450051834156601 1450051834156657 1450051834156665 1450051834156737
1450051834206647 1450051834206744 1450051834206763 1450051834206892
1450051834256601 1450051834256656 1450051834256665 1450051834256717
1450051834306591 1450051834306651 1450051834306660 1450051834306704
1450051834356595 1450051834356664 1450051834356672 1450051834356722
1450051834406595 1450051834406657 1450051834406665 1450051834406711
1450051834456597 1450051834456671 1450051834456681 1450051834456738
1450051834506611 1450051834506676 1450051834506688 1450051834506772
1450051834556600 1450051834556713 1450051834556721 1450051834556771
1450051834606614 1450051834606724 1450051834606737 1450051834606814
1450051834656660 1450051834656751 1450051834656766 1450051834656875
1450051834706596 1450051834706635 1450051834706642 1450051834706683
1450051834756624 1450051834756701 1450051834756717 1450051834756812
1450051834806629 1450051834806710 1450051834806718 1450051834806825
1450051834856655 1450051834856732 1450051834856748 1450051834856847
1450051834906653 1450051834906734 1450051834906750 1450051834906842
1450051834956601 1450051834956667 1450051834956675 1450051834956721
1450051835006645 1450051835006723 1450051835006739 1450051835006833
1450051835056658 1450051835056735 1450051835056751 1450051835056843
1450051835106641 1450051835106720 1450051835106734 1450051835106826
1450051835156642 1450051835156722 1450051835156737 1450051835156835
1450051835206607 1450051835206675 1450051835206687 1450051835206768
1450051835256600 1450051835256640 1450051835256647 1450051835256694
1450051835306606 1450051835306721 1450051835306737 1450051835306839
1450051835356597 1450051835356641 1450051835356649 1450051835356700
1450051835406602 1450051835406665 1450051835406677 1450051835406729
1450051835456607 1450051835456676 1450051835456689 1450051835456777
1450051835506826 1450051835506913 1450051835506926 1450051835507002
1450051835556601 1450051835556633 1450051835556639 1450051835556683
1450051835606589 1450051835606656 1450051835606663 1450051835606705
1450051835656604 1450051835656709 1450051835656718 1450051835656773
1450051835706601 1450051835706657 1450051835706664 1450051835706719
1450051835756600 1450051835756694 1450051835756704 1450051835756761
1450051835806636 1450051835806741 1450051835806759 1450051835806860
1450051835856654 1450051835856756 1450051835856773 1450051835856878
1450051835906638 1450051835906748 1450051835906766 1450051835906871
1450051835956643 1450051835956753 1450051835956770 1450051835956875
1450051836006657 1450051836006787 1450051836006804 1450051836006902
1450051836056603 1450051836056675 1450051836056684 1450051836056740
1450051836106602 1450051836106714 1450051836106726 1450051836106798
1450051836156594 1450051836156659 1450051836156665 1450051836156708
1450051836206609 1450051836206686 1450051836206696 1450051836206763
1450051836256614 1450051836256708 1450051836256722 1450051836256801
1450051836306594 1450051836306656 1450051836306663 1450051836306703
1450051836356636 1450051836356765 1450051836356784 1450051836356877
1450051836406633 1450051836406739 1450051836406758 1450051836406872
1450051836456620 1450051836456677 1450051836456687 1450051836456772
1450051836506624 1450051836506726 1450051836506744 1450051836506850
1450051836556647 1450051836556750 1450051836556766 1450051836556836
1450051836606619 1450051836606717 1450051836606732 1450051836606828
1450051836656613 1450051836656696 1450051836656709 1450051836656787
1450051836706593 1450051836706670 1450051836706677 1450051836706714
1450051836756597 1450051836756660 1450051836756665 1450051836756705
1450051836806598 1450051836806660 1450051836806669 1450051836806718
1450051836856644 1450051836856748 1450051836856765 1450051836856868
1450051836906633 1450051836906738 1450051836906756 1450051836906858
1450051836956619 1450051836956713 1450051836956726 1450051836956804
1450051837006615 1450051837006701 1450051837006714 1450051837006792
1450051837056595 1450051837056660 1450051837056666 1450051837056707
1450051837106648 1450051837106751 1450051837106769 1450051837106872
1450051837156635 1450051837156734 1450051837156750 1450051837156852
1450051837206641 1450051837206743 1450051837206760 1450051837206866
1450051837256639 1450051837256742 1450051837256758 1450051837256866
1450051837306618 1450051837306713 1450051837306728 1450051837306841
1450051837356604 1450051837356653 1450051837356661 1450051837356723
1450051837406592 1450051837406637 1450051837406642 1450051837406685
1450051837456595 1450051837456640 1450051837456647 1450051837456741
1450051837506612 1450051837506675 1450051837506694 1450051837506729
1450051837556613 1450051837556677 1450051837556689 1450051837556740
1450051837606623 1450051837606680 1450051837606687 1450051837606735
1450051837656587 1450051837656628 1450051837656633 1450051837656667
1450051837706621 1450051837706689 1450051837706709 1450051837706786
1450051837756644 1450051837756769 1450051837756786 1450051837756887
1450051837806624 1450051837806706 1450051837806729 1450051837806826
1450051837856627 1450051837856709 1450051837856721 1450051837856786
1450051837906618 1450051837906697 1450051837906718 1450051837906799
1450051837956650 1450051837956719 1450051837956738 1450051837956801
1450051838006641 1450051838006709 1450051838006728 1450051838006792
1450051838056623 1450051838056707 1450051838056722 1450051838056800
1450051838106637 1450051838106755 1450051838106771 1450051838106879
1450051838156632 1450051838156693 1450051838156705 1450051838156788
1450051838206620 1450051838206700 1450051838206710 1450051838206802
1450051838256660 1450051838256735 1450051838256755 1450051838256820
1450051838306657 1450051838306728 1450051838306747 1450051838306814
1450051838356622 1450051838356705 1450051838356721 1450051838356797
1450051838406661 1450051838406738 1450051838406763 1450051838406863
1450051838456605 1450051838456678 1450051838456686 1450051838456730
1450051838506596 1450051838506640 1450051838506648 1450051838506704
1450051838556594 1450051838556641 1450051838556649 1450051838556699
1450051838606596 1450051838606637 1450051838606644 1450051838606689
1450051838656654 1450051838656737 1450051838656760 1450051838656869
1450051838706658 1450051838706741 1450051838706762 1450051838706858
1450051838756596 1450051838756637 1450051838756644 1450051838756690
1450051838806613 1450051838806702 1450051838806723 1450051838806797
1450051838856624 1450051838856707 1450051838856723 1450051838856815
1450051838906605 1450051838906669 1450051838906680 1450051838906785
1450051838956649 1450051838956715 1450051838956729 1450051838956862
1450051839006623 1450051839006729 1450051839006746 1450051839006874
1450051839056659 1450051839056763 1450051839056781 1450051839056947
1450051839106639 1450051839106742 1450051839106759 1450051839106887
1450051839156657 1450051839156793 1450051839156811 1450051839156980
1450051839206652 1450051839206756 1450051839206773 1450051839206881
1450051839256662 1450051839256766 1450051839256782 1450051839256883
1450051839306638 1450051839306742 1450051839306759 1450051839306857
1450051839356637 1450051839356744 1450051839356763 1450051839356875
1450051839406632 1450051839406737 1450051839406753 1450051839406854
1450051839456619 1450051839456710 1450051839456722 1450051839456802
1450051839506615 1450051839506736 1450051839506750 1450051839506834
1450051839556653 1450051839556774 1450051839556791 1450051839556898
1450051839606642 1450051839606745 1450051839606764 1450051839606866
1450051839656653 1450051839656756 1450051839656774 1450051839656878
1450051839706623 1450051839706724 1450051839706741 1450051839706840
1450051839756640 1450051839756742 1450051839756761 1450051839756867
1450051839806655 1450051839806799 1450051839806817 1450051839806912
1450051839856626 1450051839856768 1450051839856783 1450051839856876
1450051839906628 1450051839906733 1450051839906751 1450051839906861
1450051839956656 1450051839956759 1450051839956777 1450051839956874
1450051840006635 1450051840006736 1450051840006754 1450051840006855
1450051840056634 1450051840056737 1450051840056754 1450051840056854
1450051840106627 1450051840106724 1450051840106739 1450051840106840
1450051840156627 1450051840156712 1450051840156728 1450051840156822
1450051840206624 1450051840206743 1450051840206758 1450051840206839
1450051840256642 1450051840256751 1450051840256769 1450051840256872
1450051840306638 1450051840306743 1450051840306760 1450051840306857
1450051840356652 1450051840356754 1450051840356772 1450051840356877
1450051840406651 1450051840406759 1450051840406777 1450051840406888
1450051840456617 1450051840456685 1450051840456698 1450051840456779
1450051840506663 1450051840506772 1450051840506790 1450051840506923
1450051840556630 1450051840556994 1450051840557006 1450051840557094
1450051840606656 1450051840606759 1450051840606777 1450051840606876
1450051840656659 1450051840656775 1450051840656794 1450051840656901
1450051840706656 1450051840706759 1450051840706778 1450051840706914
1450051840756597 1450051840756664 1450051840756671 1450051840756716
1450051840806597 1450051840806663 1450051840806670 1450051840806714
1450051840856598 1450051840856634 1450051840856640 1450051840856681
1450051840906590 1450051840906635 1450051840906641 1450051840906694
1450051840956624 1450051840956696 1450051840956709 1450051840956800
1450051841006626 1450051841006698 1450051841006705 1450051841006781
1450051841056607 1450051841056669 1450051841056677 1450051841056751
1450051841106656 1450051841106728 1450051841106741 1450051841106837
1450051841156594 1450051841156659 1450051841156671 1450051841156751
1450051841206611 1450051841206673 1450051841206684 1450051841206788
1450051841256620 1450051841256690 1450051841256702 1450051841256810
1450051841306595 1450051841306633 1450051841306640 1450051841306687
1450051841356585 1450051841356618 1450051841356624 1450051841356661
1450051841406601 1450051841406668 1450051841406680 1450051841406759
1450051841456590 1450051841456626 1450051841456632 1450051841456680
1450051841506593 1450051841506637 1450051841506644 1450051841506695
1450051841556589 1450051841556629 1450051841556635 1450051841556681
1450051841606589 1450051841606628 1450051841606636 1450051841606710
1450051841656602 1450051841656666 1450051841656677 1450051841656738
1450051841706595 1450051841706635 1450051841706642 1450051841706693
1450051841756588 1450051841756630 1450051841756637 1450051841756769
1450051841806585 1450051841806619 1450051841806625 1450051841806678
1450051841856587 1450051841856638 1450051841856643 1450051841856694
1450051841906597 1450051841906634 1450051841906642 1450051841906683
1450051841956586 1450051841956630 1450051841956637 1450051841956690
1450051842006605 1450051842006651 1450051842006659 1450051842006705
1450051842056592 1450051842056636 1450051842056643 1450051842056690
1450051842106587 1450051842106624 1450051842106630 1450051842106666
1450051842156590 1450051842156630 1450051842156638 1450051842156680
1450051842206584 1450051842206631 1450051842206646 1450051842206708
1450051842256639 1450051842256709 1450051842256735 1450051842256862
1450051842306580 1450051842306623 1450051842306632 1450051842306707
1450051842356590 1450051842356652 1450051842356659 1450051842356718
1450051842406611 1450051842406683 1450051842406700 1450051842406833
1450051842456591 1450051842456633 1450051842456643 1450051842456688
1450051842506604 1450051842506679 1450051842506699 1450051842506809
1450051842556591 1450051842556642 1450051842556650 1450051842556701
1450051842606612 1450051842606672 1450051842606680 1450051842606723
1450051842656585 1450051842656618 1450051842656623 1450051842656665
1450051842706614 1450051842706752 1450051842706766 1450051842706896
1450051842756609 1450051842756668 1450051842756675 1450051842756735
1450051842806617 1450051842806652 1450051842806658 1450051842806707
1450051842856593 1450051842856653 1450051842856664 1450051842856747
1450051842906589 1450051842906631 1450051842906637 1450051842906696
1450051842956611 1450051842956679 1450051842956691 1450051842956771
1450051843006601 1450051843006675 1450051843006681 1450051843006716
1450051843056595 1450051843056624 1450051843056629 1450051843056666
1450051843106588 1450051843106617 1450051843106622 1450051843106661
1450051843156594 1450051843156657 1450051843156669 1450051843156747
1450051843206588 1450051843206619 1450051843206624 1450051843206664
1450051843256589 1450051843256663 1450051843256669 1450051843256709
1450051843306596 1450051843306660 1450051843306666 1450051843306707
1450051843356594 1450051843356628 1450051843356633 1450051843356678
1450051843406586 1450051843406613 1450051843406617 1450051843406648
1450051843456585 1450051843456622 1450051843456629 1450051843456673
1450051843506638 1450051843506741 1450051843506758 1450051843506863
1450051843556592 1450051843556624 1450051843556629 1450051843556672
1450051843606637 1450051843606748 1450051843606764 1450051843606947
1450051843656594 1450051843656631 1450051843656643 1450051843656692
1450051843706598 1450051843706637 1450051843706643 1450051843706682
1450051843756589 1450051843756628 1450051843756636 1450051843756679
1450051843806626 1450051843806701 1450051843806714 1450051843806793
1450051843856604 1450051843856653 1450051843856662 1450051843856751
1450051843906612 1450051843906679 1450051843906691 1450051843906789
1450051843956644 1450051843956750 1450051843956766 1450051843956879
1450051844006649 1450051844006727 1450051844006741 1450051844006854
1450051844056605 1450051844056663 1450051844056672 1450051844056761
1450051844106617 1450051844106703 1450051844106725 1450051844106842
1450051844156656 1450051844156732 1450051844156747 1450051844156852
1450051844206620 1450051844206681 1450051844206692 1450051844206774
1450051844256603 1450051844256667 1450051844256679 1450051844256748
1450051844306608 1450051844306697 1450051844306707 1450051844306776
1450051844356632 1450051844356706 1450051844356721 1450051844356823
1450051844406596 1450051844406629 1450051844406634 1450051844406672
1450051844456612 1450051844456674 1450051844456685 1450051844456759
1450051844506650 1450051844506727 1450051844506743 1450051844506877
1450051844556621 1450051844556691 1450051844556704 1450051844556777
1450051844606603 1450051844606655 1450051844606663 1450051844606761
1450051844656654 1450051844656759 1450051844656776 1450051844656887
1450051844706617 1450051844706680 1450051844706692 1450051844706762
1450051844756605 1450051844756670 1450051844756683 1450051844756755
1450051844806603 1450051844806656 1450051844806665 1450051844806731
1450051844856650 1450051844856730 1450051844856746 1450051844856855
1450051844906655 1450051844906732 1450051844906748 1450051844906866
1450051844956621 1450051844956690 1450051844956704 1450051844956775
1450051845006604 1450051845006681 1450051845006691 1450051845006774
1450051845056617 1450051845056684 1450051845056696 1450051845056776
1450051845106620 1450051845106684 1450051845106696 1450051845106772
1450051845156606 1450051845156667 1450051845156679 1450051845156833
1450051845206605 1450051845206664 1450051845206675 1450051845206819
1450051845256608 1450051845256665 1450051845256675 1450051845256745
1450051845306603 1450051845306660 1450051845306669 1450051845306781
1450051845356608 1450051845356690 1450051845356702 1450051845356787
1450051845406606 1450051845406681 1450051845406695 1450051845406762
1450051845456600 1450051845456632 1450051845456637 1450051845456672
1450051845506597 1450051845506683 1450051845506698 1450051845506764
1450051845556589 1450051845556638 1450051845556645 1450051845556678
1450051845606582 1450051845606611 1450051845606615 1450051845606645
1450051845656581 1450051845656611 1450051845656616 1450051845656649
1450051845706605 1450051845706684 1450051845706692 1450051845706745
1450051845756618 1450051845756661 1450051845756669 1450051845756715
1450051845806585 1450051845806616 1450051845806622 1450051845806659
1450051845856609 1450051845856675 1450051845856687 1450051845856757
1450051845906617 1450051845906684 1450051845906696 1450051845906784
1450051845956620 1450051845956685 1450051845956696 1450051845956765
1450051846006653 1450051846006735 1450051846006750 1450051846006889
1450051846056618 1450051846056665 1450051846056672 1450051846056713
1450051846106612 1450051846106669 1450051846106679 1450051846106759
1450051846156620 1450051846156720 1450051846156734 1450051846156815
1450051846206620 1450051846206713 1450051846206727 1450051846206808
1450051846256654 1450051846256757 1450051846256775 1450051846256879
1450051846306624 1450051846306688 1450051846306701 1450051846306781
1450051846356624 1450051846356688 1450051846356700 1450051846356791
1450051846406608 1450051846406683 1450051846406694 1450051846406851
1450051846456603 1450051846456697 1450051846456712 1450051846456904
1450051846506649 1450051846506754 1450051846506773 1450051846506952
1450051846556607 1450051846556664 1450051846556674 1450051846556759
1450051846606617 1450051846606707 1450051846606720 1450051846606802
1450051846656618 1450051846656677 1450051846656687 1450051846656788
1450051846706615 1450051846706700 1450051846706714 1450051846706807
1450051846756619 1450051846756701 1450051846756711 1450051846756829
1450051846806622 1450051846806730 1450051846806746 1450051846806835
1450051846856606 1450051846856695 1450051846856710 1450051846856791
1450051846906653 1450051846906764 1450051846906782 1450051846906886
1450051846956620 1450051846956772 1450051846956787 1450051846956868
1450051847006618 1450051847006711 1450051847006724 1450051847006805
1450051847056618 1450051847056673 1450051847056683 1450051847056770
1450051847106618 1450051847106751 1450051847106766 1450051847106849
1450051847156640 1450051847156777 1450051847156792 1450051847156895
1450051847206622 1450051847206695 1450051847206707 1450051847206800
1450051847256603 1450051847256705 1450051847256713 1450051847256758
1450051847306619 1450051847306702 1450051847306716 1450051847306794
1450051847356591 1450051847356621 1450051847356627 1450051847356662
1450051847406586 1450051847406622 1450051847406629 1450051847406666
1450051847456650 1450051847456778 1450051847456799 1450051847456846
1450051847506621 1450051847506688 1450051847506702 1450051847506771
1450051847556604 1450051847556671 1450051847556684 1450051847556765
1450051847606606 1450051847606671 1450051847606688 1450051847606764
1450051847656658 1450051847656759 1450051847656777 1450051847656874
1450051847706656 1450051847706766 1450051847706785 1450051847706950
1450051847756612 1450051847756708 1450051847756722 1450051847756806
1450051847806592 1450051847806635 1450051847806640 1450051847806674
1450051847856609 1450051847856701 1450051847856715 1450051847856795
1450051847906587 1450051847906617 1450051847906621 1450051847906653
1450051847956584 1450051847956627 1450051847956633 1450051847956682
1450051848006592 1450051848006635 1450051848006643 1450051848006699
1450051848056590 1450051848056624 1450051848056629 1450051848056673
1450051848106599 1450051848106697 1450051848106709 1450051848106785
1450051848156604 1450051848156685 1450051848156698 1450051848156773
1450051848206627 1450051848206723 1450051848206740 1450051848206856
1450051848256605 1450051848256673 1450051848256686 1450051848256769
1450051848306616 1450051848306702 1450051848306715 1450051848306791
1450051848356599 1450051848356668 1450051848356682 1450051848356771
1450051848406607 1450051848406670 1450051848406681 1450051848406767
1450051848456597 1450051848456662 1450051848456673 1450051848456791
1450051848506603 1450051848506783 1450051848506798 1450051848506885
1450051848556607 1450051848556661 1450051848556670 1450051848556738
1450051848606615 1450051848606753 1450051848606766 1450051848606838
1450051848656623 1450051848656730 1450051848656746 1450051848656838
1450051848706653 1450051848706759 1450051848706777 1450051848706900
1450051848756600 1450051848756672 1450051848756682 1450051848756783
1450051848806616 1450051848806732 1450051848806754 1450051848806832
1450051848856656 1450051848856774 1450051848856789 1450051848856882
1450051848906617 1450051848906699 1450051848906711 1450051848906804
1450051848956603 1450051848956658 1450051848956668 1450051848956748
1450051849006614 1450051849006678 1450051849006689 1450051849006759
1450051849056661 1450051849056773 1450051849056787 1450051849056872
1450051849106613 1450051849106665 1450051849106672 1450051849106745
1450051849156605 1450051849156702 1450051849156718 1450051849156804
1450051849206604 1450051849206686 1450051849206699 1450051849206785
1450051849256660 1450051849256763 1450051849256781 1450051849256883
1450051849306657 1450051849306760 1450051849306779 1450051849306884
1450051849356618 1450051849356711 1450051849356725 1450051849356807
1450051849406655 1450051849406765 1450051849406782 1450051849406906
1450051849456620 1450051849456711 1450051849456723 1450051849456797
1450051849506616 1450051849506710 1450051849506724 1450051849506806
1450051849556640 1450051849556775 1450051849556792 1450051849556918
1450051849606616 1450051849606704 1450051849606716 1450051849606820
1450051849656624 1450051849656724 1450051849656740 1450051849656840
1450051849706607 1450051849706677 1450051849706686 1450051849706744
1450051849756588 1450051849756658 1450051849756667 1450051849756727
1450051849806609 1450051849806660 1450051849806676 1450051849806751
1450051849856623 1450051849856714 1450051849856727 1450051849856810
1450051849906602 1450051849906703 1450051849906716 1450051849906798
1450051849956593 1450051849956636 1450051849956643 1450051849956734
1450051850006609 1450051850006785 1450051850006799 1450051850006874
1450051850056604 1450051850056653 1450051850056662 1450051850056723
1450051850106653 1450051850106732 1450051850106748 1450051850106890
1450051850156609 1450051850156682 1450051850156697 1450051850156779
1450051850206601 1450051850206676 1450051850206686 1450051850206742
1450051850256600 1450051850256702 1450051850256715 1450051850256797
1450051850306605 1450051850306684 1450051850306697 1450051850306765
1450051850356588 1450051850356624 1450051850356631 1450051850356674
1450051850406594 1450051850406646 1450051850406654 1450051850406719
1450051850456637 1450051850456740 1450051850456757 1450051850456869
1450051850506594 1450051850506654 1450051850506661 1450051850506711
1450051850556651 1450051850556754 1450051850556771 1450051850556879
1450051850606602 1450051850606676 1450051850606687 1450051850606757
1450051850656595 1450051850656637 1450051850656642 1450051850656681
1450051850706620 1450051850706672 1450051850706680 1450051850706757
1450051850756608 1450051850756709 1450051850756727 1450051850756819
1450051850806620 1450051850806741 1450051850806750 1450051850806808
1450051850856654 1450051850856758 1450051850856776 1450051850856879
1450051850906618 1450051850906766 1450051850906780 1450051850906856
1450051850956599 1450051850956672 1450051850956683 1450051850956744
1450051851006604 1450051851006672 1450051851006687 1450051851006799
1450051851056589 1450051851056622 1450051851056629 1450051851056665
1450051851106632 1450051851106735 1450051851106753 1450051851106884
1450051851156606 1450051851156703 1450051851156718 1450051851156827
1450051851206598 1450051851206660 1450051851206668 1450051851206715
1450051851256597 1450051851256661 1450051851256671 1450051851256730
1450051851306599 1450051851306712 1450051851306725 1450051851306802
1450051851356610 1450051851356686 1450051851356705 1450051851356744
1450051851406655 1450051851406789 1450051851406808 1450051851406932
1450051851456611 1450051851456702 1450051851456716 1450051851456778
1450051851506617 1450051851506670 1450051851506677 1450051851506774
1450051851556603 1450051851556691 1450051851556705 1450051851556770
1450051851606642 1450051851606709 1450051851606724 1450051851606805
1450051851656621 1450051851656701 1450051851656712 1450051851656787
1450051851706653 1450051851706737 1450051851706760 1450051851706922
1450051851756619 1450051851756688 1450051851756701 1450051851756773
1450051851806651 1450051851806728 1450051851806743 1450051851806883
1450051851856614 1450051851856672 1450051851856682 1450051851856751
1450051851906617 1450051851906685 1450051851906697 1450051851906775
1450051851956609 1450051851956668 1450051851956678 1450051851956751
1450051852006603 1450051852006674 1450051852006683 1450051852006759
1450051852056622 1450051852056723 1450051852056740 1450051852056858
1450051852106630 1450051852106713 1450051852106727 1450051852106854
1450051852156608 1450051852156673 1450051852156686 1450051852156770
1450051852206614 1450051852206674 1450051852206685 1450051852206786
1450051852256612 1450051852256686 1450051852256700 1450051852256781
1450051852306663 1450051852306765 1450051852306783 1450051852306882
1450051852356617 1450051852356776 1450051852356792 1450051852356872
1450051852406619 1450051852406679 1450051852406689 1450051852406779
1450051852456611 1450051852456701 1450051852456714 1450051852456783
1450051852506625 1450051852506722 1450051852506737 1450051852506832
1450051852556645 1450051852556707 1450051852556719 1450051852556797
1450051852606622 1450051852606732 1450051852606749 1450051852606854
1450051852656621 1450051852656677 1450051852656685 1450051852656760
1450051852706616 1450051852706688 1450051852706700 1450051852706823
1450051852756603 1450051852756663 1450051852756674 1450051852756780
1450051852806616 1450051852806665 1450051852806672 1450051852806744
1450051852856603 1450051852856666 1450051852856678 1450051852856750
1450051852906615 1450051852906700 1450051852906714 1450051852906787
1450051852956605 1450051852956661 1450051852956670 1450051852956744
1450051853006602 1450051853006694 1450051853006708 1450051853006783
1450051853056601 1450051853056693 1450051853056705 1450051853056778
1450051853106620 1450051853106723 1450051853106739 1450051853106840
1450051853156606 1450051853156666 1450051853156678 1450051853156755
1450051853206654 1450051853206757 1450051853206775 1450051853206876
1450051853256603 1450051853256696 1450051853256711 1450051853256779
1450051853306641 1450051853306735 1450051853306751 1450051853306831
1450051853356592 1450051853356640 1450051853356654 1450051853356740
1450051853406635 1450051853406698 1450051853406708 1450051853406819
1450051853456619 1450051853456713 1450051853456727 1450051853456866
1450051853506653 1450051853506773 1450051853506793 1450051853506906
1450051853556596 1450051853556626 1450051853556630 1450051853556666
1450051853606599 1450051853606704 1450051853606717 1450051853606785
1450051853656617 1450051853656721 1450051853656734 1450051853656831
1450051853706638 1450051853706756 1450051853706775 1450051853706879
1450051853756605 1450051853756681 1450051853756690 1450051853756792
1450051853806616 1450051853806706 1450051853806715 1450051853806844
1450051853856650 1450051853856750 1450051853856767 1450051853856902
1450051853906616 1450051853906705 1450051853906719 1450051853906822
1450051853956617 1450051853956667 1450051853956677 1450051853956781
1450051854006606 1450051854006706 1450051854006722 1450051854006799
1450051854056618 1450051854056709 1450051854056722 1450051854056825
1450051854106654 1450051854106765 1450051854106783 1450051854106883
1450051854156606 1450051854156668 1450051854156680 1450051854156748
1450051854206615 1450051854206663 1450051854206669 1450051854206780
1450051854256617 1450051854256672 1450051854256680 1450051854256810
1450051854306601 1450051854306689 1450051854306702 1450051854306803
1450051854356616 1450051854356677 1450051854356688 1450051854356780
1450051854406616 1450051854406702 1450051854406715 1450051854406779
1450051854456600 1450051854456695 1450051854456705 1450051854456752
1450051854506618 1450051854506754 1450051854506770 1450051854506876
1450051854556612 1450051854556706 1450051854556720 1450051854556805
1450051854606617 1450051854606673 1450051854606681 1450051854606757
1450051854656614 1450051854656704 1450051854656717 1450051854656794
1450051854706608 1450051854706662 1450051854706670 1450051854706745
1450051854756603 1450051854756660 1450051854756670 1450051854756748
1450051854806614 1450051854806765 1450051854806778 1450051854806851
1450051854856620 1450051854856716 1450051854856733 1450051854856843
1450051854906629 1450051854906738 1450051854906756 1450051854906861
1450051854956609 1450051854956668 1450051854956679 1450051854956749
1450051855006605 1450051855006684 1450051855006698 1450051855006813
1450051855056639 1450051855056744 1450051855056762 1450051855056888
1450051855106604 1450051855106702 1450051855106718 1450051855106789
1450051855156615 1450051855156906 1450051855156916 1450051855156993
1450051855206639 1450051855206735 1450051855206755 1450051855206893
1450051855256612 1450051855256684 1450051855256700 1450051855256802
