1450056890503222 1450056890503311 1450056890503322 1450056890503395
1450056890553098 1450056890553160 1450056890553172 1450056890553258
1450056890603080 1450056890603165 1450056890603181 1450056890603263
1450056890653084 1450056890653174 1450056890653189 1450056890653287
1450056890703090 1450056890703188 1450056890703202 1450056890703296
1450056890753084 1450056890753214 1450056890753228 1450056890753302
1450056890803082 1450056890803144 1450056890803156 1450056890803241
1450056890853066 1450056890853099 1450056890853104 1450056890853146
1450056890903057 1450056890903089 1450056890903094 1450056890903134
1450056890953084 1450056890953123 1450056890953131 1450056890953176
1450056891003061 1450056891003100 1450056891003108 1450056891003158
1450056891053077 1450056891053138 1450056891053149 1450056891053242
1450056891103073 1450056891103162 1450056891103174 1450056891103264
1450056891153061 1450056891153092 1450056891153098 1450056891153135
1450056891203075 1450056891203139 1450056891203152 1450056891203230
1450056891253090 1450056891253148 1450056891253159 1450056891253252
1450056891303086 1450056891303157 1450056891303172 1450056891303315
1450056891353095 1450056891353179 1450056891353205 1450056891353265
1450056891403096 1450056891403241 1450056891403258 1450056891403374
1450056891453094 1450056891453172 1450056891453185 1450056891453275
1450056891503106 1450056891503186 1450056891503204 1450056891503360
1450056891553079 1450056891553143 1450056891553155 1450056891553294
1450056891603075 1450056891603161 1450056891603176 1450056891603249
1450056891653062 1450056891653096 1450056891653101 1450056891653137
1450056891703089 1450056891703200 1450056891703216 1450056891703309
1450056891753079 1450056891753177 1450056891753192 1450056891753289
1450056891803075 1450056891803181 1450056891803189 1450056891803231
1450056891853079 1450056891853144 1450056891853156 1450056891853241
1450056891903073 1450056891903158 1450056891903171 1450056891903251
1450056891953089 1450056891953150 1450056891953161 1450056891953239
1450056892003077 1450056892003142 1450056892003154 1450056892003275
1450056892053081 1450056892053212 1450056892053226 1450056892053359
1450056892103079 1450056892103136 1450056892103146 1450056892103218
1450056892153088 1450056892153170 1450056892153183 1450056892153291
1450056892203077 1450056892203136 1450056892203148 1450056892203223
1450056892253131 1450056892253261 1450056892253279 1450056892253422
1450056892303089 1450056892303173 1450056892303187 1450056892303346
1450056892353098 1450056892353162 1450056892353173 1450056892353253
1450056892403090 1450056892403182 1450056892403197 1450056892403275
1450056892453082 1450056892453146 1450056892453158 1450056892453259
1450056892503078 1450056892503166 1450056892503178 1450056892503250
1450056892553080 1450056892553145 1450056892553159 1450056892553248
1450056892603081 1450056892603150 1450056892603162 1450056892603257
1450056892653080 1450056892653140 1450056892653150 1450056892653228
1450056892703089 1450056892703152 1450056892703164 1450056892703240
1450056892753075 1450056892753143 1450056892753154 1450056892753251
1450056892803082 1450056892803150 1450056892803161 1450056892803265
1450056892853088 1450056892853413 1450056892853424 1450056892853515
1450056892903089 1450056892903153 1450056892903164 1450056892903247
1450056892953076 1450056892953135 1450056892953146 1450056892953232
1450056893003090 1450056893003155 1450056893003167 1450056893003254
1450056893053091 1450056893053153 1450056893053164 1450056893053281
1450056893103077 1450056893103139 1450056893103150 1450056893103230
1450056893153089 1450056893153159 1450056893153172 1450056893153247
1450056893203090 1450056893203154 1450056893203166 1450056893203235
1450056893253089 1450056893253153 1450056893253165 1450056893253277
1450056893303123 1450056893303191 1450056893303203 1450056893303299
1450056893353078 1450056893353138 1450056893353148 1450056893353229
1450056893403074 1450056893403137 1450056893403149 1450056893403252
1450056893453075 1450056893453143 1450056893453153 1450056893453227
1450056893503077 1450056893503143 1450056893503156 1450056893503263
1450056893553100 1450056893553188 1450056893553204 1450056893553334
1450056893603078 1450056893603140 1450056893603151 1450056893603227
1450056893653073 1450056893653136 1450056893653147 1450056893653278
1450056893703075 1450056893703135 1450056893703146 1450056893703222
1450056893753074 1450056893753132 1450056893753143 1450056893753222
1450056893803087 1450056893803156 1450056893803168 1450056893803264
1450056893853075 1450056893853134 1450056893853144 1450056893853221
1450056893903078 1450056893903142 1450056893903154 1450056893903236
1450056893953084 1450056893953146 1450056893953158 1450056893953243
1450056894003129 1450056894003214 1450056894003229 1450056894003391
1450056894053088 1450056894053165 1450056894053180 1450056894053316
1450056894103078 1450056894103144 1450056894103158 1450056894103254
1450056894153091 1450056894153168 1450056894153181 1450056894153273
1450056894203089 1450056894203155 1450056894203168 1450056894203244
1450056894253136 1450056894253208 1450056894253234 1450056894253380
1450056894303090 1450056894303159 1450056894303171 1450056894303259
1450056894353076 1450056894353139 1450056894353152 1450056894353229
1450056894403078 1450056894403143 1450056894403155 1450056894403230
1450056894453101 1450056894453179 1450056894453193 1450056894453273
1450056894503082 1450056894503152 1450056894503164 1450056894503249
1450056894553076 1450056894553136 1450056894553147 1450056894553225
1450056894603078 1450056894603143 1450056894603156 1450056894603247
1450056894653074 1450056894653135 1450056894653146 1450056894653223
1450056894703076 1450056894703137 1450056894703147 1450056894703237
1450056894753075 1450056894753142 1450056894753154 1450056894753259
1450056894803092 1450056894803161 1450056894803173 1450056894803264
1450056894853094 1450056894853170 1450056894853183 1450056894853266
1450056894903098 1450056894903159 1450056894903172 1450056894903248
1450056894953104 1450056894953189 1450056894953203 1450056894953353
1450056895003092 1450056895003158 1450056895003170 1450056895003248
1450056895053078 1450056895053137 1450056895053148 1450056895053234
1450056895103084 1450056895103166 1450056895103177 1450056895103259
1450056895153081 1450056895153145 1450056895153156 1450056895153245
1450056895203075 1450056895203148 1450056895203156 1450056895203218
1450056895253079 1450056895253141 1450056895253152 1450056895253240
1450056895303077 1450056895303142 1450056895303155 1450056895303250
1450056895353095 1450056895353228 1450056895353242 1450056895353336
1450056895403084 1450056895403178 1450056895403194 1450056895403279
1450056895453076 1450056895453171 1450056895453185 1450056895453270
1450056895503093 1450056895503187 1450056895503202 1450056895503286
1450056895553077 1450056895553158 1450056895553170 1450056895553250
1450056895603115 1450056895603209 1450056895603223 1450056895603322
1450056895653081 1450056895653173 1450056895653188 1450056895653256
1450056895703091 1450056895703162 1450056895703174 1450056895703269
1450056895753093 1450056895753164 1450056895753177 1450056895753262
1450056895803128 1450056895803207 1450056895803222 1450056895803330
1450056895853079 1450056895853141 1450056895853153 1450056895853232
1450056895903089 1450056895903173 1450056895903184 1450056895903309
1450056895953079 1450056895953138 1450056895953149 1450056895953237
1450056896003093 1450056896003169 1450056896003180 1450056896003276
1450056896053074 1450056896053132 1450056896053143 1450056896053243
1450056896103073 1450056896103136 1450056896103148 1450056896103228
1450056896153088 1450056896153153 1450056896153166 1450056896153254
1450056896203077 1450056896203138 1450056896203150 1450056896203231
1450056896253088 1450056896253177 1450056896253190 1450056896253270
1450056896303074 1450056896303117 1450056896303129 1450056896303211
1450056896353082 1450056896353149 1450056896353162 1450056896353238
1450056896403079 1450056896403141 1450056896403153 1450056896403269
1450056896453077 1450056896453135 1450056896453147 1450056896453253
1450056896503128 1450056896503210 1450056896503226 1450056896503360
1450056896553080 1450056896553140 1450056896553151 1450056896553261
1450056896603074 1450056896603150 1450056896603160 1450056896603248
1450056896653089 1450056896653155 1450056896653167 1450056896653243
1450056896703074 1450056896703130 1450056896703140 1450056896703221
1450056896753099 1450056896753181 1450056896753196 1450056896753296
1450056896803114 1450056896803190 1450056896803213 1450056896803298
1450056896853085 1450056896853150 1450056896853162 1450056896853253
1450056896903105 1450056896903188 1450056896903208 1450056896903345
1450056896953078 1450056896953180 1450056896953191 1450056896953275
1450056897003094 1450056897003165 1450056897003178 1450056897003307
1450056897053119 1450056897053186 1450056897053200 1450056897053297
1450056897103095 1450056897103166 1450056897103178 1450056897103275
1450056897153088 1450056897153158 1450056897153169 1450056897153290
1450056897203129 1450056897203241 1450056897203258 1450056897203381
1450056897253095 1450056897253154 1450056897253164 1450056897253271
1450056897303089 1450056897303174 1450056897303187 1450056897303264
1450056897353095 1450056897353197 1450056897353211 1450056897353306
1450056897403103 1450056897403201 1450056897403218 1450056897403317
1450056897453096 1450056897453164 1450056897453173 1450056897453266
1450056897503078 1450056897503229 1450056897503244 1450056897503326
1450056897553089 1450056897553184 1450056897553201 1450056897553291
1450056897603081 1450056897603146 1450056897603158 1450056897603248
1450056897653080 1450056897653162 1450056897653174 1450056897653245
1450056897703090 1450056897703149 1450056897703159 1450056897703257
1450056897753113 1450056897753222 1450056897753239 1450056897753352
1450056897803141 1450056897803282 1450056897803296 1450056897803389
1450056897853080 1450056897853160 1450056897853171 1450056897853267
1450056897903084 1450056897903188 1450056897903203 1450056897903296
1450056897953082 1450056897953142 1450056897953161 1450056897953222
1450056898003090 1450056898003258 1450056898003273 1450056898003369
1450056898053129 1450056898053240 1450056898053257 1450056898053376
1450056898103080 1450056898103144 1450056898103156 1450056898103240
1450056898153093 1450056898153154 1450056898153165 1450056898153256
1450056898203130 1450056898203241 1450056898203258 1450056898203378
1450056898253082 1450056898253140 1450056898253151 1450056898253234
1450056898303092 1450056898303185 1450056898303200 1450056898303296
1450056898353116 1450056898353293 1450056898353310 1450056898353398
1450056898403090 1450056898403150 1450056898403170 1450056898403210
1450056898453083 1450056898453152 1450056898453163 1450056898453252
1450056898503077 1450056898503171 1450056898503185 1450056898503261
1450056898553078 1450056898553171 1450056898553187 1450056898553259
1450056898603079 1450056898603174 1450056898603189 1450056898603283
1450056898653080 1450056898653144 1450056898653156 1450056898653228
1450056898703082 1450056898703203 1450056898703218 1450056898703311
1450056898753095 1450056898753194 1450056898753209 1450056898753299
1450056898803094 1450056898803164 1450056898803177 1450056898803263
1450056898853120 1450056898853182 1450056898853195 1450056898853277
1450056898903079 1450056898903142 1450056898903154 1450056898903240
1450056898953089 1450056898953146 1450056898953158 1450056898953236
1450056899003089 1450056899003157 1450056899003167 1450056899003245
1450056899053086 1450056899053210 1450056899053226 1450056899053329
1450056899103075 1450056899103146 1450056899103159 1450056899103258
1450056899153105 1450056899153155 1450056899153177 1450056899153260
1450056899203088 1450056899203181 1450056899203196 1450056899203294
1450056899253095 1450056899253163 1450056899253175 1450056899253257
1450056899303135 1450056899303209 1450056899303225 1450056899303325
1450056899353086 1450056899353145 1450056899353158 1450056899353233
1450056899403078 1450056899403158 1450056899403168 1450056899403257
1450056899453078 1450056899453223 1450056899453238 1450056899453321
1450056899503132 1450056899503242 1450056899503261 1450056899503365
1450056899553079 1450056899553140 1450056899553152 1450056899553230
1450056899603075 1450056899603140 1450056899603152 1450056899603233
1450056899653065 1450056899653101 1450056899653107 1450056899653144
1450056899703129 1450056899703249 1450056899703266 1450056899703375
1450056899753120 1450056899753208 1450056899753220 1450056899753306
1450056899803089 1450056899803197 1450056899803212 1450056899803297
1450056899853081 1450056899853141 1450056899853154 1450056899853227
1450056899903077 1450056899903131 1450056899903141 1450056899903213
1450056899953078 1450056899953139 1450056899953149 1450056899953231
1450056900003088 1450056900003192 1450056900003209 1450056900003316
1450056900053082 1450056900053138 1450056900053149 1450056900053220
1450056900103067 1450056900103124 1450056900103131 1450056900103187
1450056900153073 1450056900153166 1450056900153181 1450056900153255
1450056900203129 1450056900203268 1450056900203284 1450056900203373
1450056900253077 1450056900253174 1450056900253189 1450056900253279
1450056900303077 1450056900303178 1450056900303193 1450056900303290
1450056900353077 1450056900353138 1450056900353150 1450056900353228
1450056900403082 1450056900403162 1450056900403175 1450056900403268
1450056900453091 1450056900453207 1450056900453222 1450056900453311
1450056900503086 1450056900503188 1450056900503205 1450056900503310
1450056900553117 1450056900553219 1450056900553236 1450056900553347
1450056900603131 1450056900603238 1450056900603268 1450056900603397
1450056900653087 1450056900653147 1450056900653165 1450056900653242
1450056900703094 1450056900703175 1450056900703189 1450056900703471
1450056900753076 1450056900753132 1450056900753142 1450056900753219
1450056900803091 1450056900803167 1450056900803176 1450056900803258
1450056900853077 1450056900853145 1450056900853159 1450056900853243
1450056900903082 1450056900903143 1450056900903154 1450056900903239
1450056900953095 1450056900953162 1450056900953173 1450056900953254
1450056901003089 1450056901003156 1450056901003170 1450056901003256
1450056901053082 1450056901053173 1450056901053188 1450056901053274
1450056901103096 1450056901103192 1450056901103206 1450056901103286
1450056901153082 1450056901153169 1450056901153181 1450056901153259
1450056901203094 1450056901203150 1450056901203160 1450056901203281
1450056901253078 1450056901253166 1450056901253181 1450056901253304
1450056901303093 1450056901303159 1450056901303172 1450056901303250
1450056901353085 1450056901353180 1450056901353196 1450056901353273
1450056901403091 1450056901403147 1450056901403157 1450056901403261
1450056901453078 1450056901453143 1450056901453155 1450056901453224
1450056901503086 1450056901503171 1450056901503180 1450056901503222
1450056901553099 1450056901553205 1450056901553221 1450056901553318
1450056901603101 1450056901603202 1450056901603216 1450056901603336
1450056901653078 1450056901653128 1450056901653138 1450056901653244
1450056901703193 1450056901703260 1450056901703272 1450056901703369
1450056901753094 1450056901753179 1450056901753194 1450056901753318
1450056901803090 1450056901803150 1450056901803163 1450056901803306
1450056901853081 1450056901853167 1450056901853178 1450056901853254
1450056901903083 1450056901903145 1450056901903156 1450056901903231
1450056901953092 1450056901953188 1450056901953203 1450056901953312
1450056902003081 1450056902003158 1450056902003172 1450056902003251
1450056902053093 1450056902053198 1450056902053209 1450056902053283
1450056902103084 1450056902103135 1450056902103144 1450056902103225
1450056902153087 1450056902153180 1450056902153196 1450056902153270
1450056902203083 1450056902203165 1450056902203178 1450056902203254
1450056902253095 1450056902253161 1450056902253175 1450056902253286
1450056902303132 1450056902303237 1450056902303255 1450056902303362
1450056902353084 1450056902353179 1450056902353194 1450056902353274
1450056902403080 1450056902403158 1450056902403172 1450056902403254
1450056902453092 1450056902453186 1450056902453202 1450056902453280
1450056902503082 1450056902503147 1450056902503166 1450056902503218
1450056902553079 1450056902553190 1450056902553205 1450056902553288
1450056902603068 1450056902603145 1450056902603155 1450056902603288
1450056902653075 1450056902653111 1450056902653118 1450056902653156
1450056902703070 1450056902703132 1450056902703144 1450056902703223
1450056902753079 1450056902753140 1450056902753152 1450056902753222
1450056902803098 1450056902803199 1450056902803216 1450056902803291
1450056902853090 1450056902853157 1450056902853166 1450056902853216
1450056902903088 1450056902903171 1450056902903184 1450056902903261
1450056902953092 1450056902953150 1450056902953161 1450056902953227
1450056903003077 1450056903003136 1450056903003146 1450056903003220
1450056903053090 1450056903053181 1450056903053197 1450056903053269
1450056903103089 1450056903103180 1450056903103194 1450056903103270
1450056903153092 1450056903153154 1450056903153165 1450056903153259
1450056903203095 1450056903203188 1450056903203204 1450056903203293
1450056903253093 1450056903253203 1450056903253217 1450056903253303
1450056903303090 1450056903303162 1450056903303176 1450056903303257
1450056903353078 1450056903353170 1450056903353185 1450056903353265
1450056903403085 1450056903403169 1450056903403183 1450056903403270
1450056903453133 1450056903453259 1450056903453275 1450056903453368
1450056903503077 1450056903503145 1450056903503154 1450056903503207
1450056903553082 1450056903553153 1450056903553168 1450056903553237
1450056903603069 1450056903603109 1450056903603115 1450056903603157
1450056903653065 1450056903653104 1450056903653111 1450056903653161
1450056903703087 1450056903703136 1450056903703143 1450056903703193
1450056903753063 1450056903753124 1450056903753134 1450056903753181
1450056903803065 1450056903803105 1450056903803112 1450056903803157
1450056903853078 1450056903853139 1450056903853151 1450056903853227
1450056903903065 1450056903903101 1450056903903109 1450056903903148
1450056903953062 1450056903953316 1450056903953325 1450056903953373
1450056904003073 1450056904003130 1450056904003141 1450056904003220
1450056904053070 1450056904053138 1450056904053144 1450056904053202
1450056904103074 1450056904103126 1450056904103135 1450056904103207
1450056904153067 1450056904153115 1450056904153124 1450056904153198
1450056904203069 1450056904203120 1450056904203128 1450056904203188
1450056904253065 1450056904253100 1450056904253106 1450056904253155
1450056904303057 1450056904303092 1450056904303098 1450056904303138
1450056904353068 1450056904353111 1450056904353119 1450056904353176
1450056904403060 1450056904403094 1450056904403101 1450056904403144
1450056904453065 1450056904453109 1450056904453117 1450056904453177
1450056904503079 1450056904503153 1450056904503166 1450056904503261
1450056904553049 1450056904553131 1450056904553147 1450056904553238
1450056904603092 1450056904603187 1450056904603201 1450056904603299
1450056904653080 1450056904653151 1450056904653166 1450056904653246
1450056904703087 1450056904703151 1450056904703163 1450056904703238
1450056904753064 1450056904753098 1450056904753105 1450056904753146
1450056904803065 1450056904803128 1450056904803141 1450056904803213
1450056904853081 1450056904853119 1450056904853126 1450056904853169
1450056904903064 1450056904903110 1450056904903119 1450056904903169
1450056904953075 1450056904953133 1450056904953144 1450056904953218
1450056905003086 1450056905003187 1450056905003207 1450056905003267
1450056905053087 1450056905053151 1450056905053165 1450056905053242
1450056905103097 1450056905103167 1450056905103183 1450056905103280
1450056905153093 1450056905153210 1450056905153235 1450056905153315
1450056905203096 1450056905203154 1450056905203166 1450056905203274
1450056905253075 1450056905253249 1450056905253264 1450056905253352
1450056905303082 1450056905303145 1450056905303157 1450056905303243
1450056905353077 1450056905353116 1450056905353124 1450056905353173
1450056905403081 1450056905403154 1450056905403172 1450056905403257
1450056905453075 1450056905453137 1450056905453144 1450056905453188
1450056905503088 1450056905503156 1450056905503169 1450056905503258
1450056905553081 1450056905553163 1450056905553177 1450056905553294
1450056905603090 1450056905603184 1450056905603197 1450056905603279
1450056905653084 1450056905653154 1450056905653169 1450056905653246
1450056905703076 1450056905703195 1450056905703205 1450056905703260
1450056905753088 1450056905753166 1450056905753172 1450056905753236
1450056905803079 1450056905803131 1450056905803140 1450056905803211
1450056905853074 1450056905853139 1450056905853151 1450056905853204
1450056905903071 1450056905903121 1450056905903130 1450056905903191
1450056905953062 1450056905953100 1450056905953106 1450056905953146
1450056906003086 1450056906003156 1450056906003169 1450056906003253
1450056906053090 1450056906053129 1450056906053136 1450056906053174
1450056906103069 1450056906103115 1450056906103124 1450056906103179
1450056906153078 1450056906153143 1450056906153154 1450056906153242
1450056906203091 1450056906203144 1450056906203154 1450056906203217
1450056906253082 1450056906253145 1450056906253156 1450056906253634
1450056906303067 1450056906303103 1450056906303109 1450056906303145
1450056906353070 1450056906353135 1450056906353145 1450056906353192
1450056906403081 1450056906403124 1450056906403135 1450056906403195
1450056906453087 1450056906453161 1450056906453182 1450056906453228
1450056906503072 1450056906503117 1450056906503125 1450056906503210
1450056906553098 1450056906553163 1450056906553171 1450056906553236
1450056906603072 1450056906603119 1450056906603127 1450056906603219
1450056906653077 1450056906653161 1450056906653184 1450056906653267
1450056906703073 1450056906703127 1450056906703138 1450056906703211
1450056906753070 1450056906753232 1450056906753244 1450056906753404
1450056906803093 1450056906803199 1450056906803212 1450056906803316
1450056906853073 1450056906853128 1450056906853135 1450056906853178
1450056906903075 1450056906903144 1450056906903158 1450056906903243
1450056906953077 1450056906953153 1450056906953166 1450056906953230
1450056907003071 1450056907003133 1450056907003144 1450056907003218
1450056907053077 1450056907053182 1450056907053197 1450056907053308
1450056907103086 1450056907103147 1450056907103158 1450056907103239
1450056907153084 1450056907153149 1450056907153162 1450056907153256
1450056907203079 1450056907203150 1450056907203164 1450056907203251
1450056907253107 1450056907253182 1450056907253200 1450056907253298
1450056907303082 1450056907303150 1450056907303162 1450056907303247
1450056907353095 1450056907353199 1450056907353215 1450056907353297
1450056907403082 1450056907403152 1450056907403166 1450056907403267
1450056907453101 1450056907453171 1450056907453183 1450056907453289
1450056907503084 1450056907503243 1450056907503260 1450056907503387
1450056907553094 1450056907553194 1450056907553209 1450056907553309
1450056907603079 1450056907603166 1450056907603181 1450056907603278
1450056907653077 1450056907653151 1450056907653163 1450056907653247
1450056907703091 1450056907703161 1450056907703172 1450056907703260
1450056907753092 1450056907753134 1450056907753140 1450056907753212
1450056907803077 1450056907803131 1450056907803143 1450056907803229
1450056907853093 1450056907853164 1450056907853174 1450056907853257
1450056907903068 1450056907903106 1450056907903112 1450056907903163
1450056907953060 1450056907953093 1450056907953098 1450056907953136
1450056908003080 1450056908003150 1450056908003166 1450056908003251
1450056908053074 1450056908053109 1450056908053116 1450056908053156
1450056908103077 1450056908103148 1450056908103160 1450056908103233
1450056908153079 1450056908153140 1450056908153151 1450056908153219
1450056908203074 1450056908203105 1450056908203111 1450056908203155
1450056908253149 1450056908253209 1450056908253221 1450056908253306
1450056908303093 1450056908303156 1450056908303173 1450056908303327
1450056908353098 1450056908353125 1450056908353130 1450056908353181
1450056908403074 1450056908403150 1450056908403164 1450056908403262
1450056908453067 1450056908453123 1450056908453130 1450056908453167
1450056908503068 1450056908503106 1450056908503112 1450056908503176
1450056908553086 1450056908553173 1450056908553186 1450056908553271
1450056908603089 1450056908603182 1450056908603199 1450056908603295
1450056908653069 1450056908653126 1450056908653133 1450056908653177
1450056908703115 1450056908703259 1450056908703277 1450056908703417
1450056908753092 1450056908753252 1450056908753268 1450056908753353
1450056908803070 1450056908803101 1450056908803107 1450056908803150
1450056908853066 1450056908853121 1450056908853128 1450056908853168
1450056908903072 1450056908903144 1450056908903155 1450056908903220
1450056908953064 1450056908953127 1450056908953133 1450056908953175
1450056909003070 1450056909003125 1450056909003131 1450056909003172
1450056909053067 1450056909053132 1450056909053140 1450056909053190
1450056909103091 1450056909103155 1450056909103161 1450056909103225
1450056909153067 1450056909153101 1450056909153107 1450056909153146
1450056909203057 1450056909203102 1450056909203108 1450056909203149
1450056909253082 1450056909253118 1450056909253124 1450056909253188
1450056909303066 1450056909303109 1450056909303116 1450056909303161
1450056909353088 1450056909353157 1450056909353170 1450056909353252
1450056909403066 1450056909403109 1450056909403118 1450056909403169
1450056909453084 1450056909453238 1450056909453254 1450056909453340
1450056909503076 1450056909503197 1450056909503207 1450056909503260
1450056909553067 1450056909553136 1450056909553144 1450056909553188
1450056909603065 1450056909603128 1450056909603135 1450056909603182
1450056909653069 1450056909653139 1450056909653146 1450056909653188
1450056909703084 1450056909703155 1450056909703171 1450056909703266
1450056909753081 1450056909753176 1450056909753184 1450056909753230
1450056909803081 1450056909803159 1450056909803170 1450056909803234
1450056909853074 1450056909853153 1450056909853168 1450056909853234
1450056909903077 1450056909903176 1450056909903190 1450056909903306
1450056909953077 1450056909953229 1450056909953242 1450056909953343
1450056910003111 1450056910003186 1450056910003199 1450056910003282
1450056910053093 1450056910053162 1450056910053175 1450056910053285
1450056910103124 1450056910103205 1450056910103221 1450056910103336
1450056910153093 1450056910153165 1450056910153178 1450056910153263
1450056910203122 1450056910203206 1450056910203222 1450056910203337
1450056910253096 1450056910253184 1450056910253191 1450056910253385
1450056910303067 1450056910303111 1450056910303118 1450056910303162
1450056910353071 1450056910353107 1450056910353113 1450056910353160
1450056910403114 1450056910403200 1450056910403215 1450056910403347
1450056910453104 1450056910453185 1450056910453201 1450056910453323
1450056910503087 1450056910503176 1450056910503191 1450056910503316
1450056910553088 1450056910553154 1450056910553172 1450056910553258
1450056910603089 1450056910603159 1450056910603173 1450056910603251
1450056910653090 1450056910653156 1450056910653168 1450056910653258
1450056910703073 1450056910703117 1450056910703125 1450056910703184
1450056910753070 1450056910753117 1450056910753125 1450056910753185
1450056910803095 1450056910803169 1450056910803182 1450056910803270
1450056910853070 1450056910853118 1450056910853124 1450056910853163
1450056910903079 1450056910903123 1450056910903130 1450056910903185
1450056910953062 1450056910953108 1450056910953114 1450056910953157
1450056911003075 1450056911003119 1450056911003127 1450056911003181
1450056911053097 1450056911053177 1450056911053193 1450056911053318
1450056911103101 1450056911103160 1450056911103182 1450056911103324
1450056911153127 1450056911153188 1450056911153210 1450056911153338
1450056911203127 1450056911203192 1450056911203217 1450056911203350
1450056911253112 1450056911253191 1450056911253207 1450056911253333
1450056911303120 1450056911303195 1450056911303211 1450056911303400
1450056911353093 1450056911353168 1450056911353185 1450056911353298
1450056911403125 1450056911403228 1450056911403247 1450056911403361
1450056911453069 1450056911453137 1450056911453145 1450056911453196
1450056911503070 1450056911503112 1450056911503121 1450056911503168
1450056911553063 1450056911553093 1450056911553100 1450056911553143
1450056911603132 1450056911603164 1450056911603170 1450056911603224
1450056911653064 1450056911653128 1450056911653138 1450056911653200
1450056911703088 1450056911703181 1450056911703196 1450056911703296
1450056911753066 1450056911753122 1450056911753129 1450056911753195
1450056911803064 1450056911803100 1450056911803106 1450056911803156
1450056911853084 1450056911853162 1450056911853182 1450056911853262
1450056911903070 1450056911903126 1450056911903132 1450056911903192
1450056911953070 1450056911953122 1450056911953129 1450056911953181
1450056912003071 1450056912003106 1450056912003113 1450056912003164
1450056912053076 1450056912053151 1450056912053161 1450056912053254
1450056912103066 1450056912103097 1450056912103103 1450056912103148
1450056912153061 1450056912153105 1450056912153111 1450056912153169
1450056912203071 1450056912203103 1450056912203109 1450056912203151
1450056912253085 1450056912253144 1450056912253151 1450056912253202
1450056912303058 1450056912303098 1450056912303107 1450056912303150
1450056912353059 1450056912353118 1450056912353124 1450056912353177
1450056912403068 1450056912403131 1450056912403141 1450056912403210
1450056912453061 1450056912453114 1450056912453121 1450056912453173
1450056912503059 1450056912503128 1450056912503135 1450056912503188
1450056912553066 1450056912553109 1450056912553115 1450056912553158
1450056912603071 1450056912603137 1450056912603147 1450056912603233
1450056912653047 1450056912653130 1450056912653146 1450056912653221
1450056912703113 1450056912703178 1450056912703199 1450056912703301
1450056912753066 1450056912753107 1450056912753115 1450056912753159
1450056912803403 1450056912803440 1450056912803448 1450056912803515
1450056912853066 1450056912853109 1450056912853116 1450056912853166
1450056912903061 1450056912903096 1450056912903103 1450056912903147
1450056912953067 1450056912953118 1450056912953126 1450056912953180
1450056913003078 1450056913003172 1450056913003204 1450056913003286
1450056913053139 1450056913053217 1450056913053226 1450056913053316
1450056913103085 1450056913103130 1450056913103140 1450056913103202
1450056913153085 1450056913153163 1450056913153175 1450056913153269
1450056913203075 1450056913203133 1450056913203146 1450056913203219
1450056913253070 1450056913253116 1450056913253125 1450056913253171
1450056913303060 1450056913303092 1450056913303097 1450056913303132
1450056913353057 1450056913353112 1450056913353120 1450056913353160
1450056913403072 1450056913403159 1450056913403175 1450056913403257
1450056913453064 1450056913453086 1450056913453090 1450056913453128
1450056913503140 1450056913503199 1450056913503208 1450056913503280
1450056913553091 1450056913553186 1450056913553204 1450056913553332
1450056913603067 1450056913603137 1450056913603146 1450056913603196
1450056913653079 1450056913653144 1450056913653154 1450056913653222
1450056913703070 1450056913703125 1450056913703132 1450056913703175
1450056913753061 1450056913753097 1450056913753102 1450056913753151
1450056913803091 1450056913803135 1450056913803143 1450056913803198
1450056913853065 1450056913853100 1450056913853106 1450056913853143
1450056913903060 1450056913903099 1450056913903108 1450056913903175
1450056913953064 1450056913953107 1450056913953115 1450056913953172
1450056914003074 1450056914003127 1450056914003136 1450056914003203
1450056914053089 1450056914053148 1450056914053156 1450056914053215
1450056914103112 1450056914103156 1450056914103164 1450056914103219
1450056914153065 1450056914153104 1450056914153112 1450056914153158
1450056914203063 1450056914203098 1450056914203103 1450056914203148
1450056914253062 1450056914253090 1450056914253094 1450056914253152
1450056914303085 1450056914303164 1450056914303177 1450056914303243
1450056914353085 1450056914353158 1450056914353173 1450056914353249
1450056914403078 1450056914403137 1450056914403147 1450056914403243
1450056914453077 1450056914453164 1450056914453189 1450056914453282
1450056914503068 1450056914503102 1450056914503108 1450056914503150
1450056914553090 1450056914553175 1450056914553187 1450056914553296
1450056914603079 1450056914603146 1450056914603156 1450056914603220
1450056914653107 1450056914653150 1450056914653157 1450056914653221
1450056914703066 1450056914703127 1450056914703134 1450056914703181
1450056914753062 1450056914753100 1450056914753108 1450056914753151
1450056914803075 1450056914803139 1450056914803153 1450056914803271
1450056914853080 1450056914853140 1450056914853152 1450056914853271
1450056914903075 1450056914903130 1450056914903139 1450056914903222
1450056914953094 1450056914953159 1450056914953171 1450056914953258
1450056915003127 1450056915003188 1450056915003202 1450056915003281
1450056915053077 1450056915053160 1450056915053172 1450056915053250
1450056915103075 1450056915103132 1450056915103143 1450056915103223
1450056915153088 1450056915153156 1450056915153168 1450056915153295
1450056915203086 1450056915203181 1450056915203195 1450056915203290
1450056915253091 1450056915253146 1450056915253157 1450056915253269
1450056915303062 1450056915303091 1450056915303096 1450056915303134
1450056915353093 1450056915353270 1450056915353294 1450056915353367
1450056915403075 1450056915403228 1450056915403235 1450056915403275
1450056915453077 1450056915453133 1450056915453143 1450056915453216
1450056915503132 1450056915503244 1450056915503262 1450056915503413
1450056915553077 1450056915553133 1450056915553144 1450056915553209
1450056915603069 1450056915603129 1450056915603135 1450056915603183
1450056915653061 1450056915653117 1450056915653132 1450056915653280
1450056915703073 1450056915703229 1450056915703243 1450056915703379
1450056915753069 1450056915753140 1450056915753146 1450056915753187
1450056915803085 1450056915803190 1450056915803207 1450056915803306
1450056915853120 1450056915853217 1450056915853232 1450056915853313
1450056915903080 1450056915903137 1450056915903147 1450056915903231
1450056915953123 1450056915953248 1450056915953258 1450056915953315
1450056916003120 1450056916003219 1450056916003234 1450056916003328
1450056916053082 1450056916053151 1450056916053163 1450056916053212
1450056916103102 1450056916103161 1450056916103179 1450056916103225
1450056916153073 1450056916153145 1450056916153158 1450056916153243
1450056916203067 1450056916203119 1450056916203126 1450056916203181
1450056916253079 1450056916253141 1450056916253146 1450056916253282
1450056916303081 1450056916303135 1450056916303143 1450056916303185
1450056916353060 1450056916353091 1450056916353097 1450056916353133
1450056916403068 1450056916403126 1450056916403137 1450056916403208
1450056916453097 1450056916453189 1450056916453204 1450056916453289
1450056916503091 1450056916503151 1450056916503162 1450056916503241
1450056916553091 1450056916553157 1450056916553169 1450056916553251
1450056916603102 1450056916603153 1450056916603166 1450056916603233
1450056916653090 1450056916653195 1450056916653211 1450056916653351
1450056916703085 1450056916703147 1450056916703159 1450056916703236
1450056916753079 1450056916753178 1450056916753193 1450056916753304
1450056916803084 1450056916803230 1450056916803243 1450056916803321
1450056916853100 1450056916853191 1450056916853204 1450056916853287
1450056916903094 1450056916903254 1450056916903261 1450056916903304
1450056916953093 1450056916953185 1450056916953199 1450056916953282
1450056917003066 1450056917003127 1450056917003135 1450056917003178
1450056917053065 1450056917053119 1450056917053126 1450056917053189
1450056917103079 1450056917103170 1450056917103185 1450056917103279
1450056917153090 1450056917153202 1450056917153216 1450056917153320
1450056917203069 1450056917203105 1450056917203112 1450056917203153
1450056917253060 1450056917253092 1450056917253097 1450056917253134
1450056917303073 1450056917303205 1450056917303214 1450056917303321
1450056917353075 1450056917353216 1450056917353226 1450056917353329
1450056917403066 1450056917403103 1450056917403108 1450056917403151
1450056917453084 1450056917453172 1450056917453186 1450056917453346
1450056917503088 1450056917503220 1450056917503234 1450056917503321
1450056917553068 1450056917553113 1450056917553132 1450056917553192
1450056917603072 1450056917603116 1450056917603124 1450056917603201
1450056917653059 1450056917653092 1450056917653098 1450056917653167
1450056917703069 1450056917703185 1450056917703195 1450056917703286
1450056917753068 1450056917753111 1450056917753117 1450056917753173
1450056917803058 1450056917803088 1450056917803092 1450056917803149
1450056917853110 1450056917853206 1450056917853214 1450056917853259
1450056917903086 1450056917903162 1450056917903182 1450056917903229
1450056917953078 1450056917953228 1450056917953244 1450056917953317
1450056918003088 1450056918003262 1450056918003277 1450056918003444
1450056918053082 1450056918053148 1450056918053160 1450056918053263
1450056918103080 1450056918103173 1450056918103188 1450056918103270
1450056918153120 1450056918153224 1450056918153242 1450056918153361
1450056918203080 1450056918203161 1450056918203172 1450056918203252
1450056918253095 1450056918253197 1450056918253212 1450056918253304
1450056918303071 1450056918303136 1450056918303143 1450056918303193
1450056918353068 1450056918353103 1450056918353109 1450056918353160
1450056918403093 1450056918403151 1450056918403159 1450056918403212
1450056918453074 1450056918453178 1450056918453195 1450056918453249
1450056918503080 1450056918503213 1450056918503223 1450056918503277
1450056918553090 1450056918553238 1450056918553242 1450056918553283
1450056918603083 1450056918603158 1450056918603171 1450056918603302
1450056918653093 1450056918653162 1450056918653175 1450056918653247
1450056918703075 1450056918703135 1450056918703146 1450056918703328
1450056918753069 1450056918753110 1450056918753118 1450056918753156
1450056918803086 1450056918803224 1450056918803239 1450056918803317
1450056918853125 1450056918853240 1450056918853249 1450056918853306
1450056918903081 1450056918903142 1450056918903153 1450056918903233
1450056918953091 1450056918953229 1450056918953246 1450056918953331
1450056919003069 1450056919003101 1450056919003106 1450056919003148
1450056919053057 1450056919053085 1450056919053089 1450056919053127
1450056919103086 1450056919103182 1450056919103198 1450056919103287
1450056919153078 1450056919153158 1450056919153170 1450056919153250
1450056919203078 1450056919203138 1450056919203149 1450056919203232
1450056919253097 1450056919253201 1450056919253218 1450056919253303
1450056919303114 1450056919303256 1450056919303272 1450056919303361
1450056919353088 1450056919353145 1450056919353155 1450056919353208
1450056919403094 1450056919403240 1450056919403257 1450056919403410
1450056919453081 1450056919453138 1450056919453149 1450056919453233
1450056919503087 1450056919503236 1450056919503250 1450056919503331
1450056919553122 1450056919553201 1450056919553214 1450056919553286
1450056919603096 1450056919603153 1450056919603164 1450056919603226
1450056919653073 1450056919653152 1450056919653164 1450056919653224
1450056919703090 1450056919703153 1450056919703173 1450056919703230
1450056919753115 1450056919753191 1450056919753199 1450056919753269
1450056919803079 1450056919803142 1450056919803153 1450056919803333
1450056919853092 1450056919853155 1450056919853166 1450056919853271
1450056919903105 1450056919903233 1450056919903252 1450056919903379
1450056919953083 1450056919953142 1450056919953153 1450056919953225
1450056920003073 1450056920003114 1450056920003122 1450056920003199
1450056920053092 1450056920053147 1450056920053154 1450056920053204
1450056920103087 1450056920103167 1450056920103181 1450056920103278
