1449991503555130718
1449991503605190756
1449991503655139678
1449991503705172320
1449991503755144849
1449991503805137791
1449991503855103348
1449991503905145386
1449991503955114638
1449991504005151375
1449991504055129123
1449991504105136938
1449991504155114687
1449991504205111397
1449991504255110492
1449991504305116139
1449991504355120696
1449991504405135171
1449991504455116107
1449991504505131288
1449991504555127409
1449991504605125017
1449991504655131920
1449991504705112837
1449991504755174062
1449991504805173024
1449991504855138277
1449991504905200875
1449991504955129155
1449991505005193950
1449991505055142375
1449991505105118116
1449991505155110391
1449991505205119665
1449991505255118121
1449991505305117677
1449991505355117602
1449991505405108953
1449991505455112981
1449991505505130313
1449991505555115755
1449991505605117136
1449991505655117028
1449991505705137585
1449991505755139951
1449991505805135082
1449991505855114968
1449991505905164772
1449991505955136709
1449991506005129047
1449991506055122349
1449991506105123657
1449991506155111996
1449991506205110761
1449991506255107344
1449991506305112524
1449991506355122177
1449991506405115599
1449991506455111019
1449991506505125919
1449991506555134437
1449991506605119262
1449991506655110339
1449991506705110522
1449991506755133236
1449991506805115017
1449991506855110585
1449991506905120020
1449991506955117868
1449991507005110444
1449991507055126512
1449991507105128474
1449991507155120866
1449991507205111424
1449991507255124809
1449991507305118854
1449991507355134884
1449991507405173438
1449991507455173927
1449991507505125370
1449991507555171885
1449991507605142630
1449991507655174911
1449991507705172497
1449991507755141522
1449991507805133785
1449991507855167517
1449991507905171938
1449991507955140451
1449991508005131158
1449991508055122326
1449991508105111343
1449991508155128066
1449991508205110788
1449991508255128404
1449991508305130170
1449991508355133997
1449991508405129017
1449991508455128042
1449991508505115521
1449991508555144406
1449991508605135703
1449991508655114150
1449991508705118818
1449991508755128885
1449991508805112133
1449991508855134037
1449991508905171704
1449991508955176069
1449991509005135865
1449991509055131901
1449991509105166397
1449991509155177006
1449991509205170155
1449991509255176458
1449991509305107839
1449991509355152880
1449991509405148147
1449991509455168408
1449991509505143780
1449991509555127827
1449991509605127321
1449991509655120180
1449991509705123160
1449991509755134967
1449991509805129370
1449991509855125251
1449991509905114788
1449991509955116637
1449991510005116171
1449991510055131751
1449991510105126957
1449991510155134172
1449991510205117276
1449991510255118252
1449991510305130585
1449991510355139045
1449991510405173922
1449991510455138159
1449991510505115394
1449991510555154793
1449991510605139102
1449991510655134450
1449991510705117600
1449991510755128703
1449991510805127247
1449991510855136206
1449991510905170525
1449991510955177669
1449991511005143439
1449991511055124479
1449991511105135574
1449991511155133070
1449991511205112894
1449991511255130233
1449991511305135145
1449991511355134950
1449991511405114655
1449991511455123703
1449991511505113055
1449991511555133375
1449991511605129878
1449991511655123093
1449991511705112580
1449991511755129764
1449991511805113713
1449991511855129861
1449991511905172813
1449991511955163621
1449991512005126992
1449991512055133154
1449991512105129394
1449991512155136865
1449991512205134374
1449991512255130610
1449991512305110321
1449991512355184522
1449991512405177554
1449991512455182129
1449991512505145240
1449991512555132309
1449991512605288851
1449991512655121470
1449991512705314513
1449991512755144032
1449991512805147106
1449991512855127651
1449991512905114355
1449991512955130552
1449991513005132564
1449991513055132256
1449991513105117792
1449991513155135312
1449991513205120557
1449991513255133193
1449991513305115606
1449991513355132808
1449991513405172453
1449991513455179383
1449991513505149019
1449991513555177475
1449991513605136483
1449991513655137393
1449991513705169200
1449991513755177908
1449991513805175747
1449991513855124960
1449991513905131146
1449991513955171953
1449991514005141071
1449991514055129516
1449991514105132993
1449991514155132111
1449991514205107375
1449991514255160271
1449991514305142579
1449991514355122947
1449991514405112308
1449991514455249970
1449991514505117163
1449991514555134872
1449991514605127483
1449991514655126209
1449991514705112038
1449991514755132508
1449991514805119746
1449991514855135818
1449991514905139712
1449991514955176076
1449991515005137289
1449991515055140628
1449991515105141170
1449991515155144847
1449991515205174910
1449991515255139952
1449991515305119131
1449991515355156365
1449991515405175670
1449991515455145227
1449991515505122077
1449991515555118219
1449991515605127142
1449991515655118973
1449991515705133095
1449991515755169268
1449991515805133054
1449991515855115295
1449991515905110759
1449991515955129518
1449991516005114849
1449991516055131285
1449991516105121596
1449991516155123812
1449991516205123249
1449991516255173363
1449991516305110839
1449991516355135444
1449991516405179449
1449991516455139860
1449991516505149311
1449991516555143017
1449991516605175672
1449991516655174046
1449991516705176644
1449991516755182732
1449991516805177759
1449991516855147127
1449991516905176960
1449991516955201356
1449991517005125537
1449991517055115077
1449991517105118143
1449991517155118559
1449991517205132033
1449991517255126992
1449991517305127409
1449991517355122996
1449991517405116950
1449991517455165231
1449991517505125060
1449991517555138530
1449991517605130278
1449991517655121359
1449991517705112975
1449991517755115775
1449991517805117583
1449991517855131736
1449991517905133117
1449991517955138521
1449991518005133260
1449991518055131671
1449991518105130246
1449991518155130675
1449991518205127820
1449991518255130487
1449991518305110880
1449991518355129882
1449991518405119311
1449991518455134613
1449991518505116733
1449991518555135760
1449991518605151567
1449991518655151971
1449991518705131420
1449991518755118807
1449991518805134922
1449991518855123106
1449991518905111556
1449991518955117679
1449991519005126506
1449991519055113240
1449991519105118120
1449991519155121216
1449991519205113400
1449991519255124662
1449991519305110920
1449991519355115704
1449991519405118775
1449991519455119652
1449991519505121825
1449991519555106710
1449991519605149721
1449991519655129428
1449991519705122856
1449991519755115166
1449991519805100673
1449991519855108696
1449991519905103555
1449991519955105512
1449991520005109428
1449991520055112130
1449991520105120926
1449991520155115624
1449991520205111311
1449991520255108767
1449991520305132243
1449991520355148908
1449991520405141262
1449991520455155115
1449991520505140126
1449991520555135013
1449991520605118045
1449991520655119174
1449991520705116054
1449991520755210392
1449991520805118134
1449991520855162937
1449991520905171885
1449991520955131251
1449991521005120050
1449991521055129075
1449991521105118052
1449991521155132212
1449991521205161139
1449991521255114889
1449991521305112065
1449991521355137264
1449991521405118150
1449991521455132728
1449991521505150402
1449991521555179991
1449991521605169271
1449991521655133421
1449991521705125017
1449991521755116896
1449991521805149231
1449991521855142474
1449991521905133772
1449991521955135250
1449991522005138753
1449991522055116854
1449991522105126922
1449991522155133742
1449991522205140061
1449991522255132803
1449991522305126700
1449991522355170250
1449991522405163753
1449991522455125578
1449991522505145831
1449991522555170389
1449991522605158480
1449991522655126305
1449991522705143639
1449991522755182031
1449991522805123500
1449991522855158822
1449991522905136017
1449991522955125154
1449991523005118641
1449991523055111065
1449991523105110410
1449991523155112258
1449991523205117089
1449991523255117612
1449991523305117563
1449991523355134068
1449991523405161057
1449991523455158560
1449991523505158270
1449991523555124939
1449991523605119472
1449991523655142629
1449991523705115850
1449991523755120137
1449991523805124081
1449991523855118094
1449991523905116678
1449991523955128685
1449991524005144021
1449991524055135764
1449991524105157488
1449991524155130767
1449991524205113447
1449991524255124140
1449991524305126944
1449991524355145955
1449991524405129402
1449991524455118856
1449991524505130541
1449991524555132032
1449991524605116824
1449991524655119497
1449991524705132106
1449991524755132515
1449991524805127863
1449991524855131743
1449991524905113424
1449991524955116466
1449991525005108772
1449991525055108741
1449991525105131633
1449991525155162106
1449991525205176063
1449991525255115260
1449991525305116814
1449991525355119435
1449991525405118681
1449991525455114722
1449991525505113414
1449991525555114955
1449991525605149156
1449991525655121697
1449991525705112783
1449991525755115772
1449991525805116997
1449991525855117372
1449991525905135740
1449991525955145863
1449991526005112565
1449991526055116873
1449991526105168886
1449991526155119012
1449991526205119672
1449991526255118300
1449991526305137655
1449991526355128581
1449991526405121558
1449991526455138892
1449991526505176245
1449991526555170890
1449991526605128193
1449991526655136809
1449991526705127406
1449991526755116606
1449991526805116584
1449991526855117227
1449991526905122891
1449991526955122724
1449991527005118317
1449991527055117352
1449991527105116260
1449991527155137138
1449991527205118661
1449991527255117585
1449991527305117027
1449991527355114811
1449991527405126065
1449991527455112933
1449991527505117192
1449991527555111424
1449991527605134950
1449991527655118661
1449991527705113682
1449991527755123709
1449991527805130188
1449991527855117255
1449991527905135161
1449991527955167183
1449991528005134670
1449991528055163210
1449991528105136320
1449991528155121647
1449991528205120490
1449991528255117461
1449991528305116038
1449991528355116141
1449991528405125470
1449991528455115148
1449991528505127339
1449991528555137451
1449991528605131887
1449991528655121769
1449991528705118526
1449991528755137530
1449991528805128357
1449991528855120950
1449991528905145395
1449991528955130318
1449991529005119752
1449991529055118965
1449991529105117651
1449991529155116689
1449991529205140967
1449991529255173525
1449991529305171118
1449991529355173685
1449991529405138784
1449991529455136236
1449991529505169229
1449991529555176650
1449991529605136374
1449991529655136258
1449991529705131439
1449991529755133344
1449991529805117759
1449991529855114940
1449991529905134193
1449991529955120617
1449991530005116232
1449991530055114904
1449991530105117392
1449991530155137698
1449991530205115735
1449991530255117979
1449991530305114680
1449991530355161848
1449991530405129166
1449991530455125217
1449991530505120819
1449991530555132175
1449991530605172008
1449991530655177786
1449991530705176173
1449991530755180869
1449991530805127863
1449991530855134393
1449991530905123833
1449991530955175973
1449991531005177017
1449991531055130673
1449991531105130808
1449991531155176817
1449991531205139480
1449991531255120306
1449991531305112328
1449991531355125105
1449991531405121463
1449991531455117251
1449991531505125298
1449991531555117152
1449991531605111796
1449991531655115768
1449991531705115609
1449991531755116468
1449991531805120525
1449991531855123562
1449991531905124297
1449991531955117576
1449991532005115308
1449991532055108282
1449991532105117301
1449991532155108704
1449991532205111859
1449991532255109347
1449991532305122381
1449991532355112633
1449991532405117791
1449991532455116924
1449991532505110183
1449991532555108443
1449991532605116541
1449991532655112297
1449991532705114402
1449991532755132369
1449991532805126927
1449991532855120413
1449991532905293427
1449991532955126160
1449991533005112766
1449991533055125266
1449991533105124506
1449991533155126507
1449991533205131237
1449991533255137861
1449991533305127348
1449991533355127435
1449991533405116889
1449991533455128760
