1449991988868798886
1449991988918854971
1449991988968798473
1449991989018808933
1449991989068848942
1449991989118850677
1449991989168812736
1449991989218806510
1449991989268802943
1449991989318804488
1449991989368801856
1449991989418803856
1449991989468842855
1449991989518823723
1449991989568810017
1449991989618807516
1449991989668794531
1449991989718805367
1449991989768802843
1449991989818808675
1449991989868805809
1449991989918802773
1449991989968803740
1449991990018785236
1449991990068800930
1449991990118803948
1449991990168807070
1449991990218796813
1449991990268812525
1449991990318827680
1449991990368804676
1449991990418805432
1449991990468807151
1449991990518847738
1449991990568809850
1449991990618806109
1449991990668841655
1449991990718812740
1449991990768790501
1449991990818845207
1449991990868795579
1449991990918816902
1449991990968818230
1449991991018829109
1449991991068791355
1449991991118793147
1449991991168841962
1449991991218815737
1449991991268794766
1449991991318811216
1449991991368805952
1449991991418796603
1449991991468856162
1449991991518800345
1449991991568808757
1449991991618807476
1449991991668795517
1449991991718812416
1449991991768808576
1449991991818792898
1449991991868792649
1449991991918791593
1449991991968795393
1449991992018809765
1449991992068805630
1449991992118845155
1449991992168813758
1449991992218809557
1449991992268814182
1449991992318802948
1449991992368810743
1449991992418816491
1449991992468807071
1449991992518791574
1449991992568807378
1449991992618810733
1449991992668794964
1449991992718808548
1449991992768841707
1449991992818805871
1449991992868811565
1449991992918829581
1449991992968854712
1449991993018810908
1449991993068795467
1449991993118844339
1449991993168853582
1449991993218804597
1449991993268800945
1449991993318808677
1449991993368798145
1449991993418791050
1449991993468790163
1449991993518794227
1449991993568786203
1449991993618808976
1449991993668822274
1449991993718798973
1449991993768790735
1449991993818816128
1449991993868793877
1449991993918999294
1449991993968797656
1449991994018791990
1449991994068796249
1449991994118807957
1449991994168814121
1449991994218812968
1449991994268810564
1449991994318807608
1449991994368806130
1449991994418807511
1449991994468815470
1449991994518797006
1449991994568807027
1449991994618804022
1449991994668802516
1449991994718796113
1449991994768805546
1449991994818805270
1449991994868787581
1449991994918802560
1449991994968809303
1449991995018807851
1449991995068806038
1449991995118805963
1449991995168785708
1449991995218792074
1449991995268796966
1449991995318810198
1449991995368803687
1449991995418802493
1449991995468812513
1449991995518817433
1449991995568808701
1449991995618795065
1449991995668802844
1449991995718801595
1449991995768806094
1449991995818847723
1449991995868812534
1449991995918807347
1449991995968812280
1449991996018816825
1449991996068808804
1449991996118807984
1449991996168807604
1449991996218809206
1449991996268804457
1449991996318845785
1449991996368827856
1449991996418851491
1449991996468851064
1449991996518831725
1449991996568807127
1449991996618812016
1449991996668795240
1449991996718810412
1449991996768806027
1449991996818794706
1449991996868843808
1449991996918813785
1449991996968788606
1449991997018801934
1449991997068785812
1449991997118801937
1449991997168786473
1449991997218804145
1449991997268785738
1449991997318804919
1449991997368807289
1449991997418809930
1449991997468850102
1449991997518821856
1449991997568816191
1449991997618806314
1449991997668787853
1449991997718795822
1449991997768803929
1449991997818845023
1449991997868794226
1449991997918805162
1449991997968807733
1449991998018853030
1449991998068795591
1449991998118807075
1449991998168802610
1449991998218790771
1449991998268803277
1449991998318804568
1449991998368804249
1449991998418788374
1449991998468832529
1449991998518811399
1449991998568806245
1449991998618808215
1449991998668807611
1449991998718794322
1449991998768807731
1449991998818789340
1449991998868783248
1449991998918786697
1449991998968788453
1449991999018786159
1449991999068785121
1449991999118811699
1449991999168814367
1449991999218808789
1449991999268805683
1449991999318791018
1449991999368803865
1449991999418812248
1449991999468811040
1449991999518808606
1449991999568804598
1449991999618855298
1449991999668853737
1449991999718853244
1449991999768814974
1449991999818862827
1449991999868813807
1449991999918805496
1449991999968810426
1449992000018800446
1449992000068811968
1449992000118811128
1449992000168792916
1449992000218846217
1449992000268826620
1449992000318803631
1449992000368794347
1449992000418810097
1449992000468788112
1449992000518845547
1449992000568815353
1449992000618798255
1449992000668792694
1449992000718808171
1449992000768794666
1449992000818806246
1449992000868851005
1449992000918798339
1449992000968802849
1449992001018809478
1449992001068812595
1449992001118850995
1449992001168794787
1449992001218794713
1449992001268788534
1449992001318796595
1449992001368787048
1449992001418791555
1449992001468802680
1449992001518850010
1449992001568798120
1449992001618792098
1449992001668816709
1449992001718800017
1449992001768792749
1449992001818786660
1449992001868795897
1449992001918816518
1449992001968792210
1449992002018785364
1449992002068794292
1449992002118791430
1449992002168795031
1449992002218815043
1449992002268792226
1449992002318793107
1449992002368796448
1449992002418790914
1449992002468838583
1449992002518825545
1449992002568801612
1449992002618800121
1449992002668792968
1449992002718793862
1449992002768787265
1449992002818793209
1449992002868791971
1449992002918786783
1449992002968793725
1449992003018789904
1449992003068806429
1449992003118801538
1449992003168791682
1449992003218789959
1449992003268786867
1449992003318786441
1449992003368807934
1449992003418790406
1449992003468808508
1449992003518818709
1449992003568814909
1449992003618807029
1449992003668783530
1449992003718810723
1449992003768776958
1449992003818808538
1449992003868844410
1449992003918814200
1449992003968795402
1449992004018782895
1449992004068793804
1449992004118800902
1449992004168790412
1449992004218804055
1449992004268790823
1449992004318784216
1449992004368793789
1449992004418785612
1449992004468783151
1449992004518806254
1449992004568790974
1449992004618784545
1449992004668786143
1449992004718790531
1449992004768785110
1449992004818804388
1449992004868787481
1449992004918778632
1449992004968784357
1449992005018784133
1449992005068789391
1449992005118792820
1449992005168789992
1449992005218791045
1449992005268792310
1449992005318842912
1449992005368796575
1449992005418795347
1449992005468791476
1449992005518809138
1449992005568795782
1449992005618844464
1449992005668814584
1449992005718836709
1449992005768824656
1449992005818813589
1449992005868806524
1449992005918794194
1449992005968810095
1449992006018813083
1449992006068816573
1449992006118791450
1449992006168803920
1449992006218789308
1449992006268809585
1449992006318794068
1449992006368789349
1449992006418789861
1449992006468805812
1449992006518815806
1449992006568802444
1449992006618786446
1449992006668787957
1449992006718789565
1449992006768789958
1449992006818788626
1449992006868782574
1449992006918792618
1449992006968784998
1449992007018782263
1449992007068801288
1449992007118786686
1449992007168812536
1449992007218801917
1449992007268805069
1449992007318805137
1449992007368806829
1449992007418788959
1449992007468784674
1449992007518786734
1449992007568786494
1449992007618803524
1449992007668787105
1449992007718803774
1449992007768802169
1449992007818804930
1449992007868786492
1449992007918781432
1449992007968780983
1449992008018777772
1449992008068780942
1449992008118784712
1449992008168786093
1449992008218782028
1449992008268781385
1449992008318781790
1449992008368782061
1449992008418781778
1449992008468793678
1449992008518807491
1449992008568794469
1449992008618797230
1449992008668796400
1449992008718802030
1449992008768806208
1449992008818812213
1449992008868813751
1449992008918810732
1449992008968791550
1449992009018810444
1449992009068807769
1449992009118792819
1449992009168807648
1449992009218849281
1449992009268796190
1449992009318805628
1449992009368786766
1449992009418795835
1449992009468795319
1449992009518783199
1449992009568792334
1449992009618810677
1449992009668787757
1449992009718811054
1449992009768795965
1449992009818788644
1449992009868797371
1449992009918831706
1449992009968779461
1449992010018788107
1449992010068816790
1449992010118809211
1449992010168851050
1449992010218800793
1449992010268797689
1449992010318853473
1449992010368816551
1449992010418809803
1449992010468799673
1449992010518788820
1449992010568789505
1449992010618787779
1449992010668791998
1449992010718795987
1449992010768791896
1449992010818941028
1449992010868814195
1449992010918821216
1449992010968848813
1449992011018817273
1449992011068803343
1449992011118796128
1449992011168813445
1449992011218825131
1449992011268815375
1449992011318788239
1449992011368786080
1449992011418791829
1449992011468806567
1449992011518819809
1449992011568800794
1449992011618814817
1449992011668790881
1449992011718816801
1449992011768814433
1449992011818790333
1449992011868788240
1449992011918805410
1449992011968797041
1449992012018794622
1449992012068815938
1449992012118835731
1449992012168804602
1449992012218788360
1449992012268783313
1449992012318794906
1449992012368845116
1449992012418855547
1449992012468814656
1449992012518807915
1449992012568816199
1449992012618808185
1449992012668801896
1449992012718801456
1449992012768807611
1449992012818793817
1449992012868816349
1449992012918813779
1449992012968810353
1449992013018822121
1449992013068833665
1449992013118801296
1449992013168807989
1449992013218790311
1449992013268826103
1449992013318804420
1449992013368814670
1449992013418801236
1449992013468796836
1449992013518796640
1449992013568828704
1449992013618798163
1449992013668802834
1449992013718785507
1449992013768813829
1449992013818842084
1449992013868838958
1449992013918803269
1449992013968795678
1449992014018793910
1449992014068789637
1449992014118792084
1449992014168787005
1449992014218826730
1449992014268813351
1449992014318847533
1449992014368812806
1449992014418796193
1449992014468821461
1449992014518820394
1449992014568815126
1449992014618800341
1449992014668804425
1449992014718799126
1449992014768795410
1449992014818795779
1449992014868793530
1449992014918830848
1449992014968848646
1449992015018816401
1449992015068846822
1449992015118851256
1449992015168842007
1449992015218806685
1449992015268788224
1449992015318789101
1449992015368817456
1449992015418794551
1449992015468809899
1449992015518820273
1449992015568825316
1449992015618827078
1449992015668805848
1449992015718816103
1449992015768794291
1449992015818788702
1449992015868794013
1449992015918790508
1449992015968792046
1449992016018786861
1449992016068795524
1449992016118824131
1449992016168819913
1449992016218820683
1449992016268840396
1449992016318828971
1449992016368839600
1449992016418850145
1449992016468825815
1449992016518831907
1449992016568839285
1449992016618796455
1449992016668799712
1449992016718805069
1449992016768792342
1449992016818791338
1449992016868792797
1449992016918788975
1449992016968793842
1449992017018793065
1449992017068786122
1449992017118787524
1449992017168792003
1449992017218791510
1449992017268786851
1449992017318790487
1449992017368784569
1449992017418783982
1449992017468789349
1449992017518790543
1449992017568784891
1449992017618793071
1449992017668786949
1449992017718789396
1449992017768785136
1449992017818789002
1449992017868787657
1449992017918790843
1449992017968792040
1449992018018810077
1449992018068808979
1449992018118810411
1449992018168815684
1449992018218808763
1449992018268787691
1449992018318791298
1449992018368839169
1449992018418817448
1449992018468848530
1449992018519002239
1449992018568847908
1449992018618813691
1449992018668796223
1449992018718800213
1449992018768814611
