1449991382201852337 1449991382202215314
1449991382251883647 1449991382252165309
1449991382301847577 1449991382302163767
1449991382351878017 1449991382352185233
1449991382401872980 1449991382402174106
1449991382451871822 1449991382452267670
1449991382501872532 1449991382502227760
1449991382551840922 1449991382552135169
1449991382601872211 1449991382602188584
1449991382651874734 1449991382652199210
1449991382701873616 1449991382702225751
1449991382751875265 1449991382752185090
1449991382801868708 1449991382802203520
1449991382851877018 1449991382852193055
1449991382901852066 1449991382902204943
1449991382951879563 1449991382952208953
1449991383001876534 1449991383002197632
1449991383051875059 1449991383052190066
1449991383101841558 1449991383102101393
1449991383151875346 1449991383152194850
1449991383201862157 1449991383202138139
1449991383251877774 1449991383252181573
1449991383301822228 1449991383301983959
1449991383351860337 1449991383352153711
1449991383401878279 1449991383402223492
1449991383451819137 1449991383451974961
1449991383501875632 1449991383502242938
1449991383551878711 1449991383552200166
1449991383601872705 1449991383602249923
1449991383651876909 1449991383652197863
1449991383701841333 1449991383702164092
1449991383751839748 1449991383752134068
1449991383801870970 1449991383802162875
1449991383851819086 1449991383851983042
1449991383901874644 1449991383902324811
1449991383951872594 1449991383952211623
1449991384001825298 1449991384001944432
1449991384051845977 1449991384052215534
1449991384101819592 1449991384101951619
1449991384151804803 1449991384151955070
1449991384201806899 1449991384201953292
1449991384251812484 1449991384251964526
1449991384301810022 1449991384302054020
1449991384351820109 1449991384352049810
1449991384401820344 1449991384402098508
1449991384451812526 1449991384451938805
1449991384501862783 1449991384502317972
1449991384551839709 1449991384552178607
1449991384601818234 1449991384601946604
1449991384651811426 1449991384651923071
1449991384701825741 1449991384702035052
1449991384751815184 1449991384751962352
1449991384801832426 1449991384802112367
1449991384851814578 1449991384851935896
1449991384901884790 1449991384902080477
1449991384951810140 1449991384951913826
1449991385001908983 1449991385002060058
1449991385051804808 1449991385051956758
1449991385101823363 1449991385101970716
1449991385151815322 1449991385151948739
1449991385201818010 1449991385201924473
1449991385251916767 1449991385252075688
1449991385301829339 1449991385302171267
1449991385351864236 1449991385352197274
1449991385401813790 1449991385401961137
1449991385451861549 1449991385452192085
1449991385501855534 1449991385502212055
1449991385551815239 1449991385551979932
1449991385601849326 1449991385602191194
1449991385651817440 1449991385651960731
1449991385701822524 1449991385702112408
1449991385751814436 1449991385751922839
1449991385801821758 1449991385802163149
1449991385851843937 1449991385852135507
1449991385901819149 1449991385901977387
1449991385951867613 1449991385952219725
1449991386001851351 1449991386002185692
1449991386051862968 1449991386052192831
1449991386101862001 1449991386102212831
1449991386151834821 1449991386152157368
1449991386201869247 1449991386202200929
1449991386251833093 1449991386252046827
1449991386301848365 1449991386302249237
1449991386351834495 1449991386352039590
1449991386401825389 1449991386402020091
1449991386451869100 1449991386452199783
1449991386501840523 1449991386502189427
1449991386551827268 1449991386552039700
1449991386601824493 1449991386602075946
1449991386651819469 1449991386652018748
1449991386701826255 1449991386702078051
1449991386751825713 1449991386752134072
1449991386801838019 1449991386802151122
1449991386851817801 1449991386851973770
1449991386901859052 1449991386902207515
1449991386951834154 1449991386952124976
1449991387001828994 1449991387002182595
1449991387051868264 1449991387052118899
1449991387101865703 1449991387102140409
1449991387151815221 1449991387151962249
1449991387201804860 1449991387201927094
1449991387251816011 1449991387252004523
1449991387301834504 1449991387302127983
1449991387351848340 1449991387352165118
1449991387401831930 1449991387402031834
1449991387451815597 1449991387451981635
1449991387501807014 1449991387501953958
1449991387551816323 1449991387552115170
1449991387601867443 1449991387602197451
1449991387651865530 1449991387652193240
1449991387701841120 1449991387702163788
1449991387751820485 1449991387752001668
1449991387801821680 1449991387802060690
1449991387851812537 1449991387851996140
1449991387901808843 1449991387901969275
1449991387951836810 1449991387952059687
1449991388001835415 1449991388002064496
1449991388051837928 1449991388052164477
1449991388101867497 1449991388102207476
1449991388151841616 1449991388152128378
1449991388201871161 1449991388202144923
1449991388251859429 1449991388252133350
1449991388301828958 1449991388302093747
1449991388351864570 1449991388352162268
1449991388401847987 1449991388402130629
1449991388451851994 1449991388452157032
1449991388501867658 1449991388502195058
1449991388551835650 1449991388552213456
1449991388601837866 1449991388602089540
1449991388651816899 1449991388652047010
1449991388701817505 1449991388701998326
1449991388751809560 1449991388751939857
1449991388801808435 1449991388801956101
1449991388851807808 1449991388851963823
1449991388901828720 1449991388902098678
1449991388951847197 1449991388952171388
1449991389001869733 1449991389002183227
1449991389051832186 1449991389052042432
1449991389101846887 1449991389102206756
1449991389151852387 1449991389152175319
1449991389201833309 1449991389202024930
1449991389251868730 1449991389252186998
1449991389301850069 1449991389302185754
1449991389351830346 1449991389352053916
1449991389401826910 1449991389402071157
1449991389451818512 1449991389452009234
1449991389501829281 1449991389502102721
1449991389551811332 1449991389551968264
1449991389601807777 1449991389601938191
1449991389651812450 1449991389651965099
1449991389701832951 1449991389702114095
1449991389751861066 1449991389752160976
1449991389801865237 1449991389802211846
1449991389851825468 1449991389852086022
1449991389901849324 1449991389902218644
1449991389951861977 1449991389952110992
1449991390001869061 1449991390002156289
1449991390051872153 1449991390052268033
1449991390101844097 1449991390102223848
1449991390151852287 1449991390152180377
1449991390201859625 1449991390202225230
1449991390251817534 1449991390252082458
1449991390301865772 1449991390302231992
1449991390351873728 1449991390352201454
1449991390401849123 1449991390402210015
1449991390451875401 1449991390452228044
1449991390501869589 1449991390502234530
1449991390551867125 1449991390552190919
1449991390601870831 1449991390602191615
1449991390651858752 1449991390652180601
1449991390701844852 1449991390702166013
1449991390751878710 1449991390752209102
1449991390801869096 1449991390802194183
1449991390851876942 1449991390852242517
1449991390901871173 1449991390902222730
1449991390951876380 1449991390952196235
1449991391001869886 1449991391002194222
1449991391051877031 1449991391052201666
1449991391101857708 1449991391102193456
1449991391151878239 1449991391152203099
1449991391201872511 1449991391202238962
1449991391251875556 1449991391252196343
1449991391301859531 1449991391302242870
1449991391351878118 1449991391352202279
1449991391401823552 1449991391402071407
1449991391451873480 1449991391452211830
1449991391501871590 1449991391502230083
1449991391551879433 1449991391552223773
1449991391601857735 1449991391602193980
1449991391651834176 1449991391652160519
1449991391701876256 1449991391702221338
1449991391751813262 1449991391751970216
1449991391801845803 1449991391802160162
1449991391851831736 1449991391852102239
1449991391901815435 1449991391902000522
1449991391951873914 1449991391952182076
1449991392001872593 1449991392002186678
1449991392051818963 1449991392051968455
1449991392101838201 1449991392102181579
1449991392151856176 1449991392152198462
1449991392201817367 1449991392201976385
1449991392251876889 1449991392252249410
1449991392301843668 1449991392302234688
1449991392351837459 1449991392352117771
1449991392401860760 1449991392402209661
1449991392451837391 1449991392452101567
1449991392501869389 1449991392502222312
1449991392551845222 1449991392552155869
1449991392601818945 1449991392601999470
1449991392651855485 1449991392652202605
1449991392701859011 1449991392702134061
1449991392751816477 1449991392751970581
1449991392801813953 1449991392801946165
1449991392851828893 1449991392851977723
1449991392901815812 1449991392901990050
1449991392951878976 1449991392952162643
1449991393001865059 1449991393002196761
1449991393051874204 1449991393052214733
1449991393101875465 1449991393102240954
1449991393151818605 1449991393151969843
1449991393201834916 1449991393202168729
1449991393251877627 1449991393252246854
1449991393301817126 1449991393302010616
1449991393351839721 1449991393352101718
1449991393401827187 1449991393402053815
1449991393451809485 1449991393451946663
1449991393501866489 1449991393502245946
1449991393551872497 1449991393552207641
1449991393601817026 1449991393602009643
1449991393651864512 1449991393652246778
1449991393701872043 1449991393702225922
1449991393751875656 1449991393752239047
1449991393801871645 1449991393802218004
1449991393851816755 1449991393851965555
1449991393901812762 1449991393901987304
1449991393951817881 1449991393952080586
1449991394001828486 1449991394002020378
1449991394051840120 1449991394052070136
1449991394101872101 1449991394102254631
1449991394151828925 1449991394151993764
1449991394201873861 1449991394202198149
1449991394251875205 1449991394252212496
1449991394301840037 1449991394302163103
1449991394351818562 1449991394351951210
1449991394401813707 1449991394402201820
1449991394451814059 1449991394452137168
1449991394501868694 1449991394502089254
1449991394551874886 1449991394552242653
1449991394601844839 1449991394602160932
1449991394651876455 1449991394652216169
1449991394701840953 1449991394702438350
1449991394751857632 1449991394752197616
1449991394801826037 1449991394802020402
1449991394851833169 1449991394852138137
1449991394901877234 1449991394902195687
1449991394951871947 1449991394952212819
1449991395001835108 1449991395002105414
1449991395051829764 1449991395052175547
1449991395101879381 1449991395102245193
1449991395151837086 1449991395152088232
1449991395201827168 1449991395202055162
1449991395251827460 1449991395252057088
1449991395301869380 1449991395302338393
1449991395351875856 1449991395352282254
1449991395401834888 1449991395402109724
1449991395451827529 1449991395452065018
1449991395501832532 1449991395502143951
1449991395551872297 1449991395552194003
1449991395601836848 1449991395602100923
1449991395651830077 1449991395652074892
1449991395701859505 1449991395702196382
1449991395751872673 1449991395752196741
1449991395801858582 1449991395802205769
1449991395851877019 1449991395852208076
1449991395901873676 1449991395902224354
1449991395951878612 1449991395952201898
1449991396001835769 1449991396002131212
1449991396051873640 1449991396052206060
1449991396101871911 1449991396102236096
1449991396151831337 1449991396152083127
1449991396201813310 1449991396202040753
1449991396251825062 1449991396252056329
1449991396301869223 1449991396302241256
1449991396351877092 1449991396352246757
1449991396401836254 1449991396402151111
1449991396451856274 1449991396452200996
1449991396501872857 1449991396502223839
1449991396551877422 1449991396552210330
1449991396601854271 1449991396602160384
1449991396651834016 1449991396652133916
1449991396701868435 1449991396702312178
1449991396751877454 1449991396752214652
1449991396801827749 1449991396802065375
1449991396851874510 1449991396852229347
1449991396901875507 1449991396902324912
1449991396951875388 1449991396952262743
1449991397001835676 1449991397002125680
1449991397051871819 1449991397052218144
1449991397101873214 1449991397102221426
1449991397151833385 1449991397152093805
1449991397201825615 1449991397202059669
1449991397251862864 1449991397252187109
1449991397301862201 1449991397302226219
1449991397351819478 1449991397352064521
1449991397401824080 1449991397402057646
1449991397451853201 1449991397452184278
1449991397501874477 1449991397502241613
1449991397551835440 1449991397552111589
1449991397601825171 1449991397602037907
1449991397651827284 1449991397652039535
1449991397701866444 1449991397702217112
1449991397751877588 1449991397752289454
1449991397801859652 1449991397802168766
1449991397851845895 1449991397852206008
1449991397901807754 1449991397901969676
1449991397951843900 1449991397952177015
1449991398001833835 1449991398002098261
1449991398051827602 1449991398052059912
1449991398101869311 1449991398102217117
1449991398151833832 1449991398152067856
1449991398201826804 1449991398202054009
1449991398251808504 1449991398251943000
1449991398301811112 1449991398301937989
1449991398351813771 1449991398351992446
1449991398401824414 1449991398402073823
1449991398451867236 1449991398452238621
1449991398501881052 1449991398502225981
1449991398551837134 1449991398552156080
1449991398601874767 1449991398602196897
1449991398651878474 1449991398652201847
1449991398701875084 1449991398702241227
1449991398751828984 1449991398752084303
1449991398801832463 1449991398802086352
1449991398851873758 1449991398852204728
1449991398901877508 1449991398902239131
1449991398951878087 1449991398952196736
1449991399001875773 1449991399002206533
1449991399051846843 1449991399052178544
1449991399101871643 1449991399102666786
1449991399151873786 1449991399152240010
1449991399201872531 1449991399202188150
1449991399251880501 1449991399252198181
1449991399301877141 1449991399302192600
1449991399351882555 1449991399352206232
1449991399401876773 1449991399402201466
1449991399451879751 1449991399452214610
1449991399501868203 1449991399502215236
1449991399551834465 1449991399552080536
1449991399601871072 1449991399602196610
1449991399651884491 1449991399652200260
1449991399701877867 1449991399702198988
1449991399751877023 1449991399752195973
1449991399801877926 1449991399802218291
1449991399851881883 1449991399852228085
1449991399901876439 1449991399902198259
1449991399951879130 1449991399952211066
1449991400001881319 1449991400002201211
1449991400051861158 1449991400052166972
1449991400101877764 1449991400102191950
1449991400151846084 1449991400152163366
1449991400201876828 1449991400202219568
1449991400251863269 1449991400252189257
1449991400301877516 1449991400302188360
1449991400351880099 1449991400352209880
1449991400401877157 1449991400402222119
1449991400451876501 1449991400452218105
1449991400501860709 1449991400502170933
1449991400551842449 1449991400552189686
1449991400601875111 1449991400602189053
1449991400651881400 1449991400652216233
1449991400701876901 1449991400702188137
1449991400751879298 1449991400752216750
1449991400801876844 1449991400802198159
1449991400851879100 1449991400852228943
1449991400901875400 1449991400902208836
1449991400951865917 1449991400952211293
1449991401001872583 1449991401002191162
1449991401051879754 1449991401052189984
1449991401101879261 1449991401102194689
1449991401151879944 1449991401152193317
1449991401201876354 1449991401202193015
1449991401251877908 1449991401252205478
1449991401301877282 1449991401302186316
1449991401351844966 1449991401352140009
1449991401401880969 1449991401402196174
1449991401451867056 1449991401452187258
1449991401501844376 1449991401502145515
1449991401551879490 1449991401552191324
1449991401601877377 1449991401602246978
1449991401651867148 1449991401652190364
1449991401701844194 1449991401702123698
1449991401751834794 1449991401752100734
1449991401801871599 1449991401802193285
1449991401851880965 1449991401852203459
1449991401901876693 1449991401902202518
1449991401951836931 1449991401952069214
1449991402001825744 1449991402001998602
1449991402051869985 1449991402052196519
1449991402101859332 1449991402102189534
1449991402151874812 1449991402152202719
1449991402201874750 1449991402202203829
1449991402251837554 1449991402252102695
1449991402301815332 1449991402301988763
1449991402351882929 1449991402352211711
1449991402401878343 1449991402402198903
1449991402451862339 1449991402452184646
1449991402501876512 1449991402502219814
1449991402551861296 1449991402552199225
1449991402601839701 1449991402602186638
1449991402651879362 1449991402652242960
1449991402701877363 1449991402702220998
1449991402751818489 1449991402751983901
1449991402801872321 1449991402802182216
1449991402851876328 1449991402852211227
1449991402901875838 1449991402902092585
1449991402951879190 1449991402952181495
1449991403001872303 1449991403002247470
1449991403051875454 1449991403052199258
1449991403101846443 1449991403102185275
1449991403151879543 1449991403152206564
1449991403201840439 1449991403202135281
1449991403251877361 1449991403252205524
1449991403301878408 1449991403302215288
1449991403351841459 1449991403352148291
1449991403401832566 1449991403402067796
1449991403451872772 1449991403452158747
1449991403501828333 1449991403502070996
1449991403551812796 1449991403552042115
1449991403601863458 1449991403602153100
1449991403651847039 1449991403652138413
1449991403701876761 1449991403702195591
1449991403751878440 1449991403752194613
1449991403801874636 1449991403802206879
1449991403851822399 1449991403852066439
1449991403901873840 1449991403902194200
1449991403951826878 1449991403952082581
1449991404001874297 1449991404002186972
1449991404051878465 1449991404052207407
1449991404101873722 1449991404102188933
1449991404151877739 1449991404152195987
1449991404201874867 1449991404202230841
1449991404251878193 1449991404252216239
1449991404301877415 1449991404302196525
1449991404351878680 1449991404352212289
1449991404401874388 1449991404402229439
1449991404451878038 1449991404452210401
1449991404501874247 1449991404502204937
1449991404551836693 1449991404552086900
1449991404601825359 1449991404602062700
1449991404651861409 1449991404652191410
1449991404701847064 1449991404702161336
1449991404751877240 1449991404752214027
1449991404801877238 1449991404802257834
1449991404851838773 1449991404852031205
1449991404901820222 1449991404902030270
1449991404951878285 1449991404952152861
1449991405001878453 1449991405002180458
1449991405051878849 1449991405052149666
1449991405101875696 1449991405102137085
1449991405151878187 1449991405152167238
1449991405201874008 1449991405202176962
1449991405251845091 1449991405252121417
1449991405301877035 1449991405302155917
1449991405351878777 1449991405352202551
1449991405401875317 1449991405402227412
1449991405451884439 1449991405452231636
1449991405501877802 1449991405502192388
1449991405551878521 1449991405552197514
1449991405601876421 1449991405602214210
1449991405651829309 1449991405652134858
1449991405701841896 1449991405702136410
1449991405751877481 1449991405752227023
1449991405801877359 1449991405802268051
1449991405851876792 1449991405852221537
1449991405901874298 1449991405902220078
1449991405951855520 1449991405952202790
1449991406001878009 1449991406002211328
1449991406051883002 1449991406052246158
1449991406101875556 1449991406102255166
1449991406151879316 1449991406152222123
1449991406201874653 1449991406202171566
1449991406251877889 1449991406252191266
1449991406301875902 1449991406302189954
1449991406351870855 1449991406352183170
1449991406401873256 1449991406402221665
1449991406451877647 1449991406452198865
1449991406501837838 1449991406502103861
1449991406551875040 1449991406552199810
1449991406601873942 1449991406602211427
1449991406651870680 1449991406652217753
1449991406701858527 1449991406702169729
1449991406751881981 1449991406752193658
1449991406801843018 1449991406802068983
1449991406851829769 1449991406852027340
1449991406901870860 1449991406902170222
1449991406951877356 1449991406952160879
1449991407001836659 1449991407002111876
1449991407051873904 1449991407052184301
1449991407101876715 1449991407102160322
1449991407151839182 1449991407152067870
1449991407201871072 1449991407202224316
1449991407251877615 1449991407252156148
1449991407301877105 1449991407302204684
1449991407351878700 1449991407352175108
1449991407401875567 1449991407402212327
1449991407451877887 1449991407452198287
1449991407501876940 1449991407502185255
1449991407551879968 1449991407552206134
1449991407601875212 1449991407602194512
1449991407651881143 1449991407652215161
1449991407701876063 1449991407702177052
1449991407751859858 1449991407752188102
1449991407801844812 1449991407802162331
1449991407851877858 1449991407852206917
1449991407901875116 1449991407902211656
1449991407951819722 1449991407952030904
1449991408001871097 1449991408002198736
1449991408051881000 1449991408052165913
1449991408101875032 1449991408102195839
1449991408151882520 1449991408152208789
1449991408201875699 1449991408202224186
1449991408251878607 1449991408252185042
1449991408301874997 1449991408302198985
1449991408351876468 1449991408352163472
1449991408401877392 1449991408402249549
1449991408451879595 1449991408452176040
1449991408501860092 1449991408502185376
1449991408551879123 1449991408552160955
1449991408601875974 1449991408602233952
1449991408651877873 1449991408652197066
1449991408701859382 1449991408702186290
1449991408751843220 1449991408752159146
1449991408801876464 1449991408802226647
1449991408851852170 1449991408852230601
1449991408901887304 1449991408902193398
1449991408951882812 1449991408952193991
1449991409001881510 1449991409002336117
1449991409051880423 1449991409052225695
1449991409101874688 1449991409102169930
1449991409151878584 1449991409152160313
1449991409201876374 1449991409202173457
1449991409251880324 1449991409252156290
1449991409301877860 1449991409302169772
1449991409351878480 1449991409352157612
1449991409401876967 1449991409402184768
1449991409451878051 1449991409452174015
1449991409501877251 1449991409502185423
1449991409551879931 1449991409552186420
1449991409601848685 1449991409602343053
1449991409651882333 1449991409652283472
1449991409701860956 1449991409702243586
1449991409751837524 1449991409752095850
1449991409801872982 1449991409802352843
1449991409851864929 1449991409852257124
1449991409901820325 1449991409901973300
1449991409951883520 1449991409952211839
1449991410001874638 1449991410002219704
1449991410051879577 1449991410052187034
1449991410101880210 1449991410102188566
1449991410151880105 1449991410152552940
1449991410201878519 1449991410202316538
1449991410251878286 1449991410252208208
1449991410301876053 1449991410302165597
1449991410351818055 1449991410351930093
1449991410401866246 1449991410402227171
1449991410451835324 1449991410452068008
1449991410501871671 1449991410502187350
1449991410551818927 1449991410551983730
1449991410601832141 1449991410602177023
1449991410651842836 1449991410652164082
1449991410701879154 1449991410702439081
1449991410751876940 1449991410752297604
1449991410801834084 1449991410802071556
1449991410851809607 1449991410852063907
1449991410901804041 1449991410901947861
1449991410951850783 1449991410952250345
1449991411001835777 1449991411002133906
1449991411051835183 1449991411052081863
1449991411101872439 1449991411102329392
1449991411151841343 1449991411152234371
1449991411201842427 1449991411202244893
1449991411251839732 1449991411252133248
1449991411301840699 1449991411302175228
1449991411351840878 1449991411352158765
1449991411401876126 1449991411402216724
1449991411451882411 1449991411452221273
1449991411501849902 1449991411502145088
1449991411551875161 1449991411552220998
1449991411601876592 1449991411602215387
1449991411651880699 1449991411652280252
1449991411701877139 1449991411702192213
1449991411751836094 1449991411752056317
1449991411801870012 1449991411802183700
1449991411851875433 1449991411852195615
1449991411901861376 1449991411902176266
1449991411951885365 1449991411952190356
1449991412001866129 1449991412002186031
1449991412051815317 1449991412051975860
1449991412101877133 1449991412102243691
