1449991685551691261
1449991685601715822
1449991685651717283
1449991685701710850
1449991685751694087
1449991685801697346
1449991685851694781
1449991685901708223
1449991685951699845
1449991686001715993
1449991686051715486
1449991686101695863
1449991686151685795
1449991686201693638
1449991686251698697
1449991686301695540
1449991686351750444
1449991686401722061
1449991686451722169
1449991686501726737
1449991686551752761
1449991686601690695
1449991686651723009
1449991686701718394
1449991686751720617
1449991686801713395
1449991686851711378
1449991686901708640
1449991686951706754
1449991687001712358
1449991687051702796
1449991687101683258
1449991687151701125
1449991687201712560
1449991687251699173
1449991687301692074
1449991687351728219
1449991687401727376
1449991687451708979
1449991687501751794
1449991687551716515
1449991687601736923
1449991687651697889
1449991687701738670
1449991687751756872
1449991687801699066
1449991687851690040
1449991687901687175
1449991687951724578
1449991688001701657
1449991688051710144
1449991688101706969
1449991688151708343
1449991688201706864
1449991688251705041
1449991688301706520
1449991688351707136
1449991688401739286
1449991688451717472
1449991688501717146
1449991688551723244
1449991688601716036
1449991688651713926
1449991688701711361
1449991688751706856
1449991688801750118
1449991688851712778
1449991688901717614
1449991688951709654
1449991689001708970
1449991689051706048
1449991689101752341
1449991689151714951
1449991689201699812
1449991689251714456
1449991689301706213
1449991689351700263
1449991689401692093
1449991689451698254
1449991689501690979
1449991689551687948
1449991689601711592
1449991689651712142
1449991689701708972
1449991689751707206
1449991689801707712
1449991689851706538
1449991689901720507
1449991689951719700
1449991690001715273
1449991690051708163
1449991690101703297
1449991690151705657
1449991690201706012
1449991690251748624
1449991690301717324
1449991690351692108
1449991690401735037
1449991690451737761
1449991690501758907
1449991690551741131
1449991690601718405
1449991690651712553
1449991690701707396
1449991690751749793
1449991690801716238
1449991690851737368
1449991690901716742
1449991690951710469
1449991691001706839
1449991691051688963
1449991691101703658
1449991691151735521
1449991691201746516
1449991691251694478
1449991691301710619
1449991691351729351
1449991691401750054
1449991691451734941
1449991691501736667
1449991691551714935
1449991691601738891
1449991691651760157
1449991691701723713
1449991691751722837
1449991691801693542
1449991691851702592
1449991691901711774
1449991691951756975
1449991692001718238
1449991692051715978
1449991692101704081
1449991692151706025
1449991692201710513
1449991692251703622
1449991692301716843
1449991692351703257
1449991692401701075
1449991692451694527
1449991692501711657
1449991692551696353
1449991692601684033
1449991692651720421
1449991692701751375
1449991692751703024
1449991692801690288
1449991692851693857
1449991692901716476
1449991692951691811
1449991693001692282
1449991693051692002
1449991693101691714
1449991693151689753
1449991693201692410
1449991693251708695
1449991693301742398
1449991693351717265
1449991693401708220
1449991693451712491
1449991693501748413
1449991693551715908
1449991693602123847
1449991693651819515
1449991693701690795
1449991693751696379
1449991693801709764
1449991693851703728
1449991693901699969
1449991693951689920
1449991694001696212
1449991694051699500
1449991694101695595
1449991694151692332
1449991694201691571
1449991694251701643
1449991694301744830
1449991694351716474
1449991694401710819
1449991694451728013
1449991694501720313
1449991694551707896
1449991694601710771
1449991694651712239
1449991694701709557
1449991694751708717
1449991694801741873
1449991694851732390
1449991694901752754
1449991694951753437
1449991695001714410
1449991695051750506
1449991695101715849
1449991695151710933
1449991695201705117
1449991695251705349
1449991695301709286
1449991695351706601
1449991695401693781
1449991695451698330
1449991695501714079
1449991695551727421
1449991695601719147
1449991695651754986
1449991695701698374
1449991695751691757
1449991695801748134
1449991695851704089
1449991695901926201
1449991695951725119
1449991696001718202
1449991696051758220
1449991696101702706
1449991696151711788
1449991696201736174
1449991696251699810
1449991696301689328
1449991696351685741
1449991696401687563
1449991696451683033
1449991696501724152
1449991696551754753
1449991696601725885
1449991696651720090
1449991696701751125
1449991696751731826
1449991696801746063
1449991696851727412
1449991696901718443
1449991696951696551
1449991697001749175
1449991697051723498
1449991697101720476
1449991697151758988
1449991697201705106
1449991697251752500
1449991697301721731
1449991697351703501
1449991697401698757
1449991697451752802
1449991697501760267
1449991697551723161
1449991697601752586
1449991697651699477
1449991697701751686
1449991697751716718
1449991697801708598
1449991697851752432
1449991697901715643
1449991697951709417
1449991698001707995
1449991698051707298
1449991698101689119
1449991698151709252
1449991698201758803
1449991698251710222
1449991698301718865
1449991698351707306
1449991698401692711
1449991698451742045
1449991698501762385
1449991698551698884
1449991698601705445
1449991698651725492
1449991698701718996
1449991698751720741
1449991698801754399
1449991698851756705
1449991698901697874
1449991698951750744
1449991699001717467
1449991699051738239
1449991699101755499
1449991699151702758
1449991699201753364
1449991699251699565
1449991699301737484
1449991699351785059
1449991699401706645
1449991699451689645
1449991699501690462
1449991699551747486
1449991699601709974
1449991699651712804
1449991699701702973
1449991699751715345
1449991699801757826
1449991699851717594
1449991699901750990
1449991699951710209
1449991700001735538
1449991700051704163
1449991700101760597
1449991700151765032
1449991700201761312
1449991700251748557
1449991700301695678
1449991700351714296
1449991700401721233
1449991700451762344
1449991700501755740
1449991700551717017
1449991700601694270
1449991700651711664
1449991700701760333
1449991700751704645
1449991700801690517
1449991700851707550
1449991700901690259
1449991700951706731
1449991701001705847
1449991701051693444
1449991701101734415
1449991701151761705
1449991701201755966
1449991701251753031
1449991701301727005
1449991701351752730
1449991701401714825
1449991701451709164
1449991701501741151
1449991701551715287
1449991701601707861
1449991701651697068
1449991701701747808
1449991701751757909
1449991701801707613
1449991701851710250
1449991701901751144
1449991701951726489
1449991702001720303
1449991702051706747
1449991702101755543
1449991702151748518
1449991702201760336
1449991702251753552
1449991702301761702
1449991702351768282
1449991702401701289
1449991702451714142
1449991702501756014
1449991702551722065
1449991702601717366
1449991702651722469
1449991702701696675
1449991702751703382
1449991702801719099
1449991702851696726
1449991702901688476
1449991702951696647
1449991703001689804
1449991703051688634
1449991703101695333
1449991703151743958
1449991703201717797
1449991703251692499
1449991703301901987
1449991703351720119
1449991703401719733
1449991703451705656
1449991703501696001
1449991703551752524
1449991703601716972
1449991703651759603
1449991703701721752
1449991703751696882
1449991703801712447
1449991703851758256
1449991703901717431
1449991703951701262
1449991704001714828
1449991704051724504
1449991704101760861
1449991704151726365
1449991704201747494
1449991704251757601
1449991704301733712
1449991704351759779
1449991704401755167
1449991704451753842
1449991704501719331
1449991704551716349
1449991704601702225
1449991704651694354
1449991704701695600
1449991704751710999
1449991704801754486
1449991704851703475
1449991704901749166
1449991704951723787
1449991705001704865
1449991705051726088
1449991705101720121
1449991705151699569
1449991705201706661
1449991705251713084
1449991705301710175
1449991705351712885
1449991705401722289
1449991705451719043
1449991705501699390
1449991705551707586
1449991705601698924
1449991705651699547
1449991705701692801
1449991705751689523
1449991705801689385
1449991705851690438
1449991705901690112
1449991705951715846
1449991706001725748
1449991706051695399
1449991706101706298
1449991706151699382
1449991706201691246
1449991706251698299
1449991706301700102
1449991706351699048
1449991706401700869
1449991706451701387
1449991706501694366
1449991706551692700
1449991706601717537
1449991706651696016
1449991706701714189
1449991706751703415
1449991706801738062
1449991706851750638
1449991706901716720
1449991706951710707
1449991707001705547
1449991707051692032
1449991707101689016
1449991707151746564
1449991707201697145
1449991707251696243
1449991707301698717
1449991707351691442
1449991707401716920
1449991707451739035
1449991707501693926
1449991707551701729
1449991707601696468
1449991707651745214
1449991707701712405
1449991707751702193
1449991707801699334
1449991707851724332
1449991707901710245
1449991707951701383
1449991708001696674
1449991708051693267
1449991708101694274
1449991708151699424
1449991708201695085
1449991708251689023
1449991708301698108
1449991708351697321
1449991708401693697
1449991708451695687
1449991708501748875
1449991708551715888
1449991708601710989
1449991708651697683
1449991708701693037
1449991708751698758
1449991708801705796
1449991708851741358
1449991708901727608
1449991708951716404
1449991709001708317
1449991709051753841
1449991709101757006
1449991709151702501
1449991709201708235
1449991709251707067
1449991709301737728
1449991709351716084
1449991709401706717
1449991709451707614
1449991709501749396
1449991709551718327
1449991709601709305
1449991709651709487
1449991709701706608
1449991709751708531
1449991709801707142
1449991709851708326
1449991709901705321
1449991709951709615
1449991710001708206
1449991710051708565
1449991710101709809
1449991710151707970
1449991710201706819
1449991710251697071
1449991710301711759
1449991710351698621
1449991710401685823
1449991710451690091
1449991710501742454
1449991710551697246
1449991710601699035
1449991710651708638
1449991710701716755
1449991710751710301
1449991710801718321
1449991710851709596
1449991710901718875
1449991710951729687
1449991711001698129
1449991711051751823
1449991711101730216
1449991711151708010
1449991711201698510
1449991711251753506
1449991711301718892
1449991711351696660
1449991711401708464
1449991711451692196
1449991711501750071
1449991711551709725
1449991711601713899
1449991711651692735
1449991711701756291
1449991711751724520
1449991711801720887
1449991711851719552
1449991711901754252
1449991711951721622
1449991712001705871
1449991712051691758
1449991712101745287
1449991712151698721
1449991712201716551
1449991712251691576
1449991712301701050
1449991712351689323
1449991712401688709
1449991712451724395
1449991712501714574
1449991712551779403
1449991712601702983
1449991712651706846
1449991712701714804
1449991712751695032
1449991712801753440
1449991712851706556
1449991712901711177
1449991712951749716
1449991713001723244
1449991713051714428
1449991713101716618
1449991713151715901
1449991713201754477
1449991713251720040
1449991713301714656
1449991713351698790
1449991713401711010
1449991713451712792
1449991713501751628
1449991713551696688
1449991713601719211
1449991713651696117
1449991713701697975
1449991713751692374
1449991713801710754
1449991713851694479
1449991713901743945
1449991713951715966
1449991714001723277
1449991714051720372
1449991714101710146
1449991714151706985
1449991714201696705
1449991714251745952
1449991714301743582
1449991714351744879
1449991714401742365
1449991714451700530
1449991714501745023
1449991714551727417
1449991714601717778
1449991714651724781
1449991714701718626
1449991714751740924
1449991714801727776
1449991714851755664
1449991714901703781
1449991714951755606
1449991715001720448
1449991715051756287
1449991715101700038
1449991715151752070
1449991715201755720
1449991715251713015
1449991715301752699
1449991715351757271
1449991715401726095
1449991715451725595
