1449991564229901792
1449991564279911121
1449991564329907544
1449991564379867251
1449991564429906082
1449991564479906950
1449991564529907256
1449991564579907513
1449991564629906939
1449991564679907509
1449991564729901635
1449991564779906477
1449991564829898800
1449991564879904160
1449991564929903221
1449991564979905006
1449991565029907214
1449991565079905067
1449991565129901470
1449991565179897047
1449991565229904383
1449991565279907498
1449991565329901736
1449991565379912851
1449991565429906406
1449991565479908978
1449991565529909419
1449991565579912417
1449991565629909140
1449991565679908327
1449991565729915025
1449991565779922796
1449991565829926376
1449991565879916655
1449991565929925186
1449991565979963383
1449991566029915222
1449991566079912244
1449991566129931816
1449991566179915377
1449991566229909757
1449991566279901855
1449991566329933906
1449991566379928006
1449991566429916030
1449991566479909585
1449991566529925589
1449991566579929242
1449991566629918512
1449991566679926044
1449991566729909742
1449991566779901675
1449991566829908510
1449991566879929253
1449991566929923078
1449991566979914851
1449991567029922830
1449991567079910341
1449991567129910670
1449991567179942426
1449991567229931602
1449991567279929488
1449991567329930976
1449991567379924894
1449991567429909874
1449991567479919424
1449991567529918159
1449991567579920663
1449991567629936320
1449991567679920802
1449991567729931127
1449991567779970879
1449991567829929282
1449991567879922264
1449991567929924979
1449991567979928180
1449991568029922021
1449991568079918588
1449991568129915743
1449991568179961267
1449991568229926032
1449991568279917655
1449991568329900601
1449991568379920865
1449991568429919773
1449991568479961997
1449991568529926762
1449991568579919801
1449991568629920651
1449991568679927374
1449991568729916050
1449991568779966776
1449991568829969086
1449991568879923978
1449991568929939618
1449991568979931598
1449991569029936257
1449991569079910673
1449991569129957915
1449991569179941105
1449991569229967282
1449991569279926835
1449991569329925313
1449991569379926334
1449991569429924183
1449991569479924502
1449991569529957665
1449991569579967800
1449991569629951548
1449991569679942762
1449991569729927342
1449991569779922606
1449991569829960907
1449991569879913368
1449991569929962176
1449991569979967553
1449991570029968477
1449991570079924271
1449991570129925128
1449991570179915123
1449991570229957006
1449991570279965593
1449991570329927946
1449991570379921429
1449991570429919874
1449991570479919321
1449991570529919529
1449991570579922908
1449991570629913615
1449991570679917649
1449991570729950361
1449991570779967648
1449991570829946375
1449991570879923173
1449991570929925022
1449991570979967981
1449991571029930621
1449991571079923382
1449991571129918195
1449991571179906615
1449991571229907009
1449991571279900548
1449991571329933086
1449991571379908986
1449991571429911598
1449991571479962176
1449991571529923324
1449991571579937648
1449991571629931148
1449991571679932322
1449991571729930616
1449991571779917972
1449991571829934835
1449991571879916590
1449991571929904646
1449991571979910621
1449991572029908223
1449991572079925394
1449991572129900818
1449991572179906759
1449991572229905735
1449991572279901946
1449991572329899179
1449991572379909005
1449991572429935366
1449991572479917961
1449991572529907524
1449991572579907388
1449991572629902750
1449991572679905812
1449991572729905620
1449991572779923037
1449991572829923640
1449991572879919949
1449991572929912389
1449991572979924071
1449991573029912258
1449991573079907430
1449991573129913776
1449991573179918967
1449991573229964189
1449991573279917915
1449991573329906641
1449991573379901190
1449991573429899518
1449991573479906842
1449991573529909613
1449991573579906755
1449991573629957027
1449991573679924551
1449991573729915614
1449991573779906820
1449991573829912602
1449991573879921323
1449991573929910309
1449991573979918462
1449991574029929732
1449991574079926179
1449991574129933313
1449991574179929603
1449991574229954086
1449991574279943774
1449991574329911876
1449991574379923442
1449991574429909738
1449991574479912383
1449991574529906680
1449991574579956835
1449991574629927330
1449991574679970088
1449991574729929601
1449991574779928844
1449991574829926967
1449991574879928950
1449991574929965908
1449991574979928836
1449991575029911167
1449991575079907082
1449991575129904376
1449991575179925574
1449991575229928558
1449991575279939825
1449991575329919311
1449991575379917173
1449991575429960570
1449991575479931599
1449991575529910664
1449991575579953013
1449991575629912793
1449991575679906881
1449991575729906380
1449991575779905977
1449991575829906767
1449991575879907045
1449991575929901035
1449991575979899077
1449991576029901052
1449991576079901019
1449991576129904448
1449991576179907705
1449991576229906615
1449991576279902905
1449991576329907742
1449991576379906671
1449991576429905595
1449991576479924070
1449991576529905464
1449991576579904802
1449991576629900955
1449991576679908983
1449991576729908436
1449991576779901884
1449991576829904096
1449991576879905478
1449991576929909638
1449991576979906642
1449991577029906780
1449991577079904889
1449991577129906494
1449991577179923429
1449991577229944605
1449991577279937430
1449991577329914402
1449991577379904067
1449991577429908871
1449991577479908912
1449991577529907128
1449991577579905617
1449991577629908208
1449991577679908497
1449991577729904288
1449991577779907789
1449991577829908127
1449991577879907174
1449991577929897848
1449991577979904753
1449991578029899202
1449991578079904886
1449991578129899340
1449991578179906156
1449991578229907203
1449991578279906162
1449991578329910699
1449991578379905886
1449991578429905684
1449991578479906365
1449991578529906769
1449991578579899771
1449991578629906260
1449991578679906248
1449991578729905847
1449991578779908600
1449991578829903002
1449991578879923768
1449991578929910510
1449991578979908774
1449991579029898124
1449991579079898505
1449991579129904926
1449991579179915003
1449991579229905503
1449991579279900954
1449991579329903765
1449991579379909302
1449991579429926215
1449991579479905976
1449991579529907312
1449991579579924709
1449991579629935269
1449991579679909514
1449991579729915289
1449991579779910922
1449991579829908686
1449991579879935278
1449991579929933600
1449991579979908054
1449991580029907394
1449991580079905604
1449991580129908642
1449991580180058011
1449991580229904805
1449991580279906756
1449991580329905644
1449991580379908058
1449991580429905809
1449991580479906517
1449991580529906787
1449991580579906556
1449991580629906907
1449991580679908894
1449991580729964975
1449991580779930484
1449991580829932193
1449991580879953994
1449991580929910072
1449991580979907145
1449991581029902001
1449991581079925067
1449991581129922756
1449991581179911505
1449991581229868942
1449991581279867258
1449991581329910347
1449991581379903377
1449991581429924896
1449991581479917888
1449991581529908748
1449991581579924442
1449991581629907041
1449991581679913146
1449991581729905680
1449991581779904592
1449991581829910110
1449991581879906837
1449991581929922011
1449991581979930316
1449991582029907546
1449991582079898109
1449991582129904595
1449991582179964729
1449991582229913869
1449991582279925530
1449991582329908810
1449991582379903940
1449991582429899481
1449991582479903281
1449991582529905092
1449991582579907178
1449991582629906493
1449991582679925865
1449991582729923060
1449991582779907761
1449991582829905122
1449991582879906849
1449991582929907640
1449991582979909714
1449991583029906919
1449991583079907191
1449991583129923341
1449991583179964569
1449991583229913907
1449991583279961795
1449991583329964396
1449991583379932438
1449991583429922256
1449991583479925024
1449991583529911151
1449991583579908491
1449991583629906329
1449991583679902338
1449991583729916351
1449991583779938703
1449991583829923069
1449991583879962142
1449991583929936631
1449991583979926441
1449991584029923896
1449991584079914443
1449991584129907736
1449991584179906342
1449991584229906968
1449991584279959160
1449991584329913063
1449991584379920812
1449991584429899973
1449991584479922602
1449991584529919526
1449991584579900952
1449991584629897900
1449991584679915204
1449991584729924045
1449991584779911027
1449991584829921485
1449991584879919780
1449991584929902686
1449991584979900773
1449991585029901449
1449991585079903922
1449991585129920859
1449991585179965545
1449991585229921600
1449991585279913095
1449991585329924542
1449991585379905140
1449991585429899842
1449991585479899760
1449991585529922887
1449991585579912418
1449991585629912279
1449991585679914365
1449991585729912345
1449991585779926111
1449991585829911329
1449991585879902350
1449991585929899281
1449991585979921373
1449991586029924244
1449991586079920941
1449991586129962025
1449991586179967446
1449991586229925626
1449991586279912365
1449991586329923597
1449991586379922339
1449991586429924949
1449991586479906885
1449991586529929561
1449991586579927867
1449991586629926385
1449991586679907186
1449991586729907384
1449991586779910105
1449991586829921910
1449991586879913161
1449991586929903334
1449991586979899617
1449991587029900594
1449991587079907367
1449991587129901832
1449991587179926974
1449991587229964868
1449991587279931150
1449991587329901198
1449991587379900673
1449991587429900912
1449991587479900128
1449991587529915668
1449991587579920032
1449991587629922108
1449991587679925578
1449991587729908463
1449991587779904583
1449991587829903127
1449991587879899217
1449991587929900167
1449991587979923387
1449991588029905318
1449991588079901748
1449991588129901742
1449991588179899589
1449991588229899633
1449991588279899718
1449991588329899553
1449991588379919817
1449991588429904209
1449991588479901925
1449991588529918481
1449991588579917290
1449991588629917889
1449991588679902562
1449991588729900054
1449991588779898806
1449991588829894261
1449991588879903759
1449991588929923774
1449991588979921590
1449991589029918270
1449991589079901804
1449991589129916409
1449991589179910148
1449991589229959402
1449991589279930354
1449991589329928428
1449991589379926622
1449991589429919781
1449991589479919819
1449991589529915117
1449991589579925862
1449991589629919110
1449991589679925026
1449991589729910857
1449991589779918334
1449991589829902854
1449991589879924571
1449991589929911593
1449991589979909297
1449991590029910269
1449991590079926988
1449991590129904089
1449991590179957640
1449991590229904809
1449991590279904207
1449991590329919992
1449991590379962186
1449991590429938136
1449991590479925131
1449991590529902059
1449991590579906659
1449991590629900443
1449991590679900783
1449991590729897375
1449991590779904894
1449991590829902919
1449991590879926064
1449991590929922233
1449991590979910024
1449991591029923385
1449991591079911904
1449991591129926091
1449991591179925220
1449991591229912452
1449991591279928016
1449991591329912876
1449991591379908229
1449991591429921816
1449991591479933153
1449991591529922604
1449991591579908777
1449991591629905359
1449991591679909080
1449991591729903748
1449991591779904286
1449991591829912105
1449991591879909866
1449991591929908305
1449991591979911754
1449991592029907199
1449991592079929277
1449991592129914252
1449991592179960353
1449991592229924727
1449991592279912513
1449991592329922528
1449991592379962918
1449991592429956825
1449991592479908427
1449991592529906699
1449991592579960267
1449991592629914124
1449991592679961960
1449991592729929528
1449991592779920078
1449991592829923691
1449991592879924213
1449991592929918011
1449991592979908198
1449991593029929994
1449991593079917345
1449991593129926682
1449991593179920981
1449991593229922726
1449991593279918618
1449991593329920651
1449991593379966412
1449991593429929069
1449991593479923852
1449991593529904012
1449991593579919655
1449991593629924835
1449991593679926433
1449991593729904735
1449991593779932854
1449991593829984547
1449991593879975420
1449991593929965255
1449991593979970685
1449991594029931163
1449991594079965085
1449991594129975126
