1449991624878988608 1449991624879310524
1449991624929018072 1449991624929332315
1449991624979004867 1449991624979303685
1449991625029004635 1449991625029280249
1449991625079004476 1449991625079291018
1449991625129006020 1449991625129338354
1449991625179036013 1449991625179523024
1449991625229015384 1449991625229345396
1449991625278997642 1449991625279205834
1449991625328995586 1449991625329202493
1449991625379001911 1449991625379233202
1449991625428996310 1449991625429204440
1449991625479005525 1449991625479338691
1449991625529033005 1449991625529447377
1449991625579001861 1449991625579235103
1449991625629019707 1449991625629431904
1449991625679000974 1449991625679218587
1449991625728991769 1449991625729186766
1449991625779011487 1449991625779397963
1449991625829018925 1449991625829381851
1449991625878994907 1449991625879174593
1449991625929012122 1449991625929337771
1449991625979010413 1449991625979295696
1449991626028998018 1449991626029217664
1449991626079012207 1449991626079358144
1449991626128995433 1449991626129194317
1449991626178993338 1449991626179249667
1449991626228997922 1449991626229313901
1449991626278990760 1449991626279197983
1449991626329000430 1449991626329255121
1449991626379007942 1449991626379254454
1449991626429006927 1449991626429302076
1449991626479050999 1449991626479471241
1449991626529054247 1449991626529533697
1449991626579003961 1449991626579348242
1449991626629018542 1449991626629408800
1449991626678995344 1449991626679272229
1449991626728995892 1449991626729215354
1449991626779035578 1449991626779502440
1449991626829023746 1449991626829394426
1449991626878999496 1449991626879211907
1449991626929010920 1449991626929265293
1449991626979015859 1449991626979317668
1449991627029041689 1449991627029450789
1449991627079012975 1449991627079323633
1449991627128996522 1449991627129168758
1449991627179034583 1449991627179538589
1449991627229001754 1449991627229310608
1449991627279000405 1449991627279207015
1449991627329013276 1449991627329338771
1449991627379054247 1449991627379559512
1449991627429001958 1449991627429232492
1449991627478991629 1449991627479187638
1449991627528993102 1449991627529184797
1449991627578990021 1449991627579271763
1449991627629012398 1449991627629230737
1449991627679017241 1449991627679222618
1449991627729010106 1449991627729414242
1449991627779033647 1449991627779769311
1449991627829000590 1449991627829203721
1449991627879010771 1449991627879388445
1449991627929006767 1449991627929331667
1449991627979051640 1449991627979581925
1449991628029020561 1449991628029361047
1449991628079012798 1449991628079414609
1449991628129012552 1449991628129381187
1449991628179009587 1449991628179380034
1449991628228991990 1449991628229210981
1449991628278994417 1449991628279241528
1449991628328987446 1449991628329182760
1449991628379010481 1449991628379251502
1449991628428999084 1449991628429278186
1449991628479005252 1449991628479342399
1449991628529022205 1449991628529342502
1449991628579058428 1449991628579431247
1449991628629008015 1449991628629340860
1449991628679011705 1449991628679250149
1449991628728998745 1449991628729180599
1449991628778999041 1449991628779235547
1449991628829013523 1449991628829396284
1449991628879002362 1449991628879224294
1449991628929018263 1449991628929234725
1449991628978994566 1449991628979259374
1449991629029023581 1449991629029355664
1449991629079036727 1449991629079451001
1449991629129013922 1449991629129307701
1449991629178998316 1449991629179219665
1449991629229002963 1449991629229319972
1449991629279045028 1449991629279370514
1449991629329050253 1449991629329472029
1449991629379003508 1449991629379346158
1449991629429003473 1449991629429342374
1449991629479049589 1449991629479395663
1449991629529051351 1449991629529583397
1449991629579043792 1449991629579552742
1449991629629015953 1449991629629384174
1449991629679010315 1449991629679395568
1449991629729006885 1449991629729252616
1449991629779006927 1449991629779369041
1449991629828996702 1449991629829337006
1449991629879039771 1449991629879535718
1449991629929014966 1449991629929377210
1449991629979014880 1449991629979394638
1449991630029017477 1449991630029382605
1449991630078994971 1449991630079275958
1449991630128992888 1449991630129293476
1449991630178989588 1449991630179269745
1449991630228996502 1449991630229322925
1449991630278995254 1449991630279310550
1449991630329012811 1449991630329394069
1449991630379045661 1449991630379583486
1449991630428997180 1449991630429243713
1449991630478997020 1449991630479299385
1449991630529012530 1449991630529532185
1449991630579055348 1449991630579646231
1449991630629054938 1449991630629575675
1449991630679057021 1449991630679569415
1449991630729016006 1449991630729435664
1449991630779014567 1449991630779319385
1449991630829034387 1449991630829354443
1449991630879041057 1449991630879487813
1449991630929011030 1449991630929296684
1449991630978991253 1449991630979237856
1449991631028993630 1449991631029230255
1449991631079048806 1449991631079528146
1449991631129051875 1449991631129546145
1449991631179014405 1449991631179390312
1449991631229015268 1449991631229399983
1449991631278998543 1449991631279219031
1449991631328994901 1449991631329296601
1449991631378995644 1449991631379214569
1449991631429033180 1449991631429529353
1449991631479026396 1449991631479582711
1449991631529016345 1449991631529494088
1449991631579012818 1449991631579383448
1449991631629005707 1449991631629356151
1449991631679004228 1449991631679325804
1449991631729005780 1449991631729302870
1449991631779006970 1449991631779299211
1449991631829047721 1449991631829546825
1449991631879057975 1449991631879576875
1449991631928999028 1449991631929211314
1449991631978994280 1449991631979245207
1449991632029012977 1449991632029387718
1449991632079015247 1449991632079348820
1449991632129007568 1449991632129339647
1449991632179034427 1449991632179551746
1449991632229054032 1449991632229532340
1449991632279014411 1449991632279345889
1449991632329004566 1449991632329270262
1449991632379005904 1449991632379388361
1449991632429003527 1449991632429325546
1449991632479004764 1449991632479364326
1449991632529014932 1449991632529356302
1449991632579002124 1449991632579238577
1449991632628993576 1449991632629180598
1449991632678991424 1449991632679198266
1449991632729036436 1449991632729298333
1449991632779003533 1449991632779242409
1449991632829028227 1449991632829360605
1449991632879007882 1449991632879201467
1449991632929008789 1449991632929263800
1449991632979017560 1449991632979398361
1449991633029065363 1449991633029606693
1449991633079022121 1449991633079280804
1449991633129008503 1449991633129348541
1449991633179017482 1449991633179474608
1449991633229025762 1449991633229509936
1449991633279006369 1449991633279375198
1449991633329005879 1449991633329349912
1449991633379005944 1449991633379369084
1449991633429003770 1449991633429348298
1449991633479013671 1449991633479411132
1449991633528998409 1449991633529245815
1449991633578990680 1449991633579380468
1449991633629000101 1449991633629341192
1449991633678994987 1449991633679306270
1449991633729013901 1449991633729461539
1449991633779055333 1449991633779718530
1449991633829055488 1449991633829478848
1449991633879058239 1449991633879462780
1449991633929013957 1449991633929328679
1449991633979009057 1449991633979292132
1449991634029003138 1449991634029256575
1449991634078997193 1449991634079223974
1449991634129051080 1449991634129451863
1449991634179025861 1449991634179473701
1449991634229053171 1449991634229481341
1449991634279055247 1449991634279447125
1449991634329057971 1449991634329465508
1449991634379059586 1449991634379439134
1449991634429008069 1449991634429332497
1449991634479005919 1449991634479351119
1449991634529053432 1449991634529468173
1449991634579039058 1449991634579483028
1449991634629000914 1449991634629245387
1449991634678994895 1449991634679186308
1449991634729047448 1449991634729529928
1449991634779013542 1449991634779225880
1449991634828991908 1449991634829227206
1449991634879015626 1449991634879345287
1449991634928995385 1449991634929222956
1449991634979011623 1449991634979325294
1449991635028998695 1449991635029239583
1449991635079017596 1449991635079223658
1449991635128997819 1449991635129262001
1449991635178996416 1449991635179223104
1449991635229003333 1449991635229284032
1449991635279013432 1449991635279408621
1449991635328998234 1449991635329216669
1449991635378988957 1449991635379205294
1449991635428992978 1449991635429193808
1449991635478992090 1449991635479171950
1449991635528996343 1449991635529246617
1449991635578992631 1449991635579252495
1449991635628992435 1449991635629217502
1449991635678993452 1449991635679232548
1449991635728996430 1449991635729224721
1449991635778995332 1449991635779199634
1449991635828990879 1449991635829226349
1449991635878994433 1449991635879234372
1449991635928992660 1449991635929317806
1449991635979035464 1449991635979581248
1449991636029018203 1449991636029410492
1449991636079053096 1449991636079577308
1449991636128999306 1449991636129159050
1449991636178993895 1449991636179240848
1449991636229047782 1449991636229533356
1449991636279020643 1449991636279222033
1449991636328986561 1449991636329245152
1449991636379000094 1449991636379278154
1449991636429015741 1449991636429440450
1449991636479051737 1449991636479544264
1449991636529001144 1449991636529219056
1449991636579001897 1449991636579285132
1449991636628995726 1449991636629209362
1449991636679012297 1449991636679247349
1449991636728997997 1449991636729228251
1449991636778996069 1449991636779228790
1449991636828996246 1449991636829205905
1449991636879016722 1449991636879491999
1449991636929005613 1449991636929241284
1449991636978993535 1449991636979210704
1449991637029034336 1449991637029554064
1449991637079005677 1449991637079367329
1449991637129041291 1449991637129538866
1449991637179001988 1449991637179241753
1449991637228995415 1449991637229244377
1449991637279000421 1449991637279202228
1449991637329000501 1449991637329242327
1449991637379016104 1449991637379684973
1449991637429009367 1449991637429278280
1449991637479012966 1449991637479374055
1449991637529015981 1449991637529343784
1449991637579008803 1449991637579301877
1449991637628996294 1449991637629221488
1449991637678988504 1449991637679221571
1449991637729011316 1449991637729316150
1449991637779010485 1449991637779727861
1449991637829039058 1449991637829518685
1449991637879045581 1449991637879574476
1449991637929055274 1449991637929575777
1449991637979057427 1449991637979608580
1449991638029017127 1449991638029383979
1449991638079006751 1449991638079323172
1449991638129001267 1449991638129234289
1449991638179009634 1449991638179457593
1449991638228996990 1449991638229347989
1449991638278988171 1449991638279250611
1449991638329006033 1449991638329321321
1449991638379011303 1449991638379366515
1449991638429006387 1449991638429323242
1449991638479051066 1449991638479460591
1449991638529059116 1449991638529536432
1449991638579014649 1449991638579415855
1449991638629000515 1449991638629400626
1449991638679057726 1449991638679582807
1449991638729055095 1449991638729503790
1449991638778999454 1449991638779230579
1449991638829012304 1449991638829485914
1449991638879056232 1449991638879497920
1449991638929017762 1449991638929374214
1449991638979055486 1449991638979611239
1449991639029016940 1449991639029441556
1449991639079004741 1449991639079266377
1449991639128995606 1449991639129207274
1449991639179011208 1449991639179377907
1449991639229012255 1449991639229345625
1449991639279014190 1449991639279436057
1449991639329039933 1449991639329612601
1449991639379000312 1449991639379236971
1449991639429012511 1449991639429411067
1449991639479055636 1449991639479553922
1449991639529011838 1449991639529436297
1449991639579015789 1449991639579411546
1449991639629050081 1449991639629496770
1449991639679003564 1449991639679260149
1449991639728994466 1449991639729227421
1449991639779012062 1449991639779384794
1449991639828997985 1449991639829219415
1449991639879019508 1449991639879299968
1449991639929053874 1449991639929499531
1449991639979006101 1449991639979407547
1449991640028999644 1449991640029193385
1449991640079012986 1449991640079399709
1449991640129054551 1449991640129484977
1449991640178999840 1449991640179192624
1449991640229047027 1449991640229584098
1449991640279057388 1449991640279491045
1449991640329024115 1449991640329287158
1449991640379053339 1449991640379568008
1449991640429052455 1449991640429539712
1449991640479041090 1449991640479522675
1449991640529055932 1449991640529522980
1449991640579018014 1449991640579434825
1449991640629048217 1449991640629478880
1449991640679001095 1449991640679228096
1449991640729009542 1449991640729301320
1449991640779017982 1449991640779401619
1449991640829047915 1449991640829487288
1449991640879009733 1449991640879493346
1449991640929014171 1449991640929336183
1449991640979017560 1449991640979437435
1449991641029016810 1449991641029409550
1449991641079019410 1449991641079395857
1449991641129016877 1449991641129332412
1449991641179046160 1449991641179544086
1449991641229017443 1449991641229389293
1449991641279020608 1449991641279451983
1449991641329018759 1449991641329435834
1449991641379054668 1449991641379538929
1449991641429015043 1449991641429289609
1449991641478999501 1449991641479237855
1449991641529045722 1449991641529450750
1449991641579022397 1449991641579461409
1449991641629052069 1449991641629507789
1449991641679006180 1449991641679238996
1449991641729051006 1449991641729474192
1449991641779017431 1449991641779540567
1449991641829056695 1449991641829551921
1449991641879001553 1449991641879199588
1449991641929011963 1449991641929415995
1449991641979014794 1449991641979432080
1449991642029012707 1449991642029375194
1449991642079015886 1449991642079369527
1449991642129011430 1449991642129350820
1449991642178997894 1449991642179368424
1449991642229008490 1449991642229277346
1449991642278989391 1449991642279331804
1449991642328992242 1449991642329208594
1449991642378993580 1449991642379231676
1449991642429051880 1449991642429445537
1449991642479066291 1449991642479522388
1449991642529020017 1449991642529369373
1449991642579046091 1449991642579644704
1449991642629014638 1449991642629335625
1449991642679017071 1449991642679389288
1449991642729021302 1449991642729519266
1449991642779017144 1449991642779532472
1449991642829051239 1449991642829527900
1449991642879019873 1449991642879346243
1449991642929017616 1449991642929389352
1449991642979019682 1449991642979263907
1449991643029018558 1449991643029373584
1449991643079007031 1449991643079282616
1449991643129008758 1449991643129300923
1449991643179015885 1449991643179493154
1449991643229017226 1449991643229377062
1449991643279028607 1449991643279523913
1449991643329021452 1449991643329343609
1449991643378995762 1449991643379198083
1449991643429004339 1449991643429254068
1449991643479005135 1449991643479297060
1449991643529050586 1449991643529430361
1449991643579016527 1449991643579272083
1449991643628995579 1449991643629187807
1449991643678995013 1449991643679174326
1449991643728996397 1449991643729210189
1449991643778995717 1449991643779207106
1449991643828993513 1449991643829222564
1449991643878993466 1449991643879197500
1449991643928992374 1449991643929189891
1449991643978992909 1449991643979180932
1449991644028996429 1449991644029194234
1449991644078997259 1449991644079231085
1449991644128994876 1449991644129193381
1449991644179015220 1449991644179282827
1449991644229004160 1449991644229225490
1449991644279106627 1449991644279346880
1449991644328994898 1449991644329193194
1449991644378986586 1449991644379169692
1449991644428993608 1449991644429202445
1449991644478999523 1449991644479311622
1449991644528996968 1449991644529239536
1449991644578995433 1449991644579230973
1449991644628995144 1449991644629224881
1449991644679115967 1449991644679315339
1449991644728992701 1449991644729233084
1449991644778993526 1449991644779240545
1449991644828995881 1449991644829238534
1449991644878995658 1449991644879241898
1449991644928994906 1449991644929246513
1449991644978995248 1449991644979245504
1449991645028994249 1449991645029231266
1449991645078995264 1449991645079235801
1449991645128994113 1449991645129198205
1449991645178987090 1449991645179196777
1449991645229015562 1449991645229327155
1449991645279064405 1449991645279463294
1449991645329032550 1449991645329362027
1449991645379023237 1449991645379350781
1449991645429019300 1449991645429386933
1449991645479003233 1449991645479246758
1449991645529044690 1449991645529513182
1449991645579012766 1449991645579490181
1449991645628997624 1449991645629204445
1449991645678997871 1449991645679255858
1449991645728996331 1449991645729241847
1449991645778995128 1449991645779223701
1449991645828994741 1449991645829234089
1449991645878993647 1449991645879242917
1449991645928993267 1449991645929231075
1449991645978993805 1449991645979256200
1449991646028993440 1449991646029239481
1449991646078993144 1449991646079243106
1449991646128995314 1449991646129213078
1449991646178986873 1449991646179214485
1449991646228991418 1449991646229206248
1449991646278994368 1449991646279235511
1449991646328995256 1449991646329216868
1449991646379013418 1449991646379261669
1449991646428995967 1449991646429230096
1449991646479002940 1449991646479259369
1449991646528998133 1449991646529184204
1449991646579015919 1449991646579416895
1449991646629000621 1449991646629180130
1449991646679004155 1449991646679374655
1449991646728999406 1449991646729404568
1449991646779021551 1449991646779380337
1449991646829048463 1449991646829541287
1449991646879021002 1449991646879377103
1449991646929053474 1449991646929560002
1449991646979022452 1449991646979488511
1449991647029002586 1449991647029246705
1449991647079008596 1449991647079277431
1449991647128998297 1449991647129395359
1449991647178995446 1449991647179235000
1449991647228995061 1449991647229226781
1449991647278992520 1449991647279212061
1449991647328993554 1449991647329190251
1449991647378992404 1449991647379219293
1449991647429007392 1449991647429324010
1449991647479046329 1449991647479454070
1449991647529004359 1449991647529204502
1449991647578993672 1449991647579271145
1449991647628994830 1449991647629207432
1449991647679018910 1449991647679260825
1449991647728994540 1449991647729190479
1449991647778999832 1449991647779253126
1449991647828994817 1449991647829280240
1449991647878991617 1449991647879225209
1449991647928993999 1449991647929215296
1449991647978993733 1449991647979213602
1449991648028993481 1449991648029237318
1449991648078994115 1449991648079235764
1449991648128981372 1449991648129154724
1449991648178984875 1449991648179207480
1449991648228994665 1449991648229207172
1449991648278993825 1449991648279219785
1449991648328992349 1449991648329205038
1449991648378986578 1449991648379214454
1449991648428986298 1449991648429209935
1449991648478991857 1449991648479204688
1449991648528992366 1449991648529216032
1449991648578984909 1449991648579200321
1449991648628987937 1449991648629217159
1449991648678988027 1449991648679221289
1449991648728994244 1449991648729230396
1449991648778988090 1449991648779170995
1449991648828995204 1449991648829204452
1449991648879209399 1449991648879736063
1449991648929000305 1449991648929218224
1449991648979021342 1449991648979397188
1449991649029020993 1449991649029420756
1449991649079004494 1449991649079261319
1449991649129046714 1449991649129488682
1449991649179007314 1449991649179262222
1449991649229046533 1449991649229469782
1449991649279002165 1449991649279240195
1449991649329005513 1449991649329406859
1449991649379019158 1449991649379395648
1449991649429050380 1449991649429526359
1449991649479017774 1449991649479383300
1449991649529046975 1449991649529533251
1449991649579018535 1449991649579398771
1449991649629000025 1449991649629323224
1449991649678992502 1449991649679196555
1449991649728994136 1449991649729225600
1449991649779003243 1449991649779362397
1449991649828996975 1449991649829229848
1449991649879008384 1449991649879447025
1449991649929004237 1449991649929233826
1449991649979049336 1449991649979548771
1449991650029022730 1449991650029454723
1449991650079013641 1449991650079292988
1449991650128996266 1449991650129352614
1449991650179013089 1449991650179363864
1449991650229000602 1449991650229368065
1449991650278998806 1449991650279235174
1449991650328993459 1449991650329202890
1449991650378993188 1449991650379231675
1449991650429010086 1449991650429424395
1449991650478998706 1449991650479217602
1449991650529005281 1449991650529336341
1449991650579004096 1449991650579321285
1449991650628988716 1449991650629334520
1449991650678995676 1449991650679315635
1449991650728988505 1449991650729246847
1449991650779048198 1449991650779681119
1449991650829055346 1449991650829500675
1449991650879025583 1449991650879433213
1449991650929034686 1449991650929275806
1449991650979053298 1449991650979527360
1449991651029001629 1449991651029222934
1449991651078997986 1449991651079251367
1449991651129038562 1449991651129490239
1449991651179004707 1449991651179426566
1449991651229001918 1449991651229299213
1449991651279032593 1449991651279545058
1449991651329027599 1449991651329410878
1449991651378997920 1449991651379228834
1449991651428994652 1449991651429228155
1449991651479027470 1449991651479508447
1449991651528995275 1449991651529230176
1449991651579008550 1449991651579459221
1449991651629029418 1449991651629446283
1449991651679016647 1449991651679394347
1449991651728996237 1449991651729190387
1449991651779011375 1449991651779269283
1449991651829023818 1449991651829450598
1449991651879009617 1449991651879478199
1449991651929009174 1449991651929359718
1449991651979010942 1449991651979290590
1449991652028990030 1449991652029303024
1449991652079027636 1449991652079522632
1449991652129059381 1449991652129593434
1449991652179056845 1449991652179471117
1449991652229041117 1449991652229452183
1449991652278996758 1449991652279246952
1449991652328994872 1449991652329223647
1449991652379004549 1449991652379161012
1449991652429006424 1449991652429185602
1449991652479005644 1449991652479249704
1449991652529043477 1449991652529510499
1449991652579013715 1449991652579294915
1449991652629010455 1449991652629250418
1449991652678995641 1449991652679213751
1449991652729012192 1449991652729373524
1449991652779009698 1449991652779216690
1449991652829012712 1449991652829309295
1449991652879011468 1449991652879296540
1449991652929005926 1449991652929448256
1449991652979054939 1449991652979593177
1449991653029016256 1449991653029334982
1449991653079010197 1449991653079332260
1449991653129005247 1449991653129243039
1449991653179010173 1449991653179361532
1449991653229027263 1449991653229214477
1449991653279020843 1449991653279375572
1449991653329023580 1449991653329363097
1449991653379025396 1449991653379485897
1449991653429043314 1449991653429452896
1449991653479046553 1449991653479383440
1449991653529002859 1449991653529286711
1449991653579053588 1449991653579323711
1449991653629010262 1449991653629321424
1449991653679008141 1449991653679336776
1449991653729014060 1449991653729331153
1449991653779001168 1449991653779298517
1449991653829038174 1449991653829393116
1449991653879046027 1449991653879296474
1449991653928991651 1449991653929283633
1449991653979049714 1449991653979427550
1449991654029053774 1449991654029519654
1449991654079015649 1449991654079416094
1449991654128999133 1449991654129243454
1449991654179036472 1449991654179304099
1449991654229050245 1449991654229403434
1449991654279016450 1449991654279283418
1449991654329015704 1449991654329214557
1449991654378998953 1449991654379226622
1449991654429021881 1449991654429296019
1449991654479009315 1449991654479318169
1449991654529017118 1449991654529386123
1449991654579015866 1449991654579487976
1449991654629011651 1449991654629527264
1449991654679055282 1449991654679580980
1449991654729033597 1449991654729566118
1449991654779059370 1449991654779548068
