1449991533895174949
1449991533945177899
1449991533995223806
1449991534045186633
1449991534095162411
1449991534145211398
1449991534195221720
1449991534245172384
1449991534295167018
1449991534345202293
1449991534395173715
1449991534445166014
1449991534495164892
1449991534545165642
1449991534595167544
1449991534645166756
1449991534695165492
1449991534745158144
1449991534795165178
1449991534845164601
1449991534895168124
1449991534945163374
1449991534995194219
1449991535045187682
1449991535095157096
1449991535145170933
1449991535195218396
1449991535245171274
1449991535295180997
1449991535345168804
1449991535395166866
1449991535445181004
1449991535495210249
1449991535545189369
1449991535595223642
1449991535645194899
1449991535695163693
1449991535745165943
1449991535795165286
1449991535845174321
1449991535895166574
1449991535945164521
1449991535995167834
1449991536045160163
1449991536095165179
1449991536145159653
1449991536195163984
1449991536245190074
1449991536295185921
1449991536345180461
1449991536395187250
1449991536445185705
1449991536495186384
1449991536545184415
1449991536595192291
1449991536645192569
1449991536695186393
1449991536745158044
1449991536795160372
1449991536845191943
1449991536895189339
1449991536945163506
1449991536995159694
1449991537045217476
1449991537095169901
1449991537145205759
1449991537195163130
1449991537245166409
1449991537295164875
1449991537345159946
1449991537395162504
1449991537445161355
1449991537495159248
1449991537545188000
1449991537595163539
1449991537645165779
1449991537695163839
1449991537745163892
1449991537795161418
1449991537845163318
1449991537895163923
1449991537945211914
1449991537995201804
1449991538045216214
1449991538095182325
1449991538145183398
1449991538195174256
1449991538245151696
1449991538295166939
1449991538345158243
1449991538395155462
1449991538445164864
1449991538495184080
1449991538545161003
1449991538595163784
1449991538645183679
1449991538695167776
1449991538745180819
1449991538795187331
1449991538845191455
1449991538895174264
1449991538945165312
1449991538995210185
1449991539045223954
1449991539095223809
1449991539145176386
1449991539195189527
1449991539245192813
1449991539295172272
1449991539345165678
1449991539395166562
1449991539445163954
1449991539495198926
1449991539545195413
1449991539595192715
1449991539645197788
1449991539695225442
1449991539745222543
1449991539795218629
1449991539845172489
1449991539895159529
1449991539945178348
1449991539995195173
1449991540045185439
1449991540095205578
1449991540145214265
1449991540195176919
1449991540245221458
1449991540295182865
1449991540345213522
1449991540395188042
1449991540445178526
1449991540495208882
1449991540545183316
1449991540595180795
1449991540645178531
1449991540695222004
1449991540745182750
1449991540795188741
1449991540845181085
1449991540895189035
1449991540945171117
1449991540995181150
1449991541045187038
1449991541095167809
1449991541145166617
1449991541195166470
1449991541245163294
1449991541295165886
1449991541345166397
1449991541395164715
1449991541445186604
1449991541495188429
1449991541545178826
1449991541595177831
1449991541645175474
1449991541695178095
1449991541745180612
1449991541795181899
1449991541845169297
1449991541895183045
1449991541945186269
1449991541995189362
1449991542045185681
1449991542095189287
1449991542145218091
1449991542195209158
1449991542245181855
1449991542295166681
1449991542345192622
1449991542395176717
1449991542445163896
1449991542495171199
1449991542545168496
1449991542595189568
1449991542645171061
1449991542695165678
1449991542745212267
1449991542795173983
1449991542845163491
1449991542895167003
1449991542945185817
1449991542995181120
1449991543045171479
1449991543095174584
1449991543145178448
1449991543195171423
1449991543245186726
1449991543295185584
1449991543345186124
1449991543395170446
1449991543445163530
1449991543495164383
1449991543545166042
1449991543595217749
1449991543645227976
1449991543695169985
1449991543745149378
1449991543795177877
1449991543845189152
1449991543895179764
1449991543945179822
1449991543995158295
1449991544045179815
1449991544095176455
1449991544145210417
1449991544195183116
1449991544245171018
1449991544295222398
1449991544345162771
1449991544395161730
1449991544445165216
1449991544495180238
1449991544545166282
1449991544595207686
1449991544645166293
1449991544695163918
1449991544745161437
1449991544795161958
1449991544845162293
1449991544895216718
1449991544945169300
1449991544995181978
1449991545045187452
1449991545095177170
1449991545145218542
1449991545195170010
1449991545245163658
1449991545295165591
1449991545345181122
1449991545395195929
1449991545445181342
1449991545495180134
1449991545545199695
1449991545595184400
1449991545645188801
1449991545695203579
1449991545745212928
1449991545795191204
1449991545845220435
1449991545895187034
1449991545945195858
1449991545995173365
1449991546045161283
1449991546095163579
1449991546145182610
1449991546195187269
1449991546245167911
1449991546295181853
1449991546345184109
1449991546395167819
1449991546445183006
1449991546495178510
1449991546545174399
1449991546595189164
1449991546645207744
1449991546695224737
1449991546745235329
1449991546795173422
1449991546845162781
1449991546895161037
1449991546945186033
1449991546995164681
1449991547045159536
1449991547095164568
1449991547145180977
1449991547195175056
1449991547245177051
1449991547295166879
1449991547345180778
1449991547395189449
1449991547445194121
1449991547495221084
1449991547545214260
1449991547595190971
1449991547645180088
1449991547695182645
1449991547745178474
1449991547795189193
1449991547845176425
1449991547895191494
1449991547945164387
1449991547995204082
1449991548045223364
1449991548095165021
1449991548145183359
1449991548195186995
1449991548245198563
1449991548295232818
1449991548345173438
1449991548395228054
1449991548445167369
1449991548495163077
1449991548545180677
1449991548595186815
1449991548645165786
1449991548695214424
1449991548745187040
1449991548795190857
1449991548845171638
1449991548895223864
1449991548945225349
1449991548995174478
1449991549045212409
1449991549095222072
1449991549145185801
1449991549195178740
1449991549245220910
1449991549295225024
1449991549345186972
1449991549395179520
1449991549445202490
1449991549495224087
1449991549545186103
1449991549595177788
1449991549645174486
1449991549695221243
1449991549745222998
1449991549795228131
1449991549845201389
1449991549895183443
1449991549945175533
1449991549995174375
1449991550045172325
1449991550095222379
1449991550145223510
1449991550195222205
1449991550245226386
1449991550295227500
1449991550345231691
1449991550395228037
1449991550445214277
1449991550495189028
1449991550545179872
1449991550595177053
1449991550645173440
1449991550695190807
1449991550745181501
1449991550795204568
1449991550845163122
1449991550895199422
1449991550945180093
1449991550995223854
1449991551045182431
1449991551095185887
1449991551145172050
1449991551195168972
1449991551245164681
1449991551295162076
1449991551345165840
1449991551395160023
1449991551445187567
1449991551495180352
1449991551545180877
1449991551595168066
1449991551645177051
1449991551695169309
1449991551745170894
1449991551795156624
1449991551845163828
1449991551895156907
1449991551945163397
1449991551995194387
1449991552045172782
1449991552095176626
1449991552145172698
1449991552195184426
1449991552245178962
1449991552295181933
1449991552345202946
1449991552395193138
1449991552445210963
1449991552495218993
1449991552545165523
1449991552595188907
1449991552645171910
1449991552695166574
1449991552745165373
1449991552795182885
1449991552845169610
1449991552895163964
1449991552945166689
1449991552995164860
1449991553045163050
1449991553095164639
1449991553145182785
1449991553195209426
1449991553245170601
1449991553295182291
1449991553345178838
1449991553395171816
1449991553445204638
1449991553495171684
1449991553545159357
1449991553595157514
1449991553645160324
1449991553695168306
1449991553745165450
1449991553795165301
1449991553845159569
1449991553895162014
1449991553945157689
1449991553995160158
1449991554045181775
1449991554095163790
1449991554145163822
1449991554195164790
1449991554245163873
1449991554295158226
1449991554345158355
1449991554395163740
1449991554445202444
1449991554495181237
1449991554545166943
1449991554595178357
1449991554645180426
1449991554695212978
1449991554745171694
1449991554795165297
1449991554845202568
1449991554895201798
1449991554945169489
1449991554995179894
1449991555045187690
1449991555095167980
1449991555145203725
1449991555195219553
1449991555245169759
1449991555295174633
1449991555345180592
1449991555395167801
1449991555445171447
1449991555495173105
1449991555545164247
1449991555595163269
1449991555645183941
1449991555695221861
1449991555745210961
1449991555795178472
1449991555845164011
1449991555895198814
1449991555945170859
1449991555995183957
1449991556045180584
1449991556095185080
1449991556145205165
1449991556195176064
1449991556245179192
1449991556295171202
1449991556345158026
1449991556395205733
1449991556445345906
1449991556495227883
1449991556545168784
1449991556595159307
1449991556645156519
1449991556695156734
1449991556745168492
1449991556795222435
1449991556845188359
1449991556895171686
1449991556945161107
1449991556995178848
1449991557045194405
1449991557095169366
1449991557145171372
1449991557195180644
1449991557245170575
1449991557295162920
1449991557345156602
1449991557395163108
1449991557445189217
1449991557495210390
1449991557545180637
1449991557595175036
1449991557645175425
1449991557695183498
1449991557745177642
1449991557795234693
1449991557845184648
1449991557895222742
1449991557945212814
1449991557995182517
1449991558045175008
1449991558095177104
1449991558145192580
1449991558195238175
1449991558245188477
1449991558295193684
1449991558345180592
1449991558395185431
1449991558445194730
1449991558495223219
1449991558545191031
1449991558595207159
1449991558645196857
1449991558695192555
1449991558745195884
1449991558795238047
1449991558845196217
1449991558895225498
1449991558945185369
1449991558995212171
1449991559045166397
1449991559095180385
1449991559145181235
1449991559195176983
1449991559245213130
1449991559295196470
1449991559345181567
1449991559395186607
1449991559445204906
1449991559495210357
1449991559545183891
1449991559595164732
1449991559645177637
1449991559695171397
1449991559745167777
1449991559795168124
1449991559845169891
1449991559895220938
1449991559945183969
1449991559995177930
1449991560045177851
1449991560095183442
1449991560145176203
1449991560195202531
1449991560245166577
1449991560295164760
1449991560345159215
1449991560395164595
1449991560445170819
1449991560495221368
1449991560545190139
1449991560595187452
1449991560645166536
1449991560695165542
1449991560745165184
1449991560795163853
1449991560845163627
1449991560895197979
1449991560945217856
1449991560995176376
1449991561045175275
1449991561095175046
1449991561145194395
1449991561195184985
1449991561245151390
1449991561295150661
1449991561345181838
1449991561395167520
1449991561445164020
1449991561495164084
1449991561545125275
1449991561595205696
1449991561645195881
1449991561695185071
1449991561745191294
1449991561795193607
1449991561845195369
1449991561895193439
1449991561945173519
1449991561995214329
1449991562045207893
1449991562095202341
1449991562145178163
1449991562195167918
1449991562245176535
1449991562295167630
1449991562345209655
1449991562395191557
1449991562445170438
1449991562495209474
1449991562545227093
1449991562595171824
1449991562645177891
1449991562695202782
1449991562745211813
1449991562795228650
1449991562845170548
1449991562895167216
1449991562945186395
1449991562995171298
1449991563045168614
1449991563095167710
1449991563145168914
1449991563195168118
1449991563245163357
1449991563295177835
1449991563345218171
1449991563395175043
1449991563445189756
1449991563495225234
1449991563545174327
1449991563595186405
1449991563645173785
1449991563695167153
1449991563745187275
1449991563795182836
