1449991897876889500
1449991897926899468
1449991897976884310
1449991898026888340
1449991898076892307
1449991898126896035
1449991898176892619
1449991898226894720
1449991898276892289
1449991898326892885
1449991898376885709
1449991898426892525
1449991898476894095
1449991898526893482
1449991898576894475
1449991898626895456
1449991898676896828
1449991898726897523
1449991898776895423
1449991898826894795
1449991898876894293
1449991898926888505
1449991898976887761
1449991899026892531
1449991899076892748
1449991899126887895
1449991899176886333
1449991899226888900
1449991899276888248
1449991899326894883
1449991899376893409
1449991899426889074
1449991899476903656
1449991899526888546
1449991899576889000
1449991899626916091
1449991899676899443
1449991899726899195
1449991899776893514
1449991899826892464
1449991899876891308
1449991899926880724
1449991899976881751
1449991900026888536
1449991900076887094
1449991900126886865
1449991900176889749
1449991900226892543
1449991900276895131
1449991900326895222
1449991900376920257
1449991900426893448
1449991900476891920
1449991900526892201
1449991900576891821
1449991900626893167
1449991900676911980
1449991900726899680
1449991900776894827
1449991900826910757
1449991900876917795
1449991900926902859
1449991900976908520
1449991901026895478
1449991901076945169
1449991901126907972
1449991901176948218
1449991901226914473
1449991901276951649
1449991901326910260
1449991901376910862
1449991901426905819
1449991901476906081
1449991901526893834
1449991901576896926
1449991901626899007
1449991901676888184
1449991901726884360
1449991901776910462
1449991901826918301
1449991901876948327
1449991901926908876
1449991901976899763
1449991902026908438
1449991902076908880
1449991902126917768
1449991902176922029
1449991902226900021
1449991902276887657
1449991902326894755
1449991902376914304
1449991902426893364
1449991902476887091
1449991902526885105
1449991902576884866
1449991902626888241
1449991902676884200
1449991902726884008
1449991902776894950
1449991902826949432
1449991902876915951
1449991902926914960
1449991902976910314
1449991903026889732
1449991903076886720
1449991903126908300
1449991903176908338
1449991903226909061
1449991903276893724
1449991903326892782
1449991903376891377
1449991903426896568
1449991903476893028
1449991903526887520
1449991903576893635
1449991903626935936
1449991903676939876
1449991903726900074
1449991903776889562
1449991903826886526
1449991903876887668
1449991903926888415
1449991903976890711
1449991904026888949
1449991904076905883
1449991904126894567
1449991904176910660
1449991904226896172
1449991904276905326
1449991904326895381
1449991904376892511
1449991904426892649
1449991904476911744
1449991904526911632
1449991904576912709
1449991904626946714
1449991904676950323
1449991904726913992
1449991904776947597
1449991904826909919
1449991904876891637
1449991904926917920
1449991904976894948
1449991905026897977
1449991905076913631
1449991905126941976
1449991905176912377
1449991905226907357
1449991905276953410
1449991905326900276
1449991905376909289
1449991905426890860
1449991905476897986
1449991905526893586
1449991905576897354
1449991905626912670
1449991905676900090
1449991905726893023
1449991905776887965
1449991905826893614
1449991905876887707
1449991905926894492
1449991905976893267
1449991906026895326
1449991906076898966
1449991906126895543
1449991906176896926
1449991906226895708
1449991906276895886
1449991906326895998
1449991906376895511
1449991906426925855
1449991906476931579
1449991906526886318
1449991906576906137
1449991906626894843
1449991906676910717
1449991906726900818
1449991906776895993
1449991906826908439
1449991906876900733
1449991906926888807
1449991906976889131
1449991907026885593
1449991907076910469
1449991907126889711
1449991907176886826
1449991907226894258
1449991907276908996
1449991907326894098
1449991907376911060
1449991907426911058
1449991907476895985
1449991907526909226
1449991907576894665
1449991907626896814
1449991907676888089
1449991907726889564
1449991907776895722
1449991907826890068
1449991907876890577
1449991907926896522
1449991907976930299
1449991908026891640
1449991908076912118
1449991908126914919
1449991908176896329
1449991908226886788
1449991908276891854
1449991908326896302
1449991908376895094
1449991908426897659
1449991908476944425
1449991908526917789
1449991908576895198
1449991908626885941
1449991908676889765
1449991908726893903
1449991908776888020
1449991908826884572
1449991908876891656
1449991908926890236
1449991908976894923
1449991909026917883
1449991909076890457
1449991909126895610
1449991909176888462
1449991909226889646
1449991909276891104
1449991909326887255
1449991909376895334
1449991909426893684
1449991909476883826
1449991909526917742
1449991909576894374
1449991909626923208
1449991909676915718
1449991909726907267
1449991909776896912
1449991909826887293
1449991909876909142
1449991909926898580
1449991909976905938
1449991910026894326
1449991910076906869
1449991910126948775
1449991910176950240
1449991910226901915
1449991910276906908
1449991910326907086
1449991910376911404
1449991910426913360
1449991910476947011
1449991910526917078
1449991910576908647
1449991910626896844
1449991910676905545
1449991910726894579
1449991910776895218
1449991910826903772
1449991910876913419
1449991910926921064
1449991910976894151
1449991911026883366
1449991911076916914
1449991911126855745
1449991911176904814
1449991911226913438
1449991911276946899
1449991911326896648
1449991911376894078
1449991911426897229
1449991911476942714
1449991911526961964
1449991911576933423
1449991911626929966
1449991911676948403
1449991911726898999
1449991911776935129
1449991911826957270
1449991911876950249
1449991911926943755
1449991911976898678
1449991912026910730
1449991912076904414
1449991912126897962
1449991912176886275
1449991912226887229
1449991912276892938
1449991912326919401
1449991912376901239
1449991912426895922
1449991912476895680
1449991912526895333
1449991912576893985
1449991912626894033
1449991912676895122
1449991912726896276
1449991912776888162
1449991912826895965
1449991912876895361
1449991912926894584
1449991912976890095
1449991913026884935
1449991913076932588
1449991913126905345
1449991913176916848
1449991913226904164
1449991913276914044
1449991913326905692
1449991913376900942
1449991913426893393
1449991913476891589
1449991913526887925
1449991913576903762
1449991913626917672
1449991913676949699
1449991913726915610
1449991913776911161
1449991913826947535
1449991913876898883
1449991913926906337
1449991913976916278
1449991914026933973
1449991914076941104
1449991914126903593
1449991914176888454
1449991914226888904
1449991914276892193
1449991914326892042
1449991914376884221
1449991914426912585
1449991914476948534
1449991914526898422
1449991914576907304
1449991914626900312
1449991914676937177
1449991914726901074
1449991914776894827
1449991914826920315
1449991914876917805
1449991914926923991
1449991914976922412
1449991915026951102
1449991915076899977
1449991915126895336
1449991915176893528
1449991915226903890
1449991915276900966
1449991915326917333
1449991915376957693
1449991915426906598
1449991915476942437
1449991915526957339
1449991915576906238
1449991915626911060
1449991915676950805
1449991915726899193
1449991915776915060
1449991915826915289
1449991915876900997
1449991915926902569
1449991915976893009
1449991916026895526
1449991916076898941
1449991916126895368
1449991916176908643
1449991916226905357
1449991916276913396
1449991916326912669
1449991916376897707
1449991916426895316
1449991916476918657
1449991916526913958
1449991916576900457
1449991916626895376
1449991916676903551
1449991916726915694
1449991916776904685
1449991916826919695
1449991916876905277
1449991916926892344
1449991916976900208
1449991917026897113
1449991917076895604
1449991917126935015
1449991917176894524
1449991917226897728
1449991917276911846
1449991917326941571
1449991917376898504
1449991917426900922
1449991917476909215
1449991917526890812
1449991917576907006
1449991917626899344
1449991917676899095
1449991917726911427
1449991917776915591
1449991917826901895
1449991917876892241
1449991917926894088
1449991917976904702
1449991918026894814
1449991918076893628
1449991918127086191
1449991918176913153
1449991918226914818
1449991918276909531
1449991918326894249
1449991918376896175
1449991918426898061
1449991918476910552
1449991918526920569
1449991918576910941
1449991918626898913
1449991918676894511
1449991918726895596
1449991918776894128
1449991918826924760
1449991918876921043
1449991918926922905
1449991918976910452
1449991919026907072
1449991919076895440
1449991919126914782
1449991919176916474
1449991919226918346
1449991919276913767
1449991919326894019
1449991919376907142
1449991919426907671
1449991919476902844
1449991919526919211
1449991919576911140
1449991919626923676
1449991919676917394
1449991919726904408
1449991919776906050
1449991919826907190
1449991919876951195
1449991919926917339
1449991919976913469
1449991920026907012
1449991920076905146
1449991920126950998
1449991920176952429
1449991920226946691
1449991920276903013
1449991920326908794
1449991920376895609
1449991920426913013
1449991920476949844
1449991920526919016
1449991920576892641
1449991920626904392
1449991920676890679
1449991920726905334
1449991920776889345
1449991920826908407
1449991920876948302
1449991920926917269
1449991920976908988
1449991921026898202
1449991921076903629
1449991921126909073
1449991921176926497
1449991921226900611
1449991921276914479
1449991921326885152
1449991921376898476
1449991921426896542
1449991921476910970
1449991921526897997
1449991921576898671
1449991921626938225
1449991921676922605
1449991921726901959
1449991921776898598
1449991921826921233
1449991921876923363
1449991921926901876
1449991921976933715
1449991922026899246
1449991922076925686
1449991922126940721
1449991922176900074
1449991922226899794
1449991922276907527
1449991922326905206
1449991922376898938
1449991922426889398
1449991922476894048
1449991922526900481
1449991922576920100
1449991922626898576
1449991922676892647
1449991922726910231
1449991922776907603
1449991922826907414
1449991922876910800
1449991922926906886
1449991922976892976
1449991923026900354
1449991923076905346
1449991923126918083
1449991923176918110
1449991923226888683
1449991923276913435
1449991923326913747
1449991923376895352
1449991923426915559
1449991923476945829
1449991923526900487
1449991923576886019
1449991923626888496
1449991923676885457
1449991923726885221
1449991923776906314
1449991923826917247
1449991923876919259
1449991923926893866
1449991923976910252
1449991924026897265
1449991924076897173
1449991924126898103
1449991924176912562
1449991924226912924
1449991924276912538
1449991924326907929
1449991924376912734
1449991924426907704
1449991924476901091
1449991924526919243
1449991924576886564
1449991924626885404
1449991924676899025
1449991924726899754
1449991924776912979
1449991924826917317
1449991924876897530
1449991924926897859
1449991924976890016
1449991925026883853
1449991925076892123
1449991925126911452
1449991925176890295
1449991925226895762
1449991925276888016
1449991925326912496
1449991925376892387
1449991925426940091
1449991925476949551
1449991925526895618
1449991925576911998
1449991925626913880
1449991925676898051
1449991925726912366
1449991925776910220
1449991925826894181
1449991925876910710
1449991925926928702
1449991925976893069
1449991926026911028
1449991926076913655
1449991926126915487
1449991926176951019
1449991926226901400
1449991926276910935
1449991926326898224
1449991926376894308
1449991926426910254
1449991926476897686
1449991926526888307
1449991926576909085
1449991926626908321
1449991926676896636
1449991926726909086
1449991926776907223
1449991926826939865
1449991926876912925
1449991926926898875
1449991926976893308
1449991927026898662
1449991927076911557
1449991927126908913
1449991927176895240
1449991927226913128
1449991927276908542
1449991927326885612
1449991927376893585
1449991927426930784
1449991927476899086
1449991927526897349
1449991927576914033
1449991927626902302
1449991927676895221
1449991927726892161
1449991927776893445
