1449991776559248403 1449991776559645994
1449991776609263501 1449991776609656592
1449991776659272339 1449991776659629275
1449991776709266016 1449991776709635086
1449991776759269125 1449991776759627013
1449991776809260904 1449991776809633689
1449991776859265055 1449991776859641906
1449991776909266727 1449991776909602214
1449991776959270553 1449991776959629681
1449991777009267758 1449991777009608324
1449991777059269754 1449991777059617793
1449991777109267718 1449991777109590172
1449991777159268053 1449991777159609153
1449991777209249963 1449991777209583055
1449991777259257632 1449991777259503513
1449991777309257086 1449991777309498546
1449991777359261243 1449991777359629180
1449991777409315701 1449991777409859447
1449991777459318405 1449991777459785177
1449991777509316572 1449991777509817184
1449991777559277041 1449991777559666327
1449991777609270324 1449991777609633019
1449991777659267866 1449991777659635680
1449991777709272889 1449991777709687666
1449991777759261484 1449991777759619022
1449991777809269430 1449991777809614766
1449991777859262168 1449991777859667721
1449991777909273375 1449991777909642940
1449991777959249676 1449991777959581318
1449991778009265276 1449991778009650720
1449991778059314967 1449991778059836218
1449991778109276274 1449991778109663375
1449991778159315437 1449991778159927588
1449991778209304116 1449991778209856141
1449991778259265968 1449991778259633320
1449991778309262110 1449991778309546553
1449991778359267551 1449991778359553927
1449991778409260791 1449991778409572004
1449991778459251928 1449991778460159338
1449991778509258369 1449991778509571801
1449991778559261602 1449991778559566541
1449991778609259671 1449991778609556360
1449991778659263961 1449991778659595127
1449991778709298597 1449991778709800149
1449991778759305638 1449991778759782163
1449991778809276082 1449991778809842723
1449991778859290740 1449991778859770915
1449991778909279566 1449991778909743073
1449991778959277940 1449991778959758042
1449991779009280147 1449991779009736848
1449991779059259271 1449991779059514791
1449991779109261651 1449991779110000379
1449991779159260687 1449991779159501215
1449991779209259569 1449991779209672799
1449991779259269526 1449991779259662767
1449991779309268619 1449991779309692850
1449991779359269475 1449991779359677946
1449991779409269667 1449991779409666871
1449991779459300344 1449991779459783292
1449991779509289809 1449991779509748401
1449991779559274896 1449991779559633369
1449991779609251401 1449991779609628499
1449991779659250029 1449991779659651867
1449991779709260250 1449991779709665973
1449991779759251091 1449991779759541601
1449991779809247113 1449991779809648142
1449991779859312145 1449991779859909112
1449991779909285289 1449991779909812240
1449991779959308743 1449991779959855710
1449991780009280451 1449991780009766967
1449991780059265746 1449991780059577503
1449991780109249084 1449991780109474605
1449991780159247822 1449991780159504840
1449991780209272251 1449991780209704663
1449991780259260522 1449991780259512333
1449991780309256469 1449991780309523034
1449991780359256639 1449991780359557478
1449991780409263024 1449991780409514788
1449991780459272237 1449991780459674087
1449991780509308314 1449991780509843744
1449991780559274906 1449991780559608018
1449991780609266545 1449991780609587310
1449991780659258475 1449991780659504072
1449991780709258109 1449991780709637168
1449991780759274724 1449991780759729104
1449991780809262157 1449991780809528763
1449991780859255071 1449991780859538468
1449991780909257854 1449991780909526092
1449991780959263677 1449991780959673143
1449991781009252823 1449991781009492483
1449991781059254296 1449991781059532412
1449991781109263614 1449991781109550138
1449991781159253895 1449991781159510032
1449991781209254865 1449991781209474030
1449991781259251662 1449991781259570056
1449991781309253217 1449991781309613702
1449991781359264123 1449991781359545539
1449991781409259167 1449991781409524269
1449991781459257750 1449991781459487064
1449991781509270081 1449991781509676112
1449991781559264736 1449991781559541075
1449991781609261404 1449991781609590785
1449991781659276031 1449991781659597582
1449991781709261219 1449991781709522598
1449991781759251074 1449991781759562209
1449991781809294955 1449991781809865441
1449991781859275375 1449991781859640129
1449991781909263339 1449991781909615018
1449991781959269692 1449991781959623093
1449991782009268190 1449991782009611992
1449991782059268488 1449991782059627399
1449991782109308584 1449991782109824333
1449991782159276265 1449991782159686672
1449991782209268222 1449991782209724433
1449991782259316232 1449991782259850155
1449991782309263193 1449991782309546293
1449991782359276120 1449991782359563700
1449991782409269731 1449991782409530107
1449991782459268659 1449991782459894682
1449991782509273863 1449991782509820425
1449991782559278114 1449991782559646712
1449991782609273037 1449991782609602103
1449991782659268398 1449991782659606053
1449991782709267818 1449991782709593994
1449991782759267144 1449991782759639491
1449991782809270192 1449991782809740198
1449991782859278102 1449991782859740373
1449991782909279536 1449991782909608253
1449991782959261724 1449991782959492848
1449991783009268591 1449991783009621977
1449991783059313043 1449991783059760385
1449991783109275950 1449991783109695598
1449991783159270603 1449991783159629192
1449991783209265058 1449991783209611697
1449991783259267779 1449991783259617391
1449991783309257022 1449991783309598917
1449991783359271216 1449991783359680223
1449991783409274097 1449991783409665324
1449991783459278549 1449991783460130416
1449991783509283845 1449991783509744357
1449991783559263053 1449991783559494664
1449991783609256872 1449991783609465969
1449991783659254075 1449991783659469727
1449991783709255435 1449991783709489049
1449991783759274424 1449991783759695328
1449991783809302930 1449991783809819334
1449991783859296724 1449991783859865493
1449991783909272477 1449991783909682623
1449991783959301287 1449991783959814771
1449991784009313379 1449991784009822226
1449991784059317075 1449991784060114276
1449991784109301247 1449991784109765496
1449991784159263094 1449991784159488169
1449991784209266378 1449991784209605995
1449991784259268555 1449991784259526843
1449991784309258442 1449991784309483533
1449991784359256012 1449991784359486046
1449991784409267253 1449991784409619504
1449991784459259873 1449991784459449241
1449991784509280588 1449991784509664478
1449991784559270059 1449991784559670416
1449991784609266659 1449991784609647977
1449991784659267983 1449991784659815698
1449991784709264557 1449991784709736998
1449991784759254651 1449991784759494630
1449991784809272675 1449991784809517211
1449991784859283932 1449991784859655029
1449991784909261170 1449991784909471867
1449991784959259298 1449991784959587574
1449991785009286615 1449991785009507726
1449991785059257846 1449991785059512916
1449991785109267618 1449991785109515972
1449991785159303557 1449991785159730523
1449991785209278228 1449991785209565730
1449991785259261084 1449991785259563645
1449991785309268706 1449991785309559411
1449991785359273545 1449991785359551257
1449991785409272230 1449991785409549071
1449991785459296837 1449991785459756021
1449991785509301111 1449991785509828243
1449991785559268787 1449991785559564325
1449991785609267715 1449991785609643740
1449991785659308382 1449991785659894911
1449991785709318362 1449991785709841137
1449991785759280588 1449991785759635496
1449991785809312752 1449991785809800625
1449991785859302958 1449991785859792705
1449991785909261883 1449991785909626195
1449991785959252991 1449991785959643285
1449991786009245321 1449991786009583976
1449991786059245794 1449991786059626136
1449991786109245855 1449991786109581700
1449991786159246999 1449991786159585787
1449991786209245668 1449991786209527907
1449991786259265190 1449991786259562170
1449991786309250287 1449991786309557971
1449991786359247389 1449991786359533851
1449991786409250100 1449991786409543331
1449991786459249296 1449991786459485441
1449991786509309420 1449991786509838559
1449991786559278007 1449991786559620623
1449991786609252233 1449991786609608925
1449991786659244911 1449991786659562157
1449991786709246225 1449991786709610598
1449991786759246701 1449991786759536558
1449991786809246058 1449991786809640803
1449991786859245692 1449991786859593670
1449991786909249445 1449991786909616614
1449991786959249837 1449991786959598761
1449991787009247483 1449991787009621497
1449991787059247431 1449991787059602553
1449991787109250329 1449991787109571219
1449991787159251964 1449991787159564653
1449991787209266595 1449991787209549172
1449991787259315126 1449991787259892134
1449991787309274823 1449991787309604006
1449991787359272957 1449991787359506155
1449991787409274425 1449991787409694246
1449991787459313428 1449991787459845816
1449991787509263322 1449991787509719176
1449991787559270159 1449991787559591972
1449991787609266532 1449991787609622345
1449991787659268949 1449991787659558923
1449991787709257571 1449991787709488311
1449991787759256336 1449991787759571461
1449991787809258795 1449991787809443776
1449991787859257799 1449991787859576876
1449991787909272029 1449991787909599625
1449991787959269328 1449991787959539293
1449991788009305117 1449991788009715564
1449991788059287164 1449991788059760103
1449991788109284276 1449991788109467623
1449991788159258330 1449991788159515870
1449991788209256330 1449991788209439579
1449991788259254532 1449991788259466301
1449991788309254293 1449991788309410417
1449991788359254371 1449991788359462991
1449991788409272247 1449991788409608485
1449991788459269061 1449991788459574897
1449991788509318471 1449991788509786682
1449991788559312552 1449991788559734345
1449991788609265152 1449991788609594409
1449991788659268471 1449991788659480469
1449991788709256066 1449991788709478724
1449991788759255139 1449991788759485160
1449991788809263447 1449991788809568621
1449991788859254346 1449991788859482019
1449991788909251226 1449991788909460355
1449991788959253013 1449991788959465965
1449991789009249658 1449991789009450336
1449991789059256015 1449991789059444850
1449991789109257178 1449991789109463977
1449991789159255890 1449991789159454089
1449991789209256653 1449991789209445439
1449991789259256672 1449991789259441680
1449991789309255630 1449991789309451220
1449991789359254336 1449991789359428540
1449991789409252965 1449991789409423698
1449991789459247888 1449991789459448250
1449991789509257683 1449991789509603674
1449991789559259737 1449991789559437044
1449991789609251588 1449991789609437488
1449991789659249301 1449991789659410099
1449991789709252451 1449991789709458864
1449991789759251517 1449991789759416769
1449991789809249786 1449991789809446577
1449991789859250426 1449991789859495473
1449991789909268075 1449991789909438106
1449991789959255293 1449991789959415591
1449991790009255017 1449991790009426115
1449991790059249858 1449991790059412290
1449991790109408942 1449991790109612697
1449991790159254772 1449991790159629977
1449991790209264343 1449991790209497108
1449991790259266693 1449991790259563346
1449991790309268095 1449991790309578750
1449991790359269583 1449991790359603981
1449991790409261815 1449991790409435092
1449991790459256763 1449991790459466209
1449991790509272547 1449991790509640447
1449991790559271041 1449991790559523707
1449991790609257762 1449991790609493978
1449991790659296649 1449991790659609947
1449991790709275572 1449991790709536150
1449991790759269834 1449991790759502261
1449991790809301363 1449991790809794790
1449991790859267520 1449991790859505845
1449991790909256805 1449991790909612819
1449991790959251959 1449991790959441923
1449991791009283545 1449991791009558969
1449991791059254728 1449991791059483027
1449991791109257086 1449991791109474950
1449991791159258464 1449991791159476847
1449991791209303691 1449991791209751270
1449991791259272375 1449991791259552859
1449991791309259151 1449991791309596633
1449991791359290680 1449991791359722466
1449991791409273099 1449991791409620718
1449991791459293301 1449991791459606462
1449991791509294351 1449991791509731156
1449991791559273367 1449991791559604931
1449991791609279024 1449991791609555269
1449991791659270920 1449991791659587458
1449991791709296922 1449991791709632438
1449991791759267876 1449991791759525899
1449991791809300535 1449991791809780884
1449991791859269810 1449991791859675423
1449991791909268902 1449991791909574198
1449991791959276825 1449991791959624864
1449991792009270796 1449991792009575911
1449991792059268572 1449991792059576537
1449991792109267668 1449991792109586925
1449991792159268004 1449991792159600287
1449991792209251177 1449991792209536347
1449991792259266249 1449991792259552852
1449991792309268623 1449991792309563003
1449991792359268661 1449991792359506887
1449991792409269066 1449991792409571241
1449991792459269879 1449991792459586373
1449991792509310129 1449991792509787791
1449991792559275264 1449991792559594191
1449991792609267017 1449991792609580959
1449991792659266834 1449991792659561543
1449991792709264748 1449991792709524460
1449991792759267986 1449991792759575206
1449991792809282888 1449991792809728281
1449991792859276963 1449991792859581396
1449991792909268308 1449991792909561188
1449991792959267404 1449991792959591893
1449991793009312882 1449991793009745161
1449991793059275268 1449991793059598905
1449991793109269409 1449991793109599821
1449991793159267747 1449991793159589255
1449991793209268269 1449991793209570143
1449991793259268718 1449991793259514609
1449991793309268172 1449991793309817143
1449991793359267067 1449991793359560987
1449991793409266764 1449991793409500942
1449991793459266161 1449991793459589831
1449991793509266894 1449991793509619714
1449991793559268666 1449991793559578645
1449991793609266566 1449991793609561227
1449991793659267008 1449991793659569581
1449991793709269592 1449991793709573083
1449991793759269142 1449991793759580117
1449991793809313464 1449991793809803849
1449991793859286504 1449991793859651231
1449991793909272601 1449991793909581672
1449991793959311531 1449991793959759105
1449991794009276459 1449991794009589104
1449991794059270824 1449991794059563267
1449991794109267344 1449991794109587680
1449991794159268251 1449991794159569624
1449991794209311858 1449991794209747913
1449991794259320475 1449991794259780966
1449991794309316855 1449991794309758861
1449991794359318049 1449991794359846340
1449991794409303915 1449991794409746692
1449991794459322449 1449991794459730129
1449991794509319831 1449991794509772981
1449991794559279344 1449991794559595316
1449991794609316168 1449991794609792111
1449991794659323399 1449991794659761880
1449991794709277794 1449991794709587834
1449991794759268494 1449991794759563035
1449991794809283737 1449991794809712282
1449991794859262246 1449991794859565173
1449991794909249469 1449991794909538300
1449991794959263508 1449991794959545832
1449991795009266730 1449991795009587464
1449991795059267019 1449991795059578118
1449991795109310937 1449991795109810151
1449991795159320623 1449991795159747992
1449991795209277230 1449991795209597729
1449991795259270496 1449991795259582359
1449991795309257452 1449991795309493432
1449991795359274551 1449991795359600480
1449991795409269674 1449991795409537551
1449991795459255301 1449991795459440198
1449991795509256176 1449991795509457381
1449991795559255438 1449991795559447958
1449991795609270076 1449991795609608042
1449991795659318345 1449991795659796739
1449991795709261370 1449991795709457423
1449991795759254710 1449991795759465790
1449991795809281215 1449991795809791264
1449991795859263484 1449991795859481919
1449991795909254806 1449991795909483015
1449991795959249777 1449991795959452686
1449991796009273396 1449991796009617562
1449991796059262881 1449991796059465890
1449991796109256024 1449991796109475501
1449991796159296195 1449991796159716227
1449991796209302828 1449991796209705601
1449991796259301994 1449991796259779389
1449991796309316648 1449991796309777443
1449991796359311688 1449991796359723351
1449991796409267645 1449991796409456865
1449991796459258482 1449991796459429749
1449991796509262858 1449991796509477625
1449991796559276828 1449991796559527177
1449991796609292097 1449991796609513718
1449991796659267172 1449991796659488586
1449991796709277487 1449991796709536133
1449991796759274628 1449991796759481992
1449991796809259375 1449991796809463733
1449991796859257958 1449991796859455245
1449991796909275665 1449991796909629570
1449991796959289264 1449991796959587463
1449991797009264694 1449991797009461634
1449991797059257452 1449991797059482489
1449991797109277546 1449991797109584228
1449991797159246054 1449991797159442366
1449991797209257986 1449991797209564644
1449991797259277385 1449991797259607262
1449991797309279414 1449991797309608714
1449991797359316556 1449991797359717071
1449991797409274946 1449991797409570936
1449991797459257263 1449991797459473964
1449991797509260610 1449991797509622587
1449991797559287780 1449991797559730269
1449991797609269416 1449991797609586039
1449991797659274465 1449991797659631617
1449991797709256989 1449991797709467003
1449991797759260329 1449991797759488772
1449991797809259382 1449991797809480909
1449991797859273088 1449991797859479347
1449991797909274983 1449991797909536686
1449991797959259332 1449991797959487129
1449991798009251070 1449991798009457145
1449991798059264879 1449991798059449272
1449991798109260821 1449991798109491144
1449991798159314473 1449991798159712565
1449991798209319526 1449991798209801622
1449991798259263869 1449991798259447373
1449991798309272719 1449991798309647919
1449991798359283959 1449991798359671274
1449991798409273938 1449991798409508003
1449991798459252697 1449991798459508611
1449991798509254147 1449991798509468855
1449991798559255141 1449991798559465132
1449991798609256863 1449991798609448425
1449991798659254620 1449991798659445573
1449991798709250735 1449991798709449642
1449991798759247951 1449991798759462438
1449991798809283219 1449991798809586701
1449991798859308361 1449991798859747259
1449991798909285699 1449991798909603160
1449991798959302961 1449991798959679819
1449991799009260597 1449991799009451575
1449991799059276026 1449991799059718773
1449991799109291586 1449991799109563623
1449991799159261359 1449991799159589105
1449991799209249941 1449991799209455300
1449991799259258662 1449991799259495229
1449991799309267367 1449991799309451350
1449991799359255084 1449991799359407157
1449991799409263881 1449991799409532866
1449991799459291809 1449991799459646109
1449991799509315849 1449991799509735124
1449991799559280249 1449991799559539033
1449991799609274969 1449991799609490935
1449991799659271178 1449991799659509602
1449991799709266833 1449991799709528265
1449991799759268558 1449991799759443075
1449991799809310688 1449991799809723233
1449991799859275930 1449991799859519628
1449991799909269364 1449991799909589339
1449991799959268657 1449991799959574270
1449991800009270325 1449991800009566303
1449991800059294545 1449991800059612997
1449991800109270108 1449991800109619844
1449991800159313521 1449991800159782474
1449991800209280407 1449991800209612540
1449991800259255221 1449991800259493465
1449991800309261677 1449991800309561751
1449991800359263008 1449991800359569543
1449991800409255145 1449991800409574983
1449991800459314397 1449991800459757762
1449991800509283763 1449991800509658883
1449991800559268465 1449991800559536051
1449991800609255943 1449991800609513095
1449991800659258676 1449991800659485743
1449991800709268351 1449991800709561450
1449991800759280017 1449991800759580388
1449991800809265163 1449991800809476219
1449991800859276479 1449991800859608720
1449991800909282393 1449991800909584229
1449991800959265677 1449991800959487632
1449991801009298088 1449991801009657461
1449991801059320584 1449991801059799570
1449991801109319904 1449991801109764151
1449991801159322615 1449991801159699255
1449991801209261892 1449991801209564255
1449991801259265475 1449991801259632087
1449991801309257281 1449991801309519614
1449991801359249411 1449991801359531818
1449991801409247942 1449991801409451639
1449991801459292758 1449991801459713569
1449991801509283362 1449991801509613209
1449991801559257144 1449991801559508278
1449991801609304917 1449991801609772710
1449991801659287712 1449991801659603019
1449991801709312406 1449991801709671666
1449991801759281334 1449991801759668164
1449991801809263744 1449991801809472550
1449991801859275904 1449991801859579796
1449991801909283817 1449991801909481909
1449991801959253008 1449991801959459197
1449991802009274206 1449991802009495145
1449991802059261046 1449991802059476031
1449991802109260155 1449991802109466508
1449991802159292911 1449991802159647530
1449991802209262172 1449991802209581807
1449991802259272758 1449991802259533495
1449991802309313932 1449991802309694183
1449991802359260980 1449991802359546237
1449991802409310681 1449991802409779875
1449991802459267378 1449991802459487650
1449991802509258086 1449991802509477246
1449991802559257107 1449991802559460498
1449991802609257202 1449991802609444403
1449991802659276129 1449991802659592774
1449991802709258297 1449991802709472419
1449991802759257650 1449991802759465296
1449991802809267320 1449991802809695701
1449991802859294486 1449991802859787213
1449991802909321051 1449991802909766484
1449991802959263719 1449991802959614949
1449991803009279226 1449991803009661860
1449991803059265887 1449991803059473568
1449991803109281851 1449991803109759624
1449991803159277873 1449991803159588942
1449991803209276000 1449991803209615493
1449991803259263839 1449991803259469808
1449991803309260959 1449991803309483772
1449991803359258015 1449991803359469187
1449991803409257058 1449991803409475040
1449991803459262243 1449991803459481181
1449991803509262752 1449991803509574285
1449991803559258752 1449991803559443631
1449991803609258732 1449991803609598793
1449991803659309301 1449991803659750394
1449991803709315507 1449991803709754585
1449991803759270015 1449991803759608472
1449991803809311286 1449991803809735384
1449991803859267766 1449991803859559721
1449991803909268920 1449991803909614633
1449991803959280736 1449991803959501522
1449991804009263243 1449991804009578436
1449991804059271359 1449991804059471192
1449991804109257853 1449991804109456819
1449991804159253827 1449991804159458585
1449991804209277167 1449991804209535906
1449991804259282052 1449991804259657894
1449991804309261393 1449991804309503663
1449991804359257852 1449991804359470467
1449991804409272962 1449991804409533416
1449991804459317060 1449991804459718647
1449991804509263228 1449991804509477529
1449991804559290894 1449991804559697689
1449991804609284875 1449991804609506756
1449991804659253154 1449991804659456208
1449991804709268834 1449991804709486030
1449991804759254162 1449991804759565019
1449991804809276438 1449991804809614377
1449991804859313399 1449991804859662315
1449991804909278421 1449991804909579384
1449991804959277718 1449991804959630517
1449991805009260303 1449991805009647076
1449991805059255098 1449991805059460149
1449991805109278904 1449991805109601043
1449991805159319227 1449991805159754965
1449991805209263885 1449991805209476445
1449991805259260660 1449991805259581635
1449991805309314962 1449991805309711196
1449991805359257422 1449991805359481534
1449991805409275084 1449991805409527758
1449991805459257288 1449991805459471736
1449991805509249567 1449991805509459154
1449991805559255884 1449991805559515725
1449991805609257394 1449991805609475470
1449991805659255832 1449991805659517086
1449991805709255516 1449991805709479664
1449991805759272477 1449991805759665167
1449991805809282247 1449991805809681923
1449991805859273833 1449991805859715949
1449991805909255922 1449991805909476579
1449991805959283080 1449991805959680571
1449991806009311439 1449991806009734961
1449991806059266675 1449991806059496196
1449991806109299050 1449991806109749431
1449991806159303188 1449991806159794027
1449991806209318831 1449991806209774400
1449991806259294952 1449991806259775320
1449991806309281589 1449991806309599864
1449991806359262865 1449991806359482782
1449991806409256520 1449991806409477347
1449991806459295381 1449991806459760556
