1449991412538522885 1449991412538830675
1449991412588533638 1449991412588817268
1449991412638495630 1449991412638821119
1449991412688528018 1449991412688870707
1449991412738529947 1449991412738933354
1449991412788534438 1449991412788856787
1449991412838530628 1449991412838899333
1449991412888469281 1449991412888621170
1449991412938532274 1449991412938857855
1449991412988532459 1449991412988811465
1449991413038485551 1449991413038717192
1449991413088524046 1449991413088847877
1449991413138524625 1449991413138852970
1449991413188529127 1449991413188890369
1449991413238534684 1449991413238865507
1449991413288536326 1449991413288905924
1449991413338529575 1449991413338906573
1449991413388531477 1449991413388893154
1449991413438483086 1449991413438726922
1449991413488524448 1449991413488853343
1449991413538531679 1449991413538896395
1449991413588527009 1449991413588843908
1449991413638488797 1449991413638761486
1449991413688479424 1449991413688704144
1449991413738492843 1449991413738807198
1449991413788487946 1449991413788699706
1449991413838479582 1449991413838665861
1449991413888477996 1449991413888719641
1449991413938523036 1449991413938877146
1449991413988490384 1449991413988740561
1449991414038479814 1449991414038699977
1449991414088465692 1449991414088627253
1449991414138516901 1449991414138854830
1449991414188491625 1449991414188765367
1449991414238464143 1449991414238592123
1449991414288482220 1449991414288720273
1449991414338475937 1449991414338664738
1449991414388466839 1449991414388608514
1449991414438486691 1449991414438760919
1449991414488526616 1449991414488889014
1449991414538527088 1449991414538868495
1449991414588528142 1449991414588852438
1449991414638492589 1449991414638733024
1449991414688491081 1449991414688733360
1449991414738485245 1449991414738684464
1449991414788462832 1449991414788602147
1449991414838484924 1449991414838768978
1449991414888484170 1449991414888731414
1449991414938467122 1449991414938597337
1449991414988469410 1449991414988684915
1449991415038511463 1449991415038782805
1449991415088471420 1449991415088591352
1449991415138507056 1449991415138823108
1449991415188495898 1449991415188881599
1449991415238482917 1449991415238629056
1449991415288521405 1449991415288968574
1449991415338544205 1449991415338960369
1449991415388540562 1449991415388925830
1449991415438546637 1449991415438855038
1449991415488502424 1449991415488795833
1449991415538488220 1449991415538778061
1449991415588525743 1449991415588876802
1449991415638469187 1449991415638589688
1449991415688649333 1449991415689003516
1449991415738526312 1449991415738900463
1449991415788469189 1449991415788606109
1449991415838484416 1449991415838759297
1449991415888481464 1449991415888714943
1449991415938461880 1449991415938593991
1449991415988470230 1449991415988650260
1449991416038483403 1449991416038680053
1449991416088489090 1449991416088681782
1449991416138490922 1449991416138717745
1449991416188487082 1449991416188712025
1449991416238516446 1449991416238648447
1449991416288486339 1449991416288758211
1449991416338484383 1449991416338683995
1449991416388484869 1449991416388706384
1449991416438498925 1449991416438688139
1449991416488614418 1449991416488979255
1449991416538475241 1449991416538644408
1449991416588467744 1449991416588610915
1449991416638478715 1449991416638756834
1449991416688525275 1449991416688783661
1449991416738469895 1449991416738628935
1449991416788519050 1449991416788784108
1449991416838525884 1449991416838771136
1449991416888470241 1449991416888627788
1449991416938461756 1449991416938602394
1449991416988463675 1449991416988617345
1449991417038462421 1449991417038620292
1449991417088468878 1449991417088626494
1449991417138474899 1449991417138596065
1449991417188467594 1449991417188628135
1449991417238462023 1449991417238620911
1449991417288465469 1449991417288618139
1449991417338487269 1449991417338758351
1449991417388491190 1449991417388888474
1449991417438526638 1449991417438840971
1449991417488468077 1449991417488615816
1449991417538488277 1449991417538793552
1449991417588518393 1449991417588861134
1449991417638522865 1449991417638874301
1449991417688510592 1449991417688871065
1449991417738494948 1449991417738876937
1449991417788521406 1449991417788866484
1449991417838468661 1449991417838608308
1449991417888472552 1449991417888608801
1449991417938491853 1449991417938780076
1449991417988496795 1449991417988784494
1449991418038522431 1449991418038865068
1449991418088522339 1449991418088984727
1449991418138470601 1449991418138617207
1449991418188524801 1449991418188847137
1449991418238513683 1449991418238826185
1449991418288523854 1449991418288838681
1449991418338527688 1449991418338933424
1449991418388478832 1449991418388808457
1449991418438522846 1449991418438897807
1449991418488526439 1449991418488866072
1449991418538498500 1449991418538831468
1449991418588513048 1449991418588836097
1449991418638487605 1449991418638731511
1449991418688520270 1449991418688796509
1449991418738529065 1449991418738781840
1449991418788487161 1449991418788688847
1449991418838491964 1449991418838764735
1449991418888529096 1449991418888764653
1449991418938529334 1449991418938879605
1449991418988511619 1449991418988843798
1449991419038531445 1449991419038805560
1449991419088529245 1449991419088907636
1449991419138463391 1449991419138601079
1449991419188469996 1449991419188721025
1449991419238477864 1449991419238741233
1449991419288520153 1449991419288840633
1449991419338485794 1449991419338634112
1449991419388494741 1449991419388770627
1449991419438524694 1449991419438824814
1449991419488529386 1449991419488927458
1449991419538467230 1449991419538600081
1449991419588477825 1449991419588735282
1449991419638483863 1449991419638694818
1449991419688488054 1449991419688764123
1449991419738482603 1449991419738687965
1449991419788473661 1449991419788778184
1449991419838526893 1449991419838878884
1449991419888483820 1449991419888713641
1449991419938523895 1449991419938826668
1449991419988483716 1449991419988709050
1449991420038534131 1449991420039119221
1449991420088521741 1449991420088870588
1449991420138527205 1449991420138757986
1449991420188490042 1449991420188682737
1449991420238482449 1449991420238703180
1449991420288477429 1449991420288654006
1449991420338524982 1449991420338802912
1449991420388488310 1449991420388721545
1449991420438526154 1449991420438972703
1449991420488523225 1449991420488871922
1449991420538491528 1449991420538808216
1449991420588524407 1449991420588874163
1449991420638529246 1449991420638870403
1449991420688485786 1449991420688708233
1449991420738479813 1449991420738712147
1449991420788473804 1449991420788663194
1449991420838478263 1449991420838654535
1449991420888476807 1449991420888676420
1449991420938527530 1449991420938853593
1449991420988527334 1449991420988847747
1449991421038527309 1449991421038841982
1449991421088510930 1449991421088822540
1449991421138493372 1449991421138807460
1449991421188485538 1449991421188745802
1449991421238483565 1449991421238802405
1449991421288523086 1449991421288862830
1449991421338473404 1449991421338717311
1449991421388527439 1449991421388862899
1449991421438484737 1449991421438734997
1449991421488480969 1449991421488714983
1449991421538524573 1449991421538840228
1449991421588531844 1449991421588939949
1449991421638484097 1449991421638738838
1449991421688476678 1449991421688670047
1449991421738521939 1449991421738844664
1449991421788528632 1449991421788889908
1449991421838531487 1449991421838889408
1449991421888523306 1449991421888882644
1449991421938486043 1449991421938751682
1449991421988480231 1449991421988743394
1449991422038479023 1449991422038735207
1449991422088519770 1449991422088895358
1449991422138528919 1449991422138875698
1449991422188484960 1449991422188719399
1449991422238483134 1449991422238656868
1449991422288488755 1449991422288835849
1449991422338484413 1449991422338813269
1449991422388529356 1449991422388849652
1449991422438532134 1449991422438859429
1449991422488487855 1449991422488725534
1449991422538526190 1449991422538863668
1449991422588533074 1449991422588877491
1449991422638491247 1449991422638756318
1449991422688527454 1449991422688823538
1449991422738513082 1449991422738819570
1449991422788526758 1449991422788842236
1449991422838486595 1449991422838708895
1449991422888531839 1449991422888840154
1449991422938526849 1449991422938819044
1449991422988526312 1449991422988840661
1449991423038523988 1449991423038823708
1449991423088510639 1449991423088847156
1449991423138526874 1449991423138864349
1449991423188485034 1449991423188682896
1449991423238479456 1449991423238674882
1449991423288474760 1449991423288643366
1449991423338492321 1449991423338983244
1449991423388470940 1449991423388654022
1449991423438479405 1449991423438731449
1449991423488479115 1449991423488721815
1449991423538475054 1449991423538678555
1449991423588476569 1449991423588685182
1449991423638477088 1449991423638630633
1449991423688524316 1449991423688783020
1449991423738517111 1449991423738754854
1449991423788518275 1449991423788755299
1449991423838530301 1449991423838769216
1449991423888529367 1449991423888763902
1449991423938528773 1449991423938777343
1449991423988530378 1449991423988769453
1449991424038513441 1449991424038781435
1449991424088525286 1449991424088782369
1449991424138529220 1449991424138767349
1449991424188505637 1449991424188781676
1449991424238492820 1449991424238795686
1449991424288497565 1449991424288780356
1449991424338529118 1449991424338826853
1449991424388526904 1449991424388788076
1449991424438497833 1449991424438792835
1449991424488532042 1449991424488821662
1449991424538496927 1449991424538786353
1449991424588528824 1449991424588751816
1449991424638528455 1449991424638756070
1449991424688529608 1449991424688755297
1449991424738530696 1449991424738791113
1449991424788522154 1449991424788764637
1449991424838529045 1449991424838754623
1449991424888529460 1449991424888773189
1449991424938472383 1449991424938595547
1449991424988498128 1449991424988719056
1449991425038528923 1449991425038783640
1449991425088485499 1449991425088750730
1449991425138519985 1449991425138745934
1449991425188475138 1449991425188621417
1449991425238492095 1449991425238756705
1449991425288524563 1449991425288797214
1449991425338529643 1449991425338827675
1449991425388511954 1449991425388739884
1449991425438486945 1449991425438739678
1449991425488529212 1449991425488765074
1449991425538528472 1449991425538808811
1449991425588484968 1449991425588638606
1449991425638524071 1449991425638773994
1449991425688531630 1449991425688777761
1449991425738524198 1449991425738790498
1449991425788483072 1449991425788666993
1449991425838526840 1449991425838811361
1449991425888529791 1449991425888807073
1449991425938526705 1449991425938802096
1449991425988529500 1449991425988833262
1449991426038529217 1449991426038830477
1449991426088528393 1449991426088867936
1449991426138515128 1449991426138834188
1449991426188496343 1449991426188753366
1449991426238528003 1449991426238789375
1449991426288527827 1449991426288787616
1449991426338484393 1449991426338741045
1449991426388509164 1449991426388777663
1449991426438530207 1449991426438810195
1449991426488528955 1449991426488831848
1449991426538531155 1449991426538798958
1449991426588530287 1449991426588791770
1449991426638489587 1449991426638689420
1449991426688481710 1449991426688658207
1449991426738525126 1449991426738820533
1449991426788533594 1449991426788834198
1449991426838535736 1449991426838808929
1449991426888532925 1449991426888797434
1449991426938532218 1449991426938793423
1449991426988528304 1449991426988791066
1449991427038486958 1449991427038670324
1449991427088523759 1449991427088794162
1449991427138480596 1449991427138739744
1449991427188486210 1449991427188690146
1449991427238479276 1449991427238633051
1449991427288523658 1449991427288823511
1449991427338531514 1449991427338824818
1449991427388531809 1449991427388831956
1449991427438500352 1449991427438827096
1449991427488531531 1449991427488853681
1449991427538530293 1449991427538869482
1449991427588533261 1449991427588833094
1449991427638532898 1449991427638796800
1449991427688524891 1449991427688812069
1449991427738529359 1449991427738774863
1449991427788505386 1449991427788802507
1449991427838525410 1449991427838778280
1449991427888524011 1449991427888847755
1449991427938528807 1449991427938775219
1449991427988529119 1449991427988767723
1449991428038529117 1449991428038780811
1449991428088529232 1449991428088786381
1449991428138529213 1449991428138778231
1449991428188497589 1449991428188795822
1449991428238519430 1449991428238817777
1449991428288526705 1449991428288868005
1449991428338489041 1449991428338797089
1449991428388489005 1449991428388703886
1449991428438479291 1449991428438680912
1449991428488523246 1449991428488801012
1449991428538530280 1449991428538826394
1449991428588488226 1449991428588754723
1449991428638480837 1449991428638664500
1449991428688477805 1449991428688669175
1449991428738508766 1449991428738788644
1449991428788485087 1449991428788672886
1449991428838477321 1449991428838666102
1449991428888468312 1449991428888668115
1449991428938525399 1449991428938894706
1449991428988502074 1449991428988809074
1449991429038531502 1449991429038866939
1449991429088527251 1449991429088795024
1449991429138477716 1449991429138708924
1449991429188525957 1449991429188783220
1449991429238485266 1449991429238668665
1449991429288477333 1449991429288904281
1449991429338522644 1449991429338804229
1449991429388478115 1449991429388676962
1449991429438526545 1449991429438816302
1449991429488485527 1449991429488677455
1449991429538493232 1449991429538761557
1449991429588488914 1449991429588653864
1449991429638477653 1449991429638654858
1449991429688525249 1449991429688846280
1449991429738527332 1449991429738852322
1449991429788483978 1449991429788676862
1449991429838524952 1449991429838820813
1449991429888530202 1449991429888817934
1449991429938529308 1449991429938804037
1449991429988530155 1449991429988804416
1449991430038537025 1449991430038813261
1449991430088529997 1449991430088818511
1449991430138532160 1449991430138809071
1449991430188522332 1449991430188791482
1449991430238489105 1449991430238751273
1449991430288527954 1449991430288845350
1449991430338514124 1449991430338799655
1449991430388530352 1449991430388798333
1449991430438498405 1449991430438792100
1449991430488528808 1449991430488776710
1449991430538513234 1449991430538772713
1449991430588465716 1449991430588611130
1449991430638526601 1449991430638790034
1449991430688530117 1449991430688783952
1449991430738497274 1449991430738752088
1449991430788527617 1449991430788792691
1449991430838528778 1449991430838782797
1449991430888522177 1449991430888758787
1449991430938530822 1449991430938801853
1449991430988528691 1449991430988738690
1449991431038498992 1449991431038835886
1449991431088530872 1449991431088837297
1449991431138531518 1449991431138759195
1449991431188525961 1449991431188846341
1449991431238502442 1449991431238692808
1449991431288525041 1449991431288795544
1449991431338498088 1449991431338699153
1449991431388483508 1449991431388596807
1449991431438524825 1449991431438764471
1449991431488527505 1449991431488785634
1449991431538518526 1449991431538788736
1449991431588501122 1449991431588767475
1449991431638511567 1449991431638765345
1449991431688528115 1449991431688807863
1449991431738517910 1449991431738798206
1449991431788528068 1449991431788759683
1449991431838532479 1449991431838778848
1449991431888530747 1449991431888777887
1449991431938528977 1449991431938803299
1449991431988526727 1449991431988827793
1449991432038529114 1449991432038864601
1449991432088494707 1449991432088741199
1449991432138529928 1449991432138829932
1449991432188529271 1449991432188829839
1449991432238497621 1449991432238748764
1449991432288497368 1449991432288738508
1449991432338530766 1449991432338796077
1449991432388495717 1449991432388769932
1449991432438528112 1449991432438836621
1449991432488513163 1449991432488807934
1449991432538527410 1449991432538842618
1449991432588526857 1449991432588819467
1449991432638529608 1449991432638820360
1449991432688502945 1449991432688740420
1449991432738513631 1449991432738791634
1449991432788525826 1449991432788832919
1449991432838532045 1449991432838821972
1449991432888499118 1449991432888722959
1449991432938530334 1449991432938774778
1449991432988494444 1449991432988740258
1449991433038525506 1449991433038813569
1449991433088521665 1449991433088838891
1449991433138531011 1449991433138772461
1449991433188501686 1449991433188819730
1449991433238501233 1449991433238772738
1449991433288526391 1449991433288785161
1449991433338530505 1449991433338827632
1449991433388493382 1449991433388773721
1449991433438493901 1449991433438802882
1449991433488524205 1449991433488828284
1449991433538535345 1449991433538844910
1449991433588532206 1449991433588774307
1449991433638530877 1449991433638826708
1449991433688527928 1449991433688772713
1449991433738516090 1449991433738805800
1449991433788530089 1449991433788841412
1449991433838531464 1449991433838799421
1449991433888530152 1449991433888829227
1449991433938532876 1449991433938830681
1449991433988528645 1449991433988834658
1449991434038528997 1449991434038794308
1449991434088529797 1449991434088866403
1449991434138533476 1449991434138809866
1449991434188532506 1449991434188839759
1449991434238515041 1449991434238765873
1449991434288525589 1449991434288758952
1449991434338479249 1449991434338715341
1449991434388523815 1449991434388774199
1449991434438529676 1449991434438811999
1449991434488530633 1449991434488800902
1449991434538513288 1449991434538753660
1449991434588530569 1449991434588771772
1449991434638530042 1449991434638823848
1449991434688532165 1449991434688811906
1449991434738529370 1449991434738826714
1449991434788528930 1449991434788839811
1449991434838529109 1449991434838834193
1449991434888530917 1449991434888826751
1449991434938529743 1449991434938785877
1449991434988527880 1449991434988830195
1449991435038522933 1449991435038804528
1449991435088497537 1449991435088800908
1449991435138531469 1449991435138841147
1449991435188485305 1449991435188726993
1449991435238476072 1449991435238693682
1449991435288488732 1449991435288777076
1449991435338530689 1449991435338851302
1449991435388534786 1449991435388801918
1449991435438530598 1449991435438799771
1449991435488529637 1449991435488825905
1449991435538527901 1449991435538806062
1449991435588529633 1449991435588803293
1449991435638529949 1449991435638807331
1449991435688531487 1449991435688847917
1449991435738513878 1449991435738791708
1449991435788529418 1449991435788807705
1449991435838530224 1449991435838822029
1449991435888526801 1449991435888794000
1449991435938532248 1449991435938837487
1449991435988493602 1449991435988739987
1449991436038495010 1449991436038739401
1449991436088530970 1449991436088820128
1449991436138500826 1449991436138804157
1449991436188526936 1449991436188811892
1449991436238498734 1449991436238799125
1449991436288492698 1449991436288741689
1449991436338529219 1449991436338810861
1449991436388528652 1449991436388812295
1449991436438474252 1449991436438602433
1449991436488525585 1449991436488834689
1449991436538531159 1449991436538845114
1449991436588468518 1449991436588609036
1449991436638533169 1449991436638856846
1449991436688527738 1449991436688801328
1449991436738470292 1449991436738587259
1449991436788496654 1449991436788768149
1449991436838530602 1449991436838748272
1449991436888528051 1449991436888771603
1449991436938531544 1449991436938808618
1449991436988470713 1449991436988588015
1449991437038515654 1449991437038754979
1449991437088495579 1449991437088774482
1449991437138469368 1449991437138579763
1449991437188529913 1449991437188807158
1449991437238504290 1449991437238825972
1449991437288469328 1449991437288595424
1449991437338488360 1449991437338752355
1449991437388532157 1449991437388771169
1449991437438472818 1449991437438593247
1449991437488488000 1449991437488703047
1449991437538534356 1449991437538773087
1449991437588474381 1449991437588621398
1449991437638526046 1449991437638898561
1449991437688532432 1449991437688793771
1449991437738529093 1449991437738810674
1449991437788486875 1449991437788701338
1449991437838472478 1449991437838595836
1449991437888479183 1449991437888581206
1449991437938482228 1449991437938699267
1449991437988483406 1449991437988627659
1449991438038493764 1449991438038768620
1449991438088521852 1449991438088757774
1449991438138530497 1449991438138804073
1449991438188472265 1449991438188572203
1449991438238488173 1449991438238711413
1449991438288524180 1449991438288793206
1449991438338513607 1449991438338740905
1449991438388487927 1449991438388696540
1449991438438516246 1449991438438777787
1449991438488492707 1449991438488718215
1449991438538527975 1449991438538841716
1449991438588531000 1449991438588769330
1449991438638531392 1449991438638791993
1449991438688528630 1449991438688783304
1449991438738528989 1449991438738775946
1449991438788526936 1449991438788858928
1449991438838528694 1449991438838849528
1449991438888541993 1449991438888868376
1449991438938492031 1449991438938767027
1449991438988530055 1449991438988846699
1449991439038500549 1449991439038725483
1449991439088526356 1449991439088819103
1449991439138527667 1449991439138781803
1449991439188482636 1449991439188725570
1449991439238498447 1449991439238857624
1449991439288528730 1449991439288808912
1449991439338532169 1449991439338822297
1449991439388530019 1449991439388834112
1449991439438476323 1449991439438613503
1449991439488484408 1449991439488671800
1449991439538497526 1449991439538725279
1449991439588530285 1449991439588811368
1449991439638531806 1449991439638806935
1449991439688512029 1449991439688765372
1449991439738531983 1449991439738768890
1449991439788522756 1449991439788751127
1449991439838529997 1449991439838762819
1449991439888530316 1449991439888761373
1449991439938471657 1449991439938583907
1449991439988523891 1449991439988759335
1449991440038531336 1449991440038806105
1449991440088529493 1449991440088814228
1449991440138530988 1449991440138774069
1449991440188495529 1449991440188740781
1449991440238495754 1449991440238740188
1449991440288529178 1449991440288770007
1449991440338530355 1449991440338772110
1449991440388527393 1449991440388798324
1449991440438493935 1449991440438722025
1449991440488490636 1449991440488712078
1449991440538529973 1449991440538782709
1449991440588532343 1449991440588778177
1449991440638486294 1449991440638641775
1449991440688527284 1449991440688778744
1449991440738532454 1449991440738780803
1449991440788488268 1449991440788654395
1449991440838484772 1449991440838647424
1449991440888522903 1449991440888770952
1449991440938532008 1449991440938783258
1449991440988492446 1449991440988687799
1449991441038485626 1449991441038644058
1449991441088521191 1449991441088816738
1449991441138531439 1449991441138778836
1449991441188525527 1449991441188755785
1449991441238484956 1449991441238627239
1449991441288489895 1449991441288722850
1449991441338530272 1449991441338758202
1449991441388488465 1449991441388648561
1449991441438467104 1449991441438582518
1449991441488474026 1449991441488593900
1449991441538516065 1449991441538744746
1449991441588528631 1449991441588760099
1449991441638531138 1449991441638770374
1449991441688498566 1449991441688733622
1449991441738527072 1449991441738770577
1449991441788526629 1449991441788780260
1449991441838486135 1449991441838645817
1449991441888522208 1449991441888840189
1449991441938533194 1449991441938794106
1449991441988486934 1449991441988642714
1449991442038498154 1449991442038793310
1449991442088528284 1449991442088823105
1449991442138499704 1449991442138819275
1449991442188525644 1449991442188789021
1449991442238487599 1449991442238655282
1449991442288486154 1449991442288699317
1449991442338535771 1449991442338766878
1449991442388536410 1449991442388787850
1449991442438530154 1449991442438825483
