1450056068835682523 1450056068836058368
1450056068885861573 1450056068886034452
1450056068935731249 1450056068935890624
1450056068985717286 1450056068985879680
1450056069035727316 1450056069035945581
1450056069085720603 1450056069086025898
1450056069135715025 1450056069135876958
1450056069185771684 1450056069186032763
1450056069235732818 1450056069236002218
1450056069285721396 1450056069285953994
1450056069335716400 1450056069335880899
1450056069385704741 1450056069385796083
1450056069435725276 1450056069435962597
1450056069485716851 1450056069485905633
1450056069535718129 1450056069535915404
1450056069585715581 1450056069585886352
1450056069635773741 1450056069636010592
1450056069685773692 1450056069686058464
1450056069735721853 1450056069735883140
1450056069785715600 1450056069785921467
1450056069835728457 1450056069835891680
1450056069885772208 1450056069886059351
1450056069935770268 1450056069936032539
1450056069985717510 1450056069985912254
1450056070035720458 1450056070035893958
1450056070085714242 1450056070085896137
1450056070135718650 1450056070136184616
1450056070185727441 1450056070185901920
1450056070235698794 1450056070235832535
1450056070285719061 1450056070285898424
1450056070335731554 1450056070335931275
1450056070385741660 1450056070385888464
1450056070435711796 1450056070435808237
1450056070485717644 1450056070485901610
1450056070535731426 1450056070535939836
1450056070585713675 1450056070585826642
1450056070635724246 1450056070635915005
1450056070685732000 1450056070685830676
1450056070735697499 1450056070735791212
1450056070785706526 1450056070785813514
1450056070835716189 1450056070835875011
1450056070885701837 1450056070885797947
1450056070935725893 1450056070935976804
1450056070985729934 1450056070985914997
1450056071035722098 1450056071035910361
1450056071085731374 1450056071085922824
1450056071135716528 1450056071135904474
1450056071185713436 1450056071185908307
1450056071235672241 1450056071235753762
1450056071285732016 1450056071285944735
1450056071335714246 1450056071335901250
1450056071385748212 1450056071385913446
1450056071435731119 1450056071435936500
1450056071485728714 1450056071485838835
1450056071535705515 1450056071535806237
1450056071585706018 1450056071585822741
1450056071635718316 1450056071635905272
1450056071685726361 1450056071685926707
1450056071735673558 1450056071735756441
1450056071785772963 1450056071786025753
1450056071835719604 1450056071835931821
1450056071885733981 1450056071885975562
1450056071935720141 1450056071935942816
1450056071985729034 1450056071985925581
1450056072035719726 1450056072035899350
1450056072085715137 1450056072086160570
1450056072135715232 1450056072135886954
1450056072185717742 1450056072185889321
1450056072235696272 1450056072235854327
1450056072285720064 1450056072285901067
1450056072335718962 1450056072335929439
1450056072385731125 1450056072385924887
1450056072435731704 1450056072435905221
1450056072485717647 1450056072485916925
1450056072535721854 1450056072535925726
1450056072585721431 1450056072585893845
1450056072635773567 1450056072636037639
1450056072685710174 1450056072685805757
1450056072735748513 1450056072735978789
1450056072785710297 1450056072785843354
1450056072835720068 1450056072835895860
1450056072885754194 1450056072886014824
1450056072935687069 1450056072935823678
1450056072985713377 1450056072985890575
1450056073035714925 1450056073035838422
1450056073085712645 1450056073086026082
1450056073135728616 1450056073135953616
1450056073185726485 1450056073185971785
1450056073235699683 1450056073235867747
1450056073285801478 1450056073285972481
1450056073335732146 1450056073335901824
1450056073385714874 1450056073385893286
1450056073435762831 1450056073436083126
1450056073485732741 1450056073485895036
1450056073535739980 1450056073536019499
1450056073585715277 1450056073585956337
1450056073635739407 1450056073635906473
1450056073685719256 1450056073685873198
1450056073735726203 1450056073735910651
1450056073785723501 1450056073785878453
1450056073835718909 1450056073835868421
1450056073885708659 1450056073885828627
1450056073935747142 1450056073935959506
1450056073985723894 1450056073985887612
1450056074035727931 1450056074035934627
1450056074085718247 1450056074085893993
1450056074135724303 1450056074135938314
1450056074185720432 1450056074185913830
1450056074235729604 1450056074235983157
1450056074285732853 1450056074286002581
1450056074335772511 1450056074336065020
1450056074385769716 1450056074386034011
1450056074435730528 1450056074435901245
1450056074485715505 1450056074485893642
1450056074535732809 1450056074535916883
1450056074585728337 1450056074585960801
1450056074635732755 1450056074635928672
1450056074685735359 1450056074685903356
1450056074735726788 1450056074735907972
1450056074785704131 1450056074785823720
1450056074835709892 1450056074835952712
1450056074885703578 1450056074885797887
1450056074935701305 1450056074935842568
1450056074985712278 1450056074985880690
1450056075035728994 1450056075035941131
1450056075085734170 1450056075085946087
1450056075135722308 1450056075135883144
1450056075185729763 1450056075186017365
1450056075235731121 1450056075235928739
1450056075285726936 1450056075285962112
1450056075335732376 1450056075335932213
1450056075385731562 1450056075385968773
1450056075435724214 1450056075435969934
1450056075485727340 1450056075485904200
1450056075535718831 1450056075535860114
1450056075585730014 1450056075585895255
1450056075635730179 1450056075635887429
1450056075685719593 1450056075685891566
1450056075735718606 1450056075735903435
1450056075785728660 1450056075785891472
1450056075835714452 1450056075835893471
1450056075885737686 1450056075885912609
1450056075935718123 1450056075935914245
1450056075985716404 1450056075985912649
1450056076035716198 1450056076035887326
1450056076085719283 1450056076085907323
1450056076135717581 1450056076135908534
1450056076185771361 1450056076186071969
1450056076235725211 1450056076235925381
1450056076285731399 1450056076285915797
1450056076335718398 1450056076335934319
1450056076385729269 1450056076385931786
1450056076435726071 1450056076435932108
1450056076485720080 1450056076485915429
1450056076535713793 1450056076535910614
1450056076585731427 1450056076585886434
1450056076635771897 1450056076636069983
1450056076685717509 1450056076685943745
1450056076735718068 1450056076735901691
1450056076785733564 1450056076785910632
1450056076835733743 1450056076835913064
1450056076885730353 1450056076885956202
1450056076935770612 1450056076936124444
1450056076985733055 1450056076985924192
1450056077035718203 1450056077035926067
1450056077085714335 1450056077085886068
1450056077135733453 1450056077135941572
1450056077185712952 1450056077185862263
1450056077235705357 1450056077235817413
1450056077285731717 1450056077285856805
1450056077335712849 1450056077335931382
1450056077385703213 1450056077385830957
1450056077435715789 1450056077435844996
1450056077485700684 1450056077485778176
1450056077535755473 1450056077535853809
1450056077585701515 1450056077585823173
1450056077635711932 1450056077635840806
1450056077685718093 1450056077685880740
1450056077735720543 1450056077735867815
1450056077785696929 1450056077785785100
1450056077835713220 1450056077835904386
1450056077885703559 1450056077885811226
1450056077935731366 1450056077935958288
1450056077985722799 1450056077985903154
1450056078035733431 1450056078035909109
1450056078085722056 1450056078085910777
1450056078135715493 1450056078135938111
1450056078185720265 1450056078185871752
1450056078235734575 1450056078235941040
1450056078285731122 1450056078285968711
1450056078335739178 1450056078336006742
1450056078385717461 1450056078385912279
1450056078435716273 1450056078435908305
1450056078485717503 1450056078485929334
1450056078535774270 1450056078536109218
1450056078585724602 1450056078585978041
1450056078635713889 1450056078635882475
1450056078685704557 1450056078685853306
1450056078735695617 1450056078735888093
1450056078785708911 1450056078785811239
1450056078835728795 1450056078835905435
1450056078885732097 1450056078885969539
1450056078935709504 1450056078935837308
1450056078985713083 1450056078985893429
1450056079035715540 1450056079035962138
1450056079085704718 1450056079085830266
1450056079135713532 1450056079135912202
1450056079185721022 1450056079185890977
1450056079235695848 1450056079235838366
1450056079285718099 1450056079285878864
1450056079335718756 1450056079335997163
1450056079385714030 1450056079385909088
1450056079435720375 1450056079435883655
1450056079485718659 1450056079485922976
1450056079535716639 1450056079535988436
1450056079585717065 1450056079585886215
1450056079635767377 1450056079636101165
1450056079685736873 1450056079686115792
1450056079735723540 1450056079735910691
1450056079785758464 1450056079786037858
1450056079835733900 1450056079835878274
1450056079885731138 1450056079885947342
1450056079935737290 1450056079935967873
1450056079985724690 1450056079985905673
1450056080035689762 1450056080035864371
1450056080085715294 1450056080085877913
1450056080135751307 1450056080136060989
1450056080185706239 1450056080185853730
1450056080235675777 1450056080235770826
1450056080285696865 1450056080285791790
1450056080335725304 1450056080335929413
1450056080385708250 1450056080385840771
1450056080435704242 1450056080435780987
1450056080485718516 1450056080485908787
1450056080535706773 1450056080535836289
1450056080585698131 1450056080585780413
1450056080635725445 1450056080635906867
1450056080685713537 1450056080685830292
1450056080735722632 1450056080735924533
1450056080785708322 1450056080785822636
1450056080835718996 1450056080835933943
1450056080885713990 1450056080885875232
1450056080935718281 1450056080935910687
1450056080985710224 1450056080985833609
1450056081035702549 1450056081035826676
1450056081085704173 1450056081085828960
1450056081135802390 1450056081136107301
1450056081185707911 1450056081185840858
1450056081235713932 1450056081235906161
1450056081285706977 1450056081285865847
1450056081335697801 1450056081335831285
1450056081385721049 1450056081385870619
1450056081435731210 1450056081435966072
1450056081485731689 1450056081485925465
1450056081535731430 1450056081535973575
1450056081585716086 1450056081585903795
1450056081635735505 1450056081635967745
1450056081685704766 1450056081685799979
1450056081735726775 1450056081735915352
1450056081785732225 1450056081785947363
1450056081835718609 1450056081835886579
1450056081885743009 1450056081885984924
1450056081935718925 1450056081935872605
1450056081985723290 1450056081985913421
1450056082035703756 1450056082035788095
1450056082085702330 1450056082085787388
1450056082135771950 1450056082135882136
1450056082185711616 1450056082185988664
1450056082235718569 1450056082235851456
1450056082285717057 1450056082285929699
1450056082335715458 1450056082336014064
1450056082385715386 1450056082385933641
1450056082435737237 1450056082435966774
1450056082485725144 1450056082485988738
1450056082535731981 1450056082535906507
1450056082585716935 1450056082585890084
1450056082635719599 1450056082635915079
1450056082685722240 1450056082685976516
1450056082735721780 1450056082735921469
1450056082785767061 1450056082786023024
1450056082835754965 1450056082835977908
1450056082885709807 1450056082885846493
1450056082935698001 1450056082935801329
1450056082985713745 1450056082985870622
1450056083035708444 1450056083035847593
1450056083085699413 1450056083085804287
1450056083135716494 1450056083135897860
1450056083185706828 1450056083185859791
1450056083235699202 1450056083235785056
1450056083285748281 1450056083285964618
1450056083335733178 1450056083335983435
1450056083385742053 1450056083386036147
1450056083435718859 1450056083435916457
1450056083485718499 1450056083485901507
1450056083535703864 1450056083535827100
1450056083585705962 1450056083585813333
1450056083635723271 1450056083635930935
1450056083685727378 1450056083685889575
1450056083735728666 1450056083736089961
1450056083785713073 1450056083785816620
1450056083835705938 1450056083835825515
1450056083885725733 1450056083885931820
1450056083935716784 1450056083935907800
1450056083985718305 1450056083985950088
1450056084035718681 1450056084036122779
1450056084085714897 1450056084085907055
1450056084135702719 1450056084135804582
1450056084185719494 1450056084185979092
1450056084235718743 1450056084235880643
1450056084285731039 1450056084285899407
1450056084335721646 1450056084335895506
1450056084385704401 1450056084385796868
1450056084435724057 1450056084435934828
1450056084485729882 1450056084485945808
1450056084535714094 1450056084536105117
1450056084585732460 1450056084585886833
1450056084635729999 1450056084635888345
1450056084685715262 1450056084685899773
1450056084735673927 1450056084736120561
1450056084785724962 1450056084785914341
1450056084835712843 1450056084835862154
1450056084885715352 1450056084885855289
1450056084935715565 1450056084935905225
1450056084985703822 1450056084985798112
1450056085035696317 1450056085035784479
1450056085085705089 1450056085085880905
1450056085135718799 1450056085135868457
1450056085185700280 1450056085185795047
1450056085235714029 1450056085235859759
1450056085285698415 1450056085285822008
1450056085335719878 1450056085335919292
1450056085385732866 1450056085385957983
1450056085435766617 1450056085436067671
1450056085485719472 1450056085485888498
1450056085535720001 1450056085535878053
1450056085585748620 1450056085585978599
1450056085635721524 1450056085636016495
1450056085685734254 1450056085685916487
1450056085735712197 1450056085735799075
1450056085785845049 1450056085786065491
1450056085835728421 1450056085835860271
1450056085885763839 1450056085886048100
1450056085935718491 1450056085935914477
1450056085985702902 1450056085985797624
1450056086035727692 1450056086035952668
1450056086085709348 1450056086085822080
1450056086135711354 1450056086135851136
1450056086185709839 1450056086185835450
1450056086235732718 1450056086235940037
1450056086285717561 1450056086285906052
1450056086335719865 1450056086335979013
1450056086385732866 1450056086385950640
1450056086435716724 1450056086435877014
1450056086485705008 1450056086485803439
1450056086535713576 1450056086535891393
1450056086585730579 1450056086585973821
1450056086635721240 1450056086635895899
1450056086685741935 1450056086685947788
1450056086735712800 1450056086735860608
1450056086785714034 1450056086785889411
1450056086835767937 1450056086836020734
1450056086885738975 1450056086885870576
1450056086935714436 1450056086935955412
1450056086985709185 1450056086985829640
1450056087035709340 1450056087035980759
1450056087085706037 1450056087085808221
1450056087135771154 1450056087136002738
1450056087185722731 1450056087185907279
1450056087235721429 1450056087235944097
1450056087285721026 1450056087285939819
1450056087335715896 1450056087335878613
1450056087385736110 1450056087386040026
1450056087435741139 1450056087435976015
1450056087485711201 1450056087485837630
1450056087535715130 1450056087535900099
1450056087585707067 1450056087585801430
1450056087635731162 1450056087635979301
1450056087685739573 1450056087686004476
1450056087735705221 1450056087735785297
1450056087785830455 1450056087786051415
1450056087835712479 1450056087835834128
1450056087885742468 1450056087886017717
1450056087935674101 1450056087935762420
1450056087985724296 1450056087985917230
1450056088035714609 1450056088035865299
1450056088085710955 1450056088085935210
1450056088135731580 1450056088135980357
1450056088185754092 1450056088185997053
1450056088235725051 1450056088235880978
1450056088285706451 1450056088285816146
1450056088335713090 1450056088336019585
1450056088385730795 1450056088385899537
1450056088435717048 1450056088435929152
1450056088485705005 1450056088485799692
1450056088535722410 1450056088535879737
1450056088585736714 1450056088585968779
1450056088635716860 1450056088635897579
1450056088685716597 1450056088685896665
1450056088735721216 1450056088735901608
1450056088785733565 1450056088785952575
1450056088835764440 1450056088836034067
1450056088885709525 1450056088885829646
1450056088935702735 1450056088935824697
1450056088985724079 1450056088985931235
1450056089035728864 1450056089035883279
1450056089085720804 1450056089085920867
1450056089135758481 1450056089135990360
1450056089185707422 1450056089185815006
1450056089235709543 1450056089235884913
1450056089285733348 1450056089285908040
1450056089335737839 1450056089335951921
1450056089385723961 1450056089385924567
1450056089435721742 1450056089435941423
1450056089485723357 1450056089485882578
1450056089535730856 1450056089535965892
1450056089585731077 1450056089585902158
1450056089635733812 1450056089635927858
1450056089685734074 1450056089685944911
1450056089735717260 1450056089735898220
1450056089785715026 1450056089785919506
1450056089835731923 1450056089835922491
1450056089885714997 1450056089885879181
1450056089935767763 1450056089936084760
1450056089985717908 1450056089985929979
1450056090035741045 1450056090035948927
1450056090085720817 1450056090085894424
1450056090135721484 1450056090135920425
1450056090185725066 1450056090185897040
1450056090235725352 1450056090235967942
1450056090285715347 1450056090285873883
1450056090335758105 1450056090336014917
1450056090385722145 1450056090385910081
1450056090435771979 1450056090436045773
1450056090485720484 1450056090485890640
1450056090535738259 1450056090535995435
1450056090585721382 1450056090585962753
1450056090635732292 1450056090635987383
1450056090685724021 1450056090685901800
1450056090735723939 1450056090735866693
1450056090785718264 1450056090785900343
1450056090835719474 1450056090835901865
1450056090885750175 1450056090886040939
1450056090935730893 1450056090935993448
1450056090985726999 1450056090985949169
1450056091035735229 1450056091035990989
1450056091085771897 1450056091086032745
1450056091135725366 1450056091135904676
1450056091185773954 1450056091186074759
1450056091235761734 1450056091235939928
1450056091285722978 1450056091285916724
1450056091335720343 1450056091335932551
1450056091385770375 1450056091386046404
1450056091435724519 1450056091435887839
1450056091485718075 1450056091485919325
1450056091535721224 1450056091535924802
1450056091585733199 1450056091585900779
1450056091635758417 1450056091635932499
1450056091685730138 1450056091685922370
1450056091735744923 1450056091735894595
1450056091785722711 1450056091785873880
1450056091835732217 1450056091835944130
1450056091885734266 1450056091886019406
1450056091935783329 1450056091936075865
1450056091985736547 1450056091985924443
1450056092035734758 1450056092035935626
1450056092085716464 1450056092085871282
1450056092135734961 1450056092135936758
1450056092185733693 1450056092185942423
1450056092235721714 1450056092235896934
1450056092285710408 1450056092285834636
1450056092335710931 1450056092335813056
1450056092385695645 1450056092385818296
1450056092435772875 1450056092436034803
1450056092485723668 1450056092485896607
1450056092535712364 1450056092535828813
1450056092585714624 1450056092585879509
1450056092635705258 1450056092635825916
1450056092685701541 1450056092685859501
1450056092735696373 1450056092735868942
1450056092785705493 1450056092785792675
1450056092835703351 1450056092835837102
1450056092885698288 1450056092885785924
1450056092935726927 1450056092935940084
1450056092985720471 1450056092985894733
1450056093035719697 1450056093035910911
1450056093085732481 1450056093085902002
1450056093135711693 1450056093135828251
1450056093185717870 1450056093185884894
1450056093235728766 1450056093235892591
1450056093285770736 1450056093286018364
1450056093335736490 1450056093335944775
1450056093385721865 1450056093385953824
1450056093435732316 1450056093435967837
1450056093485721433 1450056093485896106
1450056093535696605 1450056093535878243
1450056093585728679 1450056093585916538
1450056093635732569 1450056093636104272
1450056093685720860 1450056093685883863
1450056093735723899 1450056093735950372
1450056093785728200 1450056093785943895
1450056093835716281 1450056093835897582
1450056093885710018 1450056093885834657
1450056093935728504 1450056093935884972
1450056093985711148 1450056093985838724
1450056094035715481 1450056094035951926
1450056094085710595 1450056094085835396
1450056094135738690 1450056094135913492
1450056094185755048 1450056094185972079
1450056094235723884 1450056094235844662
1450056094285700647 1450056094285795218
1450056094335724686 1450056094335954213
1450056094385718885 1450056094385943230
1450056094435732453 1450056094435950738
1450056094485717287 1450056094485959880
1450056094535743558 1450056094535942516
1450056094585706023 1450056094585825432
1450056094635712634 1450056094635883605
1450056094685730222 1450056094685934097
1450056094735717087 1450056094735921958
1450056094785715220 1450056094786002127
1450056094835734345 1450056094836026046
1450056094885711439 1450056094885803977
1450056094935731887 1450056094935957764
1450056094985742070 1450056094985895407
1450056095035761732 1450056095035933926
1450056095085724964 1450056095085962212
1450056095135727207 1450056095135922306
1450056095185778024 1450056095186050715
1450056095235716131 1450056095235889020
1450056095285720793 1450056095285874077
1450056095335721439 1450056095335917530
1450056095385720769 1450056095385893537
1450056095435720767 1450056095435931244
1450056095485718490 1450056095485966575
1450056095535714362 1450056095535995085
1450056095585716431 1450056095585985281
1450056095635723595 1450056095635969884
1450056095685717867 1450056095685922297
1450056095735716008 1450056095735872248
1450056095785768989 1450056095786027151
1450056095835734218 1450056095836216191
1450056095885724143 1450056095885870869
1450056095935722898 1450056095935922160
1450056095985719245 1450056095985912463
1450056096035716276 1450056096035891584
1450056096085716835 1450056096085918556
1450056096135717061 1450056096135884771
1450056096185772140 1450056096186006772
1450056096235729030 1450056096236089183
1450056096285720442 1450056096285892579
1450056096335721088 1450056096335890088
1450056096385720138 1450056096385920035
1450056096435717383 1450056096435946940
1450056096485726941 1450056096485938472
1450056096535717195 1450056096535877441
1450056096585719735 1450056096585914744
1450056096635736391 1450056096636031076
1450056096685724726 1450056096685883802
1450056096735719649 1450056096735905998
1450056096785720098 1450056096785931868
1450056096835771402 1450056096836045641
1450056096885733996 1450056096885888630
1450056096935728795 1450056096935974171
1450056096985722843 1450056096985886415
1450056097035718708 1450056097035878950
1450056097085716167 1450056097085859989
1450056097135732663 1450056097135908558
1450056097185771669 1450056097186031899
1450056097235723809 1450056097235898217
1450056097285717880 1450056097285873910
1450056097335671414 1450056097335751739
1450056097385728049 1450056097386277234
1450056097435721783 1450056097435861335
1450056097485724958 1450056097485880965
1450056097535734698 1450056097535963944
1450056097585725569 1450056097585953228
1450056097635726422 1450056097635891235
1450056097685776099 1450056097686042356
1450056097735724771 1450056097735891475
1450056097785733375 1450056097785916206
