1450056068835682523
1450056068885861573
1450056068935731249
1450056068985717286
1450056069035727316
1450056069085720603
1450056069135715025
1450056069185771684
1450056069235732818
1450056069285721396
1450056069335716400
1450056069385704741
1450056069435725276
1450056069485716851
1450056069535718129
1450056069585715581
1450056069635773741
1450056069685773692
1450056069735721853
1450056069785715600
1450056069835728457
1450056069885772208
1450056069935770268
1450056069985717510
1450056070035720458
1450056070085714242
1450056070135718650
1450056070185727441
1450056070235698794
1450056070285719061
1450056070335731554
1450056070385741660
1450056070435711796
1450056070485717644
1450056070535731426
1450056070585713675
1450056070635724246
1450056070685732000
1450056070735697499
1450056070785706526
1450056070835716189
1450056070885701837
1450056070935725893
1450056070985729934
1450056071035722098
1450056071085731374
1450056071135716528
1450056071185713436
1450056071235672241
1450056071285732016
1450056071335714246
1450056071385748212
1450056071435731119
1450056071485728714
1450056071535705515
1450056071585706018
1450056071635718316
1450056071685726361
1450056071735673558
1450056071785772963
1450056071835719604
1450056071885733981
1450056071935720141
1450056071985729034
1450056072035719726
1450056072085715137
1450056072135715232
1450056072185717742
1450056072235696272
1450056072285720064
1450056072335718962
1450056072385731125
1450056072435731704
1450056072485717647
1450056072535721854
1450056072585721431
1450056072635773567
1450056072685710174
1450056072735748513
1450056072785710297
1450056072835720068
1450056072885754194
1450056072935687069
1450056072985713377
1450056073035714925
1450056073085712645
1450056073135728616
1450056073185726485
1450056073235699683
1450056073285801478
1450056073335732146
1450056073385714874
1450056073435762831
1450056073485732741
1450056073535739980
1450056073585715277
1450056073635739407
1450056073685719256
1450056073735726203
1450056073785723501
1450056073835718909
1450056073885708659
1450056073935747142
1450056073985723894
1450056074035727931
1450056074085718247
1450056074135724303
1450056074185720432
1450056074235729604
1450056074285732853
1450056074335772511
1450056074385769716
1450056074435730528
1450056074485715505
1450056074535732809
1450056074585728337
1450056074635732755
1450056074685735359
1450056074735726788
1450056074785704131
1450056074835709892
1450056074885703578
1450056074935701305
1450056074985712278
1450056075035728994
1450056075085734170
1450056075135722308
1450056075185729763
1450056075235731121
1450056075285726936
1450056075335732376
1450056075385731562
1450056075435724214
1450056075485727340
1450056075535718831
1450056075585730014
1450056075635730179
1450056075685719593
1450056075735718606
1450056075785728660
1450056075835714452
1450056075885737686
1450056075935718123
1450056075985716404
1450056076035716198
1450056076085719283
1450056076135717581
1450056076185771361
1450056076235725211
1450056076285731399
1450056076335718398
1450056076385729269
1450056076435726071
1450056076485720080
1450056076535713793
1450056076585731427
1450056076635771897
1450056076685717509
1450056076735718068
1450056076785733564
1450056076835733743
1450056076885730353
1450056076935770612
1450056076985733055
1450056077035718203
1450056077085714335
1450056077135733453
1450056077185712952
1450056077235705357
1450056077285731717
1450056077335712849
1450056077385703213
1450056077435715789
1450056077485700684
1450056077535755473
1450056077585701515
1450056077635711932
1450056077685718093
1450056077735720543
1450056077785696929
1450056077835713220
1450056077885703559
1450056077935731366
1450056077985722799
1450056078035733431
1450056078085722056
1450056078135715493
1450056078185720265
1450056078235734575
1450056078285731122
1450056078335739178
1450056078385717461
1450056078435716273
1450056078485717503
1450056078535774270
1450056078585724602
1450056078635713889
1450056078685704557
1450056078735695617
1450056078785708911
1450056078835728795
1450056078885732097
1450056078935709504
1450056078985713083
1450056079035715540
1450056079085704718
1450056079135713532
1450056079185721022
1450056079235695848
1450056079285718099
1450056079335718756
1450056079385714030
1450056079435720375
1450056079485718659
1450056079535716639
1450056079585717065
1450056079635767377
1450056079685736873
1450056079735723540
1450056079785758464
1450056079835733900
1450056079885731138
1450056079935737290
1450056079985724690
1450056080035689762
1450056080085715294
1450056080135751307
1450056080185706239
1450056080235675777
1450056080285696865
1450056080335725304
1450056080385708250
1450056080435704242
1450056080485718516
1450056080535706773
1450056080585698131
1450056080635725445
1450056080685713537
1450056080735722632
1450056080785708322
1450056080835718996
1450056080885713990
1450056080935718281
1450056080985710224
1450056081035702549
1450056081085704173
1450056081135802390
1450056081185707911
1450056081235713932
1450056081285706977
1450056081335697801
1450056081385721049
1450056081435731210
1450056081485731689
1450056081535731430
1450056081585716086
1450056081635735505
1450056081685704766
1450056081735726775
1450056081785732225
1450056081835718609
1450056081885743009
1450056081935718925
1450056081985723290
1450056082035703756
1450056082085702330
1450056082135771950
1450056082185711616
1450056082235718569
1450056082285717057
1450056082335715458
1450056082385715386
1450056082435737237
1450056082485725144
1450056082535731981
1450056082585716935
1450056082635719599
1450056082685722240
1450056082735721780
1450056082785767061
1450056082835754965
1450056082885709807
1450056082935698001
1450056082985713745
1450056083035708444
1450056083085699413
1450056083135716494
1450056083185706828
1450056083235699202
1450056083285748281
1450056083335733178
1450056083385742053
1450056083435718859
1450056083485718499
1450056083535703864
1450056083585705962
1450056083635723271
1450056083685727378
1450056083735728666
1450056083785713073
1450056083835705938
1450056083885725733
1450056083935716784
1450056083985718305
1450056084035718681
1450056084085714897
1450056084135702719
1450056084185719494
1450056084235718743
1450056084285731039
1450056084335721646
1450056084385704401
1450056084435724057
1450056084485729882
1450056084535714094
1450056084585732460
1450056084635729999
1450056084685715262
1450056084735673927
1450056084785724962
1450056084835712843
1450056084885715352
1450056084935715565
1450056084985703822
1450056085035696317
1450056085085705089
1450056085135718799
1450056085185700280
1450056085235714029
1450056085285698415
1450056085335719878
1450056085385732866
1450056085435766617
1450056085485719472
1450056085535720001
1450056085585748620
1450056085635721524
1450056085685734254
1450056085735712197
1450056085785845049
1450056085835728421
1450056085885763839
1450056085935718491
1450056085985702902
1450056086035727692
1450056086085709348
1450056086135711354
1450056086185709839
1450056086235732718
1450056086285717561
1450056086335719865
1450056086385732866
1450056086435716724
1450056086485705008
1450056086535713576
1450056086585730579
1450056086635721240
1450056086685741935
1450056086735712800
1450056086785714034
1450056086835767937
1450056086885738975
1450056086935714436
1450056086985709185
1450056087035709340
1450056087085706037
1450056087135771154
1450056087185722731
1450056087235721429
1450056087285721026
1450056087335715896
1450056087385736110
1450056087435741139
1450056087485711201
1450056087535715130
1450056087585707067
1450056087635731162
1450056087685739573
1450056087735705221
1450056087785830455
1450056087835712479
1450056087885742468
1450056087935674101
1450056087985724296
1450056088035714609
1450056088085710955
1450056088135731580
1450056088185754092
1450056088235725051
1450056088285706451
1450056088335713090
1450056088385730795
1450056088435717048
1450056088485705005
1450056088535722410
1450056088585736714
1450056088635716860
1450056088685716597
1450056088735721216
1450056088785733565
1450056088835764440
1450056088885709525
1450056088935702735
1450056088985724079
1450056089035728864
1450056089085720804
1450056089135758481
1450056089185707422
1450056089235709543
1450056089285733348
1450056089335737839
1450056089385723961
1450056089435721742
1450056089485723357
1450056089535730856
1450056089585731077
1450056089635733812
1450056089685734074
1450056089735717260
1450056089785715026
1450056089835731923
1450056089885714997
1450056089935767763
1450056089985717908
1450056090035741045
1450056090085720817
1450056090135721484
1450056090185725066
1450056090235725352
1450056090285715347
1450056090335758105
1450056090385722145
1450056090435771979
1450056090485720484
1450056090535738259
1450056090585721382
1450056090635732292
1450056090685724021
1450056090735723939
1450056090785718264
1450056090835719474
1450056090885750175
1450056090935730893
1450056090985726999
1450056091035735229
1450056091085771897
1450056091135725366
1450056091185773954
1450056091235761734
1450056091285722978
1450056091335720343
1450056091385770375
1450056091435724519
1450056091485718075
1450056091535721224
1450056091585733199
1450056091635758417
1450056091685730138
1450056091735744923
1450056091785722711
1450056091835732217
1450056091885734266
1450056091935783329
1450056091985736547
1450056092035734758
1450056092085716464
1450056092135734961
1450056092185733693
1450056092235721714
1450056092285710408
1450056092335710931
1450056092385695645
1450056092435772875
1450056092485723668
1450056092535712364
1450056092585714624
1450056092635705258
1450056092685701541
1450056092735696373
1450056092785705493
1450056092835703351
1450056092885698288
1450056092935726927
1450056092985720471
1450056093035719697
1450056093085732481
1450056093135711693
1450056093185717870
1450056093235728766
1450056093285770736
1450056093335736490
1450056093385721865
1450056093435732316
1450056093485721433
1450056093535696605
1450056093585728679
1450056093635732569
1450056093685720860
1450056093735723899
1450056093785728200
1450056093835716281
1450056093885710018
1450056093935728504
1450056093985711148
1450056094035715481
1450056094085710595
1450056094135738690
1450056094185755048
1450056094235723884
1450056094285700647
1450056094335724686
1450056094385718885
1450056094435732453
1450056094485717287
1450056094535743558
1450056094585706023
1450056094635712634
1450056094685730222
1450056094735717087
1450056094785715220
1450056094835734345
1450056094885711439
1450056094935731887
1450056094985742070
1450056095035761732
1450056095085724964
1450056095135727207
1450056095185778024
1450056095235716131
1450056095285720793
1450056095335721439
1450056095385720769
1450056095435720767
1450056095485718490
1450056095535714362
1450056095585716431
1450056095635723595
1450056095685717867
1450056095735716008
1450056095785768989
1450056095835734218
1450056095885724143
1450056095935722898
1450056095985719245
1450056096035716276
1450056096085716835
1450056096135717061
1450056096185772140
1450056096235729030
1450056096285720442
1450056096335721088
1450056096385720138
1450056096435717383
1450056096485726941
1450056096535717195
1450056096585719735
1450056096635736391
1450056096685724726
1450056096735719649
1450056096785720098
1450056096835771402
1450056096885733996
1450056096935728795
1450056096985722843
1450056097035718708
1450056097085716167
1450056097135732663
1450056097185771669
1450056097235723809
1450056097285717880
1450056097335671414
1450056097385728049
1450056097435721783
1450056097485724958
1450056097535734698
1450056097585725569
1450056097635726422
1450056097685776099
1450056097735724771
1450056097785733375
1450056097835792862
1450056097885714966
1450056097935674686
RoundRobin.listen: EOFRoundRobin.listen: EOFRoundRobin.listen: EOFRoundRobin.listen: EOFRoundRobin.listen: EOF