1450054352585389720 1450054352585813424
1450054352635576331 1450054352635882515
1450054352685430131 1450054352685686709
1450054352735405059 1450054352735723437
1450054352785435844 1450054352785692372
1450054352835413771 1450054352836118815
1450054352885413649 1450054352885612268
1450054352935423924 1450054352935624652
1450054352985399520 1450054352985621206
1450054353035414776 1450054353035718611
1450054353085413868 1450054353085654113
1450054353135429859 1450054353135705601
1450054353185397427 1450054353185624184
1450054353235370678 1450054353235487412
1450054353285389542 1450054353285626923
1450054353335400194 1450054353335639256
1450054353385389291 1450054353385635405
1450054353435412692 1450054353435732209
1450054353485429287 1450054353485618368
1450054353535431918 1450054353535652511
1450054353585398049 1450054353585617460
1450054353635402190 1450054353635702718
1450054353685431177 1450054353685674228
1450054353735405874 1450054353735719806
1450054353785403998 1450054353785646548
1450054353835394518 1450054353835641100
1450054353885413225 1450054353885664159
1450054353935399662 1450054353935629627
1450054353985418282 1450054353985936216
1450054354035399832 1450054354035722908
1450054354085416154 1450054354085680900
1450054354135395251 1450054354135753667
1450054354185403701 1450054354185696766
1450054354235386267 1450054354235646835
1450054354285428200 1450054354285662834
1450054354335391301 1450054354335603063
1450054354385380741 1450054354385588569
1450054354435427933 1450054354435768682
1450054354485367150 1450054354485514467
1450054354535426162 1450054354535698546
1450054354585429367 1450054354585664881
1450054354635400426 1450054354635689242
1450054354685416029 1450054354685659444
1450054354735431860 1450054354735720090
1450054354785389899 1450054354785633201
1450054354835402416 1450054354835647491
1450054354885388051 1450054354885602277
1450054354935428601 1450054354935718331
1450054354985429922 1450054354985674787
1450054355035413466 1450054355035731069
1450054355085424225 1450054355085676216
1450054355135428994 1450054355135717461
1450054355185393472 1450054355185628655
1450054355235389601 1450054355235584277
1450054355285380846 1450054355285619450
1450054355335426367 1450054355335713454
1450054355385434821 1450054355385615484
1450054355435391233 1450054355435752294
1450054355485391555 1450054355485650068
1450054355535405478 1450054355535760850
1450054355585435882 1450054355585841424
1450054355635381824 1450054355635756902
1450054355685385507 1450054355685738270
1450054355735414855 1450054355735794990
1450054355785385515 1450054355785540411
1450054355835402824 1450054355835898818
1450054355885400757 1450054355885640108
1450054355935367849 1450054355935493674
1450054355985398611 1450054355985613047
1450054356035373788 1450054356035521306
1450054356085362338 1450054356085493414
1450054356135393270 1450054356135559642
1450054356185428174 1450054356185717703
1450054356235375725 1450054356235547938
1450054356285433231 1450054356285705625
1450054356335430202 1450054356335763568
1450054356385400343 1450054356385652404
1450054356435426717 1450054356435738170
1450054356485384957 1450054356485582301
1450054356535436238 1450054356535706791
1450054356585437626 1450054356585695731
1450054356635436070 1450054356635741439
1450054356685429216 1450054356685738468
1450054356735439882 1450054356735821680
1450054356785434110 1450054356785711843
1450054356835370689 1450054356835474010
1450054356885383254 1450054356885524099
1450054356935368665 1450054356935537831
1450054356985363392 1450054356985451381
1450054357035453698 1450054357035554709
1450054357085367189 1450054357085471761
1450054357135383653 1450054357135472530
1450054357185364766 1450054357185493031
1450054357235361337 1450054357235473090
1450054357285367265 1450054357285504732
1450054357335363336 1450054357335465846
1450054357385361255 1450054357385483331
1450054357435372312 1450054357435576082
1450054357485421771 1450054357485686691
1450054357535425323 1450054357535747610
1450054357585430406 1450054357585646368
1450054357635390641 1450054357635707088
1450054357685368376 1450054357685500844
1450054357735393246 1450054357735614417
1450054357785389768 1450054357785526327
1450054357835369986 1450054357835557394
1450054357885371783 1450054357885518058
1450054357935424886 1450054357935715351
1450054357985434920 1450054357985753245
1450054358035433492 1450054358035756133
1450054358085416682 1450054358085692554
1450054358135396871 1450054358135582115
1450054358185434989 1450054358185718011
1450054358235403593 1450054358235629374
1450054358285384865 1450054358285639472
1450054358335408804 1450054358335733112
1450054358385420066 1450054358385697655
1450054358435390894 1450054358435509369
1450054358485395905 1450054358485671914
1450054358535418027 1450054358535691791
1450054358585381582 1450054358585637329
1450054358635369715 1450054358635540198
1450054358685391140 1450054358685535547
1450054358735384683 1450054358735694277
1450054358785366829 1450054358785486910
1450054358835386112 1450054358835617858
1450054358885402504 1450054358885676453
1450054358935373727 1450054358935504069
1450054358985368660 1450054358985497686
1450054359035420093 1450054359035696745
1450054359085374337 1450054359085496314
1450054359135387908 1450054359135626991
1450054359185389854 1450054359185577449
1450054359235372541 1450054359235503735
1450054359285404243 1450054359285583803
1450054359335372737 1450054359335503873
1450054359385380957 1450054359385532876
1450054359435369255 1450054359435489199
1450054359485368156 1450054359485520772
1450054359535403684 1450054359535693852
1450054359585395591 1450054359585619822
1450054359635393384 1450054359635707141
1450054359685391875 1450054359685571305
1450054359735373436 1450054359735502123
1450054359785392582 1450054359785637332
1450054359835394983 1450054359835642427
1450054359885397416 1450054359885744272
1450054359935402526 1450054359935592891
1450054359985373834 1450054359985503347
1450054360035499209 1450054360035686404
1450054360085372457 1450054360085530279
1450054360135368818 1450054360135523007
1450054360185410791 1450054360185611779
1450054360235371478 1450054360235488951
1450054360285362715 1450054360285510896
1450054360335373734 1450054360335523359
1450054360385380113 1450054360385608108
1450054360435361099 1450054360435485064
1450054360485358575 1450054360485477837
1450054360535375658 1450054360535565284
1450054360585365513 1450054360585527434
1450054360635362012 1450054360635487286
1450054360685366543 1450054360685506746
1450054360735368039 1450054360735603880
1450054360785403016 1450054360785584267
1450054360835358082 1450054360835469790
1450054360885376636 1450054360885515779
1450054360935380037 1450054360935504105
1450054360985386431 1450054360985572213
1450054361035361534 1450054361035477277
1450054361085361747 1450054361085495147
1450054361135414892 1450054361135673917
1450054361185428605 1450054361185706137
1450054361235397081 1450054361235560550
1450054361285434832 1450054361285775602
1450054361335450403 1450054361335717113
1450054361385410586 1450054361385650904
1450054361435390395 1450054361435618044
1450054361485366090 1450054361485547831
1450054361535372561 1450054361535545130
1450054361585363306 1450054361585454227
1450054361635367497 1450054361635514284
1450054361685389155 1450054361685638654
1450054361735370146 1450054361735460696
1450054361785429979 1450054361785551701
1450054361835376815 1450054361835504678
1450054361885387464 1450054361885619543
1450054361935386478 1450054361935589330
1450054361985370351 1450054361985524565
1450054362035389629 1450054362035625347
1450054362085382722 1450054362085564256
1450054362135386832 1450054362135605277
1450054362185392593 1450054362185617560
1450054362235365122 1450054362235490029
1450054362285381229 1450054362285671783
1450054362335368047 1450054362335482885
1450054362385384330 1450054362385689859
1450054362435390278 1450054362435751495
1450054362485365751 1450054362485462379
1450054362535380721 1450054362535606087
1450054362585367423 1450054362585486261
1450054362635384146 1450054362635716222
1450054362685392376 1450054362685638334
1450054362735380716 1450054362735495005
1450054362785358742 1450054362785452658
1450054362835368980 1450054362835552263
1450054362885368015 1450054362885510441
1450054362935366503 1450054362935531421
1450054362985398224 1450054362985556326
1450054363035391550 1450054363035557602
1450054363085385481 1450054363085590259
1450054363135713540 1450054363136194991
1450054363185372119 1450054363185487101
1450054363235364296 1450054363235521816
1450054363285365064 1450054363285507814
1450054363335364783 1450054363335451339
1450054363385389238 1450054363385548224
1450054363435375715 1450054363435614720
1450054363485367640 1450054363485481147
1450054363535383145 1450054363535574883
1450054363585370288 1450054363585506106
1450054363635362559 1450054363635458646
1450054363685359036 1450054363685461511
1450054363735373120 1450054363735510682
1450054363785421839 1450054363785686415
1450054363835387623 1450054363835713836
1450054363885367090 1450054363885568294
1450054363935377840 1450054363935589810
1450054363985392237 1450054363985638990
1450054364035392740 1450054364035580489
1450054364085534886 1450054364085639605
1450054364135441650 1450054364135538547
1450054364185362541 1450054364185455194
1450054364235368617 1450054364235495954
1450054364285374485 1450054364285593782
1450054364335377842 1450054364335544610
1450054364385365395 1450054364385483738
1450054364435375769 1450054364435587138
1450054364485380233 1450054364485574447
1450054364535523443 1450054364535727803
1450054364585376214 1450054364585602386
1450054364635431594 1450054364635712397
1450054364685380663 1450054364685571101
1450054364735374768 1450054364735489356
1450054364785362120 1450054364785568902
1450054364835385696 1450054364835488130
1450054364885369373 1450054364885582763
1450054364935368678 1450054364935487369
1450054364985380872 1450054364985596469
1450054365035378153 1450054365035563500
1450054365085363157 1450054365085459511
1450054365135372667 1450054365135557506
1450054365185377790 1450054365185567670
1450054365235366038 1450054365235466550
1450054365285369013 1450054365285598446
1450054365335392497 1450054365335596290
1450054365385388864 1450054365385615200
1450054365435377513 1450054365435555435
1450054365485390169 1450054365485602350
1450054365535377826 1450054365535543999
1450054365585392511 1450054365585629084
1450054365635392378 1450054365635590855
1450054365685328983 1450054365685540358
1450054365735547239 1450054365735725429
1450054365785374916 1450054365785590127
1450054365835362429 1450054365835485740
1450054365885384962 1450054365885629756
1450054365935374790 1450054365935539710
1450054365985373926 1450054365985554047
1450054366035376690 1450054366035550898
1450054366085379204 1450054366085667427
1450054366135390811 1450054366135549000
1450054366185390629 1450054366185651270
1450054366235424911 1450054366235716659
1450054366285390468 1450054366285616674
1450054366335373404 1450054366335529267
1450054366385373736 1450054366385575380
1450054366435391264 1450054366435567891
1450054366485375623 1450054366485632816
1450054366535401536 1450054366535617750
1450054366585373053 1450054366585584052
1450054366635387872 1450054366635548749
1450054366685379267 1450054366685579016
1450054366735388776 1450054366735599761
1450054366785392102 1450054366785546792
1450054366835437202 1450054366835644801
1450054366885423085 1450054366885667702
1450054366935379307 1450054366935653665
1450054366985398214 1450054366985641429
1450054367035374261 1450054367035555629
1450054367085382652 1450054367085647315
1450054367135379663 1450054367135565274
1450054367185377392 1450054367185549937
1450054367235427173 1450054367235734059
1450054367285382293 1450054367285629550
1450054367335414380 1450054367335597682
1450054367385379820 1450054367385541219
1450054367435379728 1450054367435572976
1450054367485375824 1450054367485535479
1450054367535373800 1450054367535568251
1450054367585376244 1450054367585566716
1450054367635388620 1450054367635602835
1450054367685379417 1450054367685608456
1450054367735371424 1450054367735609777
1450054367785372280 1450054367785581601
1450054367835371112 1450054367835541238
1450054367885378440 1450054367885581634
1450054367935379704 1450054367935628198
1450054367985375099 1450054367985554786
1450054368035389302 1450054368035562304
1450054368085375967 1450054368085567370
1450054368135375981 1450054368135604463
1450054368185381004 1450054368185602085
1450054368235375700 1450054368235553774
1450054368285380034 1450054368285582012
1450054368335521510 1450054368335741037
1450054368385392388 1450054368385569396
1450054368435441207 1450054368435768840
1450054368485396440 1450054368486196838
1450054368535385244 1450054368535502832
1450054368585427607 1450054368585690386
1450054368635379479 1450054368635552495
1450054368685381953 1450054368685557000
1450054368735374050 1450054368735547142
1450054368785385844 1450054368785596037
1450054368835380898 1450054368835613101
1450054368885396548 1450054368885620085
1450054368935373858 1450054368935537282
1450054368985364551 1450054368985483000
1450054369035432905 1450054369035740365
1450054369085395862 1450054369085589973
1450054369135371652 1450054369135607105
1450054369185388681 1450054369185589423
1450054369235388983 1450054369235582739
1450054369285383563 1450054369285588290
1450054369335430290 1450054369335721480
1450054369385394320 1450054369385615728
1450054369435393402 1450054369435559270
1450054369485379836 1450054369485539678
1450054369535428728 1450054369535688394
1450054369585385512 1450054369585577386
1450054369635393147 1450054369635524794
1450054369685369886 1450054369685592844
1450054369735372657 1450054369735547256
1450054369785372778 1450054369785573499
1450054369835427965 1450054369835690780
1450054369885399521 1450054369885588687
1450054369935373263 1450054369935604918
1450054369985372984 1450054369985542084
1450054370035386432 1450054370035536900
1450054370085374630 1450054370085531062
1450054370135375504 1450054370135563537
1450054370185414042 1450054370185619037
1450054370235389986 1450054370235599698
1450054370285376106 1450054370285565522
1450054370335374076 1450054370335546259
1450054370385370940 1450054370385528243
1450054370435374152 1450054370435572826
1450054370485381390 1450054370485588910
1450054370535392810 1450054370535590632
1450054370585389838 1450054370585551204
1450054370635376179 1450054370635540752
1450054370685380025 1450054370685592373
1450054370735399594 1450054370735588543
1450054370785363214 1450054370785462672
1450054370835383911 1450054370835560432
1450054370885379854 1450054370885604767
1450054370935385491 1450054370935625385
1450054370985401956 1450054370985671928
1450054371035431916 1450054371035744554
1450054371085378613 1450054371085579909
1450054371135387818 1450054371135594076
1450054371185391434 1450054371185629036
1450054371235375800 1450054371235550316
1450054371285377449 1450054371285594437
1450054371335377510 1450054371335551902
1450054371385389095 1450054371385560750
1450054371435383917 1450054371435538491
1450054371485371474 1450054371485532790
1450054371535384555 1450054371535585571
1450054371585378482 1450054371585544552
1450054371635387915 1450054371635539850
1450054371685387729 1450054371685558998
1450054371735389070 1450054371735558285
1450054371785379230 1450054371785563457
1450054371835390029 1450054371835548458
1450054371885375073 1450054371885571501
1450054371935373631 1450054371935534198
1450054371985375630 1450054371985610192
1450054372035376259 1450054372035580442
1450054372085376521 1450054372085596447
1450054372135395539 1450054372135595389
1450054372185394638 1450054372185568259
1450054372235427194 1450054372235770345
1450054372285383569 1450054372285570138
1450054372335377925 1450054372335547869
1450054372385391363 1450054372385553100
1450054372435372625 1450054372435553920
1450054372485379970 1450054372485590536
1450054372535386837 1450054372535555663
1450054372585430774 1450054372585717037
1450054372635376914 1450054372635553230
1450054372685389945 1450054372685564370
1450054372735389926 1450054372735683498
1450054372785390742 1450054372785574646
1450054372835398070 1450054372835648275
1450054372885393688 1450054372885574869
1450054372935391227 1450054372935609260
1450054372985389612 1450054372985563750
1450054373035386078 1450054373035554894
1450054373085373919 1450054373085554208
1450054373135372951 1450054373135551399
1450054373185376173 1450054373185550973
1450054373235431370 1450054373235751200
1450054373285377903 1450054373285574886
1450054373335374941 1450054373335543139
1450054373385373172 1450054373385589813
1450054373435388120 1450054373435569655
1450054373485377671 1450054373485556353
1450054373535373470 1450054373535581592
1450054373585389491 1450054373585568206
1450054373635376182 1450054373635560667
1450054373685373053 1450054373685537225
1450054373735372590 1450054373735553914
1450054373785376103 1450054373785552085
1450054373835375776 1450054373835707141
1450054373885378678 1450054373885528025
1450054373935391973 1450054373935622555
1450054373985374892 1450054373985567849
1450054374035385661 1450054374035629250
1450054374085377921 1450054374085586721
1450054374135375207 1450054374135554941
1450054374185374907 1450054374185620878
1450054374235375961 1450054374235623535
1450054374285376848 1450054374285598891
1450054374335364640 1450054374335470494
1450054374385356978 1450054374385484077
1450054374435367158 1450054374435484228
1450054374485384673 1450054374485606684
1450054374535385731 1450054374535566778
1450054374585364493 1450054374585491125
1450054374635370035 1450054374635470220
1450054374685371499 1450054374685580456
1450054374735382865 1450054374735574169
1450054374785386917 1450054374785637224
1450054374835489628 1450054374835631647
1450054374885381013 1450054374885541704
1450054374935365195 1450054374935481870
1450054374985372929 1450054374985485361
1450054375035357046 1450054375035487110
1450054375085366718 1450054375085480940
1450054375135374674 1450054375135464317
1450054375185370840 1450054375185536089
1450054375235371605 1450054375235571413
1450054375285368217 1450054375285461640
1450054375335367544 1450054375335466975
1450054375385358202 1450054375385503859
1450054375435368952 1450054375435476690
1450054375485378921 1450054375485581774
1450054375535395891 1450054375535585146
1450054375585383598 1450054375585558370
1450054375635369352 1450054375635515139
1450054375685370698 1450054375685578659
1450054375735364324 1450054375735460665
1450054375785381184 1450054375785566522
1450054375835391450 1450054375835568869
1450054375885376830 1450054375885552445
1450054375935390432 1450054375935593830
1450054375985390367 1450054375985569112
1450054376035390412 1450054376035553652
1450054376085381346 1450054376085587894
1450054376135390274 1450054376135572133
1450054376185369994 1450054376185473915
1450054376235366967 1450054376235602722
1450054376285375137 1450054376285576119
1450054376335388936 1450054376335591592
1450054376385376760 1450054376385586947
1450054376435381419 1450054376435579812
1450054376485387384 1450054376485575864
1450054376535374566 1450054376535533215
1450054376585375212 1450054376585544967
1450054376635387003 1450054376635601483
1450054376685375522 1450054376685541662
1450054376735373141 1450054376735543501
1450054376785372461 1450054376785587649
1450054376835378259 1450054376835607385
1450054376885376135 1450054376885609060
1450054376935393777 1450054376935591375
1450054376985382793 1450054376985612514
1450054377035392707 1450054377035571182
1450054377085372837 1450054377085478346
1450054377135356001 1450054377135460778
1450054377185361162 1450054377185477355
1450054377235356750 1450054377235446094
1450054377285365744 1450054377285505441
1450054377335371565 1450054377335482804
1450054377385386960 1450054377385487306
1450054377435363171 1450054377435453845
1450054377485431353 1450054377485588019
1450054377535374368 1450054377535508986
1450054377585374868 1450054377585640560
1450054377635363019 1450054377635470645
1450054377685368670 1450054377685495780
1450054377735359760 1450054377735452062
1450054377785394598 1450054377785601226
1450054377835385842 1450054377835510203
1450054377885359700 1450054377885465358
1450054377935385270 1450054377935601451
1450054377985380558 1450054377985630652
1450054378035420400 1450054378035746215
1450054378085379235 1450054378085587814
1450054378135383559 1450054378135619868
1450054378185361977 1450054378185463921
1450054378235383012 1450054378235880391
1450054378285369780 1450054378285489800
1450054378335363546 1450054378335486516
1450054378385355435 1450054378385444559
1450054378435377438 1450054378435574099
1450054378485376696 1450054378485572296
1450054378535368128 1450054378535465095
1450054378585480578 1450054378585732960
1450054378635391728 1450054378635583866
1450054378685378512 1450054378685560856
1450054378735381239 1450054378735557491
1450054378785388979 1450054378785651414
1450054378835389498 1450054378835725610
1450054378885368312 1450054378885479207
1450054378935358091 1450054378935463493
1450054378985356624 1450054378985444564
1450054379035373897 1450054379035515601
1450054379085359521 1450054379085446439
1450054379135358807 1450054379135509166
1450054379185373972 1450054379185552998
1450054379235404509 1450054379235747216
1450054379285383099 1450054379285548290
1450054379335520324 1450054379335733501
1450054379385380058 1450054379385603451
1450054379435382254 1450054379435549470
1450054379485367624 1450054379485496712
1450054379535372117 1450054379535547648
1450054379585387951 1450054379585575182
1450054379635374632 1450054379635539850
1450054379685375836 1450054379685567424
1450054379735390711 1450054379735587671
1450054379785370664 1450054379785543399
1450054379835378560 1450054379835555785
1450054379885365835 1450054379885516597
1450054379935367367 1450054379935535829
1450054379985389642 1450054379985639422
1450054380035378198 1450054380035594885
1450054380085378309 1450054380085547670
1450054380135375006 1450054380135580290
1450054380185377393 1450054380185591706
1450054380235412988 1450054380235704025
1450054380285378836 1450054380285565312
1450054380335362736 1450054380335452829
1450054380385379323 1450054380385586512
1450054380435385431 1450054380435725632
1450054380485375477 1450054380485588720
1450054380535376972 1450054380535559412
1450054380585378657 1450054380585560602
1450054380635382237 1450054380635558574
1450054380685373661 1450054380685548611
1450054380735374411 1450054380735596842
1450054380785396452 1450054380785726120
1450054380835378122 1450054380835543136
1450054380885376019 1450054380885554891
1450054380935373047 1450054380935550809
1450054380985373218 1450054380985546925
1450054381035375502 1450054381035547488
1450054381085377845 1450054381085651372
1450054381135377312 1450054381135923149
1450054381185375729 1450054381185586521
1450054381235384227 1450054381235613493
1450054381285375826 1450054381285541087
1450054381335386932 1450054381335608681
1450054381385372935 1450054381385543138
1450054381435373879 1450054381435533616
1450054381485377488 1450054381485545262
1450054381535378692 1450054381535534509
1450054381585374517 1450054381585540557
1450054381635388069 1450054381635609528
1450054381685373641 1450054381685559533
1450054381735387360 1450054381735612107
1450054381785372926 1450054381785539550
1450054381835387323 1450054381835615707
1450054381885391828 1450054381885584257
1450054381935370118 1450054381935465168
1450054381985355490 1450054381985444190
1450054382035407865 1450054382035627155
1450054382085382425 1450054382085547346
1450054382135374549 1450054382135545921
1450054382185377447 1450054382185630163
1450054382235375814 1450054382235595208
1450054382285365300 1450054382285502170
1450054382335387199 1450054382335560292
1450054382385391678 1450054382385591263
1450054382435368922 1450054382435488899
1450054382485373760 1450054382485589916
