1450056890503222273 1450056890503395389
1450056890553098885 1450056890553258113
1450056890603080154 1450056890603263506
1450056890653084592 1450056890653287632
1450056890703090553 1450056890703296560
1450056890753084922 1450056890753302522
1450056890803082074 1450056890803241933
1450056890853066200 1450056890853146802
1450056890903057302 1450056890903134292
1450056890953084076 1450056890953176188
1450056891003061743 1450056891003158532
1450056891053077844 1450056891053242414
1450056891103073212 1450056891103264913
1450056891153061124 1450056891153135177
1450056891203075179 1450056891203230758
1450056891253090355 1450056891253252726
1450056891303086016 1450056891303315544
1450056891353095272 1450056891353265545
1450056891403096960 1450056891403374827
1450056891453094158 1450056891453275289
1450056891503106037 1450056891503360440
1450056891553079130 1450056891553294151
1450056891603075687 1450056891603249373
1450056891653062733 1450056891653137820
1450056891703089849 1450056891703309413
1450056891753079684 1450056891753289489
1450056891803075880 1450056891803231038
1450056891853079255 1450056891853241623
1450056891903073664 1450056891903251417
1450056891953089999 1450056891953239394
1450056892003077038 1450056892003275594
1450056892053081940 1450056892053359704
1450056892103079332 1450056892103218681
1450056892153088598 1450056892153291929
1450056892203077394 1450056892203223091
1450056892253131708 1450056892253422631
1450056892303089641 1450056892303346553
1450056892353098733 1450056892353253507
1450056892403090723 1450056892403275458
1450056892453082976 1450056892453259894
1450056892503078277 1450056892503250654
1450056892553080390 1450056892553248387
1450056892603081140 1450056892603257232
1450056892653080917 1450056892653228622
1450056892703089645 1450056892703240383
1450056892753075942 1450056892753251627
1450056892803082254 1450056892803265363
1450056892853088817 1450056892853515658
1450056892903089456 1450056892903247284
1450056892953076061 1450056892953232308
1450056893003090926 1450056893003254012
1450056893053091502 1450056893053281927
1450056893103077054 1450056893103230956
1450056893153089316 1450056893153247455
1450056893203090203 1450056893203235178
1450056893253089068 1450056893253277388
1450056893303123311 1450056893303299984
1450056893353078357 1450056893353229426
1450056893403074466 1450056893403252596
1450056893453075707 1450056893453227828
1450056893503077121 1450056893503263333
1450056893553100225 1450056893553334954
1450056893603078450 1450056893603227946
1450056893653073614 1450056893653278044
1450056893703075496 1450056893703222940
1450056893753074976 1450056893753222010
1450056893803087032 1450056893803264180
1450056893853075914 1450056893853221989
1450056893903078418 1450056893903236914
1450056893953084056 1450056893953243357
1450056894003129644 1450056894003391222
1450056894053088846 1450056894053316498
1450056894103078330 1450056894103254235
1450056894153091765 1450056894153273069
1450056894203089257 1450056894203244503
1450056894253136070 1450056894253380188
1450056894303090175 1450056894303259426
1450056894353076305 1450056894353229653
1450056894403078819 1450056894403230353
1450056894453101415 1450056894453273395
1450056894503082544 1450056894503249666
1450056894553076635 1450056894553225339
1450056894603078861 1450056894603247175
1450056894653074573 1450056894653223784
1450056894703076151 1450056894703237442
1450056894753075187 1450056894753259480
1450056894803092544 1450056894803264788
1450056894853094106 1450056894853266630
1450056894903098338 1450056894903248931
1450056894953104454 1450056894953353388
1450056895003092062 1450056895003248443
1450056895053078382 1450056895053234282
1450056895103084340 1450056895103259658
1450056895153081235 1450056895153245714
1450056895203075269 1450056895203218979
1450056895253079480 1450056895253240298
1450056895303077056 1450056895303250278
1450056895353095870 1450056895353336188
1450056895403084829 1450056895403279364
1450056895453076154 1450056895453270011
1450056895503093802 1450056895503286305
1450056895553077804 1450056895553250379
1450056895603115872 1450056895603322447
1450056895653081328 1450056895653256712
1450056895703091446 1450056895703269957
1450056895753093969 1450056895753262909
1450056895803128790 1450056895803330270
1450056895853079623 1450056895853232720
1450056895903089396 1450056895903309779
1450056895953079258 1450056895953237009
1450056896003093488 1450056896003276830
1450056896053074971 1450056896053243012
1450056896103073469 1450056896103228597
1450056896153088591 1450056896153254334
1450056896203077685 1450056896203231904
1450056896253088881 1450056896253270600
1450056896303074526 1450056896303211995
1450056896353082931 1450056896353238496
1450056896403079344 1450056896403269131
1450056896453077224 1450056896453253757
1450056896503128705 1450056896503360049
1450056896553080814 1450056896553261975
1450056896603074535 1450056896603248579
1450056896653089884 1450056896653243733
1450056896703074243 1450056896703221912
1450056896753099836 1450056896753296459
1450056896803114872 1450056896803298139
1450056896853085667 1450056896853253267
1450056896903105490 1450056896903345971
1450056896953078777 1450056896953275009
1450056897003094163 1450056897003307009
1450056897053119399 1450056897053297706
1450056897103095704 1450056897103275255
1450056897153088091 1450056897153290446
1450056897203129235 1450056897203381497
1450056897253095102 1450056897253271241
1450056897303089130 1450056897303264715
1450056897353095786 1450056897353306935
1450056897403103191 1450056897403317306
1450056897453096968 1450056897453266115
1450056897503078418 1450056897503326697
1450056897553089922 1450056897553291011
1450056897603081614 1450056897603248923
1450056897653080092 1450056897653245387
1450056897703090036 1450056897703257556
1450056897753113761 1450056897753352105
1450056897803141920 1450056897803389769
1450056897853080168 1450056897853267880
1450056897903084232 1450056897903296459
1450056897953082613 1450056897953222176
1450056898003090722 1450056898003369735
1450056898053129451 1450056898053376939
1450056898103080201 1450056898103240895
1450056898153093930 1450056898153256696
1450056898203130200 1450056898203378684
1450056898253082216 1450056898253234739
1450056898303092324 1450056898303296751
1450056898353116527 1450056898353398596
1450056898403090840 1450056898403210114
1450056898453083488 1450056898453252338
1450056898503077853 1450056898503261002
1450056898553078897 1450056898553259222
1450056898603079436 1450056898603283375
1450056898653080289 1450056898653228833
1450056898703082840 1450056898703311809
1450056898753095276 1450056898753299435
1450056898803094526 1450056898803263652
1450056898853120185 1450056898853277331
1450056898903079327 1450056898903240606
1450056898953089395 1450056898953236074
1450056899003089212 1450056899003245851
1450056899053086254 1450056899053329034
1450056899103075744 1450056899103258221
1450056899153105215 1450056899153260111
1450056899203088065 1450056899203294314
1450056899253095643 1450056899253257530
1450056899303135635 1450056899303325272
1450056899353086746 1450056899353233572
1450056899403078148 1450056899403257391
1450056899453078276 1450056899453321223
1450056899503132106 1450056899503365806
1450056899553079418 1450056899553230845
1450056899603075935 1450056899603233930
1450056899653065988 1450056899653144344
1450056899703129051 1450056899703375557
1450056899753120961 1450056899753306418
1450056899803089190 1450056899803297930
1450056899853081107 1450056899853227762
1450056899903077503 1450056899903213304
1450056899953078092 1450056899953231451
1450056900003088193 1450056900003316353
1450056900053082211 1450056900053220558
1450056900103067506 1450056900103187945
1450056900153073721 1450056900153255019
1450056900203129766 1450056900203373073
1450056900253077900 1450056900253279343
1450056900303077544 1450056900303290323
1450056900353077832 1450056900353228962
1450056900403082788 1450056900403268890
1450056900453091456 1450056900453311806
1450056900503086803 1450056900503310003
1450056900553117361 1450056900553347780
1450056900603131033 1450056900603397126
1450056900653087496 1450056900653242858
1450056900703094503 1450056900703471077
1450056900753076727 1450056900753219060
1450056900803091713 1450056900803258664
1450056900853077385 1450056900853243251
1450056900903082892 1450056900903239594
1450056900953095148 1450056900953254803
1450056901003089456 1450056901003256745
1450056901053082442 1450056901053274276
1450056901103096000 1450056901103286158
1450056901153082581 1450056901153259258
1450056901203094259 1450056901203281333
1450056901253078100 1450056901253304484
1450056901303093861 1450056901303250558
1450056901353085166 1450056901353273666
1450056901403091836 1450056901403261801
1450056901453078684 1450056901453224882
1450056901503086369 1450056901503222403
1450056901553099771 1450056901553318597
1450056901603101072 1450056901603336551
1450056901653078492 1450056901653244812
1450056901703193634 1450056901703369807
1450056901753094431 1450056901753318231
1450056901803090981 1450056901803306771
1450056901853081347 1450056901853254799
1450056901903083550 1450056901903231689
1450056901953092899 1450056901953312531
1450056902003081234 1450056902003251684
1450056902053093143 1450056902053283521
1450056902103084254 1450056902103225117
1450056902153087793 1450056902153270808
1450056902203083044 1450056902203254927
1450056902253095380 1450056902253286540
1450056902303132776 1450056902303362015
1450056902353084424 1450056902353274101
1450056902403080934 1450056902403254117
1450056902453092231 1450056902453280555
1450056902503082674 1450056902503218650
1450056902553079746 1450056902553288731
1450056902603068612 1450056902603288599
1450056902653075021 1450056902653156367
1450056902703070749 1450056902703223422
1450056902753079203 1450056902753222548
1450056902803098902 1450056902803291631
1450056902853090179 1450056902853216519
1450056902903088057 1450056902903261173
1450056902953092652 1450056902953227969
1450056903003077299 1450056903003220751
1450056903053090523 1450056903053269686
1450056903103089626 1450056903103270717
1450056903153092567 1450056903153259056
1450056903203095736 1450056903203293300
1450056903253093151 1450056903253303538
1450056903303090493 1450056903303257940
1450056903353078046 1450056903353265896
1450056903403085521 1450056903403270479
1450056903453133321 1450056903453368294
1450056903503077469 1450056903503207664
1450056903553082104 1450056903553237056
1450056903603069536 1450056903603157701
1450056903653065242 1450056903653161455
1450056903703087626 1450056903703193751
1450056903753063611 1450056903753181722
1450056903803065076 1450056903803157093
1450056903853078842 1450056903853227151
1450056903903065968 1450056903903148905
1450056903953062354 1450056903953373013
1450056904003073761 1450056904003220236
1450056904053070977 1450056904053202528
1450056904103074799 1450056904103207796
1450056904153067800 1450056904153198416
1450056904203069679 1450056904203188854
1450056904253065465 1450056904253155765
1450056904303057920 1450056904303138833
1450056904353068094 1450056904353176443
1450056904403060173 1450056904403144298
1450056904453065807 1450056904453177005
1450056904503079792 1450056904503261962
1450056904553049992 1450056904553238782
1450056904603092846 1450056904603299772
1450056904653080280 1450056904653246533
1450056904703087933 1450056904703238828
1450056904753064681 1450056904753146116
1450056904803065335 1450056904803213607
1450056904853081719 1450056904853169048
1450056904903064631 1450056904903169609
1450056904953075792 1450056904953218386
1450056905003086433 1450056905003267249
1450056905053087015 1450056905053242176
1450056905103097954 1450056905103280121
1450056905153093312 1450056905153315117
1450056905203096433 1450056905203274719
1450056905253075922 1450056905253352783
1450056905303082589 1450056905303243430
1450056905353077287 1450056905353173857
1450056905403081486 1450056905403257094
1450056905453075669 1450056905453188379
1450056905503088220 1450056905503258536
1450056905553081554 1450056905553294966
1450056905603090622 1450056905603279416
1450056905653084539 1450056905653246199
1450056905703076521 1450056905703260670
1450056905753088641 1450056905753236275
1450056905803079483 1450056905803211404
1450056905853074839 1450056905853204171
1450056905903071580 1450056905903191678
1450056905953062560 1450056905953146080
1450056906003086673 1450056906003253044
1450056906053090814 1450056906053174843
1450056906103069571 1450056906103179117
1450056906153078031 1450056906153242014
1450056906203091933 1450056906203217515
1450056906253082407 1450056906253634325
1450056906303067748 1450056906303145652
1450056906353070077 1450056906353192953
1450056906403081208 1450056906403195957
1450056906453087578 1450056906453228452
1450056906503072368 1450056906503210005
1450056906553098191 1450056906553236585
1450056906603072211 1450056906603219716
1450056906653077530 1450056906653267868
1450056906703073709 1450056906703211787
1450056906753070829 1450056906753404020
1450056906803093310 1450056906803316285
1450056906853073324 1450056906853178580
1450056906903075252 1450056906903243904
1450056906953077498 1450056906953230415
1450056907003071505 1450056907003218870
1450056907053077457 1450056907053308598
1450056907103086202 1450056907103239456
1450056907153084092 1450056907153256673
1450056907203079600 1450056907203251379
1450056907253107421 1450056907253298941
1450056907303082940 1450056907303247947
1450056907353095854 1450056907353297364
1450056907403082284 1450056907403267107
1450056907453101046 1450056907453289309
1450056907503084048 1450056907503387990
1450056907553094493 1450056907553309976
1450056907603079744 1450056907603278825
1450056907653077697 1450056907653247011
1450056907703091122 1450056907703260376
1450056907753092026 1450056907753212876
1450056907803077010 1450056907803229302
1450056907853093174 1450056907853257676
1450056907903068692 1450056907903163046
1450056907953060389 1450056907953136651
1450056908003080159 1450056908003251518
1450056908053074008 1450056908053156526
1450056908103077482 1450056908103233132
1450056908153079455 1450056908153219930
1450056908203074522 1450056908203155118
1450056908253149396 1450056908253306642
1450056908303093023 1450056908303327447
1450056908353098063 1450056908353181572
1450056908403074283 1450056908403262927
1450056908453067746 1450056908453167768
1450056908503068442 1450056908503176330
1450056908553086639 1450056908553271009
1450056908603089910 1450056908603295122
1450056908653069645 1450056908653177447
1450056908703115899 1450056908703417452
1450056908753092203 1450056908753353392
1450056908803070665 1450056908803150365
1450056908853066711 1450056908853168389
1450056908903072416 1450056908903220770
1450056908953064515 1450056908953175416
1450056909003070435 1450056909003172175
1450056909053067620 1450056909053190788
1450056909103091195 1450056909103225678
1450056909153067228 1450056909153146340
1450056909203057865 1450056909203149446
1450056909253082549 1450056909253188557
1450056909303066975 1450056909303161784
1450056909353088534 1450056909353252639
1450056909403066964 1450056909403169016
1450056909453084417 1450056909453340775
1450056909503076734 1450056909503260379
1450056909553067676 1450056909553188931
1450056909603065062 1450056909603182487
1450056909653069834 1450056909653188285
1450056909703084801 1450056909703266343
1450056909753081281 1450056909753230519
1450056909803081196 1450056909803234191
1450056909853074026 1450056909853234810
1450056909903077985 1450056909903306892
1450056909953077631 1450056909953343278
1450056910003111326 1450056910003282802
1450056910053093016 1450056910053285185
1450056910103124115 1450056910103336269
1450056910153093406 1450056910153263341
1450056910203122778 1450056910203337053
1450056910253096586 1450056910253385498
1450056910303067963 1450056910303162783
1450056910353071102 1450056910353160531
1450056910403114845 1450056910403347766
1450056910453104747 1450056910453323392
1450056910503087476 1450056910503316351
1450056910553088304 1450056910553258309
1450056910603089690 1450056910603251530
1450056910653090072 1450056910653258023
1450056910703073611 1450056910703184219
1450056910753070338 1450056910753185473
1450056910803095415 1450056910803270879
1450056910853070320 1450056910853163838
1450056910903079223 1450056910903185103
1450056910953062759 1450056910953157934
1450056911003075752 1450056911003181843
1450056911053097542 1450056911053318391
1450056911103101528 1450056911103324663
1450056911153127944 1450056911153338519
1450056911203127486 1450056911203350158
1450056911253112489 1450056911253333226
1450056911303120515 1450056911303400786
1450056911353093452 1450056911353298954
1450056911403125710 1450056911403361095
1450056911453069611 1450056911453196135
1450056911503070949 1450056911503168553
1450056911553063822 1450056911553143590
1450056911603132666 1450056911603224316
1450056911653064558 1450056911653200416
1450056911703088396 1450056911703296648
1450056911753066867 1450056911753195644
1450056911803064519 1450056911803156936
1450056911853084401 1450056911853262525
1450056911903070677 1450056911903192626
1450056911953070963 1450056911953181657
1450056912003071719 1450056912003164920
1450056912053076031 1450056912053254918
1450056912103066679 1450056912103148808
1450056912153061406 1450056912153169145
1450056912203071283 1450056912203151143
1450056912253085392 1450056912253202912
1450056912303058297 1450056912303150968
1450056912353059390 1450056912353177808
1450056912403068021 1450056912403210448
1450056912453061791 1450056912453173215
1450056912503059436 1450056912503188351
1450056912553066217 1450056912553158130
1450056912603071019 1450056912603233098
1450056912653047008 1450056912653221525
1450056912703113939 1450056912703301340
1450056912753066511 1450056912753159729
1450056912803403279 1450056912803515455
1450056912853066890 1450056912853166863
1450056912903061492 1450056912903147743
1450056912953067403 1450056912953180370
1450056913003078741 1450056913003286396
1450056913053139685 1450056913053316092
1450056913103085942 1450056913103202659
1450056913153085592 1450056913153269557
1450056913203075379 1450056913203219671
1450056913253070781 1450056913253171406
1450056913303060679 1450056913303132818
1450056913353057820 1450056913353160930
1450056913403072108 1450056913403257178
1450056913453064240 1450056913453128872
1450056913503140569 1450056913503280635
1450056913553091511 1450056913553332767
1450056913603067349 1450056913603196934
1450056913653079634 1450056913653222984
1450056913703070059 1450056913703175021
1450056913753061956 1450056913753151227
1450056913803091616 1450056913803198559
1450056913853065584 1450056913853143337
1450056913903060545 1450056913903175546
1450056913953064686 1450056913953172729
1450056914003074231 1450056914003203496
1450056914053089856 1450056914053215394
1450056914103112109 1450056914103219693
1450056914153065173 1450056914153158354
1450056914203063323 1450056914203148038
1450056914253062937 1450056914253152912
1450056914303085493 1450056914303243665
1450056914353085547 1450056914353249197
1450056914403078115 1450056914403243331
1450056914453077098 1450056914453282283
1450056914503068040 1450056914503150152
1450056914553090828 1450056914553296098
1450056914603079713 1450056914603220221
1450056914653107951 1450056914653221461
1450056914703066508 1450056914703181009
1450056914753062112 1450056914753151097
1450056914803075132 1450056914803271237
1450056914853080553 1450056914853271919
1450056914903075406 1450056914903222409
1450056914953094156 1450056914953258840
1450056915003127190 1450056915003281828
1450056915053077307 1450056915053250183
1450056915103075107 1450056915103223744
1450056915153088295 1450056915153295358
1450056915203086833 1450056915203290819
1450056915253091836 1450056915253269626
1450056915303062229 1450056915303134165
1450056915353093709 1450056915353367042
1450056915403075075 1450056915403275779
1450056915453077345 1450056915453216220
1450056915503132065 1450056915503413960
1450056915553077227 1450056915553209704
1450056915603069727 1450056915603183862
1450056915653061517 1450056915653280461
1450056915703073099 1450056915703379316
1450056915753069558 1450056915753187790
1450056915803085710 1450056915803306748
1450056915853120176 1450056915853313852
1450056915903080668 1450056915903231597
1450056915953123052 1450056915953315999
1450056916003120153 1450056916003328749
1450056916053082503 1450056916053212574
1450056916103102611 1450056916103225942
1450056916153073972 1450056916153243230
1450056916203067972 1450056916203181723
1450056916253079581 1450056916253282982
1450056916303081765 1450056916303185170
1450056916353060506 1450056916353133510
1450056916403068006 1450056916403208819
1450056916453097828 1450056916453289335
1450056916503091091 1450056916503241064
1450056916553091901 1450056916553251673
1450056916603102591 1450056916603233366
1450056916653090333 1450056916653351923
1450056916703085440 1450056916703236359
1450056916753079100 1450056916753304150
1450056916803084851 1450056916803321255
1450056916853100531 1450056916853287148
1450056916903094910 1450056916903304261
1450056916953093535 1450056916953282590
1450056917003066499 1450056917003178893
1450056917053065042 1450056917053189691
1450056917103079340 1450056917103279912
1450056917153090777 1450056917153320909
1450056917203069718 1450056917203153712
1450056917253060868 1450056917253134876
1450056917303073774 1450056917303321580
1450056917353075528 1450056917353329821
1450056917403066777 1450056917403151041
1450056917453084274 1450056917453346361
1450056917503088188 1450056917503321092
1450056917553068936 1450056917553192346
1450056917603072667 1450056917603201186
1450056917653059117 1450056917653167034
1450056917703069703 1450056917703286521
1450056917753068370 1450056917753173781
1450056917803058000 1450056917803149759
1450056917853110046 1450056917853259635
1450056917903086255 1450056917903229378
1450056917953078033 1450056917953317219
1450056918003088428 1450056918003444478
1450056918053082242 1450056918053263583
1450056918103080209 1450056918103270113
1450056918153120401 1450056918153361067
1450056918203080666 1450056918203252555
1450056918253095447 1450056918253304792
1450056918303071239 1450056918303193373
1450056918353068580 1450056918353160392
1450056918403093762 1450056918403212211
1450056918453074796 1450056918453249137
1450056918503080527 1450056918503277343
1450056918553090228 1450056918553283714
1450056918603083196 1450056918603302934
1450056918653093627 1450056918653247790
1450056918703075868 1450056918703328241
1450056918753069701 1450056918753156892
1450056918803086208 1450056918803317713
1450056918853125906 1450056918853306695
1450056918903081991 1450056918903233382
1450056918953091878 1450056918953331281
1450056919003069445 1450056919003148225
1450056919053057217 1450056919053127356
1450056919103086075 1450056919103287629
1450056919153078282 1450056919153250403
1450056919203078417 1450056919203232961
1450056919253097238 1450056919253303673
1450056919303114034 1450056919303361158
1450056919353088254 1450056919353208854
1450056919403094352 1450056919403410866
1450056919453081672 1450056919453233165
1450056919503087890 1450056919503331031
1450056919553122467 1450056919553286482
1450056919603096339 1450056919603226537
1450056919653073462 1450056919653224239
1450056919703090615 1450056919703230384
1450056919753115753 1450056919753269691
1450056919803079837 1450056919803333051
1450056919853092781 1450056919853271239
1450056919903105751 1450056919903379843
1450056919953083225 1450056919953225367
1450056920003073992 1450056920003199102
1450056920053092524 1450056920053204579
1450056920103087840 1450056920103278796
