1450056890503222273
1450056890553098885
1450056890603080154
1450056890653084592
1450056890703090553
1450056890753084922
1450056890803082074
1450056890853066200
1450056890903057302
1450056890953084076
1450056891003061743
1450056891053077844
1450056891103073212
1450056891153061124
1450056891203075179
1450056891253090355
1450056891303086016
1450056891353095272
1450056891403096960
1450056891453094158
1450056891503106037
1450056891553079130
1450056891603075687
1450056891653062733
1450056891703089849
1450056891753079684
1450056891803075880
1450056891853079255
1450056891903073664
1450056891953089999
1450056892003077038
1450056892053081940
1450056892103079332
1450056892153088598
1450056892203077394
1450056892253131708
1450056892303089641
1450056892353098733
1450056892403090723
1450056892453082976
1450056892503078277
1450056892553080390
1450056892603081140
1450056892653080917
1450056892703089645
1450056892753075942
1450056892803082254
1450056892853088817
1450056892903089456
1450056892953076061
1450056893003090926
1450056893053091502
1450056893103077054
1450056893153089316
1450056893203090203
1450056893253089068
1450056893303123311
1450056893353078357
1450056893403074466
1450056893453075707
1450056893503077121
1450056893553100225
1450056893603078450
1450056893653073614
1450056893703075496
1450056893753074976
1450056893803087032
1450056893853075914
1450056893903078418
1450056893953084056
1450056894003129644
1450056894053088846
1450056894103078330
1450056894153091765
1450056894203089257
1450056894253136070
1450056894303090175
1450056894353076305
1450056894403078819
1450056894453101415
1450056894503082544
1450056894553076635
1450056894603078861
1450056894653074573
1450056894703076151
1450056894753075187
1450056894803092544
1450056894853094106
1450056894903098338
1450056894953104454
1450056895003092062
1450056895053078382
1450056895103084340
1450056895153081235
1450056895203075269
1450056895253079480
1450056895303077056
1450056895353095870
1450056895403084829
1450056895453076154
1450056895503093802
1450056895553077804
1450056895603115872
1450056895653081328
1450056895703091446
1450056895753093969
1450056895803128790
1450056895853079623
1450056895903089396
1450056895953079258
1450056896003093488
1450056896053074971
1450056896103073469
1450056896153088591
1450056896203077685
1450056896253088881
1450056896303074526
1450056896353082931
1450056896403079344
1450056896453077224
1450056896503128705
1450056896553080814
1450056896603074535
1450056896653089884
1450056896703074243
1450056896753099836
1450056896803114872
1450056896853085667
1450056896903105490
1450056896953078777
1450056897003094163
1450056897053119399
1450056897103095704
1450056897153088091
1450056897203129235
1450056897253095102
1450056897303089130
1450056897353095786
1450056897403103191
1450056897453096968
1450056897503078418
1450056897553089922
1450056897603081614
1450056897653080092
1450056897703090036
1450056897753113761
1450056897803141920
1450056897853080168
1450056897903084232
1450056897953082613
1450056898003090722
1450056898053129451
1450056898103080201
1450056898153093930
1450056898203130200
1450056898253082216
1450056898303092324
1450056898353116527
1450056898403090840
1450056898453083488
1450056898503077853
1450056898553078897
1450056898603079436
1450056898653080289
1450056898703082840
1450056898753095276
1450056898803094526
1450056898853120185
1450056898903079327
1450056898953089395
1450056899003089212
1450056899053086254
1450056899103075744
1450056899153105215
1450056899203088065
1450056899253095643
1450056899303135635
1450056899353086746
1450056899403078148
1450056899453078276
1450056899503132106
1450056899553079418
1450056899603075935
1450056899653065988
1450056899703129051
1450056899753120961
1450056899803089190
1450056899853081107
1450056899903077503
1450056899953078092
1450056900003088193
1450056900053082211
1450056900103067506
1450056900153073721
1450056900203129766
1450056900253077900
1450056900303077544
1450056900353077832
1450056900403082788
1450056900453091456
1450056900503086803
1450056900553117361
1450056900603131033
1450056900653087496
1450056900703094503
1450056900753076727
1450056900803091713
1450056900853077385
1450056900903082892
1450056900953095148
1450056901003089456
1450056901053082442
1450056901103096000
1450056901153082581
1450056901203094259
1450056901253078100
1450056901303093861
1450056901353085166
1450056901403091836
1450056901453078684
1450056901503086369
1450056901553099771
1450056901603101072
1450056901653078492
1450056901703193634
1450056901753094431
1450056901803090981
1450056901853081347
1450056901903083550
1450056901953092899
1450056902003081234
1450056902053093143
1450056902103084254
1450056902153087793
1450056902203083044
1450056902253095380
1450056902303132776
1450056902353084424
1450056902403080934
1450056902453092231
1450056902503082674
1450056902553079746
1450056902603068612
1450056902653075021
1450056902703070749
1450056902753079203
1450056902803098902
1450056902853090179
1450056902903088057
1450056902953092652
1450056903003077299
1450056903053090523
1450056903103089626
1450056903153092567
1450056903203095736
1450056903253093151
1450056903303090493
1450056903353078046
1450056903403085521
1450056903453133321
1450056903503077469
1450056903553082104
1450056903603069536
1450056903653065242
1450056903703087626
1450056903753063611
1450056903803065076
1450056903853078842
1450056903903065968
1450056903953062354
1450056904003073761
1450056904053070977
1450056904103074799
1450056904153067800
1450056904203069679
1450056904253065465
1450056904303057920
1450056904353068094
1450056904403060173
1450056904453065807
1450056904503079792
1450056904553049992
1450056904603092846
1450056904653080280
1450056904703087933
1450056904753064681
1450056904803065335
1450056904853081719
1450056904903064631
1450056904953075792
1450056905003086433
1450056905053087015
1450056905103097954
1450056905153093312
1450056905203096433
1450056905253075922
1450056905303082589
1450056905353077287
1450056905403081486
1450056905453075669
1450056905503088220
1450056905553081554
1450056905603090622
1450056905653084539
1450056905703076521
1450056905753088641
1450056905803079483
1450056905853074839
1450056905903071580
1450056905953062560
1450056906003086673
1450056906053090814
1450056906103069571
1450056906153078031
1450056906203091933
1450056906253082407
1450056906303067748
1450056906353070077
1450056906403081208
1450056906453087578
1450056906503072368
1450056906553098191
1450056906603072211
1450056906653077530
1450056906703073709
1450056906753070829
1450056906803093310
1450056906853073324
1450056906903075252
1450056906953077498
1450056907003071505
1450056907053077457
1450056907103086202
1450056907153084092
1450056907203079600
1450056907253107421
1450056907303082940
1450056907353095854
1450056907403082284
1450056907453101046
1450056907503084048
1450056907553094493
1450056907603079744
1450056907653077697
1450056907703091122
1450056907753092026
1450056907803077010
1450056907853093174
1450056907903068692
1450056907953060389
1450056908003080159
1450056908053074008
1450056908103077482
1450056908153079455
1450056908203074522
1450056908253149396
1450056908303093023
1450056908353098063
1450056908403074283
1450056908453067746
1450056908503068442
1450056908553086639
1450056908603089910
1450056908653069645
1450056908703115899
1450056908753092203
1450056908803070665
1450056908853066711
1450056908903072416
1450056908953064515
1450056909003070435
1450056909053067620
1450056909103091195
1450056909153067228
1450056909203057865
1450056909253082549
1450056909303066975
1450056909353088534
1450056909403066964
1450056909453084417
1450056909503076734
1450056909553067676
1450056909603065062
1450056909653069834
1450056909703084801
1450056909753081281
1450056909803081196
1450056909853074026
1450056909903077985
1450056909953077631
1450056910003111326
1450056910053093016
1450056910103124115
1450056910153093406
1450056910203122778
1450056910253096586
1450056910303067963
1450056910353071102
1450056910403114845
1450056910453104747
1450056910503087476
1450056910553088304
1450056910603089690
1450056910653090072
1450056910703073611
1450056910753070338
1450056910803095415
1450056910853070320
1450056910903079223
1450056910953062759
1450056911003075752
1450056911053097542
1450056911103101528
1450056911153127944
1450056911203127486
1450056911253112489
1450056911303120515
1450056911353093452
1450056911403125710
1450056911453069611
1450056911503070949
1450056911553063822
1450056911603132666
1450056911653064558
1450056911703088396
1450056911753066867
1450056911803064519
1450056911853084401
1450056911903070677
1450056911953070963
1450056912003071719
1450056912053076031
1450056912103066679
1450056912153061406
1450056912203071283
1450056912253085392
1450056912303058297
1450056912353059390
1450056912403068021
1450056912453061791
1450056912503059436
1450056912553066217
1450056912603071019
1450056912653047008
1450056912703113939
1450056912753066511
1450056912803403279
1450056912853066890
1450056912903061492
1450056912953067403
1450056913003078741
1450056913053139685
1450056913103085942
1450056913153085592
1450056913203075379
1450056913253070781
1450056913303060679
1450056913353057820
1450056913403072108
1450056913453064240
1450056913503140569
1450056913553091511
1450056913603067349
1450056913653079634
1450056913703070059
1450056913753061956
1450056913803091616
1450056913853065584
1450056913903060545
1450056913953064686
1450056914003074231
1450056914053089856
1450056914103112109
1450056914153065173
1450056914203063323
1450056914253062937
1450056914303085493
1450056914353085547
1450056914403078115
1450056914453077098
1450056914503068040
1450056914553090828
1450056914603079713
1450056914653107951
1450056914703066508
1450056914753062112
1450056914803075132
1450056914853080553
1450056914903075406
1450056914953094156
1450056915003127190
1450056915053077307
1450056915103075107
1450056915153088295
1450056915203086833
1450056915253091836
1450056915303062229
1450056915353093709
1450056915403075075
1450056915453077345
1450056915503132065
1450056915553077227
1450056915603069727
1450056915653061517
1450056915703073099
1450056915753069558
1450056915803085710
1450056915853120176
1450056915903080668
1450056915953123052
1450056916003120153
1450056916053082503
1450056916103102611
1450056916153073972
1450056916203067972
1450056916253079581
1450056916303081765
1450056916353060506
1450056916403068006
1450056916453097828
1450056916503091091
1450056916553091901
1450056916603102591
1450056916653090333
1450056916703085440
1450056916753079100
1450056916803084851
1450056916853100531
1450056916903094910
1450056916953093535
1450056917003066499
1450056917053065042
1450056917103079340
1450056917153090777
1450056917203069718
1450056917253060868
1450056917303073774
1450056917353075528
1450056917403066777
1450056917453084274
1450056917503088188
1450056917553068936
1450056917603072667
1450056917653059117
1450056917703069703
1450056917753068370
1450056917803058000
1450056917853110046
1450056917903086255
1450056917953078033
1450056918003088428
1450056918053082242
1450056918103080209
1450056918153120401
1450056918203080666
1450056918253095447
1450056918303071239
1450056918353068580
1450056918403093762
1450056918453074796
1450056918503080527
1450056918553090228
1450056918603083196
1450056918653093627
1450056918703075868
1450056918753069701
1450056918803086208
1450056918853125906
1450056918903081991
1450056918953091878
1450056919003069445
1450056919053057217
1450056919103086075
1450056919153078282
1450056919203078417
1450056919253097238
1450056919303114034
1450056919353088254
1450056919403094352
1450056919453081672
1450056919503087890
1450056919553122467
1450056919603096339
1450056919653073462
1450056919703090615
1450056919753115753
1450056919803079837
1450056919853092781
1450056919903105751
1450056919953083225
1450056920003073992
1450056920053092524
1450056920103087840
1450056920153080564
1450056920203090802
1450056920253065272
1450056920303059123
1450056920353071382
1450056920403077668
1450056920453072497
