1450051825356664974 1450051825357116080
1450051825406798842 1450051825407055627
1450051825456642198 1450051825456890705
1450051825506605069 1450051825506851651
1450051825556638786 1450051825556892749
1450051825606656729 1450051825606992807
1450051825656657909 1450051825656945040
1450051825706651352 1450051825706954817
1450051825756657100 1450051825756956302
1450051825806656183 1450051825806912831
1450051825856655068 1450051825856908716
1450051825906613699 1450051825906890854
1450051825956660683 1450051825957211195
1450051826006641465 1450051826006940289
1450051826056659220 1450051826056958511
1450051826106640752 1450051826106891544
1450051826156640510 1450051826156897235
1450051826206654339 1450051826206959781
1450051826256660598 1450051826256917861
1450051826306647480 1450051826306952464
1450051826356625043 1450051826356877136
1450051826406631590 1450051826406941308
1450051826456661596 1450051826456891470
1450051826506607274 1450051826506799431
1450051826556602228 1450051826556781179
1450051826606642109 1450051826606889713
1450051826656639023 1450051826656837965
1450051826706597772 1450051826706723218
1450051826756609532 1450051826756876852
1450051826806656473 1450051826806915754
1450051826856598100 1450051826856721538
1450051826906616682 1450051826906991487
1450051826956657667 1450051826956855203
1450051827006656452 1450051827006895470
1450051827056660229 1450051827056904198
1450051827106623934 1450051827106831384
1450051827156660666 1450051827156917184
1450051827206657099 1450051827206886855
1450051827256622612 1450051827256766812
1450051827306643053 1450051827306884423
1450051827356643185 1450051827356886413
1450051827406597621 1450051827406699886
1450051827456588253 1450051827456714108
1450051827506620500 1450051827506750042
1450051827556614588 1450051827556810371
1450051827606598852 1450051827606734973
1450051827656622395 1450051827656822230
1450051827706628688 1450051827706832557
1450051827756630319 1450051827756819322
1450051827806650122 1450051827806855021
1450051827856652496 1450051827856838902
1450051827906591879 1450051827906730665
1450051827956630482 1450051827956910968
1450051828006659285 1450051828006898197
1450051828056626586 1450051828056877491
1450051828106658025 1450051828106939562
1450051828156633648 1450051828156873622
1450051828206627909 1450051828206863102
1450051828256647298 1450051828256891922
1450051828306631587 1450051828306921150
1450051828356644671 1450051828356907484
1450051828406628613 1450051828406898615
1450051828456636616 1450051828456878701
1450051828506656893 1450051828506907842
1450051828556659116 1450051828556913199
1450051828606633523 1450051828606874098
1450051828656618062 1450051828656916061
1450051828706612484 1450051828706856447
1450051828756599431 1450051828756723263
1450051828806646855 1450051828806881584
1450051828856619905 1450051828856967777
1450051828906654588 1450051828906874037
1450051828956610784 1450051828956778086
1450051829006608570 1450051829006926631
1450051829056603206 1450051829056873699
1450051829106595134 1450051829106721929
1450051829156597862 1450051829156723802
1450051829206621438 1450051829206844006
1450051829256614153 1450051829256793553
1450051829306590015 1450051829306715445
1450051829356613451 1450051829356885040
1450051829406595905 1450051829406717670
1450051829456622156 1450051829456813871
1450051829506612449 1450051829506830958
1450051829556619692 1450051829556724785
1450051829606612532 1450051829606708865
1450051829656615694 1450051829656832455
1450051829706621922 1450051829706845610
1450051829756595577 1450051829756730873
1450051829806660573 1450051829806912534
1450051829856645994 1450051829856890459
1450051829906657726 1450051829906903787
1450051829956608238 1450051829956831832
1450051830006661600 1450051830006895729
1450051830056653951 1450051830056911780
1450051830106654858 1450051830106879099
1450051830156660465 1450051830156885746
1450051830206659073 1450051830206887304
1450051830256662075 1450051830256886978
1450051830306656697 1450051830306881978
1450051830356630125 1450051830356870051
1450051830406600501 1450051830406719568
1450051830456661572 1450051830456910660
1450051830506657468 1450051830506919542
1450051830556653964 1450051830556884888
1450051830606619667 1450051830606808755
1450051830656594885 1450051830656709694
1450051830706596938 1450051830706701703
1450051830756589125 1450051830756713479
1450051830806594970 1450051830806664477
1450051830856591483 1450051830856693579
1450051830906636898 1450051830906858651
1450051830956616524 1450051830956805729
1450051831006617464 1450051831006793597
1450051831056601008 1450051831056743013
1450051831106596227 1450051831106745973
1450051831156616018 1450051831156841185
1450051831206624021 1450051831206879988
1450051831256664313 1450051831256860435
1450051831306620047 1450051831306791625
1450051831356598066 1450051831356689120
1450051831406607029 1450051831406790475
1450051831456592237 1450051831456715335
1450051831506589264 1450051831506717508
1450051831556596270 1450051831556720791
1450051831606597230 1450051831606727433
1450051831656597938 1450051831656706759
1450051831706589694 1450051831706692447
1450051831756589021 1450051831756712181
1450051831806587275 1450051831806711330
1450051831856592225 1450051831856672943
1450051831906591560 1450051831906681825
1450051831956588182 1450051831956671075
1450051832006591017 1450051832006694120
1450051832056614221 1450051832056770228
1450051832106605542 1450051832106715509
1450051832156617481 1450051832156825633
1450051832206596662 1450051832206681943
1450051832256589557 1450051832256699291
1450051832306613347 1450051832306725935
1450051832356594013 1450051832356695465
1450051832406615015 1450051832406724290
1450051832456605208 1450051832456726744
1450051832506654956 1450051832506961921
1450051832556626025 1450051832556846391
1450051832606618405 1450051832606805319
1450051832656604777 1450051832656764758
1450051832706574833 1450051832706737146
1450051832756646500 1450051832756873841
1450051832806641336 1450051832806905161
1450051832856626464 1450051832856904933
1450051832906638212 1450051832906885835
1450051832956618595 1450051832956911198
1450051833006638298 1450051833006866044
1450051833056618858 1450051833056787434
1450051833106653672 1450051833106893050
1450051833156655781 1450051833156888058
1450051833206655395 1450051833206924313
1450051833256624958 1450051833256866111
1450051833306635433 1450051833306886238
1450051833356620230 1450051833356828218
1450051833406642364 1450051833406888135
1450051833456601536 1450051833456728633
1450051833506609452 1450051833506779237
1450051833556626208 1450051833556839569
1450051833606598448 1450051833606730753
1450051833656593960 1450051833656701209
1450051833706594270 1450051833706709895
1450051833756594565 1450051833756706713
1450051833806594510 1450051833806733450
1450051833856597525 1450051833856727072
1450051833906595448 1450051833906765795
1450051833956606765 1450051833956844444
1450051834006602976 1450051834006753248
1450051834056594340 1450051834056693321
1450051834106626290 1450051834106862295
1450051834156601176 1450051834156737077
1450051834206647768 1450051834206892977
1450051834256601935 1450051834256717755
1450051834306591349 1450051834306704367
1450051834356595955 1450051834356722672
1450051834406595476 1450051834406711073
1450051834456597817 1450051834456738398
1450051834506611871 1450051834506772101
1450051834556600141 1450051834556771591
1450051834606614109 1450051834606814022
1450051834656660169 1450051834656875370
1450051834706596824 1450051834706683987
1450051834756624139 1450051834756812503
1450051834806629503 1450051834806825490
1450051834856655797 1450051834856847533
1450051834906653563 1450051834906842809
1450051834956601567 1450051834956721664
1450051835006645133 1450051835006833323
1450051835056658495 1450051835056843514
1450051835106641869 1450051835106826938
1450051835156642314 1450051835156835415
1450051835206607189 1450051835206768495
1450051835256600920 1450051835256694357
1450051835306606855 1450051835306839057
1450051835356597988 1450051835356700548
1450051835406602806 1450051835406729841
1450051835456607697 1450051835456777285
1450051835506826158 1450051835507002845
1450051835556601030 1450051835556683149
1450051835606589993 1450051835606705123
1450051835656604982 1450051835656773918
1450051835706601039 1450051835706719967
1450051835756600890 1450051835756761534
1450051835806636151 1450051835806860745
1450051835856654217 1450051835856878726
1450051835906638289 1450051835906871323
1450051835956643268 1450051835956875210
1450051836006657889 1450051836006902378
1450051836056603711 1450051836056740000
1450051836106602659 1450051836106798335
1450051836156594808 1450051836156708901
1450051836206609892 1450051836206763335
1450051836256614768 1450051836256801748
1450051836306594047 1450051836306703360
1450051836356636152 1450051836356877383
1450051836406633645 1450051836406872361
1450051836456620473 1450051836456772213
1450051836506624580 1450051836506850476
1450051836556647614 1450051836556836719
1450051836606619912 1450051836606828094
1450051836656613858 1450051836656787622
1450051836706593566 1450051836706714277
1450051836756597479 1450051836756705310
1450051836806598908 1450051836806718786
1450051836856644859 1450051836856868392
1450051836906633945 1450051836906858708
1450051836956619624 1450051836956804847
1450051837006615888 1450051837006792862
1450051837056595040 1450051837056707877
1450051837106648404 1450051837106872862
1450051837156635005 1450051837156852648
1450051837206641364 1450051837206866243
1450051837256639855 1450051837256866134
1450051837306618144 1450051837306841383
1450051837356604069 1450051837356723547
1450051837406592962 1450051837406685281
1450051837456595319 1450051837456741858
1450051837506612493 1450051837506729501
1450051837556613620 1450051837556740554
1450051837606623088 1450051837606735633
1450051837656587205 1450051837656667283
1450051837706621866 1450051837706786402
1450051837756644121 1450051837756887877
1450051837806624618 1450051837806826673
1450051837856627533 1450051837856786935
1450051837906618931 1450051837906799798
1450051837956650397 1450051837956801079
1450051838006641509 1450051838006792345
1450051838056623730 1450051838056800437
1450051838106637927 1450051838106879217
1450051838156632680 1450051838156788627
1450051838206620597 1450051838206802311
1450051838256660548 1450051838256820168
1450051838306657296 1450051838306814048
1450051838356622020 1450051838356797943
1450051838406661998 1450051838406863999
1450051838456605566 1450051838456730010
1450051838506596500 1450051838506704527
1450051838556594145 1450051838556699728
1450051838606596519 1450051838606689806
1450051838656654318 1450051838656869482
1450051838706658339 1450051838706858199
1450051838756596958 1450051838756690937
1450051838806613109 1450051838806797991
1450051838856624920 1450051838856815636
1450051838906605892 1450051838906785848
1450051838956649806 1450051838956862046
1450051839006623204 1450051839006874036
1450051839056659601 1450051839056947223
1450051839106639637 1450051839106887472
1450051839156657623 1450051839156980490
1450051839206652158 1450051839206881257
1450051839256662142 1450051839256883681
1450051839306638326 1450051839306857984
1450051839356637469 1450051839356875081
1450051839406632930 1450051839406854205
1450051839456619334 1450051839456802683
1450051839506615410 1450051839506834226
1450051839556653030 1450051839556898783
1450051839606642587 1450051839606866952
1450051839656653383 1450051839656878958
1450051839706623056 1450051839706840836
1450051839756640380 1450051839756867822
1450051839806655505 1450051839806912665
1450051839856626912 1450051839856876127
1450051839906628487 1450051839906861592
1450051839956656565 1450051839956874349
1450051840006635432 1450051840006855293
1450051840056634571 1450051840056854216
1450051840106627520 1450051840106840516
1450051840156627701 1450051840156822242
1450051840206624285 1450051840206839683
1450051840256642701 1450051840256872793
1450051840306638600 1450051840306857136
1450051840356652891 1450051840356877179
1450051840406651649 1450051840406888760
1450051840456617536 1450051840456779955
1450051840506663385 1450051840506923600
1450051840556630686 1450051840557094226
1450051840606656161 1450051840606876133
1450051840656659991 1450051840656901476
1450051840706656154 1450051840706914012
1450051840756597859 1450051840756716395
1450051840806597594 1450051840806714613
1450051840856598190 1450051840856681248
1450051840906590219 1450051840906694926
1450051840956624459 1450051840956800137
1450051841006626372 1450051841006781121
1450051841056607263 1450051841056751395
1450051841106656813 1450051841106837095
1450051841156594802 1450051841156751830
1450051841206611373 1450051841206788304
1450051841256620611 1450051841256810241
1450051841306595756 1450051841306687481
1450051841356585673 1450051841356661803
1450051841406601916 1450051841406759350
1450051841456590729 1450051841456680956
1450051841506593411 1450051841506695758
1450051841556589549 1450051841556681476
1450051841606589519 1450051841606710479
1450051841656602773 1450051841656738087
1450051841706595669 1450051841706693078
1450051841756588656 1450051841756769056
1450051841806585700 1450051841806678260
1450051841856587611 1450051841856694056
1450051841906597339 1450051841906683335
1450051841956586935 1450051841956690701
1450051842006605611 1450051842006705766
1450051842056592137 1450051842056690247
1450051842106587773 1450051842106666970
1450051842156590414 1450051842156680315
1450051842206584831 1450051842206708633
1450051842256639758 1450051842256862172
1450051842306580258 1450051842306707126
1450051842356590120 1450051842356718811
1450051842406611669 1450051842406833805
1450051842456591073 1450051842456688023
1450051842506604401 1450051842506809102
1450051842556591874 1450051842556701312
1450051842606612221 1450051842606723699
1450051842656585073 1450051842656665578
1450051842706614830 1450051842706896145
1450051842756609530 1450051842756735196
1450051842806617008 1450051842806707086
1450051842856593075 1450051842856747492
1450051842906589479 1450051842906696002
1450051842956611389 1450051842956771607
1450051843006601539 1450051843006716579
1450051843056595016 1450051843056666788
1450051843106588134 1450051843106661734
1450051843156594647 1450051843156747760
1450051843206588539 1450051843206664318
1450051843256589991 1450051843256709931
1450051843306596639 1450051843306707118
1450051843356594618 1450051843356678717
1450051843406586081 1450051843406648551
1450051843456585347 1450051843456673823
1450051843506638532 1450051843506863733
1450051843556592493 1450051843556672708
1450051843606637209 1450051843606947679
1450051843656594569 1450051843656692172
1450051843706598419 1450051843706682492
1450051843756589043 1450051843756679445
1450051843806626823 1450051843806793793
1450051843856604097 1450051843856751724
1450051843906612711 1450051843906789889
1450051843956644892 1450051843956879073
1450051844006649935 1450051844006854402
1450051844056605064 1450051844056761031
1450051844106617066 1450051844106842126
1450051844156656564 1450051844156852765
1450051844206620249 1450051844206774396
1450051844256603042 1450051844256748508
1450051844306608211 1450051844306776159
1450051844356632247 1450051844356823183
1450051844406596260 1450051844406672142
1450051844456612569 1450051844456759315
1450051844506650880 1450051844506877019
1450051844556621007 1450051844556777819
1450051844606603709 1450051844606761310
1450051844656654850 1450051844656887845
1450051844706617974 1450051844706762836
1450051844756605434 1450051844756755668
1450051844806603397 1450051844806731915
1450051844856650562 1450051844856855036
1450051844906655281 1450051844906866480
1450051844956621248 1450051844956775161
1450051845006604806 1450051845006774280
1450051845056617232 1450051845056776067
1450051845106620424 1450051845106772676
1450051845156606123 1450051845156833548
1450051845206605653 1450051845206819287
1450051845256608067 1450051845256745117
1450051845306603133 1450051845306781862
1450051845356608156 1450051845356787990
1450051845406606538 1450051845406762467
1450051845456600502 1450051845456672534
1450051845506597984 1450051845506764064
1450051845556589918 1450051845556678233
1450051845606582528 1450051845606645051
1450051845656581329 1450051845656649116
1450051845706605369 1450051845706745597
1450051845756618848 1450051845756715492
1450051845806585297 1450051845806659987
1450051845856609239 1450051845856757886
1450051845906617726 1450051845906784975
1450051845956620012 1450051845956765746
1450051846006653202 1450051846006889087
1450051846056618579 1450051846056713281
1450051846106612005 1450051846106759729
1450051846156620963 1450051846156815137
1450051846206620039 1450051846206808329
1450051846256654913 1450051846256879779
1450051846306624325 1450051846306781655
1450051846356624410 1450051846356791629
1450051846406608288 1450051846406851832
1450051846456603535 1450051846456904564
1450051846506649227 1450051846506952494
1450051846556607687 1450051846556759170
1450051846606617775 1450051846606802764
1450051846656618384 1450051846656788997
1450051846706615906 1450051846706807317
1450051846756619539 1450051846756829826
1450051846806622945 1450051846806835554
1450051846856606867 1450051846856791037
1450051846906653170 1450051846906886278
1450051846956620941 1450051846956868202
1450051847006618363 1450051847006805000
1450051847056618849 1450051847056770209
1450051847106618366 1450051847106849213
1450051847156640026 1450051847156895248
1450051847206622602 1450051847206800007
1450051847256603039 1450051847256758880
1450051847306619678 1450051847306794100
1450051847356591899 1450051847356662370
1450051847406586966 1450051847406666132
1450051847456650615 1450051847456846482
1450051847506621704 1450051847506771631
1450051847556604289 1450051847556765735
1450051847606606015 1450051847606764293
1450051847656658094 1450051847656874952
1450051847706656592 1450051847706950897
1450051847756612533 1450051847756806256
1450051847806592739 1450051847806674114
1450051847856609299 1450051847856795827
1450051847906587918 1450051847906653931
1450051847956584917 1450051847956682961
1450051848006592799 1450051848006699310
1450051848056590268 1450051848056673772
1450051848106599410 1450051848106785965
1450051848156604817 1450051848156773128
1450051848206627272 1450051848206856128
1450051848256605902 1450051848256769025
1450051848306616130 1450051848306791711
1450051848356599624 1450051848356771092
1450051848406607169 1450051848406767822
1450051848456597151 1450051848456791217
1450051848506603289 1450051848506885018
1450051848556607253 1450051848556738587
1450051848606615336 1450051848606838271
1450051848656623805 1450051848656838804
1450051848706653642 1450051848706900764
1450051848756600560 1450051848756783483
1450051848806616701 1450051848806832520
1450051848856656112 1450051848856882587
1450051848906617419 1450051848906804339
1450051848956603411 1450051848956748755
1450051849006614060 1450051849006759801
1450051849056661295 1450051849056872931
1450051849106613054 1450051849106745217
1450051849156605866 1450051849156804052
1450051849206604594 1450051849206785057
1450051849256660659 1450051849256883641
1450051849306657052 1450051849306884525
1450051849356618426 1450051849356807709
1450051849406655278 1450051849406906534
1450051849456620313 1450051849456797983
1450051849506616178 1450051849506806323
1450051849556640331 1450051849556918442
1450051849606616692 1450051849606820040
1450051849656624745 1450051849656840164
1450051849706607301 1450051849706744068
1450051849756588524 1450051849756727843
1450051849806609982 1450051849806751393
1450051849856623545 1450051849856810512
1450051849906602515 1450051849906798145
1450051849956593863 1450051849956734425
1450051850006609520 1450051850006874517
1450051850056604731 1450051850056723481
1450051850106653813 1450051850106890209
1450051850156609207 1450051850156779382
1450051850206601851 1450051850206742174
1450051850256600687 1450051850256797894
1450051850306605562 1450051850306765769
1450051850356588375 1450051850356674521
1450051850406594052 1450051850406719243
1450051850456637198 1450051850456869595
1450051850506594018 1450051850506711255
1450051850556651383 1450051850556879767
1450051850606602914 1450051850606757889
1450051850656595438 1450051850656681389
1450051850706620363 1450051850706757093
1450051850756608588 1450051850756819887
1450051850806620490 1450051850806808977
1450051850856654398 1450051850856879111
1450051850906618768 1450051850906856160
1450051850956599352 1450051850956744876
1450051851006604118 1450051851006799892
1450051851056589721 1450051851056665326
1450051851106632859 1450051851106884717
1450051851156606851 1450051851156827104
1450051851206598333 1450051851206715252
1450051851256597719 1450051851256730120
1450051851306599943 1450051851306802880
1450051851356610198 1450051851356744408
1450051851406655204 1450051851406932680
1450051851456611426 1450051851456778686
1450051851506617725 1450051851506774631
1450051851556603438 1450051851556770346
1450051851606642174 1450051851606805814
1450051851656621966 1450051851656787254
1450051851706653712 1450051851706922578
1450051851756619523 1450051851756773338
1450051851806651974 1450051851806883396
1450051851856614985 1450051851856751388
1450051851906617015 1450051851906775768
1450051851956609272 1450051851956751036
1450051852006603948 1450051852006759661
1450051852056622772 1450051852056858636
1450051852106630220 1450051852106854565
1450051852156608185 1450051852156770125
1450051852206614103 1450051852206786453
1450051852256612109 1450051852256781219
1450051852306663180 1450051852306882784
1450051852356617838 1450051852356872572
1450051852406619691 1450051852406779259
1450051852456611567 1450051852456783998
1450051852506625613 1450051852506832933
1450051852556645116 1450051852556797307
1450051852606622669 1450051852606854779
1450051852656621966 1450051852656760319
1450051852706616946 1450051852706823474
1450051852756603173 1450051852756780017
1450051852806616337 1450051852806744751
1450051852856603797 1450051852856750720
1450051852906615127 1450051852906787397
1450051852956605349 1450051852956744916
1450051853006602023 1450051853006783448
1450051853056601701 1450051853056778034
1450051853106620448 1450051853106840767
1450051853156606344 1450051853156755238
1450051853206654755 1450051853206876578
1450051853256603009 1450051853256779044
1450051853306641066 1450051853306831694
1450051853356592395 1450051853356740831
1450051853406635553 1450051853406819948
1450051853456619799 1450051853456866044
1450051853506653944 1450051853506906075
1450051853556596234 1450051853556666330
1450051853606599230 1450051853606785569
1450051853656617372 1450051853656831365
1450051853706638318 1450051853706879137
1450051853756605685 1450051853756792806
1450051853806616464 1450051853806844250
1450051853856650412 1450051853856902794
1450051853906616888 1450051853906822280
1450051853956617203 1450051853956781896
1450051854006606417 1450051854006799287
1450051854056618659 1450051854056825017
1450051854106654956 1450051854106883778
1450051854156606771 1450051854156748787
1450051854206615619 1450051854206780313
1450051854256617398 1450051854256810031
1450051854306601403 1450051854306803227
1450051854356616145 1450051854356780905
1450051854406616377 1450051854406779596
1450051854456600061 1450051854456752904
1450051854506618347 1450051854506876826
1450051854556612889 1450051854556805626
1450051854606617919 1450051854606757812
1450051854656614953 1450051854656794711
1450051854706608991 1450051854706745631
1450051854756603721 1450051854756748746
1450051854806614797 1450051854806851634
1450051854856620328 1450051854856843249
1450051854906629209 1450051854906861993
1450051854956609205 1450051854956749229
1450051855006605398 1450051855006813660
1450051855056639466 1450051855056888360
1450051855106604378 1450051855106789187
1450051855156615548 1450051855156993535
1450051855206639864 1450051855206893580
1450051855256612267 1450051855256802625
