1449991442881723 1449991442881821 1449991442882015 1449991442882063
1449991442931726 1449991442931821 1449991442931995 1449991442932081
1449991442981735 1449991442981826 1449991442982002 1449991442982101
1449991443031687 1449991443031768 1449991443031908 1449991443031945
1449991443081683 1449991443081717 1449991443081832 1449991443081865
1449991443131706 1449991443131838 1449991443132006 1449991443132108
1449991443181731 1449991443181826 1449991443182001 1449991443182121
1449991443231687 1449991443231720 1449991443231824 1449991443231892
1449991443281680 1449991443281745 1449991443281860 1449991443281985
1449991443331725 1449991443331819 1449991443332000 1449991443332098
1449991443381731 1449991443381827 1449991443381997 1449991443382112
1449991443431728 1449991443431823 1449991443432006 1449991443432113
1449991443481690 1449991443481787 1449991443481914 1449991443481979
1449991443531700 1449991443531797 1449991443531974 1449991443532038
1449991443581686 1449991443581763 1449991443581875 1449991443582029
1449991443631689 1449991443631774 1449991443631934 1449991443632025
1449991443681716 1449991443681811 1449991443681982 1449991443682079
1449991443731730 1449991443731811 1449991443731970 1449991443732093
1449991443781729 1449991443781824 1449991443781996 1449991443782093
1449991443831731 1449991443831850 1449991443832033 1449991443832116
1449991443881729 1449991443881824 1449991443882006 1449991443882082
1449991443931730 1449991443931825 1449991443932007 1449991443932080
1449991443981685 1449991443981756 1449991443981883 1449991443981975
1449991444031677 1449991444031750 1449991444031877 1449991444031927
1449991444081675 1449991444081747 1449991444081851 1449991444081919
1449991444131705 1449991444131800 1449991444131960 1449991444132064
1449991444181736 1449991444181865 1449991444182031 1449991444182169
1449991444231699 1449991444231788 1449991444231940 1449991444232021
1449991444281685 1449991444281756 1449991444281881 1449991444281963
1449991444331726 1449991444331822 1449991444332004 1449991444332104
1449991444381730 1449991444381826 1449991444381973 1449991444382117
1449991444431728 1449991444431824 1449991444432013 1449991444432138
1449991444481687 1449991444481759 1449991444481882 1449991444481954
1449991444531683 1449991444531768 1449991444531880 1449991444531944
1449991444581677 1449991444581739 1449991444581844 1449991444581944
1449991444631676 1449991444631743 1449991444631844 1449991444631935
1449991444681678 1449991444681742 1449991444681849 1449991444681932
1449991444731722 1449991444731817 1449991444731986 1449991444732087
1449991444781708 1449991444781803 1449991444781959 1449991444782098
1449991444831688 1449991444831767 1449991444831916 1449991444831999
1449991444881679 1449991444881774 1449991444881877 1449991444881948
1449991444931726 1449991444931815 1449991444931997 1449991444932099
1449991444981711 1449991444981774 1449991444981907 1449991444982010
1449991445031728 1449991445031824 1449991445032019 1449991445032119
1449991445081727 1449991445081824 1449991445082005 1449991445082108
1449991445131728 1449991445131823 1449991445131993 1449991445132083
1449991445181728 1449991445181822 1449991445181993 1449991445182105
1449991445231683 1449991445231777 1449991445231884 1449991445231955
1449991445281676 1449991445281769 1449991445281956 1449991445282087
1449991445331729 1449991445331823 1449991445331992 1449991445332078
1449991445381685 1449991445381760 1449991445381886 1449991445381977
1449991445431726 1449991445431813 1449991445431976 1449991445432045
1449991445481694 1449991445481772 1449991445481886 1449991445481957
1449991445531727 1449991445531819 1449991445532043 1449991445532124
1449991445581729 1449991445581861 1449991445582049 1449991445582192
1449991445631728 1449991445631825 1449991445631971 1449991445632055
1449991445681683 1449991445681770 1449991445681913 1449991445682007
1449991445731734 1449991445731825 1449991445731969 1449991445732092
1449991445781727 1449991445781817 1449991445781989 1449991445782114
1449991445831683 1449991445831768 1449991445831908 1449991445831995
1449991445881680 1449991445881750 1449991445881898 1449991445881982
1449991445931690 1449991445931811 1449991445931967 1449991445932086
1449991445981727 1449991445981823 1449991445981988 1449991445982122
1449991446031730 1449991446031827 1449991446031996 1449991446032105
1449991446081728 1449991446081824 1449991446081986 1449991446082086
1449991446131726 1449991446131820 1449991446131991 1449991446132115
1449991446181726 1449991446181822 1449991446182006 1449991446182142
1449991446231730 1449991446231825 1449991446232005 1449991446232104
1449991446281688 1449991446281789 1449991446281913 1449991446282010
1449991446331711 1449991446331807 1449991446331987 1449991446332099
1449991446381681 1449991446381758 1449991446381902 1449991446382003
1449991446431677 1449991446431745 1449991446431845 1449991446431923
1449991446481726 1449991446481823 1449991446482001 1449991446482145
1449991446531731 1449991446531827 1449991446531994 1449991446532108
1449991446581686 1449991446581762 1449991446581878 1449991446581987
1449991446631729 1449991446631857 1449991446632005 1449991446632111
1449991446681730 1449991446681823 1449991446682004 1449991446682122
1449991446731730 1449991446731825 1449991446731998 1449991446732110
1449991446781728 1449991446781821 1449991446781998 1449991446782137
1449991446831689 1449991446831771 1449991446831920 1449991446831999
1449991446881678 1449991446881744 1449991446881865 1449991446881950
1449991446931726 1449991446931821 1449991446932011 1449991446932128
1449991446981718 1449991446981835 1449991446981955 1449991446982074
1449991447031714 1449991447031812 1449991447031989 1449991447032089
1449991447081674 1449991447081755 1449991447081899 1449991447081999
1449991447131728 1449991447131827 1449991447132005 1449991447132125
1449991447181732 1449991447181832 1449991447181999 1449991447182160
1449991447231672 1449991447231747 1449991447231893 1449991447231986
1449991447281661 1449991447281732 1449991447281875 1449991447281977
1449991447331724 1449991447331849 1449991447332017 1449991447332127
1449991447381731 1449991447381830 1449991447382024 1449991447382151
1449991447431697 1449991447431789 1449991447431927 1449991447432021
1449991447481711 1449991447481804 1449991447481976 1449991447482137
1449991447531734 1449991447531833 1449991447531998 1449991447532099
1449991447581671 1449991447581746 1449991447581876 1449991447581974
1449991447631719 1449991447631818 1449991447631982 1449991447632101
1449991447681729 1449991447681852 1449991447682007 1449991447682136
1449991447731732 1449991447731830 1449991447732009 1449991447732119
1449991447781733 1449991447781831 1449991447782006 1449991447782145
1449991447831676 1449991447831762 1449991447831901 1449991447831998
1449991447881664 1449991447881733 1449991447881854 1449991447881942
1449991447931660 1449991447931728 1449991447931835 1449991447931925
1449991447981658 1449991447981725 1449991447981829 1449991447981931
1449991448031657 1449991448031741 1449991448031861 1449991448031953
1449991448081656 1449991448081722 1449991448081823 1449991448081906
1449991448131680 1449991448131778 1449991448131932 1449991448132050
1449991448181716 1449991448181813 1449991448181979 1449991448182107
1449991448231669 1449991448231712 1449991448231806 1449991448231909
1449991448281659 1449991448281724 1449991448281833 1449991448281900
1449991448331723 1449991448331820 1449991448331995 1449991448332116
1449991448381731 1449991448381868 1449991448382024 1449991448382168
1449991448431668 1449991448431717 1449991448431822 1449991448431906
1449991448481707 1449991448481799 1449991448481985 1449991448482104
1449991448531693 1449991448531776 1449991448531909 1449991448531998
1449991448581667 1449991448581714 1449991448581783 1449991448581837
1449991448631704 1449991448631783 1449991448631951 1449991448632064
1449991448681697 1449991448681794 1449991448681956 1449991448682070
1449991448731729 1449991448731849 1449991448732011 1449991448732122
1449991448781685 1449991448781776 1449991448781947 1449991448782085
1449991448831690 1449991448831768 1449991448831891 1449991448831968
1449991448881666 1449991448881726 1449991448881787 1449991448881834
1449991448931723 1449991448931818 1449991448931994 1449991448932112
1449991448981713 1449991448981807 1449991448981989 1449991448982130
1449991449031675 1449991449031761 1449991449031891 1449991449031997
1449991449081664 1449991449081749 1449991449081867 1449991449081957
1449991449131724 1449991449131818 1449991449132006 1449991449132113
1449991449181694 1449991449181786 1449991449181932 1449991449182067
1449991449231728 1449991449231824 1449991449231998 1449991449232106
1449991449281679 1449991449281757 1449991449281888 1449991449281989
1449991449331683 1449991449331776 1449991449331937 1449991449332058
1449991449381697 1449991449381792 1449991449381937 1449991449382072
1449991449431727 1449991449431850 1449991449432010 1449991449432133
1449991449481696 1449991449481776 1449991449481893 1449991449481964
1449991449531731 1449991449531828 1449991449532006 1449991449532114
1449991449581727 1449991449581886 1449991449582048 1449991449582205
1449991449631687 1449991449631761 1449991449631899 1449991449631984
1449991449681724 1449991449681819 1449991449681998 1449991449682099
1449991449731694 1449991449731785 1449991449731926 1449991449732035
1449991449781681 1449991449781749 1449991449781851 1449991449781950
1449991449831724 1449991449831818 1449991449831994 1449991449832114
1449991449881734 1449991449881828 1449991449882004 1449991449882120
1449991449931690 1449991449931781 1449991449931924 1449991449932015
1449991449981671 1449991449981737 1449991449981800 1449991449981853
1449991450031732 1449991450031829 1449991450032004 1449991450032156
1449991450081689 1449991450081763 1449991450081887 1449991450081963
1449991450131726 1449991450131841 1449991450131989 1449991450132107
1449991450181728 1449991450181822 1449991450181970 1449991450182165
1449991450231688 1449991450231736 1449991450231847 1449991450231923
1449991450281671 1449991450281712 1449991450281809 1449991450281882
1449991450331725 1449991450331799 1449991450331957 1449991450332075
1449991450381733 1449991450381804 1449991450381950 1449991450382092
1449991450431684 1449991450431736 1449991450431840 1449991450431889
1449991450481680 1449991450481748 1449991450481848 1449991450481901
1449991450531691 1449991450531763 1449991450531913 1449991450531992
1449991450581732 1449991450581809 1449991450581994 1449991450582150
1449991450631687 1449991450631736 1449991450631879 1449991450631985
1449991450681678 1449991450681719 1449991450681832 1449991450681873
1449991450731725 1449991450731795 1449991450731983 1449991450732109
1449991450781729 1449991450781802 1449991450781933 1449991450782033
1449991450831691 1449991450831767 1449991450831907 1449991450831983
1449991450881682 1449991450881723 1449991450881827 1449991450881906
1449991450931706 1449991450931779 1449991450931931 1449991450932003
1449991450981680 1449991450981768 1449991450981986 1449991450982137
1449991451031733 1449991451031827 1449991451032005 1449991451032102
1449991451081689 1449991451081767 1449991451081893 1449991451081963
1449991451131731 1449991451131825 1449991451132022 1449991451132130
1449991451181687 1449991451181796 1449991451181924 1449991451182034
1449991451231680 1449991451231746 1449991451231864 1449991451231947
1449991451281678 1449991451281744 1449991451281846 1449991451281945
1449991451331725 1449991451331821 1449991451331983 1449991451332093
1449991451381728 1449991451381823 1449991451381992 1449991451382119
1449991451431670 1449991451431740 1449991451431876 1449991451431947
1449991451481694 1449991451481787 1449991451481926 1449991451482043
1449991451531734 1449991451531854 1449991451532025 1449991451532131
1449991451581731 1449991451581826 1449991451582005 1449991451582160
1449991451631669 1449991451631742 1449991451631862 1449991451631931
1449991451681659 1449991451681723 1449991451681837 1449991451681925
1449991451731675 1449991451731742 1449991451731854 1449991451731920
1449991451781679 1449991451781745 1449991451781853 1449991451781937
1449991451831680 1449991451831745 1449991451831864 1449991451831947
1449991451881679 1449991451881769 1449991451881873 1449991451881942
1449991451931732 1449991451931827 1449991451931994 1449991451932115
1449991451981729 1449991451981825 1449991451982006 1449991451982176
1449991452031670 1449991452031747 1449991452031875 1449991452031959
1449991452081725 1449991452081820 1449991452081997 1449991452082091
1449991452131732 1449991452131827 1449991452132006 1449991452132115
1449991452181672 1449991452181747 1449991452181860 1449991452181954
1449991452231656 1449991452231745 1449991452231858 1449991452231938
1449991452281655 1449991452281729 1449991452281848 1449991452281928
1449991452331689 1449991452331782 1449991452331967 1449991452332075
1449991452381731 1449991452381823 1449991452382004 1449991452382143
1449991452431699 1449991452431786 1449991452431986 1449991452432085
1449991452481696 1449991452481790 1449991452481963 1449991452482083
1449991452531732 1449991452531828 1449991452532009 1449991452532127
1449991452581686 1449991452581784 1449991452581902 1449991452582009
1449991452631662 1449991452631729 1449991452631851 1449991452631931
1449991452681676 1449991452681742 1449991452681848 1449991452681917
1449991452731722 1449991452731817 1449991452731997 1449991452732109
1449991452781726 1449991452781821 1449991452782003 1449991452782146
1449991452831671 1449991452831755 1449991452831896 1449991452831992
1449991452881661 1449991452881726 1449991452881840 1449991452881927
1449991452931721 1449991452931842 1449991452932005 1449991452932126
1449991452981666 1449991452981711 1449991452981842 1449991452981937
1449991453031658 1449991453031723 1449991453031842 1449991453031911
1449991453081675 1449991453081741 1449991453081858 1449991453081945
1449991453131723 1449991453131818 1449991453131991 1449991453132106
1449991453181685 1449991453181720 1449991453181822 1449991453181926
1449991453231663 1449991453231690 1449991453231779 1449991453231861
1449991453281676 1449991453281760 1449991453281864 1449991453281932
1449991453331723 1449991453331818 1449991453331999 1449991453332121
1449991453381728 1449991453381823 1449991453381999 1449991453382134
1449991453431667 1449991453431747 1449991453431878 1449991453431969
1449991453481723 1449991453481819 1449991453481992 1449991453482095
1449991453531717 1449991453531811 1449991453532018 1449991453532150
1449991453581702 1449991453581798 1449991453581974 1449991453582123
1449991453631684 1449991453631780 1449991453631899 1449991453631981
1449991453681678 1449991453681745 1449991453681857 1449991453681955
1449991453731724 1449991453731828 1449991453731983 1449991453732095
1449991453781688 1449991453781739 1449991453781846 1449991453781937
1449991453831665 1449991453831731 1449991453831835 1449991453831871
1449991453881677 1449991453881745 1449991453881865 1449991453881965
1449991453931721 1449991453931815 1449991453931996 1449991453932108
1449991453981700 1449991453981833 1449991453981995 1449991453982131
1449991454031673 1449991454031758 1449991454031894 1449991454031969
1449991454081662 1449991454081728 1449991454081845 1449991454081908
1449991454131703 1449991454131790 1449991454131981 1449991454132073
1449991454181686 1449991454181733 1449991454181842 1449991454181958
1449991454231679 1449991454231712 1449991454231808 1449991454231901
1449991454281685 1449991454281779 1449991454281925 1449991454282014
1449991454331729 1449991454331854 1449991454332036 1449991454332165
1449991454381670 1449991454381754 1449991454381899 1449991454382000
1449991454431667 1449991454431748 1449991454431864 1449991454431954
1449991454481722 1449991454481816 1449991454481995 1449991454482108
1449991454531729 1449991454531824 1449991454532002 1449991454532099
1449991454581730 1449991454581817 1449991454581995 1449991454582134
1449991454631673 1449991454631743 1449991454631855 1449991454631941
1449991454681661 1449991454681755 1449991454681860 1449991454681952
1449991454731721 1449991454731816 1449991454731996 1449991454732104
1449991454781682 1449991454781768 1449991454781897 1449991454782025
1449991454831660 1449991454831728 1449991454831834 1449991454831909
1449991454881657 1449991454881717 1449991454881826 1449991454881893
1449991454931718 1449991454931805 1449991454931975 1449991454932077
1449991454981701 1449991454981785 1449991454981933 1449991454982065
1449991455031730 1449991455031887 1449991455032055 1449991455032218
1449991455081686 1449991455081725 1449991455081822 1449991455081898
1449991455131725 1449991455131821 1449991455132004 1449991455132112
1449991455181698 1449991455181793 1449991455181970 1449991455182085
1449991455231673 1449991455231709 1449991455231806 1449991455231884
1449991455281661 1449991455281728 1449991455281844 1449991455281966
1449991455331660 1449991455331724 1449991455331831 1449991455331909
1449991455381659 1449991455382012 1449991455382117 1449991455382179
1449991455431658 1449991455431719 1449991455431826 1449991455431942
1449991455481675 1449991455481739 1449991455481845 1449991455481924
1449991455531680 1449991455531807 1449991455531907 1449991455531970
1449991455581677 1449991455581782 1449991455581882 1449991455582011
1449991455631678 1449991455631782 1449991455631878 1449991455631988
1449991455681678 1449991455681808 1449991455681895 1449991455682026
1449991455731725 1449991455731851 1449991455731997 1449991455732094
1449991455781690 1449991455781732 1449991455781793 1449991455781842
1449991455831681 1449991455831746 1449991455831870 1449991455831920
1449991455881675 1449991455881739 1449991455881864 1449991455881911
1449991455931677 1449991455931741 1449991455931838 1449991455931912
1449991455981677 1449991455981756 1449991455981857 1449991455981939
1449991456031666 1449991456031728 1449991456031863 1449991456031939
1449991456081674 1449991456081755 1449991456081889 1449991456081956
1449991456131735 1449991456131830 1449991456131999 1449991456132104
1449991456181733 1449991456181830 1449991456182012 1449991456182154
1449991456231670 1449991456231740 1449991456231846 1449991456231977
1449991456281722 1449991456281822 1449991456281983 1449991456282046
1449991456331702 1449991456331825 1449991456331983 1449991456332085
1449991456381682 1449991456381766 1449991456381923 1449991456382021
1449991456431729 1449991456431821 1449991456431989 1449991456432111
1449991456481694 1449991456481792 1449991456481951 1449991456482084
1449991456531735 1449991456531836 1449991456532010 1449991456532124
1449991456581671 1449991456581748 1449991456581876 1449991456581983
1449991456631726 1449991456631821 1449991456631985 1449991456632104
1449991456681729 1449991456681847 1449991456682030 1449991456682161
1449991456731728 1449991456731809 1449991456731982 1449991456732113
1449991456781730 1449991456781826 1449991456781995 1449991456782134
1449991456831729 1449991456831823 1449991456832012 1449991456832121
1449991456881674 1449991456881763 1449991456881904 1449991456881999
1449991456931729 1449991456931822 1449991456932003 1449991456932113
1449991456981730 1449991456981834 1449991456982005 1449991456982156
1449991457031694 1449991457031816 1449991457031959 1449991457032057
1449991457081710 1449991457081804 1449991457081988 1449991457082095
1449991457131695 1449991457131789 1449991457131966 1449991457132077
1449991457181731 1449991457181825 1449991457182006 1449991457182132
1449991457231732 1449991457231824 1449991457231998 1449991457232105
1449991457281688 1449991457281769 1449991457281919 1449991457282013
1449991457331727 1449991457331822 1449991457331993 1449991457332102
1449991457381728 1449991457381853 1449991457382026 1449991457382144
1449991457431727 1449991457431814 1449991457431972 1449991457432090
1449991457481684 1449991457481754 1449991457481859 1449991457481936
1449991457531710 1449991457531804 1449991457531966 1449991457532065
1449991457581707 1449991457581801 1449991457581966 1449991457582086
1449991457631686 1449991457631759 1449991457631880 1449991457631961
1449991457681681 1449991457681749 1449991457681857 1449991457681959
1449991457731724 1449991457731843 1449991457732004 1449991457732103
1449991457781732 1449991457781826 1449991457781972 1449991457782099
1449991457831688 1449991457831769 1449991457831893 1449991457831965
1449991457881682 1449991457881751 1449991457881860 1449991457881969
1449991457931727 1449991457931822 1449991457931969 1449991457932066
1449991457981686 1449991457981759 1449991457981888 1449991457982032
1449991458031680 1449991458031746 1449991458031853 1449991458031921
1449991458081677 1449991458081760 1449991458081877 1449991458081956
1449991458131725 1449991458131818 1449991458131999 1449991458132109
1449991458181728 1449991458181819 1449991458181969 1449991458182107
1449991458231686 1449991458231759 1449991458231878 1449991458231967
1449991458281659 1449991458281708 1449991458281763 1449991458281807
1449991458331708 1449991458331799 1449991458331980 1449991458332061
1449991458381729 1449991458381794 1449991458381955 1449991458382081
1449991458431728 1449991458431842 1449991458432035 1449991458432170
1449991458481716 1449991458481809 1449991458481973 1449991458482090
1449991458531733 1449991458531831 1449991458531987 1449991458532104
1449991458581733 1449991458581825 1449991458581989 1449991458582133
1449991458631677 1449991458631746 1449991458631863 1449991458631926
1449991458681717 1449991458681811 1449991458681986 1449991458682084
1449991458731683 1449991458731725 1449991458731827 1449991458731898
1449991458781668 1449991458781751 1449991458781876 1449991458781959
1449991458831663 1449991458831729 1449991458831839 1449991458831909
1449991458881675 1449991458881703 1449991458881796 1449991458881890
1449991458931722 1449991458931810 1449991458931980 1449991458932090
1449991458981685 1449991458981754 1449991458981876 1449991458981956
1449991459031676 1449991459031704 1449991459031801 1449991459031887
1449991459081678 1449991459081747 1449991459081859 1449991459081931
1449991459131681 1449991459131777 1449991459131887 1449991459131984
1449991459181727 1449991459181821 1449991459182004 1449991459182096
1449991459231686 1449991459231764 1449991459231899 1449991459231968
1449991459281676 1449991459281750 1449991459281860 1449991459281922
1449991459331724 1449991459331827 1449991459331996 1449991459332098
1449991459381685 1449991459381762 1449991459381877 1449991459381966
1449991459431722 1449991459431818 1449991459431980 1449991459432078
1449991459481684 1449991459481782 1449991459481890 1449991459482005
1449991459531662 1449991459531726 1449991459531795 1449991459531840
1449991459581672 1449991459581708 1449991459581809 1449991459582214
1449991459631725 1449991459631818 1449991459631981 1449991459632080
1449991459681732 1449991459681833 1449991459682016 1449991459682122
1449991459731692 1449991459731770 1449991459731891 1449991459731965
1449991459781723 1449991459781819 1449991459781978 1449991459782093
1449991459831688 1449991459831759 1449991459831892 1449991459831990
1449991459881678 1449991459881743 1449991459881866 1449991459881921
1449991459931721 1449991459931812 1449991459931995 1449991459932101
1449991459981725 1449991459981821 1449991459981995 1449991459982111
1449991460031699 1449991460031793 1449991460031972 1449991460032075
1449991460081686 1449991460081765 1449991460081894 1449991460081956
1449991460131727 1449991460131821 1449991460131987 1449991460132096
1449991460181734 1449991460181853 1449991460182034 1449991460182130
1449991460231686 1449991460231759 1449991460231876 1449991460231927
1449991460281678 1449991460281751 1449991460281878 1449991460281937
1449991460331678 1449991460331746 1449991460331859 1449991460331915
1449991460381676 1449991460381742 1449991460381846 1449991460381896
1449991460431720 1449991460431812 1449991460431972 1449991460432106
1449991460481685 1449991460481742 1449991460481875 1449991460481962
1449991460531698 1449991460531816 1449991460531989 1449991460532085
1449991460581730 1449991460581824 1449991460582013 1449991460582114
1449991460631699 1449991460631793 1449991460631984 1449991460632073
1449991460681685 1449991460681765 1449991460681916 1449991460682016
1449991460731671 1449991460731739 1449991460731849 1449991460731922
1449991460781690 1449991460781781 1449991460781911 1449991460781994
1449991460831681 1449991460831747 1449991460831855 1449991460831928
1449991460881679 1449991460881766 1449991460881874 1449991460881951
1449991460931695 1449991460931788 1449991460931960 1449991460932060
1449991460981685 1449991460981759 1449991460981889 1449991460981946
1449991461031680 1449991461031747 1449991461031869 1449991461031927
1449991461081681 1449991461081762 1449991461081900 1449991461081969
1449991461131701 1449991461131789 1449991461131946 1449991461132072
1449991461181727 1449991461181813 1449991461181993 1449991461182096
1449991461231685 1449991461231762 1449991461231888 1449991461231969
1449991461281726 1449991461281820 1449991461282006 1449991461282118
1449991461331698 1449991461331783 1449991461331963 1449991461332074
1449991461381729 1449991461381823 1449991461382018 1449991461382119
1449991461431728 1449991461431821 1449991461432003 1449991461432100
1449991461481730 1449991461481817 1449991461482008 1449991461482135
1449991461531694 1449991461531773 1449991461531933 1449991461532018
1449991461581728 1449991461581853 1449991461582035 1449991461582140
1449991461631687 1449991461631759 1449991461631871 1449991461631951
1449991461681678 1449991461681743 1449991461681863 1449991461681943
1449991461731724 1449991461731818 1449991461731975 1449991461732089
1449991461781726 1449991461781822 1449991461782012 1449991461782112
1449991461831689 1449991461831773 1449991461831907 1449991461831980
1449991461881681 1449991461881755 1449991461881864 1449991461881939
1449991461931726 1449991461931844 1449991461932022 1449991461932127
1449991461981732 1449991461981819 1449991461982009 1449991461982133
1449991462031688 1449991462031767 1449991462031892 1449991462031958
1449991462081691 1449991462081771 1449991462081907 1449991462082003
1449991462131729 1449991462131815 1449991462132013 1449991462132131
1449991462181667 1449991462181729 1449991462181790 1449991462181835
1449991462231669 1449991462231729 1449991462231786 1449991462231831
1449991462281669 1449991462281745 1449991462281804 1449991462281851
1449991462331670 1449991462331725 1449991462331787 1449991462331832
1449991462381659 1449991462381716 1449991462381771 1449991462381815
1449991462431667 1449991462431731 1449991462431788 1449991462431833
1449991462481687 1449991462481721 1449991462481775 1449991462481823
1449991462531660 1449991462531692 1449991462531747 1449991462531790
1449991462581659 1449991462581689 1449991462581740 1449991462581783
1449991462631659 1449991462631704 1449991462631758 1449991462631802
1449991462681660 1449991462681700 1449991462681753 1449991462681799
1449991462731672 1449991462731722 1449991462731833 1449991462731922
1449991462781665 1449991462781718 1449991462781783 1449991462781830
1449991462831663 1449991462831704 1449991462831771 1449991462831832
1449991462881659 1449991462881712 1449991462881775 1449991462881821
1449991462931720 1449991462931811 1449991462931979 1449991462932115
1449991462981694 1449991462981857 1449991462981978 1449991462982099
1449991463031686 1449991463031729 1449991463031835 1449991463031919
1449991463081684 1449991463081728 1449991463081829 1449991463081926
1449991463131664 1449991463131698 1449991463131760 1449991463131807
1449991463181660 1449991463181703 1449991463181759 1449991463181805
1449991463231687 1449991463231757 1449991463231894 1449991463232002
1449991463281641 1449991463281693 1449991463281812 1449991463281897
1449991463331668 1449991463331767 1449991463331903 1449991463331971
1449991463381660 1449991463381727 1449991463381854 1449991463381890
1449991463431716 1449991463431810 1449991463431963 1449991463432084
1449991463481702 1449991463481797 1449991463481951 1449991463482069
1449991463531696 1449991463531777 1449991463531987 1449991463532108
1449991463581725 1449991463581820 1449991463581999 1449991463582063
1449991463631691 1449991463631759 1449991463631922 1449991463632015
1449991463681713 1449991463681860 1449991463682041 1449991463682147
1449991463731714 1449991463731797 1449991463731977 1449991463732087
1449991463781729 1449991463781823 1449991463781964 1449991463782081
1449991463831666 1449991463831706 1449991463831782 1449991463831840
1449991463881730 1449991463881824 1449991463882017 1449991463882107
1449991463931697 1449991463931758 1449991463931816 1449991463931879
1449991463981675 1449991463981726 1449991463981812 1449991463981857
1449991464031712 1449991464031846 1449991464031971 1449991464032038
1449991464081713 1449991464081809 1449991464081997 1449991464082065
1449991464131728 1449991464131823 1449991464132002 1449991464132129
1449991464181671 1449991464181732 1449991464181822 1449991464181888
1449991464231684 1449991464231771 1449991464231889 1449991464231962
1449991464281697 1449991464281793 1449991464281955 1449991464282077
1449991464331727 1449991464331822 1449991464332003 1449991464332112
1449991464381663 1449991464381725 1449991464381783 1449991464381843
1449991464431654 1449991464431714 1449991464431779 1449991464431826
1449991464481705 1449991464481801 1449991464481968 1449991464482388
1449991464531727 1449991464531820 1449991464531997 1449991464532102
1449991464581713 1449991464581806 1449991464581989 1449991464582110
1449991464631727 1449991464631821 1449991464631995 1449991464632096
1449991464681688 1449991464681775 1449991464681914 1449991464682017
1449991464731666 1449991464731722 1449991464731781 1449991464731819
1449991464781672 1449991464781754 1449991464781859 1449991464781941
1449991464831668 1449991464831731 1449991464831812 1449991464831860
1449991464881661 1449991464881721 1449991464881807 1449991464881871
1449991464931680 1449991464931765 1449991464931914 1449991464931995
1449991464981666 1449991464981722 1449991464981791 1449991464981832
1449991465031658 1449991465031716 1449991465031782 1449991465031825
1449991465081659 1449991465081725 1449991465081797 1449991465081858
1449991465131682 1449991465131752 1449991465131891 1449991465132009
1449991465181677 1449991465181723 1449991465181814 1449991465181872
1449991465231676 1449991465231726 1449991465231835 1449991465231912
1449991465281680 1449991465281739 1449991465281859 1449991465281958
1449991465331663 1449991465331713 1449991465331774 1449991465331816
1449991465381694 1449991465381765 1449991465381900 1449991465382034
1449991465431690 1449991465431764 1449991465431892 1449991465432022
1449991465481687 1449991465481746 1449991465481872 1449991465481964
1449991465531727 1449991465531802 1449991465531969 1449991465532027
1449991465581690 1449991465581755 1449991465581876 1449991465581907
1449991465631679 1449991465631767 1449991465631915 1449991465631991
1449991465681663 1449991465681714 1449991465681782 1449991465681832
1449991465731685 1449991465731777 1449991465731953 1449991465732063
1449991465781725 1449991465781825 1449991465782006 1449991465782118
1449991465831727 1449991465831820 1449991465831994 1449991465832080
1449991465881728 1449991465881822 1449991465882011 1449991465882199
1449991465931727 1449991465931820 1449991465932025 1449991465932172
1449991465981695 1449991465981782 1449991465981967 1449991465982027
1449991466031688 1449991466031772 1449991466031914 1449991466031955
1449991466081687 1449991466081766 1449991466081912 1449991466082004
1449991466131681 1449991466131754 1449991466131862 1449991466131938
1449991466181671 1449991466181717 1449991466181810 1449991466181872
1449991466231686 1449991466231749 1449991466231877 1449991466232029
1449991466281670 1449991466281704 1449991466281781 1449991466281905
1449991466331682 1449991466331745 1449991466331887 1449991466331986
1449991466381689 1449991466381749 1449991466381882 1449991466381969
1449991466431684 1449991466431738 1449991466431832 1449991466431904
1449991466481687 1449991466481756 1449991466481882 1449991466481998
1449991466531687 1449991466531770 1449991466531899 1449991466531986
1449991466581684 1449991466581746 1449991466581882 1449991466581973
1449991466631689 1449991466631750 1449991466631891 1449991466631981
1449991466681685 1449991466681744 1449991466681874 1449991466681988
1449991466731674 1449991466731713 1449991466731796 1449991466731863
1449991466781682 1449991466781743 1449991466781874 1449991466781966
1449991466831671 1449991466831739 1449991466831813 1449991466831856
1449991466881683 1449991466881766 1449991466881905 1449991466882079
1449991466931687 1449991466931771 1449991466931898 1449991466932054
1449991466981687 1449991466981773 1449991466981903 1449991466982076
1449991467031711 1449991467031804 1449991467031988 1449991467032108
1449991467081686 1449991467081730 1449991467081842 1449991467081948
1449991467131684 1449991467131753 1449991467131854 1449991467131946
1449991467181659 1449991467181708 1449991467181759 1449991467181798
1449991467231656 1449991467231713 1449991467231767 1449991467231811
1449991467281660 1449991467281709 1449991467281767 1449991467281818
1449991467331720 1449991467331815 1449991467331983 1449991467332095
1449991467381671 1449991467381749 1449991467381872 1449991467382021
1449991467431677 1449991467431741 1449991467431840 1449991467431973
1449991467481677 1449991467481747 1449991467481861 1449991467481956
1449991467531720 1449991467531814 1449991467531987 1449991467532080
1449991467581689 1449991467581768 1449991467581921 1449991467582022
1449991467631681 1449991467631746 1449991467631868 1449991467631936
1449991467681669 1449991467681732 1449991467681815 1449991467681907
1449991467731684 1449991467731757 1449991467731882 1449991467731962
1449991467781687 1449991467781764 1449991467781911 1449991467782004
1449991467831672 1449991467831729 1449991467831820 1449991467831870
1449991467881686 1449991467881780 1449991467881933 1449991467882023
1449991467931684 1449991467931732 1449991467931862 1449991467931952
1449991467981679 1449991467981732 1449991467981871 1449991467981988
1449991468031667 1449991468031702 1449991468031778 1449991468031832
1449991468081678 1449991468081731 1449991468081853 1449991468081999
1449991468131665 1449991468131702 1449991468131794 1449991468131846
1449991468181662 1449991468181703 1449991468181790 1449991468181844
1449991468231661 1449991468231706 1449991468231798 1449991468231848
1449991468281674 1449991468281728 1449991468281868 1449991468281958
1449991468331665 1449991468331704 1449991468331777 1449991468331832
1449991468381665 1449991468381712 1449991468381814 1449991468381880
1449991468431710 1449991468431757 1449991468431860 1449991468431916
1449991468481665 1449991468481700 1449991468481764 1449991468481827
1449991468531657 1449991468531683 1449991468531739 1449991468531775
1449991468581659 1449991468581693 1449991468581768 1449991468581872
1449991468631656 1449991468631704 1449991468631775 1449991468631819
1449991468681683 1449991468681735 1449991468681840 1449991468682050
1449991468731665 1449991468731700 1449991468731775 1449991468731812
1449991468781676 1449991468781714 1449991468781807 1449991468781876
1449991468831716 1449991468831811 1449991468831985 1449991468832109
1449991468881662 1449991468881696 1449991468881762 1449991468881849
1449991468931657 1449991468931705 1449991468931778 1449991468931821
1449991468981667 1449991468981706 1449991468981790 1449991468981838
1449991469031669 1449991469031702 1449991469031763 1449991469031803
1449991469081661 1449991469081722 1449991469081782 1449991469081827
1449991469131677 1449991469131730 1449991469131825 1449991469131893
1449991469181689 1449991469181775 1449991469181914 1449991469181990
1449991469231666 1449991469231720 1449991469231783 1449991469231826
1449991469281661 1449991469281723 1449991469281793 1449991469281864
1449991469331661 1449991469331721 1449991469331780 1449991469331855
1449991469381668 1449991469381728 1449991469381785 1449991469381824
1449991469431676 1449991469431710 1449991469431784 1449991469431827
1449991469481662 1449991469481712 1449991469481774 1449991469481828
1449991469531659 1449991469531804 1449991469531867 1449991469531923
1449991469581751 1449991469581813 1449991469581867 1449991469581932
1449991469631670 1449991469631725 1449991469631786 1449991469631848
1449991469681659 1449991469681723 1449991469681790 1449991469681840
1449991469731667 1449991469731729 1449991469731795 1449991469731831
1449991469781667 1449991469781730 1449991469781791 1449991469781830
1449991469831669 1449991469831728 1449991469831788 1449991469831823
1449991469881688 1449991469881738 1449991469881848 1449991469881937
1449991469931688 1449991469931775 1449991469931930 1449991469932009
1449991469981666 1449991469981718 1449991469981772 1449991469981811
1449991470031658 1449991470031719 1449991470031787 1449991470031822
1449991470081668 1449991470081733 1449991470081800 1449991470081841
1449991470131668 1449991470131731 1449991470131793 1449991470131829
1449991470181669 1449991470181731 1449991470181794 1449991470181832
1449991470231686 1449991470231775 1449991470231927 1449991470232009
1449991470281708 1449991470281804 1449991470281998 1449991470282109
1449991470331691 1449991470331782 1449991470331916 1449991470331986
1449991470381686 1449991470381726 1449991470381848 1449991470381906
1449991470431680 1449991470431748 1449991470431870 1449991470431939
1449991470481685 1449991470481770 1449991470481921 1449991470481997
1449991470531694 1449991470531787 1449991470531974 1449991470532023
1449991470581684 1449991470581724 1449991470581823 1449991470581950
1449991470631683 1449991470631729 1449991470631840 1449991470631909
1449991470681686 1449991470681779 1449991470681940 1449991470682039
1449991470731672 1449991470731729 1449991470731814 1449991470731861
1449991470781659 1449991470781716 1449991470781772 1449991470781806
1449991470831689 1449991470831772 1449991470831918 1449991470831988
1449991470881674 1449991470881745 1449991470881844 1449991470881913
1449991470931687 1449991470931766 1449991470931888 1449991470931958
1449991470981676 1449991470981751 1449991470981867 1449991470981923
1449991471031673 1449991471031746 1449991471031850 1449991471031901
1449991471081675 1449991471081749 1449991471081853 1449991471081924
1449991471131668 1449991471131728 1449991471131808 1449991471131856
1449991471181683 1449991471181760 1449991471181888 1449991471181997
1449991471231685 1449991471231762 1449991471231876 1449991471231952
1449991471281682 1449991471281759 1449991471281897 1449991471281983
1449991471331664 1449991471331725 1449991471331802 1449991471331842
1449991471381678 1449991471381761 1449991471381868 1449991471381901
1449991471431679 1449991471431747 1449991471431870 1449991471431966
1449991471481668 1449991471481719 1449991471481820 1449991471481965
1449991471531712 1449991471531803 1449991471531993 1449991471532126
1449991471581719 1449991471581812 1449991471581996 1449991471582094
1449991471631718 1449991471631807 1449991471631987 1449991471632091
1449991471681673 1449991471681735 1449991471681812 1449991471681859
1449991471731679 1449991471731762 1449991471731877 1449991471731943
1449991471781679 1449991471781766 1449991471781870 1449991471781936
1449991471831666 1449991471831698 1449991471831770 1449991471831868
1449991471881668 1449991471881705 1449991471881782 1449991471881896
1449991471931663 1449991471931698 1449991471931771 1449991471931877
1449991471981666 1449991471981701 1449991471981785 1449991471981831
1449991472031665 1449991472031698 1449991472031769 1449991472031846
1449991472081657 1449991472081717 1449991472081794 1449991472081842
1449991472131666 1449991472131720 1449991472131794 1449991472131839
1449991472181667 1449991472181724 1449991472181799 1449991472181898
1449991472231666 1449991472231721 1449991472231796 1449991472231843
1449991472281665 1449991472281696 1449991472281833 1449991472281916
1449991472331666 1449991472331697 1449991472331771 1449991472331815
1449991472381665 1449991472381723 1449991472381796 1449991472381842
1449991472431664 1449991472431722 1449991472431796 1449991472431840
1449991472481665 1449991472481721 1449991472481796 1449991472481848
1449991472531664 1449991472531721 1449991472531796 1449991472531842
1449991472581665 1449991472581720 1449991472581796 1449991472581840
1449991472631665 1449991472631722 1449991472631792 1449991472631837
1449991472681667 1449991472681720 1449991472681806 1449991472681850
1449991472731665 1449991472731718 1449991472731791 1449991472731828
1449991472781666 1449991472781723 1449991472781793 1449991472781836
