1449991776559248 1449991776559299 1449991776559603 1449991776559645
1449991776609263 1449991776609310 1449991776609604 1449991776609656
1449991776659272 1449991776659319 1449991776659577 1449991776659629
1449991776709266 1449991776709310 1449991776709579 1449991776709635
1449991776759269 1449991776759311 1449991776759584 1449991776759627
1449991776809260 1449991776809307 1449991776809573 1449991776809633
1449991776859265 1449991776859330 1449991776859597 1449991776859641
1449991776909266 1449991776909308 1449991776909565 1449991776909602
1449991776959270 1449991776959318 1449991776959588 1449991776959629
1449991777009267 1449991777009309 1449991777009567 1449991777009608
1449991777059269 1449991777059311 1449991777059579 1449991777059617
1449991777109267 1449991777109313 1449991777109526 1449991777109590
1449991777159268 1449991777159308 1449991777159560 1449991777159609
1449991777209249 1449991777209304 1449991777209548 1449991777209583
1449991777259257 1449991777259297 1449991777259464 1449991777259503
1449991777309257 1449991777309295 1449991777309467 1449991777309498
1449991777359261 1449991777359313 1449991777359580 1449991777359629
1449991777409315 1449991777409380 1449991777409771 1449991777409859
1449991777459318 1449991777459385 1449991777459716 1449991777459785
1449991777509316 1449991777509381 1449991777509782 1449991777509817
1449991777559277 1449991777559353 1449991777559615 1449991777559666
1449991777609270 1449991777609310 1449991777609584 1449991777609633
1449991777659267 1449991777659314 1449991777659583 1449991777659635
1449991777709272 1449991777709319 1449991777709616 1449991777709687
1449991777759261 1449991777759301 1449991777759571 1449991777759619
1449991777809269 1449991777809308 1449991777809545 1449991777809614
1449991777859262 1449991777859317 1449991777859604 1449991777859667
1449991777909273 1449991777909337 1449991777909594 1449991777909642
1449991777959249 1449991777959279 1449991777959530 1449991777959581
1449991778009265 1449991778009305 1449991778009567 1449991778009650
1449991778059314 1449991778059380 1449991778059751 1449991778059836
1449991778109276 1449991778109329 1449991778109577 1449991778109663
1449991778159315 1449991778159409 1449991778159819 1449991778159927
1449991778209304 1449991778209396 1449991778209769 1449991778209856
1449991778259265 1449991778259325 1449991778259582 1449991778259633
1449991778309262 1449991778309341 1449991778309516 1449991778309546
1449991778359267 1449991778359321 1449991778359513 1449991778359553
1449991778409260 1449991778409301 1449991778409525 1449991778409572
1449991778459251 1449991778459310 1449991778459458 1449991778460159
1449991778509258 1449991778509307 1449991778509448 1449991778509571
1449991778559261 1449991778559317 1449991778559519 1449991778559566
1449991778609259 1449991778609325 1449991778609507 1449991778609556
1449991778659263 1449991778659323 1449991778659548 1449991778659595
1449991778709298 1449991778709381 1449991778709735 1449991778709800
1449991778759305 1449991778759396 1449991778759736 1449991778759782
1449991778809276 1449991778809352 1449991778809606 1449991778809842
1449991778859290 1449991778859382 1449991778859716 1449991778859770
1449991778909279 1449991778909364 1449991778909681 1449991778909743
1449991778959277 1449991778959387 1449991778959698 1449991778959758
1449991779009280 1449991779009352 1449991779009664 1449991779009736
1449991779059259 1449991779059307 1449991779059482 1449991779059514
1449991779109261 1449991779109346 1449991779109639 1449991779110000
1449991779159260 1449991779159299 1449991779159455 1449991779159501
1449991779209259 1449991779209345 1449991779209623 1449991779209672
1449991779259269 1449991779259342 1449991779259616 1449991779259662
1449991779309268 1449991779309359 1449991779309625 1449991779309692
1449991779359269 1449991779359344 1449991779359619 1449991779359677
1449991779409269 1449991779409341 1449991779409622 1449991779409666
1449991779459300 1449991779459380 1449991779459679 1449991779459783
1449991779509289 1449991779509372 1449991779509678 1449991779509748
1449991779559274 1449991779559319 1449991779559594 1449991779559633
1449991779609251 1449991779609312 1449991779609581 1449991779609628
1449991779659250 1449991779659335 1449991779659604 1449991779659651
1449991779709260 1449991779709347 1449991779709617 1449991779709665
1449991779759251 1449991779759315 1449991779759521 1449991779759541
1449991779809247 1449991779809291 1449991779809579 1449991779809648
1449991779859312 1449991779859421 1449991779859831 1449991779859909
1449991779909285 1449991779909349 1449991779909728 1449991779909812
1449991779959308 1449991779959402 1449991779959771 1449991779959855
1449991780009280 1449991780009381 1449991780009688 1449991780009766
1449991780059265 1449991780059326 1449991780059526 1449991780059577
1449991780109249 1449991780109302 1449991780109425 1449991780109474
1449991780159247 1449991780159297 1449991780159462 1449991780159504
1449991780209272 1449991780209345 1449991780209651 1449991780209704
1449991780259260 1449991780259309 1449991780259475 1449991780259512
1449991780309256 1449991780309306 1449991780309486 1449991780309523
1449991780359256 1449991780359322 1449991780359508 1449991780359557
1449991780409263 1449991780409327 1449991780409478 1449991780409514
1449991780459272 1449991780459367 1449991780459615 1449991780459674
1449991780509308 1449991780509404 1449991780509766 1449991780509843
1449991780559274 1449991780559311 1449991780559554 1449991780559608
1449991780609266 1449991780609313 1449991780609548 1449991780609587
1449991780659258 1449991780659292 1449991780659472 1449991780659504
1449991780709258 1449991780709319 1449991780709570 1449991780709637
1449991780759274 1449991780759359 1449991780759666 1449991780759729
1449991780809262 1449991780809315 1449991780809484 1449991780809528
1449991780859255 1449991780859301 1449991780859488 1449991780859538
1449991780909257 1449991780909311 1449991780909488 1449991780909526
1449991780959263 1449991780959325 1449991780959588 1449991780959673
1449991781009252 1449991781009281 1449991781009450 1449991781009492
1449991781059254 1449991781059316 1449991781059485 1449991781059532
1449991781109263 1449991781109323 1449991781109504 1449991781109550
1449991781159253 1449991781159303 1449991781159484 1449991781159510
1449991781209254 1449991781209283 1449991781209446 1449991781209474
1449991781259251 1449991781259279 1449991781259497 1449991781259570
1449991781309253 1449991781309281 1449991781309537 1449991781309613
1449991781359264 1449991781359317 1449991781359511 1449991781359545
1449991781409259 1449991781409327 1449991781409487 1449991781409524
1449991781459257 1449991781459314 1449991781459442 1449991781459487
1449991781509270 1449991781509345 1449991781509622 1449991781509676
1449991781559264 1449991781559323 1449991781559500 1449991781559541
1449991781609261 1449991781609322 1449991781609546 1449991781609590
1449991781659276 1449991781659328 1449991781659549 1449991781659597
1449991781709261 1449991781709298 1449991781709489 1449991781709522
1449991781759251 1449991781759297 1449991781759485 1449991781759562
1449991781809294 1449991781809373 1449991781809777 1449991781809865
1449991781859275 1449991781859340 1449991781859597 1449991781859640
1449991781909263 1449991781909313 1449991781909572 1449991781909615
1449991781959269 1449991781959312 1449991781959564 1449991781959623
1449991782009268 1449991782009310 1449991782009549 1449991782009611
1449991782059268 1449991782059315 1449991782059564 1449991782059627
1449991782109308 1449991782109406 1449991782109730 1449991782109824
1449991782159276 1449991782159329 1449991782159616 1449991782159686
1449991782209268 1449991782209330 1449991782209645 1449991782209724
1449991782259316 1449991782259381 1449991782259762 1449991782259850
1449991782309263 1449991782309308 1449991782309501 1449991782309546
1449991782359276 1449991782359327 1449991782359523 1449991782359563
1449991782409269 1449991782409318 1449991782409502 1449991782409530
1449991782459268 1449991782459331 1449991782459554 1449991782459894
1449991782509273 1449991782509339 1449991782509743 1449991782509820
1449991782559278 1449991782559326 1449991782559609 1449991782559646
1449991782609273 1449991782609311 1449991782609568 1449991782609602
1449991782659268 1449991782659307 1449991782659571 1449991782659606
1449991782709267 1449991782709306 1449991782709544 1449991782709593
1449991782759267 1449991782759306 1449991782759582 1449991782759639
1449991782809270 1449991782809329 1449991782809547 1449991782809740
1449991782859278 1449991782859339 1449991782859652 1449991782859740
1449991782909279 1449991782909341 1449991782909568 1449991782909608
1449991782959261 1449991782959301 1449991782959462 1449991782959492
1449991783009268 1449991783009318 1449991783009594 1449991783009621
1449991783059313 1449991783059384 1449991783059716 1449991783059760
1449991783109275 1449991783109329 1449991783109624 1449991783109695
1449991783159270 1449991783159344 1449991783159588 1449991783159629
1449991783209265 1449991783209305 1449991783209572 1449991783209611
1449991783259267 1449991783259308 1449991783259579 1449991783259617
1449991783309257 1449991783309299 1449991783309560 1449991783309598
1449991783359271 1449991783359321 1449991783359610 1449991783359680
1449991783409274 1449991783409332 1449991783409618 1449991783409665
1449991783459278 1449991783459334 1449991783459530 1449991783460130
1449991783509283 1449991783509367 1449991783509702 1449991783509744
1449991783559263 1449991783559300 1449991783559463 1449991783559494
1449991783609256 1449991783609291 1449991783609433 1449991783609465
1449991783659254 1449991783659289 1449991783659431 1449991783659469
1449991783709255 1449991783709291 1449991783709452 1449991783709489
1449991783759274 1449991783759336 1449991783759633 1449991783759695
1449991783809302 1449991783809370 1449991783809716 1449991783809819
1449991783859296 1449991783859405 1449991783859774 1449991783859865
1449991783909272 1449991783909334 1449991783909605 1449991783909682
1449991783959301 1449991783959368 1449991783959709 1449991783959814
1449991784009313 1449991784009381 1449991784009737 1449991784009822
1449991784059317 1449991784059388 1449991784059720 1449991784060114
1449991784109301 1449991784109368 1449991784109682 1449991784109765
1449991784159263 1449991784159299 1449991784159445 1449991784159488
1449991784209266 1449991784209332 1449991784209550 1449991784209605
1449991784259268 1449991784259320 1449991784259480 1449991784259526
1449991784309258 1449991784309292 1449991784309426 1449991784309483
1449991784359256 1449991784359291 1449991784359444 1449991784359486
1449991784409267 1449991784409317 1449991784409559 1449991784409619
1449991784459259 1449991784459294 1449991784459406 1449991784459449
1449991784509280 1449991784509345 1449991784509577 1449991784509664
1449991784559270 1449991784559366 1449991784559628 1449991784559670
1449991784609266 1449991784609337 1449991784609613 1449991784609647
1449991784659267 1449991784659357 1449991784659733 1449991784659815
1449991784709264 1449991784709349 1449991784709639 1449991784709736
1449991784759254 1449991784759311 1449991784759464 1449991784759494
1449991784809272 1449991784809332 1449991784809477 1449991784809517
1449991784859283 1449991784859342 1449991784859597 1449991784859655
1449991784909261 1449991784909305 1449991784909444 1449991784909471
1449991784959259 1449991784959350 1449991784959557 1449991784959587
1449991785009286 1449991785009318 1449991785009473 1449991785009507
1449991785059257 1449991785059312 1449991785059481 1449991785059512
1449991785109267 1449991785109302 1449991785109489 1449991785109515
1449991785159303 1449991785159395 1449991785159675 1449991785159730
1449991785209278 1449991785209315 1449991785209504 1449991785209565
1449991785259261 1449991785259309 1449991785259506 1449991785259563
1449991785309268 1449991785309296 1449991785309511 1449991785309559
1449991785359273 1449991785359317 1449991785359479 1449991785359551
1449991785409272 1449991785409297 1449991785409481 1449991785409549
1449991785459296 1449991785459387 1449991785459652 1449991785459756
1449991785509301 1449991785509383 1449991785509717 1449991785509828
1449991785559268 1449991785559305 1449991785559520 1449991785559564
1449991785609267 1449991785609384 1449991785609605 1449991785609643
1449991785659308 1449991785659407 1449991785659773 1449991785659894
1449991785709318 1449991785709407 1449991785709760 1449991785709841
1449991785759280 1449991785759319 1449991785759601 1449991785759635
1449991785809312 1449991785809401 1449991785809708 1449991785809800
1449991785859302 1449991785859392 1449991785859711 1449991785859792
1449991785909261 1449991785909297 1449991785909569 1449991785909626
1449991785959252 1449991785959352 1449991785959599 1449991785959643
1449991786009245 1449991786009269 1449991786009496 1449991786009583
1449991786059245 1449991786059306 1449991786059575 1449991786059626
1449991786109245 1449991786109270 1449991786109466 1449991786109581
1449991786159246 1449991786159310 1449991786159544 1449991786159585
1449991786209245 1449991786209269 1449991786209494 1449991786209527
1449991786259265 1449991786259290 1449991786259518 1449991786259562
1449991786309250 1449991786309289 1449991786309521 1449991786309557
1449991786359247 1449991786359270 1449991786359487 1449991786359533
1449991786409250 1449991786409277 1449991786409498 1449991786409543
1449991786459249 1449991786459274 1449991786459445 1449991786459485
1449991786509309 1449991786509400 1449991786509750 1449991786509838
1449991786559278 1449991786559312 1449991786559567 1449991786559620
1449991786609252 1449991786609312 1449991786609571 1449991786609608
1449991786659244 1449991786659286 1449991786659521 1449991786659562
1449991786709246 1449991786709306 1449991786709574 1449991786709610
1449991786759246 1449991786759271 1449991786759497 1449991786759536
1449991786809246 1449991786809308 1449991786809555 1449991786809640
1449991786859245 1449991786859271 1449991786859542 1449991786859593
1449991786909249 1449991786909311 1449991786909579 1449991786909616
1449991786959249 1449991786959313 1449991786959562 1449991786959598
1449991787009247 1449991787009327 1449991787009586 1449991787009621
1449991787059247 1449991787059310 1449991787059567 1449991787059602
1449991787109250 1449991787109311 1449991787109526 1449991787109571
1449991787159251 1449991787159279 1449991787159524 1449991787159564
1449991787209266 1449991787209292 1449991787209510 1449991787209549
1449991787259315 1449991787259405 1449991787259806 1449991787259892
1449991787309274 1449991787309314 1449991787309555 1449991787309604
1449991787359272 1449991787359328 1449991787359476 1449991787359506
1449991787409274 1449991787409323 1449991787409635 1449991787409694
1449991787459313 1449991787459403 1449991787459689 1449991787459845
1449991787509263 1449991787509342 1449991787509572 1449991787509719
1449991787559270 1449991787559298 1449991787559546 1449991787559591
1449991787609266 1449991787609330 1449991787609590 1449991787609622
1449991787659268 1449991787659331 1449991787698357 1449991787659558
1449991787709257 1449991787709325 1449991787746415 1449991787709488
1449991787759256 1449991787759329 1449991787798409 1449991787759571
1449991787809258 1449991787809294 1449991787846431 1449991787809443
1449991787859257 1449991787859303 1449991787898395 1449991787859576
1449991787909272 1449991787909316 1449991787946388 1449991787909599
1449991787959269 1449991787959310 1449991787998481 1449991787959539
1449991788009305 1449991788009366 1449991788046447 1449991788009715
1449991788059287 1449991788059383 1449991788098350 1449991788059760
1449991788109284 1449991788109318 1449991788146337 1449991788109467
1449991788159258 1449991788159321 1449991788198362 1449991788159515
1449991788209256 1449991788209290 1449991788246359 1449991788209439
1449991788259254 1449991788259290 1449991788298369 1449991788259466
1449991788309254 1449991788309284 1449991788346385 1449991788309410
1449991788359254 1449991788359288 1449991788398365 1449991788359462
1449991788409272 1449991788409376 1449991788446413 1449991788409608
1449991788459269 1449991788459360 1449991788498411 1449991788459574
1449991788509318 1449991788509410 1449991788546423 1449991788509786
1449991788559312 1449991788559388 1449991788598418 1449991788559734
1449991788609265 1449991788609324 1449991788646419 1449991788609594
1449991788659268 1449991788659304 1449991788698430 1449991788659480
1449991788709256 1449991788709310 1449991788746356 1449991788709478
1449991788759255 1449991788759325 1449991788798342 1449991788759485
1449991788809263 1449991788809330 1449991788846384 1449991788809568
1449991788859254 1449991788859310 1449991788898372 1449991788859482
1449991788909251 1449991788909309 1449991788946354 1449991788909460
1449991788959253 1449991788959290 1449991788998353 1449991788959465
1449991789009249 1449991789009279 1449991789046361 1449991789009450
1449991789059256 1449991789059290 1449991789098383 1449991789059444
1449991789109257 1449991789109304 1449991789146354 1449991789109463
1449991789159255 1449991789159292 1449991789198370 1449991789159454
1449991789209256 1449991789209291 1449991789246356 1449991789209445
1449991789259256 1449991789259290 1449991789298349 1449991789259441
1449991789309255 1449991789309288 1449991789346356 1449991789309451
1449991789359254 1449991789359283 1449991789398360 1449991789359428
1449991789409252 1449991789409283 1449991789446348 1449991789409423
1449991789459247 1449991789459301 1449991789498407 1449991789459448
1449991789509257 1449991789509322 1449991789546351 1449991789509603
1449991789559259 1449991789559313 1449991789598347 1449991789559437
1449991789609251 1449991789609299 1449991789646337 1449991789609437
1449991789659249 1449991789659295 1449991789698361 1449991789659410
1449991789709252 1449991789709304 1449991789746340 1449991789709458
1449991789759251 1449991789759300 1449991789798327 1449991789759416
1449991789809249 1449991789809309 1449991789846349 1449991789809446
1449991789859250 1449991789859310 1449991789898338 1449991789859495
1449991789909268 1449991789909299 1449991789946334 1449991789909438
1449991789959255 1449991789959284 1449991789998351 1449991789959415
1449991790009255 1449991790009290 1449991790046387 1449991790009426
1449991790059249 1449991790059271 1449991790098367 1449991790059412
1449991790109408 1449991790109454 1449991790146467 1449991790109612
1449991790159254 1449991790159342 1449991790198367 1449991790159629
1449991790209264 1449991790209321 1449991790246401 1449991790209497
1449991790259266 1449991790259340 1449991790298386 1449991790259563
1449991790309268 1449991790309336 1449991790346402 1449991790309578
1449991790359269 1449991790359334 1449991790398362 1449991790359603
1449991790409261 1449991790409296 1449991790446367 1449991790409435
1449991790459256 1449991790459311 1449991790498364 1449991790459466
1449991790509272 1449991790509382 1449991790546378 1449991790509640
1449991790559271 1449991790559298 1449991790598371 1449991790559523
1449991790609257 1449991790609285 1449991790646442 1449991790609493
1449991790659296 1449991790659387 1449991790698386 1449991790659609
1449991790709275 1449991790709312 1449991790746381 1449991790709536
1449991790759269 1449991790759298 1449991790798407 1449991790759502
1449991790809301 1449991790809409 1449991790846387 1449991790809794
1449991790859267 1449991790859338 1449991790898415 1449991790859505
1449991790909256 1449991790909321 1449991790946370 1449991790909612
1449991790959251 1449991790959287 1449991790998393 1449991790959441
1449991791009283 1449991791009320 1449991791046386 1449991791009558
1449991791059254 1449991791059292 1449991791098395 1449991791059483
1449991791109257 1449991791109293 1449991791146393 1449991791109474
1449991791159258 1449991791159297 1449991791198430 1449991791159476
1449991791209303 1449991791209427 1449991791246472 1449991791209751
1449991791259272 1449991791259340 1449991791298428 1449991791259552
1449991791309259 1449991791309321 1449991791346458 1449991791309596
1449991791359290 1449991791359379 1449991791398415 1449991791359722
1449991791409273 1449991791409356 1449991791446396 1449991791409620
1449991791459293 1449991791459371 1449991791498472 1449991791459606
1449991791509294 1449991791509382 1449991791546422 1449991791509731
1449991791559273 1449991791559387 1449991791598412 1449991791559604
1449991791609279 1449991791609352 1449991791646406 1449991791609555
1449991791659270 1449991791659348 1449991791698491 1449991791659587
1449991791709296 1449991791709379 1449991791746400 1449991791709632
1449991791759267 1449991791759333 1449991791798384 1449991791759525
1449991791809300 1449991791809409 1449991791846477 1449991791809780
1449991791859269 1449991791859360 1449991791898422 1449991791859675
1449991791909268 1449991791909362 1449991791946388 1449991791909574
1449991791959276 1449991791959360 1449991791998394 1449991791959624
1449991792009270 1449991792009343 1449991792046395 1449991792009575
1449991792059268 1449991792059333 1449991792098380 1449991792059576
1449991792109267 1449991792109333 1449991792146398 1449991792109586
1449991792159268 1449991792159342 1449991792198399 1449991792159600
1449991792209251 1449991792209302 1449991792246398 1449991792209536
1449991792259266 1449991792259320 1449991792298420 1449991792259552
1449991792309268 1449991792309332 1449991792346398 1449991792309563
1449991792359268 1449991792359302 1449991792398389 1449991792359506
1449991792409269 1449991792409333 1449991792446387 1449991792409571
1449991792459269 1449991792459334 1449991792498497 1449991792459586
1449991792509310 1449991792509402 1449991792546415 1449991792509787
1449991792559275 1449991792559351 1449991792598397 1449991792559594
1449991792609267 1449991792609352 1449991792646393 1449991792609580
1449991792659266 1449991792659329 1449991792698388 1449991792659561
1449991792709264 1449991792709298 1449991792746392 1449991792709524
1449991792759267 1449991792759331 1449991792798477 1449991792759575
1449991792809282 1449991792809375 1449991792846412 1449991792809728
1449991792859276 1449991792859347 1449991792898388 1449991792859581
1449991792909268 1449991792909332 1449991792946389 1449991792909561
1449991792959267 1449991792959355 1449991792998474 1449991792959591
1449991793009312 1449991793009406 1449991793046401 1449991793009745
1449991793059275 1449991793059351 1449991793098389 1449991793059598
1449991793109269 1449991793109333 1449991793146392 1449991793109599
1449991793159267 1449991793159334 1449991793198392 1449991793159589
1449991793209268 1449991793209334 1449991793246400 1449991793209570
1449991793259268 1449991793259303 1449991793298393 1449991793259514
1449991793309268 1449991793309587 1449991793346405 1449991793309817
1449991793359267 1449991793359330 1449991793398393 1449991793359560
1449991793409266 1449991793409300 1449991793446400 1449991793409500
1449991793459266 1449991793459328 1449991793498388 1449991793459589
1449991793509266 1449991793509330 1449991793546396 1449991793509619
1449991793559268 1449991793559331 1449991793598396 1449991793559578
1449991793609266 1449991793609330 1449991793646400 1449991793609561
1449991793659267 1449991793659331 1449991793698394 1449991793659569
1449991793709269 1449991793709334 1449991793746405 1449991793709573
1449991793759269 1449991793759335 1449991793798401 1449991793759580
1449991793809313 1449991793809404 1449991793846473 1449991793809803
1449991793859286 1449991793859373 1449991793898411 1449991793859651
1449991793909272 1449991793909353 1449991793946474 1449991793909581
1449991793959311 1449991793959403 1449991793998416 1449991793959759
1449991794009276 1449991794009352 1449991794046387 1449991794009589
1449991794059270 1449991794059334 1449991794098383 1449991794059563
1449991794109267 1449991794109330 1449991794146392 1449991794109587
1449991794159268 1449991794159332 1449991794198490 1449991794159569
1449991794209311 1449991794209403 1449991794246477 1449991794209747
1449991794259320 1449991794259435 1449991794298475 1449991794259780
1449991794309316 1449991794309406 1449991794346456 1449991794309758
1449991794359318 1449991794359416 1449991794398464 1449991794359846
1449991794409303 1449991794409395 1449991794446406 1449991794409746
1449991794459322 1449991794459402 1449991794498499 1449991794459730
1449991794509319 1449991794509401 1449991794546417 1449991794509772
1449991794559279 1449991794559347 1449991794598401 1449991794559595
1449991794609316 1449991794609454 1449991794646462 1449991794609792
1449991794659323 1449991794659415 1449991794698413 1449991794659761
1449991794709277 1449991794709346 1449991794746391 1449991794709587
1449991794759268 1449991794759340 1449991794798391 1449991794759563
1449991794809283 1449991794809376 1449991794846417 1449991794809712
1449991794859262 1449991794859329 1449991794898393 1449991794859565
1449991794909249 1449991794909312 1449991794946409 1449991794909538
1449991794959263 1449991794959317 1449991794998400 1449991794959545
1449991795009266 1449991795009338 1449991795046395 1449991795009587
1449991795059267 1449991795059339 1449991795098380 1449991795059578
1449991795109310 1449991795109403 1449991795146461 1449991795109810
1449991795159320 1449991795159411 1449991795198424 1449991795159747
1449991795209277 1449991795209357 1449991795246394 1449991795209597
1449991795259270 1449991795259342 1449991795298378 1449991795259582
1449991795309257 1449991795309327 1449991795346437 1449991795309493
1449991795359274 1449991795359333 1449991795398426 1449991795359600
1449991795409269 1449991795409335 1449991795446361 1449991795409537
1449991795459255 1449991795459296 1449991795498406 1449991795459440
1449991795509256 1449991795509291 1449991795546378 1449991795509457
1449991795559255 1449991795559289 1449991795598360 1449991795559447
1449991795609270 1449991795609326 1449991795646445 1449991795609608
1449991795659318 1449991795659433 1449991795698403 1449991795659796
1449991795709261 1449991795709313 1449991795746363 1449991795709457
1449991795759254 1449991795759315 1449991795798462 1449991795759465
1449991795809281 1449991795809395 1449991795846402 1449991795809791
1449991795859263 1449991795859318 1449991795898362 1449991795859481
1449991795909254 1449991795909293 1449991795946366 1449991795909483
1449991795959249 1449991795959285 1449991795998372 1449991795959452
1449991796009273 1449991796009340 1449991796046371 1449991796009617
1449991796059262 1449991796059296 1449991796098403 1449991796059465
1449991796109256 1449991796109289 1449991796146439 1449991796109475
1449991796159296 1449991796159389 1449991796198473 1449991796159716
1449991796209302 1449991796209392 1449991796246369 1449991796209705
1449991796259301 1449991796259393 1449991796298479 1449991796259779
1449991796309316 1449991796309412 1449991796346480 1449991796309777
1449991796359311 1449991796359424 1449991796398354 1449991796359723
1449991796409267 1449991796409298 1449991796446380 1449991796409456
1449991796459258 1449991796459290 1449991796498356 1449991796459429
1449991796509262 1449991796509323 1449991796546411 1449991796509477
1449991796559276 1449991796559325 1449991796598382 1449991796559527
1449991796609292 1449991796609340 1449991796646389 1449991796609513
1449991796659267 1449991796659329 1449991796698404 1449991796659488
1449991796709277 1449991796709349 1449991796746367 1449991796709536
1449991796759274 1449991796759304 1449991796798344 1449991796759481
1449991796809259 1449991796809319 1449991796846431 1449991796809463
1449991796859257 1449991796859313 1449991796898491 1449991796859455
1449991796909275 1449991796909338 1449991796946368 1449991796909629
1449991796959289 1449991796959360 1449991796998380 1449991796959587
1449991797009264 1449991797009298 1449991797046384 1449991797009461
1449991797059257 1449991797059310 1449991797098375 1449991797059482
1449991797109277 1449991797109309 1449991797146366 1449991797109584
1449991797159246 1449991797159280 1449991797198419 1449991797159442
1449991797209257 1449991797209306 1449991797246425 1449991797209564
1449991797259277 1449991797259339 1449991797298386 1449991797259607
1449991797309279 1449991797309356 1449991797346456 1449991797309608
1449991797359316 1449991797359407 1449991797398414 1449991797359717
1449991797409274 1449991797409375 1449991797446363 1449991797409570
1449991797459257 1449991797459312 1449991797498488 1449991797459473
1449991797509260 1449991797509348 1449991797546487 1449991797509622
1449991797559287 1449991797559377 1449991797598362 1449991797559730
1449991797609269 1449991797609351 1449991797646408 1449991797609586
1449991797659274 1449991797659343 1449991797698400 1449991797659631
1449991797709256 1449991797709308 1449991797746366 1449991797709467
1449991797759260 1449991797759333 1449991797798367 1449991797759488
1449991797809259 1449991797809319 1449991797846364 1449991797809480
1449991797859273 1449991797859322 1449991797898371 1449991797859479
1449991797909274 1449991797909303 1449991797946418 1449991797909536
1449991797959259 1449991797959321 1449991797998361 1449991797959487
1449991798009251 1449991798009313 1449991798046361 1449991798009457
1449991798059264 1449991798059299 1449991798098378 1449991798059449
1449991798109260 1449991798109307 1449991798146451 1449991798109491
1449991798159314 1449991798159404 1449991798198497 1449991798159712
1449991798209319 1449991798209410 1449991798246369 1449991798209801
1449991798259263 1449991798259297 1449991798298505 1449991798259447
1449991798309272 1449991798309327 1449991798346475 1449991798309647
1449991798359283 1449991798359348 1449991798398360 1449991798359671
1449991798409273 1449991798409313 1449991798446372 1449991798409508
1449991798459252 1449991798459299 1449991798498425 1449991798459508
1449991798509254 1449991798509294 1449991798546351 1449991798509468
1449991798559255 1449991798559295 1449991798598358 1449991798559465
1449991798609256 1449991798609293 1449991798646374 1449991798609448
1449991798659254 1449991798659290 1449991798698366 1449991798659445
1449991798709250 1449991798709284 1449991798746373 1449991798709449
1449991798759247 1449991798759286 1449991798798379 1449991798759462
1449991798809283 1449991798809340 1449991798846346 1449991798809586
1449991798859308 1449991798859424 1449991798898354 1449991798859747
1449991798909285 1449991798909375 1449991798946476 1449991798909603
1449991798959302 1449991798959397 1449991798998422 1449991798959679
1449991799009260 1449991799009304 1449991799046420 1449991799009451
1449991799059276 1449991799059374 1449991799098447 1449991799059718
1449991799109291 1449991799109341 1449991799146413 1449991799109563
1449991799159261 1449991799159342 1449991799198399 1449991799159589
1449991799209249 1449991799209283 1449991799246372 1449991799209455
1449991799259258 1449991799259288 1449991799298379 1449991799259495
1449991799309267 1449991799309306 1449991799346326 1449991799309451
1449991799359255 1449991799359279 1449991799398398 1449991799359407
1449991799409263 1449991799409308 1449991799446394 1449991799409532
1449991799459291 1449991799459380 1449991799498473 1449991799459646
1449991799509315 1449991799509430 1449991799546413 1449991799509735
1449991799559280 1449991799559323 1449991799598370 1449991799559539
1449991799609274 1449991799609304 1449991799646378 1449991799609490
1449991799659271 1449991799659300 1449991799698373 1449991799659509
1449991799709266 1449991799709331 1449991799746391 1449991799709528
1449991799759268 1449991799759297 1449991799798361 1449991799759443
1449991799809310 1449991799809401 1449991799846416 1449991799809723
1449991799859275 1449991799859329 1449991799898369 1449991799859519
1449991799909269 1449991799909342 1449991799946392 1449991799909589
1449991799959268 1449991799959333 1449991799998391 1449991799959574
1449991800009270 1449991800009334 1449991800046387 1449991800009566
1449991800059294 1449991800059364 1449991800098399 1449991800059612
1449991800109270 1449991800109338 1449991800146476 1449991800109619
1449991800159313 1449991800159408 1449991800198421 1449991800159782
1449991800209280 1449991800209367 1449991800246377 1449991800209612
1449991800259255 1449991800259285 1449991800298402 1449991800259493
1449991800309261 1449991800309309 1449991800346414 1449991800309561
1449991800359263 1449991800359334 1449991800398393 1449991800359569
1449991800409255 1449991800409301 1449991800446444 1449991800409574
1449991800459314 1449991800459409 1449991800498459 1449991800459757
1449991800509283 1449991800509371 1449991800546379 1449991800509658
1449991800559268 1449991800559335 1449991800598391 1449991800559536
1449991800609255 1449991800609324 1449991800646357 1449991800609513
1449991800659258 1449991800659315 1449991800698427 1449991800659485
1449991800709268 1449991800709319 1449991800746446 1449991800709561
1449991800759280 1449991800759352 1449991800798356 1449991800759580
1449991800809265 1449991800809321 1449991800846380 1449991800809476
1449991800859276 1449991800859363 1449991800898399 1449991800859608
1449991800909282 1449991800909373 1449991800946470 1449991800909584
1449991800959265 1449991800959326 1449991800998443 1449991800959487
1449991801009298 1449991801009390 1449991801046456 1449991801009657
1449991801059320 1449991801059412 1449991801098495 1449991801059799
1449991801109319 1449991801109415 1449991801146421 1449991801109764
1449991801159322 1449991801159416 1449991801198448 1449991801159699
1449991801209261 1449991801209337 1449991801246473 1449991801209564
1449991801259265 1449991801259359 1449991801298403 1449991801259632
1449991801309257 1449991801309321 1449991801346396 1449991801309519
1449991801359249 1449991801359313 1449991801398354 1449991801359531
1449991801409247 1449991801409304 1449991801446445 1449991801409451
1449991801459292 1449991801459368 1449991801498416 1449991801459713
1449991801509283 1449991801509340 1449991801546391 1449991801509613
1449991801559257 1449991801559321 1449991801598410 1449991801559508
1449991801609304 1449991801609405 1449991801646461 1449991801609772
1449991801659287 1449991801659395 1449991801698458 1449991801659603
1449991801709312 1449991801709377 1449991801746432 1449991801709671
1449991801759281 1449991801759341 1449991801798404 1449991801759668
1449991801809263 1449991801809302 1449991801846369 1449991801809472
1449991801859275 1449991801859334 1449991801898364 1449991801859579
1449991801909283 1449991801909323 1449991801946358 1449991801909481
1449991801959253 1449991801959311 1449991801998361 1449991801959459
1449991802009274 1449991802009332 1449991802046357 1449991802009495
1449991802059261 1449991802059318 1449991802098415 1449991802059476
1449991802109260 1449991802109317 1449991802146483 1449991802109466
1449991802159292 1449991802159386 1449991802198409 1449991802159647
1449991802209262 1449991802209334 1449991802246373 1449991802209581
1449991802259272 1449991802259343 1449991802298481 1449991802259533
1449991802309313 1449991802309416 1449991802346420 1449991802309694
1449991802359260 1449991802359331 1449991802398374 1449991802359546
1449991802409310 1449991802409404 1449991802446389 1449991802409779
1449991802459267 1449991802459333 1449991802498385 1449991802459487
1449991802509258 1449991802509315 1449991802546360 1449991802509477
1449991802559257 1449991802559313 1449991802598401 1449991802559460
1449991802609257 1449991802609312 1449991802646421 1449991802609444
1449991802659276 1449991802659352 1449991802698405 1449991802659592
1449991802709258 1449991802709316 1449991802746366 1449991802709472
1449991802759257 1449991802759313 1449991802798469 1449991802759465
1449991802809267 1449991802809342 1449991802846407 1449991802809695
1449991802859294 1449991802859388 1449991802898460 1449991802859787
1449991802909321 1449991802909414 1449991802946417 1449991802909766
1449991802959263 1449991802959343 1449991802998404 1449991802959614
1449991803009279 1449991803009359 1449991803046368 1449991803009661
1449991803059265 1449991803059322 1449991803098470 1449991803059473
1449991803109281 1449991803109372 1449991803146422 1449991803109759
1449991803159277 1449991803159322 1449991803198418 1449991803159588
1449991803209276 1449991803209345 1449991803246427 1449991803209615
1449991803259263 1449991803259313 1449991803298382 1449991803259469
1449991803309260 1449991803309321 1449991803346360 1449991803309483
1449991803359258 1449991803359323 1449991803398363 1449991803359469
1449991803409257 1449991803409317 1449991803446355 1449991803409475
1449991803459262 1449991803459312 1449991803498428 1449991803459481
1449991803509262 1449991803509346 1449991803546416 1449991803509574
1449991803559258 1449991803559309 1449991803598421 1449991803559443
1449991803609258 1449991803609338 1449991803646404 1449991803609598
1449991803659309 1449991803659399 1449991803698425 1449991803659750
1449991803709315 1449991803709415 1449991803746400 1449991803709754
1449991803759270 1449991803759349 1449991803798415 1449991803759608
1449991803809311 1449991803809403 1449991803846433 1449991803809735
1449991803859267 1449991803859345 1449991803898380 1449991803859559
1449991803909268 1449991803909354 1449991803946352 1449991803909614
1449991803959280 1449991803959334 1449991803998402 1449991803959501
1449991804009263 1449991804009313 1449991804046365 1449991804009578
1449991804059271 1449991804059311 1449991804098386 1449991804059471
1449991804109257 1449991804109305 1449991804146373 1449991804109456
1449991804159253 1449991804159302 1449991804198401 1449991804159458
1449991804209277 1449991804209346 1449991804246415 1449991804209535
1449991804259282 1449991804259361 1449991804298400 1449991804259657
1449991804309261 1449991804309320 1449991804346363 1449991804309503
1449991804359257 1449991804359314 1449991804398416 1449991804359470
1449991804409272 1449991804409326 1449991804446405 1449991804409533
1449991804459317 1449991804459407 1449991804498370 1449991804459718
1449991804509263 1449991804509300 1449991804546482 1449991804509477
1449991804559290 1449991804559356 1449991804598395 1449991804559697
1449991804609284 1449991804609340 1449991804646365 1449991804609506
1449991804659253 1449991804659308 1449991804698413 1449991804659456
1449991804709268 1449991804709306 1449991804746383 1449991804709486
1449991804759254 1449991804759322 1449991804798357 1449991804759565
1449991804809276 1449991804809350 1449991804846489 1449991804809614
1449991804859313 1449991804859394 1449991804898438 1449991804859662
1449991804909278 1449991804909358 1449991804946422 1449991804909579
1449991804959277 1449991804959363 1449991804998407 1449991804959630
1449991805009260 1449991805009325 1449991805046390 1449991805009647
1449991805059255 1449991805059308 1449991805098478 1449991805059460
1449991805109278 1449991805109373 1449991805146489 1449991805109601
1449991805159319 1449991805159411 1449991805198365 1449991805159754
1449991805209263 1449991805209320 1449991805246431 1449991805209476
1449991805259260 1449991805259343 1449991805298464 1449991805259581
1449991805309314 1449991805309406 1449991805346358 1449991805309711
1449991805359257 1449991805359315 1449991805398456 1449991805359481
1449991805409275 1449991805409329 1449991805446465 1449991805409527
1449991805459257 1449991805459303 1449991805498367 1449991805459471
1449991805509249 1449991805509305 1449991805546399 1449991805509459
1449991805559255 1449991805559332 1449991805598362 1449991805559515
1449991805609257 1449991805609312 1449991805646365 1449991805609475
1449991805659255 1449991805659312 1449991805698396 1449991805659517
1449991805709255 1449991805709313 1449991805746382 1449991805709479
1449991805759272 1449991805759355 1449991805798482 1449991805759665
1449991805809282 1449991805809376 1449991805846496 1449991805809681
1449991805859273 1449991805859363 1449991805898367 1449991805859715
1449991805909255 1449991805909316 1449991805946463 1449991805909476
1449991805959283 1449991805959372 1449991805998415 1449991805959680
1449991806009311 1449991806009410 1449991806046372 1449991806009734
1449991806059266 1449991806059325 1449991806098425 1449991806059496
1449991806109299 1449991806109396 1449991806146485 1449991806109749
1449991806159303 1449991806159401 1449991806198356 1449991806159794
1449991806209318 1449991806209400 1449991806246483 1449991806209774
1449991806259294 1449991806259435 1449991806298457 1449991806259775
1449991806309281 1449991806309357 1449991806346368 1449991806309599
1449991806359262 1449991806359313 1449991806398366 1449991806359482
1449991806409256 1449991806409307 1449991806446431 1449991806409477
1449991806459295 1449991806459377 1449991806498371 1449991806459760
