1449991958552244 1449991958552326 1449991958552704 1449991958552722
1449991958602262 1449991958602332 1449991958602534 1449991958602559
1449991958652276 1449991958652336 1449991958652576 1449991958652611
1449991958702250 1449991958702334 1449991958702716 1449991958702760
1449991958752244 1449991958752304 1449991958752533 1449991958752566
1449991958802251 1449991958802328 1449991958802661 1449991958802728
1449991958852246 1449991958852328 1449991958852637 1449991958852686
1449991958902245 1449991958902302 1449991958902599 1449991958902638
1449991958952228 1449991958952279 1449991958952427 1449991958952469
1449991959002235 1449991959002302 1449991959002471 1449991959002502
1449991959052258 1449991959052341 1449991959052712 1449991959052771
1449991959102320 1449991959102409 1449991959102931 1449991959103065
1449991959152281 1449991959152372 1449991959152830 1449991959152910
1449991959202329 1449991959202449 1449991959202936 1449991959203016
1449991959252254 1449991959252333 1449991959252702 1449991959252761
1449991959302247 1449991959302299 1449991959302615 1449991959302659
1449991959352245 1449991959352274 1449991959352584 1449991959352632
1449991959402252 1449991959402307 1449991959402646 1449991959402706
1449991959452253 1449991959452318 1449991959452565 1449991959452606
1449991959502254 1449991959502350 1449991959502543 1449991959502555
1449991959552237 1449991959552309 1449991959552479 1449991959552535
1449991959602250 1449991959602323 1449991959602683 1449991959602737
1449991959652248 1449991959652277 1449991959652575 1449991959652620
1449991959702245 1449991959702301 1449991959702627 1449991959702693
1449991959752238 1449991959752271 1449991959752502 1449991959752551
1449991959802238 1449991959802305 1449991959802514 1449991959802543
1449991959852435 1449991959852492 1449991959852849 1449991959852890
1449991959902250 1449991959902357 1449991959902745 1449991959902806
1449991959952255 1449991959952315 1449991959952678 1449991959952736
1449991960002255 1449991960002335 1449991960002715 1449991960002770
1449991960052236 1449991960052300 1449991960052454 1449991960052482
1449991960102259 1449991960102334 1449991960102647 1449991960102703
1449991960152327 1449991960152402 1449991960152854 1449991960152927
1449991960202256 1449991960202323 1449991960202699 1449991960202753
1449991960252245 1449991960252331 1449991960252658 1449991960252698
1449991960302243 1449991960302315 1449991960302642 1449991960302737
1449991960352229 1449991960352297 1449991960352618 1449991960352675
1449991960402248 1449991960402323 1449991960402678 1449991960402743
1449991960452248 1449991960452334 1449991960452695 1449991960452786
1449991960502337 1449991960502429 1449991960502895 1449991960502963
1449991960552269 1449991960552338 1449991960552831 1449991960552900
1449991960602259 1449991960602364 1449991960602735 1449991960602785
1449991960652269 1449991960652319 1449991960652678 1449991960652729
1449991960702324 1449991960702392 1449991960702828 1449991960702898
1449991960752237 1449991960752309 1449991960752667 1449991960752715
1449991960802228 1449991960802322 1449991960802624 1449991960802683
1449991960852230 1449991960852297 1449991960852643 1449991960852682
1449991960902246 1449991960902311 1449991960902657 1449991960902698
1449991960952252 1449991960952330 1449991960952750 1449991960952807
1449991961002252 1449991961002326 1449991961002679 1449991961002719
1449991961052245 1449991961052285 1449991961052560 1449991961052576
1449991961102326 1449991961102419 1449991961102876 1449991961102949
1449991961152289 1449991961152377 1449991961152844 1449991961152922
1449991961202231 1449991961202259 1449991961202425 1449991961202451
1449991961252229 1449991961252292 1449991961252580 1449991961252619
1449991961302235 1449991961302332 1449991961302641 1449991961302695
1449991961352230 1449991961352288 1449991961352467 1449991961352493
1449991961402237 1449991961402300 1449991961402533 1449991961402563
1449991961452235 1449991961452314 1449991961452620 1449991961452685
1449991961502238 1449991961502293 1449991961502507 1449991961502546
1449991961552233 1449991961552264 1449991961552496 1449991961552549
1449991961602239 1449991961602323 1449991961602582 1449991961602610
1449991961652240 1449991961652363 1449991961652696 1449991961652775
1449991961702235 1449991961702295 1449991961702625 1449991961702681
1449991961752229 1449991961752258 1449991961752582 1449991961752634
1449991961802227 1449991961802255 1449991961802565 1449991961802618
1449991961852229 1449991961852294 1449991961852636 1449991961852703
1449991961902227 1449991961902256 1449991961902574 1449991961902614
1449991961952228 1449991961952255 1449991961952504 1449991961952530
1449991962002235 1449991962002328 1449991962002691 1449991962002740
1449991962052231 1449991962052296 1449991962052636 1449991962052685
1449991962102228 1449991962102331 1449991962102609 1449991962102659
1449991962152229 1449991962152302 1449991962152674 1449991962152726
1449991962202315 1449991962202380 1449991962202863 1449991962202945
1449991962252242 1449991962252309 1449991962252684 1449991962252739
1449991962302229 1449991962302315 1449991962302675 1449991962302727
1449991962352276 1449991962352375 1449991962352750 1449991962352814
1449991962402240 1449991962402311 1449991962402509 1449991962402551
1449991962452251 1449991962452287 1449991962452518 1449991962453745
1449991962502249 1449991962502348 1449991962502673 1449991962502721
1449991962552248 1449991962552280 1449991962552456 1449991962552483
1449991962602242 1449991962602334 1449991962602700 1449991962602807
1449991962652252 1449991962652300 1449991962652653 1449991962652694
1449991962702223 1449991962702251 1449991962702546 1449991962702581
1449991962752238 1449991962752293 1449991962752669 1449991962752715
1449991962802252 1449991962802331 1449991962802589 1449991962802793
1449991962852245 1449991962852306 1449991962852662 1449991962852723
1449991962902235 1449991962902265 1449991962902444 1449991962902470
1449991962952253 1449991962952295 1449991962952518 1449991962952552
1449991963002228 1449991963002261 1449991963002529 1449991963002580
1449991963052274 1449991963052392 1449991963052921 1449991963053035
1449991963102337 1449991963102416 1449991963102905 1449991963102991
1449991963152240 1449991963152302 1449991963152467 1449991963152496
1449991963202241 1449991963202328 1449991963202712 1449991963202765
1449991963252233 1449991963252306 1449991963252650 1449991963252690
1449991963302226 1449991963302325 1449991963302664 1449991963302702
1449991963352224 1449991963352296 1449991963352627 1449991963352666
1449991963402225 1449991963402346 1449991963402683 1449991963402721
1449991963452226 1449991963452289 1449991963452521 1449991963453501
1449991963502266 1449991963502413 1449991963502891 1449991963502953
1449991963552337 1449991963552387 1449991963552695 1449991963552750
1449991963602254 1449991963602342 1449991963602729 1449991963602787
1449991963652282 1449991963652350 1449991963652710 1449991963652760
1449991963702269 1449991963702399 1449991963702666 1449991963702707
1449991963752277 1449991963752384 1449991963752708 1449991963752768
1449991963802254 1449991963802344 1449991963802576 1449991963802606
1449991963852258 1449991963852356 1449991963852652 1449991963852708
1449991963902252 1449991963902324 1449991963902508 1449991963902527
1449991963952224 1449991963952247 1449991963952404 1449991963952435
1449991964002339 1449991964002465 1449991964002690 1449991964002720
1449991964052237 1449991964052362 1449991964052565 1449991964052584
1449991964102258 1449991964102406 1449991964102982 1449991964103181
1449991964152316 1449991964152391 1449991964152739 1449991964152930
1449991964202230 1449991964202257 1449991964202586 1449991964202630
1449991964252226 1449991964252261 1449991964252599 1449991964252646
1449991964302226 1449991964302258 1449991964302630 1449991964302693
1449991964352224 1449991964352253 1449991964352584 1449991964352636
1449991964402224 1449991964402251 1449991964402584 1449991964402636
1449991964452224 1449991964452306 1449991964452579 1449991964452884
1449991964502256 1449991964502347 1449991964502815 1449991964502889
1449991964552252 1449991964552319 1449991964552661 1449991964552704
1449991964602236 1449991964602303 1449991964602649 1449991964602685
1449991964652235 1449991964652266 1449991964652598 1449991964652635
1449991964702244 1449991964702313 1449991964702623 1449991964702676
1449991964752231 1449991964752278 1449991964752419 1449991964752452
1449991964802242 1449991964802372 1449991964802613 1449991964802684
1449991964852296 1449991964852398 1449991964852675 1449991964852749
1449991964902235 1449991964902256 1449991964902602 1449991964902671
1449991964952244 1449991964952312 1449991964952642 1449991964952703
1449991965002245 1449991965002317 1449991965002633 1449991965002680
1449991965052252 1449991965052320 1449991965052639 1449991965052703
1449991965102261 1449991965102386 1449991965102876 1449991965102984
1449991965152325 1449991965152453 1449991965152938 1449991965153020
1449991965202338 1449991965202428 1449991965202912 1449991965202991
1449991965252259 1449991965252344 1449991965252668 1449991965252729
1449991965302229 1449991965302253 1449991965302594 1449991965302647
1449991965352239 1449991965352323 1449991965352713 1449991965352768
1449991965402329 1449991965402396 1449991965402881 1449991965402962
1449991965452237 1449991965452313 1449991965452608 1449991965452962
1449991965502318 1449991965502438 1449991965502927 1449991965503003
1449991965552257 1449991965552295 1449991965552631 1449991965552674
1449991965602229 1449991965602328 1449991965602644 1449991965602690
1449991965652226 1449991965652292 1449991965652533 1449991965652549
1449991965702224 1449991965702252 1449991965702573 1449991965702589
1449991965752225 1449991965752251 1449991965752562 1449991965752604
1449991965802269 1449991965802387 1449991965802916 1449991965803000
1449991965852352 1449991965852467 1449991965852975 1449991965853052
1449991965902252 1449991965902329 1449991965902698 1449991965902757
1449991965952232 1449991965952272 1449991965952625 1449991965952669
1449991966002330 1449991966002421 1449991966002922 1449991966002998
1449991966052236 1449991966052307 1449991966052651 1449991966053015
1449991966102226 1449991966102326 1449991966102570 1449991966102626
1449991966152242 1449991966152333 1449991966152805 1449991966152877
1449991966202239 1449991966202338 1449991966202701 1449991966202752
1449991966252247 1449991966252278 1449991966252604 1449991966252643
1449991966302246 1449991966302303 1449991966302629 1449991966302676
1449991966352246 1449991966352277 1449991966352606 1449991966352650
1449991966402246 1449991966402306 1449991966402638 1449991966402682
1449991966452287 1449991966452378 1449991966452757 1449991966452825
1449991966502335 1449991966502427 1449991966502928 1449991966503002
1449991966552252 1449991966552345 1449991966552708 1449991966552757
1449991966602247 1449991966602311 1449991966602664 1449991966602717
1449991966652229 1449991966652291 1449991966652628 1449991966652673
1449991966702244 1449991966702305 1449991966702633 1449991966702673
1449991966752245 1449991966752274 1449991966752599 1449991966752641
1449991966802245 1449991966802307 1449991966802619 1449991966802701
1449991966852289 1449991966852379 1449991966852886 1449991966852952
1449991966902237 1449991966902330 1449991966902687 1449991966902735
1449991966952228 1449991966952291 1449991966952634 1449991966952675
1449991967002336 1449991967002429 1449991967002906 1449991967002974
1449991967052239 1449991967052277 1449991967052615 1449991967052661
1449991967102226 1449991967102328 1449991967102650 1449991967102707
1449991967152256 1449991967152344 1449991967152833 1449991967152901
1449991967202234 1449991967202270 1449991967202618 1449991967202660
1449991967252227 1449991967252282 1449991967252596 1449991967252637
1449991967302224 1449991967302251 1449991967302600 1449991967302643
1449991967352285 1449991967352379 1449991967352868 1449991967352933
1449991967402254 1449991967402330 1449991967402672 1449991967402715
1449991967452231 1449991967452293 1449991967452602 1449991967452834
1449991967502269 1449991967502403 1449991967502870 1449991967502938
1449991967552280 1449991967552319 1449991967552681 1449991967552728
1449991967602230 1449991967602348 1449991967602682 1449991967602735
1449991967652224 1449991967652289 1449991967652638 1449991967652682
1449991967702224 1449991967702250 1449991967702584 1449991967702626
1449991967752228 1449991967752269 1449991967752642 1449991967752683
1449991967802332 1449991967802419 1449991967802926 1449991967803045
1449991967852253 1449991967852332 1449991967852682 1449991967852759
1449991967902254 1449991967902330 1449991967902656 1449991967902714
1449991967952233 1449991967952333 1449991967952631 1449991967952649
1449991968002227 1449991968002321 1449991968002663 1449991968002697
1449991968052229 1449991968052302 1449991968052650 1449991968052698
1449991968102245 1449991968102312 1449991968102642 1449991968102702
1449991968152278 1449991968152367 1449991968152863 1449991968152960
1449991968202265 1449991968202328 1449991968202492 1449991968202524
1449991968252274 1449991968252347 1449991968252708 1449991968252759
1449991968302334 1449991968302454 1449991968302955 1449991968303033
1449991968352257 1449991968352341 1449991968352722 1449991968352778
1449991968402254 1449991968402340 1449991968402710 1449991968402792
1449991968452251 1449991968452315 1449991968452619 1449991968452699
1449991968502331 1449991968502403 1449991968502838 1449991968502915
1449991968552240 1449991968552275 1449991968552631 1449991968552688
1449991968602232 1449991968602288 1449991968602615 1449991968602685
1449991968652233 1449991968652280 1449991968652599 1449991968652659
1449991968702218 1449991968702231 1449991968702454 1449991968702504
1449991968752227 1449991968752256 1449991968752587 1449991968752647
1449991968802228 1449991968802257 1449991968802574 1449991968802655
1449991968852285 1449991968852352 1449991968852817 1449991968852895
1449991968902245 1449991968902323 1449991968902711 1449991968902776
1449991968952255 1449991968952309 1449991968952689 1449991968952746
1449991969002255 1449991969002342 1449991969002724 1449991969002781
1449991969052266 1449991969052334 1449991969052800 1449991969052880
1449991969102254 1449991969102335 1449991969102635 1449991969103181
1449991969152278 1449991969152370 1449991969152797 1449991969152868
1449991969202237 1449991969202317 1449991969202676 1449991969202728
1449991969252229 1449991969252292 1449991969252619 1449991969252659
1449991969302229 1449991969302327 1449991969302653 1449991969302706
1449991969352264 1449991969352407 1449991969352800 1449991969352856
1449991969402235 1449991969402319 1449991969402538 1449991969402567
1449991969452224 1449991969452274 1449991969452433 1449991969452987
1449991969502238 1449991969502305 1449991969502545 1449991969502576
1449991969552234 1449991969552273 1449991969552461 1449991969552497
1449991969602256 1449991969602313 1449991969602529 1449991969602559
1449991969652287 1449991969652333 1449991969690487 1449991969652682
1449991969702254 1449991969702347 1449991969742433 1449991969702648
1449991969752249 1449991969752288 1449991969790433 1449991969752573
1449991969802245 1449991969802317 1449991969842426 1449991969802649
1449991969852248 1449991969852288 1449991969890442 1449991969852587
1449991969902244 1449991969902313 1449991969942440 1449991969902619
1449991969952233 1449991969952277 1449991969990357 1449991969952570
1449991970002313 1449991970002386 1449991970042458 1449991970002744
1449991970052247 1449991970052332 1449991970090460 1449991970052513
1449991970102252 1449991970102331 1449991970142370 1449991970102632
1449991970152235 1449991970152281 1449991970190517 1449991970152499
1449991970202248 1449991970202332 1449991970242429 1449991970202684
1449991970252250 1449991970252315 1449991970290533 1449991970252616
1449991970302255 1449991970302340 1449991970342504 1449991970302661
1449991970352263 1449991970352352 1449991970390536 1449991970352729
1449991970402322 1449991970402439 1449991970442460 1449991970402901
1449991970452263 1449991970452354 1449991970490450 1449991970452852
1449991970502239 1449991970502317 1449991970542420 1449991970502609
1449991970552230 1449991970552272 1449991970590432 1449991970552543
1449991970602253 1449991970602352 1449991970642471 1449991970602742
1449991970652246 1449991970652330 1449991970690436 1449991970652618
1449991970702258 1449991970702349 1449991970742506 1449991970702756
1449991970752285 1449991970752410 1449991970790441 1449991970752795
1449991970802270 1449991970802404 1449991970842449 1449991970802890
1449991970852299 1449991970852375 1449991970890498 1449991970852697
1449991970902255 1449991970902333 1449991970942468 1449991970902656
1449991970952243 1449991970952324 1449991970990450 1449991970952624
1449991971002240 1449991971002313 1449991971042389 1449991971002508
1449991971052225 1449991971052244 1449991971090449 1449991971052384
1449991971102390 1449991971102432 1449991971142425 1449991971102582
1449991971152249 1449991971152345 1449991971190402 1449991971152681
1449991971202243 1449991971202312 1449991971242403 1449991971202497
1449991971252238 1449991971252294 1449991971290358 1449991971252449
1449991971302252 1449991971302375 1449991971342521 1449991971302714
1449991971352291 1449991971352380 1449991971390440 1449991971352800
1449991971402255 1449991971402327 1449991971442406 1449991971402598
1449991971452292 1449991971452426 1449991971490445 1449991971452934
1449991971502263 1449991971502453 1449991971542517 1449991971502610
1449991971552298 1449991971552388 1449991971590368 1449991971552784
1449991971602256 1449991971602341 1449991971642458 1449991971602669
1449991971652296 1449991971652370 1449991971690441 1449991971652695
1449991971702247 1449991971702311 1449991971742442 1449991971702600
1449991971752234 1449991971752309 1449991971790525 1449991971752605
1449991971802240 1449991971802345 1449991971842440 1449991971802676
1449991971852240 1449991971852319 1449991971890426 1449991971852608
1449991971902248 1449991971902315 1449991971942423 1449991971902597
1449991971952231 1449991971952306 1449991971990407 1449991971952577
1449991972002234 1449991972002288 1449991972042433 1449991972002566
1449991972052233 1449991972052306 1449991972090428 1449991972052574
1449991972102232 1449991972102268 1449991972142452 1449991972102579
1449991972152250 1449991972152353 1449991972190404 1449991972152653
1449991972202249 1449991972202298 1449991972242436 1449991972202572
1449991972252245 1449991972252279 1449991972290425 1449991972252550
1449991972302244 1449991972302295 1449991972342427 1449991972302562
1449991972352236 1449991972352309 1449991972390413 1449991972352606
1449991972402245 1449991972402300 1449991972442370 1449991972402581
1449991972452232 1449991972452283 1449991972490450 1449991972452437
1449991972502244 1449991972502321 1449991972542423 1449991972502580
1449991972552249 1449991972552314 1449991972590425 1449991972552597
1449991972602244 1449991972602316 1449991972642428 1449991972602586
1449991972652246 1449991972652313 1449991972690444 1449991972652594
1449991972702233 1449991972702298 1449991972742433 1449991972702566
1449991972752248 1449991972752281 1449991972790339 1449991972752568
1449991972802230 1449991972802262 1449991972842449 1449991972802409
1449991972852231 1449991972852290 1449991972890429 1449991972852545
1449991972902247 1449991972902312 1449991972942428 1449991972902585
1449991972952247 1449991972952314 1449991972990434 1449991972952615
1449991973002244 1449991973002316 1449991973042432 1449991973002571
1449991973052244 1449991973052279 1449991973090434 1449991973052501
1449991973102231 1449991973102266 1449991973142426 1449991973102571
1449991973152288 1449991973152377 1449991973190450 1449991973152767
1449991973202256 1449991973202344 1449991973242499 1449991973202641
1449991973252251 1449991973252320 1449991973290435 1449991973252638
1449991973302236 1449991973302268 1449991973342447 1449991973302458
1449991973352260 1449991973352340 1449991973390380 1449991973352728
1449991973402255 1449991973402324 1449991973442344 1449991973402658
1449991973452252 1449991973452309 1449991973490406 1449991973452564
1449991973502253 1449991973502336 1449991973542364 1449991973502652
1449991973552234 1449991973552300 1449991973590379 1449991973552443
1449991973602230 1449991973602326 1449991973642480 1449991973602508
1449991973652250 1449991973652329 1449991973690418 1449991973652552
1449991973702248 1449991973702312 1449991973742449 1449991973702524
1449991973752248 1449991973752324 1449991973790441 1449991973752548
1449991973802249 1449991973802311 1449991973842426 1449991973802534
1449991973852246 1449991973852308 1449991973890431 1449991973852492
1449991973902254 1449991973902331 1449991973942373 1449991973902524
1449991973952232 1449991973952265 1449991973990376 1449991973952434
1449991974002229 1449991974002260 1449991974042372 1449991974002447
1449991974052229 1449991974052271 1449991974090474 1449991974052449
1449991974102258 1449991974102317 1449991974142428 1449991974102495
1449991974152227 1449991974152288 1449991974190379 1449991974152435
1449991974202259 1449991974202326 1449991974242357 1449991974202503
1449991974252251 1449991974252313 1449991974290376 1449991974252481
1449991974302248 1449991974302316 1449991974342362 1449991974302462
1449991974352228 1449991974352274 1449991974390361 1449991974352413
1449991974402224 1449991974402249 1449991974442365 1449991974402397
1449991974452227 1449991974452277 1449991974490374 1449991974452417
1449991974502223 1449991974502248 1449991974542358 1449991974502442
1449991974552224 1449991974552260 1449991974590376 1449991974552409
1449991974602237 1449991974602299 1449991974642385 1449991974602448
1449991974652237 1449991974652288 1449991974690464 1449991974652439
1449991974702250 1449991974702297 1449991974742470 1449991974702468
1449991974752238 1449991974752291 1449991974790377 1449991974752526
1449991974802237 1449991974802317 1449991974842358 1449991974802470
1449991974852230 1449991974852281 1449991974890373 1449991974852442
1449991974902256 1449991974902312 1449991974942514 1449991974902618
1449991974952251 1449991974952328 1449991974990443 1449991974952667
1449991975002259 1449991975002311 1449991975042439 1449991975002613
1449991975052287 1449991975052323 1449991975090433 1449991975052629
1449991975102241 1449991975102299 1449991975142362 1449991975102514
1449991975152233 1449991975152288 1449991975190386 1449991975152467
1449991975202229 1449991975202298 1449991975242398 1449991975202463
1449991975252238 1449991975252279 1449991975290350 1449991975252555
1449991975302234 1449991975302384 1449991975342405 1449991975302543
1449991975352237 1449991975352295 1449991975390356 1449991975352506
1449991975402244 1449991975402370 1449991975442357 1449991975402535
1449991975452233 1449991975452288 1449991975490380 1449991975452526
1449991975502241 1449991975502305 1449991975542472 1449991975502506
1449991975552252 1449991975552332 1449991975590531 1449991975552595
1449991975602337 1449991975602405 1449991975642519 1449991975602817
1449991975652262 1449991975652346 1449991975690475 1449991975652640
1449991975702256 1449991975702316 1449991975742416 1449991975702630
1449991975752248 1449991975752277 1449991975790520 1449991975752493
1449991975802316 1449991975802406 1449991975842485 1449991975802814
1449991975852260 1449991975852314 1449991975890401 1449991975852659
1449991975902250 1449991975902314 1449991975942402 1449991975902588
1449991975952244 1449991975952271 1449991975990401 1449991975952554
1449991976002258 1449991976002341 1449991976042424 1449991976002651
1449991976052269 1449991976052312 1449991976090429 1449991976052553
1449991976102250 1449991976102331 1449991976142409 1449991976102608
1449991976152262 1449991976152354 1449991976190420 1449991976152795
1449991976202251 1449991976202304 1449991976242414 1449991976202568
1449991976252245 1449991976252293 1449991976290399 1449991976252570
1449991976302245 1449991976302294 1449991976342410 1449991976302552
1449991976352251 1449991976352282 1449991976390390 1449991976352530
1449991976402246 1449991976402292 1449991976442410 1449991976402558
1449991976452245 1449991976452278 1449991976490481 1449991976452561
1449991976502248 1449991976502334 1449991976542424 1449991976502590
1449991976552251 1449991976552284 1449991976590420 1449991976552495
1449991976602237 1449991976602314 1449991976642400 1449991976602580
1449991976652245 1449991976652274 1449991976690394 1449991976652511
1449991976702246 1449991976702312 1449991976742409 1449991976702560
1449991976752247 1449991976752274 1449991976790416 1449991976752548
1449991976802327 1449991976802417 1449991976842516 1449991976802868
1449991976852292 1449991976852383 1449991976890450 1449991976852792
1449991976902252 1449991976902309 1449991976942409 1449991976902577
1449991976952247 1449991976952296 1449991976990397 1449991976952582
1449991977002245 1449991977002291 1449991977042427 1449991977002563
1449991977052245 1449991977052306 1449991977090414 1449991977052564
1449991977102307 1449991977102402 1449991977142443 1449991977102918
1449991977152259 1449991977152301 1449991977190411 1449991977152601
1449991977202247 1449991977202295 1449991977242413 1449991977202561
1449991977252247 1449991977252276 1449991977290412 1449991977252573
1449991977302319 1449991977302435 1449991977342441 1449991977302874
1449991977352293 1449991977352385 1449991977390442 1449991977352858
1449991977402343 1449991977402435 1449991977442412 1449991977402870
1449991977452253 1449991977452288 1449991977490541 1449991977452613
1449991977502327 1449991977502415 1449991977542437 1449991977502847
1449991977552243 1449991977552277 1449991977590430 1449991977552566
1449991977602442 1449991977602515 1449991977642434 1449991977602809
1449991977652249 1449991977652304 1449991977690520 1449991977652588
1449991977702327 1449991977702418 1449991977742434 1449991977702817
1449991977752255 1449991977752328 1449991977790510 1449991977752616
1449991977802330 1449991977802420 1449991977842523 1449991977802906
1449991977852291 1449991977852381 1449991977890470 1449991977852810
1449991977902237 1449991977902300 1449991977942419 1449991977902601
1449991977952237 1449991977952307 1449991977990513 1449991977952606
1449991978002237 1449991978002334 1449991978042401 1449991978002640
1449991978052235 1449991978052263 1449991978090426 1449991978052540
1449991978102243 1449991978102306 1449991978142435 1449991978102626
1449991978152246 1449991978152308 1449991978190429 1449991978152613
1449991978202230 1449991978202323 1449991978242397 1449991978202591
1449991978252226 1449991978252251 1449991978290445 1449991978252508
1449991978302229 1449991978302290 1449991978342432 1449991978302403
1449991978352229 1449991978352282 1449991978390430 1449991978352550
1449991978402228 1449991978402259 1449991978442460 1449991978402559
1449991978452288 1449991978452377 1449991978490516 1449991978452850
1449991978502339 1449991978502429 1449991978542448 1449991978502854
1449991978552254 1449991978552295 1449991978590343 1449991978552564
1449991978602248 1449991978602323 1449991978642443 1449991978602593
1449991978652230 1449991978652262 1449991978690432 1449991978652397
1449991978702244 1449991978702335 1449991978742427 1449991978702621
1449991978752246 1449991978752284 1449991978790428 1449991978752543
1449991978802308 1449991978802379 1449991978842403 1449991978802656
1449991978852240 1449991978852299 1449991978890439 1449991978852571
1449991978902233 1449991978902316 1449991978942449 1449991978902566
1449991978952234 1449991978952320 1449991978990388 1449991978952583
1449991979002252 1449991979002328 1449991979042367 1449991979002523
1449991979052233 1449991979052265 1449991979090360 1449991979052412
1449991979102224 1449991979102256 1449991979142391 1449991979102406
1449991979152236 1449991979152273 1449991979190494 1449991979152527
1449991979202255 1449991979202323 1449991979242538 1449991979202583
1449991979252266 1449991979252321 1449991979290526 1449991979252722
1449991979302343 1449991979302435 1449991979342526 1449991979302864
1449991979352244 1449991979352334 1449991979390520 1449991979352679
1449991979402246 1449991979402354 1449991979442374 1449991979402659
1449991979452246 1449991979452335 1449991979490388 1449991979452750
1449991979502242 1449991979502306 1449991979542453 1449991979502520
1449991979552232 1449991979552295 1449991979590389 1449991979552460
1449991979602231 1449991979602311 1449991979642366 1449991979602514
1449991979652228 1449991979652286 1449991979690381 1449991979652439
1449991979702230 1449991979702293 1449991979742365 1449991979702457
1449991979752232 1449991979752268 1449991979790390 1449991979752416
1449991979802244 1449991979802329 1449991979842527 1449991979802573
1449991979852261 1449991979852317 1449991979890525 1449991979852666
1449991979902260 1449991979902330 1449991979942528 1449991979902730
1449991979952305 1449991979952361 1449991979990430 1449991979952678
1449991980002250 1449991980002303 1449991980042436 1449991980002570
1449991980052236 1449991980052268 1449991980090437 1449991980052523
1449991980102258 1449991980102378 1449991980142525 1449991980102860
1449991980152302 1449991980152392 1449991980190529 1449991980152801
1449991980202258 1449991980202354 1449991980242359 1449991980202682
1449991980252276 1449991980252333 1449991980290441 1449991980252559
1449991980302232 1449991980302307 1449991980342484 1449991980302529
1449991980352235 1449991980352293 1449991980390356 1449991980352491
1449991980402235 1449991980402265 1449991980442380 1449991980402441
1449991980452235 1449991980452301 1449991980490362 1449991980452476
1449991980502257 1449991980502306 1449991980542518 1449991980502543
1449991980552255 1449991980552343 1449991980590436 1449991980552738
1449991980602251 1449991980602301 1449991980642520 1449991980602577
1449991980652256 1449991980652342 1449991980690507 1449991980652676
1449991980702245 1449991980702313 1449991980742508 1449991980702614
1449991980752278 1449991980752371 1449991980790474 1449991980752789
1449991980802263 1449991980802418 1449991980842483 1449991980802794
1449991980852301 1449991980852355 1449991980890470 1449991980852665
1449991980902245 1449991980902319 1449991980942399 1449991980902646
1449991980952290 1449991980952380 1449991980990386 1449991980952770
1449991981002241 1449991981002299 1449991981042396 1449991981002493
1449991981052224 1449991981052278 1449991981090386 1449991981052447
1449991981102233 1449991981102312 1449991981142393 1449991981102580
1449991981152232 1449991981152295 1449991981190536 1449991981152462
1449991981202253 1449991981202341 1449991981242523 1449991981202680
1449991981252272 1449991981252364 1449991981290525 1449991981252782
1449991981302265 1449991981302400 1449991981342525 1449991981302874
1449991981352294 1449991981352383 1449991981390420 1449991981352724
1449991981402249 1449991981402320 1449991981442453 1449991981402605
1449991981452282 1449991981452350 1449991981490472 1449991981452981
1449991981502240 1449991981502340 1449991981542509 1449991981502659
1449991981552246 1449991981552300 1449991981590502 1449991981552677
1449991981602247 1449991981602339 1449991981642516 1449991981602773
1449991981652261 1449991981652335 1449991981690461 1449991981652651
1449991981702326 1449991981702394 1449991981742522 1449991981702821
1449991981752271 1449991981752362 1449991981790467 1449991981752795
1449991981802333 1449991981802426 1449991981842442 1449991981802908
1449991981852256 1449991981852312 1449991981890419 1449991981852578
1449991981902249 1449991981902305 1449991981942422 1449991981902556
1449991981952237 1449991981952271 1449991981990431 1449991981952529
1449991982002248 1449991982002317 1449991982042433 1449991982002611
1449991982052287 1449991982052381 1449991982090451 1449991982052819
1449991982102257 1449991982102331 1449991982142413 1449991982102641
1449991982152258 1449991982152286 1449991982190395 1449991982152432
1449991982202225 1449991982202300 1449991982242366 1449991982202466
1449991982252236 1449991982252275 1449991982290383 1449991982252459
1449991982302232 1449991982302297 1449991982342381 1449991982302511
1449991982352244 1449991982352309 1449991982390375 1449991982352466
1449991982402230 1449991982402294 1449991982442374 1449991982402448
1449991982452253 1449991982452343 1449991982490360 1449991982452559
1449991982502238 1449991982502297 1449991982542467 1449991982502456
1449991982552248 1449991982552302 1449991982590437 1449991982552594
1449991982602252 1449991982602299 1449991982642368 1449991982602461
1449991982652244 1449991982652289 1449991982690420 1449991982652579
1449991982702241 1449991982702270 1449991982742356 1449991982702563
1449991982752245 1449991982752294 1449991982790364 1449991982752592
1449991982802257 1449991982802305 1449991982842372 1449991982802609
1449991982852254 1449991982852296 1449991982890376 1449991982852524
1449991982902238 1449991982902306 1449991982942366 1449991982902517
1449991982952232 1449991982952295 1449991982990375 1449991982952458
1449991983002237 1449991983002300 1449991983042366 1449991983002458
1449991983052238 1449991983052298 1449991983090467 1449991983052454
1449991983102249 1449991983102333 1449991983142526 1449991983102639
1449991983152280 1449991983152374 1449991983190433 1449991983152809
1449991983202245 1449991983202295 1449991983242471 1449991983202454
1449991983252238 1449991983252312 1449991983290386 1449991983252660
1449991983302242 1449991983302290 1449991983342371 1449991983302434
1449991983352231 1449991983352264 1449991983390373 1449991983352421
1449991983402233 1449991983402267 1449991983442357 1449991983402446
1449991983452232 1449991983452265 1449991983490379 1449991983452436
1449991983502225 1449991983502264 1449991983542376 1449991983502431
1449991983552237 1449991983552275 1449991983590385 1449991983552517
1449991983602230 1449991983602265 1449991983642371 1449991983602441
1449991983652254 1449991983652310 1449991983690373 1449991983652532
1449991983702256 1449991983702298 1449991983742365 1449991983702473
1449991983752260 1449991983752293 1449991983790371 1449991983752465
1449991983802316 1449991983802491 1449991983842368 1449991983802876
1449991983852241 1449991983852295 1449991983890421 1449991983852449
1449991983902251 1449991983902315 1449991983942393 1449991983902682
1449991983952231 1449991983952263 1449991983990353 1449991983952463
1449991984002230 1449991984002257 1449991984042350 1449991984002413
1449991984052234 1449991984052289 1449991984090363 1449991984052464
1449991984102252 1449991984102336 1449991984142358 1449991984102653
1449991984152236 1449991984152290 1449991984190352 1449991984152459
1449991984202233 1449991984202260 1449991984242428 1449991984202410
1449991984252236 1449991984252270 1449991984290361 1449991984252431
1449991984302232 1449991984302261 1449991984342373 1449991984302417
1449991984352232 1449991984352290 1449991984390385 1449991984352470
1449991984402231 1449991984402310 1449991984442380 1449991984402485
1449991984452234 1449991984452288 1449991984490438 1449991984452441
1449991984502238 1449991984502315 1449991984542417 1449991984502612
1449991984552244 1449991984552311 1449991984590371 1449991984552549
1449991984602228 1449991984602302 1449991984642376 1449991984602499
1449991984652232 1449991984652290 1449991984690372 1449991984652465
1449991984702226 1449991984702260 1449991984742382 1449991984702429
1449991984752236 1449991984752273 1449991984790358 1449991984752484
1449991984802229 1449991984802262 1449991984842358 1449991984802420
1449991984852229 1449991984852261 1449991984890378 1449991984852417
1449991984902225 1449991984902257 1449991984942375 1449991984902422
1449991984952230 1449991984952261 1449991984990379 1449991984952423
1449991985002234 1449991985002292 1449991985042348 1449991985002496
1449991985052222 1449991985052249 1449991985090371 1449991985052391
1449991985102229 1449991985102262 1449991985142360 1449991985102544
1449991985152229 1449991985152284 1449991985190496 1449991985152454
1449991985202251 1449991985202328 1449991985242395 1449991985202630
1449991985252231 1449991985252293 1449991985290431 1449991985252577
1449991985302236 1449991985302327 1449991985342349 1449991985302637
1449991985352234 1449991985352288 1449991985390451 1449991985352436
1449991985402246 1449991985402313 1449991985442462 1449991985402567
1449991985452252 1449991985452331 1449991985490444 1449991985452664
1449991985502225 1449991985502278 1449991985542449 1449991985502405
1449991985552234 1449991985552274 1449991985590430 1449991985552567
1449991985602316 1449991985602376 1449991985642379 1449991985602589
1449991985652240 1449991985652267 1449991985690370 1449991985652516
1449991985702246 1449991985702302 1449991985742372 1449991985702454
1449991985752234 1449991985752263 1449991985790361 1449991985752456
1449991985802251 1449991985802303 1449991985842374 1449991985802506
1449991985852231 1449991985852283 1449991985890386 1449991985852469
1449991985902249 1449991985902396 1449991985942432 1449991985902674
1449991985952251 1449991985952322 1449991985990475 1449991985952531
1449991986002320 1449991986002410 1449991986042533 1449991986002741
1449991986052285 1449991986052383 1449991986090536 1449991986052803
1449991986102296 1449991986102386 1449991986142450 1449991986102850
1449991986152266 1449991986152347 1449991986190510 1449991986152747
1449991986202261 1449991986202329 1449991986242479 1449991986202564
1449991986252274 1449991986252330 1449991986290389 1449991986252547
1449991986302229 1449991986302298 1449991986342395 1449991986302450
1449991986352228 1449991986352279 1449991986390388 1449991986352433
1449991986402233 1449991986402319 1449991986442445 1449991986402520
1449991986452253 1449991986452319 1449991986490477 1449991986452690
1449991986502335 1449991986502426 1449991986542465 1449991986502840
1449991986552256 1449991986552333 1449991986590437 1449991986552646
1449991986602258 1449991986602337 1449991986642422 1449991986602627
1449991986652245 1449991986652319 1449991986690410 1449991986652605
1449991986702243 1449991986702287 1449991986742439 1449991986702570
1449991986752247 1449991986752296 1449991986790443 1449991986752559
1449991986802265 1449991986802404 1449991986842389 1449991986802876
1449991986852293 1449991986852354 1449991986890470 1449991986852560
1449991986902233 1449991986902301 1449991986942384 1449991986902493
1449991986952249 1449991986952356 1449991986990466 1449991986952574
1449991987002247 1449991987002313 1449991987042435 1449991987002551
1449991987052235 1449991987052293 1449991987090470 1449991987052493
1449991987102250 1449991987102347 1449991987142458 1449991987102666
1449991987152280 1449991987152372 1449991987190528 1449991987152813
1449991987202260 1449991987202348 1449991987242453 1449991987202695
1449991987252284 1449991987252322 1449991987290438 1449991987252590
1449991987302246 1449991987302303 1449991987342455 1449991987302574
1449991987352238 1449991987352299 1449991987390488 1449991987352637
1449991987402255 1449991987402338 1449991987442442 1449991987402647
1449991987452268 1449991987452371 1449991987490528 1449991987452876
1449991987502246 1449991987502330 1449991987542441 1449991987502642
1449991987552229 1449991987552277 1449991987590497 1449991987552443
1449991987602247 1449991987602332 1449991987642522 1449991987602659
1449991987652256 1449991987652330 1449991987690533 1449991987652681
1449991987702243 1449991987702329 1449991987742517 1449991987702602
1449991987752256 1449991987752341 1449991987790419 1449991987752695
1449991987802325 1449991987802421 1449991987842515 1449991987802902
1449991987852258 1449991987852315 1449991987890420 1449991987852642
1449991987902253 1449991987902308 1449991987942414 1449991987902596
1449991987952232 1449991987952264 1449991987990398 1449991987952531
1449991988002229 1449991988002323 1449991988042346 1449991988002605
1449991988052270 1449991988052361 1449991988090435 1449991988052799
1449991988102316 1449991988102409 1449991988142539 1449991988102914
1449991988152292 1449991988152390 1449991988190410 1449991988152797
1449991988202239 1449991988202286 1449991988242526 1449991988202541
1449991988252255 1449991988252312 1449991988290421 1449991988252692
1449991988302237 1449991988302286 1449991988342410 1449991988302556
1449991988352227 1449991988352289 1449991988390399 1449991988352584
1449991988402228 1449991988402258 1449991988442535 1449991988402531
1449991988452288 1449991988452379 1449991988490470 1449991988452874
