1449991897876889 1449991897876957 1449991897877139 1449991897877154
1449991897926899 1449991897926955 1449991897927139 1449991897927184
1449991897976884 1449991897976938 1449991897977119 1449991897977148
1449991898026888 1449991898026933 1449991898027082 1449991898027116
1449991898076892 1449991898076948 1449991898077124 1449991898077162
1449991898126896 1449991898126952 1449991898127109 1449991898127143
1449991898176892 1449991898176932 1449991898177090 1449991898177122
1449991898226894 1449991898226950 1449991898227152 1449991898227193
1449991898276892 1449991898276948 1449991898277133 1449991898277169
1449991898326892 1449991898326943 1449991898327113 1449991898327143
1449991898376885 1449991898376943 1449991898377137 1449991898377171
1449991898426892 1449991898426943 1449991898427127 1449991898427157
1449991898476894 1449991898476950 1449991898477137 1449991898477172
1449991898526893 1449991898526943 1449991898527166 1449991898527246
1449991898576894 1449991898576954 1449991898577133 1449991898577163
1449991898626895 1449991898626956 1449991898627153 1449991898627188
1449991898676896 1449991898676957 1449991898677149 1449991898677180
1449991898726897 1449991898726957 1449991898727148 1449991898727180
1449991898776895 1449991898776953 1449991898777160 1449991898777198
1449991898826894 1449991898826932 1449991898827160 1449991898827175
1449991898876894 1449991898876962 1449991898877159 1449991898877197
1449991898926888 1449991898926919 1449991898927139 1449991898927178
1449991898976887 1449991898976943 1449991898977135 1449991898977170
1449991899026892 1449991899026954 1449991899027139 1449991899027172
1449991899076892 1449991899076932 1449991899077161 1449991899077197
1449991899126887 1449991899126945 1449991899127113 1449991899127145
1449991899176886 1449991899176938 1449991899177135 1449991899177162
1449991899226888 1449991899226958 1449991899227152 1449991899227179
1449991899276888 1449991899276945 1449991899277132 1449991899277173
1449991899326894 1449991899326952 1449991899327145 1449991899327179
1449991899376893 1449991899376949 1449991899377137 1449991899377169
1449991899426889 1449991899426947 1449991899427140 1449991899427167
1449991899476903 1449991899476974 1449991899477225 1449991899477262
1449991899526888 1449991899526944 1449991899527139 1449991899527170
1449991899576889 1449991899576957 1449991899577154 1449991899577182
1449991899626916 1449991899626953 1449991899627138 1449991899627177
1449991899676899 1449991899676957 1449991899677130 1449991899677162
1449991899726899 1449991899726982 1449991899727219 1449991899727257
1449991899776893 1449991899776923 1449991899777074 1449991899777110
1449991899826892 1449991899826948 1449991899827121 1449991899827157
1449991899876891 1449991899876920 1449991899877118 1449991899877149
1449991899926880 1449991899926939 1449991899927096 1449991899927119
1449991899976881 1449991899976909 1449991899977088 1449991899977118
1449991900026888 1449991900026923 1449991900027099 1449991900027139
1449991900076887 1449991900076922 1449991900077131 1449991900077175
1449991900126886 1449991900126920 1449991900127102 1449991900127144
1449991900176889 1449991900176939 1449991900177177 1449991900177221
1449991900226892 1449991900226949 1449991900227140 1449991900227175
1449991900276895 1449991900276960 1449991900277150 1449991900277182
1449991900326895 1449991900326950 1449991900327145 1449991900327177
1449991900376920 1449991900377003 1449991900377274 1449991900377305
1449991900426893 1449991900426931 1449991900427150 1449991900427184
1449991900476891 1449991900476927 1449991900477141 1449991900477177
1449991900526892 1449991900526926 1449991900527145 1449991900527179
1449991900576891 1449991900576927 1449991900577135 1449991900577166
1449991900626893 1449991900626947 1449991900627157 1449991900627189
1449991900676911 1449991900676966 1449991900677270 1449991900677345
1449991900726899 1449991900726938 1449991900727120 1449991900727154
1449991900776894 1449991900776929 1449991900777121 1449991900777155
1449991900826910 1449991900826975 1449991900827380 1449991900827436
1449991900876917 1449991900876971 1449991900877304 1449991900877375
1449991900926902 1449991900926976 1449991900927220 1449991900927251
1449991900976908 1449991900976990 1449991900977308 1449991900977348
1449991901026895 1449991901026936 1449991901027225 1449991901027269
1449991901076945 1449991901077037 1449991901077372 1449991901077423
1449991901126907 1449991901126997 1449991901127411 1449991901127504
1449991901176948 1449991901177042 1449991901177502 1449991901177579
1449991901226914 1449991901226960 1449991901227305 1449991901227356
1449991901276951 1449991901276991 1449991901277367 1449991901277411
1449991901326910 1449991901326993 1449991901327319 1449991901327372
1449991901376910 1449991901376956 1449991901377263 1449991901377307
1449991901426905 1449991901426947 1449991901427252 1449991901427295
1449991901476906 1449991901476946 1449991901477219 1449991901477275
1449991901526893 1449991901526937 1449991901527220 1449991901527266
1449991901576896 1449991901576958 1449991901577334 1449991901577381
1449991901626899 1449991901626938 1449991901627161 1449991901627194
1449991901676888 1449991901676935 1449991901677119 1449991901677149
1449991901726884 1449991901726922 1449991901727140 1449991901727173
1449991901776910 1449991901776962 1449991901777207 1449991901777241
1449991901826918 1449991901827009 1449991901827505 1449991901827570
1449991901876948 1449991901877038 1449991901877521 1449991901877601
1449991901926908 1449991901926994 1449991901927280 1449991901927366
1449991901976899 1449991901976973 1449991901977311 1449991901977361
1449991902026908 1449991902026969 1449991902027325 1449991902027370
1449991902076908 1449991902076980 1449991902077455 1449991902077531
1449991902126917 1449991902126961 1449991902127193 1449991902127524
1449991902176922 1449991902177012 1449991902177524 1449991902177598
1449991902226900 1449991902226939 1449991902227252 1449991902227296
1449991902276887 1449991902276913 1449991902277205 1449991902277245
1449991902326894 1449991902326982 1449991902327327 1449991902327394
1449991902376914 1449991902376977 1449991902377312 1449991902377370
1449991902426893 1449991902426920 1449991902427203 1449991902427234
1449991902476887 1449991902476948 1449991902477286 1449991902477322
1449991902526885 1449991902526948 1449991902527266 1449991902527296
1449991902576884 1449991902576912 1449991902577201 1449991902577246
1449991902626888 1449991902626918 1449991902627222 1449991902627276
1449991902676884 1449991902676908 1449991902677188 1449991902677239
1449991902726884 1449991902726931 1449991902727214 1449991902727256
1449991902776894 1449991902776930 1449991902777188 1449991902777231
1449991902826949 1449991902827040 1449991902827537 1449991902827620
1449991902876915 1449991902876963 1449991902877300 1449991902877355
1449991902926914 1449991902926963 1449991902927285 1449991902927334
1449991902976910 1449991902976939 1449991902977243 1449991902977284
1449991903026889 1449991903026917 1449991903027216 1449991903027253
1449991903076886 1449991903076929 1449991903077220 1449991903077257
1449991903126908 1449991903126948 1449991903127281 1449991903127533
1449991903176908 1449991903176934 1449991903177234 1449991903177274
1449991903226909 1449991903226949 1449991903227270 1449991903227317
1449991903276893 1449991903276957 1449991903277273 1449991903277359
1449991903326892 1449991903326926 1449991903327110 1449991903327147
1449991903376891 1449991903376944 1449991903377133 1449991903377168
1449991903426896 1449991903426940 1449991903427102 1449991903427136
1449991903476893 1449991903476928 1449991903477104 1449991903477139
1449991903526887 1449991903526922 1449991903527103 1449991903527136
1449991903576893 1449991903576930 1449991903577116 1449991903577145
1449991903626935 1449991903626999 1449991903627395 1449991903627458
1449991903676939 1449991903677005 1449991903677432 1449991903677497
1449991903726900 1449991903726936 1449991903727123 1449991903727155
1449991903776889 1449991903776931 1449991903777065 1449991903777095
1449991903826886 1449991903826912 1449991903827088 1449991903827118
1449991903876887 1449991903876921 1449991903877110 1449991903877144
1449991903926888 1449991903926919 1449991903927096 1449991903927129
1449991903976890 1449991903976926 1449991903977127 1449991903977168
1449991904026888 1449991904026923 1449991904027124 1449991904027155
1449991904076905 1449991904076952 1449991904077310 1449991904077363
1449991904126894 1449991904126945 1449991904127103 1449991904127237
1449991904176910 1449991904176972 1449991904177301 1449991904177360
1449991904226896 1449991904226931 1449991904227123 1449991904227152
1449991904276905 1449991904276953 1449991904277190 1449991904277258
1449991904326895 1449991904326931 1449991904327127 1449991904327158
1449991904376892 1449991904376929 1449991904377121 1449991904377150
1449991904426892 1449991904426928 1449991904427117 1449991904427145
1449991904476911 1449991904477005 1449991904477344 1449991904477398
1449991904526911 1449991904526978 1449991904527425 1449991904527497
1449991904576912 1449991904576959 1449991904577283 1449991904577330
1449991904626946 1449991904627013 1449991904627461 1449991904627530
1449991904676950 1449991904677014 1449991904677462 1449991904677565
1449991904726913 1449991904726967 1449991904727304 1449991904727349
1449991904776947 1449991904777013 1449991904777350 1449991904777402
1449991904826909 1449991904827002 1449991904827255 1449991904827302
1449991904876891 1449991904876925 1449991904877104 1449991904877135
1449991904926917 1449991904926955 1449991904927117 1449991904927178
1449991904976894 1449991904976952 1449991904977142 1449991904977175
1449991905026897 1449991905026974 1449991905027210 1449991905027246
1449991905076913 1449991905076999 1449991905077307 1449991905077365
1449991905126941 1449991905127032 1449991905127425 1449991905127519
1449991905176912 1449991905177008 1449991905177264 1449991905177288
1449991905226907 1449991905226977 1449991905227304 1449991905227347
1449991905276953 1449991905277047 1449991905277519 1449991905277584
1449991905326900 1449991905326937 1449991905327148 1449991905327185
1449991905376909 1449991905376962 1449991905377328 1449991905377361
1449991905426890 1449991905426928 1449991905427131 1449991905427163
1449991905476897 1449991905476938 1449991905477129 1449991905477165
1449991905526893 1449991905526941 1449991905527132 1449991905527169
1449991905576897 1449991905576937 1449991905577185 1449991905577219
1449991905626912 1449991905626976 1449991905627327 1449991905627382
1449991905676900 1449991905676939 1449991905677146 1449991905677182
1449991905726893 1449991905726930 1449991905727135 1449991905727171
1449991905776887 1449991905776926 1449991905777117 1449991905777153
1449991905826893 1449991905826933 1449991905827154 1449991905827188
1449991905876887 1449991905876936 1449991905877150 1449991905877186
1449991905926894 1449991905926930 1449991905927131 1449991905927167
1449991905976893 1449991905976928 1449991905977136 1449991905977164
1449991906026895 1449991906026935 1449991906027150 1449991906027179
1449991906076898 1449991906076940 1449991906077159 1449991906077188
1449991906126895 1449991906126935 1449991906127110 1449991906127166
1449991906176896 1449991906176938 1449991906177151 1449991906177190
1449991906226895 1449991906226949 1449991906227157 1449991906227197
1449991906276895 1449991906276936 1449991906277144 1449991906277187
1449991906326895 1449991906326932 1449991906327127 1449991906327176
1449991906376895 1449991906376952 1449991906377180 1449991906377277
1449991906426925 1449991906426996 1449991906427371 1449991906427462
1449991906476931 1449991906476968 1449991906477150 1449991906477189
1449991906526886 1449991906526917 1449991906527205 1449991906527244
1449991906576906 1449991906576964 1449991906577285 1449991906577308
1449991906626894 1449991906626934 1449991906627127 1449991906627166
1449991906676910 1449991906676971 1449991906677308 1449991906677377
1449991906726900 1449991906726936 1449991906727132 1449991906727171
1449991906776895 1449991906776934 1449991906777085 1449991906777128
1449991906826908 1449991906827001 1449991906827449 1449991906827528
1449991906876900 1449991906876949 1449991906877240 1449991906877276
1449991906926888 1449991906926937 1449991906927151 1449991906927189
1449991906976889 1449991906976921 1449991906977113 1449991906977148
1449991907026885 1449991907026946 1449991907027175 1449991907027206
1449991907076910 1449991907076963 1449991907077346 1449991907077394
1449991907126889 1449991907126952 1449991907127177 1449991907127348
1449991907176886 1449991907176947 1449991907177138 1449991907177172
1449991907226894 1449991907226942 1449991907227268 1449991907227326
1449991907276908 1449991907276968 1449991907277191 1449991907277226
1449991907326894 1449991907326952 1449991907327155 1449991907327188
1449991907376911 1449991907376959 1449991907377315 1449991907377418
1449991907426911 1449991907426950 1449991907427300 1449991907427332
1449991907476895 1449991907476951 1449991907477127 1449991907477159
1449991907526909 1449991907526990 1449991907527314 1449991907527359
1449991907576894 1449991907576919 1449991907577192 1449991907577229
1449991907626896 1449991907626962 1449991907627163 1449991907627196
1449991907676888 1449991907676917 1449991907677093 1449991907677110
1449991907726889 1449991907726929 1449991907727234 1449991907727274
1449991907776895 1449991907776941 1449991907777218 1449991907777291
1449991907826890 1449991907826950 1449991907827170 1449991907827188
1449991907876890 1449991907876937 1449991907877250 1449991907877300
1449991907926896 1449991907926941 1449991907927228 1449991907927263
1449991907976930 1449991907976980 1449991907977172 1449991907977191
1449991908026891 1449991908026922 1449991908027083 1449991908027117
1449991908076912 1449991908076998 1449991908077343 1449991908077396
1449991908126914 1449991908126981 1449991908127225 1449991908127272
1449991908176896 1449991908176958 1449991908177137 1449991908177172
1449991908226886 1449991908226917 1449991908227088 1449991908227120
1449991908276891 1449991908276963 1449991908277225 1449991908277288
1449991908326896 1449991908326999 1449991908327335 1449991908327402
1449991908376895 1449991908376974 1449991908377312 1449991908377370
1449991908426897 1449991908426956 1449991908427151 1449991908427186
1449991908476944 1449991908477036 1449991908477544 1449991908477644
1449991908526917 1449991908527006 1449991908527440 1449991908527506
1449991908576895 1449991908576959 1449991908577142 1449991908577180
1449991908626885 1449991908626915 1449991908627087 1449991908627125
1449991908676889 1449991908676930 1449991908677129 1449991908677166
1449991908726893 1449991908727012 1449991908727301 1449991908727357
1449991908776888 1449991908776917 1449991908777078 1449991908777118
1449991908826884 1449991908826914 1449991908827090 1449991908827133
1449991908876891 1449991908876926 1449991908877103 1449991908877144
1449991908926890 1449991908926951 1449991908927135 1449991908927180
1449991908976894 1449991908976940 1449991909014366 1449991908977147
1449991909026917 1449991909026967 1449991909066361 1449991909027144
1449991909076890 1449991909076933 1449991909114362 1449991909077106
1449991909126895 1449991909126930 1449991909166365 1449991909127134
1449991909176888 1449991909176943 1449991909214375 1449991909177117
1449991909226889 1449991909226919 1449991909266370 1449991909227074
1449991909276891 1449991909276947 1449991909314361 1449991909277124
1449991909326887 1449991909326943 1449991909366371 1449991909327110
1449991909376895 1449991909376973 1449991909414371 1449991909377197
1449991909426893 1449991909426952 1449991909466366 1449991909427134
1449991909476883 1449991909476913 1449991909514357 1449991909477070
1449991909526917 1449991909526953 1449991909566375 1449991909527129
1449991909576894 1449991909576955 1449991909614408 1449991909577154
1449991909626923 1449991909627012 1449991909666392 1449991909627248
1449991909676915 1449991909676997 1449991909714412 1449991909677290
1449991909726907 1449991909726970 1449991909766437 1449991909727267
1449991909776896 1449991909776978 1449991909814413 1449991909777252
1449991909826887 1449991909826944 1449991909866456 1449991909827119
1449991909876909 1449991909876958 1449991909914410 1449991909877178
1449991909926898 1449991909926926 1449991909966401 1449991909927170
1449991909976905 1449991909976932 1449991910014402 1449991909977153
1449991910026894 1449991910026920 1449991910066402 1449991910027140
1449991910076906 1449991910077002 1449991910114445 1449991910077320
1449991910126948 1449991910127034 1449991910166518 1449991910127446
1449991910176950 1449991910177039 1449991910214430 1449991910177442
1449991910226901 1449991910226977 1449991910266420 1449991910227261
1449991910276906 1449991910276941 1449991910314390 1449991910277190
1449991910326907 1449991910326935 1449991910366420 1449991910327177
1449991910376911 1449991910376953 1449991910414381 1449991910377200
1449991910426913 1449991910426966 1449991910466434 1449991910427221
1449991910476947 1449991910477038 1449991910514491 1449991910477450
1449991910526917 1449991910526970 1449991910566404 1449991910527279
1449991910576908 1449991910576937 1449991910614418 1449991910577199
1449991910626896 1449991910626931 1449991910666394 1449991910627200
1449991910676905 1449991910676932 1449991910714397 1449991910677164
1449991910726894 1449991910726920 1449991910766405 1449991910727174
1449991910776895 1449991910776939 1449991910814395 1449991910777160
1449991910826903 1449991910826944 1449991910866461 1449991910827194
1449991910876913 1449991910876974 1449991910914508 1449991910877317
1449991910926921 1449991910926987 1449991910966417 1449991910927295
1449991910976894 1449991910976926 1449991911014404 1449991910977210
1449991911026883 1449991911026907 1449991911066384 1449991911027068
1449991911076916 1449991911076956 1449991911114450 1449991911077235
1449991911126855 1449991911126898 1449991911166411 1449991911127093
1449991911176904 1449991911176958 1449991911214383 1449991911177244
1449991911226913 1449991911226985 1449991911266378 1449991911227178
1449991911276946 1449991911277012 1449991911314367 1449991911277313
1449991911326896 1449991911326932 1449991911366378 1449991911327129
1449991911376894 1449991911376957 1449991911414388 1449991911377194
1449991911426897 1449991911426951 1449991911466372 1449991911427176
1449991911476942 1449991911477061 1449991911514491 1449991911477383
1449991911526961 1449991911527048 1449991911566489 1449991911527424
1449991911576933 1449991911577029 1449991911614498 1449991911577419
1449991911626929 1449991911627014 1449991911666485 1449991911627393
1449991911676948 1449991911677045 1449991911714376 1449991911677467
1449991911726898 1449991911726956 1449991911766484 1449991911727133
1449991911776935 1449991911777030 1449991911814496 1449991911777461
1449991911826957 1449991911827073 1449991911866457 1449991911827420
1449991911876950 1449991911877041 1449991911914486 1449991911877379
1449991911926943 1449991911927034 1449991911966374 1449991911927425
1449991911976898 1449991911976954 1449991912014377 1449991911977120
1449991912026910 1449991912026966 1449991912066383 1449991912027285
1449991912076904 1449991912076954 1449991912114360 1449991912077217
1449991912126897 1449991912126931 1449991912166379 1449991912127113
1449991912176886 1449991912176924 1449991912214454 1449991912177091
1449991912226887 1449991912226920 1449991912266373 1449991912227109
1449991912276892 1449991912276928 1449991912314392 1449991912277126
1449991912326919 1449991912326984 1449991912366381 1449991912327282
1449991912376901 1449991912376936 1449991912414372 1449991912377100
1449991912426895 1449991912426954 1449991912466352 1449991912427135
1449991912476895 1449991912476952 1449991912514380 1449991912477136
1449991912526895 1449991912526962 1449991912566376 1449991912527155
1449991912576893 1449991912576951 1449991912614378 1449991912577140
1449991912626894 1449991912626952 1449991912666381 1449991912627142
1449991912676895 1449991912676956 1449991912714382 1449991912677156
1449991912726896 1449991912726956 1449991912766379 1449991912727147
1449991912776888 1449991912776942 1449991912814392 1449991912777128
1449991912826895 1449991912826953 1449991912866371 1449991912827143
1449991912876895 1449991912876972 1449991912914441 1449991912877154
1449991912926894 1449991912926972 1449991912966406 1449991912927258
1449991912976890 1449991912976954 1449991913014414 1449991912977236
1449991913026884 1449991913026948 1449991913066457 1449991913027246
1449991913076932 1449991913077026 1449991913114367 1449991913077419
1449991913126905 1449991913126963 1449991913166470 1449991913127216
1449991913176916 1449991913177003 1449991913214372 1449991913177346
1449991913226904 1449991913226975 1449991913266382 1449991913227175
1449991913276914 1449991913276999 1449991913314379 1449991913277333
1449991913326905 1449991913326970 1449991913366370 1449991913327190
1449991913376900 1449991913376967 1449991913414400 1449991913377195
1449991913426893 1449991913426950 1449991913466361 1449991913427140
1449991913476891 1449991913476947 1449991913514500 1449991913477159
1449991913526887 1449991913526967 1449991913566423 1449991913527280
1449991913576903 1449991913576957 1449991913614506 1449991913577226
1449991913626917 1449991913627007 1449991913666484 1449991913627396
1449991913676949 1449991913677048 1449991913714443 1449991913677444
1449991913726915 1449991913726987 1449991913766410 1449991913727289
1449991913776911 1449991913776976 1449991913814511 1449991913777267
1449991913826947 1449991913827045 1449991913866435 1449991913827438
1449991913876898 1449991913876975 1449991913914413 1449991913877239
1449991913926906 1449991913926964 1449991913966500 1449991913927217
1449991913976916 1449991913976970 1449991914014510 1449991913977293
1449991914026933 1449991914027028 1449991914066436 1449991914027410
1449991914076941 1449991914077032 1449991914114365 1449991914077446
1449991914126903 1449991914126965 1449991914166397 1449991914127168
1449991914176888 1449991914176923 1449991914214379 1449991914177112
1449991914226888 1449991914226941 1449991914266373 1449991914227130
1449991914276892 1449991914276958 1449991914314353 1449991914277122
1449991914326892 1449991914326944 1449991914366396 1449991914327113
1449991914376884 1449991914376940 1449991914414416 1449991914377131
1449991914426912 1449991914426994 1449991914466494 1449991914427252
1449991914476948 1449991914477038 1449991914514419 1449991914477449
1449991914526898 1449991914526936 1449991914566390 1449991914527191
1449991914576907 1449991914576936 1449991914614410 1449991914577194
1449991914626900 1449991914627180 1449991914666484 1449991914627453
1449991914676937 1449991914677026 1449991914714450 1449991914677420
1449991914726901 1449991914726954 1449991914766443 1449991914727114
1449991914776894 1449991914776941 1449991914814419 1449991914777231
1449991914826920 1449991914826954 1449991914866375 1449991914827131
1449991914876917 1449991914877011 1449991914914436 1449991914877472
1449991914926923 1449991914927008 1449991914966373 1449991914927300
1449991914976922 1449991914977020 1449991915014431 1449991914977263
1449991915026951 1449991915026998 1449991915066380 1449991915027319
1449991915076899 1449991915076934 1449991915114373 1449991915077181
1449991915126895 1449991915126956 1449991915166416 1449991915127139
1449991915176893 1449991915176923 1449991915214370 1449991915177082
1449991915226903 1449991915226957 1449991915266363 1449991915227149
1449991915276900 1449991915276931 1449991915314440 1449991915277092
1449991915326917 1449991915327011 1449991915366429 1449991915327331
1449991915376957 1449991915377049 1449991915414424 1449991915377443
1449991915426906 1449991915426985 1449991915466541 1449991915427230
1449991915476942 1449991915477033 1449991915514378 1449991915477431
1449991915526957 1449991915527048 1449991915566497 1449991915527375
1449991915576906 1449991915576985 1449991915614416 1449991915577178
1449991915626911 1449991915626944 1449991915666504 1449991915627190
1449991915676950 1449991915677041 1449991915714376 1449991915677443
1449991915726899 1449991915726931 1449991915766456 1449991915727085
1449991915776915 1449991915776998 1449991915814346 1449991915777267
1449991915826915 1449991915826957 1449991915866361 1449991915827230
1449991915876900 1449991915876958 1449991915914433 1449991915877137
1449991915926902 1449991915926988 1449991915966393 1449991915927258
1449991915976893 1449991915976919 1449991916014362 1449991915977159
1449991916026895 1449991916026928 1449991916066412 1449991916027081
1449991916076898 1449991916076939 1449991916114408 1449991916077202
1449991916126895 1449991916126965 1449991916166367 1449991916127225
1449991916176908 1449991916176956 1449991916214394 1449991916177229
1449991916226905 1449991916226935 1449991916266392 1449991916227178
1449991916276913 1449991916276975 1449991916314425 1449991916277254
1449991916326912 1449991916326956 1449991916366389 1449991916327209
1449991916376897 1449991916376923 1449991916414369 1449991916377150
1449991916426895 1449991916426924 1449991916466462 1449991916427085
1449991916476918 1449991916477003 1449991916514370 1449991916477317
1449991916526913 1449991916526998 1449991916566405 1449991916527309
1449991916576900 1449991916576956 1449991916614368 1449991916577120
1449991916626895 1449991916626960 1449991916666370 1449991916627142
1449991916676903 1449991916676984 1449991916714444 1449991916677285
1449991916726915 1449991916726978 1449991916766406 1449991916727292
1449991916776904 1449991916776965 1449991916814439 1449991916777175
1449991916826919 1449991916827005 1449991916866443 1449991916827343
1449991916876905 1449991916876922 1449991916914347 1449991916877147
1449991916926892 1449991916926922 1449991916966421 1449991916927080
1449991916976900 1449991916976972 1449991917014383 1449991916977189
1449991917026897 1449991917026924 1449991917066423 1449991917027165
1449991917076895 1449991917076929 1449991917114451 1449991917077091
1449991917126935 1449991917127024 1449991917166410 1449991917127425
1449991917176894 1449991917176930 1449991917214371 1449991917177132
1449991917226897 1449991917226954 1449991917266459 1449991917227119
1449991917276911 1449991917276960 1449991917314460 1449991917277134
1449991917326941 1449991917327057 1449991917366391 1449991917327401
1449991917376898 1449991917376934 1449991917414434 1449991917377108
1449991917426900 1449991917426945 1449991917466427 1449991917427230
1449991917476909 1449991917476981 1449991917514380 1449991917477216
1449991917526890 1449991917526928 1449991917566407 1449991917527096
1449991917576907 1449991917576968 1449991917614406 1449991917577166
1449991917626899 1449991917626961 1449991917666368 1449991917627183
1449991917676899 1449991917677001 1449991917714416 1449991917677340
1449991917726911 1449991917726974 1449991917766437 1449991917727186
1449991917776915 1449991917776998 1449991917814468 1449991917777294
1449991917826901 1449991917826965 1449991917866405 1449991917827258
1449991917876892 1449991917876954 1449991917914421 1449991917877244
1449991917926894 1449991917926957 1449991917966450 1449991917927138
1449991917976904 1449991917976984 1449991918014416 1449991917977243
1449991918026894 1449991918026973 1449991918066382 1449991918027236
1449991918076893 1449991918076917 1449991918114451 1449991918077110
1449991918127086 1449991918127178 1449991918166412 1449991918127692
1449991918176913 1449991918176948 1449991918214482 1449991918177210
1449991918226914 1449991918226963 1449991918266407 1449991918227254
1449991918276909 1449991918276940 1449991918314463 1449991918277128
1449991918326894 1449991918326926 1449991918366388 1449991918327109
1449991918376896 1449991918376946 1449991918414376 1449991918377139
1449991918426898 1449991918426932 1449991918466431 1449991918427113
1449991918476910 1449991918476995 1449991918514440 1449991918477215
1449991918526920 1449991918526976 1449991918566394 1449991918527156
1449991918576910 1449991918577003 1449991918614373 1449991918577261
1449991918626898 1449991918626960 1449991918666426 1449991918627128
1449991918676894 1449991918676950 1449991918714388 1449991918677130
1449991918726895 1449991918726961 1449991918766406 1449991918727134
1449991918776894 1449991918776943 1449991918814485 1449991918777131
1449991918826924 1449991918827006 1449991918866510 1449991918827390
1449991918876921 1449991918876976 1449991918914378 1449991918877285
1449991918926922 1449991918927004 1449991918966433 1449991918927293
1449991918976910 1449991918976975 1449991919014414 1449991918977191
1449991919026907 1449991919026976 1449991919066401 1449991919027259
1449991919076895 1449991919076954 1449991919114441 1449991919077130
1449991919126914 1449991919126992 1449991919166416 1449991919127212
1449991919176916 1449991919176984 1449991919214373 1449991919177196
1449991919226918 1449991919226982 1449991919266438 1449991919227271
1449991919276913 1449991919276995 1449991919314425 1449991919277235
1449991919326894 1449991919326916 1449991919366434 1449991919327067
1449991919376907 1449991919376951 1449991919414409 1449991919377177
1449991919426907 1449991919426950 1449991919466483 1449991919427185
1449991919476902 1449991919476992 1449991919514438 1449991919477299
1449991919526919 1449991919527006 1449991919566509 1449991919527216
1449991919576911 1449991919576972 1449991919614431 1449991919577189
1449991919626923 1449991919626964 1449991919666398 1449991919627172
1449991919676917 1449991919676942 1449991919714417 1449991919677158
1449991919726904 1449991919726936 1449991919766370 1449991919727150
1449991919776906 1449991919776952 1449991919814391 1449991919777218
1449991919826907 1449991919826939 1449991919866454 1449991919827196
1449991919876951 1449991919877033 1449991919914438 1449991919877439
1449991919926917 1449991919926993 1449991919966405 1449991919927295
1449991919976913 1449991919976945 1449991920014415 1449991919977190
1449991920026907 1449991920026966 1449991920066399 1449991920027261
1449991920076905 1449991920076934 1449991920114464 1449991920077202
1449991920126950 1449991920127063 1449991920166497 1449991920127514
1449991920176952 1449991920177037 1449991920214509 1449991920177428
1449991920226946 1449991920227036 1449991920266424 1449991920227453
1449991920276903 1449991920276971 1449991920314414 1449991920277247
1449991920326908 1449991920326979 1449991920366411 1449991920327258
1449991920376895 1449991920376964 1449991920414430 1449991920377241
1449991920426913 1449991920426991 1449991920466415 1449991920427276
1449991920476949 1449991920477058 1449991920514511 1449991920477473
1449991920526919 1449991920526969 1449991920566422 1449991920527246
1449991920576892 1449991920576954 1449991920614424 1449991920577203
1449991920626904 1449991920626975 1449991920666411 1449991920627248
1449991920676890 1449991920676953 1449991920714406 1449991920677226
1449991920726905 1449991920726940 1449991920766412 1449991920727197
1449991920776889 1449991920776952 1449991920814404 1449991920777216
1449991920826908 1449991920826987 1449991920866441 1449991920827262
1449991920876948 1449991920877039 1449991920914443 1449991920877442
1449991920926917 1449991920927000 1449991920966417 1449991920927353
1449991920976908 1449991920976944 1449991921014412 1449991920977193
1449991921026898 1449991921026931 1449991921066419 1449991921027184
1449991921076903 1449991921076940 1449991921114414 1449991921077195
1449991921126909 1449991921126979 1449991921166361 1449991921127253
1449991921176926 1449991921177012 1449991921214375 1449991921177336
1449991921226900 1449991921226950 1449991921266448 1449991921227129
1449991921276914 1449991921276949 1449991921314372 1449991921277119
1449991921326885 1449991921326917 1449991921366433 1449991921327086
1449991921376898 1449991921376941 1449991921414413 1449991921377161
1449991921426896 1449991921426933 1449991921466379 1449991921427109
1449991921476910 1449991921476969 1449991921514412 1449991921477280
1449991921526897 1449991921526939 1449991921566460 1449991921527147
1449991921576898 1449991921576948 1449991921614499 1449991921577200
1449991921626938 1449991921627007 1449991921666458 1449991921627405
1449991921676922 1449991921676980 1449991921714427 1449991921677299
1449991921726901 1449991921726957 1449991921766401 1449991921727233
1449991921776898 1449991921776933 1449991921814370 1449991921777114
1449991921826921 1449991921826972 1449991921866449 1449991921827295
1449991921876923 1449991921877030 1449991921914417 1449991921877297
1449991921926901 1449991921926958 1449991921966431 1449991921927144
1449991921976933 1449991921977022 1449991922014346 1449991921977348
1449991922026899 1449991922026926 1449991922066402 1449991922027146
1449991922076925 1449991922077017 1449991922114430 1449991922077405
1449991922126940 1449991922127032 1449991922166440 1449991922127474
1449991922176900 1449991922176939 1449991922214435 1449991922177216
1449991922226899 1449991922226951 1449991922266405 1449991922227250
1449991922276907 1449991922276936 1449991922314408 1449991922277196
1449991922326905 1449991922326995 1449991922366419 1449991922327407
1449991922376898 1449991922376927 1449991922414439 1449991922377084
1449991922426889 1449991922426919 1449991922466367 1449991922427076
1449991922476894 1449991922476956 1449991922514376 1449991922477138
1449991922526900 1449991922526985 1449991922566384 1449991922527184
1449991922576920 1449991922577012 1449991922614398 1449991922577347
1449991922626898 1449991922626954 1449991922666446 1449991922627137
1449991922676892 1449991922676948 1449991922714447 1449991922677121
1449991922726910 1449991922726990 1449991922766422 1449991922727219
1449991922776907 1449991922776937 1449991922814430 1449991922777228
1449991922826907 1449991922826941 1449991922866441 1449991922827209
1449991922876910 1449991922876951 1449991922914410 1449991922877258
1449991922926906 1449991922926943 1449991922966425 1449991922927213
1449991922976892 1449991922977022 1449991923014347 1449991922977218
1449991923026900 1449991923026941 1449991923066366 1449991923027158
1449991923076905 1449991923076970 1449991923114402 1449991923077210
1449991923126918 1449991923127001 1449991923166401 1449991923127374
1449991923176918 1449991923176995 1449991923214433 1449991923177244
1449991923226888 1449991923226943 1449991923266359 1449991923227114
1449991923276913 1449991923276972 1449991923314407 1449991923277155
1449991923326913 1449991923326944 1449991923366376 1449991923327120
1449991923376895 1449991923376943 1449991923414443 1449991923377191
1449991923426915 1449991923426994 1449991923466421 1449991923427287
1449991923476945 1449991923477037 1449991923514474 1449991923477422
1449991923526900 1449991923526930 1449991923566401 1449991923527152
1449991923576886 1449991923576914 1449991923614346 1449991923577196
1449991923626888 1449991923626926 1449991923666395 1449991923627189
1449991923676885 1449991923676912 1449991923714388 1449991923677138
1449991923726885 1449991923726911 1449991923766385 1449991923727107
1449991923776906 1449991923776939 1449991923814515 1449991923777173
1449991923826917 1449991923827001 1449991923866496 1449991923827467
1449991923876919 1449991923876966 1449991923914376 1449991923877241
1449991923926893 1449991923926922 1449991923966370 1449991923927076
1449991923976910 1449991923977000 1449991924014379 1449991923977343
1449991924026897 1449991924026955 1449991924066379 1449991924027148
1449991924076897 1449991924076936 1449991924114363 1449991924077140
1449991924126898 1449991924126959 1449991924166372 1449991924127209
1449991924176912 1449991924176965 1449991924214437 1449991924177144
1449991924226912 1449991924226963 1449991924266405 1449991924227238
1449991924276912 1449991924276947 1449991924314395 1449991924277215
1449991924326907 1449991924326945 1449991924366417 1449991924327177
1449991924376912 1449991924376955 1449991924414402 1449991924377198
1449991924426907 1449991924426937 1449991924466428 1449991924427220
1449991924476901 1449991924476983 1449991924514371 1449991924477301
1449991924526919 1449991924526973 1449991924566367 1449991924527190
1449991924576886 1449991924576915 1449991924614381 1449991924577090
1449991924626885 1449991924626914 1449991924666425 1449991924627082
1449991924676899 1449991924676988 1449991924714385 1449991924677331
1449991924726899 1449991924726956 1449991924766380 1449991924727132
1449991924776912 1449991924776996 1449991924814448 1449991924777282
1449991924826917 1449991924827030 1449991924866419 1449991924827274
1449991924876897 1449991924877007 1449991924914400 1449991924877242
1449991924926897 1449991924926945 1449991924966420 1449991924927189
1449991924976890 1449991924976922 1449991925014404 1449991924977144
1449991925026883 1449991925026953 1449991925066384 1449991925027223
1449991925076892 1449991925076940 1449991925114445 1449991925077235
1449991925126911 1449991925126979 1449991925166395 1449991925127245
1449991925176890 1449991925176961 1449991925214378 1449991925177219
1449991925226895 1449991925226932 1449991925266394 1449991925227099
1449991925276888 1449991925276924 1449991925314384 1449991925277110
1449991925326912 1449991925326970 1449991925366435 1449991925327136
1449991925376892 1449991925376935 1449991925414469 1449991925377117
1449991925426940 1449991925427039 1449991925466428 1449991925427366
1449991925476949 1449991925477041 1449991925514455 1449991925477428
1449991925526895 1449991925526930 1449991925566475 1449991925527103
1449991925576911 1449991925576962 1449991925614406 1449991925577163
1449991925626913 1449991925626946 1449991925666384 1449991925627181
1449991925676898 1449991925676934 1449991925714439 1449991925677121
1449991925726912 1449991925726968 1449991925766399 1449991925727217
1449991925776910 1449991925776940 1449991925814374 1449991925777201
1449991925826894 1449991925826925 1449991925866429 1449991925827109
1449991925876910 1449991925876999 1449991925914430 1449991925877327
1449991925926928 1449991925927016 1449991925966365 1449991925927361
1449991925976893 1449991925976920 1449991926014416 1449991925977062
1449991926026911 1449991926026951 1449991926066400 1449991926027201
1449991926076913 1449991926076961 1449991926114441 1449991926077215
1449991926126915 1449991926126987 1449991926166517 1449991926127232
1449991926176951 1449991926177042 1449991926214409 1449991926177436
1449991926226901 1449991926226931 1449991926266432 1449991926227092
1449991926276910 1449991926276956 1449991926314356 1449991926277244
1449991926326898 1449991926326927 1449991926366363 1449991926327077
1449991926376894 1449991926376923 1449991926414405 1449991926377069
1449991926426910 1449991926426963 1449991926466418 1449991926427250
1449991926476897 1449991926476927 1449991926514367 1449991926477082
1449991926526888 1449991926526948 1449991926566394 1449991926527115
1449991926576909 1449991926576952 1449991926614390 1449991926577226
1449991926626908 1449991926626936 1449991926666368 1449991926627160
1449991926676896 1449991926676926 1449991926714409 1449991926677077
1449991926726909 1449991926726945 1449991926766402 1449991926727190
1449991926776907 1449991926776940 1449991926814371 1449991926777156
1449991926826939 1449991926827029 1449991926866421 1449991926827415
1449991926876912 1449991926876946 1449991926914416 1449991926877207
1449991926926898 1449991926926929 1449991926966376 1449991926927112
1449991926976893 1449991926976923 1449991927014362 1449991926977104
1449991927026898 1449991927026963 1449991927066360 1449991927027174
1449991927076911 1449991927076997 1449991927114425 1449991927077311
1449991927126908 1449991927126985 1449991927166377 1449991927127208
1449991927176895 1449991927176951 1449991927214369 1449991927177120
1449991927226913 1449991927226972 1449991927266412 1449991927227283
1449991927276908 1449991927276947 1449991927314398 1449991927277208
1449991927326885 1449991927326919 1449991927366355 1449991927327079
1449991927376893 1449991927376925 1449991927414494 1449991927377084
1449991927426930 1449991927426999 1449991927466435 1449991927427415
1449991927476899 1449991927476942 1449991927514370 1449991927477129
1449991927526897 1449991927526937 1449991927566401 1449991927527139
1449991927576914 1449991927576972 1449991927614382 1449991927577303
1449991927626902 1449991927626944 1449991927666400 1449991927627189
1449991927676895 1449991927676929 1449991927714382 1449991927677113
1449991927726892 1449991927726928 1449991927766367 1449991927727111
1449991927776893 1449991927776928 1449991927814504 1449991927777110
