1449005862799218127 1449005862959499907
1449005862849278910 1449005863009534136
1449005862899243053 1449005863059540562
1449005862949263434 1449005863109544779
1449005862999265446 1449005863159543652
1449005863049267118 1449005863209571627
1449005863099262947 1449005863259602541
1449005863149264936 1449005863309593164
1449005863199268940 1449005863359581289
1449005863249269683 1449005863409548542
1449005863299265471 1449005863459564897
1449005863349253679 1449005863509530484
1449005863449233670 1449005863609507214
1449005863499232926 1449005863659513323
1449005863549231825 1449005863709495574
1449005863599260912 1449005863759537604
1449005863699244264 1449005863859521186
1449005863749256520 1449005863909558134
1449005863799266921 1449005863959565399
1449005863849267120 1449005864009556724
1449005863949265275 1449005864109487372
1449005863999265630 1449005864159539930
1449005864049264780 1449005864209557474
1449005863399267959 1449005864228919077
1449005863649229395 1449005864228944493
1449005863899265210 1449005864228949021
1449005864099249954 1449005864259554517
1449005864149219817 1449005864309439462
1449005864199259037 1449005864359529187
1449005864249266399 1449005864409549625
1449005864299263737 1449005864459561039
1449005864349245063 1449005864509521347
1449005864399265908 1449005864559543145
1449005864449264122 1449005864609567858
1449005864499260879 1449005864659530124
1449005864549239018 1449005864709508259
1449005864599248203 1449005864759537577
1449005864649244182 1449005864809517897
1449005864699241080 1449005864859542237
1449005864749266669 1449005864909527024
1449005864799266290 1449005864959553779
1449005864849265008 1449005865009522834
1449005864899264862 1449005865059565251
1449005864949263815 1449005865109525432
1449005864999263796 1449005865159544657
1449005865049264208 1449005865209544581
1449005865099236029 1449005865259524427
1449005865149266309 1449005865309572180
1449005865199262291 1449005865359541071
1449005865249267929 1449005865409547707
1449005865299264215 1449005865459571386
1449005865349264313 1449005865509538783
1449005865399262464 1449005865559539269
1449005865449266992 1449005865609495688
1449005865499261394 1449005865659599485
1449005865549263427 1449005865709505887
1449005865599214340 1449005865759494783
1449005865649266206 1449005865809546509
1449005865699261359 1449005865859565109
1449005865749263515 1449005865909525317
1449005865799263701 1449005865959565412
1449005865849264577 1449005866009570943
1449005865899266630 1449005866059569541
1449005865949262732 1449005866109552951
1449005865999268443 1449005866159555081
1449005866049262605 1449005866209545677
1449005866099265058 1449005866259580638
1449005866149217295 1449005866309481264
1449005866199265332 1449005866359582989
1449005866249259222 1449005866409543708
1449005866299264195 1449005866459545109
1449005866349271369 1449005866509546210
1449005866399266186 1449005866559520196
1449005866449263895 1449005866609550018
1449005866549196492 1449005866709452550
1449005866599264594 1449005866759509283
1449005866649264939 1449005866809534268
1449005866699244394 1449005866859520822
1449005866799263066 1449005866959564647
1449005866849267210 1449005867009525112
1449005866899263897 1449005867059573025
1449005866949263498 1449005867109494395
1449005867049264315 1449005867209575194
1449005866499260963 1449005867229720651
1449005866749263128 1449005867229778025
1449005866999263081 1449005867229791144
1449005867099260882 1449005867259541910
1449005867149263937 1449005867309537966
1449005867199260494 1449005867359547890
1449005867249264718 1449005867409573583
1449005867299259284 1449005867459554658
1449005867349243299 1449005867509498585
1449005867399262030 1449005867559546879
1449005867449243075 1449005867609529144
1449005867499269870 1449005867659565407
1449005867549264416 1449005867709507645
1449005867599243002 1449005867759547944
1449005867649231871 1449005867809517670
1449005867699265789 1449005867859564858
1449005867749267120 1449005867909529028
1449005867799266096 1449005867959533480
1449005867849264457 1449005868009529034
1449005867949265392 1449005868109597148
1449005867999219519 1449005868159488881
1449005868049218234 1449005868209463247
1449005868099261584 1449005868259518738
1449005868199257968 1449005868359553372
1449005868249263796 1449005868409497099
1449005868299260109 1449005868459562536
1449005868349262847 1449005868509543911
1449005868449242022 1449005868609507786
1449005868499249273 1449005868659533258
1449005868549265648 1449005868709626978
1449005868599262169 1449005868759546260
1449005868699265602 1449005868859554702
1449005868749230975 1449005868909452321
1449005868799229971 1449005868959504715
1449005868849263211 1449005869009530137
1449005868949258894 1449005869109560729
1449005867899264933 1449005869129776649
1449005868149216389 1449005869129824965
1449005868399212875 1449005869129836475
1449005868649266202 1449005869129845595
1449005868899244881 1449005869129855200
1449005868999263502 1449005869159565391
1449005869099263375 1449005869259540500
1449005869149264639 1449005869309591664
1449005869199260070 1449005869359475910
1449005869249263917 1449005869409537585
1449005869349214180 1449005869509516266
1449005869399261816 1449005869559563724
1449005869449265943 1449005869609538188
1449005869499263566 1449005869659540194
1449005869599262239 1449005869759539525
1449005869649265270 1449005869809554310
1449005869699266658 1449005869859563732
1449005869049262027 1449005869868951244
1449005869299247317 1449005869868998996
1449005869549264102 1449005869869010472
1449005869749264748 1449005869909521872
1449005869799264546 1449005869959539253
1449005869899264134 1449005870059538116
1449005869949263160 1449005870109551969
1449005869999263205 1449005870159540852
1449005870049264102 1449005870209568476
1449005870149264362 1449005870309577469
1449005870199257287 1449005870359546056
1449005870249243136 1449005870409519036
1449005870299263256 1449005870459524072
1449005870399266333 1449005870559571930
1449005869849265059 1449005870579657020
1449005870099263862 1449005870579700993
1449005870349260518 1449005870579710812
1449005870449263237 1449005870609493184
1449005870499263158 1449005870659527450
1449005870549246051 1449005870709494877
1449005870599224719 1449005870759430780
1449005870649264666 1449005870809513805
1449005870699264988 1449005870859520269
1449005870749265467 1449005870909528220
1449005870799264653 1449005870959539814
1449005870849268126 1449005871009546404
1449005870899264385 1449005871059543111
1449005870949241618 1449005871109515553
1449005870999262203 1449005871159525223
1449005871049233573 1449005871209469221
1449005871099245364 1449005871259575938
1449005871149273309 1449005871309540993
1449005871199229364 1449005871359472112
1449005871249272302 1449005871409550043
1449005871299263571 1449005871459524566
1449005871349265369 1449005871509537614
1449005871399265551 1449005871559483957
1449005871499270144 1449005871659490498
1449005871599269829 1449005871759513035
1449005871649269574 1449005871809544731
1449005871749269516 1449005871909529730
1449005871849268820 1449005872009548489
1449005871899267081 1449005872059568231
1449005871999264889 1449005872159575287
1449005872099246593 1449005872259507526
1449005872149266553 1449005872309582668
1449005872249265885 1449005872409557072
1449005872349264751 1449005872509545492
1449005872399266861 1449005872559547130
1449005872499261698 1449005872659536726
1449005871449264958 1449005872679700276
1449005871699268816 1449005872679732771
1449005871949267741 1449005872679739378
1449005872199262202 1449005872679745366
1449005872449266869 1449005872679751428
1449005872599265019 1449005872759539495
1449005871549232878 1449005872779704947
1449005871799268004 1449005872779753718
1449005872049267276 1449005872779764856
1449005872299264783 1449005872779774448
1449005872549245146 1449005872779783879
1449005872649220900 1449005872809495316
1449005872749266974 1449005872909551954
1449005872799262194 1449005872959534335
1449005872849264798 1449005873009540494
1449005872899265214 1449005873059497374
1449005872999263198 1449005873159562872
1449005873049213574 1449005873209487432
1449005873099261063 1449005873259535703
1449005873149263456 1449005873309519274
1449005873249265186 1449005873409540739
1449005873299265929 1449005873459543022
1449005873349268192 1449005873509525971
1449005872699259743 1449005873528958101
1449005872949263698 1449005873529007039
1449005873199218225 1449005873529019614
1449005873399269223 1449005873559535444
1449005873449246630 1449005873609480544
1449005873499263913 1449005873659560921
1449005873549245737 1449005873709560324
1449005873649265354 1449005873809527984
1449005873699264577 1449005873859537657
1449005873749266222 1449005873909555145
1449005873799261005 1449005873959517491
1449005873899261298 1449005874059516484
1449005873949245420 1449005874109522366
1449005873999232198 1449005874159526653
1449005874199264377 1449005874359541760
1449005873599265861 1449005874408939342
1449005873849265116 1449005874408988460
1449005874099265186 1449005874409001323
1449005874349264427 1449005874509544834
1449005874449265025 1449005874609543661
1449005874599262139 1449005874759534317
1449005874699259906 1449005874859524367
1449005874149264235 1449005874968974447
1449005874399263951 1449005874969024213
1449005874649227702 1449005874969035518
1449005874249247149 1449005874979711224
1449005874499264218 1449005874979775309
1449005874749265006 1449005874979799313
1449005874849263158 1449005875009541707
1449005874899214716 1449005875059512118
1449005874949263297 1449005875109564167
1449005875099263836 1449005875259518132
1449005874049228789 1449005875279668592
1449005875149267917 1449005875309580449
1449005875199265907 1449005875359540931
1449005875349251338 1449005875509524588
1449005874299263504 1449005875529738647
1449005874549257647 1449005875529788223
1449005874799260430 1449005875529799171
1449005875049244631 1449005875529808803
1449005875299258840 1449005875529818261
1449005875399262895 1449005875559559629
1449005875449263000 1449005875609539190
1449005874999264355 1449005875729754886
1449005875249262828 1449005875729803830
1449005875499260720 1449005875729815269
1449005875649264188 1449005875809547725
1449005875549263648 1449005875849786918
1449005875699262065 1449005875859527998
1449005875799249131 1449005875959549089
1449005875749262487 1449005875979635823
1449005875899248549 1449005876059521372
1449005875949264026 1449005876109528169
1449005875999266239 1449005876159602896
1449005876049265883 1449005876209542277
1449005876149247855 1449005876309497946
1449005876199266411 1449005876359539712
1449005876299262041 1449005876459557267
1449005876249244496 1449005876479675382
1449005876399262291 1449005876559535568
1449005876449264811 1449005876609540423
1449005876499265998 1449005876659474814
1449005876549264971 1449005876709490855
1449005876649237204 1449005876809439256
1449005875599264919 1449005876829710318
1449005875849267160 1449005876829740825
1449005876099263479 1449005876829747388
1449005876349258334 1449005876829753225
1449005876599262256 1449005876829758879
1449005876699261640 1449005876859561478
1449005876749245809 1449005876909483198
1449005876799234966 1449005876959505390
1449005876849279450 1449005877009535887
1449005876899261947 1449005877059556532
1449005876949265763 1449005877109489023
1449005876999266623 1449005877159531207
1449005877049259578 1449005877209558957
1449005877149226342 1449005877309486538
1449005877199259265 1449005877359513963
1449005877299259027 1449005877459539798
1449005877399234962 1449005877559849807
1449005877449268025 1449005877609571417
1449005877549266985 1449005877709486978
1449005877699232464 1449005877859498415
1449005877099263940 1449005877912958155
1449005877349264103 1449005877913007226
1449005877599261584 1449005877913018392
1449005877799263728 1449005877959531549
1449005877849258544 1449005878009528343
1449005877949264454 1449005878109548435
1449005878049263140 1449005878209527793
1449005878199264116 1449005878359532135
1449005878299261359 1449005878459524393
1449005877649251449 1449005878464955708
1449005877899231628 1449005878465005059
1449005878149239726 1449005878465017651
1449005877249262888 1449005878550164433
1449005877499249745 1449005878550215789
1449005877749264041 1449005878550262392
1449005877999262708 1449005878550297915
1449005878249264164 1449005878550308884
1449005878399263804 1449005878559546676
1449005878449218914 1449005878609469195
1449005878549262298 1449005878709510645
1449005878499257372 1449005878729683563
1449005878649219844 1449005878809458105
1449005878699229105 1449005878859475142
1449005878099264491 1449005878908916123
1449005878349260736 1449005878908970413
1449005878599244305 1449005878908981902
1449005878749246210 1449005878909418218
1449005878799264426 1449005878959545170
1449005878849266379 1449005879009555887
1449005878899264693 1449005879059538344
1449005878949263405 1449005879109550880
1449005878999259383 1449005879159533095
1449005879099261691 1449005879259539582
1449005879149260597 1449005879309537332
1449005879199265402 1449005879359544900
1449005879249263717 1449005879409538484
1449005879349263158 1449005879509524294
1449005879399259915 1449005879559524904
1449005879449264176 1449005879609541108
1449005879499243330 1449005879659492834
1449005879599265547 1449005879759538099
1449005879049264283 1449005879856906440
1449005879299263407 1449005879856954058
1449005879549236216 1449005879856966158
1449005879699264343 1449005879859532729
1449005879749265076 1449005879909540548
1449005879799261500 1449005879959499680
1449005879849265082 1449005880009536358
1449005879949265379 1449005880109532773
1449005879999263991 1449005880159504366
1449005880049265108 1449005880209536014
1449005880099263496 1449005880259547134
1449005880199233507 1449005880359489673
1449005879649268665 1449005880379651339
1449005879899265234 1449005880379677285
1449005880249245759 1449005880409519036
1449005880299260080 1449005880459493847
1449005880349266182 1449005880509535971
1449005880549246816 1449005880709501070
1449005880599265737 1449005880759541684
1449005880149263433 1449005880879652348
1449005880399253665 1449005880879700911
1449005880649264700 1449005880879712213
1449005880799264807 1449005880959567133
1449005880849266492 1449005881009545061
1449005880899264252 1449005881059526922
1449005880449217227 1449005881179701591
1449005880699260966 1449005881179750321
1449005880949264881 1449005881179761226
1449005881049262382 1449005881209532061
1449005881099265400 1449005881259540371
1449005881149264382 1449005881309551965
1449005881199261256 1449005881359532760
1449005881299213795 1449005881459484773
1449005881349253079 1449005881509505866
1449005881399213667 1449005881559482812
1449005881449263345 1449005881609531978
1449005881549264476 1449005881709515754
1449005880499261495 1449005881729671634
1449005880749257877 1449005881729719610
1449005880999246043 1449005881729731112
1449005881249264499 1449005881729741005
1449005881499262360 1449005881729750423
1449005881599234864 1449005881759501476
1449005881649263744 1449005881809534258
1449005881699261684 1449005881859512016
1449005881799267343 1449005881959539705
1449005881749268214 1449005881979700306
1449005881849266275 1449005882009505575
1449005881899267453 1449005882059519161
1449005881949267100 1449005882109521885
1449005881999258669 1449005882159505649
1449005882049266494 1449005882209523588
1449005882099261732 1449005882259513119
1449005882149265127 1449005882309623303
1449005882199267634 1449005882359528667
1449005882249253113 1449005882409504083
1449005882299249295 1449005882459482585
1449005882349246985 1449005882509511425
1449005882399266634 1449005882559516164
1449005882449268045 1449005882609519576
1449005882499247898 1449005882659521535
1449005882549271365 1449005882709561180
1449005882599271794 1449005882759495092
1449005882649255028 1449005882809483757
1449005882699265543 1449005882859521584
1449005882749251899 1449005882909500902
1449005882799261801 1449005882959505855
1449005882849242211 1449005883009460533
1449005882899263801 1449005883059541217
1449005882949230123 1449005883109507850
1449005882999243103 1449005883159495884
1449005883049246035 1449005883209452741
1449005883099262066 1449005883259483235
1449005883149232296 1449005883309469719
1449005883199266488 1449005883359500020
1449005883249227946 1449005883409507378
1449005883299245497 1449005883459472950
1449005883349265991 1449005883509537070
1449005883399223129 1449005883559480694
1449005883449272816 1449005883609532452
1449005883499235967 1449005883659480549
1449005883549267691 1449005883709530738
1449005883599268450 1449005883759536492
1449005883649267075 1449005883809517083
1449005883699267083 1449005883859525386
1449005883749264666 1449005883909523146
1449005883799265021 1449005883959484125
1449005883849232776 1449005884009488664
1449005883899269484 1449005884059521844
1449005883949231018 1449005884109546858
1449005883999262969 1449005884159494661
1449005884049265075 1449005884209470317
1449005884099262577 1449005884259505188
1449005884149262785 1449005884309525215
1449005884199215901 1449005884359463767
1449005884249263563 1449005884409510263
1449005884299264513 1449005884459533741
1449005884349266479 1449005884509545396
1449005884399269531 1449005884559513241
1449005884449264581 1449005884609514649
1449005884499267619 1449005884659522565
1449005884549266114 1449005884709528005
1449005884599263937 1449005884759504276
1449005884649261733 1449005884809521673
1449005884699265339 1449005884859509915
1449005884749224984 1449005884909449476
1449005884799266140 1449005884959543961
1449005884849263429 1449005885009542599
1449005884949263542 1449005885109486378
1449005884999260864 1449005885159668108
1449005885049216314 1449005885209483795
1449005885099213803 1449005885259479015
1449005885199265423 1449005885359520455
1449005885249265147 1449005885409552553
1449005885299266518 1449005885459540874
1449005885449244743 1449005885609469059
1449005885499261021 1449005885659530135
1449005884899263066 1449005885708933140
1449005885149264924 1449005885708981560
1449005885399265138 1449005885708993884
1449005885549245350 1449005885709477013
1449005885649263009 1449005885809564056
1449005885699265303 1449005885859567970
1449005885749263884 1449005885909536373
1449005885799263084 1449005885959526899
1449005885899260858 1449005886059568693
1449005885949265663 1449005886109473412
1449005885999258856 1449005886159519040
1449005885349230280 1449005886188944245
1449005885599261217 1449005886188989744
1449005885849266586 1449005886189000916
1449005886049266080 1449005886209568901
1449005886099210559 1449005886259487454
1449005886149263424 1449005886309551782
1449005886199267000 1449005886359577952
1449005886249263670 1449005886409507584
1449005886299266455 1449005886459545655
1449005886349238643 1449005886509536442
1449005886399263257 1449005886559567120
1449005886449266743 1449005886609536585
1449005886499249264 1449005886659512595
1449005886549265372 1449005886709566699
1449005886599264461 1449005886759496127
1449005886649264987 1449005886809529822
1449005886699267458 1449005886859524981
1449005886749263647 1449005886909540187
1449005886849264638 1449005887009538741
1449005886899259969 1449005887059536631
1449005886949213963 1449005887109478527
1449005886999260423 1449005887159571108
1449005887099227498 1449005887259535684
1449005887149264282 1449005887309527487
1449005887199263174 1449005887359540431
1449005887249243341 1449005887409541701
1449005887349265009 1449005887509543545
1449005887399264042 1449005887559544265
1449005887449263512 1449005887609549605
1449005886799262362 1449005887616930538
1449005887049264273 1449005887616978634
1449005887499263052 1449005887659532621
1449005887599259570 1449005887759535430
1449005887649243773 1449005887809548036
1449005887699261534 1449005887859525156
1449005887749260045 1449005887909504634
1449005887849246568 1449005888009527104
1449005887299264096 1449005888029721048
1449005887549263758 1449005888029770694
1449005887799259582 1449005888029782818
1449005887899269581 1449005888059537075
1449005887949264381 1449005888109562450
1449005887999263948 1449005888159516150
1449005888049265680 1449005888209534597
1449005888099264010 1449005888259519454
1449005888149235457 1449005888309510575
1449005888199264695 1449005888359528484
1449005888249264826 1449005888409510621
1449005888299262195 1449005888459525352
1449005888349233084 1449005888509514519
1449005888399259575 1449005888559496653
1449005888449262486 1449005888609535413
1449005888499261225 1449005888659525826
1449005888549264126 1449005888709563175
1449005888599260426 1449005888759507971
1449005888649264610 1449005888809514404
1449005888699252240 1449005888859527348
1449005888749260573 1449005888909529016
1449005888799199463 1449005888959432562
1449005888849267559 1449005889009511649
1449005888899263708 1449005889059534135
1449005888949257542 1449005889109547831
1449005888999262975 1449005889159520854
1449005889049264871 1449005889209536301
1449005889099264849 1449005889259533673
1449005889149264199 1449005889309545898
1449005889199264006 1449005889359540006
1449005889249262494 1449005889409532050
1449005889299258938 1449005889459526959
1449005889349263590 1449005889509561432
1449005889399265345 1449005889559536056
1449005889449264337 1449005889609535169
1449005889499265404 1449005889659523517
1449005889549263391 1449005889709546634
1449005889599259918 1449005889759486880
1449005889649262722 1449005889809531369
1449005889699245364 1449005889859515952
1449005889749229125 1449005889909499513
1449005889799266572 1449005889959530093
