1449005484126668049 1449005484286892112
1449005484176726503 1449005484336992186
1449005484226660528 1449005484386874367
1449005484276663730 1449005484436925164
1449005484326722261 1449005484486973615
1449005484376727100 1449005484537253297
1449005484426686576 1449005484586941248
1449005484476718523 1449005484636960589
1449005484526668872 1449005484686921850
1449005484576711781 1449005484736947743
1449005484626668541 1449005485257072112
1449005484676707360 1449005485257126054
1449005484726664601 1449005485257144874
1449005484776708589 1449005485257161451
1449005484826666160 1449005485257179402
1449005484876722934 1449005485257198238
1449005484926664927 1449005485257214796
1449005484976710101 1449005485257230388
1449005485026686920 1449005485257246060
1449005485076724048 1449005485257264421
1449005485126681209 1449005485307024175
1449005485176665101 1449005485357115299
1449005485226709970 1449005485407060296
1449005485276664115 1449005485457101424
1449005485326701537 1449005485507094333
1449005485376711431 1449005485557142610
1449005485426666267 1449005486057062752
1449005485476665293 1449005486057119280
1449005485526706584 1449005486057138093
1449005485576666515 1449005486057154851
1449005485626714384 1449005486057172575
1449005485676707888 1449005486057189436
1449005485726665744 1449005486057204751
1449005485776664559 1449005486057220122
1449005485826728121 1449005486057236446
1449005485876703390 1449005486057253361
1449005485926665371 1449005486157125651
1449005485976664307 1449005486157183692
1449005486026710510 1449005486207070197
1449005486076722178 1449005486257109170
1449005486126688503 1449005486307144260
1449005486176721362 1449005486357076909
1449005486226686768 1449005486386940965
1449005486276664018 1449005486477279562
1449005486326736994 1449005486957125499
1449005486376663382 1449005486957183069
1449005486426723821 1449005486957205657
1449005486476723311 1449005486957224804
1449005486526664305 1449005486957245193
1449005486576727112 1449005486957264266
1449005486626683414 1449005486957312740
1449005486676726376 1449005486957334295
1449005486726683621 1449005486957350004
1449005486776730939 1449005487597398672
1449005486826681114 1449005487597455915
1449005486876726930 1449005487597475138
1449005486926686202 1449005487597490907
1449005486976704939 1449005487597508400
1449005487026665174 1449005487597526615
1449005487076708630 1449005487597542872
1449005487126665156 1449005488237723996
1449005487176729955 1449005488237791145
1449005487226679388 1449005488237822496
1449005487276723212 1449005488237841312
1449005487326675953 1449005488237857078
1449005487376665116 1449005488237909196
1449005487426724338 1449005488237931393
1449005487476664932 1449005488237946561
1449005487526718912 1449005488237966750
1449005487576732942 1449005488237994693
1449005487626665387 1449005488238012707
1449005487676719695 1449005488238028035
1449005487726678132 1449005488238044526
1449005487776665651 1449005488238070585
1449005487826727710 1449005488238091412
1449005487876720144 1449005488238106212
1449005487926663277 1449005488238120729
1449005487976726705 1449005488238142705
1449005488026684464 1449005488238166686
1449005488076725726 1449005488238184189
1449005488126665571 1449005488557902469
1449005488176662595 1449005488557958944
1449005488226723792 1449005488557976671
1449005488276641346 1449005488557992326
1449005488326663732 1449005488558009288
1449005488376635162 1449005488558027199
1449005488426647618 1449005489148898088
1449005488476648027 1449005489148968411
1449005488526677057 1449005489149000090
1449005488576718606 1449005489149018698
1449005488626672389 1449005489149033358
1449005488676716190 1449005489149053003
1449005488726672696 1449005489149078116
1449005488776725878 1449005489149095152
1449005488826665860 1449005489149110239
1449005488876665293 1449005489149125671
1449005488926684478 1449005489149152652
1449005488976708855 1449005489149174625
1449005489026682667 1449005489469034289
1449005489076707130 1449005489469100359
1449005489126669683 1449005489469129899
1449005489176703161 1449005489469148611
1449005489226666663 1449005489469163792
1449005489276710109 1449005489469215353
1449005489326667741 1449005489486887637
1449005489376706848 1449005489536973637
1449005489426666367 1449005489789149582
1449005489476665346 1449005489789216347
1449005489526719644 1449005489789247153
1449005489576666314 1449005489789266380
1449005489626725624 1449005489789283619
1449005489676665559 1449005489836934803
1449005489726719372 1449005489887014405
1449005489776707152 1449005490109298358
1449005489826681893 1449005490109358344
1449005489876664609 1449005490109381493
1449005489926717734 1449005490109404499
1449005489976663783 1449005490157095580
1449005490026720078 1449005490207160217
1449005490076652657 1449005490236798928
1449005490126672540 1449005490429408127
1449005490176653191 1449005490429458183
1449005490226704134 1449005490429475775
1449005490276650207 1449005490477186437
1449005490326648504 1449005490527243498
1449005490376648191 1449005490556980172
1449005490426650361 1449005490797397885
1449005490476651953 1449005490797457370
1449005490526695539 1449005490797479537
1449005490576649102 1449005490797499706
1449005490626651252 1449005490797518442
1449005490676653909 1449005491527162832
1449005490726686347 1449005491527219089
1449005490776650995 1449005491527236960
1449005490826651307 1449005491527252091
1449005490876652862 1449005491527270603
1449005490926668342 1449005491527288647
1449005490976648628 1449005491527305295
1449005491026652462 1449005491527320533
1449005491076653826 1449005491527335600
1449005491126693872 1449005491527350364
1449005491176652125 1449005491527367065
1449005491226652013 1449005491607048756
1449005491276652736 1449005491607098799
1449005491326673437 1449005491607117889
1449005491376651509 1449005491607134400
1449005491426652903 1449005491607152985
1449005491476653673 1449005491657065060
1449005491526692215 1449005491847340784
1449005491576654140 1449005491847398384
1449005491626689071 1449005491847708968
1449005491676652990 1449005491847739628
1449005491726652865 1449005491977159025
1449005491776651917 1449005491977217040
1449005491826653018 1449005491986912390
1449005491876723673 1449005492036983746
1449005491926664637 1449005492167493311
1449005491976663973 1449005492167551731
1449005492026723904 1449005492297338307
1449005492076664671 1449005492297395600
1449005492126715808 1449005492297415305
1449005492176729323 1449005492336988956
1449005492226681770 1449005492386937100
1449005492276636181 1449005492436840753
1449005492326665559 1449005492617488797
1449005492376663787 1449005492617547025
1449005492426721800 1449005492617567224
1449005492476663539 1449005492636932339
1449005492526729730 1449005492686955597
1449005492576665456 1449005492736921267
1449005492626687457 1449005492786941310
1449005492676664864 1449005492937554427
1449005492726715249 1449005492937610571
1449005492776664686 1449005492937629651
1449005492826738645 1449005492987000991
1449005492876663433 1449005493977323027
1449005492926696405 1449005493977382519
1449005492976664204 1449005493977400830
1449005493026718244 1449005493977416556
1449005493076664267 1449005493977434981
1449005493126719319 1449005493977451749
1449005493176664079 1449005493977466883
1449005493226725463 1449005493977482332
1449005493276738871 1449005493977497463
1449005493326664227 1449005493977513248
1449005493376732269 1449005493977529625
1449005493426664570 1449005493977545976
1449005493476664725 1449005493977561638
1449005493526722080 1449005493977577367
1449005493576651100 1449005493977594359
1449005493626663643 1449005493977610539
1449005493676725301 1449005493977626348
1449005493726663225 1449005493977641319
1449005493776663143 1449005493977656176
1449005493826720113 1449005494057370410
1449005493876650420 1449005494057429006
1449005493926663424 1449005494297447915
1449005493976664160 1449005494297498256
1449005494026717954 1449005494297513608
1449005494076665232 1449005494297527650
1449005494126714899 1449005494297542470
1449005494176661567 1449005494336974523
1449005494226730838 1449005494386987594
1449005494276665321 1449005494436967621
1449005494326696279 1449005494617562093
1449005494376650407 1449005494617644092
1449005494426664674 1449005494617664689
1449005494476707195 1449005494657124582
1449005494526651453 1449005494686866501
1449005494576658390 1449005494736879085
1449005494626714742 1449005494786927613
1449005494676657524 1449005494937699910
1449005494726722075 1449005494937758356
1449005494776653000 1449005494937778779
1449005494826737496 1449005495057003542
1449005494876664605 1449005495057062031
1449005494926723400 1449005495086953927
1449005494976664769 1449005495136930652
1449005495026705332 1449005495186930106
1449005495076665316 1449005495257859474
1449005495126714235 1449005495377055699
1449005495176661707 1449005495377114028
1449005495226729108 1449005495407104995
1449005495276664666 1449005495496876399
1449005495326704348 1449005495497006631
1449005495376734033 1449005495577958120
1449005495426665395 1449005495586890897
1449005495476649985 1449005495898091561
1449005495526663560 1449005495898150685
1449005495576665914 1449005495898170389
1449005495626705154 1449005495898190458
1449005495676663174 1449005495898209187
1449005495726707412 1449005495898227084
1449005495776665094 1449005495936944221
1449005495826703820 1449005495986970645
1449005495876718985 1449005496036949235
1449005495926664246 1449005496707075997
1449005495976663900 1449005496707143366
1449005496026713320 1449005496707174727
1449005496076665727 1449005496707193981
1449005496126707897 1449005496707209616
1449005496176664460 1449005496957138505
1449005496226710943 1449005496957219576
1449005496276733115 1449005496957246684
1449005496326661998 1449005496957263639
1449005496376660800 1449005496957287002
1449005496426737880 1449005496957318126
1449005496476726582 1449005496957338078
1449005496526681444 1449005496957354942
1449005496576664317 1449005496957376906
1449005496626720960 1449005496957405026
1449005496676664580 1449005496957423825
1449005496726722606 1449005496957439865
1449005496776664767 1449005496957461922
1449005496826688639 1449005497027188885
1449005496876650196 1449005497277237164
1449005496926648377 1449005497277304300
1449005496976651940 1449005497277338454
1449005497026651877 1449005497277359221
1449005497076652146 1449005497277376874
1449005497126680993 1449005498237654476
1449005497176653605 1449005498237712788
1449005497226699127 1449005498237732907
1449005497276652288 1449005498237751726
1449005497326700349 1449005498237772610
1449005497376654312 1449005498237791196
1449005497426713291 1449005498237808184
1449005497476653473 1449005498237824855
1449005497526710474 1449005498237841175
1449005497576655945 1449005498237861161
1449005497626715324 1449005498237877879
1449005497676652820 1449005498237894306
1449005497726708134 1449005498237910753
1449005497776650544 1449005499436849867
1449005497826652945 1449005499436910508
1449005497876652451 1449005499436930276
1449005497926707558 1449005499436947803
1449005497976653149 1449005499436968717
1449005498026710256 1449005499436986544
1449005498076652931 1449005499437003923
1449005498126710590 1449005499437020160
1449005498176653051 1449005499437038030
1449005498226733478 1449005499437056592
1449005498276701343 1449005499437073197
1449005498326666438 1449005499437089821
1449005498376636849 1449005499437105988
1449005498426666678 1449005499437123695
1449005498476665390 1449005499437141278
1449005498526683786 1449005499437157799
1449005498576733708 1449005499437173387
1449005498626664926 1449005499437189477
1449005498676729260 1449005499437208226
1449005498726648218 1449005499437224757
1449005498776648690 1449005499437240773
1449005498826651695 1449005499437256352
1449005498876652271 1449005499437273521
1449005498926678352 1449005499437291405
1449005498976657392 1449005499437308981
1449005499026702188 1449005499437325205
1449005499076652951 1449005499518178959
1449005499126698800 1449005499518238146
1449005499176651965 1449005499518258369
1449005499226728172 1449005499518276988
1449005499276712475 1449005499518296098
1449005499326668583 1449005499518316574
1449005499376702652 1449005499757022247
1449005499426670176 1449005499757079747
1449005499476662226 1449005499757098740
1449005499526716851 1449005499757141814
1449005499576703436 1449005499757160530
1449005499626666390 1449005499838329208
1449005499676653970 1449005499838388709
1449005499726695679 1449005499886926162
1449005499776653698 1449005500077116616
1449005499826694843 1449005500077178533
1449005499876652936 1449005500077209977
1449005499926697729 1449005501167515185
1449005499976654258 1449005501167573230
1449005500026697227 1449005501167592714
1449005500076652761 1449005501167611610
1449005500126712397 1449005501167631448
1449005500176665272 1449005501167648434
1449005500226708698 1449005501167665980
1449005500276705496 1449005501167683516
1449005500326666652 1449005501167701774
1449005500376666687 1449005501167718840
1449005500426720818 1449005501167734672
1449005500476665353 1449005501167750876
1449005500526737669 1449005501167768192
1449005500576731222 1449005501167787008
1449005500626666096 1449005501167803495
1449005500676666688 1449005501167819054
1449005500726715758 1449005501167835488
1449005500776727626 1449005501167852954
1449005500826681974 1449005501167870193
1449005500876733195 1449005501167885287
1449005500926684235 1449005501167900425
1449005500976665420 1449005501167915549
1449005501026699970 1449005501487563665
1449005501076664351 1449005501487601275
1449005501126709755 1449005501487617171
1449005501176660200 1449005501487631569
1449005501226694062 1449005501487646494
1449005501276659926 1449005501487661963
1449005501326724086 1449005501487676965
1449005501376666664 1449005501807672767
1449005501426728438 1449005501807713545
1449005501476664205 1449005501807725347
1449005501526653597 1449005501807734245
1449005501576635814 1449005501807743426
1449005501626636691 1449005501807753472
1449005501676636878 1449005501836856957
1449005501726638995 1449005501886832682
1449005501776665382 1449005502127709603
1449005501826728747 1449005502127740277
1449005501876666052 1449005502127748413
1449005501926676340 1449005502127755158
1449005501976638537 1449005502206932137
1449005502026637910 1449005502206978268
1449005502076636687 1449005502236766791
1449005502126639826 1449005502447862073
1449005502176639253 1449005502447903171
1449005502226661264 1449005502447910612
1449005502276635780 1449005502447917569
1449005502326690229 1449005502527070002
1449005502376666036 1449005502556972539
1449005502426700155 1449005502768003873
1449005502476706724 1449005502768034134
1449005502526675391 1449005502768042119
1449005502576665543 1449005502768048815
1449005502626732714 1449005502786971449
1449005502676664347 1449005503436870655
1449005502726723986 1449005503436927721
1449005502776665064 1449005503436945681
1449005502826723979 1449005503436962733
1449005502876665505 1449005503436980514
1449005502926725903 1449005503436999340
1449005502976666092 1449005503437015753
1449005503026725261 1449005503437032047
1449005503076662306 1449005503457097519
1449005503126720122 1449005503457156039
1449005503176704755 1449005503457174521
1449005503226670652 1449005503457191596
1449005503276649228 1449005503457211615
1449005503326757729 1449005503777197905
1449005503376665234 1449005503777253131
1449005503426739995 1449005503777271546
1449005503476664802 1449005503777287305
1449005503526721987 1449005503777357778
1449005503576665647 1449005503777378298
1449005503626724452 1449005503786938107
1449005503676712683 1449005504107013503
1449005503726666008 1449005504107072183
1449005503776665599 1449005504107090771
1449005503826716245 1449005504107106287
1449005503876664940 1449005504107121909
1449005503926724540 1449005504107141049
1449005503976665785 1449005504136962171
1449005504026733379 1449005504186939400
1449005504076665430 1449005504427211804
1449005504126704102 1449005504427269632
1449005504176649800 1449005504427288217
1449005504226664559 1449005504427306282
1449005504276665479 1449005504456977827
1449005504326721941 1449005504486963189
1449005504376666263 1449005504536954648
1449005504426730360 1449005504747348088
1449005504476666326 1449005504747414469
1449005504526696445 1449005504747444260
1449005504576704405 1449005504747464770
1449005504626664065 1449005505407035287
1449005504676653479 1449005505407102693
1449005504726694406 1449005505407135838
1449005504776710761 1449005505407156285
1449005504826661538 1449005505407173029
1449005504876716948 1449005505407199726
1449005504926659990 1449005505407228204
1449005504976665721 1449005505407247398
1449005505026692353 1449005505407263715
1449005505076666141 1449005505407291488
1449005505126693575 1449005505407321680
1449005505176709362 1449005505407342914
1449005505226658568 1449005505407362906
1449005505276707664 1449005506324899103
1449005505326657960 1449005506324955233
1449005505376655880 1449005506324973211
1449005505426690038 1449005506324989444
1449005505476714762 1449005506325007415
1449005505526680165 1449005506325025917
1449005505576665507 1449005506325042241
1449005505626724498 1449005506325058945
1449005505676734850 1449005506325074110
1449005505726655688 1449005506325090724
1449005505776655342 1449005506325107549
1449005505826689688 1449005506325122984
1449005505876652776 1449005506325138519
1449005505926654137 1449005507313037349
1449005505976655819 1449005507313095448
1449005506026683349 1449005507313114711
1449005506076653332 1449005507313130133
1449005506126684842 1449005507313147526
1449005506176652804 1449005507313165660
1449005506226691313 1449005507313181970
1449005506276652476 1449005507313196904
1449005506326673786 1449005507313212379
1449005506376650972 1449005507313229318
1449005506426652617 1449005507313246136
1449005506476660930 1449005507313261013
1449005506526708306 1449005507313275877
1449005506576715096 1449005507313291238
1449005506626664680 1449005507313307856
1449005506676663271 1449005507313324761
1449005506726727295 1449005507313339932
1449005506776712236 1449005507313355370
1449005506826676254 1449005507313370708
1449005506876728260 1449005507313386153
1449005506926676354 1449005507313403439
1449005506976712223 1449005507313418269
1449005507026670333 1449005507313433621
1449005507076724584 1449005507313448802
1449005507126673206 1449005507313465864
1449005507176705734 1449005507336894373
1449005507226670900 1449005507386929283
1449005507276722154 1449005507633195179
1449005507326658635 1449005507633257784
1449005507376709692 1449005507633276867
1449005507426679207 1449005507633295009
1449005507476710099 1449005507657061540
1449005507526669391 1449005507707080311
1449005507576714581 1449005507953344382
1449005507626669327 1449005507953401589
1449005507676707501 1449005507953420074
1449005507726669744 1449005507953435138
1449005507776703452 1449005507953453109
1449005507826669556 1449005508593596050
1449005507876663016 1449005508593649972
1449005507926722251 1449005508593694072
1449005507976704332 1449005508593714515
1449005508026667096 1449005508593731597
1449005508076663068 1449005508593748355
1449005508126728280 1449005508593763506
1449005508176703419 1449005508593780014
1449005508226666126 1449005511420864450
1449005508276664533 1449005511420921069
1449005508326723301 1449005511420940175
1449005508376664820 1449005511420956392
1449005508426734001 1449005511420972863
1449005508476663754 1449005511420988852
1449005508526716067 1449005511421004682
1449005508576663596 1449005511421020802
1449005508626735146 1449005511421036454
1449005508676721523 1449005511421053085
1449005508726665050 1449005511421070180
1449005508776723029 1449005511421085849
1449005508826675406 1449005511421100883
1449005508876665649 1449005511421115900
1449005508926724477 1449005511421131897
1449005508976666373 1449005511421148919
1449005509026721756 1449005511421164247
1449005509076664328 1449005511421178940
1449005509126730459 1449005511421193102
1449005509176706626 1449005511421209356
1449005509226666032 1449005511421226294
1449005509276664814 1449005511421241639
1449005509326724554 1449005511421257321
1449005509376722852 1449005511421272235
1449005509426668172 1449005511421288161
1449005509476725674 1449005511421304865
1449005509526659839 1449005511421320461
1449005509576663997 1449005511421336554
1449005509626733302 1449005511421351755
1449005509676706680 1449005511421367674
1449005509726653928 1449005511421384743
1449005509776665693 1449005511741038841
1449005509826700667 1449005511741097257
1449005509876666036 1449005511741116213
1449005509926690693 1449005511741132206
1449005509976665678 1449005511741150574
1449005510026733907 1449005511741169136
1449005510076662868 1449005511741185417
1449005510126721789 1449005511741200979
1449005510176664053 1449005511741215822
1449005510226707209 1449005511741232991
1449005510276663371 1449005511741250046
1449005510326726398 1449005511741266256
1449005510376664272 1449005511741282443
1449005510426716435 1449005511741298600
1449005510476665621 1449005511741316584
1449005510526703392 1449005511741332854
1449005510576712721 1449005511741347975
1449005510626679684 1449005511741362952
1449005510676707919 1449005511741379603
1449005510726663339 1449005511741396762
1449005510776663698 1449005511741413033
1449005510826723789 1449005511741429189
1449005510876666384 1449005511741444086
1449005510926723070 1449005511741460473
1449005510976665157 1449005511741477305
1449005511026717450 1449005511741494033
1449005511076663509 1449005513196899240
1449005511126720289 1449005513196957646
1449005511176665757 1449005513196976492
1449005511226727027 1449005513196993079
1449005511276722705 1449005513197011692
1449005511326664952 1449005513197028717
1449005511376663290 1449005513197043594
1449005511426696022 1449005513197059086
1449005511476650557 1449005513197074568
1449005511526674740 1449005513197091329
1449005511576664354 1449005513197108808
1449005511626722284 1449005513197124457
1449005511676665319 1449005513197139247
1449005511726718875 1449005513197154609
1449005511776656933 1449005513197172446
1449005511826688205 1449005513197188285
1449005511876644364 1449005513197203857
1449005511926655380 1449005513197219125
1449005511976663811 1449005513197234654
1449005512026714547 1449005513197251910
1449005512076665370 1449005513197267983
1449005512126713200 1449005513197283033
1449005512176651087 1449005513197325286
