1449005514020009950 1449005514180303636
1449005514070022169 1449005514230296395
1449005514170009793 1449005514330283398
1449005514270009743 1449005514430282719
1449005514320009400 1449005514480285614
1449005514370008857 1449005514530286337
1449005514520009335 1449005514680283872
1449005514569982971 1449005514730218605
1449005514620012094 1449005514780283577
1449005514670023488 1449005514830280044
1449005514720007864 1449005514880245052
1449005514820023448 1449005514980300968
1449005514870012151 1449005515030293326
1449005514920016001 1449005515080297420
1449005514970015030 1449005515130298500
1449005515020011981 1449005515180290253
1449005515120012786 1449005515280289621
1449005515170011978 1449005515330289398
1449005515220011562 1449005515380244521
1449005515270031285 1449005515430310198
1449005515320009707 1449005515480257807
1449005515370012558 1449005515530269716
1449005515420012510 1449005515580284166
1449005515470013757 1449005515630289660
1449005515520012476 1449005515680288609
1449005515570012821 1449005515730284371
1449005515620012872 1449005515780231419
1449005515670012840 1449005515830285342
1449005515720012337 1449005515880287368
1449005515820012998 1449005515980245102
1449005515920011093 1449005516080283588
1449005515970010470 1449005516130282748
1449005516020009746 1449005516180233721
1449005516070010563 1449005516230280165
1449005516120022354 1449005516280275245
1449005516170026378 1449005516330300741
1449005516220011502 1449005516380282163
1449005516270027282 1449005516430303025
1449005516320009794 1449005516480282333
1449005516370010684 1449005516530282458
1449005516470009103 1449005516630288381
1449005516520009054 1449005516680269338
1449005516620008536 1449005516780303041
1449005516670024483 1449005516830320773
1449005516720005295 1449005516880307801
1449005516770010621 1449005516930302611
1449005516820010950 1449005516980282356
1449005516870009792 1449005517030282485
1449005516920008988 1449005517080281263
1449005516970008415 1449005517130275204
1449005517020025201 1449005517180298388
1449005517070008718 1449005517230277622
1449005517170008845 1449005517330227972
1449005517270024954 1449005517430298525
1449005517320005708 1449005517480265812
1449005517370009471 1449005517530274954
1449005517420024507 1449005517580290748
1449005517470025738 1449005517630277733
1449005517520009890 1449005517680282525
1449005517570008615 1449005517730261883
1449005517620024876 1449005517780296420
1449005517670006616 1449005517830241413
1449005517770024436 1449005517930277698
1449005517820009484 1449005517980254647
1449005517870024913 1449005518030295634
1449005517920004665 1449005518080268935
1449005517970008485 1449005518130261413
1449005518020008757 1449005518180274430
1449005518070025413 1449005518230291106
1449005518120010293 1449005518280282839
1449005518169991566 1449005518330215862
1449005518270009025 1449005518430283130
1449005518320008535 1449005518480277612
1449005518370023223 1449005518530276792
1449005518420024216 1449005518580260636
1449005518470010734 1449005518630283359
1449005518520010839 1449005518680279098
1449005518570009019 1449005518730237054
1449005518620008660 1449005518780279932
1449005518670009156 1449005518830280321
1449005518720007106 1449005518880278224
1449005518770007451 1449005518930269773
1449005518820007957 1449005518980276777
1449005518870008773 1449005519030280276
1449005518920009135 1449005519080285767
1449005518970012114 1449005519130271509
1449005519020007929 1449005519180284253
1449005519070009327 1449005519230278224
1449005519120012886 1449005519280256990
1449005519170010609 1449005519330262043
1449005519220007196 1449005519380256388
1449005519270009636 1449005519430252918
1449005519320027013 1449005519480260099
1449005519370026971 1449005519530222649
1449005519420010916 1449005519580261225
1449005519470032029 1449005519630282140
1449005519520008042 1449005519680251432
1449005519570009744 1449005519730242225
1449005519620028658 1449005519780273651
1449005519670029004 1449005519830275627
1449005519720009995 1449005519880258820
1449005519770009182 1449005519930263516
1449005519820009266 1449005519980211559
1449005519970005201 1449005520130274770
1449005520020008407 1449005520180280912
1449005520070007299 1449005520230260811
1449005520120007100 1449005520280219863
1449005520170008564 1449005520330270121
1449005520220008776 1449005520380228522
1449005520270008697 1449005520430229649
1449005520320008525 1449005520480221027
1449005520370010063 1449005520530258978
1449005520420030638 1449005520580240077
1449005520520009947 1449005520680288901
1449005520570008615 1449005520730263428
1449005520620016544 1449005520780304701
1449005520670016268 1449005520830296738
1449005520720010356 1449005520880245580
1449005520770007882 1449005520930280655
1449005520820009243 1449005520980269684
1449005520870009355 1449005521030283006
1449005520920009573 1449005521080282667
1449005520970015598 1449005521130289684
1449005521020014577 1449005521180287650
1449005521120013220 1449005521280283497
1449005521220013560 1449005521380248253
1449005521270012750 1449005521430289328
1449005521320005815 1449005521480271475
1449005521370011476 1449005521530232732
1449005521420012269 1449005521580287190
1449005521470011609 1449005521630223160
1449005521520012362 1449005521680239054
1449005521570012504 1449005521730271793
1449005521620013254 1449005521780282348
1449005521670011792 1449005521830275036
1449005521720012611 1449005521880282628
1449005521820012584 1449005521980274826
1449005521870013364 1449005522030287784
1449005521970011917 1449005522130225528
1449005522020008811 1449005522180248288
1449005522120010681 1449005522280267621
1449005522170032051 1449005522330208714
1449005522270029484 1449005522430302277
1449005522319987262 1449005522480128695
1449005522370004333 1449005522530274420
1449005522420010439 1449005522580277912
1449005522469982874 1449005522630157107
1449005522520011748 1449005522680278333
1449005522570009070 1449005522730183556
1449005522619982656 1449005522780148421
1449005522669975823 1449005522830215170
1449005522720006381 1449005522880177604
1449005522769983369 1449005522930119972
1449005522820001516 1449005522980200959
1449005522869983159 1449005523030226080
1449005522919974480 1449005523080212083
1449005522969967377 1449005523130083075
1449005523019997849 1449005523180179186
1449005523070026365 1449005523230263691
1449005523169988040 1449005523330176245
1449005523219998620 1449005523380268008
1449005523270008517 1449005523430263349
1449005523320006333 1449005523480276069
1449005523370009609 1449005523530250018
1449005523420026248 1449005523580299455
1449005523470024235 1449005523630276818
1449005523520026945 1449005523680295699
1449005523569995826 1449005523730263661
1449005523620026029 1449005523780297893
1449005523670009777 1449005523830277218
1449005523720007119 1449005523880274636
1449005523820012277 1449005523980241848
1449005523869996355 1449005524030266325
1449005523920007656 1449005524080277602
1449005523970004968 1449005524130270708
1449005524020025896 1449005524180297282
1449005524070008017 1449005524230262244
1449005524170026318 1449005524330281013
1449005524220011863 1449005524380253639
1449005524270012346 1449005524430287527
1449005524320012497 1449005524480287926
1449005524370011583 1449005524530273424
1449005524420011999 1449005524580284277
1449005524470012361 1449005524630282825
1449005524520012459 1449005524680265951
1449005524570012748 1449005524730287572
1449005524620011196 1449005524780224490
1449005524670012858 1449005524830291136
1449005524720012201 1449005524880284395
1449005524820023646 1449005524980211038
1449005524870014784 1449005525030292384
1449005524920031857 1449005525080305719
1449005524970030529 1449005525130307157
1449005525020012222 1449005525180281874
1449005525070012150 1449005525230291153
1449005525120011610 1449005525280289815
1449005525170013823 1449005525330250875
1449005525220015214 1449005525380286607
1449005525270015496 1449005525430293624
1449005525320030218 1449005525480295837
1449005525370011827 1449005525530288823
1449005525420012203 1449005525580284875
1449005525470030923 1449005525630307464
1449005525520029291 1449005525680302114
1449005525570013169 1449005525730269718
1449005525620031846 1449005525780198483
1449005525670012280 1449005525830289285
1449005525720012435 1449005525880285468
1449005525769987094 1449005525930210339
1449005525820010673 1449005525980257350
1449005525870026891 1449005526030297329
1449005525920008585 1449005526080259534
1449005525970008623 1449005526130282822
1449005526020008551 1449005526180219443
1449005526070030495 1449005526230346900
1449005526120013351 1449005526280308771
1449005526170013198 1449005526330442656
1449005526270012018 1449005526430357806
1449005526320014429 1449005526480340458
1449005526370011507 1449005526530263896
1449005526420009530 1449005526580252866
1449005526470008292 1449005526630277410
1449005526519996493 1449005526680263339
1449005526570007209 1449005526730160914
1449005526620007060 1449005526780220023
1449005526670007212 1449005526830258148
1449005526720007761 1449005526880247255
1449005526770025663 1449005526930271688
1449005526820013232 1449005526980189663
1449005526870011674 1449005527030261888
1449005526920015801 1449005527080263951
1449005526970011556 1449005527130259873
1449005527020010087 1449005527180204369
1449005527070009127 1449005527230221419
1449005527120009435 1449005527280260592
1449005527170024791 1449005527330278250
1449005527220008071 1449005527380251270
1449005527270008036 1449005527430250497
1449005527320009718 1449005527480260541
1449005527370010775 1449005527530261508
1449005527420018026 1449005527580273650
1449005527470009521 1449005527630261043
1449005527520025626 1449005527680276222
1449005527620009535 1449005527780210308
1449005527670007973 1449005527830255585
1449005527720008239 1449005527880251741
1449005527770007518 1449005527930255575
1449005527820030468 1449005527980260230
1449005527870024910 1449005528030274981
1449005527920029880 1449005528080274375
1449005527970030005 1449005528130265777
1449005528020028619 1449005528180265133
1449005528070026192 1449005528230236226
1449005528120026748 1449005528280285706
1449005528170024631 1449005528330275835
1449005528220020313 1449005528380211123
1449005528270025185 1449005528430271377
1449005528320025891 1449005528480265432
1449005528370025442 1449005528530266091
1449005528420026652 1449005528580281474
1449005528470025438 1449005528630275836
1449005528520024975 1449005528680281854
1449005528570024745 1449005528730270366
1449005528620024279 1449005528780264859
1449005528720023216 1449005528880229989
1449005528770019763 1449005528930249641
1449005528820026199 1449005528980265856
1449005528870023230 1449005529030234116
1449005528920023352 1449005529080212244
1449005528970021672 1449005529130222084
1449005529020018179 1449005529180268791
1449005529070013196 1449005529230237004
1449005529120023845 1449005529280279308
1449005529170020756 1449005529330271852
1449005529270005928 1449005529430248018
1449005529320019059 1449005529480268937
1449005529370008219 1449005529530258928
1449005529420008224 1449005529580258639
1449005529470008810 1449005529630260314
1449005529520008444 1449005529680251275
1449005529620008700 1449005529780255935
1449005529720018859 1449005529880261978
1449005529770019843 1449005529930268247
1449005529820017552 1449005529980212813
1449005529920017338 1449005530080244604
1449005529970015669 1449005530130270391
1449005530070017432 1449005530230274396
1449005530120029701 1449005530280283444
1449005530170015080 1449005530330261900
1449005530220013146 1449005530380259797
1449005530270015082 1449005530430258231
1449005530320010971 1449005530480251163
1449005530370026130 1449005530530273953
1449005530420012941 1449005530580258666
1449005530470017473 1449005530630265075
1449005530570011746 1449005530730249319
1449005530620012352 1449005530780215290
1449005530670012958 1449005530830227101
1449005530720005823 1449005530880241014
1449005530770027196 1449005530930229245
1449005530820011342 1449005530980270069
1449005530870030350 1449005531030260626
1449005530920025186 1449005531080273847
1449005530970008977 1449005531130252400
1449005531020011437 1449005531180285877
1449005531070025661 1449005531230262890
1449005531120009489 1449005531280259206
1449005531170008752 1449005531330238390
1449005531270009874 1449005531430221167
1449005531320009885 1449005531480252339
1449005531370010625 1449005531530240640
1449005531420010412 1449005531580249218
1449005531520008200 1449005531680254212
1449005531570006624 1449005531730252222
1449005531620008300 1449005531780253817
1449005531720009101 1449005531880221112
1449005531770010101 1449005531930259053
1449005531820005014 1449005531980216398
1449005531920011014 1449005532080264326
1449005532070014088 1449005532230294728
1449005532120011026 1449005532280283361
1449005532170010264 1449005532330293315
1449005532320009234 1449005532480277145
1449005532370014590 1449005532530300673
1449005532420007098 1449005532580273045
1449005532470008456 1449005532630278332
1449005532520009937 1449005532680278567
1449005532570025410 1449005532730293756
1449005532620026992 1449005532780296978
1449005532720008920 1449005532880278977
1449005532770022536 1449005532930299104
1449005532819981858 1449005532980215131
1449005532870004077 1449005533030272904
1449005532970010434 1449005533130288916
1449005533120013154 1449005533280250657
1449005533170012367 1449005533330286372
1449005533220012004 1449005533380266392
1449005533270012326 1449005533430288914
1449005533320014449 1449005533480281141
1449005533370011701 1449005533530278563
1449005533420011535 1449005533580287532
1449005533470012993 1449005533630287987
1449005533520015106 1449005533680276833
1449005533620013662 1449005533780263486
1449005533670031968 1449005533830305957
1449005533720023052 1449005533880302393
1449005533770012510 1449005533930290591
1449005533820013564 1449005533980336570
1449005533870012055 1449005534030289481
1449005533920013443 1449005534080291470
1449005533970012468 1449005534130289704
1449005534020012730 1449005534180281922
1449005534120012847 1449005534280289064
1449005534170011288 1449005534330287358
1449005534220028722 1449005534380274052
1449005534270029899 1449005534430308161
1449005534320012197 1449005534480235508
1449005534370029905 1449005534530309948
1449005534420011682 1449005534580376487
1449005534520015296 1449005534680228938
1449005534570013220 1449005534730360601
1449005534670022737 1449005534830331535
1449005534770012837 1449005534930283993
1449005534820008886 1449005534980250712
1449005534870009780 1449005535030262504
1449005534920007914 1449005535080277452
1449005534970028445 1449005535130300362
1449005535070009154 1449005535230268482
1449005535120008774 1449005535280280207
1449005535170007890 1449005535330272925
1449005535220007905 1449005535380273972
1449005535270008561 1449005535430231825
1449005535320024321 1449005535480294197
1449005535370008978 1449005535530273906
1449005535420009374 1449005535580291658
1449005535470024940 1449005535630263565
1449005535520015116 1449005535680233625
1449005535620007728 1449005535780268888
1449005535670013777 1449005535830301176
1449005535720008259 1449005535880241933
1449005535770008117 1449005535930276416
1449005535820008773 1449005535980260334
1449005535920002859 1449005536080274576
1449005535970006786 1449005536130278235
1449005536020008571 1449005536180281892
1449005536070028274 1449005536230276621
1449005536120008567 1449005536280284353
1449005536170014635 1449005536330265238
1449005536220025378 1449005536380294492
1449005536270006764 1449005536430279857
1449005536320009030 1449005536480276431
1449005536370007578 1449005536530274822
1449005536420008278 1449005536580227409
1449005536470009522 1449005536630283684
1449005536570008616 1449005536730295120
1449005536620013171 1449005536780288015
1449005536670011856 1449005536830284892
1449005536720011243 1449005536880182464
1449005536770012256 1449005536930283298
1449005536870011424 1449005537030279779
1449005536920012998 1449005537080280142
1449005536970011941 1449005537130284626
1449005537020012801 1449005537180256741
1449005537070007467 1449005537230258086
1449005537170013884 1449005537330254243
1449005537220009348 1449005537380251007
1449005537270008735 1449005537430255986
1449005537320008108 1449005537480237011
1449005537370008594 1449005537530203102
1449005537420009658 1449005537580315809
1449005537470008860 1449005537630257786
1449005537520008194 1449005537680208151
1449005537570008679 1449005537730235585
1449005537620008701 1449005537780255575
1449005537720008510 1449005537880257515
1449005537770008544 1449005537930254406
1449005537820008372 1449005537980201180
1449005537870009118 1449005538030260135
1449005537920008979 1449005538080252893
1449005537970009956 1449005538130222843
1449005538020008568 1449005538180252592
1449005538070008339 1449005538230212138
1449005538120081459 1449005538280326903
1449005538170008742 1449005538330257166
1449005538270009614 1449005538430254971
1449005538320009171 1449005538480202814
1449005538370008480 1449005538530254863
1449005538420007456 1449005538580252810
1449005538470007213 1449005538630255233
1449005538520020077 1449005538680261175
1449005538570008532 1449005538730251738
1449005538620008728 1449005538780253680
1449005538670008669 1449005538830207340
1449005538720006736 1449005538880254301
1449005538770008240 1449005538930257717
1449005538870009139 1449005539030258478
1449005538920010246 1449005539080262385
1449005538970008450 1449005539130252173
1449005539020008157 1449005539180256748
1449005539120029371 1449005539280272937
1449005539170008418 1449005539330249111
1449005539220010190 1449005539380237640
1449005539270016646 1449005539430273570
1449005539320028471 1449005539480265990
1449005539370015067 1449005539530251445
1449005539419996852 1449005539580266788
1449005539470012696 1449005539630282094
1449005539520028750 1449005539680299218
1449005539570009802 1449005539730227226
1449005539620027951 1449005539780299280
1449005539670012020 1449005539830270206
1449005539770027204 1449005539930302555
1449005539820010861 1449005539980264140
1449005539920025868 1449005540080277496
1449005539970013464 1449005540130362065
1449005540020010482 1449005540180240308
1449005540070011108 1449005540230292233
1449005540120024503 1449005540280257646
1449005540170007613 1449005540330264209
1449005540220026300 1449005540380255881
1449005540270022469 1449005540430298242
1449005540320022434 1449005540480287733
1449005540370007832 1449005540530294854
1449005540420012885 1449005540580285337
1449005540470024129 1449005540630296691
1449005540570009929 1449005540730270297
1449005540620009930 1449005540780284033
1449005540670007603 1449005540830257875
1449005540720027493 1449005540880302624
1449005540770008892 1449005540930182744
1449005540820009812 1449005540980223690
1449005540870010121 1449005541030281644
1449005540920006791 1449005541080271025
1449005540970010504 1449005541130282716
1449005541020017846 1449005541180284695
1449005541070008686 1449005541230270631
1449005541120009052 1449005541280241446
1449005541170008215 1449005541330284478
1449005541220009004 1449005541380275533
1449005541270024404 1449005541430299615
1449005541320008446 1449005541480273995
1449005541370013562 1449005541530336214
1449005541420009150 1449005541580293863
1449005541470011817 1449005541630280404
1449005541570012244 1449005541730294204
1449005541620011524 1449005541780234951
1449005541670012534 1449005541830238912
1449005541770012260 1449005541930291878
1449005541820013420 1449005541980269990
1449005541870014127 1449005542030290447
1449005541920033793 1449005542080310758
1449005541970011847 1449005542130287637
1449005542020013954 1449005542180269430
1449005542070015458 1449005542230204959
1449005542220021195 1449005542380265670
1449005542270012266 1449005542430258860
1449005542320024900 1449005542480298467
1449005542420009163 1449005542580274673
1449005542470021359 1449005542630288796
1449005542520025537 1449005542680294581
1449005542570010430 1449005542730283624
1449005542620008611 1449005542780274949
1449005542670009010 1449005542830282875
1449005542720023146 1449005542880292104
1449005542770011809 1449005542930283185
1449005542820029006 1449005542980280159
1449005542870009573 1449005543030286087
1449005542920007820 1449005543080268148
1449005542970006863 1449005543130244683
1449005543070009946 1449005543230283600
1449005543120007635 1449005543280274915
1449005543170009280 1449005543330279170
1449005543270031570 1449005543430302241
1449005543320010741 1449005543480278182
1449005543370008654 1449005543530274027
1449005543420009023 1449005543580238989
1449005543470010214 1449005543630281089
1449005543520019847 1449005543680279557
1449005543570024422 1449005543730297138
1449005543620010990 1449005543780303363
