1449005829963626275 1449005830123906605
1449005830013676387 1449005830173936524
1449005830063625058 1449005830223872497
1449005830113663931 1449005830273934141
1449005830163601277 1449005830323830698
1449005830213665297 1449005830373938226
1449005830263646666 1449005830423917360
1449005830313667544 1449005830473942746
1449005830363629697 1449005830523899690
1449005830413661266 1449005830573926632
1449005830513662772 1449005830673936841
1449005830563643857 1449005830723911545
1449005830613620462 1449005830773892300
1449005830663660675 1449005830823930210
1449005830713666536 1449005830873935828
1449005830763671693 1449005830923941425
1449005830813663612 1449005830973902688
1449005830863663249 1449005831023932765
1449005830963662778 1449005831123933248
1449005831013643953 1449005831173914771
1449005831063669830 1449005831223936625
1449005831113628574 1449005831273895871
1449005831163669572 1449005831323937166
1449005831213668394 1449005831373942419
1449005831263667600 1449005831423937082
1449005831363664218 1449005831523918185
1449005831413666852 1449005831573901044
1449005831463664562 1449005831623937595
1449005831513646312 1449005831673919549
1449005831563631914 1449005831723884213
1449005831613668592 1449005831773940656
1449005831663632114 1449005831823901752
1449005831713673723 1449005831873945018
1449005831763664703 1449005831923936490
1449005831863663610 1449005832023937435
1449005831913663996 1449005832073924711
1449005831963663676 1449005832123935046
1449005832013663995 1449005832173891161
1449005832063662289 1449005832223931207
1449005832113663183 1449005832273900983
1449005832163663852 1449005832323935673
1449005832213663376 1449005832373942289
1449005832263660133 1449005832423930296
1449005832313663866 1449005832473917372
1449005832363661579 1449005832523922902
1449005832413660735 1449005832573881256
1449005832463643324 1449005832623918458
1449005832513663190 1449005832673909603
1449005832563664595 1449005832723934781
1449005832613659240 1449005832773924556
1449005832663657551 1449005832823914688
1449005832713664084 1449005832873934845
1449005832763645867 1449005832923918486
1449005832813664655 1449005832973924394
1449005832913664106 1449005833073934316
1449005832963664057 1449005833123937351
1449005833013664212 1449005833173936420
1449005833063664013 1449005833223930859
1449005833113664148 1449005833273924997
1449005833163643252 1449005833323910031
1449005833213663055 1449005833373922568
1449005833263664413 1449005833423888064
1449005833313663639 1449005833473920235
1449005833363644293 1449005833523919952
1449005833413645130 1449005833573920719
1449005833463662928 1449005833623934321
1449005833513664834 1449005833673920244
1449005833613663831 1449005833773936781
1449005833663644154 1449005833823917739
1449005833713664231 1449005833873923593
1449005833763665923 1449005833923937530
1449005833813664792 1449005833973899214
1449005833863665010 1449005834023939336
1449005833913663849 1449005834073935155
1449005833963663102 1449005834123930516
1449005834013664894 1449005834173940727
1449005834063663606 1449005834223906267
1449005834113661489 1449005834273895256
1449005834163661233 1449005834323914582
1449005834213656153 1449005834373928578
1449005834263659846 1449005834423936130
1449005834313651495 1449005834473929957
1449005834363662478 1449005834523900933
1449005834413663177 1449005834573936237
1449005834463662965 1449005834623939229
1449005834513631558 1449005834673902283
1449005834563649504 1449005834723922751
1449005834613662351 1449005834773940238
1449005834663663892 1449005834823942041
1449005834713663349 1449005834873936249
1449005834763664356 1449005834923938839
1449005834813660953 1449005834973932951
1449005834863662348 1449005835023934475
1449005834913664313 1449005835073935860
1449005834963657209 1449005835123923954
1449005835013662589 1449005835173933627
1449005835063660352 1449005835223893735
1449005835113661132 1449005835273913444
1449005835163664594 1449005835323899758
1449005835213628590 1449005835373896094
1449005835263646663 1449005835423887252
1449005835363666681 1449005835523907832
1449005835413627483 1449005835573898231
1449005835463662674 1449005835623932851
1449005835513649402 1449005835673923291
1449005835563663195 1449005835723934010
1449005835613643462 1449005835773916618
1449005835663662917 1449005835823880575
1449005835713644289 1449005835873917717
1449005835763664797 1449005835923936551
1449005835813627578 1449005835973902071
1449005835863663307 1449005836023934636
1449005835913630934 1449005836073879054
1449005835963659968 1449005836123922721
1449005836013662893 1449005836173899042
1449005836063659126 1449005836223814239
1449005836113661783 1449005836273941625
1449005836163661363 1449005836323936338
1449005836213630448 1449005836373904824
1449005836263665185 1449005836423937907
1449005836313663760 1449005836473886769
1449005836363663814 1449005836523937770
1449005836413663148 1449005836573939154
1449005836463663857 1449005836623937031
1449005836513662706 1449005836673936561
1449005836563667301 1449005836723920907
1449005836613659571 1449005836773924757
1449005836663658427 1449005836823941008
1449005836713662106 1449005836873937615
1449005836763665161 1449005836923936010
1449005836813665617 1449005836973939559
1449005836913664450 1449005837073932683
1449005836963659314 1449005837123917095
1449005837013664998 1449005837173930848
1449005837063644115 1449005837223920135
1449005837113644651 1449005837273917848
1449005837163662960 1449005837323937150
1449005837213660991 1449005837373930239
1449005837263660802 1449005837423934710
1449005837313628316 1449005837473902258
1449005837363661860 1449005837523933563
1449005837463664218 1449005837623939276
1449005837513664343 1449005837673929101
1449005837563620739 1449005837723892048
1449005837613663420 1449005837773935929
1449005837663648013 1449005837823921511
1449005837713644026 1449005837873917516
1449005837763662609 1449005837923935899
1449005837813663803 1449005837973885480
1449005837863628625 1449005838023874125
1449005837913664765 1449005838073901178
1449005837963663754 1449005838123938798
1449005838013650131 1449005838173927323
1449005838063627811 1449005838223893044
1449005838113663831 1449005838273930540
1449005838163663164 1449005838323932613
1449005838213650012 1449005838373918890
1449005838263665943 1449005838423931453
1449005838313628293 1449005838473896334
1449005838363662929 1449005838523929270
1449005838413662987 1449005838573926906
1449005838463662110 1449005838623926276
1449005838513664513 1449005838673928890
1449005838563663696 1449005838723918769
1449005838613658750 1449005838773924804
1449005838663661334 1449005838823918471
1449005838713666707 1449005838873932972
1449005838763659485 1449005838923924410
1449005838813664004 1449005838973880669
1449005838863660240 1449005839023936540
1449005838913644392 1449005839073910352
1449005838963626733 1449005839123892453
1449005839013665038 1449005839173927080
1449005839063662266 1449005839223929747
1449005839113664245 1449005839273934539
1449005839163662767 1449005839323929740
1449005839213644948 1449005839373908316
1449005839263662993 1449005839423933401
1449005839313658922 1449005839473928324
1449005839363660310 1449005839523927045
1449005839413659536 1449005839573920923
1449005839463662544 1449005839623877543
1449005839513659348 1449005839673924818
1449005839563663329 1449005839723926536
1449005839613645039 1449005839773911353
1449005839663660161 1449005839823923813
1449005839713637023 1449005839873878789
1449005839813664237 1449005839973930225
1449005839863628190 1449005840023889434
1449005839913659342 1449005840073919957
1449005839963665869 1449005840123894488
1449005840013626310 1449005840173887082
1449005840063661668 1449005840223928721
1449005840113664078 1449005840273828926
1449005840163663068 1449005840323931744
1449005840213665902 1449005840373930767
1449005840263604459 1449005840423834410
1449005840313659540 1449005840473926393
1449005840363660758 1449005840523908109
1449005840413663007 1449005840573928183
1449005840463662324 1449005840623928314
1449005840513663297 1449005840673930360
1449005840563663880 1449005840723928848
1449005840613662782 1449005840773925729
1449005840663660839 1449005840823906203
1449005840713662464 1449005840873876647
1449005840763660501 1449005840923930604
1449005840813642969 1449005840973910049
1449005840863663551 1449005841023930660
1449005840913663555 1449005841073938663
1449005840963663854 1449005841123933974
1449005841013628515 1449005841173899049
1449005841113661553 1449005841273946820
1449005841163663813 1449005841323971174
1449005841213663273 1449005841373938822
1449005841263665843 1449005841423940059
1449005841313665811 1449005841473944948
1449005841363642182 1449005841523914885
1449005841413661908 1449005841573900584
1449005841463665999 1449005841623935190
1449005841513663034 1449005841673933384
1449005841563660726 1449005841723915291
1449005841613661790 1449005841773899460
1449005841663628984 1449005841823844697
1449005841713643819 1449005841873905416
1449005841763660364 1449005841923889561
1449005841813667983 1449005841973889720
1449005841913663833 1449005842073880929
1449005841963666520 1449005842123934462
1449005842013663665 1449005842173888482
1449005842063664715 1449005842223938801
1449005842113663902 1449005842273999831
1449005842163666449 1449005842323888569
1449005842263665629 1449005842423938335
1449005842313628096 1449005842473905018
1449005842363659087 1449005842523931716
1449005842413656596 1449005842573922049
1449005842463660306 1449005842623962833
1449005842513657391 1449005842673883594
1449005842563643050 1449005842723921689
1449005842613627796 1449005842773873862
1449005842663626702 1449005842823899915
1449005842713657550 1449005842873936049
1449005842763659643 1449005842923937019
1449005842813666837 1449005842973944076
1449005842863666755 1449005843023935542
1449005842913662430 1449005843073935550
1449005842963664572 1449005843123939814
1449005843013667487 1449005843173943881
1449005843063666309 1449005843223938884
1449005843113670299 1449005843273945641
1449005843163663134 1449005843323946598
1449005843313667856 1449005843473960530
1449005843363666357 1449005843523954832
1449005843413666208 1449005843573944550
1449005843463665905 1449005843623901477
1449005843513649309 1449005843673920615
1449005843563665581 1449005843723913931
1449005843613656545 1449005843773907154
1449005843713662705 1449005843873924686
1449005843763662806 1449005843923903226
1449005843813633531 1449005843973882072
1449005843863665646 1449005844023923755
1449005843913634536 1449005844073874344
1449005843963667780 1449005844123941107
1449005844013658921 1449005844173932696
1449005844063661445 1449005844223914589
1449005844113628785 1449005844273901651
1449005844163662874 1449005844323894837
1449005844213663326 1449005844373936650
1449005844263662857 1449005844423933935
1449005844363643465 1449005844523993530
1449005844413663061 1449005844573982880
1449005844463662638 1449005844624013892
1449005844513649082 1449005844673977975
1449005844563623335 1449005844723924044
1449005844613667443 1449005844774013278
1449005844663665386 1449005844823982670
1449005844713667763 1449005844874018449
1449005844763665145 1449005844923904686
1449005844813666373 1449005844973942316
1449005844863665823 1449005845023920658
1449005844913669168 1449005845073944076
1449005844963664415 1449005845123940766
1449005845013664721 1449005845173941466
1449005845063666202 1449005845223941637
1449005845113668632 1449005845273944118
1449005845163665336 1449005845323937487
1449005845213667232 1449005845373943619
1449005845263657986 1449005845423931550
1449005845313629466 1449005845473875735
1449005845363662104 1449005845523900606
1449005845413665019 1449005845573939652
1449005845463650978 1449005845623926975
1449005845513629264 1449005845673904826
1449005845563667078 1449005845723945944
1449005845613665572 1449005845773940707
1449005845663647242 1449005845823921207
1449005845713665565 1449005845873942052
1449005845763666244 1449005845923936992
1449005845813665026 1449005845973938427
1449005845863669929 1449005846023944936
1449005845913665269 1449005846073915581
1449005845963662979 1449005846123937990
1449005846013666348 1449005846173942421
1449005846063631293 1449005846223897548
1449005846113665819 1449005846273938692
1449005846163659493 1449005846323837070
1449005846213667416 1449005846373941227
1449005846263663301 1449005846423888148
1449005846313632346 1449005846473850357
1449005846363662759 1449005846523934205
1449005846413626478 1449005846573900981
1449005846463666484 1449005846623942968
1449005846513663458 1449005846673915393
1449005846563663773 1449005846723938153
1449005846613661931 1449005846773937847
1449005846663661444 1449005846823935553
1449005846713662632 1449005846873933015
1449005846763664885 1449005846923940363
1449005846813661659 1449005846973933372
1449005846863662418 1449005847023932869
1449005846913664344 1449005847073939983
1449005846963663136 1449005847123934876
1449005847013661691 1449005847173938730
1449005847063661903 1449005847223926720
1449005847113667263 1449005847273935876
1449005847163654265 1449005847323907386
1449005847213660767 1449005847373904611
1449005847263660154 1449005847423935756
1449005847363662291 1449005847523913913
1449005847463657991 1449005847623910073
1449005847513665025 1449005847673910713
1449005847563666613 1449005847723965876
1449005847613662736 1449005847773912129
1449005847663660746 1449005847823910266
1449005847713661476 1449005847873910224
1449005847763664290 1449005847923933628
1449005847813662985 1449005847973915285
1449005847863658944 1449005848023900593
1449005847913663375 1449005848073906684
1449005847963665268 1449005848123889807
1449005848063662384 1449005848223922064
1449005848113652329 1449005848273852923
1449005848163626759 1449005848323861258
1449005848213631053 1449005848373888611
1449005848263649136 1449005848423943911
1449005848313666653 1449005848473933937
1449005848363669394 1449005848523934693
1449005848413647346 1449005848573922036
1449005848463663310 1449005848623894375
1449005848513664948 1449005848673934614
1449005848563663817 1449005848723935457
1449005848613663594 1449005848773938362
1449005848663664535 1449005848823947844
1449005848763662960 1449005848923940006
1449005848813667836 1449005848973945690
1449005848863673771 1449005849023951511
1449005848913673325 1449005849073944159
1449005848963664346 1449005849123935130
1449005849013672398 1449005849173930571
1449005849063669423 1449005849223905075
1449005849113671259 1449005849273944736
1449005849163631413 1449005849323910854
1449005849213630619 1449005849373903385
1449005849263670087 1449005849423946451
1449005849313670860 1449005849473947681
1449005849363669885 1449005849523947135
1449005849413670535 1449005849573944727
1449005849463668879 1449005849623945303
1449005849513663371 1449005849673938118
1449005849563667008 1449005849723942229
1449005849613668536 1449005849773943844
1449005849663662747 1449005849823940434
1449005849713667857 1449005849873892273
1449005849763669589 1449005849923940955
1449005849813667098 1449005849973940913
1449005849863633403 1449005850023911791
1449005849913668066 1449005850073940581
1449005849963662194 1449005850123919371
1449005850013664998 1449005850173940477
1449005850063663804 1449005850223936660
1449005850113630840 1449005850273906256
1449005850163665370 1449005850323908345
1449005850213665415 1449005850373910581
1449005850263661307 1449005850423941629
1449005850313643010 1449005850473921044
1449005850413662346 1449005850573941733
1449005850463665859 1449005850623949742
1449005850513667614 1449005850673942372
1449005850563664004 1449005850723942106
1449005850613667597 1449005850773922144
1449005850663663255 1449005850823938698
1449005850713668024 1449005850873979944
1449005850763666993 1449005850923943725
1449005850813667693 1449005850973946863
1449005850863662763 1449005851023922188
1449005850913665858 1449005851073892679
1449005850963662789 1449005851123938084
1449005851013650529 1449005851173879519
1449005851063634735 1449005851223918155
1449005851113667831 1449005851273944756
1449005851213664269 1449005851373940850
1449005851313630241 1449005851473881739
1449005851363662298 1449005851523913101
1449005851413662851 1449005851573916370
1449005851463663230 1449005851623911808
1449005851513663144 1449005851673911448
1449005851563661198 1449005851723909288
1449005851613666224 1449005851773914548
1449005851663661605 1449005851823904446
1449005851713656648 1449005851873909379
1449005851763644215 1449005851923890581
1449005851813655308 1449005851973842152
1449005851863624282 1449005852023873301
1449005851913643300 1449005852073886405
1449005851963629049 1449005852123879852
1449005852013644308 1449005852173889555
1449005852063645522 1449005852223888507
1449005852113663434 1449005852273910602
1449005852163665611 1449005852323920857
1449005852213662572 1449005852373910705
1449005852263666007 1449005852423894516
1449005852313625176 1449005852473874365
1449005852363666518 1449005852523921534
1449005852413631189 1449005852573878755
1449005852463624622 1449005852623869943
1449005852563668738 1449005852723945363
1449005852613666107 1449005852773944275
1449005852663662343 1449005852823922374
1449005852713654036 1449005852873919712
1449005852763664511 1449005852923889271
1449005852813667272 1449005852973947922
1449005852863650371 1449005853023928666
1449005852913630708 1449005853073905856
1449005852963666788 1449005853123940757
1449005853013665794 1449005853173938112
1449005853063662341 1449005853223935180
1449005853113665018 1449005853273941602
1449005853163665637 1449005853323943732
1449005853263667621 1449005853423948499
1449005853313661622 1449005853473938227
1449005853363666565 1449005853523945795
1449005853413666529 1449005853573950016
1449005853463662438 1449005853623935605
1449005853513666298 1449005853673944694
1449005853563663510 1449005853723938965
1449005853613666124 1449005853773939441
1449005853663663716 1449005853823922938
1449005853713666785 1449005853873939350
1449005853763665012 1449005853923944075
1449005853813648670 1449005853973892236
1449005853863664821 1449005854023954435
1449005853913666787 1449005854073948590
1449005853963663978 1449005854123937900
1449005854013664350 1449005854173937494
1449005854063624752 1449005854223873881
1449005854113663241 1449005854273917685
1449005854163666853 1449005854323940926
1449005854213662695 1449005854373921630
1449005854263666008 1449005854423936318
1449005854313660403 1449005854473904123
1449005854363663140 1449005854523939768
1449005854413623295 1449005854573881341
1449005854463659642 1449005854623931733
1449005854513663539 1449005854673939485
1449005854563628009 1449005854723889633
1449005854613668152 1449005854773893453
1449005854663663566 1449005854823939025
1449005854713646793 1449005854873922191
1449005854763623060 1449005854923890855
1449005854813662989 1449005854973915759
1449005854863662312 1449005855023939511
1449005854913664956 1449005855073902940
1449005854963643485 1449005855123921309
1449005855013662987 1449005855173939702
1449005855063629125 1449005855223897204
1449005855113664306 1449005855273936454
1449005855163662851 1449005855323938410
1449005855213662268 1449005855373939347
1449005855263663512 1449005855423936722
1449005855313663981 1449005855473937181
1449005855363661554 1449005855523934563
1449005855413662474 1449005855573935811
1449005855463661586 1449005855623935415
1449005855513663539 1449005855673889154
1449005855563663370 1449005855723939433
1449005855613655456 1449005855773940584
1449005855663627027 1449005855823897554
1449005855713628324 1449005855873902169
1449005855763661574 1449005855923931019
1449005855813661151 1449005855973932741
1449005855863666241 1449005856023939254
1449005855913662323 1449005856073894781
1449005855963662478 1449005856123933841
1449005856013662476 1449005856173933953
1449005856063665317 1449005856223935237
1449005856113661767 1449005856273933661
1449005856163661672 1449005856323949926
1449005856213643248 1449005856373918536
1449005856263665273 1449005856423879903
1449005856313626169 1449005856473889797
1449005856363659886 1449005856523919486
1449005856413627331 1449005856573885874
1449005856463658787 1449005856623891124
1449005856513628817 1449005856673901175
1449005856563659755 1449005856723914730
1449005856613627567 1449005856773914895
1449005856663662530 1449005856823936041
1449005856713642974 1449005856873899630
1449005856763661461 1449005856923928554
1449005856813627669 1449005856973904828
1449005856863665984 1449005857023933204
1449005856913662808 1449005857073896729
1449005856963659485 1449005857123895868
1449005857013664675 1449005857173937711
1449005857063661462 1449005857223932982
1449005857113662472 1449005857273936949
1449005857163659961 1449005857323932213
1449005857213664870 1449005857373937386
1449005857263663175 1449005857423934484
1449005857313665070 1449005857473942119
1449005857363660241 1449005857523914645
1449005857413660746 1449005857573865194
1449005857463661459 1449005857623937159
1449005857513644018 1449005857673924952
1449005857563668562 1449005857723949807
1449005857613665800 1449005857773938362
1449005857663662938 1449005857823938637
1449005857713664957 1449005857873942464
1449005857763663084 1449005857923940334
1449005857913668123 1449005858073867940
1449005857963651290 1449005858123923905
1449005858013666502 1449005858173908559
1449005858063667138 1449005858223939343
1449005858113667076 1449005858273951592
1449005858163672433 1449005858323952265
1449005858213665271 1449005858373937687
1449005858263660579 1449005858423933148
1449005858313665535 1449005858473960655
1449005858363658423 1449005858523945555
1449005858413656995 1449005858573927352
1449005858463601548 1449005858623841278
1449005858513665069 1449005858673937852
1449005858563664426 1449005858723941194
1449005858613644983 1449005858773919673
1449005858663663817 1449005858823937231
1449005858713664012 1449005858873919098
1449005858763660990 1449005858923935363
1449005858813659070 1449005858973926400
1449005858863643600 1449005859023917732
1449005858913665367 1449005859073912308
1449005858963649816 1449005859123923855
1449005859013664197 1449005859173938259
1449005859063662404 1449005859223933269
1449005859113664871 1449005859273918794
1449005859163658585 1449005859323926273
1449005859213661196 1449005859373913655
1449005859263661494 1449005859423880732
1449005859313664472 1449005859473936540
1449005859363649226 1449005859523876859
1449005859463662970 1449005859623938762
1449005859513665600 1449005859673943558
1449005859563646525 1449005859723920464
