1449005423252790273 1449005423333082652
1449005423302809715 1449005423383081557
1449005423352798799 1449005423433070958
1449005423402795573 1449005423483068487
1449005423452798982 1449005423533062241
1449005423502795873 1449005423583022088
1449005423552779246 1449005423633039348
1449005423602797900 1449005423683010858
1449005423652800257 1449005423733016021
1449005423702806201 1449005423783053223
1449005423752797747 1449005423833045394
1449005423802791213 1449005423883036588
1449005423852796767 1449005423933044702
1449005423902795035 1449005423983041429
1449005424002799023 1449005424083047853
1449005424102796266 1449005424183044434
1449005424152800464 1449005424233048151
1449005424202797635 1449005424283046505
1449005424252805311 1449005424333057408
1449005424302796064 1449005424383040711
1449005424352802958 1449005424433015392
1449005424402801195 1449005424482981951
1449005424452780841 1449005424533028701
1449005424502805114 1449005424583085425
1449005424552802041 1449005424633076128
1449005424602806025 1449005424683077549
1449005424652779941 1449005424733052247
1449005424702771419 1449005424783041440
1449005424752780518 1449005424833036721
1449005424802807247 1449005424883078002
1449005424852799667 1449005424933072127
1449005424902800267 1449005424983072609
1449005424952799065 1449005425033068649
1449005425052801460 1449005425133078026
1449005425102798488 1449005425183074202
1449005425152800126 1449005425233075974
1449005425202797057 1449005425283073022
1449005425252798856 1449005425333072358
1449005425302796512 1449005425383053250
1449005425352786668 1449005425433016234
1449005425402760573 1449005425483029849
1449005425452804625 1449005425533062892
1449005425502797560 1449005425583068837
1449005425652798366 1449005425733073655
1449005425702795414 1449005425783070279
1449005425752799965 1449005425833072849
1449005425902796859 1449005425983073685
1449005425952783260 1449005426033014623
1449005426002763078 1449005426083032615
1449005426052797424 1449005426133070105
1449005426102796701 1449005426183067777
1449005426152800728 1449005426233072392
1449005426252798201 1449005426332978956
1449005426302779467 1449005426383057128
1449005426352768757 1449005426433019598
1449005426402800317 1449005426483076562
1449005426452800084 1449005426533060734
1449005426502797356 1449005426583035391
1449005426552800598 1449005426633015558
1449005426602796327 1449005426683073029
1449005426652801135 1449005426733079726
1449005426702799740 1449005426783076065
1449005426752798556 1449005426833021854
1449005426802795483 1449005426883071849
1449005426902795533 1449005426983068427
1449005427002795138 1449005427083064547
1449005427052799325 1449005427133070014
1449005427102795311 1449005427183066117
1449005427152800554 1449005427233047690
1449005427202793526 1449005427283028384
1449005427252766687 1449005427333004581
1449005427302797191 1449005427383066647
1449005427352765326 1449005427433034368
1449005427402796221 1449005427483070171
1449005427452782899 1449005427533013226
1449005427502794760 1449005427583071627
1449005427552824669 1449005427633124969
1449005427602801715 1449005427683076186
1449005427652798306 1449005427733071397
1449005427702797382 1449005427783051607
1449005427752795873 1449005427833019091
1449005427852795939 1449005427933070534
1449005427902796057 1449005427983032135
1449005427952799226 1449005428033058289
1449005428002799251 1449005428083043860
1449005428052793041 1449005428133064004
1449005428102795618 1449005428183008556
1449005428202763151 1449005428283033031
1449005428252785994 1449005428333040105
1449005428302797391 1449005428383066660
1449005428352784370 1449005428432994314
1449005428402795660 1449005428483061728
1449005428502792930 1449005428583026865
1449005428552761861 1449005428632987852
1449005428652795222 1449005428733087370
1449005428702799747 1449005428783071158
1449005428752801101 1449005428833204628
1449005428802794758 1449005428883068845
1449005428852798532 1449005428933072511
1449005428902766524 1449005428983030665
1449005428952797890 1449005429033058860
1449005429002795967 1449005429083019024
1449005429052787472 1449005429133058696
1449005429152780472 1449005429233057028
1449005429202795584 1449005429283069938
1449005429252797052 1449005429333044783
1449005429352800389 1449005429433075956
1449005429402791136 1449005429483063115
1449005429452799503 1449005429533078184
1449005429502762624 1449005429583029090
1449005429552798390 1449005429633073806
1449005429602756279 1449005429683024529
1449005429652800003 1449005429733077073
1449005429702780774 1449005429783056966
1449005429752804108 1449005429833080083
1449005429802781789 1449005429883059083
1449005429902761365 1449005429983033865
1449005430002766085 1449005430083039668
1449005430052793489 1449005430133042913
1449005430102797209 1449005430183071970
1449005430152797370 1449005430233075957
1449005430202798200 1449005430283068512
1449005430252797744 1449005430333074143
1449005430302801594 1449005430383075895
1449005430352799317 1449005430433071893
1449005430402794955 1449005430483069326
1449005430452795210 1449005430533019107
1449005430502779376 1449005430583053272
1449005430552795073 1449005430633024234
1449005430602796033 1449005430683071245
1449005430652798266 1449005430733038138
1449005430702794555 1449005430783068799
1449005430752794620 1449005430833016726
1449005430802795126 1449005430883068768
1449005430852796320 1449005430933052864
1449005430902795840 1449005430983017294
1449005430952767280 1449005431033037321
1449005431002794467 1449005431083068099
1449005431052797695 1449005431133071829
1449005431152796579 1449005431233067629
1449005431202798538 1449005431283048617
1449005431252802037 1449005431333076882
1449005431302782801 1449005431383053404
1449005431352798548 1449005431433071843
1449005431402798122 1449005431483073308
1449005431452765122 1449005431533027202
1449005431502798098 1449005431583055677
1449005431552803435 1449005431633089673
1449005431602733793 1449005431682976858
1449005431652775341 1449005431733041920
1449005431702796072 1449005431783031161
1449005431752765655 1449005431833034018
1449005431802777994 1449005431883039078
1449005431852787397 1449005431933021947
1449005431902778939 1449005431983048134
1449005431952798017 1449005432033069708
1449005432002795840 1449005432083072706
1449005432052796753 1449005432133098579
1449005432152768251 1449005432233042518
1449005432202795544 1449005432283071976
1449005432302795681 1449005432383048803
1449005432352759490 1449005432432992413
1449005432402793779 1449005432483063556
1449005432452797739 1449005432533075100
1449005432502796307 1449005432583075396
1449005432552799887 1449005432633072657
1449005432602796557 1449005432683069652
1449005432652799749 1449005432733053924
1449005432702795154 1449005432783065041
1449005432752797544 1449005432833050138
1449005432802795447 1449005432883032700
1449005432852751332 1449005432933019381
1449005432902771582 1449005432983034854
1449005432952797151 1449005433033070767
1449005433002796638 1449005433083069940
1449005433102799978 1449005433183070871
1449005433152796626 1449005433233068724
1449005433202798678 1449005433283072294
1449005433252799926 1449005433333072689
1449005433302779364 1449005433383055916
1449005433352762697 1449005433433046162
1449005433402781117 1449005433483052825
1449005433452795117 1449005433533074171
1449005433502750156 1449005433583019723
1449005433552801587 1449005433632963986
1449005433602749203 1449005433683013531
1449005433652799789 1449005433733088523
1449005433702791352 1449005433783046813
1449005433752779289 1449005433833056971
1449005433802765101 1449005433883033916
1449005433852799948 1449005433933073795
1449005433902770597 1449005433983021411
1449005433952797175 1449005434033070079
1449005434002796378 1449005434083067912
1449005434102794342 1449005434183067270
1449005434152796779 1449005434233056574
1449005434202784165 1449005434283058937
1449005434252798843 1449005434333068132
1449005434302779681 1449005434383051616
1449005434352796912 1449005434433082832
1449005434402798380 1449005434483032770
1449005434452800913 1449005434533073009
1449005434502796388 1449005434583066298
1449005434552802249 1449005434633078223
1449005434602796096 1449005434683047017
1449005434652796993 1449005434733014512
1449005434702759790 1449005434783026971
1449005434752798162 1449005434833073622
1449005434802794084 1449005434883065505
1449005434902796629 1449005434983024110
1449005434952797773 1449005435033068168
1449005435002795152 1449005435083068570
1449005435052794926 1449005435133069150
1449005435102793253 1449005435183063211
1449005435152797929 1449005435233068327
1449005435202799828 1449005435283067239
1449005435252796020 1449005435333062025
1449005435302794258 1449005435383067920
1449005435352797169 1449005435433079080
1449005435402795463 1449005435483062794
1449005435452761310 1449005435533038945
1449005435502799505 1449005435583071457
1449005435552780864 1449005435633028467
1449005435602779643 1449005435683043519
1449005435652760788 1449005435733017879
1449005435702794723 1449005435783064122
1449005435752800029 1449005435833072616
1449005435802797087 1449005435883072260
1449005435852796801 1449005435933073684
1449005435902795824 1449005435983069810
1449005435952804949 1449005436033043826
1449005436002796722 1449005436083070378
1449005436052797325 1449005436133076179
1449005436102796982 1449005436183068576
1449005436152798122 1449005436233072066
1449005436202797138 1449005436283069494
1449005436252799007 1449005436333071621
1449005436302796533 1449005436383070092
1449005436352799501 1449005436433055380
1449005436402799021 1449005436483073566
1449005436452798354 1449005436533070724
1449005436502796264 1449005436583033297
1449005436552783283 1449005436633061983
1449005436602798846 1449005436683043316
1449005436652798330 1449005436733048900
1449005436752812210 1449005436833064568
1449005436802798912 1449005436883048713
1449005436852799725 1449005436933049797
1449005436952770708 1449005437033019438
1449005437002797540 1449005437083038793
1449005437052806739 1449005437133070199
1449005437102796391 1449005437183040513
1449005437152800515 1449005437233053627
1449005437202797162 1449005437282994194
1449005437252799752 1449005437333052714
1449005437302793339 1449005437383042519
1449005437352798659 1449005437433047261
1449005437402800207 1449005437483032135
1449005437452798782 1449005437533005199
1449005437502748513 1449005437582995461
1449005437552799115 1449005437633047945
1449005437602789458 1449005437683038682
1449005437652823517 1449005437733066670
1449005437702795996 1449005437783043155
1449005437752800668 1449005437833051475
1449005437802795507 1449005437883044323
1449005437852798709 1449005437933049189
1449005437902795206 1449005437983044049
1449005437952788068 1449005438033037285
1449005438002795168 1449005438083043099
1449005438052767875 1449005438133008101
1449005438102764903 1449005438183013395
1449005438202784089 1449005438283033179
1449005438252798529 1449005438333047479
1449005438302796553 1449005438383047140
1449005438352750680 1449005438433004782
1449005438402792874 1449005438483031764
1449005438452751532 1449005438533021108
1449005438502798553 1449005438583072703
1449005438552769659 1449005438633005756
1449005438602797466 1449005438683071533
1449005438652799121 1449005438733074254
1449005438702800105 1449005438783075354
1449005438752801212 1449005438833073749
1449005438802802924 1449005438883058512
1449005438902799005 1449005438983072620
1449005439002799468 1449005439083073425
1449005439052805256 1449005439133083218
1449005439102798175 1449005439183072445
1449005439152801651 1449005439233074792
1449005439202797082 1449005439283066431
1449005439302797321 1449005439383034231
1449005439352753216 1449005439432988836
1449005439402797962 1449005439483067512
1449005439452798231 1449005439533055583
1449005439502799405 1449005439583071551
1449005439552798872 1449005439633037906
1449005439602800330 1449005439683057197
1449005439652800271 1449005439733061241
1449005439702797078 1449005439783070186
1449005439802796530 1449005439883069006
1449005439852800941 1449005439933076825
1449005439902788721 1449005439983060910
1449005439952768009 1449005440032988374
1449005440002785226 1449005440083057031
1449005440052796830 1449005440133060009
1449005440102796214 1449005440183066752
1449005440152801948 1449005440233074568
1449005440202745805 1449005440282965065
1449005440252766413 1449005440333027334
1449005440352783238 1449005440433025108
1449005440402748139 1449005440483022119
1449005440452801799 1449005440533075291
1449005440502795797 1449005440583073442
1449005440552798414 1449005440633074191
1449005440602796808 1449005440683072178
1449005440652800775 1449005440733064632
1449005440702796570 1449005440783073343
1449005440752771622 1449005440833041165
1449005440802798718 1449005440883065518
1449005440852801863 1449005440933070364
1449005440902795807 1449005440983057980
1449005440952802220 1449005441033060992
1449005441002799612 1449005441083060175
1449005441052798942 1449005441133062435
1449005441102792642 1449005441183046831
1449005441152799339 1449005441233030796
1449005441252790528 1449005441333056299
1449005441302797656 1449005441383015181
1449005441352771655 1449005441433055691
1449005441402803084 1449005441483057319
1449005441452798061 1449005441533070808
1449005441502797608 1449005441583067575
1449005441552798070 1449005441633056498
1449005441602796778 1449005441683065219
1449005441702798020 1449005441783070768
1449005441752798794 1449005441833057990
1449005441802803342 1449005441883052342
1449005441852800413 1449005441933075509
1449005441902796743 1449005441983067703
1449005441952797486 1449005442033068800
1449005442002793993 1449005442083043156
1449005442052799580 1449005442133072828
1449005442102797216 1449005442183091749
1449005442152765843 1449005442233066112
1449005442202796033 1449005442283094561
1449005442252798840 1449005442333100543
1449005442302772632 1449005442383071555
1449005442402778355 1449005442483039619
1449005442452792448 1449005442533066962
1449005442502790101 1449005442583017802
1449005442552799396 1449005442633052228
1449005442602806500 1449005442683077357
1449005442652797698 1449005442733069984
1449005442702805160 1449005442783077573
1449005442752800675 1449005442833073201
1449005442802799887 1449005442883051032
1449005442852806373 1449005442933080437
1449005442902796793 1449005442983067285
1449005442952805731 1449005443033066317
1449005443002803387 1449005443083042428
1449005443052766655 1449005443133037334
1449005443102801529 1449005443183078803
1449005443152804080 1449005443233056998
1449005443202800924 1449005443283068162
1449005443252803444 1449005443333074878
1449005443302801354 1449005443383049966
1449005443352802752 1449005443433076912
1449005443402762305 1449005443483029332
1449005443452782188 1449005443533056211
1449005443502799001 1449005443583072894
1449005443552782772 1449005443633019781
1449005443602798025 1449005443683037874
1449005443702796186 1449005443783057057
1449005443752799469 1449005443833064121
1449005443802796236 1449005443883062836
1449005443902795453 1449005443983045232
1449005443952763773 1449005444032994792
1449005444002749706 1449005444083016389
1449005444052799901 1449005444133037228
1449005444102791704 1449005444183063335
1449005444152780229 1449005444233054533
1449005444202797042 1449005444283070410
1449005444252769407 1449005444333040855
1449005444352800036 1449005444433042127
1449005444452766950 1449005444533044542
1449005444502796194 1449005444583068310
1449005444552767594 1449005444633046769
1449005444602795970 1449005444683069288
1449005444652799466 1449005444733062591
1449005444702799394 1449005444783070931
1449005444752771883 1449005444833028667
1449005444852798202 1449005444933052627
1449005444902781161 1449005444983057282
1449005444952794185 1449005445033038247
1449005445002799198 1449005445083073415
1449005445052799096 1449005445133074826
1449005445102798867 1449005445183070648
1449005445152798089 1449005445233072637
1449005445202797082 1449005445283067403
1449005445252797528 1449005445333064034
1449005445302797312 1449005445383072498
1449005445352798158 1449005445433074410
1449005445402798778 1449005445483036432
1449005445452799935 1449005445533073380
1449005445502801647 1449005445583083468
1449005445552800830 1449005445633072681
1449005445652804748 1449005445733041169
1449005445702777939 1449005445783011968
1449005445752799171 1449005445833074097
1449005445802797295 1449005445883032818
1449005445852782977 1449005445933057064
1449005445902802690 1449005445983066076
1449005445952798579 1449005446033068777
1449005446052797385 1449005446133073610
1449005446102781875 1449005446183048227
1449005446152798033 1449005446233039242
1449005446202795532 1449005446283065158
1449005446252797795 1449005446333065691
1449005446302796146 1449005446383061366
1449005446352796581 1449005446433062343
1449005446402763491 1449005446483005405
1449005446452799050 1449005446533071052
1449005446502795994 1449005446583066870
1449005446552800990 1449005446633073600
1449005446652801594 1449005446733095670
1449005446702794907 1449005446783066996
1449005446752785126 1449005446833022279
1449005446802747826 1449005446883018733
1449005446852793331 1449005446933084727
1449005446952799471 1449005447033090817
1449005447002797775 1449005447083068297
1449005447052797866 1449005447133088507
1449005447152797752 1449005447233071886
1449005447202796912 1449005447283032053
1449005447252799044 1449005447333091349
1449005447302796356 1449005447383067894
1449005447352797076 1449005447433089725
1449005447402761774 1449005447483004854
1449005447452797543 1449005447533070133
1449005447602795947 1449005447683065239
1449005447652797375 1449005447733037354
1449005447702783100 1449005447783037619
1449005447752834618 1449005447833061234
1449005447802781456 1449005447883028912
1449005447852805535 1449005447932995708
1449005447952794443 1449005448033039858
1449005448002796041 1449005448083038553
1449005448052800038 1449005448133054474
1449005448102799027 1449005448183054829
1449005448152797311 1449005448233048346
1449005448202794683 1449005448283049005
1449005448252783569 1449005448333034704
1449005448302794656 1449005448383038073
1449005448352791310 1449005448432984303
1449005448402799249 1449005448483051994
1449005448452798248 1449005448533004103
1449005448502795730 1449005448583044005
1449005448552753710 1449005448632984986
1449005448602796384 1449005448683006924
1449005448652790603 1449005448733041350
1449005448702796558 1449005448783064657
1449005448752783446 1449005448833033752
1449005448802797606 1449005448883048687
1449005448852801646 1449005448933056436
1449005448902800706 1449005448983052943
1449005448952799103 1449005449033049810
1449005449002798310 1449005449083073208
1449005449052804151 1449005449133035096
1449005449102797998 1449005449183053550
1449005449152799931 1449005449233047611
1449005449352800511 1449005449433052761
1449005449402772161 1449005449483021258
1449005449452797921 1449005449533046132
1449005449502799836 1449005449583049498
1449005449552795829 1449005449633004110
1449005449602761495 1449005449683024788
1449005449652800071 1449005449733047761
1449005449702798024 1449005449783047502
1449005449752773183 1449005449833029512
1449005449802798936 1449005449883044010
1449005449852799568 1449005449933051595
1449005449902795531 1449005449982995509
1449005449952797122 1449005450033043362
1449005450002802456 1449005450083013332
1449005450052801111 1449005450133054464
1449005450102799729 1449005450183023435
1449005450152796620 1449005450233047865
1449005450202800273 1449005450283047669
1449005450252800157 1449005450333049160
1449005450302796176 1449005450383043906
1449005450352799585 1449005450433052317
1449005450402796964 1449005450483038049
1449005450452800433 1449005450533049523
1449005450502785073 1449005450583030090
1449005450552769165 1449005450633018228
1449005450602796264 1449005450683038883
1449005450652798501 1449005450733052469
1449005450702796671 1449005450783013495
1449005450752797852 1449005450833020816
1449005450802798832 1449005450883021496
1449005450852799348 1449005450933054689
1449005450902767053 1449005450983003451
1449005450952797981 1449005451033074844
1449005451002801306 1449005451083035723
1449005451102797009 1449005451183029178
1449005451152800342 1449005451232943137
1449005451202798900 1449005451283010782
1449005451252802663 1449005451333053808
1449005451302798926 1449005451383015131
1449005451352801583 1449005451433052457
1449005451402803211 1449005451483023322
1449005451452770064 1449005451533021156
1449005451502800100 1449005451583054249
1449005451552798425 1449005451633052085
1449005451602799138 1449005451683048532
1449005451652801317 1449005451733054941
1449005451702800467 1449005451782972061
1449005451752798189 1449005451833052809
1449005451902763324 1449005451982901972
1449005451952739172 1449005452032969873
1449005452002735846 1449005452082960887
1449005452052799160 1449005452133054434
1449005452202736705 1449005452282964414
1449005452252736160 1449005452332962126
1449005452302799303 1449005452383069508
1449005452352767954 1449005452432954549
1449005452402798979 1449005452483059812
1449005452452797560 1449005452533053158
1449005452502728596 1449005452582949194
1449005452552737954 1449005452632982968
1449005452602793455 1449005452683066182
1449005452652767430 1449005452733020185
1449005452702800797 1449005452783080293
1449005452752794835 1449005452833067201
1449005452802799631 1449005452883073450
1449005452852801089 1449005452933073538
1449005452952766256 1449005453033105397
