1449010284539155938 1449010284579455692
1449010284689099366 1449010284729319431
1449010284739160918 1449010284779464491
1449010284589173556 1449010284976863901
1449010284839157760 1449010284976914109
1449010284939156337 1449010284979425728
1449010284639152537 1449010285028882124
1449010284889161988 1449010285028930738
1449010284989104597 1449010285029228523
1449010285089161068 1449010285129438611
1449010284789157358 1449010285172825249
1449010285039157415 1449010285172853047
1449010285189112701 1449010285229367060
1449010285239154016 1449010285279392331
1449010285289160408 1449010285329462204
1449010285439117255 1449010285479277423
1449010285139144946 1449010285524788973
1449010285389138648 1449010285524826054
1449010285489097722 1449010285529248367
1449010285539092059 1449010285579237468
1449010285639119856 1449010285679355899
1449010285339116654 1449010285724884511
1449010285589148962 1449010285724936372
1449010285689115012 1449010285729343348
1449010285739153755 1449010285779426324
1449010285789147369 1449010285829425220
1449010285839161756 1449010285879487993
1449010285889160662 1449010285929440036
1449010285939160189 1449010285979411620
1449010285989156832 1449010286029445895
1449010286039132054 1449010286079346151
1449010286089107956 1449010286129285669
1449010286139100286 1449010286179279237
1449010286189118017 1449010286229266314
1449010286239100483 1449010286279226682
1449010286339097268 1449010286379289687
1449010286389120344 1449010286429436916
1449010286439160376 1449010286479413123
1449010286489160544 1449010286529426939
1449010286589157647 1449010286629408630
1449010286289099990 1449010286672886982
1449010286539142842 1449010286672934360
1449010286639144662 1449010286679382730
1449010286689147099 1449010286729364003
1449010286739162024 1449010286779375803
1449010286789161899 1449010286829395182
1449010286839140993 1449010286879393920
1449010286989144909 1449010287029376719
1449010287039159430 1449010287079411168
1449010286939160319 1449010287116884245
1449010287089109226 1449010287129346426
1449010287189155044 1449010287229378823
1449010287239165930 1449010287279455136
1449010286889158430 1449010287280920374
1449010287139165666 1449010287280971143
1449010287289118794 1449010287329316306
1449010287339160654 1449010287379363207
1449010287389127535 1449010287429279654
1449010287439091704 1449010287479274961
1449010287489097673 1449010287529232457
1449010287539090372 1449010287579211363
1449010287589144409 1449010287629278391
1449010287639092782 1449010287679301663
1449010287689132446 1449010287729362809
1449010287739162843 1449010287779400249
1449010287789164154 1449010287829416701
1449010287839163046 1449010287879440462
1449010287939158448 1449010287979443943
1449010287889162767 1449010288016886651
1449010287989168539 1449010288029412186
1449010288039168928 1449010288079445158
1449010288089168889 1449010288129387870
1449010288139145751 1449010288179348235
1449010288239107559 1449010288279270594
1449010288389097933 1449010288429235286
1449010288489120199 1449010288529361073
1449010288639123755 1449010288679314779
1449010288339114880 1449010288728779753
1449010288589126988 1449010288728802404
1449010288739106144 1449010288779285778
1449010288189098553 1449010288836846949
1449010288439112939 1449010288836890264
1449010288689098521 1449010288836899756
1449010288839120112 1449010288879251815
1449010288289119364 1449010288909400274
1449010288539162143 1449010288909436929
1449010288789142364 1449010288909448809
1449010288889115347 1449010288929247404
1449010288939090557 1449010288979208347
1449010288989111962 1449010289029339090
1449010289039150676 1449010289079371311
1449010289089101767 1449010289129333494
1449010289139158407 1449010289179426925
1449010289189113609 1449010289229258020
1449010289239091542 1449010289279349527
1449010289289161895 1449010289329407076
1449010289339128227 1449010289379427633
1449010289389162880 1449010289429430451
1449010289439163496 1449010289479460564
1449010289489108413 1449010289529384597
1449010289539159293 1449010289579425825
1449010289589162498 1449010289629439380
1449010289639128733 1449010289679422309
1449010289689163396 1449010289730078174
1449010289739155850 1449010289779391131
1449010289839160427 1449010289879439945
1449010289889161340 1449010289929465096
1449010289939159765 1449010289979440719
1449010289989161323 1449010290029427831
1449010290089155425 1449010290129434780
1449010289789112744 1449010290176950751
1449010290039160061 1449010290177000416
1449010290139159483 1449010290179438008
1449010290189149879 1449010290229429811
1449010290239161403 1449010290279455070
1449010290289162831 1449010290329348316
1449010290339096160 1449010290379328723
1449010290389161267 1449010290429463243
1449010290439164796 1449010290479455426
1449010290489161560 1449010290529427484
1449010290589161062 1449010290629440813
1449010290639159586 1449010290679433565
1449010290689147955 1449010290729430022
1449010290739141538 1449010290779479776
1449010290539158782 1449010290924928022
1449010290789161114 1449010290924977815
1449010290889161728 1449010290929469941
1449010290939142479 1449010290979403234
1449010291039162470 1449010291079437505
1449010290839162047 1449010291209630004
1449010291089162355 1449010291209684184
1449010291189142820 1449010291229426664
1449010291339163243 1449010291379457802
1449010290989161774 1449010291400946046
1449010291239160695 1449010291400995324
1449010291439159437 1449010291479487583
1449010291489158139 1449010291529465724
1449010291139163295 1449010291532930147
1449010291389160739 1449010291532979388
1449010291589159468 1449010291629451260
1449010291289161097 1449010291672919450
1449010291539156978 1449010291672968968
1449010291639119038 1449010291679445853
1449010291739100243 1449010291779291008
1449010291789149748 1449010291829473459
1449010291889098337 1449010291929270585
1449010291989094320 1449010292029271185
1449010292039091862 1449010292079236641
1449010291689157854 1449010292080752048
1449010291939099430 1449010292080771138
1449010292139092684 1449010292179229985
1449010291839159441 1449010292228755649
1449010292089108651 1449010292228788657
1449010292189131721 1449010292229292530
1449010292339144745 1449010292379426585
1449010292389143981 1449010292429421414
1449010292439160737 1449010292479346780
1449010292589124228 1449010292629356772
1449010292239109204 1449010292648783195
1449010292489150325 1449010292648805202
1449010292289093125 1449010292672877337
1449010292539118024 1449010292672902874
1449010292639108044 1449010292679328143
1449010292689093705 1449010292729298377
1449010292789113987 1449010292829474903
1449010292839140077 1449010292879477918
1449010292939147029 1449010292979486379
1449010293039149795 1449010293079499783
1449010293089167323 1449010293129513512
1449010292739141518 1449010293144916198
1449010292989129340 1449010293144966081
1449010293189139258 1449010293229436079
1449010292889113342 1449010293284767506
1449010293139140420 1449010293284791022
1449010293289119038 1449010293329371545
1449010293389099506 1449010293429237434
1449010293439121729 1449010293479319858
1449010293539100079 1449010293579358185
1449010293239126872 1449010293640862440
1449010293489160578 1449010293640893697
1449010293639113001 1449010293679359917
1449010293339146388 1449010293724912619
1449010293589156829 1449010293724961516
1449010293689161031 1449010293729434699
1449010293739162101 1449010293779437096
1449010293789161131 1449010293829436319
1449010293939110484 1449010293979301754
1449010293989103704 1449010294029233916
1449010294039092008 1449010294079222087
1449010293839158138 1449010294224757932
1449010294089131597 1449010294224784154
1449010294189105933 1449010294229231468
1449010294239111562 1449010294279273919
1449010293889161023 1449010294280757024
1449010294139107908 1449010294280775276
1449010294289101439 1449010294329325818
1449010294339144310 1449010294379415830
1449010294439145629 1449010294479420153
1449010294489112476 1449010294529412564
1449010294539162003 1449010294579436683
1449010294589126253 1449010294629391980
1449010294389118998 1449010294729076962
1449010294639119048 1449010294729131098
1449010294689133903 1449010294729266067
1449010294739152149 1449010294779334363
1449010294789120198 1449010294829279700
1449010294889137563 1449010294929345003
1449010294939098245 1449010294979292407
1449010294989126130 1449010295029379803
1449010295039156821 1449010295079404011
1449010295139107518 1449010295179347366
1449010295189147290 1449010295229408668
1449010295239133330 1449010295279427139
1449010295289150376 1449010295329402549
1449010295389099033 1449010295429334333
1449010294839113357 1449010295459388574
1449010295089104701 1449010295459439219
1449010295339099239 1449010295459451293
1449010295439130415 1449010295479399750
1449010295489148257 1449010295529397449
1449010295589140288 1449010295629348347
1449010295639096637 1449010295679287818
1449010295739153606 1449010295779444489
1449010295839146312 1449010295879397041
1449010295539161856 1449010295928884344
1449010295789118076 1449010295928934785
1449010295889131018 1449010295929299197
1449010295989112499 1449010296029417094
1449010296039160315 1449010296079426590
1449010296089115208 1449010296164933461
1449010295689129271 1449010296168928794
1449010295939164382 1449010296168978290
1449010296139159049 1449010296179409046
1449010296189127111 1449010296229399302
1449010296239161103 1449010296279454689
1449010296289160767 1449010296329429236
1449010296339163731 1449010296379470481
1449010296389161357 1449010296429429356
1449010296439163507 1449010296479456632
1449010296489162068 1449010296529413726
1449010296539164341 1449010296579436165
1449010296589160664 1449010296629398521
1449010296639161892 1449010296679453888
1449010296689164278 1449010296729453569
1449010296739162502 1449010296779390186
1449010296789162287 1449010296829430816
1449010296839160965 1449010296879452841
1449010296889162707 1449010296929414095
1449010296989163902 1449010297029436618
1449010297089161065 1449010297129420404
1449010297139128874 1449010297179401760
1449010297239163772 1449010297279448341
1449010296939163193 1449010297328799639
1449010297189128056 1449010297328816732
1449010297339159565 1449010297379483385
1449010297389162015 1449010297429464970
1449010297439160306 1449010297479441024
1449010297489142360 1449010297529419312
1449010297589160392 1449010297629437757
1449010297639162061 1449010297679393755
1449010297039159430 1449010297712876453
1449010297289142936 1449010297712926741
1449010297689159708 1449010297729467657
1449010297739163044 1449010297779454318
1449010297839157377 1449010297879478015
1449010297889163726 1449010297929435944
1449010297939158863 1449010297979450933
1449010297989159382 1449010298029437784
1449010298089126908 1449010298129408748
1449010298139133801 1449010298179410106
1449010298189162702 1449010298229463889
1449010298239117400 1449010298279389782
1449010298389162707 1449010298429428728
1449010297539167320 1449010298448963400
1449010297789162795 1449010298449014212
1449010298039159978 1449010298449027579
1449010298289163760 1449010298449037548
1449010298439158379 1449010298479460207
1449010298489134913 1449010298529427671
1449010298539164371 1449010298579446736
1449010298639164377 1449010298679430919
1449010298339142142 1449010298728943589
1449010298589155453 1449010298728995617
1449010298689144440 1449010298729315933
1449010298739162606 1449010298779436521
1449010298789124459 1449010298829353428
1449010298839160618 1449010298879456897
1449010298889159049 1449010298929422811
1449010298939155986 1449010298979431515
1449010299039128133 1449010299079369087
1449010299089160427 1449010299129477320
1449010299139157582 1449010299179741724
1449010299189156431 1449010299229434506
1449010299289161221 1449010299329439256
1449010299339134445 1449010299379390612
1449010298989160495 1449010299384817302
1449010299239161026 1449010299384852881
1449010299389164164 1449010299429406664
1449010299439158496 1449010299479423795
1449010299489161400 1449010299529440624
1449010299589142624 1449010299629420668
1449010299639160823 1449010299679423630
1449010299689155135 1449010299729449917
1449010299739157501 1449010299779458358
1449010299839160925 1449010299879433534
1449010299889140440 1449010299929387184
1449010299989125846 1449010300029713830
1449010299539161682 1449010300032923666
1449010299789128998 1449010300033000660
1449010300039158916 1449010300079405165
1449010300089160828 1449010300129458648
1449010299939142212 1449010300220909158
1449010300189158836 1449010300229435501
1449010300239160622 1449010300279427631
1449010300289117525 1449010300329396813
1449010300339160989 1449010300379436708
1449010300439151306 1449010300479454845
1449010300489161263 1449010300628867070
1449010300589144565 1449010300629314832
1449010300689144016 1449010300729419188
1449010300739157548 1449010300779438002
1449010300139156039 1449010300788941877
1449010300389112647 1449010300788992639
1449010300639162721 1449010300789004285
1449010300539160296 1449010300821045343
1449010300789124221 1449010300829353094
1449010300839155510 1449010300879427226
1449010300939123927 1449010300979410307
1449010300989159813 1449010301029441857
1449010301039161174 1449010301079437926
1449010301089161279 1449010301129437901
1449010301189113854 1449010301229392126
1449010301239150372 1449010301279433956
1449010301289161706 1449010301329438778
1449010301339165041 1449010301379404502
1449010300889157378 1449010301408874170
1449010301139160288 1449010301408910838
1449010301389096071 1449010301429303848
1449010301489161424 1449010301529465076
1449010301589144655 1449010301629422185
1449010301739155951 1449010301779439776
1449010301439110741 1449010301848876985
1449010301689111018 1449010301848926344
1449010301839139837 1449010301879413028
1449010301539140454 1449010301944895420
1449010301789158715 1449010301944944758
1449010301939159297 1449010301979433320
1449010301639155912 1449010302009559704
1449010301889133675 1449010302009608504
1449010301989127136 1449010302029383281
1449010302039124237 1449010302079397494
1449010302089159950 1449010302129394773
1449010302239155567 1449010302279440838
1449010302289115040 1449010302329340676
1449010302339156719 1449010302379434470
1449010302139157399 1449010302433070279
1449010302389162523 1449010302433120556
1449010302539116229 1449010302579417794
1449010302589186293 1449010302629454502
1449010302639115410 1449010302679389148
1449010302789145569 1449010302829378842
1449010302189160761 1449010302848898965
1449010302439111723 1449010302848949613
1449010302689160327 1449010302848961507
1449010302839151146 1449010302879387948
1449010302489159466 1449010302892891289
1449010302739159630 1449010302892937380
1449010302889133838 1449010302929434414
1449010302939160149 1449010302979440376
1449010302989162082 1449010303029438533
1449010303039167495 1449010303079444752
1449010303089163438 1449010303129425506
1449010303139155858 1449010303179435350
1449010303189154851 1449010303229431302
1449010303239161230 1449010303279453497
1449010303289161365 1449010303329436961
1449010303389160596 1449010303429437845
1449010303439161797 1449010303479447378
1449010303489151511 1449010303529436959
1449010303539161332 1449010303579421709
1449010303639137293 1449010303679305118
1449010303689118689 1449010303729338298
1449010303339161319 1449010303736785327
1449010303589129290 1449010303736802555
1449010303739094935 1449010303779212659
1449010303789119280 1449010303829279061
1449010303839092349 1449010303879201605
1449010303889086335 1449010303929286756
1449010303939169691 1449010303979471757
1449010303989164698 1449010304029425610
1449010304039202675 1449010304079464490
1449010304089142136 1449010304129383781
1449010304189142219 1449010304229426364
1449010304239148758 1449010304279397193
1449010304289156952 1449010304329446353
1449010304339125956 1449010304379379986
1449010304439162645 1449010304479426197
1449010304489156760 1449010304529368673
1449010304139139435 1449010304544777929
1449010304389161555 1449010304544793439
1449010304539171957 1449010304579342873
1449010304589097400 1449010304629245682
1449010304639094176 1449010304679263377
1449010304689100189 1449010304729262820
1449010304739096370 1449010304779255660
1449010304789110341 1449010304829344852
1449010304839154370 1449010304879434410
1449010304889122820 1449010304929393074
1449010304939155933 1449010304979431606
1449010304989148247 1449010305029440791
1449010305039128170 1449010305079403685
1449010305089165586 1449010305129424370
1449010305139155752 1449010305179421261
1449010305189131692 1449010305229382471
1449010305239143674 1449010305279394874
1449010305289169801 1449010305329440769
1449010305389138716 1449010305429306828
1449010305439095999 1449010305479303415
1449010305489166018 1449010305529441015
1449010305339117834 1449010305616893908
1449010305589128433 1449010305629358434
1449010305689161352 1449010305729360501
1449010305739097144 1449010305779215842
1449010305839094619 1449010305879227630
1449010305939100981 1449010305979254137
1449010305989104483 1449010306029249768
1449010306089139617 1449010306129282140
1449010305539160484 1449010306156792372
1449010305789130488 1449010306156816333
1449010306039095661 1449010306156820792
1449010306189099189 1449010306229230866
1449010306239102042 1449010306279267175
1449010306289101659 1449010306329275897
1449010306339102082 1449010306379268591
1449010305639135773 1449010306509361094
1449010305889100615 1449010306509386189
1449010306139097807 1449010306509390790
1449010306389117949 1449010306509394521
1449010306489094194 1449010306529257243
1449010306539101618 1449010306579261585
1449010306589108737 1449010306629284236
1449010306639103109 1449010306679331669
1449010306739129157 1449010306779385683
1449010306789145793 1449010306829387482
1449010306439109135 1449010306844838505
1449010306689122240 1449010306844881927
1449010306839145958 1449010306879400044
1449010306889139137 1449010306929379256
1449010307039102758 1449010307079221969
1449010307089100623 1449010307129234016
1449010307139108595 1449010307179267408
1449010307289089771 1449010307329203830
1449010306939135360 1449010307340793582
1449010307189090156 1449010307340816491
1449010306989162303 1449010307376783967
1449010307239108173 1449010307376813679
1449010307339101744 1449010307379224803
1449010307389140367 1449010307429344433
1449010307439127496 1449010307479333982
1449010307539160867 1449010307579412295
1449010307589159703 1449010307629448585
1449010307639161983 1449010307679436369
1449010307689159398 1449010307729437002
1449010307489126842 1449010307872863314
1449010307739155547 1449010307872892338
1449010307839112780 1449010307879380375
1449010307889164702 1449010307929432948
1449010307939164085 1449010307979435465
1449010307989164511 1449010308029446023
1449010308089158594 1449010308129433989
1449010308139157516 1449010308179456214
1449010307789112798 1449010308184877967
1449010308039161509 1449010308184928398
1449010308239159486 1449010308279432533
1449010308289160984 1449010308329437111
1449010308339157083 1449010308379401709
1449010308389127291 1449010308429370095
1449010308489127804 1449010308529392185
1449010308539141356 1449010308579376768
1449010308589146516 1449010308629363606
1449010308639143845 1449010308679409037
1449010308789104084 1449010308829331836
1449010308189159642 1449010308832880563
1449010308439111586 1449010308832931038
1449010308689158770 1449010308832944147
1449010308839153602 1449010308879419549
1449010308889144917 1449010308929425878
1449010308939168532 1449010308979446607
1449010309039146769 1449010309079414630
1449010308739158270 1449010309124920695
1449010308989172138 1449010309124972022
1449010309089122214 1449010309129394944
1449010309139158191 1449010309179425491
1449010309189148380 1449010309229443202
1449010309339131372 1449010309379395649
1449010309389165253 1449010309429411626
1449010309439118021 1449010309479388792
1449010309589178422 1449010309629436648
1449010309239132228 1449010309660855642
1449010309489132278 1449010309660908462
1449010309639130972 1449010309679407854
1449010309289132112 1449010309680888183
1449010309539162448 1449010309680938467
1449010309689165362 1449010309729429104
1449010309739163873 1449010309779433803
1449010309839132401 1449010309879407275
1449010309939148356 1449010309979379037
1449010309989149340 1449010310029360283
1449010310089094507 1449010310129235933
1449010309789159461 1449010310180778882
1449010310039105475 1449010310180810949
1449010310189090493 1449010310229210971
1449010309889139024 1449010310259276498
1449010310139099575 1449010310259310221
1449010310239090513 1449010310279210050
1449010310289091472 1449010310329223651
1449010310339090987 1449010310379235040
1449010310389091299 1449010310429229914
1449010310439108210 1449010310479265774
1449010310489099825 1449010310529232145
1449010310539088238 1449010310579260215
1449010310589095018 1449010310629219211
1449010310689089964 1449010310729220884
1449010310739110068 1449010310779351857
1449010310789142519 1449010310829373527
1449010310839125188 1449010310879327143
1449010310939114383 1449010310979385138
1449010310989136551 1449010311029372938
1449010311039123125 1449010311079388414
1449010311089148010 1449010311129392525
1449010311189169230 1449010311229444058
1449010310639089329 1449010311276904763
1449010311239157218 1449010311279427224
1449010311289159147 1449010311329352870
1449010311339097074 1449010311379226340
1449010311439091081 1449010311479218642
1449010311489111572 1449010311529271516
1449010311539102582 1449010311579244590
1449010311589096759 1449010311629321738
1449010310889142495 1449010311672899660
1449010311139127912 1449010311672985860
1449010311689158008 1449010311729433170
1449010311389099513 1449010311753051211
1449010311639148362 1449010311753107245
1449010311789158048 1449010311829433171
1449010311739156663 1449010311848788717
1449010311889104823 1449010311929276737
1449010311939103321 1449010311979233454
1449010311989122376 1449010312029307941
1449010312039098835 1449010312079229799
1449010312139151887 1449010312179425127
1449010312189159589 1449010312229406790
1449010311839112847 1449010312244874634
1449010312089102544 1449010312244925256
1449010312239141018 1449010312279416717
1449010312339142935 1449010312379405855
1449010312489098574 1449010312529244380
1449010312589102782 1449010312629304442
1449010312389160372 1449010312776750883
1449010312639094621 1449010312776775874
1449010312739092031 1449010312779178851
1449010312439130593 1449010312824827055
1449010312689108685 1449010312824855630
1449010312839164939 1449010312879419999
1449010312889105000 1449010312929350511
1449010312939131318 1449010312979368286
1449010312989150834 1449010313029372925
1449010313089134827 1449010313129391289
1449010313139131714 1449010313179319337
1449010313189132571 1449010313229315454
1449010312289158285 1449010313256792060
1449010312539104251 1449010313256815922
1449010312789126975 1449010313256820221
1449010313239101710 1449010313279236631
