1449014982087757871
1449014982137779481
1449014982187764238
1449014982237766892
1449014982287766532
1449014982337759868
1449014982387749927
1449014982437767919
1449014982487768926
1449014982537766776
1449014982587765154
1449014982637767273
1449014982687744627
1449014982737715590
1449014982787743447
1449014982837765578
1449014982887767868
1449014982937766326
1449014982987746188
1449014983037703223
1449014983087754921
1449014983137768122
1449014983187763483
1449014983237766822
1449014983287762049
1449014983337748018
1449014983387748748
1449014983437714291
1449014983487762395
1449014983537767538
1449014983587721405
1449014983637701813
1449014983687701393
1449014983737703111
1449014983787765126
1449014983837768010
1449014983887768954
1449014983937769102
1449014983987769230
1449014984037767007
1449014984087768959
1449014984137767574
1449014984187764856
1449014984237767106
1449014984287757963
1449014984337743572
1449014984387761674
1449014984437747637
1449014984487776754
1449014984537767782
1449014984587768385
1449014984637710846
1449014984687749608
1449014984737724382
1449014984787763185
1449014984837764673
1449014984887764480
1449014984937768187
1449014984987763878
1449014985037770124
1449014985087716507
1449014985137765362
1449014985187757436
1449014985237764974
1449014985287764511
1449014985337697773
1449014985387765413
1449014985437747436
1449014985487766297
1449014985537763499
1449014985587758703
1449014985637765636
1449014985687766146
1449014985737764386
1449014985787768280
1449014985837767783
1449014985887764009
1449014985937768267
1449014985987764670
1449014986037766676
1449014986087763370
1449014986137767404
1449014986187763516
1449014986237768035
1449014986287764321
1449014986337765385
1449014986387766331
1449014986437717609
1449014986487762856
1449014986537765630
1449014986587766624
1449014986637761056
1449014986687764011
1449014986737767807
1449014986787765694
1449014986837767737
1449014986887764514
1449014986937767936
1449014986987764487
1449014987037756450
1449014987087764827
1449014987137770127
1449014987187765167
1449014987238011777
1449014987287771457
1449014987337723039
1449014987387722432
1449014987437717292
1449014987487726440
1449014987537763773
1449014987587762428
1449014987637768553
1449014987687764101
1449014987737766284
1449014987787719152
1449014987837708462
1449014987887726003
1449014987937707924
1449014987987762706
1449014988037770157
1449014988087721879
1449014988137721356
1449014988187714579
1449014988237712098
1449014988287757128
1449014988337765345
1449014988387725345
1449014988437701409
1449014988487764109
1449014988537719576
1449014988587765993
1449014988637764925
1449014988687763647
1449014988737763354
1449014988787764394
1449014988837765712
1449014988887763077
1449014988937761118
1449014988987762519
1449014989037770151
1449014989087764192
1449014989137764631
1449014989187763192
1449014989237766865
1449014989287758484
1449014989337724158
1449014989387737018
1449014989437725370
1449014989487744288
1449014989537745976
1449014989587711623
1449014989637759523
1449014989687762254
1449014989737765947
1449014989787763085
1449014989837766748
1449014989887766729
1449014989937766557
1449014989987763635
1449014990037765146
1449014990087757326
1449014990137727737
1449014990187765107
1449014990237761821
1449014990287758732
1449014990337722056
1449014990387727644
1449014990437722604
1449014990487708716
1449014990537752985
1449014990587709949
1449014990637758490
1449014990687723526
1449014990737748704
1449014990787724858
1449014990837741167
1449014990887762486
1449014990937755224
1449014990987732477
1449014991037748782
1449014991087728257
1449014991137755724
1449014991187747430
1449014991237763962
1449014991287748963
1449014991337749435
1449014991387730935
1449014991437741914
1449014991487735718
1449014991537724848
1449014991587745864
1449014991637732261
1449014991687739145
1449014991737739059
1449014991787746357
1449014991837751503
1449014991887734249
1449014991937740905
1449014991987742651
1449014992037723739
1449014992087760444
1449014992137723020
1449014992187714733
1449014992237741191
1449014992287751669
1449014992337725849
1449014992387724009
1449014992437715057
1449014992487770444
1449014992537752671
1449014992587724649
1449014992637768938
1449014992687767973
1449014992737724640
1449014992787720809
1449014992837766080
1449014992887725098
1449014992937742820
1449014992987758817
1449014993037752427
1449014993087723994
1449014993137736400
1449014993187736094
1449014993237727543
1449014993287756089
1449014993337755272
1449014993387732722
1449014993437794005
1449014993487724937
1449014993537735459
1449014993587727773
1449014993637717992
1449014993687736733
1449014993737764808
1449014993787738202
1449014993837733429
1449014993887753984
1449014993937733121
1449014993987729214
1449014994037727284
1449014994087751226
1449014994137731747
1449014994187770676
1449014994237723995
1449014994287759507
1449014994337729868
1449014994387745180
1449014994437729343
1449014994487723003
1449014994537735068
1449014994587751824
1449014994637732111
1449014994687747193
1449014994737747171
1449014994787731931
1449014994837713839
1449014994887718624
1449014994937720783
1449014994987747883
1449014995037721274
1449014995087721813
1449014995137719509
1449014995187760246
1449014995237733858
1449014995287722400
1449014995337722481
1449014995387750182
1449014995437719871
1449014995487717607
1449014995537762597
1449014995587765395
1449014995637728984
1449014995687751723
1449014995737753662
1449014995787732783
1449014995837731211
1449014995887748334
1449014995937750280
1449014995987737285
1449014996037750136
1449014996087732851
1449014996137741716
1449014996187733642
1449014996237749613
1449014996287730391
1449014996337736877
1449014996387714842
1449014996437737110
1449014996487736200
1449014996537740895
1449014996587724132
1449014996637758421
1449014996687733572
1449014996737736073
1449014996787735850
1449014996837716715
1449014996887751204
1449014996937721101
1449014996987713679
1449014997037712454
1449014997087723129
1449014997137738482
1449014997187748209
1449014997237764581
1449014997287749391
1449014997337764894
1449014997387761441
1449014997437735216
1449014997487720551
1449014997537723993
1449014997587722197
1449014997637725533
1449014997687748733
1449014997737761053
1449014997787715771
1449014997837759305
1449014997887718453
1449014997937736770
1449014997987742945
1449014998037733645
1449014998087737936
1449014998137745692
1449014998187726891
1449014998237717704
1449014998287749962
1449014998337722775
1449014998387718651
1449014998437764596
1449014998487732224
1449014998537773425
1449014998587750849
1449014998637733073
1449014998687729052
1449014998737730113
1449014998787718427
1449014998837746502
1449014998887715861
1449014998937735016
1449014998987730761
1449014999037729543
1449014999087739346
1449014999137746985
1449014999187709742
1449014999237728395
1449014999287748105
1449014999337752793
1449014999387736364
1449014999437726490
1449014999487722950
1449014999537731687
1449014999587714897
1449014999637725439
1449014999687762171
1449014999737732571
1449014999787733051
1449014999837746218
1449014999887714137
1449014999937730609
1449014999987730230
1449015000037721919
1449015000087744752
1449015000137762988
1449015000187764336
1449015000237720377
1449015000287715721
1449015000337719090
1449015000387730711
1449015000437750133
1449015000487729328
1449015000537747253
1449015000587736653
1449015000637735903
1449015000687737675
1449015000737747616
1449015000787758174
1449015000837703294
1449015000887709340
1449015000937762695
1449015000987734182
1449015001037766941
1449015001087763675
1449015001137734851
1449015001187763250
1449015001237766475
1449015001287767489
1449015001337776400
1449015001387729271
1449015001437765983
1449015001487736688
1449015001537768321
1449015001587760207
1449015001637768454
1449015001687765966
1449015001737767524
1449015001787764906
1449015001837750565
1449015001887768811
1449015001937724241
1449015001987742317
1449015002037735981
1449015002087767524
1449015002137768935
1449015002187736431
1449015002237703585
1449015002287703561
1449015002337703887
1449015002387719994
1449015002437700774
1449015002487703032
1449015002537701338
1449015002587692247
1449015002637748144
1449015002687722360
1449015002737709585
1449015002787756671
1449015002837729992
1449015002887742528
1449015002937767767
1449015002987733427
1449015003037738055
1449015003087763755
1449015003137748378
1449015003187766728
1449015003237767431
1449015003287762748
1449015003337767006
1449015003387764207
1449015003437768161
1449015003487763485
1449015003537764121
1449015003587762933
1449015003637766827
1449015003687740943
1449015003737767227
1449015003787764325
1449015003837766625
1449015003887764695
1449015003937767920
1449015003987761881
1449015004037705039
1449015004087724130
1449015004137697401
1449015004187755841
1449015004237723915
1449015004287740428
1449015004337765673
1449015004387763726
1449015004437767282
1449015004487765810
1449015004537767836
1449015004587764587
1449015004637765487
1449015004687764620
1449015004737768724
1449015004787765504
1449015004837769709
1449015004887766159
1449015004937764707
1449015004987765386
1449015005037750029
1449015005087740302
1449015005137742889
1449015005187732220
1449015005237743476
1449015005287746104
1449015005337733770
1449015005387747730
1449015005437767483
1449015005487762987
1449015005537767345
1449015005587763992
1449015005637764308
1449015005687762067
1449015005737763495
1449015005787746926
1449015005837766675
1449015005887763797
1449015005937762278
1449015005987763562
1449015006037747490
1449015006087757541
1449015006137746968
1449015006187771325
1449015006237769455
1449015006287763370
1449015006337761343
1449015006387764258
1449015006437766765
1449015006487762904
1449015006537766303
1449015006587764928
1449015006637751111
1449015006687764763
1449015006737740226
1449015006787763530
1449015006837768620
1449015006887765387
1449015006937768926
1449015006987765259
1449015007037765488
1449015007087755801
1449015007137743634
1449015007187763551
1449015007237764097
1449015007287764051
1449015007337767103
1449015007387765651
1449015007437767567
1449015007487764551
1449015007537768852
1449015007587766241
1449015007637766215
1449015007687764002
1449015007737767545
1449015007787764001
1449015007837768563
1449015007887762724
1449015007937762418
1449015007987766379
1449015008037747784
1449015008087751123
1449015008137768050
1449015008187764713
1449015008237750897
1449015008287765057
1449015008337754067
1449015008387764886
1449015008437768272
1449015008487765056
1449015008537768211
1449015008587775088
1449015008637735072
1449015008687773614
1449015008737759456
1449015008787766046
1449015008837726534
1449015008887768150
1449015008937764820
