1449014890223257569 1449014890303545363
1449014890273268465 1449014890441497321
1449014890373253607 1449014890453556379
1449014890423228264 1449014890503488867
1449014890473250289 1449014890553496873
1449014890523222521 1449014890603511668
1449014890573257341 1449014890653540498
1449014890623256778 1449014890703510398
1449014890673258790 1449014890753543260
1449014890723196400 1449014890803400371
1449014890773250725 1449014890853555073
1449014890823258487 1449014890903539416
1449014890873261381 1449014890953569636
1449014890923240061 1449014891003649428
1449014890973257382 1449014891053568816
1449014891023223757 1449014891103490253
1449014891073234175 1449014891153490231
1449014891123260757 1449014891203505510
1449014891173234251 1449014891253500707
1449014891223256550 1449014891303543466
1449014891273257316 1449014891353520682
1449014891323257221 1449014891403443064
1449014891373229593 1449014891453475305
1449014891423218963 1449014891503419357
1449014891473202029 1449014891553353735
1449014891523197455 1449014891603417284
1449014891573217634 1449014891653562030
1449014891673193910 1449014891753474361
1449014891723231904 1449014891803471322
1449014891773247808 1449014891853496638
1449014891823195955 1449014891903454677
1449014891923261293 1449014892003473983
1449014891973196533 1449014892053312650
1449014892023210263 1449014892103370782
1449014892073256148 1449014892153502570
1449014892173223684 1449014892253402695
1449014892223204322 1449014892303407988
1449014892273248536 1449014892353519225
1449014892323255143 1449014892403514910
1449014892423231976 1449014892503444891
1449014892473260589 1449014892553447879
1449014892523200610 1449014892603368139
1449014891623256053 1449014892613460207
1449014891873225129 1449014892613487661
1449014892123257042 1449014892613492559
1449014892373198930 1449014892613496927
1449014892573281639 1449014892653445482
1449014892623207899 1449014892703378643
1449014892673227032 1449014892753430270
1449014892723195946 1449014892803409677
1449014892773255826 1449014892853541263
1449014892823267648 1449014892903535236
1449014892873263744 1449014892953545170
1449014892923252376 1449014893003510369
1449014892973258922 1449014893053608066
1449014893023260494 1449014893103541132
1449014893073244652 1449014893153528852
1449014893123263650 1449014893203548050
1449014893173214193 1449014893253519056
1449014893223263152 1449014893303567731
1449014893273262030 1449014893353539080
1449014893323260141 1449014893403567647
1449014893373263520 1449014893453567387
1449014893423228569 1449014893503509835
1449014893473264481 1449014893553510107
1449014893523260778 1449014893603526916
1449014893573229645 1449014893653506936
1449014893623253991 1449014893703462844
1449014893673215693 1449014893753502602
1449014893723198455 1449014893803443092
1449014893773254634 1449014893853571594
1449014893823227216 1449014893903527556
1449014893873261756 1449014893953541365
1449014893923264283 1449014894003556277
1449014893973263583 1449014894053576541
1449014894023262471 1449014894103568267
1449014894073262974 1449014894153552195
1449014894123263577 1449014894203442701
1449014894173263772 1449014894253503318
1449014894223223525 1449014894303312626
1449014894273208573 1449014894353299350
1449014894323206339 1449014894403394330
1449014894373203878 1449014894453439112
1449014894423248059 1449014894503488568
1449014894473258905 1449014894553484072
1449014894523254507 1449014894603524742
1449014894573213659 1449014894653483436
1449014894623213096 1449014894703462055
1449014894673242256 1449014894753464382
1449014894723207161 1449014894803403143
1449014894773256424 1449014894853483802
1449014894823259316 1449014894903531992
1449014894923251775 1449014895003525965
1449014894973256493 1449014895053530059
1449014895023258352 1449014895103555972
1449014895073251885 1449014895153551737
1449014895173256218 1449014895253528765
1449014895223257041 1449014895303481345
1449014895273232694 1449014895353429072
1449014895323196240 1449014895403422531
1449014894873211432 1449014895452400355
1449014895123254352 1449014895452441388
1449014895373238219 1449014895453447379
1449014895423224135 1449014895503527091
1449014895473241790 1449014895553501213
1449014895523209772 1449014895603440353
1449014895573208771 1449014895653468475
1449014895673232818 1449014895753455161
1449014895723216362 1449014895803429955
1449014895773241026 1449014895853495615
1449014895823209212 1449014895903526647
1449014895923247562 1449014896003504199
1449014896023238053 1449014896103475530
1449014896073209533 1449014896153476767
1449014895623210921 1449014896184421957
1449014895873227274 1449014896184472579
1449014896123236165 1449014896203571480
1449014896173205192 1449014896253433419
1449014896273213708 1449014896353433791
1449014896323242818 1449014896403486500
1449014896373223232 1449014896453487603
1449014895973223579 1449014896496448048
1449014896223189544 1449014896496497353
1449014896423242240 1449014896503477812
1449014896473224244 1449014896553492273
1449014896523225585 1449014896603409872
1449014896573198211 1449014896653412184
1449014896623214382 1449014896703470598
1449014896673234075 1449014896753417049
1449014896723227037 1449014896803465190
1449014896773198476 1449014896853415995
1449014896823233083 1449014896903463811
1449014896873257105 1449014896953500402
1449014896923258764 1449014897003505265
1449014896973256406 1449014897053537239
1449014897023255228 1449014897103499591
1449014897073238185 1449014897153480215
1449014897123253567 1449014897203478286
1449014897173258380 1449014897253499522
1449014897223253807 1449014897303512462
1449014897273253815 1449014897353499498
1449014897323248264 1449014897403493629
1449014897373260256 1449014897453510963
1449014897423226524 1449014897503480859
1449014897473262474 1449014897553547255
1449014897523247103 1449014897603513443
1449014897573238869 1449014897653514336
1449014897623254576 1449014897703485051
1449014897673239126 1449014897753466326
1449014897723224133 1449014897803475178
1449014897773257069 1449014897853522049
1449014897823255350 1449014897903482116
1449014897873257376 1449014897953523301
1449014897923258036 1449014898003504069
1449014897973257155 1449014898053474269
1449014898023257911 1449014898103501853
1449014898073256135 1449014898153483362
1449014898123258549 1449014898203511761
1449014898173255122 1449014898253431301
1449014898273243896 1449014898353417722
1449014898323217935 1449014898403463417
1449014898373212792 1449014898453437072
1449014898423218660 1449014898503488874
1449014898523256134 1449014898603484397
1449014898573236624 1449014898653507908
1449014898623255225 1449014898703494569
1449014898673205650 1449014898753460991
1449014898773209248 1449014898853449134
1449014898823258180 1449014898903483783
1449014898873205980 1449014898953455247
1449014898923256586 1449014899003575350
1449014899023259522 1449014899103527481
1449014899073254745 1449014899153517316
1449014898223220462 1449014899164449940
1449014898473237925 1449014899164499780
1449014899123258428 1449014899203537176
1449014899173256442 1449014899253491417
1449014899273259406 1449014899353478904
1449014899323256170 1449014899403507731
1449014899373209210 1449014899453465697
1449014899423221900 1449014899503490932
1449014899523255713 1449014899603520756
1449014899573255160 1449014899653511647
1449014899623253410 1449014899703513054
1449014899773257166 1449014899853523315
1449014899823229528 1449014899903483630
1449014900023256301 1449014900103548215
1449014900073254705 1449014900153482985
1449014899673237573 1449014900244373809
1449014899923256495 1449014900244398306
1449014900173198015 1449014900253392406
1449014900273195837 1449014900353399852
1449014899873260891 1449014900363464317
1449014900123257483 1449014900363487365
1449014900323190369 1449014900403450481
1449014900373207727 1449014900453337725
1449014900423221028 1449014900503542115
1449014898723226201 1449014900528407668
1449014898973250216 1449014900528453742
1449014899223257990 1449014900528465535
1449014899473257375 1449014900528474710
1449014899723254419 1449014900528483710
1449014899973237918 1449014900528492724
1449014900223249561 1449014900528502282
1449014900473255672 1449014900553468236
1449014900573214424 1449014900653463624
1449014900623248994 1449014900703534570
1449014900673251020 1449014900753476290
1449014900723193953 1449014900803417801
1449014900823252975 1449014900903462722
1449014900873197358 1449014900953445090
1449014900923253987 1449014901003448695
1449014900973251091 1449014901053520398
1449014900523252402 1449014901088361274
1449014900773201697 1449014901088407088
1449014901023194909 1449014901103300567
1449014901073234099 1449014901153428225
1449014901123249061 1449014901203486298
1449014901173255493 1449014901253524752
1449014901223252511 1449014901303461194
1449014901273206565 1449014901353462942
1449014901323253316 1449014901403521867
1449014901373254871 1449014901453471712
1449014901423195153 1449014901503427214
1449014901473221120 1449014901553491475
1449014901523247525 1449014901603502992
1449014901573214685 1449014901653482594
1449014901623250985 1449014901703444343
1449014901673255891 1449014901753532052
1449014901723223972 1449014901803475298
1449014901773255222 1449014901853472359
1449014901823238031 1449014901903415659
1449014901873206285 1449014901953352097
1449014901923203825 1449014902003413049
1449014901973219760 1449014902053536751
1449014902023238264 1449014902103449720
1449014902073205042 1449014902153422045
1449014902123251162 1449014902203506480
1449014902173261113 1449014902253581334
1449014902273194779 1449014902353374328
1449014902323215039 1449014902403509577
1449014902373206531 1449014902453461237
1449014902423221145 1449014902503474916
1449014902523254277 1449014902603519286
1449014902573255811 1449014902653528124
1449014902623245272 1449014902703530628
1449014902673256933 1449014902753435728
1449014902223269009 1449014902756594905
1449014902473224000 1449014902756652853
1449014902723255288 1449014902803524317
1449014902773257153 1449014902853904850
1449014902823232702 1449014902903459141
1449014902873239800 1449014902953503536
1449014902923224106 1449014903003464914
1449014902973255411 1449014903053527169
1449014903023230543 1449014903103443725
1449014903073239281 1449014903153485170
1449014903123222083 1449014903203465921
1449014903173224076 1449014903253497735
1449014903223237985 1449014903303499079
1449014903273227282 1449014903353441607
1449014903323225289 1449014903403454898
1449014903373225741 1449014903453533949
1449014903423251952 1449014903503498764
1449014903473210997 1449014903553467962
1449014903523226791 1449014903603456507
1449014903573223755 1449014903653401112
1449014903623224288 1449014903703479943
1449014903673229862 1449014903753499829
1449014903723223349 1449014903803475345
1449014903823236247 1449014903903477052
1449014903873214112 1449014903953427053
1449014903923226054 1449014904003442840
1449014903973259935 1449014904053531533
1449014904073229572 1449014904153496823
1449014904123206047 1449014904203466021
1449014904173213054 1449014904253482503
1449014904223208772 1449014904303425942
1449014903773237101 1449014904312511200
1449014904023217366 1449014904312560980
1449014904273211830 1449014904353436632
1449014904323223552 1449014904403433981
1449014904373223045 1449014904453461939
1449014904423228151 1449014904503529416
1449014904473224117 1449014904553477898
1449014904523221713 1449014904603474668
1449014904573222259 1449014904653491678
1449014904623236690 1449014904703478169
1449014904673224383 1449014904753421539
1449014904723224621 1449014904803490977
1449014904773225916 1449014904853555602
1449014904823210111 1449014904903468666
1449014904873226954 1449014904953475864
1449014904923225118 1449014905003450297
1449014905023230282 1449014905103528019
1449014905073222730 1449014905153488104
1449014905123233202 1449014905203497920
1449014905173237068 1449014905253476707
1449014905273224269 1449014905353494076
1449014905323223191 1449014905403484422
1449014905373222578 1449014905453448141
1449014904973228527 1449014905496433158
1449014905223239335 1449014905496483482
1449014905423228997 1449014905503490084
1449014905473223746 1449014905553496998
1449014905523225061 1449014905603395639
1449014905573222821 1449014905653765780
1449014905623214793 1449014905703459099
1449014905673240028 1449014905753466798
1449014905723256200 1449014905803485148
1449014905773238701 1449014905853488440
1449014905823250590 1449014905903541565
1449014905873261282 1449014905953469820
1449014905923255631 1449014906003520222
1449014905973215972 1449014906053466990
1449014906023249603 1449014906103528043
1449014906073256466 1449014906153523166
1449014906123254006 1449014906203517264
1449014906173260498 1449014906253546866
1449014906223256754 1449014906303485314
1449014906323255334 1449014906403521863
1449014906373255051 1449014906453520595
1449014906423223698 1449014906503493395
1449014906573256213 1449014906653464203
1449014906623255362 1449014906703528009
1449014906673255985 1449014906753518746
1449014906273257006 1449014906796432609
1449014906523256819 1449014906796461280
1449014906773193227 1449014906853416640
1449014906823208317 1449014906903475428
1449014906873255285 1449014906953552768
1449014906473258645 1449014906992401934
1449014906723237227 1449014906992442466
1449014906923214945 1449014907003482821
1449014907023218686 1449014907103455261
1449014907073252374 1449014907153515402
1449014907123256732 1449014907203514976
1449014907173256760 1449014907253523269
1449014907273256248 1449014907353530829
1449014907323255331 1449014907403518072
1449014907373255452 1449014907453526619
1449014906973256731 1449014907492444714
1449014907223254593 1449014907492494140
1449014907423253890 1449014907503518228
1449014907473256060 1449014907553534566
1449014907523257467 1449014907603531942
1449014907573250122 1449014907653532354
1449014907623253431 1449014907703465013
1449014907673257161 1449014907753518990
1449014907723210393 1449014907803446089
1449014907773249088 1449014907853495452
1449014907823209196 1449014907903474045
1449014907873256017 1449014907953528243
1449014907923257659 1449014908003548487
1449014907973256494 1449014908053532285
1449014908023254805 1449014908103530001
1449014908073230655 1449014908153478144
1449014908123254871 1449014908203522440
1449014908173258230 1449014908253523814
1449014908223255124 1449014908303426846
1449014908273257812 1449014908353558521
1449014908373253464 1449014908453446076
1449014908423252684 1449014908503522190
1449014908473257222 1449014908553528773
1449014908523255470 1449014908603537598
1449014908623248877 1449014908703540901
1449014908673254542 1449014908753519327
1449014908723251589 1449014908803481857
1449014908773256525 1449014908853521037
1449014908323198637 1449014908884487783
1449014908573258822 1449014908884540295
1449014908823239127 1449014908903464584
1449014908873209805 1449014908953477227
1449014908923251100 1449014909003516167
1449014908973255492 1449014909053563943
1449014909023246032 1449014909103521040
1449014909073227317 1449014909153507267
1449014909123254387 1449014909203522580
1449014909173256219 1449014909253522902
1449014909223238089 1449014909303517247
1449014909273256342 1449014909353542375
1449014909323256690 1449014909403506903
1449014909373228708 1449014909453505531
1449014909423232799 1449014909503504587
1449014909473265063 1449014909553549293
1449014909523260277 1449014909603526479
1449014909573261074 1449014909653538261
1449014909673264200 1449014909753559411
1449014909723257383 1449014909803531750
1449014909773243900 1449014909853471311
1449014909823211080 1449014909903463080
1449014909923254755 1449014910003498096
1449014909973257416 1449014910053516275
1449014910023248511 1449014910103539278
1449014910073255855 1449014910153506763
1449014909623262839 1449014910180382351
1449014909873257103 1449014910180431690
1449014910123259137 1449014910203517963
1449014910173257532 1449014910253407914
1449014910223257059 1449014910303508551
1449014910273258817 1449014910353408910
1449014910323244760 1449014910403426427
1449014910373186618 1449014910453323876
1449014910423231857 1449014910503397331
1449014910473215825 1449014910553366773
1449014910523211012 1449014910603447123
1449014910573256837 1449014910653506287
1449014910623218941 1449014910703428216
1449014910673211317 1449014910753450391
1449014910723222236 1449014910803488746
1449014910773239326 1449014910853397827
1449014910823220425 1449014910903436633
1449014910873195598 1449014910953303911
1449014910923192060 1449014911003350730
1449014910973210543 1449014911053444694
1449014911023219749 1449014911103468692
1449014911073225162 1449014911153525682
1449014911123224987 1449014911203481828
1449014911173254174 1449014911253500782
1449014911223258669 1449014911303511818
1449014911273197302 1449014911353421488
1449014911373223974 1449014911453450152
1449014911423254765 1449014911503465101
1449014911473233542 1449014911553392119
1449014911523220551 1449014911603471047
1449014911323196356 1449014911624340298
1449014911573230780 1449014911653475519
1449014911623200181 1449014911703429963
1449014911673233385 1449014911753477098
1449014911723257002 1449014911803516395
1449014911773259078 1449014911853544283
1449014911823237155 1449014911903487045
1449014911873222124 1449014911953414300
1449014911923237132 1449014912003444746
1449014911973190938 1449014912053386501
1449014912023192373 1449014912103390341
1449014912073190492 1449014912153372403
1449014912123220285 1449014912203476124
1449014912173195940 1449014912253358401
1449014912223223232 1449014912303470545
1449014912273228940 1449014912353483265
1449014912323249979 1449014912403517841
1449014912373195615 1449014912453358201
1449014912423251979 1449014912503423005
1449014912473214372 1449014912553466800
1449014912523221128 1449014912603459668
1449014912573249949 1449014912653512770
1449014912623223864 1449014912703493902
1449014912673254602 1449014912753490148
1449014912723212976 1449014912803463369
1449014912773254147 1449014912853525608
1449014912823202728 1449014912903473437
1449014912873255526 1449014912953508692
1449014912923201829 1449014913003461470
1449014912973256781 1449014913053521878
1449014913073222984 1449014913153456195
1449014913123225267 1449014913203504743
1449014913023212205 1449014913240407761
1449014913173255992 1449014913253527316
1449014913223253424 1449014913303517612
1449014913273256840 1449014913353537207
1449014913373257290 1449014913453533458
1449014913423254568 1449014913503511650
1449014913473211539 1449014913553479298
1449014913523255570 1449014913603541955
1449014913673218470 1449014913753458272
1449014913723253254 1449014913803507278
1449014913773258924 1449014913853533415
1449014913323254790 1449014913872451494
1449014913573257051 1449014913872502446
1449014913823252020 1449014913903526027
1449014913923237590 1449014914003502673
1449014913973226927 1449014914053487136
1449014914023225008 1449014914103455435
1449014913623253271 1449014914113662241
1449014913873238307 1449014914113712976
1449014914073237113 1449014914153528669
1449014914123246038 1449014914203522961
1449014914173263642 1449014914253527994
1449014914223254102 1449014914303527481
1449014914273256038 1449014914353528377
1449014914323238603 1449014914403511788
1449014914373264139 1449014914453501763
1449014914423253553 1449014914503517984
1449014914473253548 1449014914553528286
1449014914523248611 1449014914603513437
1449014914573255291 1449014914653537179
1449014914623253588 1449014914703528119
1449014914673257345 1449014914753529684
1449014914723254242 1449014914803478012
1449014914773255857 1449014914853518445
1449014914823252017 1449014914903509713
1449014914873255800 1449014914953492806
1449014914923252901 1449014915003519929
1449014914973239786 1449014915053469452
1449014915023184653 1449014915103450097
1449014915073256263 1449014915153529772
1449014915123256585 1449014915203532122
1449014915173255654 1449014915253521028
1449014915223252455 1449014915303518123
1449014915273237118 1449014915353513694
1449014915323253711 1449014915403490583
1449014915373213962 1449014915453463119
1449014915423252053 1449014915503483299
1449014915473252803 1449014915553536915
1449014915523251959 1449014915603465465
1449014915573237668 1449014915653511190
1449014915623255820 1449014915703537511
1449014915673258491 1449014915753529878
1449014915723254146 1449014915803492131
1449014915773257047 1449014915853505382
1449014915823254947 1449014915903528132
1449014915873252596 1449014915953513530
1449014915923192318 1449014916003547361
1449014915973223840 1449014916053476061
1449014916023204160 1449014916103454941
1449014916073251332 1449014916153521423
1449014916123234074 1449014916203470850
1449014916173241035 1449014916253503341
1449014916223219290 1449014916303476866
1449014916323241600 1449014916403510759
1449014916373223463 1449014916453455498
1449014916423243981 1449014916503460481
1449014916473246976 1449014916553467535
1449014916573212935 1449014916653481833
1449014916623207110 1449014916703451860
1449014916673224407 1449014916753477957
1449014916723255161 1449014916803485940
1449014916273229100 1449014916820449327
1449014916523233367 1449014916820508395
1449014916773232728 1449014916853453872
1449014916823241613 1449014916903514527
1449014916873226069 1449014916953489559
1449014916923224407 1449014917003442731
1449014916973221919 1449014917053510359
1449014917023211153 1449014917103444718
1449014917073220502 1449014917153483029
1449014917123209729 1449014917203444096
1449014917173222823 1449014917253458937
1449014917223210691 1449014917303482532
1449014917273220320 1449014917353468729
1449014917323211024 1449014917403456730
1449014917373225475 1449014917453445308
1449014917423244576 1449014917503509737
1449014917473213106 1449014917553423064
1449014917523253826 1449014917603535119
1449014917573256945 1449014917653534242
1449014917623256261 1449014917703532660
1449014917723252502 1449014917803542014
1449014917773256703 1449014917853542419
1449014917823252615 1449014917903515476
1449014917973238380 1449014918053505237
1449014918023221804 1449014918103453752
1449014918073257890 1449014918153505454
