1449014828133492639 1449014828213780968
1449014828183480092 1449014828263728036
1449014828233476352 1449014828313740561
1449014828283491999 1449014828363793123
1449014828333472923 1449014828413744979
1449014828383455639 1449014828464003372
1449014828433477563 1449014828513795416
1449014828483473973 1449014828563711540
1449014828533476333 1449014828613741710
1449014828583462346 1449014828663689934
1449014828633460005 1449014828713683728
1449014828683492754 1449014828763737571
1449014828733467311 1449014828813693847
1449014828783462726 1449014828863670459
1449014828833438472 1449014828913650605
1449014828883461632 1449014829273867219
1449014828933477353 1449014829273922725
1449014828983494122 1449014829273941100
1449014829033492530 1449014829273958135
1449014829083492194 1449014829273977352
1449014829133494063 1449014829273994618
1449014829183492828 1449014829274009468
1449014829233490250 1449014829623856992
1449014829283454711 1449014829623912915
1449014829333493189 1449014829623931661
1449014829383490885 1449014829623948639
1449014829433491060 1449014829783962997
1449014829483493080 1449014829783982448
1449014829533472200 1449014829783991173
1449014829583490236 1449014829783998073
1449014829633479794 1449014829784004364
1449014829683460548 1449014829784010420
1449014829733464271 1449014829883945259
1449014829783462886 1449014829883978304
1449014829833499824 1449014829913725792
1449014829883467897 1449014829963738893
1449014829933501785 1449014830013770980
1449014829983495659 1449014830063762001
1449014830033497147 1449014830113799304
1449014830083493944 1449014830163735638
1449014830133495235 1449014830213823278
1449014830183464504 1449014830263687291
1449014830233496314 1449014830313761925
1449014830283497441 1449014830363722450
1449014830333497686 1449014830413764363
1449014830383496278 1449014830463790814
1449014830433496185 1449014830513750756
1449014830483461495 1449014830563697882
1449014830533495122 1449014830613756781
1449014830583488512 1449014830663720119
1449014830633461883 1449014830713717515
1449014830683495213 1449014830763760386
1449014830733494493 1449014830813776792
1449014830783486423 1449014830863751950
1449014830833492555 1449014830913745206
1449014830883497464 1449014830963762209
1449014830933497031 1449014831013751339
1449014830983498135 1449014831063763037
1449014831033494962 1449014831113747958
1449014831083489468 1449014831163779905
1449014831133494220 1449014831213746474
1449014831183478793 1449014831263742539
1449014831233493905 1449014831313745888
1449014831283498614 1449014831363759247
1449014831333494990 1449014831413747715
1449014831383495596 1449014831463735936
1449014831433488709 1449014831513781581
1449014831483459210 1449014831563698494
1449014831533477232 1449014831613677891
1449014831583459189 1449014831663698457
1449014831633435408 1449014831713618995
1449014831683429133 1449014831763542902
1449014831733418161 1449014831813517988
1449014831783427703 1449014831863578684
1449014831833423818 1449014831913626160
1449014831883443602 1449014831963614843
1449014831933425646 1449014832013547880
1449014831983425163 1449014832063559861
1449014832033426717 1449014832113555219
1449014832083462929 1449014832163650356
1449014832133426023 1449014832213584128
1449014832183429758 1449014832263561187
1449014832233430565 1449014832313535703
1449014832283423433 1449014832363521301
1449014832333421218 1449014832413602577
1449014832383460158 1449014832463594823
1449014832433447679 1449014832513648556
1449014832483484173 1449014832563722181
1449014832533487946 1449014832613690908
1449014832583440311 1449014832663622555
1449014832633466711 1449014832713688629
1449014832683456158 1449014832763657530
1449014832733490066 1449014832813703706
1449014832783451166 1449014832863645495
1449014832833442535 1449014832913602322
1449014832883452151 1449014832963593587
1449014832933450592 1449014833013601031
1449014832983451185 1449014833063616346
1449014833033433130 1449014833113554507
1449014833083430809 1449014833163562296
1449014833133452412 1449014833213729616
1449014833183462085 1449014833263678808
1449014833233482342 1449014833313739861
1449014833283493165 1449014833363764786
1449014833333488469 1449014833413736730
1449014833383486071 1449014833463745027
1449014833433483230 1449014833513643793
1449014833483452000 1449014833563678733
1449014833533435357 1449014833923880697
1449014833583487032 1449014833923937880
1449014833633455252 1449014833923956836
1449014833683489227 1449014833923973798
1449014833733494513 1449014833923992283
1449014833783488437 1449014833924009285
1449014833833489043 1449014833924024610
1449014833883491136 1449014833963773796
1449014833933473832 1449014834013706889
1449014833983446879 1449014834063700108
1449014834033474302 1449014834113735232
1449014834083490029 1449014834473930394
1449014834133488607 1449014834473994724
1449014834183454200 1449014834474003839
1449014834233492910 1449014834474012779
1449014834283493920 1449014834474021387
1449014834333467501 1449014834474029118
1449014834383494060 1449014834474035633
1449014834433490620 1449014834513760053
1449014834483493120 1449014834563755383
1449014834533490522 1449014834613716229
1449014834583493210 1449014834663780413
1449014834633491170 1449014834713759650
1449014834683490292 1449014835073789463
1449014834733494436 1449014835073816238
1449014834783489757 1449014835073824488
1449014834833491322 1449014835073831270
1449014834883499736 1449014835073836781
1449014834933453602 1449014835073842152
1449014834983397086 1449014835073847577
1449014835033491043 1449014835123830833
1449014835083484453 1449014835173698666
1449014835133430632 1449014835223638513
1449014835183443119 1449014835263581192
1449014835233428269 1449014835313530086
1449014835283432421 1449014835363622789
1449014835333439600 1449014835413590248
1449014835383438595 1449014835463578002
1449014835433434513 1449014835513616077
1449014835483444051 1449014835563684509
1449014835533487372 1449014835613732222
1449014835583487310 1449014836183769589
1449014835633474088 1449014836183946241
1449014835683488415 1449014836183957702
1449014835733472804 1449014836183965301
1449014835783475548 1449014836183972719
1449014835833466055 1449014836183980200
1449014835883441511 1449014836183987576
1449014835933457699 1449014836183994955
1449014835983434108 1449014836184002276
1449014836033426345 1449014836184009773
1449014836083448355 1449014836184017210
1449014836133477421 1449014836233750340
1449014836183438239 1449014836283778395
1449014836233437798 1449014836343957740
1449014836283465639 1449014836363715023
1449014836333436013 1449014836413652383
1449014836383467630 1449014836463702100
1449014836433478379 1449014836513716364
1449014836483495118 1449014836563760275
1449014836533468198 1449014836613700794
1449014836583474905 1449014836663715135
1449014836633490508 1449014836713740283
1449014836683468075 1449014836763761078
1449014836733480191 1449014836813724273
1449014836783476998 1449014836863711358
1449014836833492408 1449014836913733273
1449014836883467249 1449014836963726068
1449014836933474243 1449014837013690655
1449014836983487631 1449014837063733861
1449014837033469551 1449014837113766480
1449014837083477274 1449014837163702480
1449014837133491691 1449014837213766215
1449014837183460886 1449014837263642479
1449014837233468695 1449014837313692558
1449014837283431176 1449014837363608191
1449014837333444122 1449014837413658520
1449014837383459835 1449014837463629695
1449014837433477784 1449014837513629101
1449014837483452385 1449014837563623059
1449014837533449880 1449014837613590548
1449014837583427791 1449014837663541475
1449014837633433330 1449014837713535987
1449014837683446907 1449014837763600755
1449014837733451787 1449014837813621396
1449014837783450087 1449014837863586692
1449014837833428091 1449014837913521867
1449014837883422649 1449014837963542034
1449014837933421646 1449014838013516614
1449014837983433938 1449014838063556311
1449014838033443997 1449014838113639724
1449014838083453998 1449014838473617104
1449014838133435049 1449014838473644211
1449014838183444896 1449014838473652639
1449014838233449167 1449014838473659581
1449014838283477844 1449014838473665160
1449014838333437731 1449014838473670629
1449014838383431228 1449014838473686830
1449014838433437227 1449014838523642924
1449014838483430377 1449014838573627602
1449014838533450781 1449014838623631980
1449014838583422857 1449014838663566341
1449014838633450110 1449014838713651156
1449014838683455614 1449014839144278857
1449014838733489345 1449014839144302805
1449014838783434059 1449014839144313890
1449014838833458000 1449014839304313714
1449014838883454186 1449014839333719703
1449014838933436683 1449014839333738466
1449014838983429235 1449014839333748065
1449014839033423294 1449014839493775959
1449014839083432203 1449014839493807651
1449014839133439924 1449014839493817776
1449014839183424741 1449014839493826897
1449014839233423683 1449014839493835821
1449014839283431062 1449014839493844159
1449014839333546922 1449014839493852852
1449014839383440743 1449014839493861618
1449014839433423028 1449014839624376278
1449014839483441695 1449014839624406011
1449014839533424078 1449014839624416688
1449014839583425760 1449014839663549708
1449014839633422975 1449014839713533334
1449014839683423528 1449014839763542874
1449014839733429327 1449014839813550577
1449014839783425436 1449014839863566327
1449014839833423582 1449014839913569167
1449014839883424170 1449014839963547485
1449014839933420507 1449014840013564736
1449014839983430432 1449014840063576745
1449014840033423247 1449014840423642950
1449014840083452431 1449014840423679483
1449014840133426610 1449014840423690682
1449014840183430587 1449014840423699624
1449014840233431464 1449014840423708943
1449014840283464471 1449014840423717444
1449014840333430712 1449014840423725865
1449014840383430645 1449014840473735814
1449014840433465440 1449014840523750608
1449014840483465077 1449014840873630513
1449014840533469458 1449014840873658349
1449014840583473980 1449014840873666131
1449014840633432480 1449014840873672023
1449014840683427403 1449014840873677448
1449014840733449575 1449014840873682987
1449014840783430012 1449014840873688473
1449014840833439741 1449014840973684329
1449014840883429292 1449014840973712822
1449014840933432259 1449014841023683727
1449014840983433353 1449014841063575656
1449014841033422252 1449014841133717579
1449014841083445370 1449014841163613198
1449014841133428348 1449014841213575832
1449014841183431045 1449014841263546095
1449014841233421263 1449014841313584743
1449014841283434288 1449014841363558455
1449014841333422791 1449014841413576421
1449014841383430017 1449014841463584817
1449014841433432234 1449014841513559566
1449014841483435476 1449014841563613940
1449014841533426696 1449014841613637043
1449014841583462337 1449014841663676617
1449014841633466244 1449014841713723472
1449014841683434377 1449014841763621440
1449014841733420202 1449014841813536093
1449014841783442310 1449014841863600143
1449014841833438045 1449014841913575900
1449014841883430209 1449014841963571956
1449014841933441586 1449014842323671260
1449014841983426987 1449014842323699818
1449014842033487890 1449014842323708370
1449014842083472453 1449014842323714785
1449014842133437909 1449014842323720635
1449014842183448047 1449014842323726498
1449014842233458726 1449014842323732242
1449014842283456136 1449014842373634648
1449014842333426171 1449014842423708631
1449014842383421769 1449014842473618011
1449014842433442919 1449014842513565599
1449014842483440748 1449014842563644231
1449014842533449760 1449014842613635330
1449014842583452307 1449014842663620474
1449014842633421180 1449014842713552653
1449014842683426590 1449014842763540044
1449014842733427694 1449014842813535036
1449014842783422116 1449014842863515596
1449014842833421599 1449014842913539158
1449014842883426144 1449014842963600413
1449014842933479655 1449014843013691214
1449014842983466955 1449014843063688195
1449014843033466628 1449014843113658950
1449014843083484540 1449014843473633173
1449014843133487462 1449014843473674085
1449014843183465717 1449014843473686759
1449014843233429820 1449014843473697696
1449014843283442199 1449014843473708629
1449014843333424303 1449014843473719318
1449014843383438026 1449014843473729834
1449014843433423713 1449014843523672223
1449014843483440976 1449014843573728224
1449014843533424840 1449014843623645511
1449014843583474210 1449014843663665255
1449014843633471258 1449014843713719001
1449014843683470017 1449014843763661014
1449014843733476556 1449014844123760537
1449014843783457668 1449014844123817132
1449014843833448826 1449014844123836008
1449014843883443639 1449014844123852656
1449014843933439073 1449014844123872217
1449014843983447377 1449014844123887973
1449014844033490342 1449014844123903087
1449014844083452378 1449014844173779699
1449014844133438411 1449014844223788012
1449014844183490517 1449014844273859071
1449014844233466534 1449014844313719219
1449014844283493453 1449014844363777906
1449014844333489281 1449014844413743426
1449014844383493101 1449014844463701031
1449014844433488749 1449014844513742744
1449014844483460156 1449014844563661488
1449014844533492587 1449014844613715527
1449014844583491406 1449014844663750740
1449014844633491865 1449014845023790021
1449014844683489418 1449014845023845357
1449014844733492783 1449014845023863558
1449014844783424609 1449014845023879748
1449014844833489401 1449014845183895431
1449014844883487251 1449014845183938776
1449014844933459212 1449014845183957996
1449014844983488089 1449014845183973872
1449014845033471817 1449014845183990440
1449014845083443401 1449014845184008678
1449014845133484776 1449014845283935311
1449014845183491188 1449014845283981212
1449014845233488744 1449014845623908623
1449014845283492494 1449014845673892668
1449014845333444814 1449014845673946580
1449014845383491778 1449014845673965159
1449014845433491389 1449014845673981229
1449014845483493956 1449014845673999547
1449014845533475505 1449014845733977161
1449014845583491844 1449014845734021448
1449014845633490358 1449014845734042135
1449014845683492775 1449014845784016431
1449014845733489606 1449014845834021027
1449014845783457525 1449014845894127603
1449014845833493153 1449014846223905325
1449014845883488688 1449014846223963002
1449014845933489174 1449014846223981314
1449014845983472995 1449014846223998503
1449014846033442801 1449014846224017305
1449014846083486371 1449014846384023664
1449014846133488224 1449014846384068422
1449014846183491098 1449014846384087926
1449014846233490384 1449014846384104390
1449014846283495314 1449014846384122518
1449014846333490852 1449014846413754498
1449014846383494291 1449014846544233477
1449014846433475499 1449014846544292467
1449014846483494611 1449014846563726806
1449014846533492684 1449014846613745005
1449014846583494132 1449014846704348412
1449014846633489189 1449014846713757847
1449014846683495441 1449014846763756662
1449014846733492112 1449014847123888835
1449014846783460839 1449014847123947124
1449014846833487591 1449014847123966123
1449014846883490552 1449014847123983235
1449014846933473144 1449014847124002372
1449014846983493431 1449014847124019337
1449014847033489698 1449014847283999226
1449014847083492996 1449014847284044529
1449014847133490549 1449014847284064424
1449014847183489307 1449014847284082404
1449014847233488029 1449014847313749661
1449014847283494639 1449014847444170699
1449014847333488713 1449014847444270308
1449014847383493920 1449014847463754062
1449014847433479686 1449014847513754287
1449014847483496879 1449014847604278745
1449014847533492290 1449014847613764002
1449014847583496150 1449014847663758821
1449014847633489881 1449014847713718862
1449014847683491385 1449014847764409572
1449014847733487849 1449014847813748144
1449014847783464501 1449014847863738677
1449014847833476796 1449014847913703382
1449014847883457668 1449014847963715588
1449014847933489581 1449014848013748688
1449014847983493077 1449014848063738526
1449014848033490075 1449014848113755277
1449014848083440067 1449014848163642294
1449014848133484672 1449014848213703455
1449014848183490487 1449014848273875953
1449014848233431035 1449014848313651505
1449014848283484743 1449014848363665925
1449014848333489656 1449014848413752594
1449014848383492193 1449014848463747838
1449014848433485880 1449014848513682209
1449014848483460199 1449014848563730671
1449014848533489728 1449014848613754176
1449014848583486158 1449014848663740043
1449014848633442701 1449014848713670099
1449014848683483347 1449014848763722361
1449014848733491527 1449014848813685479
1449014848783428247 1449014848863625688
1449014848833431820 1449014848913599724
1449014848883475852 1449014848963729513
1449014848933445887 1449014849013659910
1449014848983485002 1449014849063664161
1449014849033493864 1449014849113723311
1449014849083491653 1449014849163698895
1449014849133491631 1449014849213746541
1449014849183470535 1449014849573754653
1449014849233485029 1449014849573812220
1449014849283489494 1449014849573830849
1449014849333443087 1449014849573847263
1449014849383432955 1449014849573866373
1449014849433423689 1449014849573884023
1449014849483430866 1449014849573900216
1449014849533425041 1449014849623709980
1449014849583466149 1449014849673722217
1449014849633486523 1449014849723777594
1449014849683483625 1449014849763713441
1449014849733488407 1449014849813640765
1449014849783490326 1449014849863737732
1449014849833455952 1449014849913674062
1449014849883490165 1449014849963808395
1449014849933472339 1449014850013676383
1449014849983431292 1449014850063571578
1449014850033429802 1449014850113603184
1449014850083492539 1449014850163745365
1449014850133465907 1449014850213662227
1449014850183490320 1449014850263768312
1449014850233451497 1449014850313643521
1449014850283488351 1449014850363674903
1449014850333449341 1449014850933912634
1449014850383448540 1449014850933934168
1449014850433462794 1449014850933945687
1449014850483489730 1449014850933954858
1449014850533476124 1449014850933962412
1449014850583489602 1449014850933969875
1449014850633480389 1449014850933977347
1449014850683488275 1449014850933984627
1449014850733493936 1449014850933991792
1449014850783471851 1449014850933999088
1449014850833432402 1449014850934006607
1449014850883424489 1449014850983905443
1449014850933426920 1449014851033841254
1449014850983425209 1449014851373744023
1449014851033430861 1449014851373796559
1449014851083432055 1449014851373815228
1449014851133440764 1449014851373831692
1449014851183433376 1449014851373848173
1449014851233451700 1449014851373864874
1449014851283459790 1449014851373879557
1449014851333485480 1449014851473853451
1449014851383467975 1449014851473916009
1449014851433480063 1449014851523827644
1449014851483490107 1449014851563698575
1449014851533474173 1449014851633924332
1449014851583474919 1449014851663725102
1449014851633476537 1449014851713764245
1449014851683492642 1449014851763741859
1449014851733489666 1449014851813739715
1449014851783487804 1449014851863725665
1449014851833474141 1449014851913707381
1449014851883473287 1449014851963707981
1449014851933491660 1449014852013740653
1449014851983461519 1449014852063783217
1449014852033491238 1449014852113749813
1449014852083487611 1449014852163718717
1449014852133476250 1449014852213724545
1449014852183488503 1449014852263715092
1449014852233445329 1449014852313730217
1449014852283489591 1449014852363753802
1449014852333467749 1449014852413720585
1449014852383474509 1449014852463745366
1449014852433475810 1449014852513733573
1449014852483494013 1449014852563762992
1449014852533489842 1449014852613740168
1449014852583493932 1449014852663762309
1449014852633492029 1449014852713749147
1449014852683474357 1449014852763759088
1449014852733493255 1449014852813742709
1449014852783489210 1449014852863745067
1449014852833454449 1449014852913703529
1449014852883492570 1449014852963711275
1449014852933474330 1449014853013710763
1449014852983440632 1449014853063682633
1449014853033450472 1449014853113728842
1449014853083482129 1449014853163680624
1449014853133449620 1449014853213629000
1449014853183430569 1449014853263600583
1449014853233425129 1449014853313619142
1449014853283450259 1449014853363715869
1449014853333490184 1449014853413731914
1449014853383490396 1449014853463767867
1449014853433443791 1449014853513665362
1449014853483491267 1449014853563726415
1449014853533486748 1449014853613728127
1449014853583487518 1449014853663699133
1449014853633492611 1449014853713734087
1449014853683458281 1449014853763690533
1449014853733493238 1449014853813760663
1449014853783494058 1449014853863748086
1449014853833492639 1449014853913725446
1449014853883494618 1449014853963731324
1449014853933460269 1449014854013679999
1449014853983488915 1449014854063724407
1449014854033494282 1449014854113719020
1449014854083488634 1449014854163745912
1449014854133491358 1449014854213689165
1449014854183488820 1449014854263720402
1449014854233456605 1449014854313681694
1449014854283488976 1449014854363723133
1449014854333458602 1449014854413681443
1449014854383492230 1449014854463728056
1449014854433490484 1449014854513720210
1449014854483489790 1449014854563722426
1449014854533473558 1449014854923856648
1449014854583492065 1449014854923887098
1449014854633490700 1449014854923894981
1449014854683491175 1449014854923901274
1449014854733490037 1449014854923907221
1449014854783495755 1449014854923913746
1449014854833489151 1449014854923919913
1449014854883491381 1449014854963711586
1449014854933474297 1449014855013678619
1449014854983490575 1449014855063728574
1449014855033490420 1449014855113710948
1449014855083491320 1449014855163692882
1449014855133458958 1449014855213702836
1449014855183494476 1449014855263727964
1449014855233490405 1449014855313727354
1449014855283492551 1449014855363714045
1449014855333488847 1449014855413725132
1449014855383488448 1449014855463724408
1449014855433473890 1449014855513712098
1449014855483489202 1449014855563723663
1449014855533486200 1449014855613720984
1449014855583435863 1449014855663588833
1449014855633496359 1449014855713661887
1449014855683494343 1449014855763691661
1449014855733431702 1449014855813626823
1449014855783490914 1449014855863656800
1449014855833491016 1449014855913718089
1449014855883432860 1449014855963608425
1449014855933490611 1449014856013628698
1449014855983453956 1449014856063684506
1449014856033489037 1449014856423684551
1449014856083473707 1449014856423712687
1449014856133444199 1449014856423719400
1449014856183424002 1449014856423737388
1449014856233440773 1449014856423743302
1449014856283431100 1449014856423748740
1449014856333491651 1449014856423754081
1449014856383496379 1449014856463733307
1449014856433433317 1449014856513643145
1449014856483490983 1449014856563665078
1449014856533486304 1449014856613657822
1449014856583453324 1449014856663618116
1449014856633427627 1449014856713568896
1449014856683439634 1449014856763620207
1449014856733423546 1449014856813560835
1449014856783446697 1449014856863683396
1449014856833491878 1449014856913680344
1449014856883492364 1449014856963687029
1449014856933455308 1449014857013682894
1449014856983488050 1449014857063734430
1449014857033490142 1449014857113747061
1449014857083430811 1449014857163632393
1449014857133480246 1449014857213708369
1449014857183477638 1449014857263739480
1449014857233469732 1449014857313728474
1449014857283491055 1449014857363756101
1449014857333475507 1449014857413726896
1449014857383495501 1449014857463690067
1449014857433494627 1449014857513740102
1449014857483475237 1449014857563737026
1449014857533492354 1449014857613743492
1449014857583493962 1449014857663763856
1449014857633470484 1449014857713701132
1449014857683492746 1449014857763752360
1449014857733491344 1449014857813740748
