1449010223026166849
1449010223076213370
1449010223126161697
1449010223176173228
1449010223226204617
1449010223276165192
1449010223326159314
1449010223376138934
1449010223426195328
1449010223476204467
1449010223526159586
1449010223576199007
1449010223626203372
1449010223676205935
1449010223726160227
1449010223776198261
1449010223826203317
1449010223876200575
1449010223926205104
1449010223976164466
1449010224026198912
1449010224076164282
1449010224126156769
1449010224176137723
1449010224226195129
1449010224276171764
1449010224326146455
1449010224376167497
1449010224426140974
1449010224476201801
1449010224526206747
1449010224576172748
1449010224626200742
1449010224676187557
1449010224726181111
1449010224776165390
1449010224826141688
1449010224876206178
1449010224926202601
1449010224976191992
1449010225026203453
1449010225076204667
1449010225126165797
1449010225176186114
1449010225226167513
1449010225276169081
1449010225326183906
1449010225376202253
1449010225426200480
1449010225476205021
1449010225526208831
1449010225576201830
1449010225626204695
1449010225676202337
1449010225726201086
1449010225776199146
1449010225826205051
1449010225876204234
1449010225926201906
1449010225976201851
1449010226026142063
1449010226076204724
1449010226126187873
1449010226176164264
1449010226226205927
1449010226276205354
1449010226326206488
1449010226376201858
1449010226426141160
1449010226476195964
1449010226526162841
1449010226576196010
1449010226626208874
1449010226676206437
1449010226726209709
1449010226776206015
1449010226826209073
1449010226876188134
1449010226926208040
1449010226976202877
1449010227026205103
1449010227076194784
1449010227126158650
1449010227176185807
1449010227226207638
1449010227276158604
1449010227326145506
1449010227376200365
1449010227426139990
1449010227476144154
1449010227526205063
1449010227576205896
1449010227626204795
1449010227676199404
1449010227726204076
1449010227776202233
1449010227826204506
1449010227876200265
1449010227926149641
1449010227976133880
1449010228026166917
1449010228076201055
1449010228126201090
1449010228176184267
1449010228226201186
1449010228276205855
1449010228326204440
1449010228376201541
1449010228426147239
1449010228476200809
1449010228526203804
1449010228576204463
1449010228626203643
1449010228676202688
1449010228726206368
1449010228776201485
1449010228826205084
1449010228876202199
1449010228926164164
1449010228976201664
1449010229026202504
1449010229076156848
1449010229126179317
1449010229176173305
1449010229226154691
1449010229276204963
1449010229326204533
1449010229376202440
1449010229426170870
1449010229476214951
1449010229526147267
1449010229576196011
1449010229626204862
1449010229676190701
1449010229726170420
1449010229776141168
1449010229826137731
1449010229876205868
1449010229926164495
1449010229976163250
1449010230026203576
1449010230076188517
1449010230126174029
1449010230176162982
1449010230226199857
1449010230276155938
1449010230326164556
1449010230376201451
1449010230426140129
1449010230476156445
1449010230526198378
1449010230576206017
1449010230626204581
1449010230676206661
1449010230726206706
1449010230776198772
1449010230826205475
1449010230876204428
1449010230926207509
1449010230976189894
1449010231026146280
1449010231076139185
1449010231126143506
1449010231176185079
1449010231226194304
1449010231276152755
1449010231326152388
1449010231376199537
1449010231426204676
1449010231476205820
1449010231526203403
1449010231576171088
1449010231626146891
1449010231676198222
1449010231726207918
1449010231776168634
1449010231826171803
1449010231876203840
1449010231926171157
1449010231976198196
1449010232026157218
1449010232076166788
1449010232126173742
1449010232176153614
1449010232226135893
1449010232276173602
1449010232326194745
1449010232376193242
1449010232426187675
1449010232476166859
1449010232526139879
1449010232576221250
1449010232626174563
1449010232676190538
1449010232726189196
1449010232776176235
1449010232826151219
1449010232876158340
1449010232926186064
1449010232976146606
1449010233026157900
1449010233076146472
1449010233126138059
1449010233176139314
1449010233226143104
1449010233276185372
1449010233326141366
1449010233376164748
1449010233426142581
1449010233476185959
1449010233526190133
1449010233576145872
1449010233626133529
1449010233676160944
1449010233726142557
1449010233776139081
1449010233826178444
1449010233876143255
1449010233926204693
1449010233976200862
1449010234026171925
1449010234076172922
1449010234126141281
1449010234176127785
1449010234226163778
1449010234276164204
1449010234326139568
1449010234376190590
1449010234426164135
1449010234476175368
1449010234526179910
1449010234576158239
1449010234626160051
1449010234676197981
1449010234726167604
1449010234776137613
1449010234826153655
1449010234876184399
1449010234926122348
1449010234976135668
1449010235026163457
1449010235076164506
1449010235126144784
1449010235176134315
1449010235226151958
1449010235276131517
1449010235326153849
1449010235376137790
1449010235426161312
1449010235476206044
1449010235526188670
1449010235576193309
1449010235626188869
1449010235676155683
1449010235726138112
1449010235776161628
1449010235826167199
1449010235876162693
1449010235926182256
1449010235976196870
1449010236026163660
1449010236076148072
1449010236126131608
1449010236176154277
1449010236226216334
1449010236276133729
1449010236326187305
1449010236376203810
1449010236426203227
1449010236476204571
1449010236526188215
1449010236576193895
1449010236626165775
1449010236676157707
1449010236726163962
1449010236776147303
1449010236826135828
1449010236876167454
1449010236926204112
1449010236976160665
1449010237026135607
1449010237076201069
1449010237126200349
1449010237176198068
1449010237226157889
1449010237276205929
1449010237326141218
1449010237376199771
1449010237426202699
1449010237476201965
1449010237526171211
1449010237576196419
1449010237626203128
1449010237676203928
1449010237726194057
1449010237776150667
1449010237826189637
1449010237876149584
1449010237926171669
1449010237976201317
1449010238026141692
1449010238076191160
1449010238126180377
1449010238176200501
1449010238226183196
1449010238276175550
1449010238326206672
1449010238376150927
1449010238426148830
1449010238476203485
1449010238526206677
1449010238576202686
1449010238626164544
1449010238676205626
1449010238726205333
1449010238776203453
1449010238826208583
1449010238876205534
1449010238926204430
1449010238976202543
1449010239026174605
1449010239076185270
1449010239126203640
1449010239176188310
1449010239226203813
1449010239276170522
1449010239326144800
1449010239376205444
1449010239426205168
1449010239476163408
1449010239526205304
1449010239576206324
1449010239626141073
1449010239676162447
1449010239726196256
1449010239776200410
1449010239826139599
1449010239876146879
1449010239926156678
1449010239976141960
1449010240026199060
1449010240076315034
1449010240126150545
1449010240176148423
1449010240226137868
1449010240276203022
1449010240326141308
1449010240376176064
1449010240426183342
1449010240476144360
1449010240526163593
1449010240576168556
1449010240626200245
1449010240676203531
1449010240726172415
1449010240776200092
1449010240826202706
1449010240876147285
1449010240926207036
1449010240976201488
1449010241026139898
1449010241076165018
1449010241126159253
1449010241176137275
1449010241226143296
1449010241276163763
1449010241326169333
1449010241376179652
1449010241426154797
1449010241476152343
1449010241526162427
1449010241576154307
1449010241626169195
1449010241676168415
1449010241726185134
1449010241776190895
1449010241826134042
1449010241876175461
1449010241926139570
1449010241976162506
1449010242026157676
1449010242076196559
1449010242126172797
1449010242176177271
1449010242226150840
1449010242276164420
1449010242326157040
1449010242376146210
1449010242426168087
1449010242476189063
1449010242526153433
1449010242576155907
1449010242626141461
1449010242676143799
1449010242726153616
1449010242776154209
1449010242826170813
1449010242876162493
1449010242926174543
1449010242976166562
1449010243026191677
1449010243076198534
1449010243126203864
1449010243176200290
1449010243226169278
1449010243276198121
1449010243326143438
1449010243376131819
1449010243426201550
1449010243476143472
1449010243526143137
1449010243576141200
1449010243626194416
1449010243676147870
1449010243726179315
1449010243776207464
1449010243826208304
1449010243876189111
1449010243926201857
1449010243976184369
1449010244026190097
1449010244076196412
1449010244126156249
1449010244176181635
1449010244226201047
1449010244276176182
1449010244326181361
1449010244376183685
1449010244426198667
1449010244476205838
1449010244526191460
1449010244576178358
1449010244626199848
1449010244676168184
1449010244726202133
1449010244776175681
1449010244826144154
1449010244876191656
1449010244926211008
1449010244976199964
1449010245026205555
1449010245076197622
1449010245126153179
1449010245176205663
1449010245226161888
1449010245276154730
1449010245326166752
1449010245376169944
1449010245426175618
1449010245476176765
1449010245526187494
1449010245576160083
1449010245626173134
1449010245676174355
1449010245726168637
1449010245776193337
1449010245826200470
1449010245876201829
1449010245926146399
1449010245976149447
1449010246026206948
1449010246076144946
1449010246126144351
1449010246176197120
1449010246226169425
1449010246276167689
1449010246326157354
1449010246376157225
1449010246426147874
1449010246476143120
1449010246526144430
1449010246576195567
1449010246626142371
1449010246676132709
1449010246726151785
1449010246776207994
1449010246826208567
1449010246876170800
1449010246926130648
1449010246976126359
1449010247026136554
1449010247076189507
1449010247126164849
1449010247176202332
1449010247226205300
1449010247276199712
1449010247326199145
1449010247376198121
1449010247426197401
1449010247476211514
1449010247526177976
1449010247576170754
1449010247626148455
1449010247676158011
1449010247726193321
1449010247776174000
1449010247826185207
1449010247876186411
1449010247926180479
1449010247976184346
1449010248026192572
1449010248076173664
1449010248126140712
1449010248176140483
1449010248226141930
1449010248276138384
1449010248326134018
1449010248376143083
1449010248426172768
1449010248476145892
1449010248526163012
1449010248576176404
1449010248626147229
1449010248676176540
1449010248726156894
1449010248776145123
1449010248826150335
1449010248876150974
1449010248926150073
1449010248976153797
1449010249026141754
1449010249076182291
1449010249126165283
1449010249176201331
1449010249226201289
1449010249276202111
1449010249326173918
1449010249376201191
1449010249426184729
1449010249476154084
1449010249526157693
1449010249576189851
1449010249626138412
1449010249676139505
1449010249726139824
1449010249776140391
1449010249826139987
1449010249876140506
1449010249926140525
1449010249976138408
1449010250026136936
1449010250076127055
1449010250126134643
1449010250176133827
1449010250226139000
1449010250276130562
1449010250326134282
1449010250376132958
1449010250426135212
1449010250476128491
1449010250526132680
1449010250576136427
1449010250626138426
1449010250676248797
1449010250726152472
1449010250776130891
1449010250826130056
1449010250876131320
1449010250926131805
1449010250976133354
1449010251026142147
1449010251076141237
1449010251126142825
1449010251176143238
1449010251226140756
1449010251276139527
1449010251326155088
1449010251376137009
1449010251426143645
1449010251476132268
1449010251526152818
1449010251576147393
1449010251626158722
1449010251676140679
1449010251726157247
1449010251776142309
1449010251826136350
1449010251876143162
1449010251926130837
1449010251976132796
1449010252026145671
1449010252076139512
1449010252126156437
1449010252176143158
1449010252226189080
1449010252276141127
1449010252326142412
1449010252376141794
1449010252426144826
1449010252476136175
1449010252526133842
1449010252576153916
1449010252626188135
1449010252676194077
1449010252726191569
1449010252776195623
1449010252826192146
