1449014767507593525 1449014767587722443
1449014767557544044 1449014767637650787
1449014767607526840 1449014767687649041
1449014767657523305 1449014767737712223
1449014767707543400 1449014767787780623
1449014767757546087 1449014767837780507
1449014767807569054 1449014767887813053
1449014767857572740 1449014767937808484
1449014767907665826 1449014767987910887
1449014767957595695 1449014768037796689
1449014768007560857 1449014768087829589
1449014768057570126 1449014768137815715
1449014768107586391 1449014768187737331
1449014768157537374 1449014768237652947
1449014768207521041 1449014768287630616
1449014768257529850 1449014768337734687
1449014768307529436 1449014768387736843
1449014768357546267 1449014768437762396
1449014768407559662 1449014768487797874
1449014768457553837 1449014768537788234
1449014768507564162 1449014768587770331
1449014768557575626 1449014768637742615
1449014768607556908 1449014768687719277
1449014768657547615 1449014768737703207
1449014768707530820 1449014768787648415
1449014768757538433 1449014768837771163
1449014768807549874 1449014768887801841
1449014768857563653 1449014768937802360
1449014768907573163 1449014768987771996
1449014768957556787 1449014769037706590
1449014769007552990 1449014769087758885
1449014769057533149 1449014769137732019
1449014769107585489 1449014769187795330
1449014769157591327 1449014769237857276
1449014769207545046 1449014769287729788
1449014769257593973 1449014769337765678
1449014769307587152 1449014769387840842
1449014769357530949 1449014769437761821
1449014769407557003 1449014769487704890
1449014769457586959 1449014769537858924
1449014769507530508 1449014769587703567
1449014769557527017 1449014769637653494
1449014769607525707 1449014769687637775
1449014769657518943 1449014769737641637
1449014769707533749 1449014769787663526
1449014769757522450 1449014769837671718
1449014769807524563 1449014769887665411
1449014769857543245 1449014769937667399
1449014769907526631 1449014769987727765
1449014769957548685 1449014770037749790
1449014770007543959 1449014770087721832
1449014770057524512 1449014770137692687
1449014770107529576 1449014770187692548
1449014770157542741 1449014770237784157
1449014770207544062 1449014770287817610
1449014770257542369 1449014770337829124
1449014770307558694 1449014770387844557
1449014770357573639 1449014770437816228
1449014770407579554 1449014770487854369
1449014770457566319 1449014770537847819
1449014770507568167 1449014770587828961
1449014770557558393 1449014770637837852
1449014770607593548 1449014770687850770
1449014770657572739 1449014770737803420
1449014770707566830 1449014770787836092
1449014770757569567 1449014770837873391
1449014770807576605 1449014770887848967
1449014770857574645 1449014770937803178
1449014770907557280 1449014770987839529
1449014770957573351 1449014771037820584
1449014771007575087 1449014771087830521
1449014771057591726 1449014771137778566
1449014771107562207 1449014771187800790
1449014771157556843 1449014771237790334
1449014771207544105 1449014771287811079
1449014771257539205 1449014771337805073
1449014771307577767 1449014771387881511
1449014771357574130 1449014771437808621
1449014771407592744 1449014771487868344
1449014771457596835 1449014771537847836
1449014771507563420 1449014771587866011
1449014771557574453 1449014771637868605
1449014771607593798 1449014771687884566
1449014771657588524 1449014771737842338
1449014771707589859 1449014771787880346
1449014771757597868 1449014771837875162
1449014771807590439 1449014771887873767
1449014771857590858 1449014771937845027
1449014771907574620 1449014771987862678
1449014771957592762 1449014772037893005
1449014772007589723 1449014772087877952
1449014772057593146 1449014772137879627
1449014772107562638 1449014772187858754
1449014772157596589 1449014772237880204
1449014772207590761 1449014772287864584
1449014772257593221 1449014772337879799
1449014772307591164 1449014772387816738
1449014772357592225 1449014772437767317
1449014772407553452 1449014772487746076
1449014772457530078 1449014772537671686
1449014772507526791 1449014772587719717
1449014772557520137 1449014772637626090
1449014772607524865 1449014772687611091
1449014772657521560 1449014772737635947
1449014772707543200 1449014772787731236
1449014772757532734 1449014772837621253
1449014772807532272 1449014772887638896
1449014772857523323 1449014772937750636
1449014772907543041 1449014772987763801
1449014772957591569 1449014773037795148
1449014773007536006 1449014773087779031
1449014773057529523 1449014773137728027
1449014773107540868 1449014773187718789
1449014773157529457 1449014773237680652
1449014773207536648 1449014773287834348
1449014773257541501 1449014773337816620
1449014773307579254 1449014773387855269
1449014773357569066 1449014773437838552
1449014773407592163 1449014773487857122
1449014773457591018 1449014773537853813
1449014773507589563 1449014773587862764
1449014773557557034 1449014773637790371
1449014773607550173 1449014773687780716
1449014773657538555 1449014773737683360
1449014773707520736 1449014773787657187
1449014773757527252 1449014773837657628
1449014773807520409 1449014773887632096
1449014773857520165 1449014773937638333
1449014773907518552 1449014773987635075
1449014773957520380 1449014774037680981
1449014774007540953 1449014774087682719
1449014774057540657 1449014774137663251
1449014774107543307 1449014774187691989
1449014774157528420 1449014774237655321
1449014774207524487 1449014774287661659
1449014774257527749 1449014774337766149
1449014774307553723 1449014774387707694
1449014774357565157 1449014774437803807
1449014774407552536 1449014774487797417
1449014774457588289 1449014774537773607
1449014774507531030 1449014774587710389
1449014774557535026 1449014774637743345
1449014774607578096 1449014774687826328
1449014774657590870 1449014774737727546
1449014774707529649 1449014774787742427
1449014774757581635 1449014774837869202
1449014774807563341 1449014774887805342
1449014774857591503 1449014774937798608
1449014774907585344 1449014774987818769
1449014774957588813 1449014775037837476
1449014775007585724 1449014775087829856
1449014775057588281 1449014775137834772
1449014775107584731 1449014775187827307
1449014775157589457 1449014775237835015
1449014775207586749 1449014775287830924
1449014775257554844 1449014775337795993
1449014775307585766 1449014775387812522
1449014775357571986 1449014775437803299
1449014775407555082 1449014775487804897
1449014775457589635 1449014775537834599
1449014775507588835 1449014775587828690
1449014775557587339 1449014775637834502
1449014775607588824 1449014775687838141
1449014775657590469 1449014775737806544
1449014775707592351 1449014775787836630
1449014775757590589 1449014775837835696
1449014775807589955 1449014775887835013
1449014775857585226 1449014775937832301
1449014775907563956 1449014775987807804
1449014775957589298 1449014776037838134
1449014776007557123 1449014776087804288
1449014776057582989 1449014776137793302
1449014776107586826 1449014776187829615
1449014776157528760 1449014776237738086
1449014776207577802 1449014776287721606
1449014776257552095 1449014776337772075
1449014776307527749 1449014776387712398
1449014776357555201 1449014776437703095
1449014776407586794 1449014776487834922
1449014776457588690 1449014776537790853
1449014776507570677 1449014776587716299
1449014776557552243 1449014776637771212
1449014776607546381 1449014776687728616
1449014776657554979 1449014776737761653
1449014776707530517 1449014776787715402
1449014776757574078 1449014776837772954
1449014776807562730 1449014776887749011
1449014776857532386 1449014776937668804
1449014776907538247 1449014776987673850
1449014776957518146 1449014777037671473
1449014777007528504 1449014777087727658
1449014777057580043 1449014777137813304
1449014777107591804 1449014777187826642
1449014777157538434 1449014777237745312
1449014777207566269 1449014777287704115
1449014777257568529 1449014777337809970
1449014777307527560 1449014777387731699
1449014777357566737 1449014777437797529
1449014777407554915 1449014777487805078
1449014777457556433 1449014777537707828
1449014777507569949 1449014777587785459
1449014777557529496 1449014777637691143
1449014777607529187 1449014777687648374
1449014777657549545 1449014777737736081
1449014777707534597 1449014777787708904
1449014777757566054 1449014777837691774
1449014777807540570 1449014777887756652
1449014777857530681 1449014777937753590
1449014777907563785 1449014777987813530
1449014777957586765 1449014778037837947
1449014778007584799 1449014778087831808
1449014778057589457 1449014778137837298
1449014778107586211 1449014778187835976
1449014778157590586 1449014778237843912
1449014778207569897 1449014778287774757
1449014778257569939 1449014778337808097
1449014778307552200 1449014778387772745
1449014778357546702 1449014778437815530
1449014778407582675 1449014778487874124
1449014778457586852 1449014778537822181
1449014778507586683 1449014778587855104
1449014778557586337 1449014778637827493
1449014778607555362 1449014778687787426
1449014778657539768 1449014778737744718
1449014778707574304 1449014778787822853
1449014778757555482 1449014778837789098
1449014778807587029 1449014778887816113
1449014778857554292 1449014778937809704
1449014778907570170 1449014778987784187
1449014778957588078 1449014779037838204
1449014779007574462 1449014779087816660
1449014779057571995 1449014779137800481
1449014779107557967 1449014779187815861
1449014779157571309 1449014779237723997
1449014779207572874 1449014779287834947
1449014779257589730 1449014779337868127
1449014779307548749 1449014779387784305
1449014779357585517 1449014779437823234
1449014779407576534 1449014779487818652
1449014779457574798 1449014779537816405
1449014779507573931 1449014779587819136
1449014779557564548 1449014779637790736
1449014779607542613 1449014779687781049
1449014779657548621 1449014779737802980
1449014779707589004 1449014779787844722
1449014779757579504 1449014779837830060
1449014779807585609 1449014779887862722
1449014779857571081 1449014779937840390
1449014779907572241 1449014779987846124
1449014779957587290 1449014780037754502
1449014780007584846 1449014780087841553
1449014780057588248 1449014780137888695
1449014780107583676 1449014780187761896
1449014780157574570 1449014780237742347
1449014780207549675 1449014780287713862
1449014780257546337 1449014780337737507
1449014780307520257 1449014780387756295
1449014780357545723 1449014780437685307
1449014780407543149 1449014780487704804
1449014780457533772 1449014780537770539
1449014780507537512 1449014780587768070
1449014780557520983 1449014780637742503
1449014780607559000 1449014780687837493
1449014780657540332 1449014780737757256
1449014780707569857 1449014780787811146
1449014780757553111 1449014780837760960
1449014780807590143 1449014780887816150
1449014780857558185 1449014780937829679
1449014780907586280 1449014780987829530
1449014780957589121 1449014781037862058
1449014781007555580 1449014781087822570
1449014781057590199 1449014781137864577
1449014781107590889 1449014781187818617
1449014781157589671 1449014781237865127
1449014781207585857 1449014781287814701
1449014781257590512 1449014781337863329
1449014781307571036 1449014781387871329
1449014781357589910 1449014781437888853
1449014781407588234 1449014781487878715
1449014781457590631 1449014781537890499
1449014781507586546 1449014781587892459
1449014781557574100 1449014781637885741
1449014781607587832 1449014781687851709
1449014781657556415 1449014781737807109
1449014781707571982 1449014781787835682
1449014781757554965 1449014781837825821
1449014781807586795 1449014781887854400
1449014781857588453 1449014781937866723
1449014781907587072 1449014781987858192
1449014781957586655 1449014782037861504
1449014782007587836 1449014782087836525
1449014782057570792 1449014782137848677
1449014782107541838 1449014782187785522
1449014782157578011 1449014782237835016
1449014782207625049 1449014782287869452
1449014782257556756 1449014782337802752
1449014782307553182 1449014782387797866
1449014782357549204 1449014782437714739
1449014782407570347 1449014782487758776
1449014782457548242 1449014782537725141
1449014782507532621 1449014782587670929
1449014782557534782 1449014782637652618
1449014782607521811 1449014782687684827
1449014782657537476 1449014782737746950
1449014782707541349 1449014782787738228
1449014782757580526 1449014782837768444
1449014782807540106 1449014782887793295
1449014782857577776 1449014782937808150
1449014782907578034 1449014782987810761
1449014782957587594 1449014783037822342
1449014783007563484 1449014783087789920
1449014783057563035 1449014783137813377
1449014783107571538 1449014783187811064
1449014783157585702 1449014783237798172
1449014783207587170 1449014783287817972
1449014783257527621 1449014783337713944
1449014783307563095 1449014783387704684
1449014783357527263 1449014783437750259
1449014783407530795 1449014783487742790
1449014783457563977 1449014783537710013
1449014783507538789 1449014783587646829
1449014783557524918 1449014783637644059
1449014783607527552 1449014783687678109
1449014783657528027 1449014783737642564
1449014783707530496 1449014783787671932
1449014783757521932 1449014783837653412
1449014783807536076 1449014783887742383
1449014783857518381 1449014783937674377
1449014783907524411 1449014783987785564
1449014783957564088 1449014784037690036
1449014784007597441 1449014784087785882
1449014784057557639 1449014784137752530
1449014784107571675 1449014784187798549
1449014784157581816 1449014784237810714
1449014784207562935 1449014784287768126
1449014784257578348 1449014784337795793
1449014784307590425 1449014784387698950
1449014784357580121 1449014784437794854
1449014784407570925 1449014784487815505
1449014784457584688 1449014784537867942
1449014784507572465 1449014784587806942
1449014784557549471 1449014784637777085
1449014784607564062 1449014784687788239
1449014784657568807 1449014784737800935
1449014784707586154 1449014784787832421
1449014784757561921 1449014784837808011
1449014784807585916 1449014784887830376
1449014784857549726 1449014784937792054
1449014784907583911 1449014784987781899
1449014784957585864 1449014785037780136
1449014785007536406 1449014785087648257
1449014785057525097 1449014785137635174
1449014785107525737 1449014785187680622
1449014785157524317 1449014785237646077
1449014785207519483 1449014785287705938
1449014785257540987 1449014785337743244
1449014785307541026 1449014785387678447
1449014785357567125 1449014785437754983
1449014785407526935 1449014785487641691
1449014785457521772 1449014785537772141
1449014785507520357 1449014785587734387
1449014785557579452 1449014785637747986
1449014785607556444 1449014785687721521
1449014785657525992 1449014785737641972
1449014785707528604 1449014785787690704
1449014785757535939 1449014785837673265
1449014785807531201 1449014785887654502
1449014785857543327 1449014785937709176
1449014785907565627 1449014785987708095
1449014785957545312 1449014786037758805
1449014786007543242 1449014786087712172
1449014786057519871 1449014786137657381
1449014786107531134 1449014786187673398
1449014786157539347 1449014786237691526
1449014786207523856 1449014786287649855
1449014786257525495 1449014786337653591
1449014786307526248 1449014786387757576
1449014786357526343 1449014786437701486
1449014786407522362 1449014786487703067
1449014786457518360 1449014786537694663
1449014786507549055 1449014786587759598
1449014786557524740 1449014786637716418
1449014786607551811 1449014786687833712
1449014786657537945 1449014786737742733
1449014786707527540 1449014786787755814
1449014786757517902 1449014786837718678
1449014786807575002 1449014786887850612
1449014786857619778 1449014786937877875
1449014786907575332 1449014786987831191
1449014786957571715 1449014787037762102
1449014787007548063 1449014787087711201
1449014787057546430 1449014787137710738
1449014787107545901 1449014787187717825
1449014787157523313 1449014787237646427
1449014787207517161 1449014787287685695
1449014787257568275 1449014787337733702
1449014787307546768 1449014787387796302
1449014787357541477 1449014787437821290
1449014787407540660 1449014787487747137
1449014787457538319 1449014787537792204
1449014787507556692 1449014787587788523
1449014787557541075 1449014787637790092
1449014787607573797 1449014787687808942
1449014787657535635 1449014787737800474
1449014787707577936 1449014787787866662
1449014787757551668 1449014787837763911
1449014787807569606 1449014787887825208
1449014787857542175 1449014787937776372
1449014787907559129 1449014787987802165
1449014787957550430 1449014788037817260
1449014788007582741 1449014788087853948
1449014788057554218 1449014788137830777
1449014788107589433 1449014788187834133
1449014788157586985 1449014788237866952
1449014788207566567 1449014788287851107
1449014788257589086 1449014788337779543
1449014788307548358 1449014788387701979
1449014788357542062 1449014788437660513
1449014788407565780 1449014788487784679
1449014788457566433 1449014788537813028
1449014788507581838 1449014788587827929
1449014788557566072 1449014788637797495
1449014788607589446 1449014788687824782
1449014788657539324 1449014788737819959
1449014788707607164 1449014788787835499
1449014788757591906 1449014788837793391
1449014788807558845 1449014788887752236
1449014788857537325 1449014788937707596
1449014788907576331 1449014788987735587
1449014788957587327 1449014789037797309
1449014789007544087 1449014789087787869
1449014789057538312 1449014789137786950
1449014789107547384 1449014789187796112
1449014789157569302 1449014789237815542
1449014789207586839 1449014789287776936
1449014789257586286 1449014789337756983
1449014789307522816 1449014789387685772
1449014789357517976 1449014789437662480
1449014789407521487 1449014789487760290
1449014789457564235 1449014789537837670
1449014789507588234 1449014789587858469
1449014789557587975 1449014789637859128
1449014789607589022 1449014789687838356
1449014789657553770 1449014789737791417
1449014789707604874 1449014789787825426
1449014789757546519 1449014789837744377
1449014789807534467 1449014789887718449
1449014789857513250 1449014789937679903
1449014789907527427 1449014789987722845
1449014789957535687 1449014790037743427
1449014790007538129 1449014790087732503
1449014790057551385 1449014790137765924
1449014790107531010 1449014790187730274
1449014790157573917 1449014790237773153
1449014790207542586 1449014790287736477
1449014790257542056 1449014790337731698
1449014790307538596 1449014790387722899
1449014790357537565 1449014790437727515
1449014790407536521 1449014790487711155
1449014790457538527 1449014790537784750
1449014790507539049 1449014790587754871
1449014790557557058 1449014790637816441
1449014790607572053 1449014790687827361
1449014790657585592 1449014790737865833
1449014790707566617 1449014790787813268
1449014790757555400 1449014790837751439
1449014790807570465 1449014790887825278
1449014790857573243 1449014790937823365
1449014790907570488 1449014790987748266
1449014790957579005 1449014791037737565
1449014791007531943 1449014791087657231
1449014791057517257 1449014791137643651
1449014791107515028 1449014791187726225
1449014791157520262 1449014791237750388
1449014791207567309 1449014791287803717
1449014791257592534 1449014791337852181
1449014791307569911 1449014791387819565
1449014791357578334 1449014791437812240
1449014791407568968 1449014791487818529
1449014791457576012 1449014791537832669
1449014791507591872 1449014791587872270
1449014791557569486 1449014791637820210
1449014791607595015 1449014791687776332
1449014791657540312 1449014791737683897
1449014791707538179 1449014791787733982
1449014791757532370 1449014791837738323
1449014791807584564 1449014791887856429
1449014791857567754 1449014791937816135
1449014791907577891 1449014791987832868
1449014791957593652 1449014792037875710
1449014792007575111 1449014792087830282
1449014792057593494 1449014792137865119
1449014792107589931 1449014792187770109
1449014792157572683 1449014792237783129
1449014792207541457 1449014792287722781
1449014792257541624 1449014792337709405
1449014792307530480 1449014792387722116
1449014792357524172 1449014792437654206
1449014792407522175 1449014792487643931
1449014792457521316 1449014792537704883
1449014792507521122 1449014792587719196
1449014792557523198 1449014792637743717
1449014792607560587 1449014792687823667
1449014792657536098 1449014792737753111
1449014792707582470 1449014792787813833
1449014792757588956 1449014792837905011
1449014792807591155 1449014792887820548
1449014792857569518 1449014792937842218
1449014792907573415 1449014792987808927
1449014792957588243 1449014793037758992
1449014793007535665 1449014793087660402
1449014793057544363 1449014793137725526
1449014793107537170 1449014793187683221
1449014793157521215 1449014793237758015
1449014793207539776 1449014793287749193
1449014793257588134 1449014793337766621
1449014793307551262 1449014793387724515
1449014793357547022 1449014793437665408
1449014793407525882 1449014793487667831
1449014793457535672 1449014793537694873
1449014793507529538 1449014793587714823
1449014793557524737 1449014793637799403
1449014793607552439 1449014793687798435
1449014793657585626 1449014793737872274
1449014793707549498 1449014793787786762
1449014793757580861 1449014793837845877
1449014793807570118 1449014793887837887
1449014793857568536 1449014793937762060
1449014793907577988 1449014793987742522
1449014793957573276 1449014794037711815
1449014794007532109 1449014794087693411
1449014794057543127 1449014794137716559
1449014794107551490 1449014794187723335
1449014794157544863 1449014794237749890
1449014794207563443 1449014794287813315
1449014794257570758 1449014794337831598
1449014794307584788 1449014794387857064
1449014794357574165 1449014794437827672
1449014794407584379 1449014794487846309
1449014794457565034 1449014794537800008
1449014794507568269 1449014794587833258
1449014794557542806 1449014794637805731
1449014794607552215 1449014794687782402
1449014794657573201 1449014794737835369
1449014794707554079 1449014794787766526
1449014794757572579 1449014794837842763
1449014794807592031 1449014794887841649
1449014794857590275 1449014794937865457
1449014794907589922 1449014794987762938
1449014794957562588 1449014795037728056
1449014795007537135 1449014795087725451
1449014795057546157 1449014795137717481
1449014795107556851 1449014795187685211
1449014795157523984 1449014795237641130
1449014795207527448 1449014795287659380
1449014795257519291 1449014795337686335
1449014795307514230 1449014795387609653
1449014795357525476 1449014795437658250
1449014795407543838 1449014795487707142
1449014795457524746 1449014795539987787
1449014795507545305 1449014795587667109
1449014795557541539 1449014795637672824
1449014795607527390 1449014795687716764
1449014795657567855 1449014795737733451
1449014795707535844 1449014795787730609
1449014795757527176 1449014795837683375
1449014795807556143 1449014795887728756
1449014795857527845 1449014795937736829
1449014795907522970 1449014795987775231
1449014795957585744 1449014796037761727
1449014796007575105 1449014796087792770
1449014796057537863 1449014796137693740
1449014796107544715 1449014796187803657
1449014796157562617 1449014796237750939
1449014796207588908 1449014796287815570
1449014796257551775 1449014796337773179
1449014796307567198 1449014796387824791
1449014796357560832 1449014796437721697
1449014796407586959 1449014796487815716
1449014796457551212 1449014796537799634
1449014796507546707 1449014796587757230
1449014796557550183 1449014796637731553
1449014796607525856 1449014796687698459
1449014796657543497 1449014796737778495
1449014796707575832 1449014796787850369
1449014796757549857 1449014796837730085
1449014796807585884 1449014796887795401
1449014796857554711 1449014796937783853
1449014796907577033 1449014796987805476
1449014796957554717 1449014797037683541
1449014797007565074 1449014797087755736
1449014797057545816 1449014797137683850
1449014797107555132 1449014797187740491
1449014797157550596 1449014797237716551
1449014797207525754 1449014797287625561
1449014797257579444 1449014797337788941
