1449014948876876382
1449014948926888631
1449014948976835101
1449014949026869230
1449014949076842861
1449014949126874511
1449014949176865091
1449014949226873635
1449014949276822013
1449014949326874937
1449014949376867114
1449014949426879186
1449014949476843450
1449014949526877308
1449014949576834599
1449014949626869526
1449014949676852703
1449014949726872349
1449014949776834080
1449014949826814220
1449014949876866907
1449014949926873767
1449014949976877206
1449014950026830164
1449014950076852804
1449014950126837918
1449014950176878398
1449014950226830484
1449014950276846291
1449014950326877817
1449014950377018574
1449014950426845259
1449014950476886194
1449014950526825997
1449014950576825896
1449014950626868534
1449014950676845851
1449014950726879148
1449014950776832410
1449014950826827824
1449014950876871668
1449014950926873921
1449014950976877942
1449014951026833479
1449014951076872709
1449014951126859527
1449014951176858416
1449014951226871978
1449014951276876129
1449014951326832130
1449014951376869029
1449014951426876818
1449014951476876091
1449014951526832640
1449014951576824817
1449014951626849364
1449014951676857457
1449014951726874948
1449014951776832844
1449014951826825054
1449014951876868150
1449014951926875882
1449014951976875379
1449014952026872056
1449014952076876424
1449014952126873068
1449014952176829938
1449014952226820391
1449014952276875788
1449014952326874821
1449014952376831667
1449014952426824065
1449014952476868200
1449014952526836609
1449014952576876735
1449014952626824633
1449014952676859966
1449014952726872753
1449014952776845927
1449014952826872599
1449014952876876218
1449014952926861891
1449014952976880123
1449014953026881601
1449014953076875452
1449014953126871939
1449014953176870463
1449014953226826004
1449014953276876015
1449014953326869422
1449014953376831370
1449014953426823477
1449014953476868664
1449014953526872798
1449014953576831442
1449014953626876579
1449014953676865967
1449014953726857275
1449014953776831935
1449014953826821777
1449014953876869032
1449014953926872441
1449014953976876371
1449014954026873576
1449014954076875843
1449014954126828945
1449014954176825852
1449014954226866031
1449014954276858225
1449014954326858447
1449014954376833839
1449014954426813448
1449014954476868948
1449014954526828361
1449014954576873511
1449014954626876005
1449014954676858266
1449014954726829549
1449014954776873012
1449014954826830794
1449014954876867679
1449014954926830259
1449014954976824845
1449014955026822644
1449014955076871597
1449014955126871575
1449014955176844191
1449014955226849577
1449014955276881648
1449014955326862085
1449014955376817562
1449014955426871061
1449014955476882632
1449014955526881154
1449014955576819415
1449014955626874050
1449014955676862305
1449014955726877223
1449014955776818361
1449014955826805286
1449014955876871170
1449014955926877874
1449014955976881540
1449014956026816039
1449014956076871226
1449014956126880351
1449014956176880039
1449014956226878797
1449014956276880379
1449014956326849747
1449014956376816329
1449014956426804260
1449014956476868891
1449014956526890174
1449014956576881746
1449014956626877902
1449014956676862716
1449014956726877003
1449014956776880532
1449014956826878262
1449014956876881571
1449014956926880319
1449014956976881416
1449014957026817209
1449014957076835388
1449014957126879349
1449014957176882875
1449014957226876311
1449014957276842396
1449014957326846811
1449014957376849692
1449014957426844575
1449014957476884751
1449014957526872411
1449014957576883263
1449014957626847163
1449014957676869658
1449014957726875947
1449014957776832921
1449014957826872826
1449014957876875049
1449014957926842216
1449014957976841052
1449014958026876299
1449014958076876982
1449014958126841059
1449014958176842981
1449014958226852220
1449014958276873633
1449014958326844703
1449014958376855722
1449014958426846032
1449014958476839886
1449014958526839362
1449014958576845080
1449014958626836956
1449014958676835648
1449014958726873325
1449014958776829116
1449014958826828519
1449014958876877435
1449014958926877690
1449014958976877424
1449014959026832564
1449014959076878860
1449014959126878888
1449014959176837188
1449014959226873629
1449014959276840241
1449014959326869238
1449014959376871645
1449014959426830139
1449014959476843337
1449014959526886666
1449014959576838823
1449014959626840488
1449014959676837335
1449014959726841306
1449014959776848971
1449014959826845130
1449014959876839435
1449014959926842153
1449014959976839832
1449014960026875675
1449014960076874336
1449014960126856551
1449014960176875114
1449014960226873893
1449014960276843275
1449014960326826678
1449014960376858225
1449014960426846045
1449014960476840531
1449014960526840859
1449014960576815593
1449014960626867743
1449014960676859896
1449014960726883969
1449014960776856191
1449014960826879101
1449014960876877131
1449014960926843265
1449014960976879065
1449014961026843699
1449014961076844425
1449014961126843976
1449014961176842323
1449014961226875246
1449014961276843395
1449014961326842458
1449014961376843177
1449014961426877526
1449014961476843167
1449014961526844337
1449014961576879191
1449014961626843184
1449014961676841862
1449014961726842445
1449014961776841360
1449014961826840233
1449014961876841113
1449014961926844809
1449014961976843995
1449014962026842754
1449014962076852878
1449014962126843020
1449014962176859172
1449014962226856490
1449014962276830823
1449014962326839424
1449014962376840772
1449014962426843630
1449014962476869817
1449014962526842597
1449014962576841081
1449014962626875043
1449014962676857297
1449014962726871544
1449014962776875608
1449014962826833728
1449014962876839486
1449014962926877911
1449014962976839849
1449014963026878037
1449014963076837724
1449014963126813154
1449014963176844669
1449014963226822496
1449014963276841623
1449014963326825847
1449014963376857583
1449014963426831993
1449014963476873850
1449014963526841972
1449014963576862814
1449014963626842954
1449014963676858771
1449014963726843882
1449014963776843014
1449014963826841255
1449014963876833753
1449014963926830423
1449014963976869182
1449014964026827913
1449014964076883267
1449014964126869764
1449014964176876514
1449014964226842154
1449014964276827579
1449014964326841736
1449014964376841233
1449014964426841555
1449014964476844035
1449014964526843332
1449014964576865457
1449014964626876583
1449014964676834539
1449014964726832419
1449014964776847180
1449014964826880127
1449014964876874091
1449014964926878359
1449014964976880842
1449014965026878468
1449014965076879772
1449014965126878280
1449014965176879007
1449014965226877478
1449014965276844538
1449014965326879856
1449014965376879667
1449014965426876097
1449014965476885703
1449014965526880359
1449014965576876959
1449014965626878514
1449014965676853034
1449014965726879700
1449014965776885113
1449014965826872690
1449014965876877215
1449014965926858995
1449014965976877896
1449014966026875244
1449014966076878182
1449014966126875788
1449014966176873444
1449014966226853721
1449014966276878398
1449014966326846393
1449014966376876055
1449014966426877006
1449014966476877171
1449014966526877546
1449014966576840373
1449014966626875751
1449014966676857541
1449014966726873335
1449014966776867400
1449014966826877370
1449014966876880546
1449014966926873093
1449014966976838282
1449014967026876243
1449014967076875870
1449014967126858011
1449014967176857575
1449014967226846157
1449014967276878298
1449014967326874223
1449014967376875862
1449014967426875673
1449014967476877782
1449014967526874429
1449014967576877374
1449014967626839705
1449014967676850161
1449014967726873506
1449014967776844444
1449014967826875292
1449014967876846077
1449014967926872028
1449014967976874979
1449014968026871837
1449014968076875910
1449014968126828317
1449014968176878803
1449014968226874735
1449014968276861730
1449014968326877147
1449014968376840418
1449014968426875212
1449014968476875584
1449014968526878398
1449014968576882616
1449014968626882607
1449014968676861350
1449014968726875701
1449014968776882147
1449014968826848565
1449014968876878060
1449014968926878476
1449014968976880796
1449014969026876905
1449014969076864588
1449014969126848500
1449014969176861845
1449014969226870800
1449014969276890008
1449014969326869783
1449014969376836593
1449014969426822950
1449014969476883799
1449014969526881415
1449014969576881657
1449014969626880823
1449014969676862342
1449014969726877535
1449014969776879975
1449014969826819850
1449014969876863203
1449014969926877507
1449014969976817062
1449014970026849910
1449014970076854332
1449014970126851647
1449014970176819636
1449014970226827732
1449014970276874012
1449014970326881376
1449014970376814178
1449014970426830370
1449014970476881026
1449014970526816368
1449014970576869984
1449014970626816132
1449014970676818058
1449014970726865745
1449014970776878031
1449014970826877464
1449014970876878909
1449014970926813669
1449014970976873299
1449014971026876718
1449014971076815014
1449014971126815571
1449014971176808584
1449014971226829737
1449014971276870116
1449014971326841018
1449014971376820925
1449014971426822967
1449014971476816662
1449014971526878719
1449014971576864411
1449014971626816728
1449014971676837520
1449014971726846281
1449014971776812880
1449014971826823816
1449014971876857861
1449014971926887282
1449014971976838974
1449014972026846847
1449014972076882866
1449014972126891230
1449014972176880551
1449014972226837331
1449014972276878215
1449014972326875974
1449014972376858706
1449014972426843142
1449014972476875791
1449014972526876073
1449014972576863158
1449014972626878996
1449014972676808270
1449014972726817325
1449014972776837990
1449014972826834924
1449014972876859742
1449014972926872883
1449014972976842375
1449014973026841304
1449014973076842338
1449014973126866531
1449014973176858517
1449014973226844450
1449014973276841144
1449014973326840688
1449014973376845767
1449014973426838976
1449014973476833054
1449014973526857260
1449014973576854876
1449014973626858526
1449014973676830113
1449014973726841216
1449014973776841321
1449014973826829105
1449014973876842283
1449014973926839711
1449014973976839502
1449014974026840232
1449014974076843628
1449014974126860354
1449014974176841272
1449014974226838600
1449014974276854808
1449014974326856681
1449014974376827967
1449014974426856226
1449014974476845930
1449014974526852296
1449014974576839896
1449014974626849212
1449014974676821099
1449014974726851459
1449014974776876193
1449014974826866917
1449014974876845834
1449014974926873371
1449014974976852128
1449014975026859178
1449014975076859641
1449014975126857063
1449014975176885485
1449014975226831655
1449014975276840870
1449014975326827020
1449014975376859729
1449014975426839665
1449014975476867502
1449014975526864958
1449014975576837591
1449014975626830593
1449014975676854211
1449014975726857356
1449014975776841238
1449014975826856049
1449014975876838591
1449014975926831951
1449014975976838106
1449014976026873427
1449014976076828049
1449014976126867787
1449014976176861474
1449014976226858539
1449014976276851564
1449014976326875821
1449014976376876901
1449014976426868881
1449014976476853217
1449014976526882030
1449014976576815043
1449014976626854824
1449014976676839063
1449014976726873670
1449014976776871426
1449014976826839579
1449014976876880155
1449014976926868166
1449014976976846188
1449014977026854959
1449014977076848128
1449014977126850692
1449014977176853707
1449014977226846010
1449014977276844879
1449014977326835904
1449014977376849887
1449014977426844853
1449014977476839486
1449014977526840763
1449014977576882690
1449014977626873356
1449014977676845044
1449014977726835891
1449014977776875138
1449014977826872159
1449014977876816838
1449014977926818965
1449014977976830442
1449014978026812630
1449014978076861979
1449014978126827483
1449014978176814526
1449014978226865692
1449014978276824834
1449014978326876643
1449014978376877850
1449014978426822211
1449014978476881755
1449014978526876548
1449014978576814017
1449014978626876651
1449014978676838947
1449014978726813721
