1449014948926888631 1449014949007159327
1449014948976835101 1449014949057069565
1449014949026869230 1449014949107121427
1449014949076842861 1449014949157064756
1449014949126874511 1449014949207142166
1449014949176865091 1449014949257144119
1449014949226873635 1449014949307145293
1449014949276822013 1449014949357090557
1449014949326874937 1449014949407144173
1449014949376867114 1449014949457138665
1449014949426879186 1449014949507133645
1449014949476843450 1449014949557066625
1449014949526877308 1449014949607144923
1449014949576834599 1449014949657093365
1449014949676852703 1449014949757075727
1449014949726872349 1449014949807070116
1449014949776834080 1449014949856995274
1449014949876866907 1449014949957136283
1449014949926873767 1449014950007094319
1449014949976877206 1449014950057149068
1449014950076852804 1449014950157134391
1449014950126837918 1449014950207048371
1449014950176878398 1449014950257146815
1449014950226830484 1449014950307078618
1449014950276846291 1449014950357082489
1449014950326877817 1449014950407155352
1449014950377018574 1449014950457290580
1449014950426845259 1449014950507112477
1449014950476886194 1449014950557106645
1449014950526825997 1449014950607071975
1449014950576825896 1449014950657073844
1449014950626868534 1449014950707140653
1449014950676845851 1449014950757068237
1449014950726879148 1449014950807080813
1449014950776832410 1449014950857078677
1449014950826827824 1449014950907065014
1449014950876871668 1449014950957142207
1449014950926873921 1449014951007093204
1449014950976877942 1449014951057118709
1449014951026833479 1449014951107078349
1449014951076872709 1449014951157096011
1449014951126859527 1449014951207130437
1449014951176858416 1449014951257147537
1449014951226871978 1449014951307102185
1449014951276876129 1449014951357148188
1449014951326832130 1449014951407078087
1449014951376869029 1449014951457143590
1449014951426876818 1449014951507069333
1449014951476876091 1449014951557041859
1449014951526832640 1449014951607080815
1449014951576824817 1449014951657069243
1449014951626849364 1449014951707123895
1449014951676857457 1449014951757045435
1449014951726874948 1449014951807031689
1449014951776832844 1449014951857086134
1449014951826825054 1449014951907066517
1449014951876868150 1449014951957153035
1449014951976875379 1449014952057149255
1449014952026872056 1449014952107146601
1449014952076876424 1449014952157063841
1449014952126873068 1449014952207028836
1449014952176829938 1449014952257043558
1449014952226820391 1449014952307096563
1449014952276875788 1449014952357062590
1449014952326874821 1449014952407032841
1449014952376831667 1449014952457092370
1449014952426824065 1449014952507066025
1449014952476868200 1449014952557136116
1449014952526836609 1449014952607117882
1449014952576876735 1449014952657165276
1449014952626824633 1449014952707084605
1449014952676859966 1449014952757149571
1449014952726872753 1449014952807154821
1449014952776845927 1449014952857257058
1449014952826872599 1449014952907145282
1449014952876876218 1449014952957180995
1449014952926861891 1449014953007134153
1449014952976880123 1449014953057153946
1449014953026881601 1449014953107151408
1449014953076875452 1449014953157148744
1449014953126871939 1449014953207125970
1449014953226826004 1449014953307092948
1449014953276876015 1449014953357065016
1449014953326869422 1449014953407026436
1449014953376831370 1449014953457079615
1449014953476868664 1449014953557140045
1449014953576831442 1449014953657114095
1449014953626876579 1449014953707161627
1449014953676865967 1449014953757051085
1449014953726857275 1449014953807021269
1449014953776831935 1449014953857081764
1449014953826821777 1449014953907040077
1449014953876869032 1449014953957141903
1449014953926872441 1449014954007143892
1449014953976876371 1449014954057144859
1449014954026873576 1449014954107048876
1449014954076875843 1449014954157033994
1449014954126828945 1449014954207059570
1449014954226866031 1449014954307086483
1449014954276858225 1449014954357044663
1449014954326858447 1449014954407004400
1449014954376833839 1449014954457074854
1449014954426813448 1449014954507054439
1449014954476868948 1449014954557147261
1449014954526828361 1449014954607069650
1449014954576873511 1449014954657128094
1449014954626876005 1449014954707063485
1449014954676858266 1449014954757131621
1449014954726829549 1449014954806960073
1449014954776873012 1449014954857121955
1449014954826830794 1449014954906992289
1449014954876867679 1449014954957026759
1449014954926830259 1449014955006960757
1449014954976824845 1449014955057067149
1449014955026822644 1449014955107063185
1449014955076871597 1449014955157142379
1449014955126871575 1449014955207137920
1449014955176844191 1449014955257111639
1449014955276881648 1449014955357066192
1449014955326862085 1449014955407086182
1449014955376817562 1449014955457067738
1449014955426871061 1449014955507103126
1449014955476882632 1449014955557104725
1449014955526881154 1449014955607155685
1449014955576819415 1449014955657072939
1449014955626874050 1449014955707145164
1449014955676862305 1449014955757082770
1449014955726877223 1449014955807078923
1449014955776818361 1449014955857069670
1449014955826805286 1449014955907073496
1449014955876871170 1449014955957146216
1449014955926877874 1449014956007099826
1449014955976881540 1449014956057155376
1449014956026816039 1449014956107061308
1449014956076871226 1449014956157109254
1449014956176880039 1449014956257154687
1449014956226878797 1449014956307152119
1449014956276880379 1449014956357104348
1449014956426804260 1449014956507007961
1449014956476868891 1449014956557031707
1449014956526890174 1449014956607193404
1449014956576881746 1449014956657156331
1449014956626877902 1449014956707151060
1449014956676862716 1449014956757140311
1449014956726877003 1449014956807134789
1449014956776880532 1449014956857164608
1449014956826878262 1449014956907146479
1449014956876881571 1449014956957155180
1449014956926880319 1449014957007108382
1449014956976881416 1449014957057156652
1449014957026817209 1449014957107068646
1449014957076835388 1449014957157086055
1449014957126879349 1449014957207110057
1449014957176882875 1449014957257149966
1449014957226876311 1449014957307109362
1449014957276842396 1449014957356998918
1449014957326846811 1449014957407064272
1449014957376849692 1449014957457071757
1449014957426844575 1449014957507112274
1449014957476884751 1449014957557160431
1449014957576883263 1449014957657111352
1449014957626847163 1449014957707092337
1449014957676869658 1449014957757085794
1449014957726875947 1449014957807150625
1449014957776832921 1449014957857178817
1449014957826872826 1449014957907076330
1449014957876875049 1449014957957092925
1449014957926842216 1449014958007075397
1449014958026876299 1449014958107091316
1449014958076876982 1449014958157094180
1449014958126841059 1449014958207067000
1449014958176842981 1449014958257063640
1449014958276873633 1449014958357097049
1449014958326844703 1449014958407074024
1449014958376855722 1449014958457081813
1449014958426846032 1449014958507094704
1449014958476839886 1449014958557055126
1449014958526839362 1449014958607086752
1449014958576845080 1449014958657080476
1449014958676835648 1449014958757052518
1449014958726873325 1449014958807089674
1449014958776829116 1449014958857038453
1449014958826828519 1449014958907085848
1449014958876877435 1449014958957116519
1449014958926877690 1449014959007103701
1449014959026832564 1449014959107061231
1449014959076878860 1449014959157101009
1449014959126878888 1449014959207117979
1449014959176837188 1449014959257056875
1449014959226873629 1449014959307128565
1449014959276840241 1449014959357060910
1449014959326869238 1449014959407097738
1449014959376871645 1449014959457094235
1449014959476843337 1449014959557075682
1449014959526886666 1449014959607110863
1449014959576838823 1449014959657047782
1449014959626840488 1449014959707058868
1449014959676837335 1449014959757055529
1449014959726841306 1449014959807056622
1449014959776848971 1449014959857066857
1449014959826845130 1449014959907033696
1449014959926842153 1449014960007055469
1449014960026875675 1449014960107084444
1449014960076874336 1449014960157090763
1449014960126856551 1449014960207086254
1449014960176875114 1449014960257090859
1449014960226873893 1449014960307096319
1449014960276843275 1449014960357071691
1449014960376858225 1449014960457065209
1449014960426846045 1449014960507054239
1449014960476840531 1449014960557062710
1449014960526840859 1449014960607050102
1449014960576815593 1449014960656991170
1449014960626867743 1449014960707112924
1449014960676859896 1449014960757077849
1449014960726883969 1449014960807127283
1449014960776856191 1449014960857070134
1449014960826879101 1449014960907076774
1449014960876877131 1449014960957091866
1449014960926843265 1449014961007069323
1449014960976879065 1449014961057088491
1449014961026843699 1449014961107059210
1449014961126843976 1449014961207054799
1449014961176842323 1449014961257079156
1449014961226875246 1449014961307140957
1449014961276843395 1449014961357085623
1449014961326842458 1449014961407068328
1449014961376843177 1449014961457102307
1449014961426877526 1449014961507117249
1449014961476843167 1449014961557052901
1449014961526844337 1449014961607122086
1449014961576879191 1449014961657095597
1449014961626843184 1449014961707096891
1449014961676841862 1449014961757070757
1449014961726842445 1449014961807097138
1449014961776841360 1449014961857073004
1449014961826840233 1449014961907052209
1449014961876841113 1449014961957063258
1449014961926844809 1449014962007103735
1449014961976843995 1449014962057090870
1449014962026842754 1449014962107123141
1449014962076852878 1449014962157068977
1449014962126843020 1449014962207096885
1449014962176859172 1449014962257108024
1449014962226856490 1449014962307068092
1449014962276830823 1449014962357069727
1449014962326839424 1449014962407027486
1449014962376840772 1449014962457099831
1449014962426843630 1449014962507084869
1449014962476869817 1449014962557123561
1449014962526842597 1449014962607096695
1449014962576841081 1449014962657071228
1449014962626875043 1449014962707123859
1449014962676857297 1449014962757109742
1449014962726871544 1449014962807084025
1449014962776875608 1449014962857108498
1449014962876839486 1449014962957074307
1449014962926877911 1449014963007114750
1449014962976839849 1449014963057078997
1449014963026878037 1449014963107119777
1449014963076837724 1449014963157068399
1449014963126813154 1449014963206987767
1449014963226822496 1449014963306939652
1449014963276841623 1449014963357034454
1449014963376857583 1449014963457082499
1449014963426831993 1449014963507088504
1449014963476873850 1449014963557152132
1449014963526841972 1449014963607047216
1449014963576862814 1449014963657063337
1449014963626842954 1449014963707011374
1449014963676858771 1449014963757092626
1449014963726843882 1449014963807076849
1449014963776843014 1449014963857045395
1449014963826841255 1449014963907083830
1449014963876833753 1449014963957022002
1449014963926830423 1449014964007081220
1449014963976869182 1449014964057118456
1449014964026827913 1449014964107066239
1449014964126869764 1449014964207123749
1449014964176876514 1449014964257123583
1449014964226842154 1449014964307085809
1449014964276827579 1449014964357062741
1449014964326841736 1449014964407093108
1449014964376841233 1449014964457099748
1449014964426841555 1449014964507070205
1449014964476844035 1449014964557105851
1449014964526843332 1449014964607089692
1449014964626876583 1449014964707132980
1449014964676834539 1449014964757081033
1449014964726832419 1449014964807014800
1449014964776847180 1449014964857121778
1449014964826880127 1449014964907068008
1449014964876874091 1449014964957151024
1449014964926878359 1449014965007153571
1449014964976880842 1449014965057154775
1449014965026878468 1449014965107136823
1449014965126878280 1449014965207188733
1449014965176879007 1449014965257131678
1449014965226877478 1449014965307135966
1449014965276844538 1449014965357117014
1449014965326879856 1449014965407156275
1449014965376879667 1449014965457155274
1449014965426876097 1449014965507151817
1449014965476885703 1449014965557157839
1449014965526880359 1449014965607155745
1449014965576876959 1449014965657149773
1449014965626878514 1449014965707154736
1449014965676853034 1449014965757128879
1449014965726879700 1449014965807149072
1449014965776885113 1449014965857160516
1449014965876877215 1449014965957151201
1449014965926858995 1449014966007131585
1449014965976877896 1449014966057119155
1449014966026875244 1449014966107153601
1449014966076878182 1449014966157155339
1449014966126875788 1449014966207141292
1449014966176873444 1449014966257094350
1449014966226853721 1449014966307124293
1449014966276878398 1449014966357167168
1449014966326846393 1449014966407115101
1449014966376876055 1449014966457151211
1449014966426877006 1449014966507143528
1449014966526877546 1449014966607124281
1449014966626875751 1449014966707145171
1449014966676857541 1449014966757127509
1449014966776867400 1449014966857137207
1449014966826877370 1449014966907149112
1449014966976838282 1449014967057103416
1449014967026876243 1449014967107143147
1449014967076875870 1449014967157143893
1449014967126858011 1449014967207080929
1449014967176857575 1449014967257123156
1449014967226846157 1449014967307125800
1449014967276878298 1449014967357145439
1449014967326874223 1449014967407146773
1449014967376875862 1449014967457146223
1449014967426875673 1449014967507144100
1449014967476877782 1449014967557146396
1449014967526874429 1449014967607146137
1449014967576877374 1449014967657147615
1449014967626839705 1449014967707080123
1449014967726873506 1449014967807145945
1449014967776844444 1449014967857113527
1449014967826875292 1449014967907100829
1449014967926872028 1449014968007143903
1449014968026871837 1449014968107135974
1449014968076875910 1449014968157109211
1449014968126828317 1449014968207107542
1449014968176878803 1449014968257153244
1449014968226874735 1449014968307147970
1449014968276861730 1449014968357114442
1449014968376840418 1449014968457111585
1449014968426875212 1449014968507143702
1449014968476875584 1449014968557143998
1449014968526878398 1449014968607073633
1449014968576882616 1449014968657157768
1449014968626882607 1449014968707158224
1449014968676861350 1449014968757132701
1449014968726875701 1449014968807151348
1449014968776882147 1449014968857161091
1449014968826848565 1449014968907114620
1449014968876878060 1449014968957133090
1449014968926878476 1449014969007131508
1449014968976880796 1449014969057155915
1449014969026876905 1449014969107105024
1449014969076864588 1449014969157142216
1449014969126848500 1449014969207125283
1449014969176861845 1449014969257103752
1449014969276890008 1449014969357073753
1449014969326869783 1449014969407035501
1449014969426822950 1449014969507095289
1449014969476883799 1449014969557129562
1449014969526881415 1449014969607169560
1449014969576881657 1449014969657128579
1449014969626880823 1449014969707150423
1449014969676862342 1449014969757152643
1449014969726877535 1449014969807111444
1449014969776879975 1449014969857129145
1449014969826819850 1449014969907034967
1449014969876863203 1449014969957017070
1449014969926877507 1449014970007135557
1449014969976817062 1449014970057027263
1449014970026849910 1449014970107017538
1449014970076854332 1449014970157077189
1449014970126851647 1449014970207052608
1449014970176819636 1449014970256979616
1449014970226827732 1449014970307077591
1449014970276874012 1449014970357100327
1449014970326881376 1449014970407111480
1449014970376814178 1449014970457010783
1449014970426830370 1449014970506978028
1449014970476881026 1449014970557125746
1449014970626816132 1449014970707041663
1449014970726865745 1449014970807013457
1449014970776878031 1449014970857098887
1449014970826877464 1449014970907126157
1449014970876878909 1449014970957018167
1449014970926813669 1449014971007038684
1449014970976873299 1449014971057125205
1449014971026876718 1449014971107022053
1449014971076815014 1449014971157027854
1449014971126815571 1449014971207035579
1449014971176808584 1449014971257094775
1449014971226829737 1449014971307091572
1449014971276870116 1449014971357060350
1449014971376820925 1449014971456935085
1449014971476816662 1449014971557050633
1449014971526878719 1449014971607111983
1449014971576864411 1449014971657111534
1449014971626816728 1449014971707037778
1449014971676837520 1449014971757089105
1449014971726846281 1449014971807093400
1449014971776812880 1449014971857009244
1449014971826823816 1449014971907090028
1449014971876857861 1449014971957076893
1449014971926887282 1449014972007115869
1449014971976838974 1449014972057071253
1449014972026846847 1449014972107170125
1449014972076882866 1449014972157153328
1449014972226837331 1449014972307060896
1449014972276878215 1449014972357152953
1449014972326875974 1449014972407137115
1449014972376858706 1449014972457144476
1449014972426843142 1449014972507150979
1449014972476875791 1449014972557148007
1449014972526876073 1449014972607185894
1449014972576863158 1449014972657039892
1449014972626878996 1449014972707051138
1449014972676808270 1449014972757019628
1449014972726817325 1449014972807073515
1449014972776837990 1449014972857075965
1449014972826834924 1449014972907101043
1449014972876859742 1449014972957131179
1449014972926872883 1449014973007137933
1449014972976842375 1449014973057078453
1449014973026841304 1449014973107093475
1449014973076842338 1449014973157093757
1449014973176858517 1449014973257091434
1449014973226844450 1449014973307113241
1449014973276841144 1449014973357069875
1449014973326840688 1449014973407071496
1449014973376845767 1449014973457081123
1449014973426838976 1449014973507090826
1449014973476833054 1449014973557055367
1449014973526857260 1449014973607130305
1449014973576854876 1449014973657108727
1449014973626858526 1449014973707118501
1449014973676830113 1449014973757053662
1449014973726841216 1449014973807095241
1449014973776841321 1449014973857013869
1449014973826829105 1449014973907098177
1449014973876842283 1449014973957115708
1449014973926839711 1449014974007058914
1449014974026840232 1449014974107062581
1449014974076843628 1449014974157081048
1449014974126860354 1449014974207083398
1449014974176841272 1449014974257070356
1449014974226838600 1449014974307090954
1449014974276854808 1449014974357110139
1449014974326856681 1449014974407080032
1449014974376827967 1449014974457079847
1449014974426856226 1449014974507087031
1449014974476845930 1449014974557088064
1449014974526852296 1449014974607119457
1449014974576839896 1449014974657002786
1449014974676821099 1449014974757045323
1449014974726851459 1449014974807103984
1449014974776876193 1449014974857118204
1449014974826866917 1449014974907136487
1449014974876845834 1449014974957095208
1449014974926873371 1449014975007083155
1449014974976852128 1449014975057116212
1449014975076859641 1449014975157098280
1449014975176885485 1449014975257156756
1449014975226831655 1449014975307095652
1449014975276840870 1449014975357099188
1449014975326827020 1449014975407049029
1449014975376859729 1449014975457130221
1449014975426839665 1449014975507103385
1449014975476867502 1449014975557134697
1449014975526864958 1449014975607121512
1449014975626830593 1449014975707082803
1449014975676854211 1449014975757093138
1449014975726857356 1449014975807112336
1449014975776841238 1449014975857105636
1449014975826856049 1449014975907118092
1449014975876838591 1449014975957112273
1449014975926831951 1449014976007064620
1449014975976838106 1449014976057109922
1449014976026873427 1449014976107133831
1449014976076828049 1449014976157096102
1449014976126867787 1449014976207122243
1449014976176861474 1449014976257078712
1449014976226858539 1449014976307137737
1449014976276851564 1449014976357052064
1449014976326875821 1449014976407152269
1449014976376876901 1449014976457141112
1449014976426868881 1449014976507139937
1449014976476853217 1449014976557079514
1449014976526882030 1449014976607103715
1449014976576815043 1449014976657026845
1449014976626854824 1449014976707117669
1449014976676839063 1449014976757088331
1449014976726873670 1449014976807095822
1449014976826839579 1449014976907120514
1449014976876880155 1449014976957089956
1449014976926868166 1449014977007074402
1449014976976846188 1449014977057071798
1449014977026854959 1449014977107087662
1449014977076848128 1449014977157057602
1449014977126850692 1449014977207060008
1449014977176853707 1449014977257065616
1449014977326835904 1449014977407054658
1449014977376849887 1449014977457021826
1449014977426844853 1449014977507064750
1449014977476839486 1449014977557105524
1449014977526840763 1449014977607005252
1449014977576882690 1449014977657149082
1449014977676845044 1449014977757114340
1449014977726835891 1449014977807096855
1449014977776875138 1449014977857126316
1449014977826872159 1449014977907148291
1449014977876816838 1449014977957030662
1449014977926818965 1449014978006989984
1449014977976830442 1449014978057006973
1449014978026812630 1449014978107008355
1449014978076861979 1449014978157029316
1449014978126827483 1449014978207139004
1449014978176814526 1449014978257030790
1449014978226865692 1449014978307039574
1449014978276824834 1449014978357089282
1449014978326876643 1449014978407147422
1449014978376877850 1449014978457066399
1449014978426822211 1449014978507064617
1449014978476881755 1449014978557154198
1449014978526876548 1449014978607145155
1449014978576814017 1449014978657048889
1449014978626876651 1449014978707042962
