1449015660046180456
1449015660096250255
1449015660146218401
1449015660196251738
1449015660246216232
1449015660296252031
1449015660346256503
1449015660396253060
1449015660446252433
1449015660496251516
1449015660546252750
1449015660596253139
1449015660646252382
1449015660696252667
1449015660746249561
1449015660796252646
1449015660846238873
1449015660896221792
1449015660946245604
1449015660996250229
1449015661046252389
1449015661096250215
1449015661146219086
1449015661196252306
1449015661246216790
1449015661296252319
1449015661346253319
1449015661396226673
1449015661446251250
1449015661496251759
1449015661546253121
1449015661596252748
1449015661646241441
1449015661696249887
1449015661746249013
1449015661796233700
1449015661846252066
1449015661896251473
1449015661946255563
1449015661996255942
1449015662046256983
1449015662096233270
1449015662146239325
1449015662196256930
1449015662246252551
1449015662296256231
1449015662346255888
1449015662396241834
1449015662446238358
1449015662496255722
1449015662546254430
1449015662596257131
1449015662646253531
1449015662696243119
1449015662746212517
1449015662796255760
1449015662846256660
1449015662896257072
1449015662946257454
1449015662996256530
1449015663046255696
1449015663096254335
1449015663146238734
1449015663196215573
1449015663246224668
1449015663296255513
1449015663346258491
1449015663396255723
1449015663446256937
1449015663496248977
1449015663546246509
1449015663596254986
1449015663646225177
1449015663696258834
1449015663746256801
1449015663796253224
1449015663846249307
1449015663896252031
1449015663946253422
1449015663996246598
1449015664046251116
1449015664096251959
1449015664146214275
1449015664196253051
1449015664246249879
1449015664296251771
1449015664346252384
1449015664396251637
1449015664446249707
1449015664496255294
1449015664546219535
1449015664596221818
1449015664646250287
1449015664696218600
1449015664746251178
1449015664796219785
1449015664846253931
1449015664896251974
1449015664946253506
1449015664996237190
1449015665046253164
1449015665096218544
1449015665146214072
1449015665196216853
1449015665246223359
1449015665296240833
1449015665346254582
1449015665396254871
1449015665446242400
1449015665496221986
1449015665546256926
1449015665596256276
1449015665646255522
1449015665696240606
1449015665746255194
1449015665796240355
1449015665846252999
1449015665896224188
1449015665946253776
1449015665996252418
1449015666046252078
1449015666096235419
1449015666146216704
1449015666196252680
1449015666246235192
1449015666296251233
1449015666346249240
1449015666396250464
1449015666446207388
1449015666496246952
1449015666546250568
1449015666596252073
1449015666646251126
1449015666696250970
1449015666746218361
1449015666796254798
1449015666846223512
1449015666896251981
1449015666946252133
1449015666996252929
1449015667046251958
1449015667096236966
1449015667146256785
1449015667196257772
1449015667246218491
1449015667296245534
1449015667346234767
1449015667396219561
1449015667446252360
1449015667496214533
1449015667546243783
1449015667596217792
1449015667646250758
1449015667696252968
1449015667746252047
1449015667796251340
1449015667846253677
1449015667896252529
1449015667946251127
1449015667996253223
1449015668046252773
1449015668096252989
1449015668146251273
1449015668196252958
1449015668246216112
1449015668296232705
1449015668346257178
1449015668396257159
1449015668446253382
1449015668496255839
1449015668546248093
1449015668596251285
1449015668646253180
1449015668696252316
1449015668746252956
1449015668796255770
1449015668846251626
1449015668896250204
1449015668946250716
1449015668996253293
1449015669046250482
1449015669096253396
1449015669146251310
1449015669196247937
1449015669246200601
1449015669296252486
1449015669346252087
1449015669396251670
1449015669446253295
1449015669496253678
1449015669546255857
1449015669596253423
1449015669646252900
1449015669696251481
1449015669746235446
1449015669796256659
1449015669846251051
1449015669896251741
1449015669946252180
1449015669996251022
1449015670046249099
1449015670096252892
1449015670146232965
1449015670196227651
1449015670246251052
1449015670296250445
1449015670346251950
1449015670396251650
1449015670446243777
1449015670496251072
1449015670546250027
1449015670596251061
1449015670646250057
1449015670696250202
1449015670746254185
1449015670796250171
1449015670846249528
1449015670896251333
1449015670946246761
1449015670996234551
1449015671046203619
1449015671096249885
1449015671146248934
1449015671196251308
1449015671246205585
1449015671296218513
1449015671346251101
1449015671396251233
1449015671446207956
1449015671496247287
1449015671546252847
1449015671596251038
1449015671646207099
1449015671696247446
1449015671746251660
1449015671796236667
1449015671846207188
1449015671896247177
1449015671946248939
1449015671996236462
1449015672046205132
1449015672096253901
1449015672146260330
1449015672196252307
1449015672246217770
1449015672296247268
1449015672346207673
1449015672396246181
1449015672446258183
1449015672496253394
1449015672546211878
1449015672596249160
1449015672646249689
1449015672696251986
1449015672746253818
1449015672796239260
1449015672846253507
1449015672896243983
1449015672946252350
1449015672996253200
1449015673046233406
1449015673096217612
1449015673146253999
1449015673196232071
1449015673246250801
1449015673296253061
1449015673346252367
1449015673396236700
1449015673446252714
1449015673496255973
1449015673546252724
1449015673596212524
1449015673646251557
1449015673696251822
1449015673746251546
1449015673796237877
1449015673846252170
1449015673896251871
1449015673946249721
1449015673996216433
1449015674046192995
1449015674096246107
1449015674146217236
1449015674196223592
1449015674246213537
1449015674296228569
1449015674346227344
1449015674396252459
1449015674446208314
1449015674496246963
1449015674546217848
1449015674596236191
1449015674646207470
1449015674696247342
1449015674746233783
1449015674796233650
1449015674846208348
1449015674896248420
1449015674946217090
1449015674996244554
1449015675046200258
1449015675096250226
1449015675146217760
1449015675196251866
1449015675246217469
1449015675296251488
1449015675346210616
1449015675396245811
1449015675446252467
1449015675496251409
1449015675546210034
1449015675596220549
1449015675646251664
1449015675696253827
1449015675746209271
1449015675796229882
1449015675846250594
1449015675896252192
1449015675946207709
1449015675996244681
1449015676046249146
1449015676096219754
1449015676146210127
1449015676196247576
1449015676246250294
1449015676296252046
1449015676346208926
1449015676396244895
1449015676446256349
1449015676496241895
1449015676546211985
1449015676596220094
1449015676646251965
1449015676696252608
1449015676746209438
1449015676796225806
1449015676846254994
1449015676896252182
1449015676946210111
1449015676996248072
1449015677046249152
1449015677096247026
1449015677146232294
1449015677196218002
1449015677246216143
1449015677296244970
1449015677346252819
1449015677396252346
1449015677446254859
1449015677496252064
1449015677546210258
1449015677596248018
1449015677646247578
1449015677696251943
1449015677746252539
1449015677796254458
1449015677846258037
1449015677896253301
1449015677946248959
1449015677996253063
1449015678046249249
1449015678096251830
1449015678146207233
1449015678196221965
1449015678246251333
1449015678296251692
1449015678346250938
1449015678396252209
1449015678446252591
1449015678496253571
1449015678546233163
1449015678596252775
1449015678646252904
1449015678696252952
1449015678746253127
1449015678796255139
1449015678846208545
1449015678896246122
1449015678946244599
1449015678996250371
1449015679046207655
1449015679096245636
1449015679146205757
1449015679196252103
1449015679246221288
1449015679296218216
1449015679346208959
1449015679396247993
1449015679446252608
1449015679496255028
1449015679546211935
1449015679596248706
1449015679646252209
1449015679696252464
1449015679746207477
1449015679796247151
1449015679846247323
1449015679896251210
1449015679946205384
1449015679996247434
1449015680046234813
1449015680096254235
1449015680146248534
1449015680196219900
1449015680246252188
1449015680296258397
1449015680346209374
1449015680396247438
1449015680446256854
1449015680496252265
1449015680546211440
1449015680596247083
1449015680646252172
1449015680696252254
1449015680746206541
1449015680796220534
1449015680846253327
1449015680896251106
1449015680946209066
1449015680996248092
1449015681046249480
1449015681096249849
1449015681146248283
1449015681196254355
1449015681246216123
1449015681296250947
1449015681346250474
1449015681396251504
1449015681446249160
1449015681496252863
1449015681546211213
1449015681596247580
1449015681646256910
1449015681696256323
1449015681746252245
1449015681796253499
1449015681846253424
1449015681896253298
1449015681946253790
1449015681996250985
1449015682046249674
1449015682096253407
1449015682146249827
1449015682196238843
1449015682246217486
1449015682296254475
1449015682346199264
1449015682396247512
1449015682446252985
1449015682496253869
1449015682546212870
1449015682596249648
1449015682646254865
1449015682696252153
1449015682746208900
1449015682796243319
1449015682846219564
1449015682896252760
1449015682946251051
1449015682996253418
1449015683046256493
1449015683096254920
1449015683146207341
1449015683196249451
1449015683246205279
1449015683296218607
1449015683346253875
1449015683396224199
1449015683446209975
1449015683496254306
1449015683546246316
1449015683596250838
1449015683646207661
1449015683696245756
1449015683746252305
1449015683796252758
1449015683846252485
1449015683896251193
1449015683946251746
1449015683996250384
1449015684046252233
1449015684096251783
1449015684146205356
1449015684196249270
1449015684246205048
1449015684296252895
1449015684346207186
1449015684396249383
1449015684446250794
1449015684496253581
1449015684546212907
1449015684596247855
1449015684646213251
1449015684696251181
1449015684746208837
1449015684796246878
1449015684846256534
1449015684896253051
1449015684946210212
1449015684996246322
1449015685046247653
1449015685096249375
1449015685146253258
1449015685196248859
1449015685246232103
1449015685296219552
1449015685346246050
1449015685396217210
1449015685446252401
1449015685496248350
1449015685546252103
1449015685596251937
1449015685646253121
1449015685696251669
1449015685746251928
1449015685796251926
1449015685846252321
1449015685896243463
1449015685946258274
1449015685996253020
1449015686046210128
1449015686096242506
1449015686146251371
1449015686196255625
1449015686246222895
1449015686296219385
1449015686346209013
1449015686396238993
1449015686446253280
1449015686496251407
1449015686546212009
1449015686596246371
1449015686646250779
1449015686696252291
1449015686746209685
1449015686796245799
1449015686846252829
1449015686896251297
1449015686946235299
1449015686996244157
1449015687046219038
1449015687096252482
1449015687146209863
1449015687196247841
1449015687246206782
1449015687296249504
1449015687346206280
1449015687396228559
1449015687446262337
1449015687496254841
1449015687546213870
1449015687596250648
1449015687646251905
1449015687696253844
1449015687746210895
1449015687796246520
1449015687846225912
1449015687896251912
1449015687946252819
1449015687996253204
1449015688046209189
1449015688096246355
1449015688146254190
1449015688196252946
1449015688246219421
1449015688296252430
1449015688346253491
1449015688396252229
1449015688446205802
1449015688496255760
1449015688546251819
1449015688596254573
1449015688646252189
1449015688696251830
1449015688746252706
1449015688796254642
1449015688846238089
1449015688896250405
1449015688946252622
1449015688996252646
1449015689046252277
1449015689096250942
1449015689146252948
1449015689196251292
1449015689246217884
1449015689296249591
1449015689346213009
1449015689396223207
1449015689446251756
1449015689496249008
1449015689546210920
1449015689596230569
1449015689646253659
1449015689696212190
1449015689746203715
1449015689796247640
1449015689846250193
1449015689896257635
1449015689946207015
