1449014858198266904 1449014858278493383
1449014858248224102 1449014858328467025
1449014858298229616 1449014858378445003
1449014858348252262 1449014858428468177
1449014858448238216 1449014858528431292
1449014858498225739 1449014858578397440
1449014858548230063 1449014858628388565
1449014858598231151 1449014858678487637
1449014858648238054 1449014858728434482
1449014858698218117 1449014858778426872
1449014858748223460 1449014858828431835
1449014858798233144 1449014858878487138
1449014858848236944 1449014858928500704
1449014858898202123 1449014858978458269
1449014858948236997 1449014859028503560
1449014858998233416 1449014859078496067
1449014859048238065 1449014859128451274
1449014859098219932 1449014859178480398
1449014859148223318 1449014859228440088
1449014859198233916 1449014859278473615
1449014859248237446 1449014859328441784
1449014859298236625 1449014859378494876
1449014859348164346 1449014859428354058
1449014859398225997 1449014859478486282
1449014859448237073 1449014859528442441
1449014859498234352 1449014859578498650
1449014859548230748 1449014859628449837
1449014859598215485 1449014859678461431
1449014859698235380 1449014859778464103
1449014859748227640 1449014859828435259
1449014859798231310 1449014859878494736
1449014859898235338 1449014859978492496
1449014859948226115 1449014860028405287
1449014859998216431 1449014860078479159
1449014860048232957 1449014860128490546
1449014860098197691 1449014860178454262
1449014860148236340 1449014860228500852
1449014860198237130 1449014860278502063
1449014860248232762 1449014860328500721
1449014860298239936 1449014860378502296
1449014860348235016 1449014860428453804
1449014860398234570 1449014860478501233
1449014860448235293 1449014860528498228
1449014860498234823 1449014860578494581
1449014860548230608 1449014860628474710
1449014860598234622 1449014860678495743
1449014860648235154 1449014860728484799
1449014860698216403 1449014860778473745
1449014860748185351 1449014860828474635
1449014860798280201 1449014860878536333
1449014860848231662 1449014860928461381
1449014860898232672 1449014860978476784
1449014860948230863 1449014861028478216
1449014860998232247 1449014861078476359
1449014861048233989 1449014861128440954
1449014861098209061 1449014861178384738
1449014861148226298 1449014861228477880
1449014861248234432 1449014861328508696
1449014861298236291 1449014861378508861
1449014861348234415 1449014861428538961
1449014861398194856 1449014861478447605
1449014861448233081 1449014861528503633
1449014861498201528 1449014861578468121
1449014861598198968 1449014861678452244
1449014861648234052 1449014861728451701
1449014861698198286 1449014861778465747
1449014861748182441 1449014861828492630
1449014861798272456 1449014861878545237
1449014861848235197 1449014861928469049
1449014861898234326 1449014861978504831
1449014861948235908 1449014862028508524
1449014861998234101 1449014862078511048
1449014862048241099 1449014862128488572
1449014862098207113 1449014862178449595
1449014862148236975 1449014862228494077
1449014862198235343 1449014862278478657
1449014862248236881 1449014862328483840
1449014862298236124 1449014862378481005
1449014862348249432 1449014862428459885
1449014862398235008 1449014862478482203
1449014862448255011 1449014862528419183
1449014862498205246 1449014862578370284
1449014862548171121 1449014862628284022
1449014862598187073 1449014862678279357
1449014862648172173 1449014862728380610
1449014862698187097 1449014862778395882
1449014862748185424 1449014862828458135
1449014862798269707 1449014862878423516
1449014862848226186 1449014862928444393
1449014862898217351 1449014862978374673
1449014862948236178 1449014863028374281
1449014862998185917 1449014863078408051
1449014863048207931 1449014863128422405
1449014863098198948 1449014863178423372
1449014863148228824 1449014863228475582
1449014863198235754 1449014863278427932
1449014863248235110 1449014863328481421
1449014863298203109 1449014863378391452
1449014863348230516 1449014863428402073
1449014863398237660 1449014863478509970
1449014863448177930 1449014863528392719
1449014863498243717 1449014863578451055
1449014863548218474 1449014863628466392
1449014863598174599 1449014863678338560
1449014863648232148 1449014863728421511
1449014863698220319 1449014863778386088
1449014863748219636 1449014863828440892
1449014863798184164 1449014863878308360
1449014863848179761 1449014863928492185
1449014863898277765 1449014863978494508
1449014863948231361 1449014864028421761
1449014863998174225 1449014864078317379
1449014864048232770 1449014864128405183
1449014864098185644 1449014864178354640
1449014864148178084 1449014864228331488
1449014864198235868 1449014864278432145
1449014864248173386 1449014864328336778
1449014864298189148 1449014864378381659
1449014864398188439 1449014864478361951
1449014864448177456 1449014864528315696
1449014864498189269 1449014864578326266
1449014864598168418 1449014864678337912
1449014864648228500 1449014864728517373
1449014864698208853 1449014864778421143
1449014864748229364 1449014864828427813
1449014864798193912 1449014864878328560
1449014864848221141 1449014864928388522
1449014864898179816 1449014864978282016
1449014864948166157 1449014865028271224
1449014864998164670 1449014865078254103
1449014865048172487 1449014865128285266
1449014865098166169 1449014865178262317
1449014865148160708 1449014865228364620
1449014865198201757 1449014865278418424
1449014865248184914 1449014865328430449
1449014865298253874 1449014865378451982
1449014865348178542 1449014865428426052
1449014865398237503 1449014865478411146
1449014865448235894 1449014865528455795
1449014865498235618 1449014865578474529
1449014865548237083 1449014865628483130
1449014865648236421 1449014865728485204
1449014865698234488 1449014865778476796
1449014865748236063 1449014865828466668
1449014865798236027 1449014865878478933
1449014865848235581 1449014865928466092
1449014865898233985 1449014865978379833
1449014865948225848 1449014866028475506
1449014865998173207 1449014866078369378
1449014866048165825 1449014866128443750
1449014866098216037 1449014866178502949
1449014866198198503 1449014866278462550
1449014866248233063 1449014866328502516
1449014866298232359 1449014866378496904
1449014866348236727 1449014866428506728
1449014866398232579 1449014866478501223
1449014866498231957 1449014866578499699
1449014866548235951 1449014866628506479
1449014866598232043 1449014866678467111
1449014866648230812 1449014866728373724
1449014866698233766 1449014866778405119
1449014866748220318 1449014866828353404
1449014866798223329 1449014866878414123
1449014866848169579 1449014866928345329
1449014866898163116 1449014866978259518
1449014866948159489 1449014867028358099
1449014866998171963 1449014867078279739
1449014867048170223 1449014867128336217
1449014867098196118 1449014867178424852
1449014867148256770 1449014867228488471
1449014867198198237 1449014867278417465
1449014867298197303 1449014867378351705
1449014867348220851 1449014867428350215
1449014867398194887 1449014867478321002
1449014867448226961 1449014867528406153
1449014867498177962 1449014867578279198
1449014867548164521 1449014867628403284
1449014867598163551 1449014867678280438
1449014867648167347 1449014867728286718
1449014867698163752 1449014867778258403
1449014867748182521 1449014867828408750
1449014867798195003 1449014867878390396
1449014867848229618 1449014867928453140
1449014867898218694 1449014867978437292
1449014867948231598 1449014868028462106
1449014867998197726 1449014868078426567
1449014868048247306 1449014868128469863
1449014868098219465 1449014868178423756
1449014868148245642 1449014868228475532
1449014868198212274 1449014868278418333
1449014868248230417 1449014868328462027
1449014868298218127 1449014868378445518
1449014868348231896 1449014868428451867
1449014868398214478 1449014868478414627
1449014868448229737 1449014868528397876
1449014868498197371 1449014868578362174
1449014868548230061 1449014868628350429
1449014868598188611 1449014868678348901
1449014868648167947 1449014868728381161
1449014868698165216 1449014868778379729
1449014868748165185 1449014868828370820
1449014868798208368 1449014868878478813
1449014868848221670 1449014868928459648
1449014868898218280 1449014868978469615
1449014868948236058 1449014869028508905
1449014868998231930 1449014869078456378
1449014869048237508 1449014869128412082
1449014869098180406 1449014869178312687
1449014869148218267 1449014869228364664
1449014869198201510 1449014869278345862
1449014869248166035 1449014869328309259
1449014869298183387 1449014869378425175
1449014869348166544 1449014869428392489
1449014869398235506 1449014869478503034
1449014869448234989 1449014869528456744
1449014869498205464 1449014869578456308
1449014869548227876 1449014869628434109
1449014869598199376 1449014869678342689
1449014869648172559 1449014869728368440
1449014869698184785 1449014869778320684
1449014869798180107 1449014869878349470
1449014869848221182 1449014869928433431
1449014869898173045 1449014869978385685
1449014869948528641 1449014870028837584
1449014869998232682 1449014870078506632
1449014870048241141 1449014870128472058
1449014870098234921 1449014870178388482
1449014870148233753 1449014870228403936
1449014870198164676 1449014870278319169
1449014870248173645 1449014870328372969
1449014870298191380 1449014870378293483
1449014870348165087 1449014870428308512
1449014870398197002 1449014870478398726
1449014870448173419 1449014870528307626
1449014870498212176 1449014870578457350
1449014870548237755 1449014870628411746
1449014870598184122 1449014870678416159
1449014870648171552 1449014870728408376
1449014870698194217 1449014870778343770
1449014870748231553 1449014870828396731
1449014870798176315 1449014870878392261
1449014870848223935 1449014870928367385
1449014870898217532 1449014870978462930
1449014870948249088 1449014871028400917
1449014870998173996 1449014871078303095
1449014871048224278 1449014871128351803
1449014871098171128 1449014871178321960
1449014871148175830 1449014871228456973
1449014871198188576 1449014871278335977
1449014871248179174 1449014871328417199
1449014871298248516 1449014871378519740
1449014871348185431 1449014871428449619
1449014871398211453 1449014871478426250
1449014871448251079 1449014871528494566
1449014871498203723 1449014871578457150
1449014871548176710 1449014871628411294
1449014871598206766 1449014871678401263
1449014871648232880 1449014871728452637
1449014871698196669 1449014871778407646
1449014871748215867 1449014871828327467
1449014871798187651 1449014871878350229
1449014871898185833 1449014871978445511
1449014871948184421 1449014872028370669
1449014871998310412 1449014872078489446
1449014872048173220 1449014872128304081
1449014872098164864 1449014872178415274
1449014872148237888 1449014872228439968
1449014872198235317 1449014872278399737
1449014872248235408 1449014872328508127
1449014872348177897 1449014872428331214
1449014872398180715 1449014872478281944
1449014872448221566 1449014872528401687
1449014872498180723 1449014872578286837
1449014872548221515 1449014872628434105
1449014872598178958 1449014872678302923
1449014872648165552 1449014872728301270
1449014872698177800 1449014872778272501
1449014872748179536 1449014872828411059
1449014872798199622 1449014872878400426
1449014872848222973 1449014872928394420
1449014872898177145 1449014872978316288
1449014872948165249 1449014873028335924
1449014872998189458 1449014873078309130
1449014873048173869 1449014873128357788
1449014873098167129 1449014873178295576
1449014873148217617 1449014873228381302
1449014873198171549 1449014873278376524
1449014873248167558 1449014873328371305
1449014873298224278 1449014873378455356
1449014873348245407 1449014873428407174
1449014873398231777 1449014873478442410
1449014873498179276 1449014873578334696
1449014873548221127 1449014873628415333
1449014873648171014 1449014873728400960
1449014873698175500 1449014873778423856
1449014873748235158 1449014873828449001
1449014873848226685 1449014873928465067
1449014873898212136 1449014873978455717
1449014873948232801 1449014874028452478
1449014873998233253 1449014874078430980
1449014874048218876 1449014874128426872
1449014874098174366 1449014874178438377
1449014874148230471 1449014874228450753
1449014874248269085 1449014874328482170
1449014874298192270 1449014874378445240
1449014874348222579 1449014874428350463
1449014874398170647 1449014874478302285
1449014874448183903 1449014874528337136
1449014874498185202 1449014874578296569
1449014874548172906 1449014874628378132
1449014874598188084 1449014874678290127
1449014874648228306 1449014874728460548
1449014874748219185 1449014874828403294
1449014874798217706 1449014874878471430
1449014874848246780 1449014874928502582
1449014874898217569 1449014874978471169
1449014874948235932 1449014875028486285
1449014874998201849 1449014875078353739
1449014875048230428 1449014875128489959
1449014875098172706 1449014875178362344
1449014875148250243 1449014875228518877
1449014875198207073 1449014875278474708
1449014875248229953 1449014875328442604
1449014875298238393 1449014875378511501
1449014875348231232 1449014875428420209
1449014875398233719 1449014875478505069
1449014875448236125 1449014875528446144
1449014875498235432 1449014875578503341
1449014875548233693 1449014875628483648
1449014875598225596 1449014875678496913
1449014875648237397 1449014875728450906
1449014875698237328 1449014875778466657
1449014875748224855 1449014875828429380
1449014875798212174 1449014875878501385
1449014875848250362 1449014875928461559
1449014875898234761 1449014875978539313
1449014875948235668 1449014876028532546
1449014875998236969 1449014876078536065
1449014876048237521 1449014876128540106
1449014876098216939 1449014876178388687
1449014876148237464 1449014876228423377
1449014876198200354 1449014876278452231
1449014876298169988 1449014876378329605
1449014876348220400 1449014876428393969
1449014876398195402 1449014876478353243
1449014876448180188 1449014876528447437
1449014876498211675 1449014876578411516
1449014876548178680 1449014876628340306
1449014876598214360 1449014876678410320
1449014876648230769 1449014876728455310
1449014876698187472 1449014876778422784
1449014876748233571 1449014876828467654
1449014876798232196 1449014876878438315
1449014876848227901 1449014876928476827
1449014876898235904 1449014876978474523
1449014876948237104 1449014877028428828
1449014877098235488 1449014877178433853
1449014877148226746 1449014877228430647
1449014877198238234 1449014877278473559
1449014877248232358 1449014877328430954
1449014877298236369 1449014877378474948
1449014877348234138 1449014877428435771
1449014877398237153 1449014877478474259
1449014877448246803 1449014877528484464
1449014877498235298 1449014877578473350
1449014877548244868 1449014877628484747
1449014877598232067 1449014877678454326
1449014877648222898 1449014877728424420
1449014877698235163 1449014877778469607
1449014877748238045 1449014877828484091
1449014877798220075 1449014877878482392
1449014877848245875 1449014877928449736
1449014877898236712 1449014877978484894
1449014877948236744 1449014878028486746
1449014877998235362 1449014878078432811
1449014878048237381 1449014878128506005
1449014878098235795 1449014878178509181
1449014878148235342 1449014878228506753
1449014878198235290 1449014878278509400
1449014878248237443 1449014878328516114
1449014878298236055 1449014878378507903
1449014878348235294 1449014878428511446
1449014878398239188 1449014878478513101
1449014878448235484 1449014878528451426
1449014878498203530 1449014878578456271
1449014878548238500 1449014878628519152
1449014878598218914 1449014878678507206
1449014878648238282 1449014878728519495
1449014878698234375 1449014878778512548
1449014878748240280 1449014878828511246
1449014878798216965 1449014878878491907
1449014878848234436 1449014878928510403
1449014878898233452 1449014878978504074
1449014878948235825 1449014879028509060
1449014878998232549 1449014879078505353
1449014879048234685 1449014879128509463
1449014879098233781 1449014879178507634
1449014879148234511 1449014879228501966
1449014879198236443 1449014879278508692
1449014879248233952 1449014879328500993
1449014879298230225 1449014879378491025
1449014879348236153 1449014879428475625
1449014879398229105 1449014879478503302
1449014879448233409 1449014879528509501
1449014879498202400 1449014879578473206
1449014879548234919 1449014879628507392
1449014879648228667 1449014879728503673
1449014879698230703 1449014879778487394
1449014879748232061 1449014879828465329
1449014879798189539 1449014879878424317
1449014879948233483 1449014880028516523
1449014879998215360 1449014880078488792
1449014880048234137 1449014880128514605
1449014880098185591 1449014880178395179
1449014880148234614 1449014880228397095
1449014880198195898 1449014880278402979
1449014880248229925 1449014880328456395
1449014880298212418 1449014880378470001
1449014880348236865 1449014880428502656
1449014880398218167 1449014880478488699
1449014880448217777 1449014880528491129
1449014880498228987 1449014880578482397
1449014880548236065 1449014880628509133
1449014880598201812 1449014880678470246
1449014880648230645 1449014880728501842
1449014880698233483 1449014880778485674
1449014880748226980 1449014880828485327
1449014880798226503 1449014880878502097
1449014880848248591 1449014880928523376
1449014880898238012 1449014880978510074
1449014880948236904 1449014881028512591
1449014880998219359 1449014881078490693
1449014881048240455 1449014881128501739
1449014881098240536 1449014881178514035
1449014881148239936 1449014881228518934
1449014881198199837 1449014881278471314
1449014881248240099 1449014881328519608
1449014881298240041 1449014881378516513
1449014881348239855 1449014881428517764
1449014881398237621 1449014881478504602
1449014881448238668 1449014881528517125
1449014881498238259 1449014881578511079
1449014881548238373 1449014881628497971
1449014881598211103 1449014881678483008
1449014881698234549 1449014881778491383
1449014881748235479 1449014881828445410
1449014881798188754 1449014881878448011
1449014881848234279 1449014881928499913
1449014881898234253 1449014881978496213
1449014881998235479 1449014882078495240
1449014882048233452 1449014882128497914
1449014882098199112 1449014882178459455
1449014882148235276 1449014882228501709
1449014882198234562 1449014882278493879
1449014882248233899 1449014882328469792
1449014882298233796 1449014882378495465
1449014882348234336 1449014882428505319
1449014882398231083 1449014882478493911
1449014882448236343 1449014882528499238
1449014882498204850 1449014882578467540
1449014882548237151 1449014882628500727
1449014882598215389 1449014882678476273
1449014882648234838 1449014882728482699
1449014882698231529 1449014882778476386
1449014882748227852 1449014882828482147
1449014882798187398 1449014882878444292
1449014882848232341 1449014882928499385
1449014882898234835 1449014882978498939
1449014882948234325 1449014883028499625
1449014882998237006 1449014883078502409
1449014883048234852 1449014883128498562
1449014883098233938 1449014883178490899
1449014883148235336 1449014883228498388
1449014883198232808 1449014883278497885
1449014883248231256 1449014883328426835
1449014883298234498 1449014883378495398
1449014883348237189 1449014883428492847
1449014883398234163 1449014883478496711
1449014883448234479 1449014883528504062
1449014883498234002 1449014883578492958
1449014883548234251 1449014883628451963
1449014883598232649 1449014883678470740
1449014883648260523 1449014883728484373
1449014883698226765 1449014883778427762
1449014883748186017 1449014883828447158
1449014883798245109 1449014883878474231
1449014883898229008 1449014883978448057
1449014883948233580 1449014884028381176
1449014883998235512 1449014884078499770
1449014884048233957 1449014884128416031
1449014884098237580 1449014884178385395
1449014884148177469 1449014884228391372
1449014884198195584 1449014884278457650
1449014884348246406 1449014884428492537
1449014884398201737 1449014884478463298
1449014884448174288 1449014884528401530
1449014884498173486 1449014884578342193
1449014884548238571 1449014884628501098
1449014884598174344 1449014884678381649
1449014884648228704 1449014884728406364
1449014884698231956 1449014884778492459
1449014884748173847 1449014884828387442
1449014884798210363 1449014884878375783
1449014884848264498 1449014884928512679
1449014884898235657 1449014884978483755
1449014884948226638 1449014885028474518
1449014884998207823 1449014885078452212
1449014885048238066 1449014885128396680
1449014885098237553 1449014885178483426
1449014885148227602 1449014885228470267
1449014885198222097 1449014885278365274
1449014885248250710 1449014885328469094
1449014885298187488 1449014885378318467
1449014885348182435 1449014885428404367
1449014885398245118 1449014885478421119
1449014885448228442 1449014885528467566
1449014885498186521 1449014885578401989
1449014885548230817 1449014885628401566
1449014885598217140 1449014885678443983
1449014885648240581 1449014885728436257
1449014885698201143 1449014885778431852
1449014885748246427 1449014885828463962
1449014885798189956 1449014885878372179
1449014885848222309 1449014885928442119
1449014885898188604 1449014885978421587
1449014885948241662 1449014886028467619
1449014885998202354 1449014886078322053
1449014886048232734 1449014886128336801
1449014886098172993 1449014886178260203
1449014886148166895 1449014886228281336
1449014886198161542 1449014886278277035
1449014886248164674 1449014886328287650
1449014886298164529 1449014886378276939
1449014886348164944 1449014886428272591
1449014886398164216 1449014886478330561
1449014886448234068 1449014886528464392
1449014886498237978 1449014886578469776
1449014886548232120 1449014886628448933
1449014886598236497 1449014886678520440
1449014886648237037 1449014886728486484
1449014886698236617 1449014886778460994
1449014886748238466 1449014886828465052
1449014886798197989 1449014886878418270
1449014886848235899 1449014886928420239
1449014886898219647 1449014886978420729
1449014886948233724 1449014887028449047
1449014886998217458 1449014887078455009
1449014887098239337 1449014887178484605
1449014887148236756 1449014887228435429
1449014887198236831 1449014887278516788
1449014887248236331 1449014887328512873
1449014887298237154 1449014887378427318
1449014887348177147 1449014887428447922
1449014887398270212 1449014887478473809
1449014887448236697 1449014887528444871
1449014887498229743 1449014887578479692
1449014887548234168 1449014887628472082
1449014887598219472 1449014887678491588
1449014887648185580 1449014887728500078
1449014887698250472 1449014887778520436
1449014887748179101 1449014887828412306
1449014887798266267 1449014887878537380
1449014887848237359 1449014887928477519
1449014887898232553 1449014887978503510
1449014887948235759 1449014888028491126
