1449010253160257159 1449010253200431302
1449010253210268095 1449010253250500373
1449010253260304646 1449010253300542757
1449010253310283847 1449010253350541292
1449010253360307923 1449010253400565151
1449010253410289406 1449010253450519214
1449010253460304077 1449010253500500320
1449010253510272503 1449010253550569107
1449010253610279826 1449010253650528330
1449010253660313838 1449010253700550920
1449010253710312793 1449010253750555635
1449010253760310957 1449010253800551216
1449010253810312866 1449010253850565092
1449010253860310068 1449010253900505953
1449010253910312224 1449010253950588014
1449010253960313919 1449010254000580227
1449010254010311592 1449010254050579387
1449010254060314123 1449010254100581356
1449010254160305038 1449010254200575449
1449010254210283160 1449010254250514432
1449010254260302916 1449010254300522003
1449010254310268436 1449010254350508514
1449010254360314157 1449010254400536950
1449010254410275905 1449010254450428664
1449010254460273775 1449010254500429200
1449010254560257255 1449010254600495391
1449010254610308658 1449010254650578862
1449010254660317262 1449010254700550853
1449010254710279176 1449010254750512106
1449010254760246177 1449010254800459181
1449010254860259131 1449010254900488861
1449010254910308980 1449010254950533073
1449010254960274971 1449010255000429598
1449010255010298449 1449010255050548828
1449010255060279781 1449010255100427240
1449010255110259622 1449010255150380532
1449010255160250830 1449010255200410929
1449010255210310034 1449010255250577261
1449010255310304608 1449010255350554505
1449010255410258628 1449010255450442531
1449010255460269231 1449010255500385458
1449010255510267633 1449010255550409883
1449010255560265509 1449010255600435719
1449010255610308595 1449010255650515558
1449010255710282874 1449010255750421795
1449010255810308223 1449010255850521253
1449010255860298726 1449010255900600013
1449010255910315739 1449010255950539474
1449010255960315764 1449010256000587788
1449010256010316964 1449010256050593315
1449010256060302313 1449010256100572379
1449010256160295620 1449010256200523454
1449010256210315319 1449010256250545709
1449010256310312920 1449010256350538596
1449010256360298803 1449010256400490936
1449010256410278652 1449010256450508510
1449010256460284884 1449010256500462815
1449010256510254594 1449010256550368131
1449010256560237710 1449010256600458174
1449010256610307522 1449010256650578013
1449010256660315539 1449010256700584305
1449010256710316736 1449010256750583913
1449010256760316036 1449010256800538969
1449010256810251126 1449010256850483902
1449010256860318631 1449010256900589533
1449010256910317994 1449010256950588736
1449010256960313098 1449010257000556283
1449010257010314873 1449010257050586580
1449010257060316856 1449010257100583050
1449010257110315567 1449010257150589857
1449010257160312996 1449010257200583520
1449010257210313575 1449010257250586395
1449010257260312451 1449010257300580870
1449010257310312128 1449010257350568878
1449010257360296387 1449010257400531404
1449010257410323657 1449010257450570561
1449010257560287780 1449010257600528182
1449010257610291727 1449010257650527990
1449010257660308914 1449010257700570147
1449010257710317137 1449010257750581183
1449010257760318672 1449010257800560908
1449010257810258342 1449010257850487353
1449010257860277939 1449010257900538534
1449010257960315476 1449010258000576900
1449010258010315748 1449010258050575378
1449010258060312295 1449010258100571494
1449010258110317512 1449010258150575224
1449010258160297869 1449010258200541699
1449010258210314751 1449010258250574287
1449010258260314472 1449010258300541835
1449010258310298177 1449010258350541503
1449010258360315928 1449010258400577546
1449010258460315710 1449010258500477991
1449010258510274892 1449010258550569027
1449010258560316645 1449010258600577297
1449010258610277361 1449010258650524776
1449010258660315899 1449010258700574146
1449010258710314989 1449010258750563881
1449010258760317315 1449010258800584569
1449010258810316418 1449010258850524310
1449010258860298779 1449010258900583526
1449010258910310771 1449010258950593486
1449010258960305935 1449010259000592168
1449010259010265655 1449010259050538658
1449010259060298380 1449010259100599270
1449010259110312831 1449010259150587248
1449010259160314269 1449010259200564384
1449010259210295428 1449010259250506040
1449010259260312431 1449010259300579922
1449010259310313578 1449010259350539154
1449010259360311963 1449010259400574843
1449010259460315062 1449010259500557834
1449010259560297211 1449010259600558829
1449010259610316824 1449010259650578030
1449010259660316898 1449010259700583056
1449010259710315530 1449010259750544664
1449010259760317132 1449010259800577610
1449010259810316361 1449010259850575703
1449010259860313316 1449010259900573620
1449010259910315084 1449010259950558711
1449010259960313338 1449010260000574521
1449010260010312277 1449010260050572057
1449010260110297363 1449010260150532002
1449010260160271292 1449010260200506406
1449010260210315426 1449010260250571822
1449010260260313737 1449010260300575692
1449010260310313381 1449010260350539929
1449010260360316459 1449010260400581718
1449010260410317837 1449010260450580434
1449010260510278782 1449010260550507695
1449010260560317454 1449010260600577751
1449010260610316466 1449010260650578431
1449010260710315807 1449010260750574595
1449010260760314162 1449010260800572258
1449010260810316829 1449010260850536515
1449010260860251005 1449010260900461322
1449010260960314347 1449010261000586442
1449010261010314743 1449010261050561042
1449010261060281185 1449010261100512153
1449010261160299051 1449010261200570124
1449010261210317137 1449010261250578631
1449010261260317984 1449010261300575408
1449010261310316702 1449010261350580708
1449010261360316426 1449010261400553468
1449010261410399747 1449010261450653168
1449010261460288465 1449010261500511649
1449010261510249388 1449010261550405002
1449010261560286200 1449010261600504519
1449010261660265545 1449010261700476144
1449010261710261648 1449010261750453116
1449010261760259595 1449010261800447889
1449010261810257608 1449010261850443050
1449010261860305541 1449010261900538380
1449010261910313711 1449010261950504570
1449010261960252561 1449010262000471498
1449010262010316373 1449010262050583162
1449010262060298728 1449010262100460069
1449010262160277640 1449010262200510786
1449010262210284496 1449010262250442369
1449010262260284481 1449010262300551056
1449010262310303820 1449010262350556834
1449010262360279639 1449010262400530272
1449010262410277576 1449010262450538669
1449010262460327290 1449010262500554526
1449010262510256152 1449010262550394588
1449010262560274187 1449010262600461989
1449010262610304509 1449010262650452915
1449010262660296977 1449010262700523224
1449010262710295849 1449010262750519671
1449010262760265541 1449010262800473066
1449010262810269672 1449010262850519125
1449010262860271417 1449010262900472257
1449010262910248383 1449010262950361902
1449010263010307510 1449010263050523350
1449010263060294131 1449010263100509891
1449010263110276228 1449010263150525491
1449010263160282247 1449010263200495905
1449010263210253176 1449010263250446191
1449010263260251298 1449010263300437816
1449010263310265663 1449010263350511942
1449010263360311214 1449010263400513634
1449010263410249590 1449010263450351367
1449010263460272292 1449010263500395235
1449010263510328376 1449010263550461536
1449010263560256101 1449010263600365875
1449010263610252115 1449010263650460611
1449010263660242731 1449010263700400346
1449010263710266626 1449010263750380930
1449010263760270837 1449010263800493128
1449010263810270314 1449010263850525032
1449010263910312408 1449010263950582929
1449010264010314897 1449010264050544144
1449010264060312506 1449010264100591687
1449010264110316657 1449010264150600368
1449010264160313170 1449010264200577243
1449010264210267391 1449010264250513263
1449010264260307560 1449010264300573721
1449010264410311069 1449010264450497472
1449010264460297696 1449010264500513096
1449010264510311272 1449010264550500221
1449010264560274393 1449010264600422510
1449010264610272246 1449010264650414822
1449010264660258190 1449010264700386605
1449010264710259314 1449010264750440287
1449010264810265543 1449010264850416830
1449010264860246248 1449010264900367185
1449010264910263605 1449010264950438375
1449010264960309844 1449010265000539218
1449010265010275364 1449010265050429079
1449010265060280224 1449010265100451609
1449010265110240616 1449010265150371579
1449010265260294457 1449010265300487871
1449010265310252881 1449010265350470923
1449010265360302324 1449010265400478892
1449010265410273119 1449010265450520147
1449010265560275790 1449010265600495248
1449010265610281227 1449010265650513578
1449010265660291705 1449010265700529472
1449010265710281289 1449010265750552204
1449010265760292673 1449010265800550722
1449010265810314908 1449010265850489986
1449010265860267587 1449010265900410519
1449010265910247556 1449010265950393273
1449010266010258381 1449010266050415057
1449010266060247239 1449010266100392913
1449010266110254019 1449010266150396080
1449010266160257877 1449010266200404507
1449010266210266944 1449010266250518545
1449010266260289202 1449010266300517437
1449010266310284339 1449010266350533314
1449010266410321155 1449010266450590874
1449010266460274046 1449010266500489232
1449010266510273099 1449010266550448153
1449010266560265633 1449010266600413945
1449010266610249951 1449010266650372320
1449010266710258960 1449010266750393363
1449010266760253713 1449010266800418052
1449010266810268560 1449010266850482549
1449010266860302421 1449010266900525578
1449010266910266551 1449010266950459667
1449010266960265403 1449010267000506850
1449010267060297379 1449010267100523121
1449010267110284708 1449010267150510821
1449010267160308897 1449010267200553580
1449010267210283728 1449010267250496478
1449010267260285494 1449010267300505731
1449010267310314013 1449010267350558675
1449010267360314338 1449010267400558456
1449010267410299035 1449010267450532652
1449010267460282673 1449010267500441724
1449010267510256919 1449010267550370708
1449010267560251307 1449010267600372513
1449010267660257506 1449010267700359810
1449010267710250747 1449010267750362625
1449010267760243344 1449010267800433514
1449010267810317511 1449010267850558348
1449010267860253276 1449010267900466007
1449010267910318579 1449010267950561144
1449010267960296968 1449010268000540862
1449010268010309237 1449010268050535037
1449010268060277019 1449010268100497193
1449010268110317790 1449010268150560314
1449010268160266672 1449010268200504595
1449010268210318270 1449010268250559628
1449010268260267596 1449010268300478202
1449010268360262534 1449010268400487198
1449010268410281515 1449010268450502320
1449010268460268744 1449010268500507684
1449010268510285647 1449010268550533520
1449010268560290433 1449010268600501379
1449010268610251830 1449010268650458814
1449010268660313317 1449010268700563008
1449010268710313115 1449010268750551463
1449010268760295957 1449010268800539921
1449010268810296460 1449010268850478848
1449010268860273312 1449010268900514978
1449010268910311002 1449010268950480045
1449010268960280357 1449010269000524826
1449010269010300471 1449010269050563335
1449010269060270250 1449010269100498028
1449010269110335383 1449010269150611116
1449010269210293387 1449010269250525000
1449010269260270126 1449010269300507304
1449010269310299955 1449010269350551185
1449010269360316340 1449010269400591241
1449010269460316783 1449010269500587912
1449010269560309787 1449010269600572477
1449010269610315241 1449010269650582858
1449010269710315718 1449010269750587989
1449010269760313273 1449010269800582324
1449010269810314220 1449010269850587020
1449010269860314409 1449010269900585695
1449010269910309526 1449010269950579291
1449010269960311204 1449010270000527733
1449010270010253204 1449010270050436684
1449010270060245167 1449010270100407483
1449010270110238537 1449010270150407705
1449010270160240015 1449010270200478620
1449010270210307603 1449010270250581000
1449010270260316618 1449010270300589831
1449010270310316395 1449010270350588991
1449010270360317225 1449010270400585842
1449010270410315796 1449010270450587684
1449010270460316650 1449010270500591587
1449010270510314025 1449010270550589370
1449010270560316779 1449010270600588009
1449010270610287207 1449010270650517016
1449010270660317724 1449010270700586715
1449010270710316215 1449010270750589105
1449010270760311536 1449010270800580651
1449010270810310806 1449010270850544704
1449010270860312935 1449010270900544164
1449010270910313020 1449010270950582729
1449010270960312597 1449010271000551715
1449010271010317029 1449010271050552734
1449010271060269121 1449010271100531034
1449010271160314196 1449010271200591055
1449010271210315845 1449010271250588731
1449010271260301336 1449010271300572656
1449010271310312840 1449010271350586448
1449010271360316764 1449010271400584485
1449010271410300525 1449010271450543203
1449010271460315083 1449010271500561262
1449010271510315946 1449010271550558941
1449010271560315096 1449010271600559093
1449010271610291854 1449010271650543228
1449010271660317143 1449010271700556162
1449010271710298666 1449010271750537675
1449010271760312161 1449010271800551241
1449010271810318316 1449010271850563570
1449010271860315578 1449010271900560708
1449010271910316448 1449010271950561902
1449010271960311515 1449010272000541340
1449010272010266411 1449010272050512563
1449010272060316559 1449010272100564833
1449010272110317760 1449010272150560842
1449010272160317464 1449010272200562634
1449010272210316048 1449010272250557911
1449010272310316158 1449010272350567960
1449010272360317957 1449010272400569097
1449010272410317718 1449010272450566058
1449010272460314999 1449010272500566187
1449010272560314715 1449010272600560814
1449010272610316988 1449010272650558750
1449010272660313672 1449010272700558077
1449010272710314772 1449010272750560721
1449010272760312341 1449010272800556843
1449010272810315049 1449010272850559264
1449010272910293573 1449010272950545295
1449010272960265177 1449010273000490428
1449010273060311287 1449010273100583435
1449010273110316083 1449010273150549249
1449010273160313301 1449010273200582118
1449010273210318695 1449010273250593168
1449010273260315716 1449010273300588291
1449010273310313966 1449010273350586422
1449010273360311836 1449010273400581736
1449010273410318296 1449010273450588299
1449010273460312223 1449010273500582727
1449010273560316325 1449010273600587006
1449010273610316734 1449010273650587001
1449010273660315279 1449010273700586936
1449010273710309206 1449010273750573964
1449010273810314087 1449010273850577578
1449010273860268274 1449010273900501474
1449010273910319325 1449010273950569282
1449010273960310165 1449010274000576951
1449010274010315265 1449010274050577804
1449010274110315448 1449010274150581475
1449010274160312593 1449010274200557880
1449010274210313930 1449010274250580696
1449010274260310350 1449010274300575549
1449010274310310950 1449010274350576175
1449010274360314452 1449010274400575318
1449010274410317023 1449010274450573191
1449010274510313340 1449010274550578082
1449010274560314311 1449010274600578143
1449010274610312765 1449010274650574399
1449010274660307277 1449010274700569209
1449010274710313216 1449010274750576156
1449010274760311700 1449010274800559246
1449010274810294048 1449010274850530014
1449010274860311656 1449010274900557344
1449010274910296643 1449010274950517759
1449010274960314829 1449010275000576978
1449010275060296230 1449010275100517977
1449010275110316510 1449010275150580567
1449010275160315573 1449010275200533759
1449010275210314241 1449010275250577716
1449010275260314667 1449010275300540219
1449010275310312530 1449010275350537989
1449010275360311913 1449010275400577957
1449010275410318065 1449010275450584393
1449010275460315394 1449010275500581000
1449010275510316448 1449010275550576040
1449010275560312259 1449010275600574157
1449010275610281528 1449010275650543349
1449010275660298153 1449010275700562263
1449010275810266352 1449010275850541330
1449010275960317385 1449010276000593582
1449010276010316464 1449010276050593266
1449010276110314810 1449010276150595303
1449010276160315352 1449010276200593845
1449010276210314295 1449010276250584037
1449010276260318105 1449010276300591559
1449010276310313476 1449010276350585617
1449010276360315832 1449010276400587589
1449010276410313542 1449010276450556931
1449010276460310553 1449010276500579250
1449010276510289567 1449010276550467940
1449010276560252926 1449010276600485640
1449010276610314873 1449010276650529300
1449010276660297656 1449010276700551222
1449010276710308759 1449010276750561747
1449010276760300445 1449010276800564153
1449010276810313536 1449010276850587788
1449010276860312277 1449010276900587312
1449010276910315570 1449010276950584985
1449010277010308282 1449010277050577624
1449010277060318330 1449010277100596797
1449010277110315040 1449010277150573231
1449010277210313924 1449010277250588922
1449010277260313214 1449010277300583160
1449010277310313706 1449010277350529383
1449010277360311549 1449010277400563882
1449010277410314962 1449010277450544142
1449010277460313703 1449010277500576838
1449010277510312462 1449010277550492720
1449010277560250172 1449010277600476055
1449010277610305916 1449010277650577730
1449010277660307692 1449010277700559019
1449010277710268224 1449010277750483272
1449010277760313494 1449010277800595655
1449010277810312186 1449010277850581204
1449010277860301697 1449010277900555196
1449010277910314230 1449010277950557472
1449010277960313871 1449010278000559605
1449010278010317022 1449010278050559566
1449010278060316322 1449010278100559591
1449010278110317723 1449010278150546773
1449010278160317117 1449010278200560857
1449010278210312320 1449010278250561049
1449010278260297194 1449010278300543300
1449010278310314354 1449010278350557069
1449010278360312548 1449010278400558246
1449010278410314153 1449010278450558592
1449010278460311816 1449010278500556094
1449010278510283854 1449010278550528382
1449010278560311655 1449010278600549675
1449010278610300230 1449010278650496333
1449010278660265533 1449010278700543177
1449010278710295669 1449010278750541818
1449010278760316862 1449010278800592351
1449010278860313323 1449010278900522672
1449010278910314948 1449010278950525072
1449010278960307817 1449010279000576517
1449010279010318496 1449010279050588262
1449010279060317709 1449010279100495765
1449010279110312446 1449010279150577841
1449010279160315058 1449010279200552150
1449010279210312596 1449010279250578759
1449010279260313551 1449010279300529054
1449010279310288190 1449010279350561760
1449010279360308816 1449010279400524754
1449010279410315713 1449010279450599167
1449010279560295943 1449010279600527970
1449010279660311881 1449010279700576840
1449010279710315688 1449010279750550528
1449010279760315589 1449010279800573712
1449010279810314675 1449010279850586907
1449010279910311801 1449010279950584808
1449010279960311288 1449010280000583844
1449010280010316575 1449010280050588302
1449010280060264648 1449010280100534077
1449010280160313792 1449010280200549398
1449010280260310441 1449010280300575616
1449010280310312881 1449010280350586375
1449010280360313898 1449010280400533928
1449010280410312877 1449010280450545412
1449010280460314522 1449010280500565569
1449010280510280643 1449010280550508508
1449010280560313586 1449010280600583689
1449010280610316684 1449010280650589283
1449010280660288722 1449010280700555936
1449010280710314395 1449010280750490111
1449010280760314119 1449010280800578657
1449010280810316322 1449010280850587605
1449010280860312361 1449010280900576678
1449010280910317274 1449010280950588155
1449010280960315701 1449010281000586460
1449010281010316348 1449010281050583117
1449010281060313426 1449010281100581889
1449010281110311476 1449010281150557114
1449010281160314972 1449010281200580451
1449010281210315274 1449010281250586246
1449010281260313180 1449010281300575717
1449010281310313225 1449010281350538370
1449010281360312458 1449010281400581626
1449010281410309286 1449010281450556287
1449010281460276573 1449010281500542657
1449010281510314049 1449010281550523889
1449010281610315916 1449010281650587018
1449010281660297322 1449010281700569293
1449010281710323810 1449010281750592196
1449010281760306900 1449010281800562467
1449010281810310616 1449010281850581755
1449010281860311499 1449010281900574801
1449010281910313532 1449010281950582676
1449010281960314796 1449010282000584823
1449010282010311938 1449010282050578399
1449010282060314441 1449010282100580576
1449010282110314626 1449010282150580707
1449010282160311260 1449010282200579833
1449010282210314622 1449010282250585113
1449010282260311487 1449010282300574524
1449010282310310643 1449010282350574742
1449010282360296773 1449010282400516118
1449010282410273261 1449010282450533949
1449010282460316821 1449010282500585247
1449010282560314241 1449010282600582049
1449010282610315559 1449010282650585161
1449010282660312964 1449010282700583923
1449010282710316116 1449010282750582491
1449010282760315432 1449010282800586414
1449010282810315253 1449010282850584010
1449010282860312568 1449010282900582638
1449010282910317210 1449010282950585553
1449010282960296391 1449010283000563030
1449010283010315736 1449010283050567598
