1449007545215041538
1449007545265029402
1449007545315010307
1449007545365036424
1449007545415039212
1449007545464978900
1449007545515014348
1449007545565005419
1449007545615020151
1449007545665007734
1449007545715038755
1449007545765042719
1449007545815007324
1449007545865039451
1449007545915003815
1449007545965039146
1449007546015037791
1449007546065016618
1449007546115024952
1449007546165042346
1449007546215032809
1449007546265023556
1449007546315036904
1449007546365004799
1449007546415040411
1449007546465012259
1449007546515038533
1449007546565032738
1449007546615022620
1449007546665035657
1449007546715002189
1449007546764989569
1449007546814992052
1449007546864981952
1449007546915016557
1449007546964991706
1449007547015020716
1449007547065004717
1449007547115020628
1449007547165010717
1449007547215028726
1449007547265040237
1449007547315031909
1449007547365019102
1449007547415022601
1449007547465027052
1449007547515001446
1449007547565017948
1449007547615023528
1449007547665041180
1449007547715047382
1449007547765039365
1449007547815024650
1449007547865000526
1449007547915036967
1449007547964994980
1449007548015039038
1449007548065022592
1449007548115042131
1449007548165039586
1449007548215037429
1449007548265040407
1449007548315042296
1449007548365042374
1449007548415039894
1449007548465040396
1449007548515037467
1449007548565008022
1449007548615037961
1449007548665001593
1449007548715039982
1449007548765039569
1449007548815005272
1449007548865039962
1449007548915037264
1449007548964992514
1449007549015019386
1449007549065042717
1449007549115007288
1449007549165040231
1449007549215027149
1449007549265042676
1449007549315015429
1449007549365023963
1449007549415030736
1449007549465016171
1449007549515001954
1449007549565028592
1449007549615038152
1449007549665046188
1449007549715016124
1449007549765020613
1449007549815024249
1449007549865028126
1449007549915016086
1449007549965015363
1449007550015022717
1449007550065031168
1449007550115046497
1449007550165027121
1449007550215016492
1449007550265008412
1449007550315023982
1449007550365003440
1449007550414993027
1449007550465001241
1449007550515042452
1449007550565044311
1449007550615041793
1449007550665006455
1449007550715040834
1449007550765040722
1449007550815043292
1449007550865010162
1449007550915040579
1449007550965033748
1449007551015006304
1449007551065022702
1449007551115041496
1449007551165004423
1449007551215036200
1449007551265039272
1449007551315036340
1449007551365039909
1449007551415040555
1449007551465053098
1449007551515041928
1449007551565047141
1449007551615037818
1449007551665041467
1449007551715042762
1449007551765040227
1449007551815040466
1449007551865042565
1449007551915022354
1449007551965052627
1449007552015042703
1449007552065003448
1449007552115025587
1449007552165039650
1449007552215039551
1449007552265039318
1449007552315041819
1449007552365042254
1449007552415041514
1449007552465040573
1449007552515040344
1449007552565039514
1449007552615040818
1449007552665041200
1449007552715037994
1449007552765037668
1449007552815036620
1449007552865025166
1449007552915003117
1449007552965022532
1449007553015042659
1449007553064989737
1449007553115037895
1449007553165016875
1449007553215030440
1449007553265033649
1449007553315000980
1449007553365016436
1449007553415035644
1449007553465013265
1449007553515017573
1449007553564975643
1449007553614974312
1449007553665005212
1449007553715020324
1449007553765022113
1449007553815032544
1449007553865003911
1449007553915005479
1449007553965039795
1449007554015096976
1449007554065036891
1449007554115019877
1449007554165040448
1449007554215040286
1449007554265037828
1449007554315025525
1449007554365038002
1449007554415040335
1449007554465038505
1449007554515039405
1449007554565043884
1449007554615031971
1449007554665035120
1449007554715034389
1449007554765024699
1449007554815004484
1449007554865039057
1449007554915001256
1449007554965037600
1449007555015033629
1449007555065002206
1449007555115040263
1449007555165037235
1449007555215037236
1449007555265038069
1449007555315007231
1449007555365039749
1449007555415036864
1449007555464986314
1449007555515035684
1449007555565041876
1449007555615034664
1449007555665037088
1449007555715018841
1449007555764995997
1449007555815039627
1449007555865042104
1449007555915041227
1449007555965040092
1449007556015040197
1449007556065039557
1449007556115036642
1449007556165040415
1449007556215037309
1449007556265039175
1449007556315038050
1449007556365040678
1449007556415037241
1449007556465040847
1449007556515035239
1449007556565005326
1449007556615036829
1449007556664992112
1449007556715039494
1449007556765037672
1449007556815042781
1449007556865011759
1449007556915039981
1449007556965034757
1449007557015039897
1449007557065040559
1449007557115039251
1449007557165022501
1449007557215006189
1449007557265006882
1449007557315036467
1449007557365039525
1449007557415035197
1449007557465039327
1449007557515002692
1449007557565040596
1449007557615010880
1449007557665002840
1449007557715020485
1449007557765004800
1449007557815020233
1449007557865013232
1449007557915012295
1449007557965025336
1449007558015036065
1449007558065002724
1449007558115035125
1449007558165001594
1449007558215023498
1449007558265032971
1449007558315037164
1449007558365013973
1449007558415012695
1449007558465020361
1449007558515034892
1449007558565055300
1449007558615004476
1449007558664987141
1449007558715002474
1449007558765011816
1449007558815035498
1449007558865012073
1449007558915020136
1449007558965032529
1449007559015004253
1449007559065054077
1449007559115040100
1449007559165038698
1449007559215028703
1449007559265037538
1449007559315039313
1449007559365022233
1449007559415041334
1449007559465002157
1449007559514999913
1449007559565039126
1449007559615017933
1449007559665055363
1449007559715038038
1449007559765035357
1449007559815038502
1449007559865039161
1449007559915023908
1449007559965040771
1449007560015037027
1449007560065040109
1449007560115035673
1449007560165039306
1449007560215038726
1449007560264996679
1449007560315017290
1449007560365038149
1449007560415037766
1449007560465041389
1449007560515019962
1449007560565002801
1449007560614993488
1449007560664991324
1449007560715002190
1449007560765039800
1449007560815037509
1449007560865006420
1449007560914998413
1449007560965038516
1449007561015039112
1449007561065038525
1449007561115035309
1449007561165040479
1449007561215040931
1449007561265039556
1449007561314990650
1449007561365038921
1449007561415023263
1449007561465045411
1449007561515035600
1449007561565003753
1449007561615048101
1449007561664987305
1449007561715034092
1449007561765049375
1449007561815029708
1449007561865002892
1449007561915046934
1449007561965047296
1449007562015046151
1449007562065011066
1449007562115022584
1449007562165044491
1449007562215001649
1449007562265014255
1449007562315043025
1449007562365026997
1449007562415025191
1449007562465045184
1449007562515040184
1449007562565023007
1449007562615005956
1449007562665024312
1449007562715041142
1449007562765041270
1449007562815041442
1449007562865040792
1449007562915041314
1449007562964990005
1449007563015041791
1449007563065042217
1449007563115019056
1449007563165041304
1449007563215041526
1449007563265012101
1449007563315042488
1449007563365038814
1449007563415037115
1449007563465037691
1449007563514986596
1449007563564990764
1449007563615034614
1449007563665040242
1449007563715038653
1449007563765042503
1449007563815037847
1449007563865033091
1449007563915042447
1449007563965040751
1449007564015037221
1449007564065040720
1449007564115037043
1449007564165039600
1449007564215036064
1449007564265039155
1449007564315039163
1449007564365039669
1449007564415019789
1449007564465039779
1449007564515000114
1449007564565039561
1449007564615013874
1449007564665043496
1449007564715010973
1449007564765042961
1449007564815014214
1449007564865044761
1449007564915020434
1449007564965007362
1449007565015033436
1449007565065041586
1449007565115040013
1449007565165040947
1449007565215038883
1449007565265035557
1449007565315033668
1449007565365035988
1449007565415020918
1449007565465005271
1449007565515036068
1449007565565041058
1449007565615037638
1449007565665041378
1449007565715025907
1449007565765037719
1449007565815038846
1449007565865040013
1449007565915022946
1449007565965003787
1449007566015020954
1449007566065039775
1449007566115036185
1449007566165038782
1449007566215004512
1449007566264997875
1449007566315039728
1449007566365036435
1449007566415005263
1449007566465039054
1449007566515039119
1449007566565040309
1449007566615036759
1449007566665039534
1449007566715040551
1449007566765004941
1449007566815041034
1449007566865040658
1449007566915043058
1449007566965042515
1449007567015040134
1449007567065010876
1449007567115003875
1449007567164991956
1449007567215026779
1449007567265042844
1449007567315044148
1449007567364990752
1449007567415042236
1449007567465024999
1449007567515037161
1449007567564993650
1449007567615041253
1449007567665040422
1449007567715041827
1449007567765037435
1449007567815041920
1449007567865040862
1449007567915034123
1449007567965038940
1449007568015037151
1449007568065040750
1449007568115039629
1449007568165039978
1449007568215034363
1449007568265034792
1449007568315021828
1449007568365042416
1449007568415039818
1449007568465039929
1449007568515041357
1449007568564989919
1449007568615034264
1449007568665039998
1449007568715038540
1449007568765037629
1449007568815040700
1449007568864987167
1449007568915034319
1449007568965040320
1449007569015036222
1449007569065040376
1449007569115038366
1449007569165041218
1449007569215020502
1449007569265025551
1449007569315003429
1449007569365041383
1449007569415037890
1449007569465042622
1449007569515035080
1449007569565040747
1449007569615039843
1449007569665032735
1449007569715039288
1449007569764975766
1449007569815039297
1449007569865038934
1449007569915038705
1449007569965040086
1449007570015039526
1449007570065039735
1449007570115035951
1449007570165038986
1449007570215018945
1449007570265007591
1449007570315035529
1449007570365039953
1449007570415037048
1449007570465040100
1449007570515036723
1449007570565040714
1449007570615039827
1449007570665039591
1449007570715039525
1449007570765041468
1449007570815038726
1449007570865044601
1449007570915040319
1449007570965041065
1449007571015037639
1449007571065040503
1449007571115035904
1449007571165021433
1449007571215037123
1449007571265038942
1449007571315039768
1449007571365040545
1449007571415040757
1449007571465005361
1449007571515041932
1449007571565041626
1449007571615040401
1449007571665039828
1449007571715039746
1449007571765039366
1449007571815039130
1449007571865040682
1449007571915038542
1449007571965038810
1449007572015038554
1449007572065042688
1449007572114988844
1449007572165040934
1449007572215042432
1449007572264988979
1449007572315040557
1449007572365007096
1449007572415040463
1449007572465022547
1449007572515038815
1449007572565023151
1449007572615039048
1449007572664988949
1449007572715035593
1449007572765000912
1449007572815035185
1449007572864987909
1449007572915032729
1449007572965039712
1449007573015018920
1449007573065038646
1449007573115044471
1449007573165039828
1449007573215039502
1449007573265039580
1449007573315018988
1449007573365039710
1449007573415039370
1449007573465039753
1449007573515040151
1449007573565043016
1449007573615038711
1449007573665039878
1449007573715038864
1449007573765041090
1449007573814976778
1449007573865040912
1449007573915005310
1449007573964996605
1449007574015044194
1449007574065036585
1449007574115036807
1449007574165039577
1449007574215014696
1449007574265041190
1449007574315000870
1449007574365040167
1449007574415036601
1449007574465052993
1449007574515040208
1449007574565050820
1449007574615039459
1449007574665050619
1449007574715047530
1449007574765039513
1449007574815021494
1449007574865020747
1449007574915003402
