1449007636144791281 1449007636305041068
1449007636194803032 1449007636355069524
1449007636244762181 1449007636404916799
1449007636294780794 1449007636455044179
1449007636344791082 1449007636505049760
1449007636394787165 1449007636555213603
1449007636444791188 1449007636605021445
1449007636494791781 1449007636655056268
1449007636544767567 1449007637175161765
1449007636594787634 1449007637175216753
1449007636644785922 1449007637175235361
1449007636694784888 1449007637175250509
1449007636744776654 1449007637175267133
1449007636794786718 1449007637175283053
1449007636844799147 1449007637175299022
1449007636894787656 1449007637175314046
1449007636944788706 1449007637495289403
1449007636994785397 1449007637495333977
1449007637044787900 1449007637495353842
1449007637094787110 1449007637495370202
1449007637144785889 1449007637865437979
1449007637194785342 1449007637865491397
1449007637244778658 1449007638135610982
1449007637294788011 1449007638135666722
1449007637344785877 1449007638135684682
1449007637394786944 1449007638135700842
1449007637444788051 1449007638135718753
1449007637494787595 1449007638135735838
1449007637544788973 1449007638135751096
1449007637594786094 1449007638135766194
1449007637644788184 1449007638135781816
1449007637694787610 1449007638135798109
1449007637744788343 1449007638135814954
1449007637794786554 1449007638135830372
1449007637844793030 1449007638135846115
1449007637894791441 1449007638135861069
1449007637944792902 1449007638135876540
1449007637994791698 1449007638455751643
1449007638044792591 1449007638455807282
1449007638094791710 1449007638455825386
1449007638144792861 1449007638455840541
1449007638194792274 1449007638455857082
1449007638244791507 1449007638455874875
1449007638294791702 1449007638455893073
1449007638344808525 1449007638505097117
1449007638394791318 1449007638555078125
1449007638444793858 1449007638605061666
1449007638494788644 1449007638655021439
1449007638544788385 1449007638775872495
1449007638594784848 1449007638775929397
1449007638644793025 1449007638825233348
1449007638694782613 1449007638875229033
1449007638744786770 1449007638925220498
1449007638794779999 1449007638975154677
1449007638844783438 1449007639096041029
1449007638894778525 1449007639096097019
1449007638944780678 1449007639145355526
1449007638994778157 1449007639625159144
1449007639044786267 1449007639625218646
1449007639094779904 1449007639625236640
1449007639144784599 1449007639625255309
1449007639194778176 1449007639625272996
1449007639244785273 1449007639625291130
1449007639294779598 1449007639625307571
1449007639344786439 1449007639625354206
1449007639394779160 1449007639625401540
1449007639444782118 1449007640105476172
1449007639494778842 1449007640105531277
1449007639544777791 1449007640105549094
1449007639594785834 1449007640105565351
1449007639644781582 1449007640105582630
1449007639694778410 1449007640105600177
1449007639744785086 1449007640105615852
1449007639794778499 1449007640680876655
1449007639844781935 1449007640680913903
1449007639894779544 1449007640680923781
1449007639944790995 1449007640680932692
1449007639994802365 1449007640680940899
1449007640044784877 1449007640680949233
1449007640094778043 1449007640680957985
1449007640144782524 1449007640680966284
1449007640194778791 1449007640680975209
1449007640244779494 1449007640680985175
1449007640294778332 1449007640680993278
1449007640344784641 1449007640681001442
1449007640394783854 1449007640681009921
1449007640444785730 1449007640745630660
1449007640494778465 1449007640745686082
1449007640544777340 1449007640745705008
1449007640594759601 1449007641065750861
1449007640644787028 1449007641065806279
1449007640694779769 1449007641065823682
1449007640744779851 1449007641065838509
1449007640794787025 1449007641065855742
1449007640844787448 1449007641065872840
1449007640894785648 1449007641065889371
1449007640944784821 1449007641105040535
1449007640994785237 1449007641385907414
1449007641044788315 1449007641385964941
1449007641094786883 1449007641385984412
1449007641144788094 1449007641386002900
1449007641194787995 1449007641386022268
1449007641244787976 1449007641405047285
1449007641294784640 1449007641455019917
1449007641344787204 1449007641706048499
1449007641394783871 1449007641706104469
1449007641444792472 1449007641706123001
1449007641494784649 1449007641706138433
1449007641544803623 1449007641706157686
1449007641594786572 1449007641755043990
1449007641644807732 1449007641805069713
1449007641694778006 1449007641855033162
1449007641744784488 1449007642026202777
1449007641794786925 1449007642026260097
1449007641844784698 1449007642026281369
1449007641894785926 1449007642075202815
1449007641944788967 1449007642125222835
1449007641994789931 1449007642175182956
1449007642044787513 1449007642346338293
1449007642094785166 1449007642346394393
1449007642144789293 1449007642346413113
1449007642194787868 1449007642395309242
1449007642244777446 1449007642445313018
1449007642294784733 1449007642495270968
1449007642344786479 1449007642715534705
1449007642394785909 1449007642715591306
1449007642444812113 1449007642715609431
1449007642494786780 1449007642715625447
1449007642544793402 1449007642715644443
1449007642594788527 1449007642755072288
1449007642644788177 1449007642815443380
1449007642694788172 1449007642855046325
1449007642744787275 1449007643075193063
1449007642794786688 1449007643075248332
1449007642844789566 1449007643075266009
1449007642894789373 1449007643075283939
1449007642944790003 1449007643105073490
1449007642994789092 1449007643155032405
1449007643044788221 1449007643205049234
1449007643094789001 1449007643255038077
1449007643144789888 1449007643425210084
1449007643194791520 1449007643425264608
1449007643244789750 1449007643425284223
1449007643294789611 1449007643455072283
1449007643344771361 1449007643525156389
1449007643394786838 1449007643555045007
1449007643444788830 1449007643664895408
1449007643494786981 1449007643664969071
1449007643544788064 1449007643775169154
1449007643594787214 1449007643775227099
1449007643644788044 1449007643805379619
1449007643694787327 1449007643875178365
1449007643744785608 1449007643905046343
1449007643794784406 1449007644088962244
1449007643844786886 1449007644089019113
1449007643894787466 1449007644089040231
1449007643944788610 1449007644225193515
1449007643994787859 1449007644225248804
1449007644044787360 1449007644225267877
1449007644094780783 1449007644255021476
1449007644144766919 1449007644304946897
1449007644194772914 1449007644355032844
1449007644244769932 1449007644404988480
1449007644294770865 1449007644508912569
1449007644344771699 1449007644508970016
1449007644394771510 1449007644575171000
1449007644444810870 1449007644605049378
1449007644494811493 1449007644675146714
1449007644544787630 1449007644705017629
1449007644594787979 1449007645225212839
1449007644644805316 1449007645225265051
1449007644694787985 1449007645225285246
1449007644744812499 1449007645225302485
1449007644794787897 1449007645225320984
1449007644844788079 1449007645225340789
1449007644894789881 1449007645225359024
1449007644944788987 1449007645225375063
1449007644994786737 1449007645225392015
1449007645044785171 1449007645225411847
1449007645094785376 1449007645325179927
1449007645144787295 1449007645325238373
1449007645194787247 1449007645375193740
1449007645244786834 1449007645437121641
1449007645294785940 1449007645475131110
1449007645344802291 1449007645525238254
1449007645394797211 1449007645555069970
1449007645444791941 1449007645645252670
1449007645494786169 1449007645655054211
1449007645544788175 1449007645705058228
1449007645594787745 1449007645757271189
1449007645644787543 1449007645805043220
1449007645694784861 1449007645855036108
1449007645744787819 1449007645905074784
1449007645794810302 1449007645955128240
1449007645844789890 1449007646005041154
1449007645894787616 1449007646055037467
1449007645944789027 1449007646105049566
1449007645994787469 1449007646155017354
1449007646044788649 1449007646204982673
1449007646094787829 1449007646255063992
1449007646144807184 1449007646305068043
1449007646194788500 1449007646355009588
1449007646244787960 1449007646875175478
1449007646294784363 1449007646875231228
1449007646344788771 1449007646875249900
1449007646394788692 1449007646875292687
1449007646444780044 1449007646875310050
1449007646494787763 1449007646875325866
1449007646544790704 1449007646875341652
1449007646594788577 1449007646875357888
1449007646644789143 1449007646875374783
1449007646694756170 1449007647615459402
1449007646744789490 1449007647615515445
1449007646794787500 1449007647615533610
1449007646844788577 1449007647615550652
1449007646894786691 1449007647615567005
1449007646944788566 1449007647615584111
1449007646994785524 1449007647615599823
1449007647044787901 1449007647615614356
1449007647094790625 1449007647615630256
1449007647144790205 1449007647615646666
1449007647194789185 1449007647615664022
1449007647244789069 1449007647615679434
1449007647294787747 1449007647615695543
1449007647344788363 1449007647615710193
1449007647394787914 1449007647615724953
1449007647444787397 1449007647615741571
1449007647494787836 1449007647665466262
1449007647544788111 1449007648244854103
1449007647594786890 1449007648244899890
1449007647644788759 1449007648244925554
1449007647694788389 1449007648244932837
1449007647744788177 1449007648244948380
1449007647794784146 1449007648244974105
1449007647844786546 1449007648244990315
1449007647894786404 1449007648245005059
1449007647944787738 1449007648245023758
1449007647994784816 1449007648245041454
1449007648044757511 1449007648255756378
1449007648094770353 1449007648255813475
1449007648144771964 1449007648305000947
1449007648194772721 1449007648375153767
1449007648244777924 1449007648565007115
1449007648294773057 1449007648565062808
1449007648344788203 1449007648565080702
1449007648394789694 1449007648565098345
1449007648444788957 1449007648605027780
1449007648494788728 1449007648655031242
1449007648544790958 1449007648705007824
1449007648594789516 1449007648755009048
1449007648644791762 1449007648805013322
1449007648694789629 1449007648885130363
1449007648744789928 1449007648925170635
1449007648794789752 1449007648975150220
1449007648844791283 1449007649025127433
1449007648894786835 1449007649055009180
1449007648944789405 1449007649105025361
1449007648994808349 1449007649155030684
1449007649044788700 1449007649205242312
1449007649094788911 1449007649255001801
1449007649144772946 1449007649304918280
1449007649194788737 1449007649355016872
1449007649244808937 1449007649405088940
1449007649294771093 1449007649464930228
1449007649344771706 1449007649525394135
1449007649394771246 1449007649555018484
1449007649444771408 1449007649625038411
1449007649494787068 1449007649655034379
1449007649544789044 1449007649725204684
1449007649594788120 1449007649755063351
1449007649644788455 1449007649845479707
1449007649694787918 1449007649855031024
1449007649744788331 1449007649945120342
1449007649794786498 1449007649955035456
1449007649844788507 1449007650157048131
1449007649894784686 1449007650157119132
1449007649944794079 1449007650157141616
1449007649994786296 1449007650157164334
1449007650044788990 1449007650205049999
1449007650094787358 1449007650255020982
1449007650144787586 1449007650304999144
1449007650194787377 1449007650355026584
1449007650244787562 1449007650405007976
1449007650294786809 1449007650455041704
1449007650344785864 1449007650525184192
1449007650394787139 1449007650555036528
1449007650444787768 1449007650625132247
1449007650494786159 1449007650655035796
1449007650544787584 1449007651175182950
1449007650594788220 1449007651175238970
1449007650644787045 1449007651175257202
1449007650694786926 1449007651175273485
1449007650744821132 1449007651175291439
1449007650794831203 1449007651175309687
1449007650844777235 1449007651175325917
1449007650894791004 1449007651175340928
1449007650944787648 1449007651175356209
1449007650994789527 1449007651175372830
1449007651044776485 1449007651265266482
1449007651094787866 1449007651265323220
1449007651144787844 1449007651425236699
1449007651194789198 1449007651425291533
1449007651244789500 1449007651425310406
1449007651294788072 1449007651485615686
1449007651344787872 1449007651505288087
1449007651394788241 1449007651585305342
1449007651444790464 1449007651605053702
1449007651494773380 1449007651745331449
1449007651544774781 1449007651745400903
1449007651594788601 1449007651805782700
1449007651644785906 1449007651805839969
1449007651694787481 1449007651855049623
1449007651744788591 1449007651905029375
1449007651794775857 1449007651955038230
1449007651844769942 1449007652005033694
1449007651894777200 1449007652065378267
1449007651944772133 1449007652575132486
1449007651994771052 1449007652575185797
1449007652044770649 1449007652575201162
1449007652094771980 1449007652575215611
1449007652144770571 1449007652575231147
1449007652194772357 1449007652575245506
1449007652244787208 1449007652575259671
1449007652294787454 1449007652575273800
1449007652344791554 1449007652575287869
1449007652394788402 1449007652725178949
1449007652444788233 1449007652725235457
1449007652494788134 1449007652725253598
1449007652544788559 1449007652725271228
1449007652594788895 1449007653332906641
1449007652644789745 1449007653332960530
1449007652694788159 1449007653332977856
1449007652744789514 1449007653332992676
1449007652794787008 1449007653333009889
1449007652844784846 1449007653333027312
1449007652894801563 1449007653333043575
1449007652944785386 1449007653333059311
1449007652994788314 1449007653333074405
1449007653044789682 1449007653333090084
1449007653094788260 1449007653365437686
1449007653144789384 1449007653365493913
1449007653194787501 1449007653365513327
1449007653244787923 1449007653404991943
1449007653294788175 1449007653653013232
1449007653344787806 1449007653653062577
1449007653394789287 1449007653653081082
1449007653444801382 1449007653653098398
1449007653494786002 1449007653685590598
1449007653544787667 1449007653705001072
1449007653594786683 1449007653755032678
1449007653644788452 1449007653973121315
1449007653694774345 1449007653973176564
1449007653744787940 1449007653973194417
1449007653794787918 1449007653973211747
1449007653844788731 1449007654005721988
1449007653894787299 1449007654055038921
1449007653944786609 1449007654105037539
1449007653994787933 1449007654155029983
1449007654044789448 1449007654293289435
1449007654094773406 1449007654293345943
1449007654144743163 1449007654325871194
1449007654194772166 1449007654425181296
1449007654244770380 1449007654425238028
1449007654294776342 1449007654454971285
1449007654344772805 1449007654504996306
1449007654394773725 1449007654613421058
1449007654444770880 1449007654613478171
1449007654494771005 1449007654654984550
1449007654544813252 1449007654745276300
1449007654594788173 1449007654775203329
1449007654644787349 1449007654975047291
1449007654694787531 1449007654975103836
1449007654744789173 1449007654975122150
1449007654794779359 1449007654975141020
1449007654844780703 1449007655004969509
1449007654894786417 1449007655055044403
1449007654944782326 1449007655105041114
1449007654994779838 1449007655155011695
1449007655044774641 1449007655325122638
1449007655094771088 1449007655325177559
1449007655144811250 1449007655325196562
1449007655194787955 1449007655355025745
1449007655244789330 1449007655425189055
1449007655294787323 1449007655455036920
1449007655344788882 1449007655564941911
1449007655394797135 1449007655564998483
1449007655444780382 1449007655675206791
1449007655494785578 1449007655675276088
1449007655544785509 1449007655705044631
1449007655594783102 1449007655755032829
1449007655644794496 1449007655805102201
1449007655694784291 1449007655855012746
1449007655744787342 1449007655988939577
1449007655794791079 1449007655988992617
1449007655844791655 1449007656025196951
1449007655894786284 1449007656055022871
1449007655944775761 1449007656125159068
1449007655994788752 1449007656155018390
1449007656044825740 1449007656345238087
1449007656094781144 1449007656345282090
1449007656144787780 1449007656345301704
1449007656194775357 1449007656355025849
1449007656244786073 1449007656881053506
1449007656294785630 1449007656881110742
1449007656344787091 1449007656881128512
1449007656394786878 1449007656881143740
1449007656444786723 1449007656881161046
1449007656494786697 1449007656881177757
1449007656544789221 1449007656881192888
1449007656594785491 1449007656881207979
1449007656644788375 1449007656881247542
1449007656694787027 1449007656925168548
1449007656744788425 1449007656925225473
1449007656794787176 1449007657095320450
1449007656844778662 1449007657095363882
1449007656894787543 1449007657095383195
1449007656944789055 1449007657575162548
1449007656994787890 1449007657575222584
1449007657044829860 1449007657575242650
1449007657094790886 1449007657575261566
1449007657144788322 1449007657575279861
1449007657194785961 1449007657575296061
1449007657244805777 1449007657575312151
1449007657294787340 1449007657575359431
1449007657344788137 1449007657575378411
1449007657394771290 1449007657575394661
1449007657444787247 1449007657841375865
1449007657494780587 1449007657841430830
1449007657544787571 1449007657841449800
1449007657594788715 1449007657841467623
1449007657644803506 1449007657841485354
1449007657694775745 1449007657885569345
1449007657744790596 1449007657905027381
1449007657794779071 1449007658161502013
1449007657844763862 1449007658161589943
1449007657894770050 1449007658161623632
1449007657944792369 1449007658161652160
1449007657994788298 1449007658161682940
1449007658044787584 1449007658205022377
1449007658094785791 1449007658254976297
1449007658144769753 1449007658305002959
1449007658194783068 1449007658481542447
1449007658244788595 1449007658481592971
1449007658294784270 1449007658481609435
1449007658344771736 1449007658525107726
1449007658394769907 1449007658575084932
1449007658444767693 1449007658625189053
1449007658494785034 1449007658801646939
1449007658544789074 1449007658801702385
1449007658594776390 1449007658801721027
1449007658644788382 1449007658845163858
1449007658694790565 1449007658855029771
1449007658744788705 1449007658905014415
1449007658794788172 1449007658955019517
1449007658844777048 1449007659121798120
1449007658894799738 1449007659121852791
1449007658944786405 1449007659121873090
1449007658994788585 1449007659165351653
1449007659044789432 1449007659204999866
1449007659094789543 1449007659264940984
1449007659144787971 1449007659360952326
1449007659194787648 1449007659361009957
1449007659244792815 1449007659485494582
1449007659294789696 1449007659485566124
1449007659344786770 1449007659505029207
1449007659394788435 1449007659585069210
1449007659444807958 1449007659605022929
1449007659494773728 1449007659654990300
1449007659544786983 1449007659805622814
1449007659594778722 1449007659805674822
1449007659644787697 1449007659805693732
1449007659694787578 1449007659855020193
1449007659744787984 1449007659904927137
1449007659794787745 1449007660425139916
1449007659844788304 1449007660425202612
1449007659894779428 1449007660425231410
1449007659944788674 1449007660425287150
1449007659994788979 1449007660425296214
1449007660044791059 1449007660425311666
1449007660094792938 1449007660425327876
1449007660144787306 1449007660425343117
1449007660194784368 1449007660425360667
1449007660244788268 1449007660425376386
1449007660294804873 1449007660525163028
1449007660344788802 1449007660525219817
1449007660394788609 1449007660645247894
1449007660444783285 1449007660645290644
1449007660494783931 1449007660675144667
1449007660544786408 1449007660725127092
1449007660594788244 1449007660755024948
1449007660644787701 1449007660845263297
1449007660694788019 1449007660854958459
1449007660744789481 1449007660995238705
1449007660794788460 1449007660995281994
1449007660844790683 1449007661475127546
1449007660894783220 1449007661475183664
1449007660944774966 1449007661475232621
1449007660994770407 1449007661475251574
1449007661044787631 1449007661475267106
1449007661094786587 1449007661475282875
1449007661144783992 1449007661475298514
1449007661194786496 1449007661475314447
1449007661244806700 1449007661475330991
1449007661294786472 1449007661475345811
1449007661344789580 1449007661525143865
1449007661394810826 1449007661675059631
1449007661444782203 1449007661675110359
1449007661494794201 1449007661675126733
1449007661544778564 1449007661745142274
1449007661594779170 1449007661775129125
1449007661644786471 1449007661805036215
1449007661694778007 1449007661855015543
1449007661744780938 1449007661905101008
1449007661794775514 1449007661995157428
1449007661844783136 1449007662065194674
1449007661894778617 1449007662065248530
1449007661944773336 1449007662105046697
1449007661994779241 1449007662155032536
1449007662044782205 1449007662205043238
1449007662094790325 1449007662255034149
1449007662144764000 1449007662305036535
1449007662194782655 1449007662355022756
1449007662244779267 1449007662404991693
1449007662294778601 1449007662455041210
1449007662344835615 1449007662505020989
1449007662394788462 1449007662555052472
1449007662444781882 1449007662605036948
1449007662494808604 1449007662655007643
1449007662544795004 1449007662705010878
1449007662594776708 1449007662755025957
1449007662644788025 1449007662804992546
1449007662694771108 1449007662855017378
1449007662744782983 1449007662904993584
1449007662794792669 1449007662955086619
1449007662844790412 1449007663005023430
1449007662894758997 1449007663054960781
1449007662944783720 1449007663104972124
1449007662994767571 1449007663155021578
1449007663044784183 1449007663204985928
1449007663094786092 1449007663254995779
1449007663144784260 1449007663304990982
1449007663194786239 1449007663355036918
1449007663244787399 1449007663404986816
1449007663294785790 1449007663455045817
1449007663344787696 1449007663504988372
1449007663394781406 1449007663554999796
1449007663444787231 1449007663604974503
1449007663494772943 1449007663654989411
1449007663544770051 1449007663704968699
1449007663594785240 1449007663755046206
1449007663644787353 1449007663804981073
1449007663694851767 1449007663855112138
1449007663744787129 1449007663904981804
1449007663794787247 1449007663955044661
1449007663844787599 1449007664004993006
1449007663894786384 1449007664054997340
1449007663944787629 1449007664104973264
1449007663994786701 1449007664155046805
1449007664044788059 1449007664204997949
1449007664094786219 1449007664254995822
1449007664144784530 1449007664304996114
1449007664194786102 1449007664355059977
1449007664244788372 1449007664404994994
1449007664294784995 1449007664454992112
1449007664344788067 1449007664504985402
1449007664394787661 1449007664555065485
1449007664444788333 1449007664604987379
1449007664494773371 1449007664655031360
1449007664544786335 1449007664704985126
1449007664594797528 1449007664755051178
1449007664644789535 1449007664804997354
1449007664694788701 1449007664855039447
1449007664744787533 1449007664904979920
1449007664794788269 1449007664955042634
1449007664844789293 1449007665004971143
1449007664894787504 1449007665055048299
1449007664944790275 1449007665105050940
1449007664994788238 1449007665175164325
