1449007575288428750
1449007575338469306
1449007575388475164
1449007575438467989
1449007575488469527
1449007575538423144
1449007575588470760
1449007575638427296
1449007575688447339
1449007575738471238
1449007575788449928
1449007575838432707
1449007575888470303
1449007575938426579
1449007575988467095
1449007576038468159
1449007576088462965
1449007576138467510
1449007576188436054
1449007576238469210
1449007576288469305
1449007576338435627
1449007576388469067
1449007576438469509
1449007576488466845
1449007576538469348
1449007576588418568
1449007576638470871
1449007576688469580
1449007576738469624
1449007576788441816
1449007576838471421
1449007576888465228
1449007576938467051
1449007576988482544
1449007577038473277
1449007577088455288
1449007577138418823
1449007577188467839
1449007577238446161
1449007577288434459
1449007577338467325
1449007577388437131
1449007577438474133
1449007577488436058
1449007577538473331
1449007577588438590
1449007577638473360
1449007577688434901
1449007577738473623
1449007577788438896
1449007577838471952
1449007577888467300
1449007577938453259
1449007577988465445
1449007578038456252
1449007578088452645
1449007578138470079
1449007578188465784
1449007578238449546
1449007578288464401
1449007578338464736
1449007578388468249
1449007578438468825
1449007578488465652
1449007578538468774
1449007578588472597
1449007578638469702
1449007578688470926
1449007578738447862
1449007578788434954
1449007578838465651
1449007578888467824
1449007578938465394
1449007578988450979
1449007579038475847
1449007579088466323
1449007579138468362
1449007579188468945
1449007579238465315
1449007579288464905
1449007579338429092
1449007579388465319
1449007579438465180
1449007579488417009
1449007579538462713
1449007579588465972
1449007579638469742
1449007579688466279
1449007579738434485
1449007579788438312
1449007579838466400
1449007579888456549
1449007579938417027
1449007579988469765
1449007580038470625
1449007580088466744
1449007580138469228
1449007580188469967
1449007580238469818
1449007580288465891
1449007580338470526
1449007580388467310
1449007580438471137
1449007580488468776
1449007580538469268
1449007580588468635
1449007580638470811
1449007580688466092
1449007580738466651
1449007580788448294
1449007580838450183
1449007580888447869
1449007580938468945
1449007580988468943
1449007581038465844
1449007581088455783
1449007581138469792
1449007581188464578
1449007581238469531
1449007581288434576
1449007581338469938
1449007581388465746
1449007581438469820
1449007581488435758
1449007581538470411
1449007581588466881
1449007581638462756
1449007581688439148
1449007581738456030
1449007581788462934
1449007581838473977
1449007581888464283
1449007581938470555
1449007581988469571
1449007582038468891
1449007582088469584
1449007582138469625
1449007582188469259
1449007582238475134
1449007582288471063
1449007582338473239
1449007582388436804
1449007582438473559
1449007582488470991
1449007582538415577
1449007582588471522
1449007582638456836
1449007582688458525
1449007582738452008
1449007582788453803
1449007582838471024
1449007582888470962
1449007582938470525
1449007582988470550
1449007583038438773
1449007583088469343
1449007583138468700
1449007583188473719
1449007583238469468
1449007583288469840
1449007583338470429
1449007583388468212
1449007583438471788
1449007583488470457
1449007583538468594
1449007583588447424
1449007583638466298
1449007583688430729
1449007583738468940
1449007583788466873
1449007583838470910
1449007583888472208
1449007583938430224
1449007583988471967
1449007584038443223
1449007584088469410
1449007584138469512
1449007584188468738
1449007584238469050
1449007584288439675
1449007584338470453
1449007584388467962
1449007584438470990
1449007584488466147
1449007584538465497
1449007584588451907
1449007584638414320
1449007584688468474
1449007584738466651
1449007584788436110
1449007584838470606
1449007584888472388
1449007584938481393
1449007584988479083
1449007585038479141
1449007585088469942
1449007585138472111
1449007585188437674
1449007585238470470
1449007585288450663
1449007585338471963
1449007585388469438
1449007585438469426
1449007585488460912
1449007585538449103
1449007585588468756
1449007585638471299
1449007585688471317
1449007585738469989
1449007585788454435
1449007585838469267
1449007585888468954
1449007585938467876
1449007585988403639
1449007586038417879
1449007586088469658
1449007586138470999
1449007586188468711
1449007586238469217
1449007586288470116
1449007586338472246
1449007586388464337
1449007586438451556
1449007586488451591
1449007586538471497
1449007586588468689
1449007586638471530
1449007586688466657
1449007586738470019
1449007586788465320
1449007586838468799
1449007586888471797
1449007586938470011
1449007586988469284
1449007587038468654
1449007587088470556
1449007587138467514
1449007587188466540
1449007587238468897
1449007587288464728
1449007587338465832
1449007587388457772
1449007587438417525
1449007587488465893
1449007587538449791
1449007587588470018
1449007587638432431
1449007587688469300
1449007587738449519
1449007587788437681
1449007587838436001
1449007587888470661
1449007587938434975
1449007587988469685
1449007588038469042
1449007588088466848
1449007588138468323
1449007588188467171
1449007588238465415
1449007588288467378
1449007588338449268
1449007588388468764
1449007588438423102
1449007588488467861
1449007588538469309
1449007588588470463
1449007588638468667
1449007588688470606
1449007588738469338
1449007588788450860
1449007588838465027
1449007588888470307
1449007588938426770
1449007588988468489
1449007589038469606
1449007589088468642
1449007589138469636
1449007589188467509
1449007589238449864
1449007589288451048
1449007589338468024
1449007589388465169
1449007589438472961
1449007589488467490
1449007589538470966
1449007589588467620
1449007589638438572
1449007589688469166
1449007589738473567
1449007589788437169
1449007589838471265
1449007589888470912
1449007589938470963
1449007589988464119
1449007590038465387
1449007590088467089
1449007590138465132
1449007590188448456
1449007590238417911
1449007590288469663
1449007590338465087
1449007590388470411
1449007590438469407
1449007590488444585
1449007590538450079
1449007590588432507
1449007590638468660
1449007590688474729
1449007590738475341
1449007590788437911
1449007590838474178
1449007590888470050
1449007590938471017
1449007590988469341
1449007591038469610
1449007591088468372
1449007591138450185
1449007591188483702
1449007591238472438
1449007591288472396
1449007591338472013
1449007591388471694
1449007591438470065
1449007591488465132
1449007591538470081
1449007591588471535
1449007591638470571
1449007591688470459
1449007591738465927
1449007591788435145
1449007591838459228
1449007591888470688
1449007591938463994
1449007591988468082
1449007592038440317
1449007592088452252
1449007592138438485
1449007592188466637
1449007592238467467
1449007592288470612
1449007592338470817
1449007592388469572
1449007592438469564
1449007592488467808
1449007592538469045
1449007592588432661
1449007592638448799
1449007592688466918
1449007592738450161
1449007592788465654
1449007592838469107
1449007592888468904
1449007592938466731
1449007592988467641
1449007593038452454
1449007593088431732
1449007593138468346
1449007593188469844
1449007593238468229
1449007593288466610
1449007593338463541
1449007593388466880
1449007593438470252
1449007593488465810
1449007593538469162
1449007593588468292
1449007593638431643
1449007593688467479
1449007593738468098
1449007593788441673
1449007593838468302
1449007593888469021
1449007593938467305
1449007593988455774
1449007594038489522
1449007594088407196
1449007594138470966
1449007594188467041
1449007594238467240
1449007594288465875
1449007594338469949
1449007594388457876
1449007594438470549
1449007594488466488
1449007594538469419
1449007594588452566
1449007594638463415
1449007594688406217
1449007594738462132
1449007594788418862
1449007594838461550
1449007594888414294
1449007594938450083
1449007594988420891
1449007595038470044
1449007595088438832
1449007595138474213
1449007595188470910
1449007595238475479
1449007595288462524
1449007595338476437
1449007595388409289
1449007595438463133
1449007595488467965
1449007595538474351
1449007595588471983
1449007595638471557
1449007595688469728
1449007595738471663
1449007595788439849
1449007595838454273
1449007595888471433
1449007595938456197
1449007595988443129
1449007596038473031
1449007596088442834
1449007596138471149
1449007596188472664
1449007596238457361
1449007596288473766
1449007596338475655
1449007596388408234
1449007596438464522
1449007596488469094
1449007596538468551
1449007596588473928
1449007596638473495
1449007596688407393
1449007596738465119
1449007596788440751
1449007596838477189
1449007596888472138
1449007596938440117
1449007596988423925
1449007597038473359
1449007597088471937
1449007597138472105
1449007597188472474
1449007597238475893
1449007597288473031
1449007597338477102
1449007597388473735
1449007597438463166
1449007597488469619
1449007597538474164
1449007597588457023
1449007597638472757
1449007597688439272
1449007597738473671
1449007597788438536
1449007597838473263
1449007597888473672
1449007597938441297
1449007597988411203
1449007598038471581
1449007598088464643
1449007598138433878
1449007598188437845
1449007598238474122
1449007598288420004
1449007598338468823
1449007598388407168
1449007598438464957
1449007598488459934
1449007598538476947
1449007598588476136
1449007598638422899
1449007598688472995
1449007598738495791
1449007598788444009
1449007598838472605
1449007598888475884
1449007598938455549
1449007598988472900
1449007599038477638
1449007599088442293
1449007599138471738
1449007599188478752
1449007599238475278
1449007599288411482
1449007599338467126
1449007599388455210
1449007599438477980
1449007599488471466
1449007599538474434
1449007599588470851
1449007599638472386
1449007599688469928
1449007599738471480
1449007599788432720
1449007599838466301
1449007599888454666
1449007599938475087
1449007599988473872
1449007600038506768
1449007600088467223
1449007600138470254
1449007600188464914
1449007600238472178
1449007600288468738
1449007600338469722
1449007600388427223
1449007600438429203
1449007600488463759
1449007600538468625
1449007600588425331
1449007600638451722
1449007600688433145
1449007600738432224
1449007600788432055
1449007600838455583
1449007600888449888
1449007600938436827
1449007600988426104
1449007601038426660
1449007601088468796
1449007601138468487
1449007601188452412
1449007601238441656
1449007601288423496
1449007601338438524
1449007601388450446
1449007601438464379
1449007601488469145
1449007601538473703
1449007601588470350
1449007601638472606
1449007601688469641
1449007601738437513
1449007601788466914
1449007601838468923
1449007601888455337
1449007601938453070
1449007601988469786
1449007602038438456
1449007602088452419
1449007602138470792
1449007602188437428
1449007602238472058
1449007602288470613
1449007602338471319
1449007602388451742
1449007602438468151
1449007602488469783
1449007602538471525
1449007602588470367
1449007602638428847
1449007602688471258
1449007602738420027
1449007602788441500
1449007602838460862
1449007602888436007
1449007602938469801
1449007602988470351
1449007603038470599
1449007603088468927
1449007603138474965
1449007603188442045
1449007603238472923
1449007603288450193
1449007603338431545
1449007603388474003
1449007603438477345
1449007603488439878
1449007603538473977
1449007603588474640
1449007603638471898
1449007603688471469
1449007603738469208
1449007603788424037
1449007603838437238
1449007603888408515
1449007603938467760
1449007603988474965
1449007604038445319
1449007604088441799
1449007604138473629
1449007604188472090
1449007604238471360
1449007604288473910
1449007604338472635
1449007604388454980
1449007604438467864
1449007604488467902
1449007604538439155
1449007604588409666
1449007604638463426
1449007604688472585
1449007604738428179
1449007604788435944
1449007604838467971
1449007604888426556
1449007604938454189
1449007604988408628
1449007605038434454
1449007605088445253
1449007605138411325
