1449015163838638663 1449015163998828547
1449015163888653699 1449015164048929788
1449015163938608110 1449015164098909537
1449015163988594517 1449015164148830827
1449015164038643854 1449015164198933912
1449015164088612621 1449015164248914005
1449015164138643392 1449015164298955413
1449015164188627237 1449015164348896241
1449015164238640518 1449015164398908470
1449015164288613538 1449015164448818200
1449015164338624518 1449015164498892727
1449015164388608439 1449015164548915212
1449015164438647289 1449015164598954235
1449015164488627943 1449015164648830005
1449015164538592227 1449015164698855113
1449015164588634677 1449015164748889406
1449015164638644244 1449015164798915085
1449015164688643550 1449015164848887878
1449015164738644541 1449015164898910083
1449015164788593326 1449015164948892425
1449015164838644212 1449015164998924799
1449015164888627018 1449015165048903623
1449015164938639304 1449015165098941136
1449015164988598129 1449015165148848754
1449015165038645127 1449015165198922469
1449015165088612708 1449015165248823790
1449015165138642884 1449015165298917006
1449015165188642398 1449015165348892903
1449015165238602134 1449015165398874847
1449015165288613471 1449015165448911986
1449015165338640725 1449015165498927372
1449015165388645149 1449015165548925830
1449015165438611448 1449015165598895279
1449015165488644116 1449015165648913715
1449015165538640837 1449015165698953259
1449015165588610105 1449015165748916140
1449015165688612386 1449015165848943682
1449015165738642626 1449015165898869468
1449015165788647980 1449015165948918464
1449015165938623294 1449015166098880759
1449015165988627980 1449015166148878198
1449015166038635983 1449015166198898575
1449015166188627143 1449015166349026122
1449015166238615886 1449015166398891972
1449015165638642948 1449015166448473258
1449015165888652362 1449015166448522650
1449015166138638521 1449015166448548051
1449015166288597853 1449015166448763870
1449015166388643375 1449015166548912804
1449015166438622777 1449015166598892108
1449015166488643218 1449015166648936269
1449015165838608834 1449015166652420938
1449015166088610028 1449015166652473243
1449015166338645151 1449015166652486523
1449015166538640543 1449015166698949077
1449015166588654830 1449015166748938267
1449015166638644799 1449015166798893470
1449015166688608888 1449015166848873676
1449015166738646575 1449015166898966164
1449015166788644636 1449015166948890634
1449015166838610058 1449015166998867560
1449015166888645340 1449015167048923779
1449015166938643627 1449015167098941099
1449015166988641347 1449015167148883532
1449015167038644278 1449015167198888172
1449015167088643394 1449015167248869514
1449015167188610091 1449015167348909397
1449015167238646161 1449015167398948016
1449015167288645407 1449015167448893611
1449015167338621571 1449015167498908566
1449015167438640323 1449015167598934785
1449015167488643729 1449015167648911233
1449015167538645477 1449015167698894897
1449015167588628350 1449015167748851858
1449015167688643370 1449015167848887596
1449015167138642406 1449015167868978354
1449015167388645694 1449015167869026335
1449015167638612412 1449015167869040911
1449015167738652997 1449015167898882972
1449015167788641034 1449015167948897891
1449015167838640501 1449015167999014590
1449015167888623160 1449015168048875372
1449015167938640828 1449015168098967843
1449015167988632804 1449015168148879290
1449015168038640787 1449015168198877281
1449015168088645422 1449015168248918221
1449015168138625328 1449015168298913221
1449015168188669175 1449015168348924608
1449015168238644173 1449015168398912208
1449015168288642324 1449015168448944072
1449015168338640447 1449015168498879798
1449015168388646359 1449015168548907358
1449015168438643079 1449015168598910266
1449015168488643452 1449015168648910074
1449015168538618884 1449015168698911932
1449015168588642211 1449015168748918198
1449015168638642330 1449015168798952758
1449015168738645760 1449015168898918620
1449015168788643583 1449015168948922710
1449015168838645222 1449015168998912609
1449015168888643689 1449015169048912139
1449015169038641442 1449015169198854900
1449015169088687285 1449015169248971679
1449015169138619805 1449015169298894215
1449015169288641919 1449015169448908107
1449015169338638917 1449015169498899920
1449015169388645367 1449015169548942940
1449015168688601809 1449015169584423492
1449015168938642799 1449015169584476984
1449015169188641987 1449015169584493107
1449015169438641386 1449015169598931912
1449015169538641512 1449015169698919733
1449015168988612518 1449015169719007825
1449015169238642730 1449015169719032489
1449015169488644377 1449015169719036383
1449015169588699371 1449015169748927517
1449015169638647612 1449015169798908270
1449015169688610055 1449015169848885854
1449015169738645700 1449015169898892667
1449015169788644796 1449015169948902715
1449015169838641557 1449015169998882895
1449015169888667380 1449015170048955156
1449015169938641336 1449015170098894945
1449015169988629827 1449015170148865830
1449015170038679986 1449015170198982589
1449015170138610331 1449015170298882311
1449015170188646731 1449015170348925888
1449015170238643151 1449015170398907595
1449015170288650329 1449015170448870248
1449015170388644795 1449015170548914047
1449015170438638416 1449015170598909608
1449015170488626911 1449015170648902089
1449015170538643263 1449015170698901950
1449015170638644465 1449015170798921326
1449015170088629633 1449015170819061131
1449015170338641173 1449015170819111475
1449015170588645502 1449015170819125296
1449015170688599624 1449015170848869865
1449015170738644715 1449015170898928008
1449015170788644054 1449015170948911672
1449015170838640254 1449015170998916888
1449015170888639002 1449015171048884563
1449015170938649681 1449015171098946562
1449015170988614560 1449015171148835916
1449015171038643366 1449015171198921297
1449015171088626867 1449015171248903488
1449015171138592233 1449015171298879926
1449015171188643327 1449015171348905609
1449015171238641928 1449015171398919846
1449015171338623696 1449015171498888688
1449015171388641832 1449015171548905367
1449015171438642936 1449015171598946281
1449015171488643151 1449015171648920972
1449015171588595746 1449015171748794428
1449015171638644014 1449015171798920070
1449015171688608682 1449015171848893104
1449015171738599836 1449015171898840316
1449015171838607176 1449015171998876905
1449015171888642153 1449015172048922773
1449015171938638526 1449015172098872217
1449015171288642334 1449015172140470039
1449015171538641502 1449015172140517233
1449015171788636410 1449015172140530527
1449015171988642035 1449015172148915526
1449015172038640510 1449015172198901068
1449015172088597848 1449015172248876293
1449015172188605541 1449015172348901556
1449015172238621632 1449015172398867648
1449015172288643019 1449015172448888596
1449015172338642068 1449015172498917697
1449015172488638932 1449015172648962944
1449015172538608551 1449015172698893290
1449015172588643184 1449015172748905503
1449015172138639610 1449015172869068632
1449015172388651557 1449015172869118335
1449015172638641425 1449015172869130369
1449015172738641771 1449015172898915259
1449015172788597038 1449015172948873726
1449015172838644898 1449015172998969688
1449015172888643646 1449015173048884249
1449015172988641644 1449015173148886273
1449015172438608999 1449015173169091943
1449015172688641613 1449015173169145140
1449015173038622696 1449015173198913854
1449015173088642152 1449015173248906138
1449015173138642213 1449015173298927497
1449015173288641956 1449015173448909277
1449015173338625390 1449015173498889804
1449015173388607939 1449015173548846794
1449015172938644322 1449015173669062543
1449015173188641209 1449015173669114234
1449015173438642151 1449015173669127070
1449015173538640410 1449015173698953965
1449015173588636656 1449015173748867335
1449015173638642724 1449015173798913362
1449015173688644526 1449015173848912408
1449015173788644369 1449015173948861601
1449015173238634157 1449015173969021748
1449015173488640996 1449015173969059318
1449015173738582272 1449015173969067764
1449015173838638894 1449015173998915649
1449015173888643382 1449015174048911805
1449015173938640327 1449015174098979640
1449015174038628696 1449015174198826379
1449015173988609799 1449015174218819457
1449015174088608736 1449015174248810742
1449015174138623588 1449015174298870654
1449015174188603503 1449015174348846772
1449015174238642530 1449015174398948311
1449015174288625646 1449015174448854282
1449015174338608963 1449015174498874645
1449015174388609285 1449015174548878083
1449015174438642198 1449015174598915445
1449015174488620410 1449015174648848665
1449015174538613198 1449015174698907139
1449015174588612915 1449015174748870921
1449015174638609095 1449015174798856009
1449015174688610359 1449015174848860530
1449015174738624843 1449015174898924346
1449015174788598294 1449015174948828524
1449015174838609762 1449015174998820019
1449015174888614256 1449015175048857178
1449015174938623943 1449015175098935196
1449015174988613183 1449015175148859823
1449015175038618664 1449015175198832245
1449015175088608475 1449015175248839877
1449015175138647432 1449015175298882201
1449015175238625317 1449015175398894562
1449015175288625212 1449015175448916831
1449015175338642636 1449015175498899960
1449015175388634332 1449015175548917017
1449015175488607380 1449015175648858029
1449015175538651999 1449015175698888416
1449015175588635183 1449015175748856034
1449015175638612519 1449015175798903136
1449015175738641608 1449015175898889020
1449015175788584167 1449015175948779506
1449015175838604316 1449015175998818178
1449015175888614968 1449015176048900349
1449015175188612247 1449015176064430695
1449015175438609687 1449015176064482626
1449015175688598943 1449015176064496645
1449015175938609804 1449015176098840191
1449015175988613574 1449015176148885147
1449015176038637162 1449015176198852983
1449015176088625918 1449015176248867343
1449015176138626822 1449015176298898662
1449015176188624919 1449015176348868064
1449015176238643412 1449015176398861561
1449015176288608838 1449015176448827408
1449015176338611248 1449015176498933516
1449015176388615115 1449015176548851068
1449015176438643878 1449015176598878922
1449015176538609229 1449015176698869356
1449015176588610209 1449015176748878368
1449015176638610301 1449015176798835713
1449015176688607563 1449015176848875568
1449015176788617174 1449015176948839542
1449015176838640725 1449015176998901848
1449015176888609987 1449015177048848979
1449015176938609647 1449015177098842677
1449015177038612092 1449015177198861869
1449015176488612278 1449015177219058967
1449015176738608189 1449015177219109678
1449015176988641745 1449015177219125020
1449015177088625972 1449015177248854036
1449015177138609679 1449015177298856183
1449015177188610369 1449015177348837956
1449015177238640806 1449015177398850709
1449015177288627992 1449015177448836642
1449015177338609083 1449015177498852436
1449015177388610017 1449015177548909146
1449015177438643491 1449015177598855429
1449015177488607367 1449015177648863001
1449015177538609112 1449015177698861585
1449015177588605175 1449015177748786897
1449015177638615466 1449015177798825770
1449015177688610927 1449015177848820162
1449015177738625495 1449015177898884062
1449015177788597704 1449015177948793832
1449015177838637060 1449015177998846616
1449015177888600883 1449015178048807485
1449015177938598021 1449015178098844360
1449015177988614119 1449015178148829976
1449015178038599176 1449015178198886355
1449015178088595807 1449015178248826521
1449015178138640940 1449015178298873692
1449015178188595018 1449015178348803254
1449015178238602713 1449015178398809372
1449015178288595695 1449015178448795395
1449015178338624027 1449015178498852556
1449015178388601354 1449015178548807475
1449015178438638997 1449015178599212044
1449015178488610050 1449015178648832241
1449015178538647169 1449015178698894256
1449015178588609842 1449015178748809121
1449015178638609302 1449015178798837971
1449015178688610088 1449015178848819304
1449015178738641384 1449015178898900516
1449015178788610572 1449015178948858963
1449015178838598075 1449015178998806545
1449015178888639273 1449015179048900526
1449015178938611465 1449015179098922561
1449015178988609886 1449015179148879127
1449015179038596931 1449015179198895997
1449015179088612488 1449015179248848995
1449015179138605577 1449015179298879235
1449015179188597122 1449015179348830903
1449015179238604169 1449015179398798167
1449015179288597344 1449015179448781654
1449015179338603257 1449015179498896245
1449015179388628382 1449015179548917218
1449015179438609881 1449015179598801674
1449015179488641852 1449015179648890547
1449015179538598134 1449015179698848830
1449015179588639262 1449015179748843756
1449015179638627106 1449015179798834460
1449015179688609480 1449015179848820313
1449015179738635842 1449015179898925867
1449015179788614107 1449015179948821338
1449015179838610851 1449015179998852797
1449015179888647241 1449015180048881904
1449015179938613597 1449015180098863932
1449015179988617553 1449015180148829251
1449015180038636488 1449015180198880792
1449015180088611011 1449015180248860575
1449015180138645444 1449015180298923071
1449015180238610918 1449015180398849908
1449015180288615961 1449015180448841440
1449015180338622180 1449015180498860561
1449015180388629905 1449015180548876940
1449015180488621586 1449015180648832027
1449015180538607495 1449015180698840872
1449015180588627121 1449015180748837305
1449015180638639384 1449015180799244737
1449015180738597391 1449015180898800005
1449015180788642134 1449015180948896802
1449015180838609318 1449015180998875124
1449015180188606283 1449015181000440386
1449015180438612865 1449015181000489717
1449015180688613627 1449015181000501170
1449015180888609633 1449015181048868808
1449015180938612691 1449015181098869040
1449015180988611253 1449015181148843311
1449015181038612497 1449015181198862820
1449015181088605713 1449015181248875405
1449015181138609536 1449015181298896568
1449015181188647781 1449015181348900337
1449015181238645243 1449015181398925676
1449015181288614050 1449015181448881441
1449015181338644701 1449015181498894141
1449015181388644445 1449015181548913733
1449015181438642983 1449015181598892704
1449015181488643051 1449015181648954649
1449015181538643046 1449015181698903073
1449015181588612121 1449015181748870003
1449015181638640236 1449015181798882235
1449015181688607229 1449015181848884191
1449015181738644765 1449015181898929739
1449015181788621247 1449015181948856107
1449015181838644116 1449015181998955376
1449015181888644746 1449015182048910346
1449015181938646581 1449015182098926600
1449015181988644869 1449015182148905243
1449015182038640584 1449015182198923807
1449015182088644751 1449015182248907792
1449015182138646056 1449015182298908819
1449015182188644931 1449015182348957046
1449015182238646188 1449015182398931005
1449015182288632095 1449015182448869737
1449015182338646191 1449015182498883921
1449015182388643329 1449015182548906988
1449015182438645295 1449015182598971779
1449015182488645497 1449015182648893721
1449015182538639739 1449015182698955231
1449015182588643522 1449015182748882605
1449015182638627427 1449015182798910315
1449015182688625991 1449015182848870687
1449015182738645303 1449015182898935021
1449015182788597226 1449015182948848342
1449015182838646846 1449015182998931121
1449015182888643704 1449015183048919406
1449015182988591438 1449015183148833501
1449015183038645512 1449015183198886412
1449015183088643148 1449015183248868048
1449015183138644980 1449015183298923753
1449015183238646432 1449015183398947593
1449015183288643096 1449015183448911509
1449015183338645840 1449015183498930316
1449015183388644439 1449015183548923278
1449015183488652376 1449015183648894449
1449015182938643678 1449015183748399089
1449015183188614515 1449015183748448404
1449015183438637521 1449015183748460418
1449015183588631064 1449015183748832648
1449015183638610401 1449015183798828242
1449015183688612267 1449015183848886411
1449015183738641618 1449015183898911688
1449015183838649195 1449015183998986524
1449015183888611387 1449015184048895285
1449015183938653474 1449015184098962011
1449015183988637930 1449015184148916606
1449015184088644003 1449015184248912185
1449015184138642227 1449015184298917592
1449015184188646341 1449015184348929257
1449015183538641599 1449015184396400970
1449015183788614024 1449015184396450011
1449015184038639505 1449015184396461708
1449015184238641986 1449015184398910736
1449015184288608788 1449015184448877933
1449015184338644768 1449015184498920497
1449015184388645281 1449015184548902565
1449015184438642713 1449015184598906351
1449015184488639089 1449015184648923805
1449015184538642375 1449015184698920924
1449015184588611262 1449015184748887052
1449015184638645919 1449015184798931641
1449015184688638607 1449015184848918843
1449015184738639510 1449015184898902762
1449015184788587851 1449015184948868043
1449015184838642299 1449015184998914095
1449015184938640381 1449015185098951410
1449015184988611981 1449015185148971069
1449015185038645639 1449015185198943211
1449015185088645583 1449015185248912112
1449015185188644607 1449015185348916478
1449015185238644739 1449015185398900179
1449015185288647099 1449015185448910898
1449015185338644277 1449015185498919796
1449015185438646204 1449015185598881315
1449015185488644421 1449015185648915016
1449015185538604255 1449015185698841881
1449015184888629872 1449015185708408733
1449015185138641415 1449015185708459244
1449015185388643069 1449015185708472057
1449015185588583516 1449015185748788545
1449015185638638141 1449015185798900610
1449015185688606434 1449015185848879714
1449015185738644922 1449015185898886874
1449015185788645569 1449015185948901608
1449015185838642029 1449015185998904252
1449015185888609403 1449015186048834541
1449015185938642641 1449015186098913367
1449015186038641670 1449015186198957390
1449015186088641638 1449015186248946840
1449015186188643809 1449015186348892447
1449015186288643624 1449015186448924736
1449015186338639279 1449015186498913542
1449015186438641600 1449015186598941598
1449015186538627712 1449015186698905125
1449015186588642847 1449015186748882592
1449015186788603059 1449015186948864182
1449015186138647462 1449015186968419645
1449015186388642501 1449015186968470249
1449015186638625058 1449015186968483616
1449015186838644668 1449015186998922405
1449015186888643350 1449015187048929112
1449015187038643547 1449015187198906234
1449015185988615069 1449015187219107053
1449015186238643148 1449015187219158667
1449015186488643670 1449015187219170894
1449015186738643205 1449015187219180600
1449015186988609148 1449015187219189293
1449015187088611997 1449015187248903716
1449015187138642087 1449015187298947981
1449015187238642053 1449015187398922559
1449015186688607510 1449015187419113496
1449015186938631571 1449015187419164308
1449015187188628477 1449015187419178630
1449015187288610626 1449015187448924803
1449015187338640625 1449015187498920484
1449015187388643600 1449015187548886665
1449015187438639603 1449015187598945941
1449015187488608470 1449015187648868076
1449015187538613663 1449015187698898727
1449015187588644374 1449015187748907201
1449015187638643507 1449015187798947270
1449015187688608001 1449015187848855155
1449015187738641762 1449015187898926889
1449015187788644737 1449015187948917362
1449015187838643549 1449015187998948975
1449015187888642768 1449015188048902328
1449015187938617933 1449015188098876163
1449015187988602239 1449015188148853924
1449015188038646200 1449015188198874669
1449015188088645513 1449015188248936527
1449015188138644699 1449015188298951917
1449015188238639500 1449015188398920201
1449015188288643026 1449015188448934007
1449015188338636994 1449015188498895929
1449015188388644379 1449015188548877939
1449015188488608751 1449015188648877127
1449015188538610526 1449015188698905402
1449015188588614192 1449015188748874199
1449015188638639254 1449015188798919654
1449015188738641077 1449015188898922352
1449015188188642659 1449015188919111502
1449015188438636158 1449015188919160957
1449015188688609194 1449015188919174929
1449015188788643875 1449015188948921168
1449015188838633382 1449015188998872034
1449015188888644522 1449015189048923542
1449015188988607748 1449015189148886518
1449015188938641093 1449015189168960586
1449015189038597607 1449015189198842977
1449015189088629076 1449015189248899717
1449015189138599945 1449015189298889913
1449015189188630786 1449015189348868499
1449015189238637807 1449015189398837300
1449015189288644443 1449015189448899001
1449015189388600048 1449015189548794694
1449015189438635938 1449015189598813702
1449015189488595928 1449015189648868277
1449015189538645906 1449015189698893408
1449015189638638960 1449015189798892987
1449015189688646288 1449015189848827698
1449015189738644462 1449015189898916519
1449015189788646020 1449015189948898186
1449015189888623936 1449015190048907793
1449015189938627355 1449015190098901491
1449015189988612038 1449015190148870117
1449015190038644346 1449015190198835804
1449015189338640843 1449015190200375377
1449015189588603308 1449015190200403080
1449015189838608919 1449015190200412749
1449015190088644638 1449015190248918927
1449015190138645561 1449015190298919961
