1449015694259846733 1449015694260052350
1449015694359887839 1449015694360140191
1449015694409895896 1449015694410169045
1449015694459892589 1449015694460141925
1449015694509871416 1449015694510152213
1449015694309851188 1449015694560398649
1449015694559844557 1449015694560436278
1449015694609891571 1449015694610142650
1449015694659888141 1449015694660138893
1449015694709891814 1449015694710145536
1449015694759889567 1449015694760171312
1449015694809893417 1449015694810146117
1449015694859898858 1449015694860178775
1449015694909894359 1449015694910145381
1449015694959895068 1449015694960177869
1449015695009893516 1449015695010146316
1449015695059893698 1449015695060147273
1449015695109893078 1449015695110144708
1449015695159894984 1449015695160167044
1449015695209893478 1449015695210149803
1449015695309893561 1449015695310124461
1449015695359889597 1449015695360120787
1449015695409875279 1449015695410135662
1449015695459877505 1449015695460111028
1449015695259896399 1449015695460344033
1449015695509887863 1449015695510117684
1449015695559892589 1449015695560223462
1449015695609892861 1449015695610143248
1449015695659892151 1449015695660135626
1449015695709891708 1449015695710178892
1449015695759891351 1449015695760223718
1449015695809893401 1449015695810162015
1449015695859876183 1449015695860158095
1449015695909893357 1449015695910189180
1449015695959893625 1449015695960233643
1449015696009892153 1449015696010156320
1449015696059891707 1449015696060174127
1449015696159895575 1449015696160136969
1449015696209893558 1449015696210162381
1449015696259892210 1449015696260165884
1449015696309894203 1449015696310132650
1449015696109892874 1449015696312443581
1449015696359895012 1449015696360157614
1449015696409863412 1449015696410099203
1449015696459863243 1449015696460122968
1449015696559890578 1449015696560146875
1449015696609876941 1449015696610195574
1449015696659892959 1449015696660151859
1449015696709857042 1449015696710098947
1449015696509892701 1449015696712453802
1449015696759876284 1449015696760183781
1449015696809893932 1449015696810165561
1449015696859894227 1449015696860164764
1449015696909894690 1449015696910152705
1449015696959877799 1449015696960235945
1449015697009895220 1449015697010166218
1449015697059892666 1449015697060153758
1449015697109893927 1449015697110156933
1449015697159877751 1449015697160165564
1449015697209893732 1449015697210158165
1449015697259891204 1449015697260231015
1449015697309894183 1449015697310189836
1449015697359849569 1449015697360152777
1449015697409892234 1449015697410127330
1449015697459878548 1449015697460143107
1449015697509855664 1449015697510067738
1449015697609893459 1449015697610187422
1449015697659862133 1449015697660149350
1449015697709893452 1449015697710118609
1449015697759878913 1449015697760143780
1449015697559845629 1449015697760327263
1449015697809894847 1449015697810164659
1449015697859880373 1449015697860143268
1449015697959892977 1449015697960163387
1449015698009896306 1449015698010214748
1449015698059879175 1449015698060142355
1449015698109895296 1449015698110156980
1449015697909895856 1449015698124437162
1449015698159893915 1449015698160154920
1449015698209892907 1449015698210132366
1449015698259860856 1449015698260117755
1449015698309864398 1449015698310109153
1449015698359860882 1449015698360150071
1449015698409891670 1449015698410149932
1449015698459863938 1449015698460070139
1449015698509893199 1449015698510125232
1449015698559877625 1449015698560141677
1449015698609891337 1449015698610118833
1449015698659860268 1449015698660094837
1449015698709864463 1449015698710110093
1449015698809892118 1449015698810156878
1449015698859893081 1449015698860121145
1449015698909892381 1449015698910119940
1449015698959890739 1449015698960121238
1449015698759891899 1449015698960373119
1449015699009891305 1449015699010123845
1449015699109891982 1449015699110122635
1449015699159891339 1449015699160122008
1449015699209877646 1449015699210146208
1449015699259896162 1449015699260120902
1449015699059891423 1449015699260345551
1449015699309893625 1449015699310144002
1449015699359894812 1449015699360173283
1449015699409891509 1449015699410177995
1449015699459887672 1449015699460138474
1449015699509891108 1449015699510142835
1449015699559876937 1449015699560155421
1449015699659892816 1449015699660138783
1449015699709893171 1449015699710143495
1449015699809895352 1449015699810168952
1449015699609892861 1449015699824499164
1449015699859888344 1449015699860154113
1449015699909891770 1449015699910153817
1449015699959891290 1449015699960150765
1449015700059891811 1449015700060236916
1449015700209863591 1449015700210097110
1449015699759892163 1449015700260280407
1449015700009876662 1449015700260324891
1449015700259891549 1449015700260346059
1449015700159848442 1449015700372438669
1449015700459890418 1449015700460179099
1449015700509893587 1449015700510157268
1449015700309896996 1449015700512440567
1449015700109892373 1449015700552461311
1449015700359891130 1449015700552519607
1449015700609888337 1449015700610155353
1449015700409860482 1449015700660411735
1449015700659889872 1449015700660458100
1449015700709891487 1449015700710162061
1449015700759893202 1449015700760154739
1449015700859888100 1449015700860175525
1449015700909891369 1449015700910152611
1449015700959887916 1449015700960149850
1449015701009871543 1449015701010133771
1449015700559891109 1449015701016487099
1449015700809892195 1449015701016544716
1449015701059885039 1449015701060149689
1449015701109847502 1449015701110111046
1449015701159891940 1449015701160257960
1449015701209892620 1449015701210156408
1449015701259891155 1449015701260155557
1449015701359876133 1449015701360135327
1449015701409891376 1449015701410176692
1449015701459882357 1449015701460143368
1449015701509893293 1449015701510181987
1449015701309890077 1449015701512484262
1449015701559892222 1449015701560179272
1449015701609853382 1449015701610077346
1449015701659889979 1449015701660149688
1449015701709892967 1449015701710154604
1449015701759876361 1449015701760265303
1449015701809895997 1449015701810156103
1449015701859896436 1449015701860160818
1449015701909853777 1449015701910023612
1449015701959846235 1449015701960028748
1449015702009889327 1449015702010129936
1449015702059895953 1449015702060134701
1449015702109899489 1449015702110138351
1449015702159878891 1449015702160142518
1449015702209863303 1449015702210138394
1449015702259852591 1449015702260028630
1449015702309845763 1449015702310007313
1449015702359888815 1449015702360148755
1449015702409839124 1449015702409959059
1449015702459885100 1449015702460106886
1449015702509877109 1449015702510087754
1449015702559893000 1449015702560234361
1449015702609892193 1449015702610143085
1449015702709891885 1449015702710142817
1449015702759890774 1449015702760139641
1449015702859877513 1449015702860245434
1449015702659892198 1449015702912451766
1449015702909895258 1449015702912501572
1449015702959893382 1449015702960143596
1449015703009851779 1449015703010071557
1449015702809952555 1449015703016448625
1449015703059888914 1449015703060142315
1449015703109894071 1449015703110143947
1449015703159893400 1449015703160166767
1449015703209893789 1449015703210146489
1449015703259874975 1449015703260145368
1449015703309892426 1449015703310146725
1449015703359894201 1449015703360169441
1449015703409845435 1449015703410092542
1449015703459895376 1449015703460147718
1449015703509893991 1449015703510137019
1449015703559894781 1449015703560171598
1449015703609893964 1449015703610175325
1449015703659876673 1449015703660126178
1449015703709893158 1449015703710144564
1449015703759896046 1449015703760169506
1449015703809894340 1449015703810144580
1449015703859893486 1449015703860145480
1449015703909893878 1449015703910143023
1449015703959896830 1449015703960227900
1449015704009853930 1449015704010050666
1449015704059887812 1449015704060140394
1449015704259871487 1449015704260095137
1449015704109897178 1449015704356469431
1449015704359890857 1449015704360135949
1449015704159894500 1449015704360289871
1449015704409893564 1449015704410142221
1449015704209895056 1449015704412397948
1449015704459893104 1449015704460140960
1449015704509853727 1449015704510049881
1449015704309889973 1449015704516449992
1449015704559888994 1449015704560166076
1449015704609891973 1449015704610142370
1449015704659892458 1449015704660165400
1449015704709891538 1449015704710140910
1449015704809868765 1449015704810142666
1449015704859890509 1449015704860143977
1449015704909893788 1449015704910144296
1449015704959850264 1449015704960041775
1449015704759850406 1449015705012458347
1449015705009889728 1449015705012508675
1449015705059894093 1449015705060145730
1449015705109895180 1449015705110143670
1449015705159892388 1449015705160163750
1449015705209892380 1449015705210142393
1449015705259892638 1449015705260141566
1449015705309876867 1449015705310127739
1449015705359892280 1449015705360157047
1449015705409851255 1449015705410047039
1449015705459873113 1449015705460115418
1449015705509891706 1449015705510139237
1449015705559840398 1449015705560058355
1449015705609887696 1449015705610135605
1449015705659891870 1449015705660140467
1449015705709891628 1449015705710176808
1449015705759839930 1449015705759989486
1449015705809886024 1449015705810166744
1449015705859892651 1449015705860124166
1449015705909892141 1449015705910110970
1449015705959849422 1449015705960018796
1449015706009836898 1449015706010067317
1449015706059888320 1449015706060166233
1449015706109893289 1449015706110114186
1449015706159862444 1449015706160122096
1449015706209894261 1449015706210122862
1449015706259897609 1449015706260116345
1449015706309862351 1449015706310087297
1449015706359852867 1449015706360015419
1449015706409858695 1449015706410116486
1449015706459894484 1449015706460122591
1449015706509893614 1449015706510121240
1449015706559852245 1449015706560023793
1449015706609888876 1449015706610117270
1449015706659894216 1449015706660122801
1449015706709893616 1449015706710120938
1449015706759851725 1449015706760040767
1449015706809889218 1449015706810118585
1449015706859894859 1449015706860122512
1449015706909894089 1449015706910120686
1449015707009887824 1449015707010152734
1449015707059864676 1449015707060099959
1449015707109893867 1449015707110149065
1449015707159893882 1449015707160121491
1449015707259877731 1449015707260125322
1449015707309851590 1449015707309998951
1449015707359845892 1449015707359974637
1449015707409885887 1449015707410113119
1449015707509881543 1449015707510137467
1449015707559854052 1449015707560016768
1449015707609891124 1449015707610132662
1449015707659894005 1449015707660120101
1449015707759875078 1449015707760053493
1449015707809853558 1449015707810080793
1449015707859858714 1449015707860057267
1449015707909862517 1449015707910036842
1449015708009898441 1449015708010148228
1449015708059867065 1449015708060094046
1449015708109840827 1449015708110002179
1449015708259900436 1449015708260128169
1449015708309838580 1449015708310025421
1449015708359890707 1449015708360115920
1449015708159828687 1449015708380447489
1449015708409898612 1449015708410121575
1449015708509900937 1449015708510181296
1449015708559891945 1449015708560143612
1449015708609849824 1449015708610040930
1449015708659889325 1449015708660150851
1449015708759859144 1449015708760010913
1449015708809897851 1449015708810141988
1449015706959851941 1449015708856513221
1449015707209894742 1449015708856563949
1449015707459893462 1449015708856575305
1449015707709878488 1449015708856585782
1449015707959897642 1449015708856597168
1449015708209887836 1449015708856607705
1449015708459897555 1449015708856617200
1449015708709900645 1449015708856626721
1449015708859895487 1449015708860479301
1449015708909894650 1449015708910142636
1449015708959896486 1449015708960166601
1449015709009892264 1449015709010140089
1449015709109892541 1449015709110140874
1449015709159891149 1449015709160139729
1449015709209892497 1449015709210157745
1449015709259893099 1449015709260141532
1449015709059891464 1449015709260308755
1449015709309891283 1449015709310134926
1449015709359891168 1449015709360166879
1449015709409891303 1449015709410138670
1449015709459891631 1449015709460163277
1449015709509891606 1449015709510140220
1449015709559850200 1449015709560408963
1449015709609871951 1449015709610126929
1449015709659879546 1449015709660127495
1449015709709896656 1449015709710174219
1449015709759858514 1449015709760093029
1449015709809901209 1449015709810183519
1449015709859865757 1449015709860115543
1449015709909836031 1449015709910032012
1449015709959824997 1449015709960004427
1449015710009881800 1449015710010128977
1449015710059898029 1449015710060153524
1449015710109837780 1449015710110032488
1449015710159889706 1449015710160168448
1449015710309897999 1449015710310152435
1449015710359896811 1449015710360153362
1449015710409835018 1449015710410027799
1449015710259897199 1449015710460359679
1449015710209896850 1449015710472458513
1449015710459883884 1449015710472508186
1449015710559837251 1449015710560043719
1449015710609887656 1449015710610139965
1449015710659896986 1449015710660152405
1449015710709835775 1449015710710033580
1449015710809897000 1449015710810150214
1449015710859874112 1449015710860125997
1449015710909838259 1449015710909993428
1449015710959827666 1449015710959961510
1449015710509896544 1449015710984307699
1449015710759842331 1449015710984327523
1449015711009886845 1449015711010112503
1449015711059897902 1449015711060134234
1449015711109839952 1449015711109995514
1449015711159890748 1449015711160115675
1449015711209898293 1449015711210146763
1449015711259838205 1449015711259988703
1449015711309889626 1449015711310118639
1449015711359896851 1449015711360121791
1449015711409895783 1449015711410122230
1449015711459897368 1449015711460130436
1449015711559828274 1449015711559988824
1449015711609891074 1449015711610119195
1449015711659897590 1449015711660124729
1449015711709837242 1449015711709991044
1449015711509839942 1449015711712434779
1449015711759886384 1449015711760105417
1449015711809896886 1449015711810139443
1449015711859838462 1449015711859995284
1449015711959900605 1449015711960127079
1449015712009898291 1449015712010123301
1449015712109899276 1449015712110126986
1449015711909876319 1449015712112418981
1449015712159900039 1449015712160127665
1449015712209893927 1449015712210115372
1449015712259896661 1449015712260144673
1449015712059898216 1449015712316449856
1449015712309837735 1449015712316500424
1449015712359890810 1449015712360119799
1449015712409896267 1449015712410121261
1449015712459898467 1449015712460131271
1449015712509839682 1449015712509989772
1449015712559875985 1449015712560106120
1449015712609898645 1449015712610150462
1449015712659897667 1449015712660129229
1449015712709897999 1449015712710125241
1449015712809890752 1449015712810118545
1449015712909886970 1449015712910112838
1449015712959866150 1449015712960113925
1449015712759836040 1449015712960294608
1449015713009835820 1449015713009981801
1449015713059875955 1449015713060101938
1449015712859889708 1449015713068439924
1449015713109898107 1449015713110125065
1449015713159900150 1449015713160125454
1449015713209898634 1449015713210125762
1449015713259854392 1449015713260099330
1449015713309837094 1449015713310016263
1449015713359858113 1449015713360049928
1449015713409897129 1449015713410121568
1449015713459876290 1449015713460038097
1449015713509888299 1449015713510116419
1449015713559891938 1449015713560119601
1449015713609891749 1449015713610117558
1449015713659893538 1449015713660184360
1449015713709891779 1449015713710138528
1449015713759892478 1449015713760117752
1449015713809896288 1449015713810129868
1449015713859898257 1449015713860133260
1449015713909886606 1449015713910112070
1449015713959886901 1449015713960113939
1449015714009849237 1449015714010110168
1449015714059890515 1449015714060134769
1449015714109851665 1449015714110007375
1449015714159886739 1449015714160116340
1449015714209891976 1449015714210124356
1449015714259892395 1449015714260160342
1449015714309850932 1449015714310003394
1449015714359847572 1449015714359980571
1449015714409885506 1449015714410115147
1449015714459875929 1449015714460135458
1449015714509891630 1449015714510119469
1449015714559850408 1449015714559997468
1449015714609886738 1449015714610114638
1449015714659892703 1449015714660152365
1449015714709887860 1449015714710145614
1449015714759850015 1449015714759994924
1449015714809888825 1449015714810119067
1449015714859890420 1449015714860144318
1449015714909892195 1449015714910120249
1449015714959850325 1449015714959994147
1449015715109875760 1449015715110104271
1449015715159867883 1449015715160100527
1449015715209876855 1449015715210080904
1449015715009886485 1449015715212445166
1449015715059892252 1449015715280334030
1449015715409888383 1449015715410142659
1449015715459892938 1449015715460098638
1449015715309850839 1449015715560373350
1449015715559896626 1449015715560411179
1449015715359843146 1449015715584444769
1449015715609893617 1449015715610099517
1449015715659898446 1449015715660092649
1449015715709892517 1449015715710095541
1449015715809854620 1449015715810120901
1449015715859868026 1449015715860097405
1449015715909894430 1449015715910119139
1449015715959863645 1449015715960089487
1449015716059892366 1449015716060140057
1449015716109850426 1449015716110096116
1449015715259894453 1449015716132372222
1449015715509876850 1449015716132401439
1449015715759891546 1449015716132411057
1449015716159897233 1449015716160117526
1449015716209893863 1449015716210116889
1449015716009893621 1449015716260389104
1449015716259893905 1449015716260427130
1449015716309851871 1449015716310021529
1449015716359843741 1449015716359995251
1449015716409884858 1449015716410107376
1449015716459892333 1449015716460174817
1449015716559843676 1449015716560002142
1449015716609886294 1449015716610107034
1449015716659890104 1449015716660109257
1449015716709872675 1449015716710117079
1449015716509850871 1449015716712371145
1449015716759851886 1449015716760014107
1449015716809821829 1449015716809898911
1449015716859881950 1449015716860130354
1449015716959893225 1449015716960112412
1449015717009889996 1449015717010108855
1449015717059894217 1449015717060114222
1449015717109893173 1449015717110140517
1449015716909895239 1449015717124473682
1449015717159873864 1449015717160110473
1449015717209847151 1449015717210058493
1449015717259892702 1449015717260137056
1449015717309895366 1449015717310121960
1449015717359892210 1449015717360119088
1449015717459893673 1449015717460129628
1449015717559848523 1449015717560042613
1449015717609886444 1449015717610111574
1449015717409893050 1449015717624419169
1449015717659891694 1449015717660113006
1449015717709868920 1449015717710090666
1449015717509889558 1449015717712390994
1449015717759893725 1449015717760094176
1449015717809894514 1449015717810122194
1449015717859876562 1449015717860144292
1449015717909892098 1449015717910118227
1449015717959892143 1449015717960114119
1449015718009894339 1449015718010119396
1449015718059892306 1449015718060145737
1449015718159834127 1449015718159950228
1449015718209832216 1449015718209960220
1449015718309893652 1449015718310121883
1449015718409893555 1449015718410139299
1449015718459891137 1449015718460110916
1449015718259894002 1449015718460344806
1449015718509892515 1449015718510116884
1449015718109833172 1449015718604473234
1449015718359893838 1449015718604523538
1449015718659891814 1449015718660117279
1449015718709893413 1449015718710115065
1449015718759892375 1449015718760140785
1449015718559889503 1449015718760313022
1449015718809893485 1449015718810117831
1449015718909889252 1449015718910137221
1449015718959892744 1449015718960149984
1449015719009890370 1449015719010112768
1449015719059885471 1449015719060112098
1449015719209894311 1449015719210132962
1449015719309894782 1449015719310146222
1449015719159830692 1449015719368392070
1449015719410003481 1449015719410259057
1449015719459899934 1449015719460150609
1449015719259858836 1449015719460330841
1449015719509839405 1449015719510041713
1449015719559827920 1449015719560007280
1449015719659898172 1449015719660151860
1449015719709896794 1449015719710172866
1449015719759836889 1449015719760025259
1449015719809889760 1449015719810143499
1449015719909862622 1449015719910051927
1449015718609877527 1449015719948432768
1449015718859873057 1449015719948461132
1449015719109858304 1449015719948470848
1449015719359858848 1449015719948479775
1449015719609856784 1449015719948488334
1449015719859878957 1449015719948513264
1449015720009894810 1449015720010148131
1449015720059881381 1449015720060133189
1449015720109841025 1449015720110058137
1449015720159826677 1449015720160006695
1449015719959852570 1449015720172345413
