1449009924878976058
1449009924929040675
1449009924978986845
1449009925028986773
1449009925078977593
1449009925128984370
1449009925178989349
1449009925229028018
1449009925278961410
1449009925329025358
1449009925378961450
1449009925428996046
1449009925478958113
1449009925528953982
1449009925578962107
1449009925628961658
1449009925678961085
1449009925728953371
1449009925779010914
1449009925829025465
1449009925879021304
1449009925928993689
1449009925978954428
1449009926028950413
1449009926078959803
1449009926129042552
1449009926178985063
1449009926228999109
1449009926279001553
1449009926329009502
1449009926378987256
1449009926428984030
1449009926478965459
1449009926529009905
1449009926579030951
1449009926628979983
1449009926678984545
1449009926728968136
1449009926778954809
1449009926828992510
1449009926879004733
1449009926928990041
1449009926978992842
1449009927028963210
1449009927078956814
1449009927128962430
1449009927178993168
1449009927228961968
1449009927278984564
1449009927328957981
1449009927379003416
1449009927428965263
1449009927478994506
1449009927528979399
1449009927579033811
1449009927628975811
1449009927678956861
1449009927728953644
1449009927778963162
1449009927828962022
1449009927878970656
1449009927928962926
1449009927978978078
1449009928029013323
1449009928078986483
1449009928129002698
1449009928178969725
1449009928228951414
1449009928278964191
1449009928328984329
1449009928378958288
1449009928428962530
1449009928478955544
1449009928528955768
1449009928578972053
1449009928628956398
1449009928678961599
1449009928728955521
1449009928779032603
1449009928828962913
1449009928878997403
1449009928929019428
1449009928978988729
1449009929028991557
1449009929078982484
1449009929128997132
1449009929179016959
1449009929228998388
1449009929278985457
1449009929329008296
1449009929379020572
1449009929429002051
1449009929478990684
1449009929528991701
1449009929579015446
1449009929629007025
1449009929678980857
1449009929728985920
1449009929779006267
1449009929828984128
1449009929878985098
1449009929928968071
1449009929978991663
1449009930029000557
1449009930078996105
1449009930128973004
1449009930179016782
1449009930229030441
1449009930279003384
1449009930329025459
1449009930378987795
1449009930428967996
1449009930478986451
1449009930528976149
1449009930578982125
1449009930628985813
1449009930679015372
1449009930728995127
1449009930779211910
1449009930828990877
1449009930879023325
1449009930929023019
1449009930979158374
1449009931029023693
1449009931079003696
1449009931128985914
1449009931178988421
1449009931228995652
1449009931278994714
1449009931328965175
1449009931378980515
1449009931428983576
1449009931478983699
1449009931528963998
1449009931579003202
1449009931629012457
1449009931678979634
1449009931728990507
1449009931779009581
1449009931828999119
1449009931878999692
1449009931928985100
1449009931978980076
1449009932028984391
1449009932078989454
1449009932128977418
1449009932178985762
1449009932228976211
1449009932278981391
1449009932329007361
1449009932378996257
1449009932429018382
1449009932478979311
1449009932528985029
1449009932578998294
1449009932629030451
1449009932679014213
1449009932728977771
1449009932778977178
1449009932828981626
1449009932879010693
1449009932928971272
1449009932978981834
1449009933028975033
1449009933078985425
1449009933128985332
1449009933179003298
1449009933229004098
1449009933279023109
1449009933328960688
1449009933379008214
1449009933428983373
1449009933478965609
1449009933528975361
1449009933579004809
1449009933628980527
1449009933678967527
1449009933728978122
1449009933779004934
1449009933829011771
1449009933879025761
1449009933929028097
1449009933978992658
1449009934029029046
1449009934079023805
1449009934129029736
1449009934179005132
1449009934228993246
1449009934279025274
1449009934328991786
1449009934379004406
1449009934429028739
1449009934478999420
1449009934529012699
1449009934579003215
1449009934629028868
1449009934679026447
1449009934728987453
1449009934779017530
1449009934828969044
1449009934878956870
1449009934928964181
1449009934978963319
1449009935028964265
1449009935078987205
1449009935128965267
1449009935178999205
1449009935228990417
1449009935279023884
1449009935329009028
1449009935378998526
1449009935429010715
1449009935479014912
1449009935528990500
1449009935578987062
1449009935628964230
1449009935678981114
1449009935728959802
1449009935778960744
1449009935828965252
1449009935878998803
1449009935929025017
1449009935978971693
1449009936028958794
1449009936078964660
1449009936128967108
1449009936178981121
1449009936228984841
1449009936278983954
1449009936328986988
1449009936378981664
1449009936429021085
1449009936479017081
1449009936529020794
1449009936578981068
1449009936629021645
1449009936679019752
1449009936729004833
1449009936778983245
1449009936829023127
1449009936878991761
1449009936929023945
1449009936978983725
1449009937028958898
1449009937078957838
1449009937128962168
1449009937178958655
1449009937228960441
1449009937278961386
1449009937328957545
1449009937378952408
1449009937428962384
1449009937478960048
1449009937528969561
1449009937578964321
1449009937628954422
1449009937678987050
1449009937728957690
1449009937778952111
1449009937828954329
1449009937878952737
1449009937928950879
1449009937978953226
1449009938028953602
1449009938078948051
1449009938128953048
1449009938178954149
1449009938228966312
1449009938278957061
1449009938328953607
1449009938378957510
1449009938428950158
1449009938478952331
1449009938528952629
1449009938578954525
1449009938628954329
1449009938678954334
1449009938728954790
1449009938778984820
1449009938828964504
1449009938879005221
1449009938928983670
1449009938978971874
1449009939028972762
1449009939079014187
1449009939128980358
1449009939179015462
1449009939229015861
1449009939279020082
1449009939329012837
1449009939378983004
1449009939429002236
1449009939478999745
1449009939529019875
1449009939578967850
1449009939629012454
1449009939678976925
1449009939728987577
1449009939778990198
1449009939828979027
1449009939878966175
1449009939928991411
1449009939978954860
1449009940028974581
1449009940078964736
1449009940128956950
1449009940178968160
1449009940228978199
1449009940278980903
1449009940328991636
1449009940378986225
1449009940429019866
1449009940479019299
1449009940528991912
1449009940578995952
1449009940628985112
1449009940678960256
1449009940728981154
1449009940778964022
1449009940828986965
1449009940878961798
1449009940928955415
1449009940978953628
1449009941028970908
1449009941079017414
1449009941128994263
1449009941178994131
1449009941229025547
1449009941279027302
1449009941329010445
1449009941378986990
1449009941428989800
1449009941478971157
1449009941529029323
1449009941578997085
1449009941629013266
1449009941679027039
1449009941728988980
1449009941778996653
1449009941829027126
1449009941879025878
1449009941929023193
1449009941979009714
1449009942029011516
1449009942078995174
1449009942128962518
1449009942178985698
1449009942229025684
1449009942278964076
1449009942329015737
1449009942378992820
1449009942428961680
1449009942479019760
1449009942528984244
1449009942578954790
1449009942628956355
1449009942678964008
1449009942728948774
1449009942778967664
1449009942829020414
1449009942879019230
1449009942928987389
1449009942978973211
1449009943029020878
1449009943079017177
1449009943128992132
1449009943179020290
1449009943228970064
1449009943278969798
1449009943328968904
1449009943378957764
1449009943428963439
1449009943478962348
1449009943528963650
1449009943578984513
1449009943628989656
1449009943679020604
1449009943728992565
1449009943778990652
1449009943829011458
1449009943879017379
1449009943929023949
1449009943978987948
1449009944029010096
1449009944079012674
1449009944129021652
1449009944178985545
1449009944229008618
1449009944278984592
1449009944328994082
1449009944378963121
1449009944428960052
1449009944478974362
1449009944528982076
1449009944578982926
1449009944628974442
1449009944678961368
1449009944728988115
1449009944778989323
1449009944828984443
1449009944878986046
1449009944929015459
1449009944978963469
1449009945029014450
1449009945078997489
1449009945128998429
1449009945179010989
1449009945229020125
1449009945278988127
1449009945328992341
1449009945378972625
1449009945429005527
1449009945478986231
1449009945529028021
1449009945578990721
1449009945629027582
1449009945678982966
1449009945729025854
1449009945778998624
1449009945829025406
1449009945879024773
1449009945929024062
1449009945978990818
1449009946029023173
1449009946079020171
1449009946129022320
1449009946178989684
1449009946229023880
1449009946279019170
1449009946329023602
1449009946378989954
1449009946428990012
1449009946479007509
1449009946529023474
1449009946578990173
1449009946629022838
1449009946679021202
1449009946729025039
1449009946778990215
1449009946829024728
1449009946879022795
1449009946929022606
1449009946978988727
1449009947028980650
1449009947079026101
1449009947129009207
1449009947178989270
1449009947229024692
1449009947279018589
1449009947329006390
1449009947378988657
1449009947429022699
1449009947478962678
1449009947529030403
1449009947579002036
1449009947629024121
1449009947679004785
1449009947728997664
1449009947779003812
1449009947829013957
1449009947879023593
1449009947928979080
1449009947978993020
1449009948029025903
1449009948079023749
1449009948129025240
1449009948178990403
1449009948229024461
1449009948279022207
1449009948328988055
1449009948378991327
1449009948428990627
1449009948478987330
1449009948529023547
1449009948578989956
1449009948629025230
1449009948678963148
1449009948728983211
1449009948778989457
1449009948828965042
1449009948879017229
1449009948928956746
1449009948978956399
1449009949029015362
1449009949079020027
1449009949129019868
1449009949178990129
1449009949228959187
1449009949279024730
1449009949329008942
1449009949378939110
1449009949428958320
1449009949478954361
1449009949528955889
1449009949578953949
1449009949629014393
1449009949679023551
1449009949728993357
1449009949778990375
1449009949829023351
1449009949879020740
1449009949928963157
1449009949978978918
1449009950029022181
1449009950079023331
1449009950129022364
1449009950178990531
1449009950229025424
1449009950279021967
1449009950329023973
1449009950378987669
1449009950429023829
1449009950479020071
1449009950529022799
1449009950578989658
