1449015257026607626
1449015257076627730
1449015257126610799
1449015257176612217
1449015257226618386
1449015257276613436
1449015257326614850
1449015257376632672
1449015257426618007
1449015257476617403
1449015257526645398
1449015257576617236
1449015257626606877
1449015257676617613
1449015257726622144
1449015257776610787
1449015257826611543
1449015257876614147
1449015257926616904
1449015257976613815
1449015258026645926
1449015258076617486
1449015258126613542
1449015258176596881
1449015258226636924
1449015258276648218
1449015258326647160
1449015258376639568
1449015258426629703
1449015258476649419
1449015258526625249
1449015258576620857
1449015258626653342
1449015258676614983
1449015258726643402
1449015258776649197
1449015258826646673
1449015258876635485
1449015258926613203
1449015258976649393
1449015259026604907
1449015259076613711
1449015259126649373
1449015259176618645
1449015259226649476
1449015259276657492
1449015259326650465
1449015259376605641
1449015259426648519
1449015259476605032
1449015259526647276
1449015259576615245
1449015259626652273
1449015259676611853
1449015259726648447
1449015259776647059
1449015259826629611
1449015259876614972
1449015259926620088
1449015259976616378
1449015260026645936
1449015260076615338
1449015260126650947
1449015260176588058
1449015260226639170
1449015260276649621
1449015260326597773
1449015260376648478
1449015260426648530
1449015260476648554
1449015260526649097
1449015260576616534
1449015260626613449
1449015260676615017
1449015260726648594
1449015260776614696
1449015260826623921
1449015260876654365
1449015260926619180
1449015260976638431
1449015261026621374
1449015261076622157
1449015261126655581
1449015261176632811
1449015261226651427
1449015261276648315
1449015261326646572
1449015261376617698
1449015261426651179
1449015261476652002
1449015261526633528
1449015261576647979
1449015261626621895
1449015261676617426
1449015261726613679
1449015261776646387
1449015261826629975
1449015261876649524
1449015261926620192
1449015261976654371
1449015262026650450
1449015262076631011
1449015262126648675
1449015262176620152
1449015262226642063
1449015262276614108
1449015262326654233
1449015262376649310
1449015262426654664
1449015262476652216
1449015262526646451
1449015262576648497
1449015262626645976
1449015262676612217
1449015262726642714
1449015262776649120
1449015262826615769
1449015262876648014
1449015262926648830
1449015262976615299
1449015263026649565
1449015263076656525
1449015263126644546
1449015263176617259
1449015263226648264
1449015263276649812
1449015263326648941
1449015263376649734
1449015263426645600
1449015263476613164
1449015263526649104
1449015263576642026
1449015263626612861
1449015263676618391
1449015263726617137
1449015263776650002
1449015263826648069
1449015263876649524
1449015263926615351
1449015263976648591
1449015264026648362
1449015264076649001
1449015264126649357
1449015264176633456
1449015264226645234
1449015264276649759
1449015264326641805
1449015264376647904
1449015264426646021
1449015264476616766
1449015264526633959
1449015264576612302
1449015264626643196
1449015264676613697
1449015264726645564
1449015264776648365
1449015264826648878
1449015264876650155
1449015264926646766
1449015264976612175
1449015265026615775
1449015265076614634
1449015265126646661
1449015265176645222
1449015265226645775
1449015265276615327
1449015265326648353
1449015265376653012
1449015265426617573
1449015265476636414
1449015265526618037
1449015265576600789
1449015265626649410
1449015265676619561
1449015265726638612
1449015265776653858
1449015265826650605
1449015265876652210
1449015265926647802
1449015265976620053
1449015266026652468
1449015266076648818
1449015266126645535
1449015266176615719
1449015266226612393
1449015266276621541
1449015266326650836
1449015266376648124
1449015266426637575
1449015266476614845
1449015266526649882
1449015266576648995
1449015266626648589
1449015266676629490
1449015266726643593
1449015266776653066
1449015266826648290
1449015266876648271
1449015266926652105
1449015266976649283
1449015267026648332
1449015267076613231
1449015267126645281
1449015267176649699
1449015267226645788
1449015267276648459
1449015267326646285
1449015267376626646
1449015267426604149
1449015267476647619
1449015267526648776
1449015267576643356
1449015267626650152
1449015267676616768
1449015267726646437
1449015267776613436
1449015267826649473
1449015267876648218
1449015267926646743
1449015267976613402
1449015268026646294
1449015268076615997
1449015268126646815
1449015268176610434
1449015268226644038
1449015268276612625
1449015268326632785
1449015268376605932
1449015268426648390
1449015268476615506
1449015268526630569
1449015268576648654
1449015268626655935
1449015268676632293
1449015268726646036
1449015268776651743
1449015268826649433
1449015268876649741
1449015268926649586
1449015268976651692
1449015269026645963
1449015269076648684
1449015269126644804
1449015269176652198
1449015269226646884
1449015269276617950
1449015269326619358
1449015269376651853
1449015269426653515
1449015269476653001
1449015269526650965
1449015269576652359
1449015269626661057
1449015269676615772
1449015269726650827
1449015269776652361
1449015269826653228
1449015269876619286
1449015269926623831
1449015269976650790
1449015270026648573
1449015270076652276
1449015270126633819
1449015270176613484
1449015270226611234
1449015270276618465
1449015270326656362
1449015270376624561
1449015270426625675
1449015270476623204
1449015270526654426
1449015270576650027
1449015270626649608
1449015270676615622
1449015270726641505
1449015270776613092
1449015270826612102
1449015270876642391
1449015270926648981
1449015270976629248
1449015271026648987
1449015271076648050
1449015271126632285
1449015271176630743
1449015271226615276
1449015271276619614
1449015271326658811
1449015271376650196
1449015271426648102
1449015271476630654
1449015271526641614
1449015271576648170
1449015271626649027
1449015271676614276
1449015271726645598
1449015271776619126
1449015271826609041
1449015271876656811
1449015271926647611
1449015271976624019
1449015272026646077
1449015272076637011
1449015272126645469
1449015272176619711
1449015272226625068
1449015272276651994
1449015272326649593
1449015272376645642
1449015272426649509
1449015272476653052
1449015272526653227
1449015272576653495
1449015272626652915
1449015272676633155
1449015272726650062
1449015272776634127
1449015272826652590
1449015272876614418
1449015272926654377
1449015272976611584
1449015273026647397
1449015273076628211
1449015273126633228
1449015273176614226
1449015273226649300
1449015273276650875
1449015273326650228
1449015273376633779
1449015273426651163
1449015273476640106
1449015273526648884
1449015273576638010
1449015273626649648
1449015273676618626
1449015273726650068
1449015273776616621
1449015273826649810
1449015273876637928
1449015273926648998
1449015273976618250
1449015274026652091
1449015274076619255
1449015274126615153
1449015274176636747
1449015274226647108
1449015274276652709
1449015274326649186
1449015274376661883
1449015274426649726
1449015274476616255
1449015274526648516
1449015274576618015
1449015274626650951
1449015274676618586
1449015274726635773
1449015274776595095
1449015274826628933
1449015274876621691
1449015274926633500
1449015274976636722
1449015275026614025
1449015275076616612
1449015275126616303
1449015275176653629
1449015275226616101
1449015275276612498
1449015275326651317
1449015275376622092
1449015275426652563
1449015275476624841
1449015275526655195
1449015275576612466
1449015275626630431
1449015275676617470
1449015275726651973
1449015275776648563
1449015275826646403
1449015275876615561
1449015275926646406
1449015275976611531
1449015276026630536
1449015276076651474
1449015276126653423
1449015276176651811
1449015276226645882
1449015276276646041
1449015276326647843
1449015276376649107
1449015276426648544
1449015276476650342
1449015276526649412
1449015276576659142
1449015276626648750
1449015276676614610
1449015276726626926
1449015276776654991
1449015276826646460
1449015276876623175
1449015276926647431
1449015276976634714
1449015277026624081
1449015277076649019
1449015277126647634
1449015277176649466
1449015277226647466
1449015277276646088
1449015277326647282
1449015277376651208
1449015277426629811
1449015277476587478
1449015277526651486
1449015277576612930
1449015277626652692
1449015277676614256
1449015277726645201
1449015277776639987
1449015277826609907
1449015277876651763
1449015277926588857
1449015277976606600
1449015278026614559
1449015278076616358
1449015278126649605
1449015278176613828
1449015278226643851
1449015278276596607
1449015278326642611
1449015278376650119
1449015278426648941
1449015278476644446
1449015278526649402
1449015278576609753
1449015278626649802
1449015278676614223
1449015278726645882
1449015278776617880
1449015278826646737
1449015278876649161
1449015278926629380
1449015278976616873
1449015279026649756
1449015279076659703
1449015279126648496
1449015279176631923
1449015279226654388
1449015279276650073
1449015279326649543
1449015279376649344
1449015279426648728
1449015279476630354
1449015279526648266
1449015279576633023
1449015279626648329
1449015279676616561
1449015279726645772
1449015279776648754
1449015279826645651
1449015279876632433
1449015279926612258
1449015279976614859
1449015280026647441
1449015280076613124
1449015280126612023
1449015280176631071
1449015280226646093
1449015280276648714
1449015280326640369
1449015280376652124
1449015280426616197
1449015280476616242
1449015280526651089
1449015280576610478
1449015280626649174
1449015280676615068
1449015280726647373
1449015280776649232
1449015280826636080
1449015280876613613
1449015280926647325
1449015280976648732
