1449014798543767260 1449014798623970190
1449014798593776669 1449014798673865557
1449014798643772046 1449014798723895867
1449014798693767917 1449014798773867294
1449014798743766794 1449014798823896310
1449014798793777418 1449014798873930056
1449014798843784119 1449014798923969856
1449014798893766095 1449014798973883701
1449014798943771544 1449014799023919774
1449014798993767221 1449014799073876447
1449014799043769837 1449014799123914687
1449014799093872000 1449014799174081359
1449014799143775564 1449014799223934060
1449014799193773859 1449014799273956156
1449014799243774542 1449014799323909277
1449014799293787098 1449014799373918722
1449014799343786783 1449014799423910069
1449014799393774863 1449014799473917582
1449014799443793565 1449014799523918882
1449014799493770255 1449014799573899843
1449014799543785242 1449014799623947739
1449014799593779692 1449014799673904050
1449014799643763718 1449014799723887363
1449014799693767327 1449014799773887631
1449014799743763877 1449014799823876993
1449014799793768846 1449014799873882148
1449014799843769572 1449014799923949261
1449014799893771264 1449014799973892868
1449014799943765748 1449014800023861326
1449014799993765995 1449014800073884323
1449014800043764411 1449014800123909940
1449014800093764198 1449014800173885106
1449014800143768718 1449014800223852449
1449014800193770180 1449014800273875931
1449014800243779490 1449014800323890782
1449014800293771002 1449014800373900318
1449014800343783385 1449014800423964809
1449014800393796224 1449014800473905217
1449014800443772517 1449014800523948787
1449014800493772207 1449014800573917277
1449014800543775169 1449014800624040888
1449014800593774442 1449014800673924785
1449014800643767480 1449014800723943820
1449014800693778383 1449014800773895021
1449014800743777531 1449014800823934609
1449014800793813499 1449014800873958923
1449014800843773579 1449014800923892821
1449014800893775691 1449014800973920078
1449014800943774333 1449014801023879486
1449014800993767870 1449014801073905449
1449014801043775016 1449014801123898351
1449014801093783322 1449014801173898321
1449014801143783297 1449014801223929172
1449014801193773509 1449014801273901133
1449014801243787632 1449014801323942599
1449014801293770773 1449014801373901170
1449014801343770704 1449014801423919421
1449014801393778795 1449014801473990926
1449014801443777365 1449014801524002514
1449014801493776131 1449014801573920698
1449014801543791229 1449014801623971979
1449014801593800682 1449014801674038677
1449014801643803964 1449014801723945933
1449014801693820446 1449014801773984764
1449014801743792507 1449014801823970617
1449014801793775566 1449014801873908276
1449014801843765882 1449014801923923327
1449014801893764785 1449014801973918790
1449014801943770361 1449014802023903406
1449014801993768081 1449014802073908093
1449014802043768832 1449014802123937252
1449014802093768923 1449014802173900583
1449014802143771581 1449014802223929606
1449014802193767347 1449014802273897943
1449014802243767501 1449014802323908123
1449014802293766250 1449014802374005683
1449014802343766299 1449014802423901000
1449014802393773732 1449014802473952029
1449014802443767885 1449014802523990941
1449014802493822886 1449014802574045628
1449014802543869062 1449014802624137246
1449014802593814704 1449014802674080324
1449014802643802835 1449014802724045290
1449014802693798623 1449014802774007262
1449014802743821830 1449014802824020012
1449014802793816055 1449014802874043703
1449014802843832711 1449014802924041196
1449014802893794506 1449014802973992539
1449014802943808091 1449014803024093156
1449014802993780757 1449014803074008368
1449014803043810179 1449014803124041826
1449014803093800915 1449014803173969363
1449014803143783026 1449014803223973547
1449014803193791778 1449014803273952685
1449014803243790389 1449014803323991888
1449014803293789632 1449014803373989167
1449014803343796071 1449014803424003304
1449014803393790166 1449014803473979998
1449014803443796659 1449014803523965416
1449014803493790055 1449014803574199261
1449014803543788473 1449014803623992678
1449014803593793562 1449014803673981016
1449014803643795648 1449014803724024506
1449014803693802515 1449014803774085452
1449014803743780614 1449014803823990882
1449014803793801065 1449014803873997536
1449014803843782699 1449014803923954318
1449014803893770836 1449014803973913370
1449014803943798804 1449014804023966157
1449014803993775611 1449014804073911596
1449014804043775433 1449014804123946863
1449014804093776739 1449014804173916502
1449014804143779084 1449014804223918225
1449014804193775226 1449014804273992318
1449014804243770852 1449014804323913224
1449014804293777353 1449014804373873557
1449014804343768948 1449014804423911622
1449014804393768662 1449014804473924106
1449014804443778728 1449014804523925785
1449014804493772523 1449014804573858804
1449014804543765434 1449014804631909735
1449014804593802013 1449014804673901827
1449014804643775466 1449014804723921954
1449014804693773917 1449014804773892658
1449014804743767099 1449014804823907122
1449014804793774265 1449014804873916742
1449014804843770565 1449014804923925448
1449014804893771846 1449014804973894120
1449014804943771117 1449014805023881365
1449014804993770924 1449014805073920250
1449014805043780644 1449014805123933569
1449014805093781078 1449014805173899911
1449014805143769944 1449014805223901771
1449014805193773252 1449014805273882105
1449014805243770552 1449014805323887504
1449014805293756252 1449014805373865633
1449014805343765053 1449014805423924869
1449014805393796384 1449014805474003051
1449014805443802983 1449014805524082866
1449014805493803113 1449014805574018443
1449014805543786535 1449014805623882918
1449014805593783707 1449014805673925415
1449014805643779119 1449014805723941126
1449014805693783145 1449014805773936949
1449014805743853106 1449014805823953608
1449014805793775612 1449014805873938711
1449014805843782574 1449014805923911250
1449014805893775142 1449014805973894975
1449014805943776646 1449014806023916558
1449014805993783176 1449014806074023495
1449014806043778819 1449014806123943552
1449014806093776893 1449014806173927953
1449014806143773953 1449014806223936926
1449014806193772198 1449014806273922525
1449014806243771921 1449014806323962051
1449014806293772463 1449014806373919858
1449014806343790486 1449014806423949559
1449014806393772651 1449014806473894126
1449014806443770162 1449014806523904607
1449014806493768068 1449014806573913477
1449014806543771783 1449014806623928470
1449014806593758166 1449014806673896179
1449014806643768974 1449014806723915100
1449014806693776462 1449014806773911881
1449014806743774000 1449014806823916380
1449014806793787678 1449014806873899400
1449014806843767166 1449014806923935809
1449014806893769960 1449014806973897268
1449014806943777624 1449014807023921192
1449014806993812591 1449014807073939931
1449014807043767477 1449014807123921455
1449014807093773788 1449014807173894468
1449014807143778465 1449014807223883626
1449014807193763949 1449014807273889324
1449014807243771459 1449014807323925770
1449014807293778588 1449014807373886117
1449014807343806448 1449014807423961519
1449014807393773398 1449014807473905958
1449014807443785380 1449014807523982709
1449014807493787810 1449014807573896694
1449014807543785898 1449014807623963838
1449014807593798150 1449014807673973870
1449014807643776985 1449014807723920277
1449014807693764625 1449014807773896720
1449014807743772034 1449014807823909355
1449014807793764801 1449014807873909119
1449014807843768955 1449014807923891498
1449014807893768310 1449014807973926878
1449014807943773192 1449014808023879182
1449014807993764857 1449014808073881901
1449014808043768010 1449014808123924707
1449014808093776258 1449014808173890795
1449014808143800549 1449014808223932783
1449014808193772861 1449014808273869048
1449014808243777430 1449014808323918555
1449014808293770964 1449014808373908366
1449014808343778643 1449014808423872178
1449014808393770700 1449014808473892282
1449014808443773238 1449014808523883942
1449014808493771752 1449014808574064394
1449014808543783291 1449014808623894030
1449014808593767954 1449014808673894414
1449014808643768934 1449014808723902157
1449014808693769813 1449014808773920201
1449014808743778376 1449014808823918993
1449014808793794042 1449014808873979609
1449014808843777799 1449014808923987862
1449014808893775580 1449014808973955127
1449014808943827933 1449014809024093947
1449014808993833968 1449014809074084391
1449014809043832737 1449014809124118650
1449014809093833086 1449014809174109070
1449014809143826826 1449014809224090142
1449014809193832457 1449014809274095325
1449014809243820785 1449014809324030782
1449014809293832830 1449014809374096156
1449014809343818242 1449014809424106113
1449014809393844503 1449014809474072387
1449014809443812575 1449014809524092084
1449014809493840557 1449014809574102519
1449014809543840575 1449014809624091181
1449014809593838869 1449014809674087394
1449014809643840357 1449014809724176173
1449014809693839566 1449014809774104379
1449014809743836694 1449014809824047408
1449014809793833973 1449014809874093440
1449014809843821529 1449014809924012967
1449014809893798759 1449014809973967798
1449014809943782300 1449014810023910471
1449014809993794960 1449014810073930362
1449014810043776247 1449014810123937832
1449014810093793125 1449014810173998449
1449014810143778846 1449014810223971022
1449014810193774811 1449014810273960910
1449014810243800960 1449014810324091574
1449014810293836956 1449014810374060388
1449014810343837248 1449014810424077024
1449014810393821537 1449014810474078439
1449014810443838771 1449014810524114295
1449014810493839150 1449014810574096602
1449014810543834297 1449014810624093303
1449014810593825749 1449014810674074044
1449014810643839184 1449014810724066254
1449014810693838738 1449014810774125694
1449014810743834713 1449014810824091257
1449014810793825978 1449014810874081079
1449014810843837880 1449014810924117974
1449014810893780944 1449014810974004100
1449014810943824689 1449014811024083301
1449014810993839204 1449014811074068178
1449014811043820666 1449014811124455584
1449014811093840105 1449014811174083863
1449014811143836177 1449014811224102697
1449014811193837074 1449014811274104519
1449014811243835529 1449014811324123493
1449014811293836465 1449014811374072052
1449014811343821877 1449014811424116453
1449014811393839358 1449014811474170668
1449014811443836981 1449014811524228153
1449014811493827420 1449014811574096967
1449014811543838122 1449014811624104833
1449014811593839173 1449014811674106768
1449014811643834905 1449014811724088532
1449014811693828936 1449014811774057001
1449014811743804662 1449014811823985210
1449014811793829896 1449014811873945363
1449014811843773968 1449014811923909129
1449014811893778752 1449014811973967758
1449014811943771708 1449014812023924286
1449014811993822733 1449014812074020159
1449014812043824351 1449014812123990993
1449014812093788294 1449014812173945942
1449014812143803873 1449014812223936022
1449014812193796784 1449014812273957860
1449014812243764413 1449014812323882125
1449014812293775230 1449014812373962798
1449014812343791700 1449014812424029557
1449014812393778034 1449014812473986844
1449014812443771154 1449014812523997433
1449014812493790226 1449014812573976126
1449014812543816206 1449014812624023070
1449014812593826898 1449014812674025451
1449014812643800360 1449014812723984960
1449014812693778815 1449014812773911599
1449014812743799043 1449014812823963183
1449014812793775725 1449014812873885949
1449014812843774118 1449014812923938885
1449014812893794954 1449014812973968558
1449014812943768856 1449014813023942062
1449014812993788004 1449014813073953212
1449014813043778216 1449014813123922237
1449014813093824837 1449014813173949361
1449014813143778430 1449014813223894911
1449014813193770353 1449014813273950076
1449014813243783815 1449014813323992898
1449014813293804163 1449014813373922434
1449014813343773440 1449014813423853412
1449014813393763634 1449014813473855243
1449014813443761526 1449014813523867150
1449014813493772597 1449014813573937057
1449014813543772853 1449014813623883276
1449014813593775239 1449014813673899015
1449014813643773612 1449014813723972926
1449014813693807942 1449014813774007842
1449014813743819426 1449014813824060416
1449014813793820640 1449014813874037102
1449014813843822388 1449014813924455763
1449014813893792358 1449014813973997877
1449014813943816491 1449014814024020935
1449014813993802026 1449014814074018181
1449014814043808582 1449014814124024012
1449014814093822007 1449014814174027151
1449014814143820081 1449014814224041762
1449014814193822625 1449014814274044500
1449014814243810228 1449014814324035046
1449014814293815732 1449014814374052958
1449014814343818940 1449014814424048176
1449014814393838286 1449014814474079023
1449014814443839837 1449014814524040350
1449014814493839732 1449014814574072782
1449014814543818361 1449014814624053566
1449014814593805821 1449014814673953880
1449014814643798957 1449014814723943614
1449014814693800966 1449014814773964552
1449014814743799220 1449014814823948407
1449014814793792292 1449014814873927123
1449014814843790386 1449014814923939829
1449014814893790681 1449014814973917698
1449014814943819428 1449014815023984674
1449014814993784112 1449014815073975598
1449014815043778434 1449014815123915530
1449014815093777126 1449014815173927950
1449014815143782406 1449014815223965139
1449014815193782556 1449014815274000911
1449014815243798451 1449014815324329844
1449014815293820406 1449014815374033957
1449014815343776894 1449014815423872394
1449014815393770826 1449014815473864985
1449014815443769456 1449014815523900425
1449014815493796410 1449014815573973038
1449014815543771075 1449014815623901349
1449014815593800502 1449014815673948830
1449014815643833789 1449014815723979803
1449014815693815572 1449014815773969984
1449014815743773862 1449014815823916655
1449014815793787164 1449014815873980204
1449014815843789038 1449014815923954106
1449014815893767735 1449014815973922225
1449014815943769484 1449014816023929456
1449014815993769976 1449014816073926247
1449014816043773161 1449014816123924246
1449014816093788538 1449014816173973884
1449014816143775278 1449014816223918737
1449014816193770433 1449014816273903731
1449014816243767810 1449014816323911516
1449014816293764599 1449014816373993573
1449014816343768789 1449014816423889288
1449014816393783498 1449014816473920866
1449014816443769452 1449014816523895189
1449014816493779557 1449014816573897953
1449014816543771744 1449014816623931946
1449014816593773401 1449014816673961188
1449014816643771422 1449014816723968760
1449014816693777888 1449014816773904671
1449014816743766904 1449014816823884543
1449014816793767783 1449014816873913206
1449014816843767436 1449014816923879789
1449014816893768061 1449014816973896348
1449014816943766389 1449014817023877572
1449014816993764398 1449014817073889320
1449014817043768667 1449014817123863415
1449014817093783276 1449014817173972686
1449014817143791403 1449014817223940977
1449014817193803371 1449014817274006517
1449014817243835405 1449014817324013668
1449014817293771121 1449014817373979218
1449014817343821025 1449014817424029771
1449014817393835132 1449014817474030089
1449014817443771723 1449014817523903247
1449014817493769124 1449014817573920006
1449014817543801413 1449014817624044841
1449014817593792271 1449014817673921542
1449014817643790277 1449014817723918681
1449014817693789306 1449014817773916194
1449014817743771686 1449014817823915148
1449014817793774508 1449014817873913672
1449014817843764218 1449014817923895095
1449014817893773537 1449014817973901259
1449014817943781245 1449014818023901786
1449014817993775048 1449014818073903607
1449014818043772957 1449014818123896703
1449014818093776429 1449014818173908830
1449014818143772350 1449014818223911777
1449014818193779256 1449014818273875772
1449014818243785308 1449014818323956413
1449014818293775954 1449014818373927954
1449014818343769910 1449014818423882237
1449014818393773173 1449014818473922340
1449014818443799663 1449014818523922440
1449014818493771791 1449014818573897041
1449014818543772222 1449014818623938785
1449014818593775942 1449014818673912426
1449014818643778888 1449014818723918700
1449014818693794757 1449014818773984107
1449014818743832666 1449014818824099894
1449014818793823825 1449014818873942991
1449014818843795982 1449014818923923702
1449014818893768375 1449014818973894024
1449014818943764906 1449014819023912178
1449014818993793911 1449014819074017503
1449014819043773502 1449014819123937978
1449014819093778471 1449014819173926188
1449014819143777081 1449014819223894792
1449014819193767952 1449014819273908164
1449014819243777024 1449014819323932527
1449014819293772764 1449014819373924346
1449014819343776937 1449014819423931731
1449014819393778681 1449014819473934265
1449014819443778578 1449014819523896695
1449014819493767039 1449014819573894155
1449014819543780903 1449014819623941249
1449014819593770847 1449014819673909620
1449014819643770438 1449014819723918968
1449014819693769860 1449014819773884551
1449014819743770472 1449014819823923311
1449014819793767849 1449014819873895983
1449014819843837022 1449014819923987505
1449014819893769024 1449014819973903105
1449014819943773553 1449014820023917735
1449014819993764890 1449014820073914890
1449014820043778204 1449014820123969062
1449014820093780315 1449014820174005386
1449014820143823028 1449014820224036978
1449014820193813117 1449014820274057805
1449014820243776745 1449014820323949222
1449014820293824318 1449014820373985904
1449014820343774609 1449014820423970998
1449014820393778870 1449014820473996062
1449014820443805710 1449014820523997836
1449014820493814926 1449014820574066568
1449014820543788111 1449014820624021411
1449014820593818406 1449014820674010224
1449014820643805645 1449014820724043974
1449014820693834419 1449014820774098189
1449014820743821694 1449014820824067788
1449014820793777179 1449014820873975796
1449014820843812002 1449014820923963453
1449014820893833134 1449014820974019703
1449014820943767545 1449014821023934006
1449014820993789197 1449014821073995582
1449014821043813708 1449014821124013349
1449014821093779515 1449014821173956230
1449014821143769002 1449014821223938577
1449014821193812405 1449014821274025848
1449014821243777637 1449014821323916256
1449014821293829874 1449014821374056577
1449014821343786229 1449014821423931714
1449014821393774329 1449014821473899621
1449014821443813022 1449014821523948412
1449014821493784405 1449014821573915431
1449014821543781800 1449014821623931230
1449014821593783527 1449014821673900896
1449014821643798775 1449014821723923964
1449014821693776090 1449014821774015487
1449014821743774391 1449014821823903373
1449014821793781264 1449014821873937553
1449014821843775935 1449014821923920460
1449014821893776996 1449014821973918863
1449014821943772598 1449014822024000026
1449014821993791085 1449014822074016254
1449014822043834425 1449014822124099952
1449014822093813669 1449014822174078952
1449014822143808418 1449014822224082993
1449014822193836984 1449014822274105308
1449014822243815928 1449014822324064621
1449014822293841564 1449014822374095205
1449014822343818844 1449014822424055245
1449014822393839121 1449014822474100909
1449014822443823464 1449014822524125184
1449014822493835669 1449014822574136061
1449014822543843916 1449014822624139956
1449014822593806583 1449014822674049733
1449014822643834578 1449014822724102163
1449014822693819411 1449014822774083241
1449014822743838262 1449014822824144368
1449014822793839393 1449014822874106460
1449014822843837914 1449014822924094073
1449014822893820893 1449014822974074363
1449014822943825311 1449014823024118515
1449014822993809029 1449014823074065205
1449014823043846198 1449014823124107416
1449014823093839488 1449014823174102028
1449014823143840341 1449014823224126037
1449014823193839904 1449014823274101934
1449014823243837243 1449014823324094522
1449014823293839546 1449014823374028057
1449014823343833243 1449014823424031973
1449014823393795608 1449014823474029358
1449014823443834736 1449014823524106290
1449014823493841620 1449014823574107618
1449014823543839490 1449014823624122019
1449014823593839244 1449014823674030967
1449014823643837554 1449014823724069170
1449014823693818700 1449014823774064937
1449014823743850269 1449014823824124366
1449014823793832256 1449014823874079953
1449014823843787279 1449014823923941346
1449014823893774278 1449014823973896162
1449014823943786676 1449014824023913996
1449014823993782920 1449014824073957596
1449014824043826323 1449014824124000425
1449014824093793917 1449014824173958197
1449014824143796762 1449014824223970889
1449014824193797044 1449014824274177973
1449014824243777321 1449014824323888214
1449014824293828354 1449014824374024714
1449014824343802514 1449014824423925139
1449014824393795186 1449014824473911320
1449014824443777936 1449014824523925073
1449014824493728376 1449014824573847688
1449014824543788921 1449014824623958615
1449014824593771102 1449014824673934746
1449014824643779214 1449014824723927668
1449014824693796055 1449014824773970869
1449014824743791084 1449014824823967714
1449014824793793654 1449014824873945223
1449014824843771887 1449014824923909239
1449014824893770466 1449014824973940398
1449014824943780225 1449014825024004372
1449014824993783054 1449014825073955213
1449014825043806886 1449014825124050470
1449014825093832111 1449014825174083770
1449014825143843842 1449014825224093727
1449014825193807829 1449014825274034030
1449014825243822386 1449014825324111033
1449014825293805235 1449014825374066603
1449014825343795712 1449014825424003264
1449014825393788263 1449014825473951804
1449014825443784305 1449014825524017122
1449014825493781777 1449014825573962566
1449014825543798313 1449014825623930071
1449014825593766636 1449014825673915262
1449014825643775093 1449014825723925720
1449014825693792938 1449014825773951400
1449014825743786991 1449014825824014025
1449014825793796489 1449014825873974875
1449014825843814805 1449014825924058640
1449014825893775136 1449014825973953135
1449014825943806409 1449014826024055051
1449014825993821598 1449014826074079912
1449014826043839316 1449014826123993960
1449014826093794860 1449014826173943189
1449014826143804259 1449014826224011173
1449014826193774535 1449014826273895506
1449014826243778142 1449014826324011834
1449014826293782096 1449014826374039041
1449014826343833250 1449014826424110923
1449014826393785664 1449014826473997846
1449014826443789206 1449014826524132112
1449014826493804750 1449014826574032217
1449014826543839309 1449014826624129503
1449014826593840670 1449014826674037549
1449014826643799254 1449014826723952210
1449014826693841154 1449014826774133556
1449014826743795696 1449014826823986230
1449014826793786297 1449014826873975331
1449014826843791489 1449014826924002469
1449014826893795773 1449014826974036107
1449014826943827436 1449014827024111238
1449014826993836485 1449014827074070738
1449014827043834853 1449014827124073703
1449014827093832896 1449014827174101003
1449014827143836656 1449014827224069895
1449014827193818940 1449014827274086275
1449014827243818915 1449014827324022181
1449014827293826484 1449014827374079907
1449014827343794402 1449014827424019331
1449014827393794998 1449014827474001437
1449014827443801868 1449014827524003287
1449014827493812587 1449014827574001540
