1449015071478594118 1449015071638856624
1449015071528606758 1449015071688887869
1449015071578554808 1449015071738862316
1449015071628588329 1449015071788841036
1449015071678553514 1449015071838830316
1449015071728589781 1449015071888888623
1449015071778571454 1449015071938854871
1449015071828589684 1449015071988864832
1449015071878586548 1449015072038828464
1449015071928590021 1449015072088859866
1449015071978553897 1449015072138836428
1449015072028588707 1449015072188873550
1449015072078569054 1449015072238856439
1449015072128588021 1449015072288833429
1449015072178585667 1449015072338869856
1449015072228577630 1449015072388839244
1449015072278569423 1449015072438846141
1449015072328584128 1449015072488871751
1449015072378556056 1449015072538811315
1449015072428589225 1449015072588903425
1449015072478555480 1449015072638847216
1449015072528598539 1449015072688883386
1449015072578569311 1449015072738862931
1449015072628590186 1449015072788872741
1449015072678583676 1449015072838832668
1449015072728589026 1449015072888850717
1449015072778554783 1449015072938878014
1449015072828587973 1449015072988832011
1449015072878569820 1449015073038818248
1449015072928588257 1449015073088840576
1449015072978559703 1449015073138861097
1449015073028590551 1449015073188810755
1449015073078556943 1449015073238777728
1449015073128588222 1449015073288840361
1449015073178573440 1449015073338807214
1449015073228589958 1449015073388837992
1449015073278573259 1449015073438803244
1449015073328575422 1449015073488828162
1449015073378568972 1449015073538829954
1449015073428589974 1449015073588848020
1449015073478585582 1449015073638846625
1449015073528584327 1449015073688836707
1449015073578555132 1449015073738815263
1449015073628590403 1449015073788842934
1449015073678576670 1449015073838831088
1449015073728590797 1449015073888843755
1449015073778584902 1449015073938849065
1449015073828551060 1449015073988822680
1449015073878580377 1449015074038830940
1449015073928589499 1449015074088845417
1449015073978569796 1449015074138843675
1449015074028568568 1449015074188896432
1449015074078571466 1449015074238781947
1449015074128588095 1449015074288828441
1449015074178553498 1449015074338907391
1449015074228587954 1449015074388829984
1449015074278568254 1449015074438819608
1449015074328587586 1449015074488846550
1449015074378559473 1449015074538839502
1449015074428588721 1449015074588843874
1449015074478558694 1449015074638858572
1449015074528589135 1449015074688855092
1449015074578586089 1449015074738831944
1449015074628587293 1449015074788851850
1449015074678556014 1449015074838807227
1449015074728587065 1449015074888842833
1449015074778554626 1449015074938790552
1449015074828590295 1449015074988799992
1449015074878555735 1449015075038834160
1449015074928586195 1449015075088841094
1449015074978546233 1449015075138825547
1449015075028590057 1449015075188826607
1449015075078554768 1449015075238769269
1449015075128588733 1449015075288848730
1449015075178558329 1449015075338812529
1449015075228553700 1449015075388797210
1449015075278540817 1449015075438738561
1449015075328584335 1449015075488821692
1449015075378565524 1449015075538797750
1449015075428587649 1449015075588818082
1449015075478585064 1449015075638816356
1449015075528542503 1449015075688790295
1449015075578566552 1449015075738879305
1449015075628572209 1449015075788823890
1449015075678555352 1449015075838803415
1449015075728571614 1449015075888843070
1449015075778568805 1449015075938841217
1449015075828597532 1449015075988839849
1449015075878568467 1449015076038839021
1449015075928587448 1449015076088878161
1449015075978583624 1449015076138855679
1449015076028588547 1449015076188816728
1449015076078584853 1449015076238848729
1449015076128575978 1449015076288840431
1449015076178540575 1449015076338769462
1449015076228589234 1449015076388842342
1449015076278587845 1449015076438869875
1449015076328588912 1449015076488846033
1449015076378586000 1449015076538839673
1449015076428587949 1449015076588843109
1449015076478556687 1449015076638770489
1449015076528584604 1449015076688830971
1449015076578584509 1449015076738817104
1449015076628591406 1449015076788865725
1449015076678569641 1449015076838806329
1449015076728571677 1449015076888763393
1449015076778554069 1449015076938793950
1449015076828554254 1449015076988748622
1449015076878555538 1449015077038752809
1449015076928572511 1449015077088806148
1449015076978568994 1449015077138827876
1449015077028586916 1449015077188801307
1449015077078588812 1449015077238768674
1449015077128537146 1449015077288759026
1449015077178549669 1449015077338774527
1449015077228544973 1449015077388784481
1449015077278570436 1449015077438796763
1449015077328557855 1449015077488792946
1449015077378570151 1449015077538825634
1449015077428554256 1449015077588799420
1449015077478570023 1449015077638806968
1449015077528589081 1449015077688829340
1449015077578570694 1449015077738850847
1449015077628588509 1449015077788845854
1449015077678569932 1449015077838849430
1449015077728588155 1449015077888831681
1449015077778556003 1449015077938809412
1449015077828588886 1449015077988800536
1449015077878572991 1449015078038807650
1449015077928571355 1449015078088801902
1449015077978555220 1449015078138832109
1449015078028587939 1449015078188849633
1449015078078540984 1449015078238789485
1449015078128588930 1449015078288829837
1449015078178555843 1449015078338829281
1449015078228590216 1449015078388831337
1449015078278560831 1449015078438770781
1449015078328593523 1449015078488793277
1449015078378588195 1449015078538864332
1449015078428587017 1449015078588812747
1449015078478568764 1449015078638800183
1449015078528589035 1449015078688822491
1449015078578584960 1449015078738853971
1449015078628588175 1449015078788813571
1449015078678555142 1449015078838778689
1449015078728588789 1449015078888833134
1449015078778553611 1449015078938775137
1449015078828588134 1449015078988800727
1449015078878570442 1449015079038777796
1449015078928573223 1449015079088794756
1449015078978569466 1449015079138826513
1449015079028540080 1449015079188814286
1449015079078583624 1449015079238770540
1449015079128588112 1449015079288825782
1449015079178553251 1449015079338784469
1449015079228588749 1449015079388833969
1449015079278541660 1449015079438745564
1449015079328586023 1449015079488830518
1449015079378586916 1449015079538853738
1449015079428587866 1449015079588884319
1449015079478574186 1449015079638826573
1449015079528588056 1449015079688841809
1449015079578569318 1449015079738810295
1449015079628596140 1449015079788820313
1449015079678554801 1449015079838795294
1449015079728587440 1449015079888831731
1449015079778568685 1449015079938857808
1449015079828555176 1449015079988752581
1449015079878552364 1449015080038754173
1449015079928562652 1449015080088806516
1449015079978546928 1449015080138780117
1449015080028552535 1449015080188805379
1449015080078572231 1449015080238804168
1449015080128586829 1449015080288865495
1449015080178570082 1449015080338754049
1449015080228588051 1449015080388796171
1449015080278572848 1449015080438819618
1449015080328526990 1449015080488747359
1449015080378531170 1449015080538760544
1449015080428582618 1449015080588794582
1449015080478585191 1449015080638869233
1449015080528588353 1449015080688839827
1449015080578584813 1449015080738887804
1449015080628587982 1449015080788844167
1449015080678585123 1449015080838836354
1449015080728573478 1449015080888816647
1449015080778585801 1449015080938852396
1449015080828552092 1449015080988818818
1449015080878584257 1449015081038853545
1449015080928573276 1449015081088824219
1449015080978541937 1449015081138824538
1449015081028587297 1449015081188840783
1449015081078552704 1449015081238799284
1449015081128577511 1449015081288833479
1449015081178564329 1449015081338838301
1449015081228588188 1449015081388831430
1449015081278586098 1449015081438821349
1449015081328555493 1449015081488794509
1449015081378586896 1449015081538833768
1449015081428591875 1449015081588810238
1449015081478587136 1449015081638833331
1449015081528564209 1449015081688848136
1449015081578587085 1449015081738864251
1449015081628588807 1449015081788844558
1449015081678586059 1449015081838835692
1449015081728561685 1449015081888730447
1449015081778572684 1449015081938823401
1449015081828590306 1449015081988828580
1449015081878572313 1449015082038827846
1449015081928575047 1449015082088804565
1449015081978590701 1449015082138892242
1449015082028589062 1449015082188856158
1449015082078586123 1449015082238864344
1449015082128585306 1449015082288862709
1449015082178585046 1449015082338886066
1449015082228588158 1449015082388894407
1449015082278585273 1449015082438854153
1449015082328588234 1449015082488856767
1449015082378581644 1449015082538872681
1449015082428586483 1449015082588848064
1449015082478586712 1449015082638864709
1449015082528587521 1449015082688865893
1449015082578593416 1449015082738924020
1449015082628589849 1449015082788866978
1449015082678593930 1449015082838872058
1449015082728589291 1449015082888842489
1449015082778584234 1449015082938825318
1449015082828583410 1449015082988819727
1449015082878568240 1449015083038838427
1449015082928559054 1449015083088855594
1449015082978580230 1449015083138881003
1449015083028580609 1449015083188885956
1449015083078585562 1449015083238865464
1449015083128589699 1449015083288867730
1449015083178585150 1449015083338894275
1449015083228589431 1449015083388859194
1449015083278585029 1449015083438882033
1449015083328573194 1449015083488842482
1449015083378585663 1449015083538894411
1449015083428590021 1449015083588840169
1449015083478585663 1449015083638864148
1449015083528588390 1449015083688865062
1449015083578586156 1449015083738885479
1449015083628588884 1449015083788898029
1449015083678549122 1449015083838809890
1449015083728588279 1449015083888829423
1449015083778586168 1449015083938881756
1449015083828542411 1449015083988807890
1449015083878542415 1449015084038812401
1449015083928590121 1449015084088809670
1449015083978587450 1449015084138914225
1449015084028554300 1449015084188833366
1449015084078597799 1449015084238873225
1449015084128591102 1449015084288869518
1449015084178587589 1449015084338889321
1449015084228590921 1449015084388816878
1449015084278580920 1449015084438768626
1449015084328589447 1449015084488812216
1449015084378587855 1449015084538868579
1449015084428535441 1449015084588800219
1449015084478585051 1449015084638892041
1449015084528590031 1449015084688892814
1449015084578587964 1449015084738931874
1449015084628590488 1449015084788863030
1449015084678552563 1449015084838832378
1449015084728589832 1449015084888802702
1449015084778586092 1449015084939197909
1449015084828583865 1449015084988793825
1449015084878539943 1449015085038800167
1449015084928588702 1449015085088850900
1449015084978586712 1449015085138857707
1449015085028588865 1449015085188913027
1449015085078586337 1449015085238856955
1449015085128590067 1449015085288871153
1449015085178587091 1449015085338865239
1449015085228588071 1449015085388848693
1449015085278528444 1449015085438758480
1449015085328590710 1449015085488849605
1449015085378586458 1449015085538883249
1449015085428589149 1449015085588829268
1449015085478547633 1449015085638792132
1449015085528540679 1449015085688755821
1449015085578586377 1449015085738829442
1449015085628590641 1449015085788862271
1449015085678587228 1449015085838843530
1449015085728590965 1449015085888830515
1449015085778585383 1449015085938846663
1449015085828567898 1449015085988880000
1449015085878585617 1449015086038854086
1449015085928589183 1449015086088853830
1449015085978572349 1449015086138845285
1449015086028588728 1449015086188859075
1449015086078587904 1449015086239203387
1449015086128589589 1449015086288857511
1449015086178587963 1449015086338918183
1449015086228590504 1449015086388852866
1449015086278589112 1449015086438852958
1449015086328588752 1449015086488864906
1449015086378587888 1449015086538848634
1449015086428599680 1449015086588813225
1449015086478587203 1449015086638876854
1449015086528590361 1449015086688852854
1449015086578581128 1449015086738831036
1449015086628587314 1449015086788827650
1449015086678586984 1449015086838893360
1449015086728575122 1449015086888836633
1449015086778556014 1449015086938815686
1449015086828589765 1449015086988837447
1449015086878588917 1449015087038871195
1449015086928590248 1449015087088853165
1449015086978587524 1449015087138854941
1449015087028591287 1449015087188889307
1449015087078589464 1449015087238883648
1449015087128591460 1449015087288817079
1449015087178587359 1449015087338855547
1449015087228590885 1449015087388857005
1449015087278554443 1449015087438819853
1449015087328590106 1449015087488861361
1449015087378586191 1449015087538826340
1449015087428589380 1449015087588820582
1449015087478578172 1449015087638765802
1449015087528589185 1449015087688822980
1449015087578595635 1449015087738827408
1449015087628521136 1449015087788763060
1449015087678574647 1449015087838877240
1449015087728572025 1449015087888853200
1449015087778586486 1449015087938842604
1449015087828590396 1449015087988850026
1449015087878586348 1449015088038878177
1449015087928587753 1449015088088860272
1449015087978584336 1449015088138873463
1449015088028586286 1449015088188863953
1449015088078586765 1449015088238958615
1449015088128588754 1449015088288832671
1449015088178569094 1449015088338845752
1449015088228558458 1449015088388824903
1449015088278585544 1449015088438872813
1449015088328587767 1449015088488860312
1449015088378595589 1449015088538865809
1449015088428588672 1449015088588886982
1449015088478585713 1449015088638885734
1449015088528584167 1449015088688847395
1449015088578583090 1449015088738858612
1449015088628587317 1449015088788866975
1449015088678538388 1449015088838831977
1449015088728586648 1449015088888854941
1449015088778585761 1449015088938879244
1449015088828551438 1449015088988777792
1449015088878586228 1449015089038878007
1449015088928576170 1449015089088848375
1449015088978541269 1449015089138814249
1449015089028588090 1449015089188870544
1449015089078586915 1449015089238886512
1449015089128587110 1449015089288839791
1449015089178555864 1449015089338825172
1449015089228587196 1449015089388811700
1449015089278585250 1449015089438863913
1449015089328574621 1449015089488788349
1449015089378653571 1449015089538909321
1449015089428591759 1449015089588859710
1449015089478584868 1449015089638943054
1449015089528587301 1449015089688856155
1449015089578584229 1449015089738887320
1449015089628551102 1449015089788864861
1449015089678574386 1449015089838931760
1449015089728550440 1449015089888817950
1449015089778585250 1449015089938852610
1449015089828588114 1449015089988883946
1449015089878573757 1449015090038862636
1449015089928588368 1449015090088858721
1449015089978587698 1449015090138832971
1449015090028587619 1449015090188846132
1449015090078584533 1449015090238762365
1449015090128551363 1449015090288851865
1449015090178585124 1449015090338931590
1449015090228524370 1449015090388742406
1449015090278583152 1449015090438889587
1449015090328588064 1449015090488865648
1449015090378584491 1449015090538855570
1449015090428572939 1449015090588848786
1449015090478586739 1449015090638920262
1449015090528588147 1449015090688889788
1449015090578596022 1449015090738915010
1449015090628555973 1449015090788835471
1449015090678584950 1449015090838891766
1449015090728588997 1449015090888871402
1449015090778585654 1449015090938854902
1449015090828588098 1449015090988787920
1449015090878585908 1449015091038833683
1449015090928586767 1449015091088780234
1449015090978527175 1449015091138757871
1449015091028542560 1449015091188812192
1449015091078544803 1449015091238830445
1449015091128544938 1449015091288790415
1449015091178585708 1449015091338859401
1449015091228587611 1449015091388885380
1449015091278584552 1449015091438894261
1449015091328587269 1449015091488855745
1449015091378584591 1449015091538846970
1449015091428564260 1449015091588779469
1449015091478586161 1449015091638876186
1449015091528587926 1449015091688872221
1449015091578584877 1449015091738894527
1449015091628682500 1449015091788948581
1449015091678590884 1449015091838870408
1449015091728587754 1449015091888857260
1449015091778582678 1449015091938849567
1449015091828588352 1449015091988859210
1449015091878567653 1449015092038764714
1449015091928586958 1449015092088887463
1449015091978585332 1449015092138863066
1449015092028525197 1449015092188761430
1449015092078579118 1449015092238879643
1449015092128587725 1449015092288869274
1449015092178585441 1449015092338860766
1449015092228587728 1449015092388857123
1449015092278588528 1449015092438902440
1449015092328566031 1449015092488856524
1449015092378565896 1449015092538833206
1449015092428586771 1449015092588851044
1449015092478593033 1449015092638860647
1449015092528556518 1449015092688817895
1449015092578573515 1449015092738826182
1449015092628538437 1449015092788813478
1449015092678580878 1449015092838853854
1449015092728588075 1449015092888792897
1449015092778554370 1449015092938799787
1449015092828587333 1449015092988801239
1449015092878585553 1449015093038859983
1449015092928589006 1449015093088831707
1449015092978581838 1449015093138858489
1449015093028582995 1449015093188820070
1449015093078584376 1449015093238857690
1449015093128588614 1449015093288841555
1449015093178585261 1449015093338840136
1449015093228573469 1449015093388818057
1449015093278584482 1449015093438847676
1449015093328590577 1449015093488856317
1449015093378585049 1449015093538820667
1449015093428587720 1449015093588800780
1449015093478585733 1449015093638866076
1449015093528591127 1449015093688844165
1449015093578555320 1449015093738802856
1449015093628588744 1449015093788841147
1449015093678594027 1449015093838905578
1449015093728589271 1449015093888823159
1449015093778585685 1449015093938816051
1449015093828591242 1449015093988829777
1449015093878585473 1449015094038838969
1449015093928589711 1449015094088843240
1449015093978585503 1449015094138827569
1449015094028589005 1449015094188868076
1449015094078585512 1449015094238861248
1449015094128588113 1449015094288843583
1449015094178584369 1449015094338822353
1449015094228589696 1449015094388834187
1449015094278590943 1449015094438863642
1449015094328588111 1449015094488829991
1449015094378586021 1449015094538823290
1449015094428589153 1449015094588824036
1449015094478586067 1449015094638861372
1449015094528546028 1449015094688797369
1449015094578584944 1449015094738781718
1449015094628589773 1449015094788844545
1449015094678596807 1449015094838759183
1449015094728587821 1449015094888834334
1449015094778584251 1449015094938792798
1449015094828548946 1449015094988778019
1449015094878584237 1449015095038826484
1449015094928557087 1449015095088804011
1449015094978584648 1449015095138818729
1449015095028565582 1449015095188933624
1449015095078597429 1449015095238899388
1449015095128590919 1449015095288841712
1449015095178585662 1449015095338851036
1449015095228588880 1449015095388836038
1449015095278543669 1449015095438793497
1449015095328546450 1449015095488779125
1449015095378583613 1449015095538797031
1449015095428589932 1449015095588840046
1449015095478582827 1449015095638839192
1449015095528553746 1449015095688815075
1449015095578586815 1449015095738843792
1449015095628588550 1449015095788843158
1449015095678583874 1449015095838862089
1449015095728589742 1449015095888832113
1449015095778586496 1449015095938837446
1449015095828584440 1449015095988820072
1449015095878585757 1449015096038848400
1449015095928588311 1449015096088829068
1449015095978586418 1449015096138828926
1449015096028585421 1449015096188834433
1449015096078585345 1449015096238858051
1449015096128589987 1449015096288859876
1449015096178584623 1449015096338836769
1449015096228589205 1449015096388832604
1449015096278569107 1449015096438830654
1449015096328561882 1449015096488767279
1449015096378584050 1449015096538890198
1449015096428587900 1449015096588832118
1449015096478539542 1449015096638818368
1449015096528587793 1449015096688840276
1449015096578586464 1449015096738787979
1449015096628590027 1449015096788870110
1449015096678586136 1449015096838860252
1449015096728590414 1449015096888834024
1449015096778590723 1449015096938835154
1449015096828590901 1449015096988864165
1449015096878588163 1449015097038875646
1449015096928589237 1449015097088857335
1449015096978569881 1449015097138844377
1449015097028554120 1449015097188833026
1449015097078585362 1449015097238862240
1449015097128588647 1449015097288866999
1449015097178585211 1449015097338864568
1449015097228556076 1449015097388824339
1449015097278586603 1449015097438845875
1449015097328542288 1449015097488777181
1449015097378585864 1449015097538846374
1449015097428572906 1449015097588832517
1449015097478538907 1449015097638815188
1449015097528588742 1449015097688872299
1449015097578586114 1449015097738862324
1449015097628589857 1449015097788864861
1449015097678586511 1449015097838871056
1449015097728588921 1449015097888854971
1449015097778588942 1449015097938865667
1449015097828589588 1449015097988859795
1449015097878587371 1449015098038866071
1449015097928590292 1449015098088856550
1449015097978585490 1449015098138863180
1449015098028573520 1449015098188834460
1449015098078586862 1449015098238871288
1449015098128588791 1449015098288862997
1449015098178586247 1449015098338845128
1449015098228588319 1449015098388862007
1449015098278585160 1449015098438844689
1449015098328588275 1449015098488833358
1449015098378543659 1449015098538810478
1449015098428570989 1449015098588836121
1449015098478552365 1449015098638813424
1449015098528590238 1449015098688867137
1449015098578587370 1449015098738870606
1449015098628587672 1449015098788862873
1449015098678551535 1449015098838833562
1449015098728588907 1449015098888859505
1449015098778586453 1449015098938820341
1449015098828589819 1449015098988835911
1449015098878585858 1449015099038857234
1449015098928589504 1449015099088862447
1449015098978586579 1449015099138864136
1449015099028599022 1449015099188839735
1449015099078586625 1449015099238865812
1449015099128589656 1449015099288850559
1449015099178585295 1449015099338824474
1449015099228590317 1449015099388842162
1449015099278569034 1449015099438818363
1449015099328589585 1449015099488841828
1449015099378585627 1449015099538885551
1449015099428555764 1449015099588774605
1449015099478586472 1449015099638844119
