1449009924878976058 1449009924879221547
1449009924929040675 1449009924929276370
1449009924978986845 1449009924979249460
1449009925028986773 1449009925029190120
1449009925078977593 1449009925079212195
1449009925128984370 1449009925129270583
1449009925178989349 1449009925179262131
1449009925229028018 1449009925229263509
1449009925278961410 1449009925279072339
1449009925378961450 1449009925379073202
1449009925428996046 1449009925429138146
1449009925478958113 1449009925479073383
1449009925528953982 1449009925529073041
1449009925628961658 1449009925629069967
1449009925678961085 1449009925679066694
1449009925728953371 1449009925729083893
1449009925779010914 1449009925779290551
1449009925879021304 1449009925879281380
1449009925928993689 1449009925929128528
1449009925978954428 1449009925979138064
1449009926028950413 1449009926029067970
1449009926129042552 1449009926129277919
1449009926178985063 1449009926179238908
1449009926228999109 1449009926229251207
1449009926279001553 1449009926279252883
1449009926378987256 1449009926379180832
1449009926428984030 1449009926429241451
1449009926478965459 1449009926479121947
1449009926529009905 1449009926529281638
1449009926628979983 1449009926629167779
1449009926728968136 1449009926729142542
1449009926778954809 1449009926779084385
1449009926678984545 1449009926880873168
1449009926928990041 1449009926929224977
1449009926978992842 1449009926979273421
1449009927028963210 1449009927029073323
1449009926879004733 1449009927080767836
1449009927128962430 1449009927129092106
1449009927178993168 1449009927179392039
1449009927228961968 1449009927229144078
1449009927278984564 1449009927279169604
1449009927379003416 1449009927379274494
1449009927428965263 1449009927429223911
1449009927478994506 1449009927479254695
1449009927528979399 1449009927529243535
1449009927628975811 1449009927629227324
1449009927678956861 1449009927679046141
1449009927728953644 1449009927729090210
1449009927778963162 1449009927779088318
1449009927878970656 1449009927879136443
1449009927928962926 1449009927929151413
1449009927978978078 1449009927979178860
1449009928029013323 1449009928029210811
1449009928129002698 1449009928129205444
1449009928178969725 1449009928179133817
1449009928228951414 1449009928229094879
1449009928278964191 1449009928279107326
1449009928378958288 1449009928379063238
1449009928428962530 1449009928429093789
1449009928528955768 1449009928529086658
1449009928678961599 1449009928679058245
1449009928478955544 1449009928680734848
1449009928728955521 1449009928729079366
1449009928779032603 1449009928779282707
1449009928628956398 1449009928832754738
1449009928878997403 1449009928879240925
1449009928929019428 1449009928929289450
1449009928978988729 1449009928979208558
1449009929028991557 1449009929029243368
1449009929128997132 1449009929129245365
1449009929179016959 1449009929179297541
1449009929228998388 1449009929229243493
1449009929278985457 1449009929279190688
1449009929379020572 1449009929379275386
1449009929429002051 1449009929429275267
1449009929478990684 1449009929479235221
1449009929528991701 1449009929529235416
1449009929629007025 1449009929629254683
1449009929678980857 1449009929679212796
1449009929728985920 1449009929729231650
1449009929779006267 1449009929779255048
1449009929878985098 1449009929879212708
1449009929928968071 1449009929929213123
1449009929978991663 1449009929979249417
1449009930029000557 1449009930029278497
1449009930128973004 1449009930129217168
1449009930179016782 1449009930179329363
1449009930229030441 1449009930229277450
1449009930279003384 1449009930279256190
1449009930378987795 1449009930379146229
1449009930428967996 1449009930429127386
1449009930478986451 1449009930479179368
1449009930528976149 1449009930529164593
1449009930628985813 1449009930629139368
1449009930679015372 1449009930679276023
1449009930728995127 1449009930729279455
1449009930779211910 1449009930779469434
1449009930879023325 1449009930879279556
1449009930929023019 1449009930929306388
1449009930979158374 1449009930979421694
1449009931029023693 1449009931029280278
1449009931128985914 1449009931129220656
1449009931178988421 1449009931179171957
1449009931278994714 1449009931279235224
1449009931378980515 1449009931379148192
1449009931428983576 1449009931429154825
1449009931228995652 1449009931432928488
1449009931478983699 1449009931479084682
1449009931528963998 1449009931529201667
1449009931629012457 1449009931629281637
1449009931678979634 1449009931679270480
1449009931728990507 1449009931729240042
1449009931779009581 1449009931779249970
1449009931878999692 1449009931879245178
1449009931928985100 1449009931929194458
1449009931978980076 1449009931979180461
1449009932028984391 1449009932029210617
1449009932128977418 1449009932129173429
1449009932178985762 1449009932179179120
1449009932228976211 1449009932229133488
1449009932278981391 1449009932279182413
1449009932378996257 1449009932379220158
1449009932429018382 1449009932429263675
1449009932478979311 1449009932479224978
1449009932528985029 1449009932529203929
1449009932629030451 1449009932629270606
1449009932679014213 1449009932679262743
1449009932728977771 1449009932729219175
1449009932778977178 1449009932779133599
1449009932879010693 1449009932879239983
1449009932928971272 1449009932929107262
1449009932978981834 1449009932979177928
1449009933028975033 1449009933029109303
1449009933128985332 1449009933129195716
1449009933179003298 1449009933179250548
1449009933229004098 1449009933229246627
1449009933279023109 1449009933279270319
1449009933379008214 1449009933379372256
1449009933428983373 1449009933429225699
1449009933478965609 1449009933479105870
1449009933528975361 1449009933529208981
1449009933628980527 1449009933629134963
1449009933678967527 1449009933679189149
1449009933728978122 1449009933729232265
1449009933779004934 1449009933779241103
1449009933879025761 1449009933879322497
1449009933929028097 1449009933929297488
1449009933978992658 1449009933979218337
1449009934029029046 1449009934029261646
1449009934129029736 1449009934129261438
1449009934179005132 1449009934179274359
1449009934228993246 1449009934229241736
1449009934279025274 1449009934279256347
1449009934379004406 1449009934379243608
1449009934429028739 1449009934429291799
1449009934529012699 1449009934529243599
1449009934629028868 1449009934629264933
1449009934679026447 1449009934679258159
1449009934478999420 1449009934732829678
1449009934728987453 1449009934732842458
1449009934779017530 1449009934779242199
1449009934878956870 1449009934879076982
1449009934928964181 1449009934929145059
1449009934978963319 1449009934979151187
1449009935028964265 1449009935029077252
1449009935128965267 1449009935129089968
1449009935178999205 1449009935179215185
1449009935228990417 1449009935229219656
1449009935279023884 1449009935279299432
1449009935378998526 1449009935379214602
1449009935429010715 1449009935429296720
1449009935479014912 1449009935479261013
1449009935528990500 1449009935529121405
1449009935628964230 1449009935629108948
1449009935678981114 1449009935679251871
1449009935728959802 1449009935729090365
1449009935778960744 1449009935779099061
1449009935878998803 1449009935879233655
1449009935929025017 1449009935929377520
1449009935978971693 1449009935979202197
1449009936028958794 1449009936029063876
1449009936128967108 1449009936129134614
1449009936178981121 1449009936179217861
1449009936228984841 1449009936229199267
1449009936278983954 1449009936279093741
1449009936378981664 1449009936379161709
1449009936429021085 1449009936429269568
1449009936479017081 1449009936479234203
1449009936529020794 1449009936529234618
1449009936629021645 1449009936629243371
1449009936679019752 1449009936679296924
1449009936729004833 1449009936729227016
1449009936778983245 1449009936779176132
1449009936878991761 1449009936879211495
1449009936929023945 1449009936929272528
1449009936978983725 1449009936979168694
1449009937028958898 1449009937029077344
1449009937128962168 1449009937129083774
1449009937178958655 1449009937179088426
1449009937228960441 1449009937229052169
1449009937378952408 1449009937379184421
1449009937428962384 1449009937429055526
1449009937478960048 1449009937479045011
1449009937278961386 1449009937480735533
1449009937528969561 1449009937529113094
1449009937628954422 1449009937629031166
1449009937678987050 1449009937679120445
1449009937728957690 1449009937729058273
1449009937778952111 1449009937779052162
1449009937878952737 1449009937879059698
1449009937928950879 1449009937929061295
1449009937978953226 1449009937979058956
1449009938028953602 1449009938029053059
1449009938128953048 1449009938129053995
1449009938178954149 1449009938179070180
1449009938228966312 1449009938229107166
1449009938278957061 1449009938279035195
1449009938378957510 1449009938379061243
1449009938428950158 1449009938429054694
1449009938478952331 1449009938479054145
1449009938528952629 1449009938529056228
1449009938628954329 1449009938629058909
1449009938678954334 1449009938679074614
1449009938728954790 1449009938729063751
1449009938778984820 1449009938779109823
1449009938879005221 1449009938879206319
1449009938928983670 1449009938929229574
1449009938978971874 1449009938979176943
1449009939028972762 1449009939029212428
1449009939128980358 1449009939129231143
1449009939179015462 1449009939179231566
1449009939279020082 1449009939279315071
1449009939378983004 1449009939379236298
1449009939429002236 1449009939429251294
1449009939229015861 1449009939432930734
1449009939478999745 1449009939479238783
1449009939529019875 1449009939529268041
1449009939629012454 1449009939629259204
1449009939678976925 1449009939679237345
1449009939728987577 1449009939729273786
1449009939878966175 1449009939879157812
1449009939928991411 1449009939929128716
1449009939978954860 1449009939979096287
1449009939778990198 1449009939980788899
1449009940028974581 1449009940029100937
1449009940128956950 1449009940129061945
1449009940178968160 1449009940179142997
1449009940228978199 1449009940229154937
1449009940278980903 1449009940279207464
1449009940378986225 1449009940379162264
1449009940429019866 1449009940429284128
1449009940479019299 1449009940479267151
1449009940528991912 1449009940529246379
1449009940628985112 1449009940629217586
1449009940678960256 1449009940679072091
1449009940728981154 1449009940729075975
1449009940778964022 1449009940779092939
1449009940878961798 1449009940879094114
1449009940928955415 1449009940929056072
1449009940978953628 1449009940979043993
1449009941028970908 1449009941029131041
1449009941128994263 1449009941129261081
1449009941229025547 1449009941229304560
1449009941279027302 1449009941279284721
1449009941378986990 1449009941379243374
1449009941178994131 1449009941432953175
1449009941428989800 1449009941433003516
1449009941478971157 1449009941479226028
1449009941529029323 1449009941529279430
1449009941629013266 1449009941629263437
1449009941679027039 1449009941679303676
1449009941728988980 1449009941729209738
1449009941778996653 1449009941779244020
1449009941879025878 1449009941879278715
1449009941929023193 1449009941929296860
1449009941979009714 1449009941979196113
1449009942029011516 1449009942029221105
1449009942128962518 1449009942129075179
1449009942178985698 1449009942179285625
1449009942229025684 1449009942229264271
1449009942278964076 1449009942279082189
1449009942378992820 1449009942379234361
1449009942428961680 1449009942429093387
1449009942479019760 1449009942479230716
1449009942528984244 1449009942529218161
1449009942628956355 1449009942629071839
1449009942678964008 1449009942679108524
1449009942728948774 1449009942729054684
1449009942778967664 1449009942779254474
1449009942879019230 1449009942879272678
1449009942928987389 1449009942929274112
1449009942978973211 1449009942979217539
1449009943029020878 1449009943029264042
1449009943128992132 1449009943129245202
1449009943179020290 1449009943179289798
1449009943228970064 1449009943229130358
1449009943278969798 1449009943279199947
1449009943378957764 1449009943379075579
1449009943428963439 1449009943429092016
1449009943478962348 1449009943479082769
1449009943528963650 1449009943529069122
1449009943628989656 1449009943629213470
1449009943679020604 1449009943679279160
1449009943728992565 1449009943729199287
1449009943778990652 1449009943779215986
1449009943879017379 1449009943879266243
1449009943929023949 1449009943929748541
1449009943978987948 1449009943979209120
1449009944029010096 1449009944029232150
1449009944178985545 1449009944179182722
1449009944229008618 1449009944229229178
1449009944278984592 1449009944279205523
1449009944129021652 1449009944380862194
1449009944378963121 1449009944380895256
1449009944428960052 1449009944429090688
1449009944478974362 1449009944479140275
1449009944528982076 1449009944529153832
1449009944628974442 1449009944629191323
1449009944678961368 1449009944679085374
1449009944728988115 1449009944729186856
1449009944778989323 1449009944779217487
1449009944878986046 1449009944879103674
1449009944929015459 1449009944929262025
1449009944978963469 1449009944979121357
1449009945029014450 1449009945029263411
1449009945128998429 1449009945129244019
1449009945179010989 1449009945179239514
1449009945278988127 1449009945279232327
1449009945378972625 1449009945379102674
1449009945429005527 1449009945429243386
1449009945229020125 1449009945432908103
1449009945478986231 1449009945479220799
1449009945529028021 1449009945529266541
1449009945629027582 1449009945629261122
1449009945678982966 1449009945679252163
1449009945729025854 1449009945729259998
1449009945929024062 1449009945929263284
1449009945978990818 1449009945979223552
1449009945778998624 1449009945980909354
1449009946029023173 1449009946029298266
1449009945879024773 1449009946132936823
1449009946129022320 1449009946132986168
1449009946178989684 1449009946179227427
1449009946229023880 1449009946229256484
1449009946279019170 1449009946279263838
1449009946378989954 1449009946379256595
1449009946428990012 1449009946429226381
1449009946479007509 1449009946479255345
1449009946529023474 1449009946529266351
1449009946629022838 1449009946629261185
1449009946729025039 1449009946729300303
1449009946778990215 1449009946779226394
1449009946879022795 1449009946879263734
1449009946679021202 1449009946880922437
1449009946929022606 1449009946929259700
1449009946978988727 1449009946979203333
1449009947028980650 1449009947029224513
1449009947129009207 1449009947129248005
1449009947178989270 1449009947179229809
1449009947229024692 1449009947229260039
1449009947279018589 1449009947279258196
1449009947378988657 1449009947379223386
1449009947429022699 1449009947429295561
1449009947478962678 1449009947479089183
1449009947529030403 1449009947529267437
1449009947629024121 1449009947629262528
1449009947679004785 1449009947679239995
1449009947728997664 1449009947729236635
1449009947779003812 1449009947779253448
1449009947879023593 1449009947879261589
1449009947928979080 1449009947929213716
1449009947978993020 1449009947979225186
1449009948029025903 1449009948029268018
1449009948129025240 1449009948129272264
1449009948178990403 1449009948179225542
1449009948229024461 1449009948229259955
1449009948279022207 1449009948279262475
1449009948378991327 1449009948379246428
1449009948428990627 1449009948429218453
1449009948478987330 1449009948479216266
1449009948529023547 1449009948529268873
1449009948629025230 1449009948629261579
1449009948678963148 1449009948679093379
1449009948728983211 1449009948729215351
1449009948778989457 1449009948779226654
1449009948879017229 1449009948879256100
1449009948928956746 1449009948929057723
1449009948978956399 1449009948979068715
1449009949029015362 1449009949029263798
1449009949129019868 1449009949129270099
1449009949178990129 1449009949179237155
1449009949228959187 1449009949229092219
1449009949279024730 1449009949279280817
1449009949378939110 1449009949379102419
1449009949428958320 1449009949429061813
1449009949478954361 1449009949479028688
1449009949528955889 1449009949529071598
1449009949629014393 1449009949629213250
1449009949728993357 1449009949729205405
1449009949778990375 1449009949779216264
1449009949879020740 1449009949879258526
1449009949679023551 1449009949880913464
1449009949928963157 1449009949929061897
1449009949978978918 1449009949979198165
1449009950029022181 1449009950029253305
1449009950129022364 1449009950129245677
1449009950229025424 1449009950229254266
1449009950279021967 1449009950279243907
1449009950378987669 1449009950379217296
1449009950178990531 1449009950432881857
1449009950429023829 1449009950432976575
1449009950479020071 1449009950479242980
1449009925329025358 1449009950512880882
1449009925578962107 1449009950512901442
1449009925829025465 1449009950512905277
1449009926078959803 1449009950512908754
1449009926329009502 1449009950512912100
1449009926579030951 1449009950512915461
1449009926828992510 1449009950512918932
1449009927078956814 1449009950512922179
1449009927328957981 1449009950512925407
1449009927579033811 1449009950512928644
1449009927828962022 1449009950512931906
1449009928078986483 1449009950512935017
1449009928328984329 1449009950512938145
1449009928578972053 1449009950512941328
1449009928828962913 1449009950512944524
1449009929078982484 1449009950512947647
1449009929329008296 1449009950512950770
1449009929579015446 1449009950512953994
1449009929828984128 1449009950512957237
1449009930078996105 1449009950512960534
1449009930329025459 1449009950513013994
1449009930578982125 1449009950513018154
1449009930828990877 1449009950513021503
1449009931079003696 1449009950513024732
1449009931328965175 1449009950513027888
1449009931579003202 1449009950513031026
1449009931828999119 1449009950513034153
1449009932078989454 1449009950513037298
1449009932329007361 1449009950513040578
1449009932578998294 1449009950513043868
1449009932828981626 1449009950513047040
1449009933078985425 1449009950513050198
1449009933328960688 1449009950513053278
1449009933579004809 1449009950513056400
1449009933829011771 1449009950513059483
1449009934079023805 1449009950513062566
1449009934328991786 1449009950513065649
1449009934579003215 1449009950513068733
1449009934828969044 1449009950513071820
1449009935078987205 1449009950513074986
1449009935329009028 1449009950513086800
1449009935578987062 1449009950513090710
1449009950529022799 1449009950529244501
1449009935828965252 1449009950629719668
1449009936078964660 1449009950629773667
1449009936328986988 1449009950629785123
1449009936578981068 1449009950629794865
1449009936829023127 1449009950629804260
1449009937078957838 1449009950629812993
1449009937328957545 1449009950629822524
1449009937578964321 1449009950629832410
1449009937828954329 1449009950629841654
1449009938078948051 1449009950629851326
1449009938328953607 1449009950629860968
1449009938578954525 1449009950629870283
1449009938828964504 1449009950629879483
1449009939079014187 1449009950629888798
1449009939329012837 1449009950629897377
1449009939578967850 1449009950629907497
1449009939828979027 1449009950629917082
1449009940078964736 1449009950629926159
1449009940328991636 1449009950629934665
1449009940578995952 1449009950629943078
1449009940828986965 1449009950630086005
1449009941079017414 1449009950630098503
1449009941329010445 1449009950630107674
1449009941578997085 1449009950630116380
1449009941829027126 1449009950630125204
1449009942078995174 1449009950630133646
1449009942329015737 1449009950630142209
1449009942578954790 1449009950630150588
1449009942829020414 1449009950630159174
1449009943079017177 1449009950630167553
1449009943328968904 1449009950630175872
1449009943578984513 1449009950630184271
1449009943829011458 1449009950630192520
1449009944079012674 1449009950630200892
1449009944328994082 1449009950630209318
1449009944578982926 1449009950630217563
1449009944828984443 1449009950630225862
1449009945078997489 1449009950630234017
1449009945328992341 1449009950630242202
1449009945578990721 1449009950630250398
1449009945829025406 1449009950630434461
1449009946079020171 1449009950630449018
1449009946329023602 1449009950630458392
1449009946578990173 1449009950630467212
1449009946829024728 1449009950630476036
1449009947079026101 1449009950630484455
1449009947329006390 1449009950630492867
1449009947579002036 1449009950630501253
1449009947829013957 1449009950630509612
1449009948079023749 1449009950630518064
1449009948328988055 1449009950630526537
1449009948578989956 1449009950630534856
1449009948828965042 1449009950630543328
1449009949079020027 1449009950630551567
1449009949329008942 1449009950630559829
1449009949578953949 1449009950630568118
1449009949829023351 1449009950630576286
1449009950079023331 1449009950630584475
1449009950329023973 1449009950630611877
1449009950578989658 1449009950630621325
