1449009830025105584
1449009830075117763
1449009830125107881
1449009830175106383
1449009830225102696
1449009830275082024
1449009830325107753
1449009830375073544
1449009830425110669
1449009830475088029
1449009830525097986
1449009830575074067
1449009830625105152
1449009830675088275
1449009830725105445
1449009830775087904
1449009830825087965
1449009830875090819
1449009830925077030
1449009830975087548
1449009831025109663
1449009831075070091
1449009831125088200
1449009831175068981
1449009831225106013
1449009831275073451
1449009831325104229
1449009831375111700
1449009831425114972
1449009831475045465
1449009831525106279
1449009831575087527
1449009831625072505
1449009831675106991
1449009831725094390
1449009831775094572
1449009831825106931
1449009831875071385
1449009831925107459
1449009831975109023
1449009832025108016
1449009832075108963
1449009832125106739
1449009832175107425
1449009832225087521
1449009832275107321
1449009832325108786
1449009832375105463
1449009832425074938
1449009832475104918
1449009832525075679
1449009832575111027
1449009832625108129
1449009832675107562
1449009832725108646
1449009832775109763
1449009832825108355
1449009832875109933
1449009832925109881
1449009832975107664
1449009833025108270
1449009833075110095
1449009833125110244
1449009833175109269
1449009833225110226
1449009833275106175
1449009833325105365
1449009833375103832
1449009833425096245
1449009833475081837
1449009833525074816
1449009833575106385
1449009833625104420
1449009833675104186
1449009833725102345
1449009833775107615
1449009833825109841
1449009833875107842
1449009833925109440
1449009833975105285
1449009834025104167
1449009834075108665
1449009834125108082
1449009834175072132
1449009834225105452
1449009834275067170
1449009834325104894
1449009834375071229
1449009834425070458
1449009834475107924
1449009834525108333
1449009834575071444
1449009834625106298
1449009834675072109
1449009834725110116
1449009834775088398
1449009834825108522
1449009834875108747
1449009834925107315
1449009834975109779
1449009835025091659
1449009835075109100
1449009835125110274
1449009835175106243
1449009835225107834
1449009835275102791
1449009835325103166
1449009835375062933
1449009835425075774
1449009835475107330
1449009835525072870
1449009835575108111
1449009835625113778
1449009835675112473
1449009835725113049
1449009835775105631
1449009835825109060
1449009835875106990
1449009835925113319
1449009835975108776
1449009836025111394
1449009836075112244
1449009836125110892
1449009836175107342
1449009836225109983
1449009836275086167
1449009836325090879
1449009836375115135
1449009836425108408
1449009836475069835
1449009836525108186
1449009836575109183
1449009836625108473
1449009836675108150
1449009836725105960
1449009836775104298
1449009836825110727
1449009836875108360
1449009836925109858
1449009836975106515
1449009837025109266
1449009837075105061
1449009837125107745
1449009837175107886
1449009837225073246
1449009837275110228
1449009837325107784
1449009837375107615
1449009837425109527
1449009837475105489
1449009837525109453
1449009837575043068
1449009837625100789
1449009837675089508
1449009837725107701
1449009837775112413
1449009837825108766
1449009837875066779
1449009837925104746
1449009837975105459
1449009838025109790
1449009838075064632
1449009838125057581
1449009838175100089
1449009838225072544
1449009838275109650
1449009838325107209
1449009838375109886
1449009838425073301
1449009838475107500
1449009838525069108
1449009838575057964
1449009838625103435
1449009838675089214
1449009838725090779
1449009838775107188
1449009838825110744
1449009838875110418
1449009838925108718
1449009838975108115
1449009839025110007
1449009839075062321
1449009839125056181
1449009839175067796
1449009839225096826
1449009839275058337
1449009839325066029
1449009839375104848
1449009839425109196
1449009839475089490
1449009839525107973
1449009839575109474
1449009839625108513
1449009839675109871
1449009839725072464
1449009839775104087
1449009839825108589
1449009839875066177
1449009839925058251
1449009839975066581
1449009840025109356
1449009840075106227
1449009840125105757
1449009840175106103
1449009840225089055
1449009840275076692
1449009840325114295
1449009840375110241
1449009840425108087
1449009840475073564
1449009840525107442
1449009840575106685
1449009840625107150
1449009840675109250
1449009840725051064
1449009840775115112
1449009840825074699
1449009840875069622
1449009840925059784
1449009840975101627
1449009841025110622
1449009841075107309
1449009841125065920
1449009841175104081
1449009841225072064
1449009841275086063
1449009841325062799
1449009841375107728
1449009841425108769
1449009841475065809
1449009841525058401
1449009841575103036
1449009841625047752
1449009841675102498
1449009841725063882
1449009841775105898
1449009841825110313
1449009841875109980
1449009841925110185
1449009841975111857
1449009842025110666
1449009842075107774
1449009842125109880
1449009842175106941
1449009842225105336
1449009842275063709
1449009842325057072
1449009842375059840
1449009842425110125
1449009842475108850
1449009842525067317
1449009842575106374
1449009842625110351
1449009842675089752
1449009842725109131
1449009842775106259
1449009842825065805
1449009842875104458
1449009842925109611
1449009842975084228
1449009843025108481
1449009843075106230
1449009843125064794
1449009843175102722
1449009843225108012
1449009843275064942
1449009843325057340
1449009843375084559
1449009843425074394
1449009843475108810
1449009843525111247
1449009843575095757
1449009843625111019
1449009843675107957
1449009843725109225
1449009843775110258
1449009843825110336
1449009843875065035
1449009843925057930
1449009843975103405
1449009844025110866
1449009844075109454
1449009844125064457
1449009844175101857
1449009844225108152
1449009844275107281
1449009844325075280
1449009844375096904
1449009844425073756
1449009844475106315
1449009844525109500
1449009844575107914
1449009844625110455
1449009844675108415
1449009844725107307
1449009844775111023
1449009844825110604
1449009844875110117
1449009844925109875
1449009844975106899
1449009845025110576
1449009845075110470
1449009845125065359
1449009845175106474
1449009845225077874
1449009845275108501
1449009845325105071
1449009845375071964
1449009845425108542
1449009845475069227
1449009845525059456
1449009845575103347
1449009845625111925
1449009845675047898
1449009845725054708
1449009845775104405
1449009845825110524
1449009845875066124
1449009845925059324
1449009845975104447
1449009846025111892
1449009846075065525
1449009846125058049
1449009846175105448
1449009846225109649
1449009846275108214
1449009846325064736
1449009846375102213
1449009846425094714
1449009846475095173
1449009846525070882
1449009846575059565
1449009846625103539
1449009846675108114
1449009846725064584
1449009846775105728
1449009846825112121
1449009846875091946
1449009846925110212
1449009846975108760
1449009847025092060
1449009847075108977
1449009847125110719
1449009847175109484
1449009847225108490
1449009847275106553
1449009847325064296
1449009847375104739
1449009847425085062
1449009847475072692
1449009847525110131
1449009847575108743
1449009847625108647
1449009847675110356
1449009847725108967
1449009847775110456
1449009847825110701
1449009847875110355
1449009847925110005
1449009847975107518
1449009848025110562
1449009848075111422
1449009848125065232
1449009848175105752
1449009848225109686
1449009848275109126
1449009848325117165
1449009848375108146
1449009848425091744
1449009848475073273
1449009848525068116
1449009848575061085
1449009848625105287
1449009848675110252
1449009848725064787
1449009848775069209
1449009848825110911
1449009848875109880
1449009848925066460
1449009848975102289
1449009849025077688
1449009849075108626
1449009849125065376
1449009849175103507
1449009849225076287
1449009849275113386
1449009849325066768
1449009849375102186
1449009849425108699
1449009849475068172
1449009849525096033
1449009849575081177
1449009849625105410
1449009849675112972
1449009849725041428
1449009849775069453
1449009849825110547
1449009849875069823
1449009849925061058
1449009849975084459
1449009850025111451
1449009850075108713
1449009850125065667
1449009850175104650
1449009850225073835
1449009850275108802
1449009850325109552
1449009850375109540
1449009850425110045
1449009850475063321
1449009850525056216
1449009850575095540
1449009850625102768
1449009850675089399
1449009850725063715
1449009850775101355
1449009850825108663
1449009850875096831
1449009850925066400
1449009850975093693
1449009851025110964
1449009851075109672
1449009851125065804
1449009851175083953
1449009851225108777
1449009851275064194
1449009851325059221
1449009851375104725
1449009851425109234
1449009851475064667
1449009851525058411
1449009851575100915
1449009851625110869
1449009851675066119
1449009851725086744
1449009851775072410
1449009851825068469
1449009851875107729
1449009851925108539
1449009851975064557
1449009852025104322
1449009852075108142
1449009852125064645
1449009852175105091
1449009852225109579
1449009852275066145
1449009852325107383
1449009852375105658
1449009852425110066
1449009852475106422
1449009852525067298
1449009852575059331
1449009852625105003
1449009852675106651
1449009852725062553
1449009852775101713
1449009852825103234
1449009852875064274
1449009852925054627
1449009852975108119
1449009853025110756
1449009853075064272
1449009853125057335
1449009853175103200
1449009853225109519
1449009853275067348
1449009853325055914
1449009853375103042
1449009853425076757
1449009853475110535
1449009853525066737
1449009853575057865
1449009853625102534
1449009853675109912
1449009853725062118
1449009853775042538
1449009853825081268
1449009853875067809
1449009853925057500
1449009853975083647
1449009854025114599
1449009854075114734
1449009854125066983
1449009854175104463
1449009854225113702
1449009854275068264
1449009854325060317
1449009854375056710
1449009854425068238
1449009854475111113
1449009854525066911
1449009854575058319
1449009854625102060
1449009854675110878
1449009854725063882
1449009854775111522
1449009854825108944
1449009854875063195
1449009854925055572
1449009854975053940
1449009855025106327
1449009855075084615
1449009855125063572
1449009855175102579
1449009855225110177
1449009855275063820
1449009855325107624
1449009855375076879
1449009855425066748
1449009855475058012
1449009855525105184
1449009855575075856
1449009855625109697
1449009855675110794
1449009855725109700
1449009855775061274
1449009855825109475
1449009855875090189
1449009855925068395
1449009855975055136
1449009856025105435
1449009856075106498
1449009856125065680
1449009856175057517
1449009856225069084
1449009856275103764
1449009856325041596
1449009856375100593
1449009856425111048
1449009856475067571
1449009856525106527
1449009856575109291
1449009856625112463
1449009856675109227
1449009856725066485
1449009856775105411
1449009856825109585
1449009856875107923
1449009856925109752
1449009856975109753
1449009857025108792
1449009857075107076
1449009857125107459
1449009857175106758
1449009857225087185
1449009857275108715
1449009857325042335
1449009857375109186
1449009857425110300
1449009857475108246
1449009857525067666
1449009857575107711
1449009857625099387
1449009857675109454
1449009857725067287
1449009857775105498
1449009857825044619
1449009857875111454
1449009857925051376
1449009857975103479
1449009858025080017
1449009858075109525
1449009858125065343
1449009858175098269
1449009858225107177
1449009858275100537
1449009858325075592
1449009858375091329
1449009858425105001
1449009858475108758
1449009858525105455
1449009858575108406
1449009858625109807
1449009858675111442
1449009858725065199
1449009858775098593
1449009858825070103
1449009858875110622
1449009858925066771
1449009858975104090
1449009859025109100
1449009859075112362
1449009859125064060
1449009859175100865
1449009859225107782
1449009859275106400
1449009859325097288
1449009859375083765
1449009859425073082
1449009859475066686
1449009859525060206
1449009859575103719
1449009859625107191
1449009859675110580
1449009859725110288
1449009859775076763
1449009859825077917
1449009859875066222
1449009859925056458
