1449015071478594118
1449015071528606758
1449015071578554808
1449015071628588329
1449015071678553514
1449015071728589781
1449015071778571454
1449015071828589684
1449015071878586548
1449015071928590021
1449015071978553897
1449015072028588707
1449015072078569054
1449015072128588021
1449015072178585667
1449015072228577630
1449015072278569423
1449015072328584128
1449015072378556056
1449015072428589225
1449015072478555480
1449015072528598539
1449015072578569311
1449015072628590186
1449015072678583676
1449015072728589026
1449015072778554783
1449015072828587973
1449015072878569820
1449015072928588257
1449015072978559703
1449015073028590551
1449015073078556943
1449015073128588222
1449015073178573440
1449015073228589958
1449015073278573259
1449015073328575422
1449015073378568972
1449015073428589974
1449015073478585582
1449015073528584327
1449015073578555132
1449015073628590403
1449015073678576670
1449015073728590797
1449015073778584902
1449015073828551060
1449015073878580377
1449015073928589499
1449015073978569796
1449015074028568568
1449015074078571466
1449015074128588095
1449015074178553498
1449015074228587954
1449015074278568254
1449015074328587586
1449015074378559473
1449015074428588721
1449015074478558694
1449015074528589135
1449015074578586089
1449015074628587293
1449015074678556014
1449015074728587065
1449015074778554626
1449015074828590295
1449015074878555735
1449015074928586195
1449015074978546233
1449015075028590057
1449015075078554768
1449015075128588733
1449015075178558329
1449015075228553700
1449015075278540817
1449015075328584335
1449015075378565524
1449015075428587649
1449015075478585064
1449015075528542503
1449015075578566552
1449015075628572209
1449015075678555352
1449015075728571614
1449015075778568805
1449015075828597532
1449015075878568467
1449015075928587448
1449015075978583624
1449015076028588547
1449015076078584853
1449015076128575978
1449015076178540575
1449015076228589234
1449015076278587845
1449015076328588912
1449015076378586000
1449015076428587949
1449015076478556687
1449015076528584604
1449015076578584509
1449015076628591406
1449015076678569641
1449015076728571677
1449015076778554069
1449015076828554254
1449015076878555538
1449015076928572511
1449015076978568994
1449015077028586916
1449015077078588812
1449015077128537146
1449015077178549669
1449015077228544973
1449015077278570436
1449015077328557855
1449015077378570151
1449015077428554256
1449015077478570023
1449015077528589081
1449015077578570694
1449015077628588509
1449015077678569932
1449015077728588155
1449015077778556003
1449015077828588886
1449015077878572991
1449015077928571355
1449015077978555220
1449015078028587939
1449015078078540984
1449015078128588930
1449015078178555843
1449015078228590216
1449015078278560831
1449015078328593523
1449015078378588195
1449015078428587017
1449015078478568764
1449015078528589035
1449015078578584960
1449015078628588175
1449015078678555142
1449015078728588789
1449015078778553611
1449015078828588134
1449015078878570442
1449015078928573223
1449015078978569466
1449015079028540080
1449015079078583624
1449015079128588112
1449015079178553251
1449015079228588749
1449015079278541660
1449015079328586023
1449015079378586916
1449015079428587866
1449015079478574186
1449015079528588056
1449015079578569318
1449015079628596140
1449015079678554801
1449015079728587440
1449015079778568685
1449015079828555176
1449015079878552364
1449015079928562652
1449015079978546928
1449015080028552535
1449015080078572231
1449015080128586829
1449015080178570082
1449015080228588051
1449015080278572848
1449015080328526990
1449015080378531170
1449015080428582618
1449015080478585191
1449015080528588353
1449015080578584813
1449015080628587982
1449015080678585123
1449015080728573478
1449015080778585801
1449015080828552092
1449015080878584257
1449015080928573276
1449015080978541937
1449015081028587297
1449015081078552704
1449015081128577511
1449015081178564329
1449015081228588188
1449015081278586098
1449015081328555493
1449015081378586896
1449015081428591875
1449015081478587136
1449015081528564209
1449015081578587085
1449015081628588807
1449015081678586059
1449015081728561685
1449015081778572684
1449015081828590306
1449015081878572313
1449015081928575047
1449015081978590701
1449015082028589062
1449015082078586123
1449015082128585306
1449015082178585046
1449015082228588158
1449015082278585273
1449015082328588234
1449015082378581644
1449015082428586483
1449015082478586712
1449015082528587521
1449015082578593416
1449015082628589849
1449015082678593930
1449015082728589291
1449015082778584234
1449015082828583410
1449015082878568240
1449015082928559054
1449015082978580230
1449015083028580609
1449015083078585562
1449015083128589699
1449015083178585150
1449015083228589431
1449015083278585029
1449015083328573194
1449015083378585663
1449015083428590021
1449015083478585663
1449015083528588390
1449015083578586156
1449015083628588884
1449015083678549122
1449015083728588279
1449015083778586168
1449015083828542411
1449015083878542415
1449015083928590121
1449015083978587450
1449015084028554300
1449015084078597799
1449015084128591102
1449015084178587589
1449015084228590921
1449015084278580920
1449015084328589447
1449015084378587855
1449015084428535441
1449015084478585051
1449015084528590031
1449015084578587964
1449015084628590488
1449015084678552563
1449015084728589832
1449015084778586092
1449015084828583865
1449015084878539943
1449015084928588702
1449015084978586712
1449015085028588865
1449015085078586337
1449015085128590067
1449015085178587091
1449015085228588071
1449015085278528444
1449015085328590710
1449015085378586458
1449015085428589149
1449015085478547633
1449015085528540679
1449015085578586377
1449015085628590641
1449015085678587228
1449015085728590965
1449015085778585383
1449015085828567898
1449015085878585617
1449015085928589183
1449015085978572349
1449015086028588728
1449015086078587904
1449015086128589589
1449015086178587963
1449015086228590504
1449015086278589112
1449015086328588752
1449015086378587888
1449015086428599680
1449015086478587203
1449015086528590361
1449015086578581128
1449015086628587314
1449015086678586984
1449015086728575122
1449015086778556014
1449015086828589765
1449015086878588917
1449015086928590248
1449015086978587524
1449015087028591287
1449015087078589464
1449015087128591460
1449015087178587359
1449015087228590885
1449015087278554443
1449015087328590106
1449015087378586191
1449015087428589380
1449015087478578172
1449015087528589185
1449015087578595635
1449015087628521136
1449015087678574647
1449015087728572025
1449015087778586486
1449015087828590396
1449015087878586348
1449015087928587753
1449015087978584336
1449015088028586286
1449015088078586765
1449015088128588754
1449015088178569094
1449015088228558458
1449015088278585544
1449015088328587767
1449015088378595589
1449015088428588672
1449015088478585713
1449015088528584167
1449015088578583090
1449015088628587317
1449015088678538388
1449015088728586648
1449015088778585761
1449015088828551438
1449015088878586228
1449015088928576170
1449015088978541269
1449015089028588090
1449015089078586915
1449015089128587110
1449015089178555864
1449015089228587196
1449015089278585250
1449015089328574621
1449015089378653571
1449015089428591759
1449015089478584868
1449015089528587301
1449015089578584229
1449015089628551102
1449015089678574386
1449015089728550440
1449015089778585250
1449015089828588114
1449015089878573757
1449015089928588368
1449015089978587698
1449015090028587619
1449015090078584533
1449015090128551363
1449015090178585124
1449015090228524370
1449015090278583152
1449015090328588064
1449015090378584491
1449015090428572939
1449015090478586739
1449015090528588147
1449015090578596022
1449015090628555973
1449015090678584950
1449015090728588997
1449015090778585654
1449015090828588098
1449015090878585908
1449015090928586767
1449015090978527175
1449015091028542560
1449015091078544803
1449015091128544938
1449015091178585708
1449015091228587611
1449015091278584552
1449015091328587269
1449015091378584591
1449015091428564260
1449015091478586161
1449015091528587926
1449015091578584877
1449015091628682500
1449015091678590884
1449015091728587754
1449015091778582678
1449015091828588352
1449015091878567653
1449015091928586958
1449015091978585332
1449015092028525197
1449015092078579118
1449015092128587725
1449015092178585441
1449015092228587728
1449015092278588528
1449015092328566031
1449015092378565896
1449015092428586771
1449015092478593033
1449015092528556518
1449015092578573515
1449015092628538437
1449015092678580878
1449015092728588075
1449015092778554370
1449015092828587333
1449015092878585553
1449015092928589006
1449015092978581838
1449015093028582995
1449015093078584376
1449015093128588614
1449015093178585261
1449015093228573469
1449015093278584482
1449015093328590577
1449015093378585049
1449015093428587720
1449015093478585733
1449015093528591127
1449015093578555320
1449015093628588744
1449015093678594027
1449015093728589271
1449015093778585685
1449015093828591242
1449015093878585473
1449015093928589711
1449015093978585503
1449015094028589005
1449015094078585512
1449015094128588113
1449015094178584369
1449015094228589696
1449015094278590943
1449015094328588111
1449015094378586021
1449015094428589153
1449015094478586067
1449015094528546028
1449015094578584944
1449015094628589773
1449015094678596807
1449015094728587821
1449015094778584251
1449015094828548946
1449015094878584237
1449015094928557087
1449015094978584648
1449015095028565582
1449015095078597429
1449015095128590919
1449015095178585662
1449015095228588880
1449015095278543669
1449015095328546450
1449015095378583613
1449015095428589932
1449015095478582827
1449015095528553746
1449015095578586815
1449015095628588550
1449015095678583874
1449015095728589742
1449015095778586496
1449015095828584440
1449015095878585757
1449015095928588311
1449015095978586418
1449015096028585421
1449015096078585345
1449015096128589987
1449015096178584623
1449015096228589205
1449015096278569107
1449015096328561882
1449015096378584050
1449015096428587900
1449015096478539542
1449015096528587793
1449015096578586464
1449015096628590027
1449015096678586136
1449015096728590414
1449015096778590723
1449015096828590901
1449015096878588163
1449015096928589237
1449015096978569881
1449015097028554120
1449015097078585362
1449015097128588647
1449015097178585211
1449015097228556076
1449015097278586603
1449015097328542288
1449015097378585864
1449015097428572906
1449015097478538907
1449015097528588742
1449015097578586114
1449015097628589857
1449015097678586511
1449015097728588921
1449015097778588942
1449015097828589588
1449015097878587371
1449015097928590292
1449015097978585490
1449015098028573520
1449015098078586862
1449015098128588791
1449015098178586247
1449015098228588319
1449015098278585160
1449015098328588275
1449015098378543659
1449015098428570989
1449015098478552365
1449015098528590238
1449015098578587370
1449015098628587672
1449015098678551535
1449015098728588907
1449015098778586453
1449015098828589819
1449015098878585858
1449015098928589504
1449015098978586579
1449015099028599022
1449015099078586625
1449015099128589656
1449015099178585295
1449015099228590317
1449015099278569034
1449015099328589585
1449015099378585627
1449015099428555764
1449015099478586472
1449015099528588615
1449015099578585472
1449015099628545387
