1449014982087757871 1449014982168036093
1449014982137779481 1449014982218042085
1449014982187764238 1449014982268045845
1449014982237766892 1449014982318023008
1449014982287766532 1449014982368003290
1449014982337759868 1449014982417993911
1449014982387749927 1449014982468048786
1449014982437767919 1449014982518032545
1449014982487768926 1449014982568049284
1449014982537766776 1449014982618034728
1449014982587765154 1449014982668031358
1449014982637767273 1449014982717963741
1449014982687744627 1449014982768022438
1449014982737715590 1449014982817954452
1449014982787743447 1449014982867963095
1449014982837765578 1449014982918036167
1449014982887767868 1449014982968041901
1449014982937766326 1449014983018028816
1449014982987746188 1449014983068012350
1449014983037703223 1449014983117923691
1449014983137768122 1449014983218059257
1449014983187763483 1449014983268053312
1449014983237766822 1449014983318084835
1449014983287762049 1449014983368054517
1449014983387748748 1449014983468072060
1449014983437714291 1449014983517996303
1449014983487762395 1449014983568210703
1449014983087754921 1449014983578164990
1449014983337748018 1449014983578218468
1449014983537767538 1449014983617969839
1449014983587721405 1449014983667919910
1449014983637701813 1449014983717859046
1449014983687701393 1449014983767869372
1449014983737703111 1449014983817948088
1449014983787765126 1449014983868059124
1449014983887768954 1449014983968048199
1449014983937769102 1449014984017941399
1449014983987769230 1449014984068012634
1449014984037767007 1449014984118072358
1449014984137767574 1449014984218006030
1449014984187764856 1449014984268041993
1449014984237767106 1449014984318045432
1449014983837768010 1449014984356505188
1449014984087768959 1449014984356556505
1449014984287757963 1449014984368033105
1449014984337743572 1449014984418018894
1449014984437747637 1449014984518090850
1449014984487776754 1449014984568049261
1449014984537767782 1449014984617940033
1449014984587768385 1449014984667980477
1449014984687749608 1449014984768059319
1449014984787763185 1449014984868060304
1449014984837764673 1449014984918033504
1449014984937768187 1449014985018039277
1449014985037770124 1449014985118069541
1449014985087716507 1449014985167984964
1449014984737724382 1449014985260444041
1449014984987763878 1449014985260493934
1449014985187757436 1449014985268047001
1449014985237764974 1449014985318032847
1449014985287764511 1449014985368029511
1449014985337697773 1449014985417903929
1449014985437747436 1449014985518054695
1449014985487766297 1449014985568060780
1449014985537763499 1449014985618037532
1449014984387761674 1449014985628276360
1449014984637710846 1449014985628329918
1449014984887764480 1449014985628351313
1449014985137765362 1449014985628355465
1449014985387765413 1449014985628359282
1449014985587758703 1449014985668018821
1449014985637765636 1449014985718034432
1449014985687766146 1449014985768035448
1449014985737764386 1449014985818036271
1449014985787768280 1449014985868065255
1449014985837767783 1449014985918066172
1449014985887764009 1449014985968031331
1449014985937768267 1449014986018040356
1449014985987764670 1449014986068056688
1449014986087763370 1449014986168029462
1449014986187763516 1449014986268063181
1449014986237768035 1449014986318036118
1449014986337765385 1449014986418019753
1449014986437717609 1449014986517984710
1449014986037766676 1449014986528163061
1449014986287764321 1449014986528253787
1449014986487762856 1449014986568051456
1449014986537765630 1449014986618061988
1449014986587766624 1449014986668032779
1449014986137767404 1449014986676604602
1449014986387766331 1449014986676655581
1449014986637761056 1449014986718024004
1449014986687764011 1449014986768030133
1449014986737767807 1449014986818037160
1449014986787765694 1449014986868053866
1449014986837767737 1449014986918038342
1449014986887764514 1449014986968058629
1449014986937767936 1449014987018036751
1449014986987764487 1449014987068047039
1449014987037756450 1449014987118028361
1449014987087764827 1449014987168038639
1449014987137770127 1449014987218047969
1449014987187765167 1449014987268044001
1449014987238011777 1449014987318318454
1449014987337723039 1449014987417892695
1449014987387722432 1449014987467939900
1449014987437717292 1449014987517995681
1449014987487726440 1449014987567987417
1449014987587762428 1449014987668052571
1449014987637768553 1449014987718033369
1449014987687764101 1449014987768052510
1449014987737766284 1449014987817981998
1449014987287771457 1449014987824262186
1449014987537763773 1449014987824275633
1449014987837708462 1449014987917918691
1449014987887726003 1449014987967916728
1449014987937707924 1449014988017953376
1449014987987762706 1449014988068036666
1449014988087721879 1449014988167959163
1449014988137721356 1449014988217930081
1449014988187714579 1449014988267984042
1449014988237712098 1449014988317980856
1449014988337765345 1449014988418044292
1449014988387725345 1449014988467966639
1449014988437701409 1449014988517920043
1449014988487764109 1449014988567989499
1449014987787719152 1449014988584472758
1449014988037770157 1449014988584523383
1449014988287757128 1449014988584536088
1449014988587765993 1449014988668044553
1449014988637764925 1449014988718085517
1449014988687763647 1449014988768018714
1449014988737763354 1449014988818120335
1449014988837765712 1449014988918054936
1449014988887763077 1449014988968101510
1449014988937761118 1449014989018068700
1449014988987762519 1449014989068063420
1449014989087764192 1449014989168037439
1449014989137764631 1449014989218083218
1449014989187763192 1449014989268071941
1449014989337724158 1449014989417978082
1449014989387737018 1449014989468017006
1449014989437725370 1449014989518004191
1449014988537719576 1449014989580747320
1449014988787764394 1449014989580792172
1449014989037770151 1449014989580801774
1449014989287758484 1449014989580810721
1449014989537745976 1449014989617983299
1449014989587711623 1449014989667944079
1449014989687762254 1449014989768064718
1449014989787763085 1449014989868066792
1449014989937766557 1449014990017996874
1449014989237766865 1449014990024458197
1449014989487744288 1449014990024507782
1449014989737765947 1449014990024520685
1449014989987763635 1449014990068039485
1449014990037765146 1449014990118087162
1449014989637759523 1449014990172452601
1449014989887766729 1449014990172502818
1449014990137727737 1449014990217951744
1449014990237761821 1449014990318038002
1449014990287758732 1449014990368029133
1449014990187765107 1449014990488417490
1449014989837766748 1449014990508391088
1449014990087757326 1449014990508441084
1449014990337722056 1449014990508452523
1449014990437722604 1449014990517913087
1449014990487708716 1449014990567893292
1449014990537752985 1449014990617969520
1449014990587709949 1449014990667925707
1449014990687723526 1449014990768000913
1449014990737748704 1449014990817947964
1449014990787724858 1449014990867939336
1449014990837741167 1449014990918003687
1449014990387727644 1449014990920442806
1449014990637758490 1449014990920494232
1449014990887762486 1449014990967997544
1449014990937755224 1449014991017968898
1449014991037748782 1449014991117981198
1449014991087728257 1449014991167978984
1449014991137755724 1449014991218006425
1449014991187747430 1449014991267984376
1449014991287748963 1449014991367993349
1449014991337749435 1449014991417986194
1449014991387730935 1449014991467977920
1449014990987732477 1449014991478157724
1449014991237763962 1449014991478204029
1449014991437741914 1449014991518024915
1449014991487735718 1449014991567899191
1449014991537724848 1449014991617942337
1449014991587745864 1449014991667998609
1449014991637732261 1449014991717979016
1449014991687739145 1449014991767880043
1449014991737739059 1449014991817987371
1449014991787746357 1449014991868062466
1449014991837751503 1449014991917959296
1449014991887734249 1449014991967993084
1449014991987742651 1449014992068026276
1449014992137723020 1449014992217951838
1449014992387724009 1449014992467963280
1449014992237741191 1449014992472393135
1449014992487770444 1449014992568017526
1449014992037723739 1449014992712410193
1449014992287751669 1449014992712459568
1449014992537752671 1449014992712473005
1449014992637768938 1449014992718006378
1449014991937740905 1449014992736397188
1449014992187714733 1449014992736447582
1449014992437715057 1449014992736460865
1449014992687767973 1449014992768032194
1449014992737724640 1449014992817968207
1449014992087760444 1449014992864435615
1449014992337725849 1449014992864484509
1449014992587724649 1449014992864497204
1449014992787720809 1449014992867954548
1449014992837766080 1449014992918081447
1449014992887725098 1449014992967955245
1449014992937742820 1449014993018010398
1449014993037752427 1449014993118031516
1449014993087723994 1449014993167944406
1449014993137736400 1449014993217974542
1449014993187736094 1449014993268024464
1449014993337755272 1449014993418039792
1449014993387732722 1449014993467886181
1449014993437794005 1449014993517969337
1449014992987758817 1449014993524380953
1449014993237727543 1449014993524409783
1449014993487724937 1449014993567957344
1449014993587727773 1449014993667969360
1449014993687736733 1449014993767989174
1449014993287756089 1449014993812442111
1449014993537735459 1449014993812493227
1449014993737764808 1449014993817975410
1449014993787738202 1449014993867954287
1449014993837733429 1449014993918043447
1449014993937733121 1449014994017950873
1449014993987729214 1449014994067966948
1449014994037727284 1449014994117944452
1449014993637717992 1449014994128153516
1449014993887753984 1449014994128252884
1449014994087751226 1449014994168002782
1449014994137731747 1449014994217916605
1449014994187770676 1449014994268056029
1449014994237723995 1449014994318061923
1449014994287759507 1449014994367996911
1449014994337729868 1449014994417966870
1449014994387745180 1449014994468031682
1449014994437729343 1449014994517947883
1449014994487723003 1449014994567961489
1449014994537735068 1449014994617964921
1449014994587751824 1449014994668037407
1449014994637732111 1449014994717973724
1449014994687747193 1449014994768012203
1449014994737747171 1449014994817987331
1449014994787731931 1449014994867990503
1449014994837713839 1449014994917940143
1449014994937720783 1449014995017999694
1449014994987747883 1449014995068008870
1449014995037721274 1449014995117977533
1449014995087721813 1449014995167995789
1449014995187760246 1449014995268003453
1449014995237733858 1449014995318011676
1449014995287722400 1449014995367999463
1449014995337722481 1449014995417981290
1449014994887718624 1449014995424397250
1449014995137719509 1449014995424445870
1449014995387750182 1449014995468040038
1449014995437719871 1449014995517988091
1449014995487717607 1449014995567925912
1449014995537762597 1449014995618029982
1449014995587765395 1449014995668041734
1449014995637728984 1449014995718024833
1449014995687751723 1449014995768009192
1449014995737753662 1449014995818001673
1449014995787732783 1449014995868022649
1449014995837731211 1449014995917966152
1449014995887748334 1449014995968014637
1449014995937750280 1449014996017984720
1449014995987737285 1449014996068035286
1449014996037750136 1449014996117984670
1449014996087732851 1449014996167971113
1449014996287730391 1449014996367951862
1449014996337736877 1449014996418039204
1449014996137741716 1449014996628014117
1449014996387714842 1449014996628063649
1449014996587724132 1449014996667966430
1449014996637758421 1449014996718055860
1449014996187733642 1449014996724406689
1449014996437737110 1449014996724456585
1449014996687733572 1449014996768446804
1449014996837716715 1449014996917939480
1449014996887751204 1449014996967942640
1449014996937721101 1449014997017969282
1449014996237749613 1449014997032427428
1449014996487736200 1449014997032480404
1449014996737736073 1449014997032493731
1449014996537740895 1449014997060396157
1449014996787735850 1449014997060446391
1449014997037712454 1449014997117980988
1449014997087723129 1449014997167914191
1449014997137738482 1449014997217977473
1449014997187748209 1449014997267997850
1449014997287749391 1449014997368019722
1449014997337764894 1449014997418031317
1449014997387761441 1449014997468008279
1449014997437735216 1449014997517986939
1449014996987713679 1449014997528744406
1449014997237764581 1449014997528820057
1449014997487720551 1449014997567950808
1449014997587722197 1449014997667970332
1449014997637725533 1449014997718093409
1449014997687748733 1449014997768011712
1449014997737761053 1449014997817997995
1449014997837759305 1449014997917998379
1449014997887718453 1449014997967957584
1449014997937736770 1449014998017989926
1449014997537723993 1449014998056462792
1449014997787715771 1449014998056523646
1449014997987742945 1449014998068056535
1449014998037733645 1449014998118005814
1449014998087737936 1449014998167964970
1449014998137745692 1449014998218008229
1449014998187726891 1449014998268002427
1449014998237717704 1449014998317955155
1449014998337722775 1449014998417968848
1449014998387718651 1449014998467946957
1449014998437764596 1449014998518037203
1449014998487732224 1449014998567982146
1449014998587750849 1449014998668038089
1449014998637733073 1449014998717982618
1449014998687729052 1449014998767971190
1449014998737730113 1449014998817987024
1449014998837746502 1449014998918003029
1449014998887715861 1449014998967979404
1449014998937735016 1449014999017973595
1449014998287749962 1449014999028061598
1449014998537773425 1449014999028107098
1449014998787718427 1449014999028117211
1449014998987730761 1449014999067990953
1449014999037729543 1449014999117998511
1449014999087739346 1449014999167956380
1449014999137746985 1449014999217947353
1449014999237728395 1449014999317959715
1449014999287748105 1449014999368020180
1449014999337752793 1449014999418018635
1449014999387736364 1449014999468010625
1449014999487722950 1449014999567967530
1449014999537731687 1449014999617973544
1449014999587714897 1449014999667988710
1449014999637725439 1449014999717961162
1449014999187709742 1449014999724431519
1449014999437726490 1449014999724481890
1449014999687762171 1449014999768027685
1449014999737732571 1449014999818006458
1449014999787733051 1449014999867961998
1449014999837746218 1449014999917961408
1449014999887714137 1449014999967953726
1449014999937730609 1449015000017996678
1449014999987730230 1449015000067966260
1449015000037721919 1449015000117986604
1449015000087744752 1449015000168043765
1449015000137762988 1449015000218025228
1449015000237720377 1449015000317980045
1449015000287715721 1449015000367965002
1449015000387730711 1449015000467954190
1449015000537747253 1449015000618010528
1449015000637735903 1449015000717964924
1449015000787758174 1449015000868035213
1449015000337719090 1449015000896468407
1449015000587736653 1449015000896517595
1449015000837703294 1449015000917943735
1449015000887709340 1449015000967991718
1449015000187764336 1449015000976411640
1449015000437750133 1449015000976459576
1449015000687737675 1449015000976471727
1449015000937762695 1449015001017921527
1449015000487729328 1449015001028421989
1449015000737747616 1449015001028481303
1449015000987734182 1449015001067975284
1449015001037766941 1449015001118085808
1449015001087763675 1449015001168058064
1449015001137734851 1449015001217948240
1449015001187763250 1449015001268022119
1449015001237766475 1449015001317974886
1449015001287767489 1449015001368064728
1449015001337776400 1449015001418058826
1449015001387729271 1449015001467982371
1449015001487736688 1449015001567994434
1449015001637768454 1449015001718019194
1449015001737767524 1449015001818052823
1449015001887768811 1449015001968004003
1449015001437765983 1449015001972459709
1449015001687765966 1449015001972510431
1449015001937724241 1449015002018008120
1449015001987742317 1449015002068001714
1449015001537768321 1449015002068599014
1449015001787764906 1449015002068640251
1449015002037735981 1449015002118019225
1449015002137768935 1449015002217955821
1449015002187736431 1449015002267908305
1449015002237703585 1449015002317872924
1449015002287703561 1449015002367876161
1449015001587760207 1449015002388303874
1449015001837750565 1449015002388320662
1449015002087767524 1449015002388325875
1449015002337703887 1449015002417878806
1449015002387719994 1449015002467874294
1449015002437700774 1449015002517848418
1449015002487703032 1449015002567893985
1449015002537701338 1449015002617824861
1449015002587692247 1449015002667851853
1449015002637748144 1449015002717929691
1449015002687722360 1449015002768018701
1449015002737709585 1449015002817914663
1449015002787756671 1449015002868008529
1449015002837729992 1449015002917920347
1449015002887742528 1449015002968035124
1449015002987733427 1449015003068025829
1449015003037738055 1449015003118029608
1449015003137748378 1449015003218033026
1449015003237767431 1449015003318104841
1449015003287762748 1449015003368048187
1449015003387764207 1449015003468052306
1449015002937767767 1449015003472496449
1449015003187766728 1449015003472552119
1449015003437768161 1449015003518059176
1449015003487763485 1449015003568050391
1449015003537764121 1449015003618053539
1449015003637766827 1449015003718070918
1449015003737767227 1449015003818056709
1449015003787764325 1449015003868053412
1449015003087763755 1449015003884430578
1449015003337767006 1449015003884488539
1449015003587762933 1449015003884500393
1449015003837766625 1449015003918056494
1449015003887764695 1449015003968051858
1449015003987761881 1449015004068043378
1449015004087724130 1449015004167885053
1449015003687740943 1449015004220310112
1449015003937767920 1449015004220334358
1449015004187755841 1449015004268027099
1449015004237723915 1449015004318060343
1449015004337765673 1449015004418053183
1449015004437767282 1449015004518053563
1449015004037705039 1449015004560425645
1449015004287740428 1449015004560489068
1449015004487765810 1449015004568044878
1449015004537767836 1449015004618035522
1449015004587764587 1449015004668023292
1449015004687764620 1449015004768041917
1449015004737768724 1449015004818033573
1449015004787765504 1449015004868046777
1449015004137697401 1449015004878213165
1449015004387763726 1449015004878240177
1449015004637765487 1449015004878244354
1449015004837769709 1449015004918051048
1449015004887766159 1449015004968069451
1449015004937764707 1449015005018069229
1449015004987765386 1449015005068061015
1449015005087740302 1449015005167998032
1449015005137742889 1449015005218010825
1449015005187732220 1449015005267992412
1449015005237743476 1449015005318001600
1449015005337733770 1449015005418029490
1449015005387747730 1449015005468038872
1449015005587763992 1449015005668031297
1449015005437767483 1449015005684399826
1449015005637764308 1449015005718039333
1449015005487762987 1449015005816407364
1449015005037750029 1449015005816446115
1449015005287746104 1449015005816451475
1449015005537767345 1449015005816455482
1449015005737763495 1449015005817979009
1449015005787746926 1449015005868057319
1449015005837766675 1449015005918050725
1449015005887763797 1449015005968073865
1449015005987763562 1449015006068061267
1449015006037747490 1449015006118081769
1449015006087757541 1449015006168070947
1449015006137746968 1449015006218060227
1449015006237769455 1449015006318042162
1449015006337761343 1449015006418049368
1449015006387764258 1449015006468077032
1449015006487762904 1449015006568032982
1449015006587764928 1449015006668137247
1449015005687762067 1449015006678181488
1449015005937762278 1449015006678228668
1449015006187771325 1449015006678239118
1449015006437766765 1449015006678248430
1449015006637751111 1449015006718029544
1449015006687764763 1449015006768044440
1449015006287763370 1449015006824430389
1449015006537766303 1449015006824481442
1449015006787763530 1449015006867943955
1449015006887765387 1449015006968043028
1449015006937768926 1449015007018045315
1449015007037765488 1449015007118036481
1449015007137743634 1449015007218021897
1449015007187763551 1449015007268041239
1449015006737740226 1449015007288413560
1449015006987765259 1449015007288453030
1449015006837768620 1449015007360422740
1449015007087755801 1449015007360474263
1449015007287764051 1449015007368036902
1449015007337767103 1449015007418070185
1449015007387765651 1449015007467947529
1449015007537768852 1449015007618025243
1449015007587766241 1449015007668037086
1449015007637766215 1449015007718068038
1449015007237764097 1449015007784434023
1449015007487764551 1449015007784484234
1449015007737767545 1449015007818041758
1449015007787764001 1449015007868071437
1449015007837768563 1449015007918041413
1449015007987766379 1449015008067996152
1449015008037747784 1449015008118040543
1449015008087751123 1449015008168044651
1449015008237750897 1449015008318028926
1449015008287765057 1449015008368042304
1449015008337754067 1449015008418037765
1449015007887762724 1449015008424492820
1449015008137768050 1449015008424543458
1449015008387764886 1449015008468041859
1449015008487765056 1449015008568046292
1449015008587775088 1449015008668050357
1449015008637735072 1449015008718012817
1449015008737759456 1449015008817995557
1449015008837726534 1449015008918010791
