1449014918814692432 1449014918894959422
1449014918864701547 1449014918944950246
1449014918914705965 1449014918994929424
1449014918964688076 1449014919044888462
1449014919014691989 1449014919094926306
1449014919064692565 1449014919145196152
1449014919114686002 1449014919194937404
1449014919164710201 1449014919555098489
1449014919214715832 1449014919555156413
1449014919264707982 1449014919555174942
1449014919314712988 1449014919555191847
1449014919364689242 1449014919555209975
1449014919414713505 1449014919555225881
1449014919464704119 1449014919555241002
1449014919514687703 1449014919594940722
1449014919564693150 1449014919644916301
1449014919614704788 1449014919694866142
1449014919664688031 1449014919744965385
1449014919714717797 1449014919794926188
1449014919764694361 1449014919844931849
1449014919814697487 1449014919894964962
1449014919864723864 1449014919944951218
1449014919914689394 1449014919994916053
1449014919964705452 1449014920044970765
1449014920014696587 1449014920094969668
1449014920064686876 1449014920505013959
1449014920114713067 1449014920505083423
1449014920164691492 1449014920555094817
1449014920214686636 1449014920605100752
1449014920264690750 1449014920605156067
1449014920314686194 1449014920605174198
1449014920364705195 1449014920605189917
1449014920414687213 1449014920605208142
1449014920464688661 1449014920605224963
1449014920514702129 1449014920605241534
1449014920564688927 1449014920655069352
1449014920614705827 1449014920694964753
1449014920664717287 1449014921055042896
1449014920714690047 1449014921165149948
1449014920764710254 1449014921165195515
1449014920814686498 1449014921165214778
1449014920864707280 1449014921165230431
1449014920914704418 1449014921165247683
1449014920964704062 1449014921165266643
1449014921014687703 1449014921485387866
1449014921064695242 1449014921485450615
1449014921114693469 1449014921485472809
1449014921164688706 1449014921485492309
1449014921214688701 1449014921485512305
1449014921264704358 1449014921485530459
1449014921314691079 1449014921525298074
1449014921364705526 1449014921525353589
1449014921414707335 1449014921525372532
1449014921464695760 1449014921645522064
1449014921514694722 1449014921645577754
1449014921564690725 1449014921645597632
1449014921614703575 1449014921694963600
1449014921664707853 1449014921744954828
1449014921714706625 1449014921805647617
1449014921764711073 1449014921855054534
1449014921814704252 1449014921905037971
1449014921864691718 1449014922335476149
1449014921914687687 1449014922335544784
1449014921964685146 1449014922335574345
1449014922014701555 1449014922655707585
1449014922064725346 1449014922655793219
1449014922114705165 1449014922655815730
1449014922164686885 1449014922655832846
1449014922214716394 1449014922655848922
1449014922264692748 1449014922655864257
1449014922314705077 1449014922655879769
1449014922364701788 1449014922655896119
1449014922414706032 1449014922655912984
1449014922464702041 1449014922655928566
1449014922514690767 1449014922655943951
1449014922564685329 1449014922655958932
1449014922614705175 1449014922815841814
1449014922664688188 1449014922815897827
1449014922714705115 1449014922815918685
1449014922764707465 1449014922844904747
1449014922814705361 1449014922894948601
1449014922864685822 1449014922975929691
1449014922914689495 1449014923005002223
1449014922964678521 1449014923355061409
1449014923014723872 1449014923515173658
1449014923064688356 1449014923515223712
1449014923114706966 1449014923515243530
1449014923164721554 1449014923515259132
1449014923214689867 1449014923515277838
1449014923264689945 1449014923892384707
1449014923314704673 1449014923892442584
1449014923364723170 1449014923892460391
1449014923414704188 1449014923892478456
1449014923464705990 1449014923892496196
1449014923514720581 1449014923892511758
1449014923564695633 1449014923892527200
1449014923614719575 1449014923892542020
1449014923664685486 1449014923892556620
1449014923714686209 1449014923892575345
1449014923764725415 1449014924052416830
1449014923814687741 1449014924052436124
1449014923864702867 1449014924052444767
1449014923914679248 1449014924052452215
1449014923964663575 1449014924052465612
1449014924014654663 1449014924094810386
1449014924064675731 1449014924144864052
1449014924114702824 1449014924212485337
1449014924164685151 1449014924254886602
1449014924214659536 1449014924304880161
1449014924264651414 1449014924372588636
1449014924314659543 1449014924414935415
1449014924364712292 1449014924464953698
1449014924414706874 1449014924494918626
1449014924464717319 1449014924855069875
1449014924514660479 1449014924855124890
1449014924564682646 1449014924855143125
1449014924614705149 1449014924855160140
1449014924664711936 1449014924855178725
1449014924714686877 1449014924855195697
1449014924764708230 1449014924855211556
1449014924814691196 1449014925005072849
1449014924864714774 1449014925005128629
1449014924914686545 1449014925005148394
1449014924964709037 1449014925044933404
1449014925014686955 1449014925165142218
1449014925064690905 1449014925165187002
1449014925114691525 1449014925194941173
1449014925164708187 1449014925244963949
1449014925214713370 1449014925325258131
1449014925264698484 1449014925344993068
1449014925314706344 1449014925394967658
1449014925364700846 1449014925485341281
1449014925414688118 1449014925494930086
1449014925464707597 1449014925544970993
1449014925514705133 1449014925594923964
1449014925564691139 1449014925645491054
1449014925614705272 1449014925694974024
1449014925664704639 1449014925744924232
1449014925714705957 1449014925805577354
1449014925764707177 1449014925844897043
1449014925814687955 1449014925894934600
1449014925864704073 1449014925944946361
1449014925914710870 1449014926004975125
1449014925964691223 1449014926044962634
1449014926014720154 1449014926105149142
1449014926064689532 1449014926144871938
1449014926114685922 1449014926205056083
1449014926164711622 1449014926244915676
1449014926214720837 1449014926605039704
1449014926264704909 1449014926605095270
1449014926314704910 1449014926605413023
1449014926364706652 1449014926605441852
1449014926414662183 1449014926605460979
1449014926464706772 1449014926605478642
1449014926514721116 1449014926605494458
1449014926564704894 1449014926705078828
1449014926614722004 1449014926705136292
1449014926664686094 1449014926755075268
1449014926714690976 1449014926865144010
1449014926764722115 1449014926865190984
1449014926814722811 1449014926894969372
1449014926864704070 1449014926944926950
1449014926914687988 1449014926994931479
1449014926964705900 1449014927044952167
1449014927014720595 1449014927094996980
1449014927064711489 1449014927144921313
1449014927114687910 1449014927194935918
1449014927164720876 1449014927555072777
1449014927214687094 1449014927555128925
1449014927264707398 1449014927555147263
1449014927314704546 1449014927555163536
1449014927364690746 1449014927555181220
1449014927414707038 1449014927555199642
1449014927464688230 1449014927815153614
1449014927514690263 1449014927815196194
1449014927564706521 1449014927815214916
1449014927614689928 1449014927815230452
1449014927664687794 1449014927815245235
1449014927714719501 1449014927815262578
1449014927764709035 1449014927875301538
1449014927814707533 1449014927975288424
1449014927864689049 1449014927975350876
1449014927914688135 1449014927994885238
1449014927964715782 1449014928044978271
1449014928014703837 1449014928094928162
1449014928064688316 1449014928144943512
1449014928114694107 1449014928505107543
1449014928164703607 1449014928505137723
1449014928214688283 1449014928505145574
1449014928264705260 1449014928505151801
1449014928314687735 1449014928505158608
1449014928364724797 1449014928505164534
1449014928414689525 1449014928928403848
1449014928464728020 1449014928928457212
1449014928514689067 1449014928928475246
1449014928564724789 1449014928928490708
1449014928614693082 1449014928928507800
1449014928664722603 1449014928928525647
1449014928714720470 1449014928928541450
1449014928764707548 1449014928985505744
1449014928814688370 1449014928985560889
1449014928864691508 1449014928985580951
1449014928914726866 1449014929088581101
1449014928964735093 1449014929088639657
1449014929014726301 1449014929145631159
1449014929064723910 1449014929145713629
1449014929114719308 1449014929195004804
1449014929164707816 1449014929248726424
1449014929214721348 1449014929305781641
1449014929264724293 1449014929728409332
1449014929314723656 1449014929728465115
1449014929364723588 1449014929889276478
1449014929414720786 1449014929889330300
1449014929464723166 1449014929889348050
1449014929514722185 1449014929889364060
1449014929564723750 1449014929889381099
1449014929614720207 1449014929889397960
1449014929664723696 1449014929889413064
1449014929714720329 1449014929889427688
1449014929764706783 1449014929889442805
1449014929814715037 1449014930049413884
1449014929864725114 1449014930049469193
1449014929914704866 1449014930049487307
1449014929964729941 1449014930049504272
1449014930014724500 1449014930094988117
1449014930064728247 1449014930144987974
1449014930114726761 1449014930209548076
1449014930164728009 1449014930255109656
1449014930214690278 1449014930305121916
1449014930264727487 1449014930369697736
1449014930314708559 1449014931156320138
1449014930364728198 1449014931156368033
1449014930414700771 1449014931156384296
1449014930464711089 1449014931156399264
1449014930514727410 1449014931156413787
1449014930564737144 1449014931316485811
1449014930614695207 1449014931316543164
1449014930664725771 1449014931316562986
1449014930714710775 1449014931316580352
1449014930764698161 1449014931316597434
1449014930814696515 1449014931316614061
1449014930864722903 1449014931316630118
1449014930914726048 1449014931316646341
1449014930964727980 1449014931316665110
1449014931014728834 1449014931316683656
1449014931064666437 1449014931316702071
1449014931114678489 1449014931316720910
1449014931164676258 1449014931316741400
1449014931214723523 1449014931316759965
1449014931264726361 1449014931344992209
1449014931314728758 1449014931476612499
1449014931364727119 1449014931476668770
1449014931414724842 1449014931494987650
1449014931464727399 1449014931655101215
1449014931514723187 1449014931655156066
1449014931564726446 1449014931655176128
1449014931614725759 1449014932065223857
1449014931664728427 1449014932065268585
1449014931714704480 1449014932065288293
1449014931764726468 1449014932065303618
1449014931814727081 1449014932065319611
1449014931864727680 1449014932065337979
1449014931914721037 1449014932065354346
1449014931964724168 1449014932065370028
1449014932014718864 1449014932225389974
1449014932064686673 1449014932225445293
1449014932114721650 1449014932225465636
1449014932164724411 1449014932385520912
1449014932214720550 1449014932385577464
1449014932264723431 1449014932385598114
1449014932314721158 1449014932394931750
1449014932364725893 1449014932444989910
1449014932414724264 1449014932545652642
1449014932464724272 1449014932545711111
1449014932514723107 1449014932594981796
1449014932564723937 1449014932644979555
1449014932614725422 1449014933075349903
1449014932664717612 1449014933075402259
1449014932714686236 1449014933075419211
1449014932764695244 1449014933395611341
1449014932814727021 1449014933395667792
1449014932864723257 1449014933395686865
1449014932914720198 1449014933395704472
1449014932964724964 1449014933395724708
1449014933014720435 1449014933395742642
1449014933064724037 1449014933395758134
1449014933114717701 1449014933395773993
1449014933164723506 1449014933395790514
1449014933214715041 1449014933395808321
1449014933264725489 1449014933395824828
1449014933314720697 1449014933395840437
1449014933364718496 1449014933555745944
1449014933414704556 1449014933555802081
1449014933464724041 1449014933555822437
1449014933514707876 1449014934315213991
1449014933564724225 1449014934315259074
1449014933614688428 1449014934315277819
1449014933664685519 1449014934315296525
1449014933714684923 1449014934315313313
1449014933764723919 1449014934315329443
1449014933814687625 1449014934315344430
1449014933864702503 1449014934315359919
1449014933914721397 1449014934315376273
1449014933964724259 1449014934315392894
1449014934014723221 1449014934315408726
1449014934064723961 1449014934315424241
1449014934114723802 1449014934315439412
1449014934164724825 1449014934315456204
1449014934214723143 1449014934315500066
1449014934264719509 1449014934475355655
1449014934314722958 1449014934475396168
1449014934364724360 1449014934475409343
1449014934414718003 1449014934494955518
1449014934464709124 1449014934544969864
1449014934514714528 1449014934635494790
1449014934564723416 1449014935025285680
1449014934614684499 1449014935025346270
1449014934664677308 1449014935345520577
1449014934714707888 1449014935345573591
1449014934764724270 1449014935345590208
1449014934814659824 1449014935345607508
1449014934864649838 1449014935345633623
1449014934914662018 1449014935345642674
1449014934964692924 1449014935345651493
1449014935014720692 1449014935345660162
1449014935064722778 1449014935345669571
1449014935114719903 1449014935345679202
1449014935164726683 1449014935345686997
1449014935214686283 1449014935345706301
1449014935264678627 1449014935345718412
1449014935314683509 1449014935505605975
1449014935364673745 1449014935505657893
1449014935414718494 1449014935505675369
1449014935464686386 1449014935544918979
1449014935514683699 1449014935594866027
1449014935564716120 1449014935665768601
1449014935614724039 1449014935705050906
1449014935664725828 1449014935754969532
1449014935714675512 1449014935825872531
1449014935764725296 1449014935865137880
1449014935814691607 1449014935915061251
1449014935864724223 1449014935944986466
1449014935914714970 1449014935994977400
1449014935964726387 1449014936044896981
1449014936014717665 1449014936095009777
1449014936064667139 1449014936144816313
1449014936114714912 1449014936205061917
1449014936164724164 1449014936244982809
1449014936214693362 1449014936294934317
1449014936264686722 1449014936344943923
1449014936314689242 1449014936394940487
1449014936364727022 1449014936445017463
1449014936414724221 1449014936494974562
1449014936464722658 1449014936544994787
1449014936514719937 1449014936594970380
1449014936564723450 1449014936644983568
1449014936614718851 1449014936694930796
1449014936664676209 1449014936744937957
1449014936714682798 1449014936794956604
1449014936764719392 1449014936844983978
1449014936814722401 1449014937205141895
1449014936864709827 1449014937205196205
1449014936914724431 1449014937205215405
1449014936964724713 1449014937205233155
1449014937014723057 1449014937205252479
1449014937064723430 1449014937205269815
1449014937114721176 1449014937205285912
1449014937164721421 1449014937305123349
1449014937214704033 1449014937305180014
1449014937264678707 1449014937355130754
1449014937314697384 1449014937394957746
1449014937364723377 1449014937515207873
1449014937414730181 1449014937515254014
1449014937464723103 1449014937545066189
1449014937514719443 1449014937594978936
1449014937564723333 1449014937644949454
1449014937614703375 1449014937705156385
1449014937664688847 1449014937744948237
1449014937714722886 1449014937794981110
1449014937764723448 1449014938465221780
1449014937814723296 1449014938465266628
1449014937864723334 1449014938465286216
1449014937914721448 1449014938465303318
1449014937964722806 1449014938465321519
1449014938014722092 1449014938465340603
1449014938064723052 1449014938465357895
1449014938114723344 1449014938465374763
1449014938164723158 1449014938465391184
1449014938214722341 1449014938465409733
1449014938264722496 1449014938465429203
1449014938314721749 1449014938465451995
1449014938364723231 1449014938465478412
1449014938414719186 1449014938505139381
1449014938464684188 1449014938625384871
1449014938514719780 1449014938625442525
1449014938564714145 1449014938644922202
1449014938614688001 1449014938694898874
1449014938664707840 1449014938785515909
1449014938714722104 1449014938794984324
1449014938764719209 1449014938844980306
1449014938814723319 1449014938895007539
1449014938864721006 1449014938944982905
1449014938914724395 1449014939355097816
1449014938964679334 1449014939355153462
1449014939014726038 1449014939355172382
1449014939064690518 1449014939455114931
1449014939114708457 1449014939455171091
1449014939164725711 1449014939675335019
1449014939214724115 1449014939675392045
1449014939264721213 1449014939675411218
1449014939314719100 1449014939675462591
1449014939364722352 1449014939675479981
1449014939414719844 1449014939675494567
1449014939464719184 1449014939675510176
1449014939514706764 1449014939675528467
1449014939564689703 1449014939675545332
1449014939614703770 1449014939775383909
1449014939664723145 1449014939775441723
1449014939714723711 1449014939835494769
1449014939764725142 1449014939844984045
1449014939814722942 1449014939894980745
1449014939864686825 1449014939944952803
1449014939914732229 1449014939995595668
1449014939964722482 1449014940044980659
1449014940014722770 1449014940094982187
1449014940064732651 1449014940144991189
1449014940114721961 1449014940194981050
1449014940164723910 1449014940244940036
1449014940214723711 1449014940875329986
1449014940264722366 1449014940875376298
1449014940314719508 1449014940875391392
1449014940364722446 1449014940875405380
1449014940414719617 1449014940875419492
1449014940464696717 1449014940875433568
1449014940514703219 1449014940875447479
1449014940564722414 1449014940875460926
1449014940614733116 1449014940875475179
1449014940664722915 1449014940875489003
1449014940714724523 1449014940875502471
1449014940764705641 1449014940875516355
1449014940814723350 1449014940915162611
1449014940864722395 1449014941035504312
1449014940914722233 1449014941035533937
1449014940964721042 1449014941045010879
1449014941014719606 1449014941094908293
1449014941064673674 1449014941144878714
1449014941114679652 1449014941205159770
1449014941164728775 1449014941245002336
1449014941214723574 1449014941304972097
1449014941264722794 1449014941344975943
1449014941314724222 1449014941394979512
1449014941364677851 1449014941444931007
1449014941414718204 1449014941494996300
1449014941464718790 1449014941544965612
1449014941514701846 1449014941594942521
1449014941564670674 1449014941955034326
1449014941614720678 1449014941955075324
1449014941664722250 1449014941955086777
1449014941714717961 1449014941955097131
1449014941764722580 1449014942115061110
1449014941814722304 1449014942115077146
1449014941864657088 1449014942115085458
1449014941914719961 1449014942115093176
1449014941964667410 1449014942115100503
1449014942014681196 1449014942115107861
1449014942064680155 1449014942265032205
1449014942114687899 1449014942265068891
1449014942164677198 1449014942265075090
1449014942214723247 1449014942294882396
1449014942264683177 1449014942345030639
1449014942314721853 1449014942425098399
1449014942364722873 1449014942444986941
1449014942414720499 1449014942494942617
1449014942464707484 1449014942544886131
1449014942514682723 1449014942594854224
1449014942564675324 1449014942644831691
1449014942614663121 1449014942694809425
1449014942664658609 1449014942744831951
1449014942714674359 1449014942794912840
1449014942764698692 1449014942844928822
1449014942814726002 1449014942894986799
1449014942864684005 1449014942944858565
1449014942914718929 1449014943304986232
1449014942964710869 1449014943305039426
1449014943014691474 1449014943305057407
1449014943064666054 1449014943305073466
1449014943114703600 1449014943305090842
1449014943164729276 1449014943305107731
1449014943214708143 1449014943305123961
1449014943264695649 1449014943405051466
1449014943314721465 1449014943405103447
1449014943364704274 1449014943828403057
1449014943414663841 1449014943828457731
1449014943464725462 1449014943828476237
1449014943514720408 1449014943828492654
1449014943564722672 1449014943828509692
1449014943614721236 1449014943828525949
1449014943664723232 1449014943828541331
1449014943714706345 1449014943885488012
1449014943764721147 1449014943885544844
1449014943814723313 1449014943988570438
1449014943864727227 1449014943988643523
1449014943914721876 1449014944045617449
1449014943964723330 1449014944045674325
1449014944014725724 1449014944094978151
1449014944064721846 1449014944148707433
1449014944114725035 1449014944892600734
1449014944164724589 1449014944892656317
1449014944214719853 1449014944892674341
1449014944264683787 1449014944892691262
1449014944314699242 1449014944892709073
1449014944364677706 1449014944892727044
1449014944414675661 1449014944892742789
1449014944464679611 1449014944892781427
1449014944514722166 1449014944892799939
1449014944564722645 1449014944892815000
1449014944614719863 1449014944892830054
1449014944664723433 1449014944892844897
1449014944714704391 1449014945052683469
1449014944764727735 1449014945052735978
1449014944814721492 1449014945052751644
1449014944864723725 1449014945052765852
1449014944914723967 1449014945052779691
1449014944964722879 1449014945052794728
1449014945014704970 1449014945094942795
1449014945064706144 1449014945212821292
1449014945114720819 1449014945212878499
1449014945164704764 1449014945244944883
1449014945214721994 1449014945693238347
1449014945264724912 1449014945693294748
1449014945314723196 1449014945693313441
1449014945364705250 1449014945693329534
1449014945414724599 1449014945693348584
1449014945464703627 1449014945693364724
1449014945514684718 1449014945725327884
1449014945564721609 1449014945725384783
1449014945614724591 1449014945725404635
1449014945664717222 1449014945853403336
1449014945714673578 1449014945853458547
1449014945764686796 1449014945853478158
1449014945814721776 1449014945895026691
1449014945864685532 1449014945944899773
1449014945914754924 1449014946013425156
1449014945964725829 1449014946055047273
1449014946014656223 1449014946104900890
1449014946064663598 1449014946173539075
1449014946114670014 1449014946215163151
1449014946164672811 1449014946265050440
1449014946214710461 1449014946294958903
1449014946264689649 1449014946375204125
1449014946314684746 1449014946394944036
1449014946364722977 1449014946444985668
1449014946414688403 1449014946494920388
1449014946464723407 1449014946544957714
1449014946514680488 1449014946594937854
1449014946564692022 1449014946644943641
1449014946614720896 1449014946694971646
1449014946664722063 1449014946744980651
1449014946714678258 1449014946794894380
1449014946764701252 1449014946844905029
1449014946814708890 1449014946894916864
1449014946864723378 1449014946944961901
1449014946914677318 1449014946994913365
1449014946964723668 1449014947044947274
1449014947014721274 1449014947094949557
1449014947064689927 1449014947144920783
1449014947114695234 1449014947194867203
1449014947164658999 1449014947244834206
1449014947214698862 1449014947294961118
1449014947264702571 1449014947344911761
1449014947314680393 1449014947394908412
1449014947364687079 1449014947444941571
1449014947414676901 1449014947494889575
1449014947464681202 1449014947544876998
1449014947514691116 1449014947594960391
1449014947564713110 1449014947644926523
1449014947614721921 1449014947694981325
1449014947664708442 1449014947744907713
1449014947714707231 1449014947794931478
1449014947764723753 1449014948155070028
1449014947814686042 1449014948155126469
1449014947864702878 1449014948155145459
1449014947914693482 1449014948155162267
1449014947964703412 1449014948155181227
1449014948014704042 1449014948155196602
1449014948064686336 1449014948155210654
1449014948114702674 1449014948205053676
1449014948164723540 1449014948255148863
