1449014737438711580
1449014737488739223
1449014737538755044
1449014737588754671
1449014737638754515
1449014737688751319
1449014737738751384
1449014737788720422
1449014737838755910
1449014737888701765
1449014737938691519
1449014737988697118
1449014738038720151
1449014738088739473
1449014738138742631
1449014738188745072
1449014738238731506
1449014738288745144
1449014738338742811
1449014738388756279
1449014738438723299
1449014738488730346
1449014738538756240
1449014738588754831
1449014738638705501
1449014738688708529
1449014738738678457
1449014738788676233
1449014738838719254
1449014738888746347
1449014738938721294
1449014738988755507
1449014739038711552
1449014739088705823
1449014739138679837
1449014739188709478
1449014739238718964
1449014739288728189
1449014739338728618
1449014739388708658
1449014739438690902
1449014739488701421
1449014739538717425
1449014739588682488
1449014739638696550
1449014739688705338
1449014739738719582
1449014739788729626
1449014739838731742
1449014739888731941
1449014739938725908
1449014739988684251
1449014740038673301
1449014740088675544
1449014740138674925
1449014740188675117
1449014740238674658
1449014740288692575
1449014740338683570
1449014740388697566
1449014740438697841
1449014740488694610
1449014740538710656
1449014740588743395
1449014740638721123
1449014740688715027
1449014740738720040
1449014740788743952
1449014740838723126
1449014740888707739
1449014740938744945
1449014740988682277
1449014741038687289
1449014741088682898
1449014741138676032
1449014741188689786
1449014741238677865
1449014741288683738
1449014741338690594
1449014741388677872
1449014741438669714
1449014741488689960
1449014741538677160
1449014741588675339
1449014741638677922
1449014741688727271
1449014741738727049
1449014741788745024
1449014741838705523
1449014741888693182
1449014741938679604
1449014741988709399
1449014742038709437
1449014742088708984
1449014742138698909
1449014742188693122
1449014742238731486
1449014742288722801
1449014742338718425
1449014742388706978
1449014742438692536
1449014742488689346
1449014742538711976
1449014742588681379
1449014742638679739
1449014742688677469
1449014742738680878
1449014742788693396
1449014742838757327
1449014742888741355
1449014742938730622
1449014742988732732
1449014743038746227
1449014743088732551
1449014743138705566
1449014743188747608
1449014743238733303
1449014743288689168
1449014743338694916
1449014743388699988
1449014743438721853
1449014743488729501
1449014743538730194
1449014743588687738
1449014743638743380
1449014743688710714
1449014743738705423
1449014743788723880
1449014743838733025
1449014743888744797
1449014743938743839
1449014743988744846
1449014744038743621
1449014744088744351
1449014744138726121
1449014744188724365
1449014744238702487
1449014744288717228
1449014744338703107
1449014744388679971
1449014744438686494
1449014744488680958
1449014744538718043
1449014744588683401
1449014744638743995
1449014744688744474
1449014744738707341
1449014744788683579
1449014744838678133
1449014744888685885
1449014744938690639
1449014744988679104
1449014745038714208
1449014745088746693
1449014745138712617
1449014745188726306
1449014745238722793
1449014745288686372
1449014745338678302
1449014745388692351
1449014745438689298
1449014745488689388
1449014745538686348
1449014745588676765
1449014745638677968
1449014745688719484
1449014745738686596
1449014745788719928
1449014745838712559
1449014745888715940
1449014745938681878
1449014745988703913
1449014746038686419
1449014746088675673
1449014746138703685
1449014746188711646
1449014746238678475
1449014746288672889
1449014746338736991
1449014746388709012
1449014746438721963
1449014746488745418
1449014746538722383
1449014746588731856
1449014746638711107
1449014746688719080
1449014746738727116
1449014746788727665
1449014746838712653
1449014746888742659
1449014746938745480
1449014746988719562
1449014747038744250
1449014747088745928
1449014747138686456
1449014747188722768
1449014747238747158
1449014747288684039
1449014747338745634
1449014747388751472
1449014747438722264
1449014747488745334
1449014747538708796
1449014747588744695
1449014747638744132
1449014747688693550
1449014747738743309
1449014747788710841
1449014747838682540
1449014747888719115
1449014747938702719
1449014747988719442
1449014748038731016
1449014748088684843
1449014748138696905
1449014748188698326
1449014748238679342
1449014748288716186
1449014748338734766
1449014748388715804
1449014748438712368
1449014748488697492
1449014748538740829
1449014748588725592
1449014748638728908
1449014748688715886
1449014748738742093
1449014748788710359
1449014748838726811
1449014748888735479
1449014748938731665
1449014748988715416
1449014749038710416
1449014749088745173
1449014749138711872
1449014749188707487
1449014749238743233
1449014749288743889
1449014749338725415
1449014749388701669
1449014749438703916
1449014749488693058
1449014749538702682
1449014749588705757
1449014749638687677
1449014749688716063
1449014749738732555
1449014749788682724
1449014749838708724
1449014749888724174
1449014749938709127
1449014749988711771
1449014750038711860
1449014750088729885
1449014750138756828
1449014750188705483
1449014750238710909
1449014750288728233
1449014750338745384
1449014750388691109
1449014750438677396
1449014750488743714
1449014750538696509
1449014750588683495
1449014750638683700
1449014750688677428
1449014750738689678
1449014750788683951
1449014750838713672
1449014750888695622
1449014750938738935
1449014750988725005
1449014751038721622
1449014751088705928
1449014751138691297
1449014751188683025
1449014751238685940
1449014751288688904
1449014751338684856
1449014751388698111
1449014751438687370
1449014751488693981
1449014751538703721
1449014751588687502
1449014751638732933
1449014751688726173
1449014751738725907
1449014751788718996
1449014751838747101
1449014751888737784
1449014751938743051
1449014751988695665
1449014752038737862
1449014752088690101
1449014752138676917
1449014752188701001
1449014752238681870
1449014752288683233
1449014752338682363
1449014752388681887
1449014752438686684
1449014752488699166
1449014752538680809
1449014752588704977
1449014752638678522
1449014752688672571
1449014752738684299
1449014752788692252
1449014752838740897
1449014752888744453
1449014752938711317
1449014752988668458
1449014753038680181
1449014753088682946
1449014753138704349
1449014753188703087
1449014753238696734
1449014753288701587
1449014753338702142
1449014753388709270
1449014753438797203
1449014753488693046
1449014753538696939
1449014753588722408
1449014753638740576
1449014753688737606
1449014753738745742
1449014753788697908
1449014753838737108
1449014753888745900
1449014753938730139
1449014753988710950
1449014754038684214
1449014754088670421
1449014754138725482
1449014754188721867
1449014754238745281
1449014754288727769
1449014754338734994
1449014754388764315
1449014754438745340
1449014754488738141
1449014754538688654
1449014754588704414
1449014754638674309
1449014754688680755
1449014754738737857
1449014754788687695
1449014754838722943
1449014754888745479
1449014754938694651
1449014754988682935
1449014755038680161
1449014755088699854
1449014755138704609
1449014755188702008
1449014755238681704
1449014755288679341
1449014755338683990
1449014755388690419
1449014755438692196
1449014755488678480
1449014755538697918
1449014755588742481
1449014755638717779
1449014755688711216
1449014755738702691
1449014755788743027
1449014755838684447
1449014755888714208
1449014755938739336
1449014755988710977
1449014756038681093
1449014756088674021
1449014756138678834
1449014756188700034
1449014756238699090
1449014756288702716
1449014756338710672
1449014756388731437
1449014756438724479
1449014756488691045
1449014756538680042
1449014756588757384
1449014756638679297
1449014756688673149
1449014756738713683
1449014756788680833
1449014756838696563
1449014756888719236
1449014756938683035
1449014756988679253
1449014757038675720
1449014757088679284
1449014757138675648
1449014757188686034
1449014757238720134
1449014757288701463
1449014757338722305
1449014757388742415
1449014757438744351
1449014757488720802
1449014757538690356
1449014757588699543
1449014757638678783
1449014757688671802
1449014757738683432
1449014757788684279
1449014757838686180
1449014757888722089
1449014757938688109
1449014757988719215
1449014758038740552
1449014758088718861
1449014758138741353
1449014758188724807
1449014758238742458
1449014758288745242
1449014758338743660
1449014758388745282
1449014758438743315
1449014758488743267
1449014758538741210
1449014758588682142
1449014758638708161
1449014758688683154
1449014758738738001
1449014758788744357
1449014758838725756
1449014758888748947
1449014758938743619
1449014758988726171
1449014759038745637
1449014759088724864
1449014759138743214
1449014759188697127
1449014759238736999
1449014759288709678
1449014759338728539
1449014759388742980
1449014759438744261
1449014759488743237
1449014759538744360
1449014759588743045
1449014759638739799
1449014759688742600
1449014759738725039
1449014759788694648
1449014759838744609
1449014759888743885
1449014759938742464
1449014759988742037
1449014760038711142
1449014760088742648
1449014760138745452
1449014760188743656
1449014760238743611
1449014760288744878
1449014760338744913
1449014760388744878
1449014760438755019
1449014760488746157
1449014760538726480
1449014760588743122
1449014760638741617
1449014760688727089
1449014760738744904
1449014760788745560
1449014760838712697
1449014760888698742
1449014760938730513
1449014760988744446
1449014761038744554
1449014761088744382
1449014761138753597
1449014761188754147
1449014761238743678
1449014761288754998
1449014761338739170
1449014761388745369
1449014761438750448
1449014761488754472
1449014761538751831
1449014761588729411
1449014761638693678
1449014761688754457
1449014761738743968
1449014761788745767
1449014761838746697
1449014761888709549
1449014761938702794
1449014761988747219
1449014762038745092
1449014762088684890
1449014762138737411
1449014762188742303
1449014762238683381
1449014762288737118
1449014762338683142
1449014762388677318
1449014762438736554
1449014762488744586
1449014762538741267
1449014762588705487
1449014762638706938
1449014762688745601
1449014762738744720
1449014762788685607
1449014762838698869
1449014762888697133
1449014762938702937
1449014762988745555
1449014763038745894
1449014763088687579
1449014763138713261
1449014763188738024
1449014763238745438
1449014763288743378
1449014763338744325
1449014763388745275
1449014763438744522
1449014763488743691
1449014763538741274
1449014763588742084
1449014763638741133
1449014763688695638
1449014763738733087
1449014763788733256
1449014763838726719
1449014763888682506
1449014763938699663
1449014763988677243
1449014764038683378
1449014764088677762
1449014764138702766
1449014764188681303
1449014764238722587
1449014764288688269
1449014764338719556
1449014764388718391
1449014764438713912
1449014764488740968
1449014764538696713
1449014764588729973
1449014764638679369
1449014764688695243
1449014764738675733
1449014764788672515
1449014764838680367
1449014764888676583
1449014764938668910
1449014764988695789
1449014765038733008
1449014765088687886
1449014765138735333
1449014765188708193
1449014765238744256
1449014765288719992
1449014765338726338
1449014765388742940
1449014765438720858
1449014765488727575
1449014765538733977
1449014765588721093
1449014765638685343
1449014765688674122
1449014765738681878
1449014765788696831
1449014765838694355
1449014765888672335
1449014765938640453
1449014765988674113
1449014766038682512
1449014766088682952
1449014766138683929
1449014766188685735
1449014766238703293
1449014766288715579
1449014766338691858
1449014766388674189
1449014766438741999
1449014766488703798
1449014766538713805
1449014766588684555
1449014766638669713
1449014766688675486
1449014766738701924
1449014766788689824
1449014766838704188
1449014766888690640
1449014766938676598
1449014766988695689
1449014767038684651
1449014767088700880
1449014767138735323
