1449015100432538849 1449015100592820773
1449015100482587919 1449015100642850976
1449015100532544021 1449015100692790340
1449015100582578891 1449015100742853999
1449015100632570483 1449015100792834212
1449015100682572482 1449015100843101142
1449015100732560309 1449015100892780185
1449015100782573457 1449015100942843073
1449015100832567739 1449015100992827873
1449015100882539379 1449015101042800816
1449015100932541820 1449015101933048060
1449015100982579069 1449015101933082645
1449015101032557464 1449015101933101208
1449015101082580354 1449015101933116609
1449015101132580038 1449015101933131857
1449015101182576224 1449015101933147389
1449015101232566868 1449015101933174387
1449015101282570387 1449015101933192441
1449015101332551512 1449015101933208741
1449015101382569157 1449015101933226178
1449015101432556533 1449015101933243884
1449015101482571074 1449015101933260141
1449015101532537319 1449015101933275329
1449015101582571477 1449015101933290206
1449015101632528832 1449015101933304839
1449015101682580491 1449015101933321283
1449015101732576647 1449015101933337433
1449015101782566288 1449015101942829676
1449015101832536274 1449015102033053619
1449015101882566708 1449015102062970304
1449015101932532432 1449015102112958255
1449015101982574989 1449015102183033364
1449015102032539313 1449015102212944901
1449015102082575403 1449015102253241898
1449015102132539329 1449015102292806579
1449015102182572977 1449015102342826472
1449015102232530024 1449015102392848748
1449015102282578201 1449015102442848214
1449015102332576255 1449015102492871442
1449015102382577025 1449015102542835114
1449015102432571169 1449015102592829820
1449015102482572474 1449015102642821322
1449015102532560508 1449015102692811925
1449015102582571100 1449015102742828762
1449015102632558018 1449015102792765279
1449015102682569933 1449015102842854476
1449015102732553992 1449015102892787576
1449015102782552623 1449015102942818123
1449015102832530271 1449015102992731645
1449015102882573089 1449015103042838672
1449015102932579605 1449015103092801155
1449015102982575501 1449015103142835451
1449015103032556275 1449015103192817919
1449015103082575881 1449015103242791718
1449015103132555797 1449015103292791321
1449015103182554919 1449015103342816440
1449015103232556561 1449015103392786811
1449015103282573387 1449015103442830541
1449015103332540320 1449015103962971314
1449015103382570183 1449015103963000083
1449015103432530968 1449015103963006978
1449015103482569584 1449015103963012872
1449015103532580904 1449015103963018580
1449015103582573298 1449015103963024074
1449015103632565592 1449015103963029447
1449015103682572095 1449015103963049395
1449015103732556798 1449015103963056668
1449015103782562429 1449015103963063954
1449015103832557315 1449015104012984808
1449015103882581625 1449015104062970037
1449015103932518668 1449015104112997548
1449015103982573052 1449015104162971744
1449015104032528866 1449015104212981247
1449015104082572082 1449015104283042681
1449015104132577232 1449015104292826882
1449015104182539808 1449015104342999301
1449015104232565949 1449015104862930048
1449015104282572368 1449015104862987983
1449015104332537958 1449015104863007470
1449015104382537732 1449015104863025314
1449015104432556222 1449015104863045673
1449015104482573022 1449015104863062264
1449015104532538512 1449015105183041008
1449015104582537519 1449015105183085502
1449015104632501698 1449015105183107906
1449015104682526174 1449015105183128162
1449015104732527014 1449015105183147853
1449015104782572893 1449015105183169803
1449015104832572346 1449015105183189521
1449015104882570624 1449015105183208080
1449015104932528683 1449015105183226498
1449015104982568919 1449015105183245221
1449015105032564982 1449015105748382008
1449015105082574772 1449015105748411354
1449015105132562238 1449015105748418212
1449015105182575276 1449015105748424778
1449015105232542873 1449015105748430424
1449015105282526611 1449015105748436194
1449015105332565528 1449015105748441949
1449015105382534849 1449015105748447243
1449015105432559811 1449015105748452929
1449015105482531952 1449015105748458529
1449015105532554104 1449015105748464355
1449015105582532182 1449015105752976307
1449015105632555426 1449015105823311849
1449015105682569262 1449015105912869101
1449015105732523520 1449015105912949433
1449015105782539103 1449015106068551606
1449015105832522954 1449015106068607552
1449015105882572969 1449015106068626398
1449015105932578366 1449015106092839632
1449015105982573767 1449015106142842023
1449015106032522896 1449015106192785459
1449015106082572487 1449015106242845593
1449015106132565088 1449015106292835572
1449015106182573448 1449015106388701651
1449015106232566243 1449015106412973665
1449015106282574684 1449015106462987237
1449015106332540033 1449015106512920370
1449015106382546827 1449015106542796664
1449015106432541519 1449015106612939169
1449015106482574328 1449015106642808366
1449015106532558885 1449015106708849578
1449015106582569243 1449015106742811633
1449015106632571282 1449015106792814250
1449015106682553299 1449015106842803995
1449015106732560684 1449015106892769408
1449015106782573377 1449015106962943368
1449015106832555388 1449015106992815569
1449015106882582872 1449015107062916242
1449015106932538212 1449015107092800063
1449015106982575377 1449015107162946213
1449015107032540032 1449015107192758074
1449015107082571221 1449015107283011594
1449015107132574536 1449015107803189154
1449015107182572092 1449015107803243955
1449015107232565238 1449015107803260559
1449015107282571269 1449015107803276719
1449015107332555796 1449015108063006594
1449015107382526360 1449015108063060980
1449015107432558541 1449015108063078710
1449015107482569243 1449015108063094670
1449015107532524019 1449015108063112113
1449015107582570596 1449015108063129382
1449015107632539353 1449015108063143878
1449015107682526011 1449015108063157706
1449015107732573814 1449015108063171661
1449015107782572061 1449015108668427397
1449015107832562427 1449015108668458049
1449015107882532016 1449015108668465233
1449015107932559543 1449015108668614478
1449015107982528658 1449015108668635956
1449015108032554294 1449015108668642925
1449015108082571311 1449015108668650083
1449015108132534936 1449015108668656963
1449015108182565119 1449015108668663530
1449015108232536399 1449015108668668898
1449015108282572001 1449015108668674337
1449015108332575170 1449015108668679976
1449015108382573430 1449015108668685302
1449015108432557656 1449015108703248927
1449015108482509832 1449015108703304837
1449015108532558380 1449015108703323439
1449015108582571401 1449015108988529360
1449015108632528094 1449015108988587051
1449015108682570278 1449015108988604804
1449015108732522234 1449015108988621161
1449015108782569632 1449015108988638344
1449015108832525343 1449015109023411069
1449015108882568426 1449015109042836518
1449015108932575717 1449015109308699300
1449015108982571004 1449015109308754295
1449015109032534666 1449015109308771521
1449015109082553918 1449015109308787260
1449015109132557725 1449015109308807706
1449015109182570715 1449015109343504964
1449015109232559080 1449015109392789778
1449015109282564431 1449015109442820433
1449015109332538643 1449015109628788217
1449015109382539497 1449015109628843857
1449015109432543668 1449015109628863678
1449015109482571859 1449015109663654796
1449015109532551875 1449015109712874846
1449015109582553313 1449015109762916605
1449015109632572896 1449015109948946471
1449015109682559290 1449015109949001559
1449015109732554457 1449015109949019854
1449015109782581803 1449015109949039956
1449015109832528143 1449015110032951177
1449015109882573564 1449015110042817521
1449015109932557612 1449015110092797995
1449015109982571308 1449015110269057344
1449015110032522285 1449015110269111046
1449015110082570375 1449015110269131018
1449015110132560438 1449015110353125264
1449015110182566897 1449015110353182717
1449015110232566524 1449015111012863625
1449015110282570023 1449015111062864301
1449015110332572480 1449015111062921491
1449015110382567440 1449015111062939478
1449015110432540831 1449015111062955130
1449015110482516691 1449015111062972994
1449015110532503974 1449015111062989816
1449015110582496698 1449015111063005297
1449015110632504374 1449015111063019353
1449015110682566309 1449015111063060706
1449015110732561843 1449015111063077889
1449015110782572903 1449015111063093163
1449015110832572497 1449015111280539511
1449015110882571877 1449015111280594262
1449015110932555093 1449015111280611347
1449015110982574024 1449015111280627046
1449015111032554642 1449015111280643667
1449015111082571364 1449015111280662804
1449015111132539560 1449015111332987017
1449015111182541720 1449015111382989824
1449015111232539302 1449015111600696031
1449015111282572088 1449015111600751376
1449015111332569814 1449015111600769497
1449015111382573738 1449015111600785657
1449015111432571091 1449015111600803441
1449015111482565796 1449015111642793720
1449015111532573468 1449015112556555428
1449015111582555565 1449015112556610452
1449015111632557224 1449015112556627544
1449015111682543046 1449015112556643430
1449015111732538724 1449015112556661271
1449015111782572967 1449015112556678513
1449015111832537772 1449015112556693888
1449015111882574530 1449015112556709741
1449015111932571952 1449015112556724641
1449015111982574810 1449015112556741028
1449015112032568303 1449015112556758274
1449015112082573052 1449015112556773532
1449015112132555964 1449015112556788436
1449015112182572790 1449015112556802564
1449015112232558225 1449015112556819072
1449015112282571470 1449015112556836064
1449015112332537969 1449015112556851522
1449015112382564357 1449015112556865938
1449015112432538008 1449015112876686089
1449015112482569327 1449015112876739814
1449015112532538108 1449015112876756455
1449015112582525744 1449015112876770955
1449015112632561019 1449015112876792009
1449015112682572142 1449015112876817056
1449015112732559281 1449015113516992349
1449015112782572760 1449015113517021865
1449015112832555465 1449015113517029317
1449015112882574206 1449015113517035410
1449015112932547630 1449015113517041189
1449015112982568565 1449015113517046616
1449015113032540623 1449015113517051929
1449015113082572771 1449015113517057581
1449015113132572625 1449015113517063629
1449015113182575747 1449015113633030289
1449015113232556575 1449015113633073350
1449015113282572669 1449015113633091231
1449015113332556013 1449015113633106081
1449015113382568309 1449015113633120728
1449015113432506113 1449015113633140650
1449015113482569504 1449015113837092566
1449015113532524654 1449015113837150260
1449015113582572029 1449015113837168438
1449015113632521520 1449015113837185924
1449015113682573452 1449015114536400653
1449015113732579370 1449015114536456135
1449015113782573374 1449015114536474701
1449015113832566189 1449015114536491582
1449015113882568519 1449015114536509219
1449015113932561151 1449015114536526001
1449015113982571953 1449015114536540928
1449015114032560382 1449015114536555350
1449015114082552572 1449015114536569693
1449015114132538431 1449015114536586745
1449015114182573629 1449015114536603753
1449015114232539864 1449015114536618798
1449015114282570595 1449015114536634062
1449015114332572504 1449015114633069649
1449015114382571657 1449015114633117865
1449015114432544844 1449015114633137175
1449015114482537869 1449015114856500588
1449015114532567461 1449015114856558065
1449015114582573610 1449015114856575755
1449015114632525592 1449015114856591771
1449015114682539144 1449015114856610734
1449015114732522438 1449015114953233676
1449015114782570588 1449015114953291376
1449015114832520787 1449015114992755586
1449015114882564146 1449015115736401975
1449015114932565651 1449015115736458306
1449015114982577232 1449015115736477446
1449015115032536745 1449015115736493532
1449015115082574388 1449015115736510728
1449015115132535972 1449015115736528121
1449015115182571939 1449015115736543245
1449015115232537251 1449015115736557451
1449015115282572028 1449015115736571803
1449015115332536826 1449015115736587201
1449015115382553970 1449015115736603719
1449015115432540320 1449015115736618743
1449015115482503155 1449015115736633603
1449015115532571600 1449015115913588562
1449015115582574462 1449015115913637590
1449015115632562145 1449015115913653767
1449015115682538352 1449015115913668417
1449015115732554661 1449015115913683765
1449015115782573548 1449015116056568771
1449015115832539606 1449015116056649508
1449015115882574079 1449015116056669536
1449015115932544547 1449015116233743375
1449015115982573360 1449015116233798998
1449015116032538576 1449015116233820019
1449015116082573456 1449015116242803081
1449015116132573818 1449015116376711016
1449015116182569560 1449015116376774754
1449015116232565622 1449015116553860379
1449015116282577512 1449015116553915604
1449015116332559818 1449015116553932573
1449015116382533697 1449015116553951736
1449015116432578537 1449015116592824746
1449015116482571750 1449015116696867362
1449015116532553874 1449015116696932921
1449015116582572965 1449015116873985792
1449015116632536617 1449015116874050218
1449015116682550350 1449015116874083239
1449015116732571773 1449015116912972235
1449015116782572035 1449015116942848629
1449015116832564843 1449015117016927826
1449015116882575235 1449015117194075174
1449015116932555281 1449015117194117960
1449015116982571312 1449015117194130470
1449015117032557375 1449015117194143054
1449015117082574341 1449015117242825251
1449015117132533804 1449015117292773980
1449015117182571945 1449015117342768642
1449015117232537348 1449015118060404506
1449015117282553028 1449015118060461508
1449015117332523643 1449015118060480418
1449015117382566418 1449015118060497333
1449015117432528798 1449015118060513526
1449015117482538310 1449015118060530311
1449015117532532632 1449015118523362152
1449015117582570486 1449015118523419619
1449015117632538418 1449015118523437476
1449015117682540674 1449015118523454137
1449015117732542189 1449015118523472476
1449015117782572623 1449015118523488235
1449015117832540729 1449015118523503466
1449015117882574142 1449015118523519061
1449015117932572106 1449015118523533444
1449015117982574128 1449015118523549270
1449015118032560592 1449015118523566232
1449015118082576540 1449015118523581092
1449015118132573731 1449015118523595638
1449015118182571210 1449015118523609764
1449015118232552008 1449015118523624834
1449015118282526097 1449015118523640570
1449015118332540024 1449015118523655888
1449015118382570621 1449015118700701840
1449015118432538967 1449015118700757610
1449015118482554845 1449015118700775567
1449015118532565113 1449015118700793060
1449015118582571275 1449015118843516801
1449015118632572753 1449015118843573867
1449015118682554990 1449015118843592256
1449015118732558075 1449015118892801197
1449015118782553924 1449015118942822517
1449015118832556190 1449015119020838692
1449015118882570003 1449015119163694777
1449015118932541012 1449015119163752020
1449015118982541120 1449015119163770766
1449015119032554458 1449015119212922010
1449015119082568619 1449015119242776898
1449015119132560618 1449015119292828560
1449015119182562922 1449015119342823831
1449015119232519023 1449015119483789366
1449015119282570361 1449015119483850592
1449015119332555726 1449015119533026007
1449015119382571947 1449015119562912033
1449015119432556076 1449015119612951497
1449015119482573046 1449015119662942488
1449015119532553212 1449015119803933114
1449015119582572825 1449015119803987808
1449015119632538762 1449015119804006731
1449015119682572931 1449015119853193362
1449015119732534970 1449015119892787152
1449015119782572092 1449015119972410397
1449015119832570296 1449015120068465745
1449015119882579257 1449015120068527047
1449015119932566907 1449015120173348074
1449015119982572010 1449015120173404927
1449015120032557489 1449015120192760687
1449015120082519227 1449015120292501338
1449015120132550071 1449015120292705321
1449015120182556394 1449015120493461129
1449015120232536122 1449015120493520430
1449015120282574945 1449015120493572047
1449015120332570860 1449015120493597472
1449015120382573364 1449015120542812183
1449015120432566329 1449015120592817166
1449015120482568285 1449015120642818690
1449015120532540049 1449015120692743448
1449015120582574111 1449015120742832371
1449015120632557388 1449015120862939570
1449015120682574481 1449015120862996853
1449015120732524195 1449015120892766115
1449015120782574070 1449015120962954073
1449015120832536760 1449015120992797599
1449015120882572252 1449015121063055405
1449015120932573900 1449015121092812933
1449015120982571760 1449015121212852208
1449015121032566048 1449015121212909258
1449015121082568946 1449015121242802142
1449015121132568937 1449015121312935316
1449015121182535276 1449015121342796118
1449015121232555009 1449015121412938807
1449015121282572884 1449015121442834848
1449015121332535270 1449015121562914978
1449015121382569636 1449015121562944973
1449015121432537090 1449015121592783121
1449015121482536046 1449015121662905271
1449015121532534306 1449015121692778160
1449015121582562111 1449015121762942551
1449015121632535338 1449015121792793421
1449015121682550831 1449015121912900867
1449015121732524349 1449015121912959113
1449015121782570866 1449015121942831918
1449015121832521883 1449015121992795868
1449015121882568984 1449015122042828460
1449015121932536138 1449015122092781104
1449015121982587352 1449015122142800282
1449015122032541252 1449015122192787902
1449015122082569461 1449015122262963395
1449015122132553322 1449015122292758080
1449015122182571658 1449015122342859087
1449015122232558660 1449015122462922250
1449015122282571738 1449015122462980339
1449015122332553585 1449015122492806626
1449015122382568313 1449015122542804155
1449015122432543565 1449015122592786102
1449015122482573881 1449015122642824076
1449015122532554225 1449015122692838366
1449015122582572457 1449015122742822625
1449015122632535996 1449015122792801776
1449015122682575544 1449015122842823931
1449015122732535979 1449015122892770448
1449015122782572419 1449015122942746819
1449015122832570987 1449015123462926564
1449015122882517798 1449015123462983242
1449015122932505846 1449015123463002502
1449015122982557037 1449015123463019427
1449015123032556961 1449015123463037255
1449015123082567419 1449015123463054474
1449015123132536307 1449015123463068833
1449015123182571538 1449015123463084004
1449015123232535521 1449015123463099569
1449015123282571447 1449015123463116688
1449015123332571388 1449015123492822227
1449015123382583684 1449015123542826562
1449015123432557323 1449015123592803836
1449015123482563271 1449015123642788111
1449015123532554064 1449015123692816280
1449015123582571195 1449015123742823097
1449015123632540099 1449015123792803998
1449015123682571455 1449015123842777913
1449015123732537676 1449015123892783945
1449015123782573769 1449015123942829570
1449015123832539814 1449015123992810488
1449015123882575175 1449015124042822319
1449015123932573212 1449015124092859348
1449015123982536473 1449015124142804990
1449015124032556924 1449015124192773847
1449015124082521622 1449015124242739233
1449015124132552697 1449015124292813814
1449015124182570095 1449015124342818559
1449015124232538986 1449015124392740757
1449015124282567435 1449015124442841039
1449015124332538180 1449015124492780687
1449015124382571042 1449015124542817278
1449015124432536739 1449015124592795423
1449015124482575903 1449015124642828089
1449015124532553640 1449015124692816651
1449015124582563811 1449015124742818149
1449015124632552123 1449015124792840584
1449015124682573242 1449015124842819197
1449015124732559646 1449015125362947883
1449015124782580187 1449015125363003903
1449015124832552225 1449015125363022509
1449015124882568199 1449015125363038655
1449015124932528841 1449015125363055022
1449015124982567637 1449015125363071155
1449015125032529469 1449015125363085568
1449015125082569898 1449015125363100165
1449015125132571306 1449015125363114561
1449015125182570813 1449015125712849188
1449015125232509439 1449015125712910270
1449015125282570722 1449015125712930269
1449015125332557250 1449015125712949422
1449015125382573358 1449015125712982643
1449015125432539362 1449015125712989229
1449015125482533660 1449015125713006943
1449015125532555251 1449015125713023293
1449015125582571188 1449015125742764306
1449015125632559994 1449015125852038708
1449015125732548504 1449015125892774394
1449015125782508072 1449015125942719360
1449015125832510003 1449015125992709857
1449015125882571303 1449015126042816907
1449015125932557887 1449015126092789069
1449015125982569221 1449015126142816431
1449015126032556266 1449015126192810597
1449015126082552726 1449015126242775011
1449015126132536213 1449015126292755785
1449015126182572771 1449015126342834355
1449015126232537994 1449015126392730384
1449015126282502551 1449015126442636299
1449015126332565525 1449015126492818633
1449015126382528950 1449015126542772694
1449015126432509147 1449015126592718519
1449015126482572465 1449015126642807652
1449015126532535810 1449015126692763591
1449015126582570787 1449015126742811464
1449015126632555811 1449015126792810409
1449015126682543187 1449015126842737282
1449015126732536604 1449015126892782632
1449015126782556223 1449015126942752639
1449015126832537762 1449015126992779090
1449015126882538910 1449015127562903541
1449015126932554583 1449015127562959748
1449015126982545788 1449015127562977906
1449015127032579166 1449015127562993933
1449015127082555125 1449015127563010697
1449015127132562720 1449015127563027502
1449015127182573028 1449015127563042332
1449015127232539921 1449015127563056504
1449015127282568284 1449015127563070934
1449015127332557524 1449015127563085864
1449015127382572195 1449015127563102452
1449015127432538981 1449015127592751006
1449015127482572001 1449015127642811468
1449015127532536355 1449015127692771101
1449015127582530369 1449015127742710538
1449015127632553763 1449015127792784654
1449015127682571234 1449015127842815796
1449015127732556148 1449015127892747222
1449015127782573235 1449015127942773316
1449015127832540559 1449015127992790169
1449015127882569405 1449015128042777060
1449015127932537949 1449015128092776594
1449015127982535164 1449015128142723605
1449015128032536184 1449015128192763126
1449015128082569297 1449015128242799824
1449015128132573625 1449015128292801452
1449015128182572320 1449015128342805730
1449015128232523845 1449015128392759727
1449015128282574277 1449015128442801156
1449015128332536780 1449015128492763696
1449015128382540009 1449015128542771321
1449015128432542072 1449015128592720387
1449015128482541756 1449015128642717699
1449015128532538850 1449015128692987458
1449015128582526413 1449015128742741605
1449015128632521113 1449015128792728163
1449015128682529587 1449015128842735274
1449015128732570106 1449015128892796103
1449015128782527682 1449015128942760383
1449015128832529925 1449015128992710592
1449015128882538616 1449015129042761141
1449015128932541681 1449015129092771249
1449015128982528081 1449015129142753951
1449015129032542622 1449015129192746632
1449015129082572438 1449015129242804825
1449015129132538158 1449015129292731758
1449015129182541430 1449015129342763037
1449015129232540967 1449015129392779208
1449015129282574822 1449015129442804741
1449015129332573243 1449015129492806780
