1449015009723353973 1449015009883572122
1449015009773361706 1449015009933602135
1449015009823344408 1449015009983576231
1449015009873316823 1449015010033536372
1449015009923348717 1449015010083586467
1449015009973345023 1449015010133863506
1449015010023349575 1449015010183586162
1449015010073317169 1449015010233520638
1449015010123337948 1449015010283572056
1449015010173350250 1449015010333586587
1449015010223344739 1449015010383579218
1449015010273329169 1449015010433533623
1449015010323348801 1449015010483585609
1449015010373354375 1449015010533537494
1449015010423306655 1449015010583520180
1449015010473360645 1449015010633701175
1449015010523335784 1449015010683571886
1449015010573356626 1449015010733605721
1449015010623351415 1449015010783585597
1449015010673348710 1449015010833585448
1449015010723349891 1449015010883524832
1449015010773348907 1449015010933555299
1449015010823358911 1449015010983575937
1449015010873321350 1449015011033554603
1449015010923348610 1449015011083575575
1449015010973347619 1449015011133572386
1449015011023348055 1449015011183576326
1449015011073347645 1449015011233574383
1449015011123348953 1449015011283592984
1449015011173347464 1449015011333573738
1449015011223348909 1449015011383586575
1449015011273347921 1449015011433592216
1449015011323348019 1449015011483583070
1449015011373316402 1449015011533503103
1449015011423346993 1449015011583633203
1449015011473344987 1449015011633573489
1449015011523314612 1449015011683555519
1449015011573348925 1449015011733574708
1449015011623353126 1449015011783620523
1449015011673348901 1449015011833577149
1449015011723346189 1449015011883579088
1449015011773351837 1449015011933578899
1449015011823348534 1449015011983587473
1449015011873348241 1449015012033528778
1449015011923348874 1449015012083589043
1449015011973320969 1449015012133571414
1449015012023345616 1449015012183577142
1449015012073348758 1449015012233573545
1449015012123348726 1449015012283585380
1449015012173349806 1449015012333575880
1449015012223347245 1449015012383579125
1449015012273351055 1449015012433566381
1449015012323346884 1449015012483594887
1449015012373351555 1449015012533575521
1449015012423346071 1449015012583581983
1449015012473331045 1449015012633555438
1449015012523352685 1449015012683582501
1449015012573350224 1449015012733559122
1449015012623358956 1449015012783596134
1449015012673346656 1449015012833581883
1449015012723357438 1449015012883568157
1449015012773349699 1449015012933575759
1449015012823354965 1449015012983591235
1449015012873350410 1449015013033576356
1449015012923349609 1449015013083585157
1449015012973346293 1449015013133570646
1449015013023349455 1449015013183629931
1449015013073320591 1449015013233549183
1449015013123342014 1449015013283574956
1449015013173345239 1449015013333555062
1449015013223316044 1449015013383547730
1449015013273348693 1449015013433549128
1449015013323346987 1449015013483546965
1449015013373345966 1449015013533591828
1449015013423335637 1449015013583567835
1449015013473333925 1449015013633544550
1449015013523359698 1449015013683597885
1449015013573348748 1449015013733573933
1449015013623350045 1449015013783586422
1449015013673357714 1449015013833582411
1449015013723350178 1449015013883614021
1449015013773349669 1449015013933576210
1449015013823350027 1449015013983568226
1449015013873354472 1449015014033566283
1449015013923350398 1449015014083562503
1449015013973333437 1449015014133554897
1449015014023349064 1449015014183586299
1449015014073350605 1449015014233607098
1449015014123351636 1449015014283588413
1449015014173349806 1449015014333587529
1449015014223347542 1449015014383571013
1449015014273316473 1449015014433495440
1449015014323348531 1449015014483589244
1449015014373330819 1449015014533544063
1449015014423315305 1449015014583579428
1449015014473350743 1449015014633555769
1449015014523350454 1449015014683589299
1449015014573350782 1449015014733579499
1449015014623348151 1449015014783589653
1449015014673349957 1449015014833577089
1449015014723352343 1449015014883592923
1449015014773349866 1449015014933601938
1449015014823360267 1449015014983567655
1449015014873351526 1449015015033579236
1449015014923347093 1449015015083589501
1449015014973348458 1449015015133547584
1449015015023345720 1449015015183583366
1449015015073349951 1449015015233564017
1449015015123348195 1449015015283598934
1449015015173351046 1449015015333562800
1449015015223347279 1449015015383552040
1449015015273314800 1449015015433533904
1449015015323330376 1449015015483568083
1449015015373315320 1449015015533544454
1449015015423307434 1449015015583557114
1449015015473357301 1449015015633639144
1449015015523354516 1449015015683623484
1449015015573362997 1449015015733615741
1449015015623349832 1449015015783609518
1449015015673351510 1449015015833605868
1449015015723352577 1449015015883626977
1449015015773353715 1449015015933592223
1449015015823352169 1449015015983657749
1449015015873353286 1449015016033604503
1449015015923353688 1449015016083614056
1449015015973343126 1449015016133590591
1449015016023350136 1449015016183609729
1449015016073340342 1449015016233589946
1449015016123346257 1449015016283594454
1449015016173355412 1449015016333599660
1449015016223350392 1449015016383621641
1449015016273335670 1449015016433570657
1449015016323352861 1449015016483617298
1449015016373357953 1449015016533591133
1449015016423354116 1449015016583613545
1449015016473355942 1449015016633604650
1449015016523352529 1449015016683642303
1449015016573349984 1449015016733599297
1449015016623354145 1449015016783616931
1449015016673361272 1449015016833611457
1449015016723352768 1449015016883612845
1449015016773361800 1449015016933602159
1449015016823349744 1449015016983608331
1449015016873336137 1449015017033607681
1449015016923349536 1449015017083609947
1449015016973353119 1449015017133597370
1449015017023350243 1449015017183607177
1449015017073317320 1449015017233520792
1449015017123350116 1449015017283608836
1449015017173350521 1449015017333597769
1449015017223325526 1449015017383916734
1449015017273353110 1449015017433613889
1449015017323342243 1449015017483601415
1449015017373356323 1449015017533602191
1449015017423312916 1449015017583571096
1449015017473350379 1449015017633596070
1449015017523346465 1449015017683614520
1449015017573349490 1449015017733615590
1449015017623313743 1449015017783574074
1449015017673348116 1449015017833596152
1449015017723349073 1449015017883611813
1449015017773350447 1449015017933596626
1449015017823351838 1449015017983614775
1449015017873351793 1449015018033592556
1449015017923347231 1449015018083630003
1449015017973334139 1449015018133579713
1449015018023346776 1449015018183589707
1449015018073351778 1449015018233579425
1449015018123346902 1449015018283606982
1449015018173335160 1449015018333538051
1449015018223349373 1449015018383611168
1449015018273346401 1449015018433621887
1449015018323353689 1449015018483618113
1449015018373354703 1449015018533654704
1449015018423353862 1449015018583616505
1449015018473326816 1449015018633582904
1449015018523355272 1449015018683614006
1449015018573353014 1449015018733615226
1449015018623354482 1449015018783646669
1449015018673349680 1449015018833600439
1449015018723355133 1449015018883617763
1449015018773352963 1449015018933543270
1449015018823355276 1449015018983617508
1449015018873351088 1449015019033602055
1449015018923313939 1449015019083557725
1449015018973350957 1449015019133611913
1449015019023351770 1449015019183581529
1449015019073350231 1449015019233587771
1449015019123337955 1449015019283601994
1449015019173331017 1449015019333581249
1449015019223357679 1449015019383621114
1449015019273349879 1449015019433596546
1449015019323348257 1449015019483631233
1449015019373348990 1449015019533572618
1449015019423350181 1449015019583608928
1449015019473349878 1449015019633594777
1449015019523348546 1449015019683582354
1449015019573352373 1449015019733601913
1449015019623346905 1449015019783596549
1449015019673349152 1449015019833599654
1449015019723349654 1449015019883589295
1449015019773346047 1449015019933597588
1449015019823347749 1449015019983605818
1449015019873350534 1449015020033583987
1449015019923346700 1449015020083596393
1449015019973344790 1449015020133559815
1449015020023348029 1449015020183635033
1449015020073288889 1449015020233489448
1449015020123309962 1449015020283566387
1449015020173357207 1449015020333555236
1449015020223349207 1449015020383611231
1449015020273348449 1449015020433550278
1449015020323349804 1449015020483607957
1449015020373349464 1449015020533617229
1449015020423343031 1449015020583600623
1449015020473348782 1449015020633582546
1449015020523338046 1449015020683593954
1449015020573350402 1449015020733561725
1449015020623349434 1449015020783607403
1449015020673346245 1449015020833547599
1449015020723349764 1449015020883634381
1449015020773319166 1449015020933508607
1449015020823316545 1449015020983523796
1449015020873310630 1449015021033510895
1449015020923346469 1449015021083561755
1449015020973346721 1449015021133563213
1449015021023347711 1449015021183613525
1449015021073330888 1449015021233556032
1449015021123316887 1449015021283615706
1449015021173349840 1449015021333552654
1449015021223348953 1449015021383613328
1449015021273331548 1449015021433578158
1449015021323350910 1449015021483618982
1449015021373349612 1449015021533616417
1449015021423349312 1449015021583700322
1449015021473350359 1449015021633598399
1449015021523349873 1449015021683606576
1449015021573349991 1449015021733594175
1449015021623349682 1449015021783608359
1449015021673358065 1449015021833603529
1449015021723359423 1449015021883613513
1449015021773350477 1449015021933609806
1449015021823343109 1449015021983585950
1449015021873357757 1449015022033553942
1449015021923346817 1449015022083605891
1449015021973331430 1449015022133575250
1449015022023309608 1449015022183566792
1449015022073349149 1449015022233552575
1449015022123349635 1449015022283626066
1449015022173350218 1449015022333598862
1449015022223349086 1449015022383608281
1449015022273349375 1449015022433581883
1449015022323348558 1449015022483591479
1449015022373348349 1449015022533577382
1449015022423348641 1449015022583603763
1449015022473350416 1449015022633614486
1449015022523346512 1449015022683587700
1449015022573348317 1449015022733592569
1449015022623349792 1449015022783606431
1449015022673349880 1449015022833586908
1449015022723346480 1449015022883587869
1449015022773348954 1449015022933580209
1449015022823344849 1449015022983593133
1449015022873346204 1449015023033594073
1449015022923330854 1449015023083557990
1449015022973311949 1449015023133556791
1449015023023348386 1449015023183593215
1449015023073333671 1449015023233579041
1449015023123347540 1449015023283751260
1449015023173332187 1449015023333611387
1449015023223346922 1449015023383609571
1449015023273348907 1449015023433594659
1449015023323344322 1449015023483615758
1449015023373349354 1449015023533596930
1449015023423346366 1449015023583604989
1449015023473351098 1449015023633605208
1449015023523357871 1449015023683647706
1449015023573351852 1449015023733611027
1449015023623346324 1449015023783606896
1449015023673349770 1449015023833596784
1449015023723346821 1449015023883606434
1449015023773349930 1449015023933563846
1449015023823346483 1449015023983606600
1449015023873343812 1449015024033619277
1449015023923332284 1449015024083594422
1449015023973319129 1449015024133550113
1449015024023346565 1449015024183608176
1449015024073348531 1449015024233578941
1449015024123347089 1449015024283610434
1449015024173347047 1449015024333595488
1449015024223346591 1449015024383648132
1449015024273349519 1449015024433608356
1449015024323308992 1449015024483566814
1449015024373351138 1449015024533564486
1449015024423347064 1449015024583604642
1449015024473349538 1449015024633596348
1449015024523356899 1449015024683611036
1449015024573349717 1449015024733613760
1449015024623346688 1449015024783604808
1449015024673349002 1449015024833585395
1449015024723346588 1449015024883557901
1449015024773349719 1449015024933597121
1449015024823344098 1449015024983604947
1449015024873312581 1449015025033556071
1449015024923337873 1449015025083920775
1449015024973314545 1449015025133548279
1449015025023329567 1449015025183593082
1449015025073313368 1449015025233548235
1449015025123331350 1449015025283594023
1449015025173330476 1449015025333563495
1449015025223316255 1449015025383580859
1449015025273346886 1449015025433591178
1449015025323331035 1449015025483594653
1449015025373330979 1449015025533580957
1449015025423312846 1449015025583549855
1449015025473318313 1449015025633570118
1449015025523315345 1449015025683553034
1449015025573353900 1449015025733583709
1449015025623346014 1449015025783557217
1449015025673335428 1449015025833565630
1449015025723347974 1449015025883606471
1449015025773347641 1449015025933593032
1449015025823321032 1449015025983587584
1449015025873353701 1449015026033624596
1449015025923348771 1449015026083605995
1449015025973346584 1449015026133590952
1449015026023349753 1449015026183607391
1449015026073348247 1449015026233593020
1449015026123332600 1449015026283594217
1449015026173350368 1449015026333598000
1449015026223348301 1449015026383635991
1449015026273348156 1449015026433496733
1449015026323346771 1449015026483518428
1449015026373348529 1449015026533597027
1449015026423313431 1449015026583568727
1449015026473291356 1449015026633499051
1449015026523302629 1449015026683554020
1449015026573348882 1449015026733623168
1449015026623336870 1449015026783593649
1449015026673350338 1449015026833583735
1449015026723345572 1449015026883568816
1449015026773328992 1449015026933560481
1449015026823331463 1449015026983544253
1449015026873340561 1449015027033553882
1449015026923347478 1449015027083625449
1449015026973346738 1449015027133609501
1449015027023343596 1449015027183625312
1449015027073335762 1449015027233580785
1449015027123347046 1449015027283605813
1449015027173349015 1449015027333599036
1449015027223347834 1449015027383605275
1449015027273350792 1449015027433623217
1449015027323347051 1449015027483604158
1449015027373336592 1449015027533583844
1449015027423330119 1449015027583577905
1449015027473348836 1449015027633601323
1449015027523349452 1449015027683591726
1449015027573349019 1449015027733595846
1449015027623347393 1449015027783625047
1449015027673348464 1449015027833549313
1449015027723330424 1449015027883577435
1449015027773333386 1449015027933581623
1449015027823292792 1449015027983548041
1449015027873346338 1449015028033588661
1449015027923343566 1449015028083603319
1449015027973336328 1449015028133610754
1449015028023330362 1449015028183586885
1449015028073349447 1449015028233597510
1449015028123345212 1449015028283601009
1449015028173349009 1449015028333562062
1449015028223340220 1449015028383584194
1449015028273347675 1449015028433595548
1449015028323330430 1449015028483605909
1449015028373351139 1449015028533584158
1449015028423331843 1449015028583590965
1449015028473346371 1449015028633586292
1449015028523346335 1449015028683606095
1449015028573348348 1449015028733578788
1449015028623347818 1449015028783559966
1449015028673347051 1449015028833617040
1449015028723335683 1449015028883596188
1449015028773314309 1449015028933564988
1449015028823346256 1449015028983606310
1449015028873351463 1449015029033586530
1449015028923331051 1449015029083588365
1449015028973327802 1449015029133574312
1449015029023352937 1449015029183633016
1449015029073317364 1449015029233522680
1449015029123311181 1449015029283567724
1449015029173348678 1449015029333597489
1449015029223346855 1449015029383611469
1449015029273349442 1449015029433607866
1449015029323330828 1449015029483592382
1449015029373311061 1449015029533564463
1449015029423346857 1449015029583596754
1449015029473344971 1449015029633591851
1449015029523344995 1449015029683593560
1449015029573347633 1449015029733592943
1449015029623335370 1449015029783593566
1449015029673341157 1449015029833577775
1449015029723315958 1449015029883596742
1449015029773347685 1449015029933586668
1449015029823347469 1449015029983588423
1449015029873349896 1449015030033594525
1449015029923332618 1449015030083585756
1449015029973346772 1449015030133592012
1449015030023347692 1449015030183606790
1449015030073316880 1449015030233587127
1449015030123345493 1449015030283585518
1449015030173349199 1449015030333596050
1449015030223346775 1449015030383602763
1449015030273348717 1449015030433534853
1449015030323357074 1449015030483610777
1449015030373348376 1449015030533592213
1449015030423339911 1449015030583632205
1449015030473349140 1449015030633592834
1449015030523356926 1449015030683588949
1449015030573347867 1449015030733594784
1449015030623334588 1449015030783588715
1449015030673315563 1449015030833568487
1449015030723346992 1449015030883564219
1449015030773331281 1449015030933605236
1449015030823346443 1449015030983601035
1449015030873344360 1449015031033593269
1449015030923346807 1449015031083605574
1449015030973319369 1449015031133578287
1449015031023347705 1449015031183607672
1449015031073350680 1449015031233601052
1449015031123331311 1449015031283615693
1449015031173352076 1449015031333601869
1449015031223346912 1449015031383608379
1449015031273348326 1449015031433587513
1449015031323347082 1449015031483606972
1449015031373349752 1449015031533596125
1449015031423346737 1449015031583605017
1449015031473345860 1449015031633582403
1449015031523349623 1449015031683617314
1449015031573346494 1449015031733594680
1449015031623314670 1449015031783569608
1449015031673347398 1449015031833593815
1449015031723342853 1449015031883595840
1449015031773349018 1449015031933571299
1449015031823318704 1449015031983580405
1449015031873331735 1449015032033569127
1449015031923348738 1449015032083615450
1449015031973346875 1449015032133596325
1449015032023348159 1449015032183607548
1449015032073348161 1449015032233596595
1449015032123343649 1449015032283602503
1449015032173347315 1449015032333621013
1449015032223346541 1449015032383604921
1449015032273350324 1449015032433602975
1449015032323339137 1449015032483595168
1449015032373346742 1449015032533582103
1449015032423342771 1449015032583580277
1449015032473346461 1449015032633582367
1449015032523344094 1449015032683670458
1449015032573316258 1449015032733553721
1449015032623347608 1449015032783601380
1449015032673348407 1449015032833595692
1449015032723346618 1449015032883607514
1449015032773349506 1449015032933596667
1449015032823331957 1449015032983598252
1449015032873347594 1449015033033606008
1449015032923346503 1449015033083605538
1449015032973316924 1449015033133564874
1449015033023347424 1449015033183599797
1449015033073312881 1449015033233547684
1449015033123347026 1449015033283608343
1449015033173320481 1449015033333525764
1449015033223347266 1449015033383643626
1449015033273350615 1449015033433586103
1449015033323342966 1449015033483603701
1449015033373347016 1449015033533572495
1449015033423329304 1449015033583599755
1449015033473344827 1449015033633576219
1449015033523301875 1449015033683561320
1449015033573349851 1449015033733588603
1449015033623330536 1449015033783591825
1449015033673349473 1449015033833564441
1449015033723313556 1449015033883558920
1449015033773334365 1449015033933551064
1449015033823347636 1449015033983604844
1449015033873344407 1449015034033599974
1449015033923344960 1449015034083626943
1449015033973346999 1449015034133593773
1449015034023346750 1449015034183606175
1449015034073348391 1449015034233595235
1449015034123346458 1449015034283605844
1449015034173349440 1449015034333605812
1449015034223343611 1449015034383604273
1449015034273347886 1449015034433548297
1449015034323344369 1449015034483585978
1449015034373348430 1449015034533646643
1449015034423306853 1449015034583498325
1449015034473300250 1449015034633534391
1449015034523355363 1449015034683614177
1449015034573317384 1449015034733560603
1449015034623346351 1449015034783628612
1449015034673331957 1449015034833560178
1449015034723330007 1449015034883587752
1449015034773349329 1449015034933599761
1449015034823337457 1449015034983596869
1449015034873313834 1449015035033557591
1449015034923345284 1449015035083606356
1449015034973331521 1449015035133602549
1449015035023346626 1449015035183606266
1449015035073345776 1449015035233597223
1449015035123345944 1449015035283605446
1449015035173347920 1449015035333597430
1449015035223329526 1449015035383568358
1449015035273328632 1449015035433540647
1449015035323346113 1449015035483604540
1449015035373343946 1449015035533592641
1449015035423303015 1449015035583547366
1449015035473305739 1449015035633526387
1449015035523345611 1449015035683604278
1449015035573349985 1449015035733595442
1449015035623330953 1449015035783587897
1449015035673339033 1449015035833606978
1449015035723330121 1449015035883583276
1449015035773349279 1449015035933581109
1449015035823330665 1449015035983573877
1449015035873349656 1449015036033595494
1449015035923330707 1449015036083587140
1449015035973347747 1449015036133596365
1449015036023345604 1449015036183609580
1449015036073348939 1449015036233595553
1449015036123329032 1449015036283586346
1449015036173350937 1449015036333599404
1449015036223330742 1449015036383542039
1449015036273333486 1449015036433588355
1449015036323333815 1449015036483592085
1449015036373313958 1449015036533569485
1449015036423346677 1449015036583586979
1449015036473349455 1449015036633586941
1449015036523357057 1449015036683584794
1449015036573350570 1449015036733582643
1449015036623346084 1449015036783613759
1449015036673344723 1449015036833592949
1449015036723354212 1449015036883607694
1449015036773349152 1449015036933583213
1449015036823347306 1449015036983607937
1449015036873346986 1449015037033596563
1449015036923330721 1449015037083589355
1449015036973346491 1449015037133596486
1449015037023346058 1449015037183606142
1449015037073305645 1449015037233545058
1449015037123347217 1449015037283587182
1449015037173345745 1449015037333547553
1449015037223310647 1449015037383488107
1449015037273332992 1449015037433507980
1449015037323348108 1449015037483599594
1449015037373307173 1449015037533535739
1449015037423297188 1449015037583502461
1449015037473274012 1449015037633471492
1449015037523337212 1449015037683596457
1449015037573348879 1449015037733597133
1449015037623345877 1449015037783608697
1449015037673352968 1449015037833602845
1449015037723345953 1449015037883605265
1449015037773350552 1449015037933581600
1449015037823349487 1449015037983600078
1449015037873350274 1449015038033587209
1449015037923330447 1449015038083588185
1449015037973348940 1449015038133597251
1449015038023345728 1449015038183591739
1449015038073348689 1449015038233581234
1449015038123329824 1449015038283598147
1449015038173345478 1449015038333594657
1449015038223332199 1449015038383574957
1449015038273349723 1449015038433598157
1449015038323311030 1449015038483562712
1449015038373348603 1449015038533594716
1449015038423330875 1449015038583545128
1449015038473348212 1449015038633577092
1449015038523344264 1449015038683600179
1449015038573349113 1449015038733606691
1449015038623335190 1449015038783601404
1449015038673355671 1449015038833590314
1449015038723346244 1449015038883587903
1449015038773350191 1449015038933591035
1449015038823348552 1449015038983613487
1449015038873316147 1449015039033499211
1449015038923347860 1449015039083547351
1449015038973322614 1449015039133569274
1449015039023315292 1449015039183561097
