1449015100432538849
1449015100482587919
1449015100532544021
1449015100582578891
1449015100632570483
1449015100682572482
1449015100732560309
1449015100782573457
1449015100832567739
1449015100882539379
1449015100932541820
1449015100982579069
1449015101032557464
1449015101082580354
1449015101132580038
1449015101182576224
1449015101232566868
1449015101282570387
1449015101332551512
1449015101382569157
1449015101432556533
1449015101482571074
1449015101532537319
1449015101582571477
1449015101632528832
1449015101682580491
1449015101732576647
1449015101782566288
1449015101832536274
1449015101882566708
1449015101932532432
1449015101982574989
1449015102032539313
1449015102082575403
1449015102132539329
1449015102182572977
1449015102232530024
1449015102282578201
1449015102332576255
1449015102382577025
1449015102432571169
1449015102482572474
1449015102532560508
1449015102582571100
1449015102632558018
1449015102682569933
1449015102732553992
1449015102782552623
1449015102832530271
1449015102882573089
1449015102932579605
1449015102982575501
1449015103032556275
1449015103082575881
1449015103132555797
1449015103182554919
1449015103232556561
1449015103282573387
1449015103332540320
1449015103382570183
1449015103432530968
1449015103482569584
1449015103532580904
1449015103582573298
1449015103632565592
1449015103682572095
1449015103732556798
1449015103782562429
1449015103832557315
1449015103882581625
1449015103932518668
1449015103982573052
1449015104032528866
1449015104082572082
1449015104132577232
1449015104182539808
1449015104232565949
1449015104282572368
1449015104332537958
1449015104382537732
1449015104432556222
1449015104482573022
1449015104532538512
1449015104582537519
1449015104632501698
1449015104682526174
1449015104732527014
1449015104782572893
1449015104832572346
1449015104882570624
1449015104932528683
1449015104982568919
1449015105032564982
1449015105082574772
1449015105132562238
1449015105182575276
1449015105232542873
1449015105282526611
1449015105332565528
1449015105382534849
1449015105432559811
1449015105482531952
1449015105532554104
1449015105582532182
1449015105632555426
1449015105682569262
1449015105732523520
1449015105782539103
1449015105832522954
1449015105882572969
1449015105932578366
1449015105982573767
1449015106032522896
1449015106082572487
1449015106132565088
1449015106182573448
1449015106232566243
1449015106282574684
1449015106332540033
1449015106382546827
1449015106432541519
1449015106482574328
1449015106532558885
1449015106582569243
1449015106632571282
1449015106682553299
1449015106732560684
1449015106782573377
1449015106832555388
1449015106882582872
1449015106932538212
1449015106982575377
1449015107032540032
1449015107082571221
1449015107132574536
1449015107182572092
1449015107232565238
1449015107282571269
1449015107332555796
1449015107382526360
1449015107432558541
1449015107482569243
1449015107532524019
1449015107582570596
1449015107632539353
1449015107682526011
1449015107732573814
1449015107782572061
1449015107832562427
1449015107882532016
1449015107932559543
1449015107982528658
1449015108032554294
1449015108082571311
1449015108132534936
1449015108182565119
1449015108232536399
1449015108282572001
1449015108332575170
1449015108382573430
1449015108432557656
1449015108482509832
1449015108532558380
1449015108582571401
1449015108632528094
1449015108682570278
1449015108732522234
1449015108782569632
1449015108832525343
1449015108882568426
1449015108932575717
1449015108982571004
1449015109032534666
1449015109082553918
1449015109132557725
1449015109182570715
1449015109232559080
1449015109282564431
1449015109332538643
1449015109382539497
1449015109432543668
1449015109482571859
1449015109532551875
1449015109582553313
1449015109632572896
1449015109682559290
1449015109732554457
1449015109782581803
1449015109832528143
1449015109882573564
1449015109932557612
1449015109982571308
1449015110032522285
1449015110082570375
1449015110132560438
1449015110182566897
1449015110232566524
1449015110282570023
1449015110332572480
1449015110382567440
1449015110432540831
1449015110482516691
1449015110532503974
1449015110582496698
1449015110632504374
1449015110682566309
1449015110732561843
1449015110782572903
1449015110832572497
1449015110882571877
1449015110932555093
1449015110982574024
1449015111032554642
1449015111082571364
1449015111132539560
1449015111182541720
1449015111232539302
1449015111282572088
1449015111332569814
1449015111382573738
1449015111432571091
1449015111482565796
1449015111532573468
1449015111582555565
1449015111632557224
1449015111682543046
1449015111732538724
1449015111782572967
1449015111832537772
1449015111882574530
1449015111932571952
1449015111982574810
1449015112032568303
1449015112082573052
1449015112132555964
1449015112182572790
1449015112232558225
1449015112282571470
1449015112332537969
1449015112382564357
1449015112432538008
1449015112482569327
1449015112532538108
1449015112582525744
1449015112632561019
1449015112682572142
1449015112732559281
1449015112782572760
1449015112832555465
1449015112882574206
1449015112932547630
1449015112982568565
1449015113032540623
1449015113082572771
1449015113132572625
1449015113182575747
1449015113232556575
1449015113282572669
1449015113332556013
1449015113382568309
1449015113432506113
1449015113482569504
1449015113532524654
1449015113582572029
1449015113632521520
1449015113682573452
1449015113732579370
1449015113782573374
1449015113832566189
1449015113882568519
1449015113932561151
1449015113982571953
1449015114032560382
1449015114082552572
1449015114132538431
1449015114182573629
1449015114232539864
1449015114282570595
1449015114332572504
1449015114382571657
1449015114432544844
1449015114482537869
1449015114532567461
1449015114582573610
1449015114632525592
1449015114682539144
1449015114732522438
1449015114782570588
1449015114832520787
1449015114882564146
1449015114932565651
1449015114982577232
1449015115032536745
1449015115082574388
1449015115132535972
1449015115182571939
1449015115232537251
1449015115282572028
1449015115332536826
1449015115382553970
1449015115432540320
1449015115482503155
1449015115532571600
1449015115582574462
1449015115632562145
1449015115682538352
1449015115732554661
1449015115782573548
1449015115832539606
1449015115882574079
1449015115932544547
1449015115982573360
1449015116032538576
1449015116082573456
1449015116132573818
1449015116182569560
1449015116232565622
1449015116282577512
1449015116332559818
1449015116382533697
1449015116432578537
1449015116482571750
1449015116532553874
1449015116582572965
1449015116632536617
1449015116682550350
1449015116732571773
1449015116782572035
1449015116832564843
1449015116882575235
1449015116932555281
1449015116982571312
1449015117032557375
1449015117082574341
1449015117132533804
1449015117182571945
1449015117232537348
1449015117282553028
1449015117332523643
1449015117382566418
1449015117432528798
1449015117482538310
1449015117532532632
1449015117582570486
1449015117632538418
1449015117682540674
1449015117732542189
1449015117782572623
1449015117832540729
1449015117882574142
1449015117932572106
1449015117982574128
1449015118032560592
1449015118082576540
1449015118132573731
1449015118182571210
1449015118232552008
1449015118282526097
1449015118332540024
1449015118382570621
1449015118432538967
1449015118482554845
1449015118532565113
1449015118582571275
1449015118632572753
1449015118682554990
1449015118732558075
1449015118782553924
1449015118832556190
1449015118882570003
1449015118932541012
1449015118982541120
1449015119032554458
1449015119082568619
1449015119132560618
1449015119182562922
1449015119232519023
1449015119282570361
1449015119332555726
1449015119382571947
1449015119432556076
1449015119482573046
1449015119532553212
1449015119582572825
1449015119632538762
1449015119682572931
1449015119732534970
1449015119782572092
1449015119832570296
1449015119882579257
1449015119932566907
1449015119982572010
1449015120032557489
1449015120082519227
1449015120132550071
1449015120182556394
1449015120232536122
1449015120282574945
1449015120332570860
1449015120382573364
1449015120432566329
1449015120482568285
1449015120532540049
1449015120582574111
1449015120632557388
1449015120682574481
1449015120732524195
1449015120782574070
1449015120832536760
1449015120882572252
1449015120932573900
1449015120982571760
1449015121032566048
1449015121082568946
1449015121132568937
1449015121182535276
1449015121232555009
1449015121282572884
1449015121332535270
1449015121382569636
1449015121432537090
1449015121482536046
1449015121532534306
1449015121582562111
1449015121632535338
1449015121682550831
1449015121732524349
1449015121782570866
1449015121832521883
1449015121882568984
1449015121932536138
1449015121982587352
1449015122032541252
1449015122082569461
1449015122132553322
1449015122182571658
1449015122232558660
1449015122282571738
1449015122332553585
1449015122382568313
1449015122432543565
1449015122482573881
1449015122532554225
1449015122582572457
1449015122632535996
1449015122682575544
1449015122732535979
1449015122782572419
1449015122832570987
1449015122882517798
1449015122932505846
1449015122982557037
1449015123032556961
1449015123082567419
1449015123132536307
1449015123182571538
1449015123232535521
1449015123282571447
1449015123332571388
1449015123382583684
1449015123432557323
1449015123482563271
1449015123532554064
1449015123582571195
1449015123632540099
1449015123682571455
1449015123732537676
1449015123782573769
1449015123832539814
1449015123882575175
1449015123932573212
1449015123982536473
1449015124032556924
1449015124082521622
1449015124132552697
1449015124182570095
1449015124232538986
1449015124282567435
1449015124332538180
1449015124382571042
1449015124432536739
1449015124482575903
1449015124532553640
1449015124582563811
1449015124632552123
1449015124682573242
1449015124732559646
1449015124782580187
1449015124832552225
1449015124882568199
1449015124932528841
1449015124982567637
1449015125032529469
1449015125082569898
1449015125132571306
1449015125182570813
1449015125232509439
1449015125282570722
1449015125332557250
1449015125382573358
1449015125432539362
1449015125482533660
1449015125532555251
1449015125582571188
1449015125632559994
1449015125732548504
1449015125782508072
1449015125832510003
1449015125882571303
1449015125932557887
1449015125982569221
1449015126032556266
1449015126082552726
1449015126132536213
1449015126182572771
1449015126232537994
1449015126282502551
1449015126332565525
1449015126382528950
1449015126432509147
1449015126482572465
1449015126532535810
1449015126582570787
1449015126632555811
1449015126682543187
1449015126732536604
1449015126782556223
1449015126832537762
1449015126882538910
1449015126932554583
1449015126982545788
1449015127032579166
1449015127082555125
1449015127132562720
1449015127182573028
1449015127232539921
1449015127282568284
1449015127332557524
1449015127382572195
1449015127432538981
1449015127482572001
1449015127532536355
1449015127582530369
1449015127632553763
1449015127682571234
1449015127732556148
1449015127782573235
1449015127832540559
1449015127882569405
1449015127932537949
1449015127982535164
1449015128032536184
1449015128082569297
1449015128132573625
1449015128182572320
1449015128232523845
1449015128282574277
1449015128332536780
1449015128382540009
1449015128432542072
1449015128482541756
1449015128532538850
1449015128582526413
1449015128632521113
1449015128682529587
1449015128732570106
1449015128782527682
1449015128832529925
1449015128882538616
1449015128932541681
1449015128982528081
1449015129032542622
1449015129082572438
1449015129132538158
1449015129182541430
1449015129232540967
1449015129282574822
1449015129332573243
1449015129382544666
1449015129432567897
1449015129482565476
1449015129532537340
1449015129582538614
1449015129632552601
1449015129682572106
1449015129732548668
1449015129782572537
1449015129832540312
1449015129882568617
