1449015009723353973
1449015009773361706
1449015009823344408
1449015009873316823
1449015009923348717
1449015009973345023
1449015010023349575
1449015010073317169
1449015010123337948
1449015010173350250
1449015010223344739
1449015010273329169
1449015010323348801
1449015010373354375
1449015010423306655
1449015010473360645
1449015010523335784
1449015010573356626
1449015010623351415
1449015010673348710
1449015010723349891
1449015010773348907
1449015010823358911
1449015010873321350
1449015010923348610
1449015010973347619
1449015011023348055
1449015011073347645
1449015011123348953
1449015011173347464
1449015011223348909
1449015011273347921
1449015011323348019
1449015011373316402
1449015011423346993
1449015011473344987
1449015011523314612
1449015011573348925
1449015011623353126
1449015011673348901
1449015011723346189
1449015011773351837
1449015011823348534
1449015011873348241
1449015011923348874
1449015011973320969
1449015012023345616
1449015012073348758
1449015012123348726
1449015012173349806
1449015012223347245
1449015012273351055
1449015012323346884
1449015012373351555
1449015012423346071
1449015012473331045
1449015012523352685
1449015012573350224
1449015012623358956
1449015012673346656
1449015012723357438
1449015012773349699
1449015012823354965
1449015012873350410
1449015012923349609
1449015012973346293
1449015013023349455
1449015013073320591
1449015013123342014
1449015013173345239
1449015013223316044
1449015013273348693
1449015013323346987
1449015013373345966
1449015013423335637
1449015013473333925
1449015013523359698
1449015013573348748
1449015013623350045
1449015013673357714
1449015013723350178
1449015013773349669
1449015013823350027
1449015013873354472
1449015013923350398
1449015013973333437
1449015014023349064
1449015014073350605
1449015014123351636
1449015014173349806
1449015014223347542
1449015014273316473
1449015014323348531
1449015014373330819
1449015014423315305
1449015014473350743
1449015014523350454
1449015014573350782
1449015014623348151
1449015014673349957
1449015014723352343
1449015014773349866
1449015014823360267
1449015014873351526
1449015014923347093
1449015014973348458
1449015015023345720
1449015015073349951
1449015015123348195
1449015015173351046
1449015015223347279
1449015015273314800
1449015015323330376
1449015015373315320
1449015015423307434
1449015015473357301
1449015015523354516
1449015015573362997
1449015015623349832
1449015015673351510
1449015015723352577
1449015015773353715
1449015015823352169
1449015015873353286
1449015015923353688
1449015015973343126
1449015016023350136
1449015016073340342
1449015016123346257
1449015016173355412
1449015016223350392
1449015016273335670
1449015016323352861
1449015016373357953
1449015016423354116
1449015016473355942
1449015016523352529
1449015016573349984
1449015016623354145
1449015016673361272
1449015016723352768
1449015016773361800
1449015016823349744
1449015016873336137
1449015016923349536
1449015016973353119
1449015017023350243
1449015017073317320
1449015017123350116
1449015017173350521
1449015017223325526
1449015017273353110
1449015017323342243
1449015017373356323
1449015017423312916
1449015017473350379
1449015017523346465
1449015017573349490
1449015017623313743
1449015017673348116
1449015017723349073
1449015017773350447
1449015017823351838
1449015017873351793
1449015017923347231
1449015017973334139
1449015018023346776
1449015018073351778
1449015018123346902
1449015018173335160
1449015018223349373
1449015018273346401
1449015018323353689
1449015018373354703
1449015018423353862
1449015018473326816
1449015018523355272
1449015018573353014
1449015018623354482
1449015018673349680
1449015018723355133
1449015018773352963
1449015018823355276
1449015018873351088
1449015018923313939
1449015018973350957
1449015019023351770
1449015019073350231
1449015019123337955
1449015019173331017
1449015019223357679
1449015019273349879
1449015019323348257
1449015019373348990
1449015019423350181
1449015019473349878
1449015019523348546
1449015019573352373
1449015019623346905
1449015019673349152
1449015019723349654
1449015019773346047
1449015019823347749
1449015019873350534
1449015019923346700
1449015019973344790
1449015020023348029
1449015020073288889
1449015020123309962
1449015020173357207
1449015020223349207
1449015020273348449
1449015020323349804
1449015020373349464
1449015020423343031
1449015020473348782
1449015020523338046
1449015020573350402
1449015020623349434
1449015020673346245
1449015020723349764
1449015020773319166
1449015020823316545
1449015020873310630
1449015020923346469
1449015020973346721
1449015021023347711
1449015021073330888
1449015021123316887
1449015021173349840
1449015021223348953
1449015021273331548
1449015021323350910
1449015021373349612
1449015021423349312
1449015021473350359
1449015021523349873
1449015021573349991
1449015021623349682
1449015021673358065
1449015021723359423
1449015021773350477
1449015021823343109
1449015021873357757
1449015021923346817
1449015021973331430
1449015022023309608
1449015022073349149
1449015022123349635
1449015022173350218
1449015022223349086
1449015022273349375
1449015022323348558
1449015022373348349
1449015022423348641
1449015022473350416
1449015022523346512
1449015022573348317
1449015022623349792
1449015022673349880
1449015022723346480
1449015022773348954
1449015022823344849
1449015022873346204
1449015022923330854
1449015022973311949
1449015023023348386
1449015023073333671
1449015023123347540
1449015023173332187
1449015023223346922
1449015023273348907
1449015023323344322
1449015023373349354
1449015023423346366
1449015023473351098
1449015023523357871
1449015023573351852
1449015023623346324
1449015023673349770
1449015023723346821
1449015023773349930
1449015023823346483
1449015023873343812
1449015023923332284
1449015023973319129
1449015024023346565
1449015024073348531
1449015024123347089
1449015024173347047
1449015024223346591
1449015024273349519
1449015024323308992
1449015024373351138
1449015024423347064
1449015024473349538
1449015024523356899
1449015024573349717
1449015024623346688
1449015024673349002
1449015024723346588
1449015024773349719
1449015024823344098
1449015024873312581
1449015024923337873
1449015024973314545
1449015025023329567
1449015025073313368
1449015025123331350
1449015025173330476
1449015025223316255
1449015025273346886
1449015025323331035
1449015025373330979
1449015025423312846
1449015025473318313
1449015025523315345
1449015025573353900
1449015025623346014
1449015025673335428
1449015025723347974
1449015025773347641
1449015025823321032
1449015025873353701
1449015025923348771
1449015025973346584
1449015026023349753
1449015026073348247
1449015026123332600
1449015026173350368
1449015026223348301
1449015026273348156
1449015026323346771
1449015026373348529
1449015026423313431
1449015026473291356
1449015026523302629
1449015026573348882
1449015026623336870
1449015026673350338
1449015026723345572
1449015026773328992
1449015026823331463
1449015026873340561
1449015026923347478
1449015026973346738
1449015027023343596
1449015027073335762
1449015027123347046
1449015027173349015
1449015027223347834
1449015027273350792
1449015027323347051
1449015027373336592
1449015027423330119
1449015027473348836
1449015027523349452
1449015027573349019
1449015027623347393
1449015027673348464
1449015027723330424
1449015027773333386
1449015027823292792
1449015027873346338
1449015027923343566
1449015027973336328
1449015028023330362
1449015028073349447
1449015028123345212
1449015028173349009
1449015028223340220
1449015028273347675
1449015028323330430
1449015028373351139
1449015028423331843
1449015028473346371
1449015028523346335
1449015028573348348
1449015028623347818
1449015028673347051
1449015028723335683
1449015028773314309
1449015028823346256
1449015028873351463
1449015028923331051
1449015028973327802
1449015029023352937
1449015029073317364
1449015029123311181
1449015029173348678
1449015029223346855
1449015029273349442
1449015029323330828
1449015029373311061
1449015029423346857
1449015029473344971
1449015029523344995
1449015029573347633
1449015029623335370
1449015029673341157
1449015029723315958
1449015029773347685
1449015029823347469
1449015029873349896
1449015029923332618
1449015029973346772
1449015030023347692
1449015030073316880
1449015030123345493
1449015030173349199
1449015030223346775
1449015030273348717
1449015030323357074
1449015030373348376
1449015030423339911
1449015030473349140
1449015030523356926
1449015030573347867
1449015030623334588
1449015030673315563
1449015030723346992
1449015030773331281
1449015030823346443
1449015030873344360
1449015030923346807
1449015030973319369
1449015031023347705
1449015031073350680
1449015031123331311
1449015031173352076
1449015031223346912
1449015031273348326
1449015031323347082
1449015031373349752
1449015031423346737
1449015031473345860
1449015031523349623
1449015031573346494
1449015031623314670
1449015031673347398
1449015031723342853
1449015031773349018
1449015031823318704
1449015031873331735
1449015031923348738
1449015031973346875
1449015032023348159
1449015032073348161
1449015032123343649
1449015032173347315
1449015032223346541
1449015032273350324
1449015032323339137
1449015032373346742
1449015032423342771
1449015032473346461
1449015032523344094
1449015032573316258
1449015032623347608
1449015032673348407
1449015032723346618
1449015032773349506
1449015032823331957
1449015032873347594
1449015032923346503
1449015032973316924
1449015033023347424
1449015033073312881
1449015033123347026
1449015033173320481
1449015033223347266
1449015033273350615
1449015033323342966
1449015033373347016
1449015033423329304
1449015033473344827
1449015033523301875
1449015033573349851
1449015033623330536
1449015033673349473
1449015033723313556
1449015033773334365
1449015033823347636
1449015033873344407
1449015033923344960
1449015033973346999
1449015034023346750
1449015034073348391
1449015034123346458
1449015034173349440
1449015034223343611
1449015034273347886
1449015034323344369
1449015034373348430
1449015034423306853
1449015034473300250
1449015034523355363
1449015034573317384
1449015034623346351
1449015034673331957
1449015034723330007
1449015034773349329
1449015034823337457
1449015034873313834
1449015034923345284
1449015034973331521
1449015035023346626
1449015035073345776
1449015035123345944
1449015035173347920
1449015035223329526
1449015035273328632
1449015035323346113
1449015035373343946
1449015035423303015
1449015035473305739
1449015035523345611
1449015035573349985
1449015035623330953
1449015035673339033
1449015035723330121
1449015035773349279
1449015035823330665
1449015035873349656
1449015035923330707
1449015035973347747
1449015036023345604
1449015036073348939
1449015036123329032
1449015036173350937
1449015036223330742
1449015036273333486
1449015036323333815
1449015036373313958
1449015036423346677
1449015036473349455
1449015036523357057
1449015036573350570
1449015036623346084
1449015036673344723
1449015036723354212
1449015036773349152
1449015036823347306
1449015036873346986
1449015036923330721
1449015036973346491
1449015037023346058
1449015037073305645
1449015037123347217
1449015037173345745
1449015037223310647
1449015037273332992
1449015037323348108
1449015037373307173
1449015037423297188
1449015037473274012
1449015037523337212
1449015037573348879
1449015037623345877
1449015037673352968
1449015037723345953
1449015037773350552
1449015037823349487
1449015037873350274
1449015037923330447
1449015037973348940
1449015038023345728
1449015038073348689
1449015038123329824
1449015038173345478
1449015038223332199
1449015038273349723
1449015038323311030
1449015038373348603
1449015038423330875
1449015038473348212
1449015038523344264
1449015038573349113
1449015038623335190
1449015038673355671
1449015038723346244
1449015038773350191
1449015038823348552
1449015038873316147
1449015038923347860
1449015038973322614
1449015039023315292
1449015039073293743
1449015039123327272
1449015039173333397
