1449015633006623127 1449015633006875709
1449015633056631089 1449015633206902639
1449015633106606271 1449015633206946572
1449015633156624534 1449015633206966838
1449015633206639723 1449015633206982791
1449015633256617267 1449015641988472916
1449015633306639656 1449015641988529478
1449015633356640863 1449015641988546623
1449015633406642057 1449015641988561981
1449015633456618401 1449015641988578519
1449015633506641432 1449015641988594301
1449015633556639402 1449015641988608216
1449015633606640709 1449015641988622582
1449015633656618443 1449015641988636687
1449015633706640859 1449015641988651488
1449015633756643880 1449015641988669358
1449015633806640481 1449015641988684706
1449015633856616952 1449015641988700856
1449015633906636962 1449015641988715877
1449015633956626590 1449015641988732705
1449015634006621730 1449015641988753482
1449015634056608388 1449015641988771710
1449015634106638548 1449015641988789935
1449015634156604475 1449015641988806075
1449015634206640244 1449015641988823919
1449015634256606469 1449015641988842902
1449015634306639402 1449015641988858637
1449015634356603057 1449015641988873401
1449015634406640009 1449015641988888585
1449015634456619046 1449015641988906573
1449015634506640145 1449015641988924690
1449015634556638409 1449015641988943610
1449015634606639149 1449015641988961444
1449015634656617354 1449015641988978803
1449015634706641828 1449015641988996453
1449015634756639698 1449015641989013010
1449015634806636415 1449015641989028085
1449015634856608620 1449015641989043236
1449015634906635252 1449015641989058099
1449015634956605065 1449015641989076508
1449015635006639845 1449015641989093165
1449015635056619747 1449015641989109636
1449015635106640024 1449015641989124403
1449015635156639471 1449015641989140439
1449015635206640749 1449015641989158220
1449015635256618139 1449015641989174857
1449015635306641727 1449015641989191375
1449015635356638859 1449015641989207247
1449015635406640744 1449015641989224430
1449015635456617937 1449015641989243059
1449015635506639658 1449015641989262205
1449015635556639004 1449015641989278215
1449015635606641595 1449015641989294646
1449015635656618865 1449015641989312182
1449015635706642065 1449015641989331005
1449015635756639110 1449015641989346717
1449015635806637745 1449015641989367681
1449015635856608396 1449015641989383931
1449015635906621581 1449015641989400997
1449015635956647898 1449015641989417106
1449015636006640860 1449015641989431663
1449015636056617703 1449015641989445424
1449015636106642360 1449015641989459436
1449015636156639264 1449015641989473758
1449015636206641691 1449015641989489688
1449015636256617581 1449015641989533380
1449015636306640394 1449015641989551401
1449015636356606823 1449015641989568383
1449015636406636084 1449015641989583564
1449015636456616146 1449015641989597986
1449015636506639922 1449015641989612135
1449015636556638971 1449015641989626324
1449015636606644338 1449015641989642507
1449015636656607656 1449015641989657668
1449015636706603842 1449015641989673207
1449015636756609553 1449015641989687830
1449015636806624211 1449015641989701722
1449015636856610758 1449015641989717594
1449015636906644028 1449015641989733113
1449015636956606859 1449015641989747292
1449015637006641913 1449015641989761564
1449015637056616286 1449015641989775813
1449015637106641521 1449015641989792711
1449015637156639217 1449015641989808991
1449015637206640251 1449015641989823688
1449015637256607298 1449015641989837757
1449015637306637317 1449015641989852206
1449015637356638254 1449015641989867918
1449015637406579538 1449015641989884907
1449015637456607958 1449015641989900355
1449015637506642050 1449015641989914601
1449015637556638667 1449015641989929080
1449015637606638301 1449015641989944428
1449015637656614254 1449015641989962169
1449015637706636553 1449015641989977430
1449015637756606199 1449015641989992267
1449015637806643334 1449015641990006322
1449015637856608273 1449015641990020140
1449015637906639979 1449015641990036230
1449015637956639656 1449015641990052948
1449015638006642761 1449015641990067300
1449015638056614783 1449015641990081479
1449015638106640780 1449015641990095695
1449015638156639962 1449015641990132608
1449015638206643375 1449015641990149927
1449015638256613178 1449015641990164517
1449015638306639098 1449015641990178375
1449015638356639390 1449015641990197238
1449015638406604095 1449015641990215025
1449015638456610023 1449015641990229919
1449015638506638472 1449015641990244094
1449015638556638563 1449015641990258430
1449015638606636894 1449015641990276017
1449015638656607188 1449015641990291772
1449015638706641340 1449015641990307615
1449015638756639798 1449015641990321998
1449015638806637855 1449015641990336079
1449015638856608650 1449015641990352340
1449015638906639157 1449015641990369385
1449015638956638885 1449015641990384867
1449015639006641589 1449015641990399664
1449015639056610055 1449015641990413846
1449015639106640887 1449015641990429795
1449015639156642321 1449015641990446520
1449015639206638861 1449015641990461383
1449015639256606496 1449015641990475569
1449015639306643284 1449015641990489394
1449015639356639346 1449015641990504117
1449015639406638613 1449015641990520568
1449015639456609522 1449015641990535481
1449015639506622723 1449015641990549303
1449015639556605405 1449015641990562813
1449015639606605694 1449015641990576795
1449015639656606356 1449015641990594071
1449015639706636145 1449015641990609753
1449015639756631439 1449015641990624106
1449015639806643565 1449015641990637894
1449015639856610164 1449015641990651418
1449015639906638322 1449015641990666505
1449015639956638801 1449015641990682622
1449015640006611604 1449015641990698143
1449015640056609287 1449015641990712352
1449015640106641241 1449015641990727029
1449015640156638954 1449015641990742718
1449015640206639713 1449015641990760248
1449015640256609129 1449015641990776204
1449015640306605285 1449015641990790840
1449015640356640202 1449015641990805607
1449015640406634286 1449015641990820791
1449015640456609632 1449015641990839624
1449015640506622162 1449015641991141398
1449015640556639963 1449015641991168272
1449015640606638154 1449015641991183256
1449015640656608421 1449015641991197215
1449015640706641230 1449015641991212690
1449015640756638001 1449015641991230808
1449015640806641610 1449015641991246303
1449015640856609295 1449015641991260421
1449015640906640323 1449015641991277373
1449015640956640522 1449015641991292250
1449015641006640306 1449015641991309409
1449015641056607146 1449015641991324627
1449015641106639808 1449015641991338659
1449015641156642121 1449015641991352904
1449015641206641053 1449015641991366525
1449015641256608598 1449015641991381780
1449015641306637063 1449015641991397282
1449015641356633781 1449015641991411925
1449015641406617148 1449015641991425957
1449015641456606131 1449015641991440463
1449015641506630591 1449015641991455798
1449015641556638540 1449015641991473164
1449015641606641171 1449015641991488411
1449015641656609557 1449015641991502837
1449015641706638598 1449015641991517036
1449015641756639013 1449015641991532906
1449015641806640845 1449015641991550295
1449015641856608497 1449015641991566555
1449015641906642044 1449015641991581987
1449015641956638654 1449015641991598417
1449015642006637867 1449015642006870451
1449015642056609691 1449015642056841073
1449015642106640025 1449015642106873113
1449015642156639939 1449015642156874043
1449015642206639877 1449015642206872829
1449015642256610114 1449015642256863502
1449015642306637795 1449015642306861612
1449015642356611353 1449015642356840763
1449015642406597827 1449015642406786699
1449015642456607871 1449015642456843238
1449015642506640286 1449015642506883932
1449015642556608933 1449015642556838630
1449015642606640960 1449015642606904234
1449015642656612537 1449015642656842488
1449015642706641147 1449015642706875809
1449015642756639939 1449015642836426397
1449015642806640839 1449015642836485046
1449015642856608744 1449015642856835501
1449015642906641179 1449015642906873529
1449015642956640442 1449015642956906221
1449015643006641963 1449015643006877651
1449015643056611910 1449015643056841109
1449015643106640008 1449015643106881055
1449015643156639609 1449015643268408307
1449015643206621372 1449015643268468808
1449015643256609670 1449015643268512363
1449015643306611238 1449015643306870028
1449015643356646125 1449015643356878258
1449015643406579243 1449015643406709022
1449015643456611503 1449015643456842263
1449015643506643580 1449015643506883501
1449015643556639994 1449015643556872126
1449015643606635435 1449015643708393065
1449015643656608281 1449015643708450531
1449015643706638427 1449015643708468926
1449015643756640022 1449015643756873334
1449015643806638958 1449015643806876306
1449015643856607337 1449015643856846817
1449015643906640912 1449015643906871691
1449015643956639660 1449015643956872358
1449015644006641111 1449015644006905133
1449015644056609508 1449015644056842018
1449015644106638966 1449015644106880557
1449015644156639702 1449015644156875139
1449015644206620908 1449015644206849887
1449015644256609577 1449015644256816499
1449015644306641443 1449015644306877134
1449015644356644559 1449015644456868566
1449015644406644924 1449015644456917891
1449015644456610908 1449015644456938043
1449015644506645896 1449015644506875416
1449015644556647190 1449015644556883308
1449015644606643082 1449015644606880413
1449015644656613616 1449015644656846554
1449015644706644094 1449015644760438312
1449015644756644172 1449015644760498061
1449015644806645399 1449015644860423294
1449015644856623808 1449015644860483033
1449015644906643578 1449015644906879803
1449015644956643993 1449015644956883232
1449015645006642568 1449015645006879385
1449015645056612932 1449015645056871381
1449015645106625736 1449015645106864611
1449015645156608321 1449015645156839452
1449015645206643836 1449015645272392094
1449015645256612617 1449015645272452478
1449015645306645139 1449015645306883496
1449015645356645574 1449015645356880400
1449015645406644697 1449015645406905438
1449015645456581941 1449015645456703865
1449015645506633447 1449015645560389169
1449015645556642012 1449015645560450918
1449015645606644712 1449015645606881192
1449015645656611254 1449015645656843371
1449015645706643756 1449015645706880697
1449015645756645234 1449015645756907879
1449015645806644694 1449015645806881194
1449015645856611794 1449015645856843206
1449015645906641827 1449015645906880478
1449015645956642894 1449015645956878959
1449015646006641816 1449015646006879188
1449015646056609525 1449015646056840936
1449015646106644392 1449015646106914086
1449015646156647968 1449015646208351704
1449015646206640008 1449015646208404310
1449015646256607305 1449015646256900376
1449015646306640408 1449015646306876670
1449015646356639227 1449015646356872292
1449015646406639468 1449015646406878176
1449015646456607400 1449015646532338977
1449015646506639588 1449015646532401185
1449015646556638661 1449015646556872250
1449015646606640827 1449015646606874286
1449015646656606373 1449015646656828387
1449015646706635200 1449015646706873123
1449015646756639344 1449015646756872757
1449015646806632734 1449015646806889913
1449015646856603031 1449015646856830717
1449015646906634440 1449015646906866640
1449015646956623724 1449015646956858042
1449015647006647075 1449015647006848532
1449015647056610266 1449015647056838049
1449015647106641001 1449015647106873855
1449015647156638921 1449015647156896658
1449015647206641398 1449015647206872702
1449015647256607492 1449015647256834670
1449015647306637642 1449015647306873256
1449015647356620892 1449015647356849039
1449015647406637798 1449015647406872300
1449015647456610384 1449015647456843285
1449015647506637904 1449015647506907231
1449015647556638654 1449015647556872107
1449015647606604735 1449015647606850496
1449015647656607376 1449015647656843972
1449015647706582928 1449015647706732193
1449015647756641125 1449015647756881540
1449015647806605790 1449015647806847591
1449015647856622469 1449015647856879037
1449015647906604302 1449015647906842522
1449015647956639356 1449015647956871860
1449015648006639665 1449015648156898569
1449015648056605886 1449015648156947393
1449015648106638756 1449015648156969012
1449015648156638874 1449015648156989355
1449015648206638895 1449015648207120614
1449015648256605351 1449015648256835856
1449015648306614843 1449015648306867002
1449015648356644449 1449015648356878432
1449015648406637163 1449015648406863520
1449015648456613782 1449015648456843693
1449015648506642411 1449015648506874768
1449015648556638724 1449015648556871746
1449015648606639190 1449015648660427929
1449015648656606487 1449015648660487100
1449015648706635955 1449015648706869642
1449015648756623468 1449015648756860192
1449015648806621512 1449015648806857493
1449015648856625783 1449015648856876404
1449015648906638884 1449015648906873646
1449015648956640135 1449015648956872846
1449015649006636468 1449015649076393696
1449015649056607069 1449015649076451985
1449015649106639157 1449015649106881285
1449015649156639903 1449015649156901209
1449015649206638220 1449015649260463823
1449015649256606857 1449015649260531670
1449015649306641394 1449015649306882166
1449015649356625108 1449015649356863358
1449015649406639996 1449015649406889302
1449015649456608102 1449015649456845059
1449015649506639154 1449015649506903202
1449015649556623476 1449015649556861900
1449015649606636283 1449015649606884523
1449015649656608308 1449015649656843955
1449015649706621930 1449015649706862619
1449015649756592157 1449015649756825135
1449015649806637040 1449015649806878474
1449015649856634737 1449015649856895204
1449015649906639636 1449015649906880572
1449015649956590225 1449015649956825291
1449015650006639251 1449015650006882492
1449015650056606718 1449015650056840027
1449015650106639073 1449015650106849921
1449015650156585917 1449015650156821732
1449015650206641050 1449015650206903131
1449015650256615601 1449015650256849618
1449015650306638825 1449015650360409904
1449015650356608691 1449015650360469098
1449015650406640655 1449015650406851429
1449015650456606388 1449015650456815479
1449015650506620305 1449015650506831841
1449015650556633426 1449015650556868843
1449015650606633574 1449015650606848251
1449015650656605943 1449015650656805001
1449015650706638942 1449015650706841899
1449015650756638877 1449015650756849280
1449015650806641557 1449015650806860056
1449015650856597452 1449015650856759085
1449015650906589525 1449015650906759187
1449015650956633182 1449015650956846479
1449015651006642836 1449015651006852875
1449015651056594504 1449015651056761118
1449015651106635315 1449015651106843289
1449015651156635092 1449015651156842529
1449015651206596128 1449015651206762840
1449015651256603827 1449015651256865748
1449015651306642713 1449015651306878271
1449015651356640663 1449015651356874032
1449015651406639292 1449015651406873279
1449015651456607808 1449015651456840740
1449015651506635302 1449015651506871654
1449015651556640308 1449015651556875140
1449015651606623775 1449015651606890824
1449015651656606384 1449015651656844597
1449015651706646419 1449015651706882077
1449015651756640053 1449015651756865133
1449015651806640331 1449015651860384296
1449015651856635903 1449015651860449621
1449015651906636789 1449015651906878674
1449015651956641501 1449015651956893640
1449015652006637504 1449015652006865667
1449015652056606785 1449015652056835156
1449015652106639023 1449015652106875349
1449015652156641734 1449015652156875046
1449015652206639403 1449015652206874022
1449015652256622456 1449015652256853366
1449015652306639236 1449015652360359232
1449015652356640062 1449015652360417281
1449015652406636141 1449015652406869704
1449015652456607010 1449015652456836223
1449015652506635690 1449015652506877728
1449015652556604029 1449015652556834662
1449015652606635275 1449015652606867705
1449015652656620760 1449015652656879075
1449015652706640259 1449015652706872515
1449015652756640173 1449015652756871591
1449015652806639977 1449015652860389127
1449015652856621169 1449015652860478045
1449015652906641213 1449015652906876830
1449015652956640038 1449015652956874750
1449015653006640374 1449015653006904916
1449015653056606729 1449015653056835424
1449015653106639768 1449015653160405519
1449015653156639716 1449015653160463290
1449015653206605253 1449015653206832137
1449015653256606727 1449015653256837076
1449015653306636453 1449015653306868779
1449015653356605791 1449015653356845431
1449015653406620362 1449015653406853517
1449015653456606078 1449015653456828175
1449015653506603403 1449015653606894496
1449015653556638581 1449015653606941352
1449015653606638759 1449015653606960174
1449015653656605525 1449015653756896895
1449015653706635508 1449015653756942211
1449015653756638940 1449015653756962253
1449015653806641711 1449015653806874429
1449015653856606489 1449015653856837009
1449015653906638052 1449015653906871912
1449015653956639844 1449015653956874282
1449015654006639358 1449015654006873983
1449015654056607393 1449015654056862659
1449015654106640827 1449015654106875346
1449015654156622186 1449015654156855876
1449015654206634873 1449015654206868296
1449015654256605468 1449015654256838045
1449015654306607527 1449015654360407001
1449015654356617073 1449015654360464294
1449015654406611693 1449015654406864987
1449015654456605533 1449015654456821179
1449015654506638877 1449015654506872857
1449015654556639376 1449015654556871118
1449015654606639782 1449015654606873398
1449015654656607476 1449015654656840150
1449015654706640817 1449015654706874166
1449015654756639876 1449015654756902027
1449015654806636476 1449015654806868903
1449015654856623525 1449015654856856216
1449015654906639061 1449015654906871896
1449015654956639871 1449015654956873040
1449015655006640935 1449015655006875443
1449015655056606859 1449015655056840061
1449015655106638282 1449015655106900770
1449015655156640321 1449015655156876910
1449015655206636290 1449015655206876234
1449015655256607112 1449015655256842238
1449015655306631445 1449015655306874552
1449015655356605243 1449015655356846353
1449015655406639983 1449015655406879967
1449015655456605370 1449015655508370165
1449015655506638730 1449015655508422036
1449015655556642042 1449015655556852469
1449015655606639548 1449015655606850947
1449015655656606117 1449015655656814342
1449015655706640453 1449015655706848066
1449015655756639442 1449015655756851646
1449015655806639109 1449015655806872458
1449015655856604612 1449015655856814982
1449015655906640675 1449015655906848529
1449015655956640850 1449015655956856883
1449015656006642749 1449015656006850724
1449015656056622194 1449015656056831455
1449015656106636434 1449015656106846220
1449015656156639476 1449015656156871882
1449015656206635558 1449015656206852664
1449015656256607402 1449015656256815213
1449015656306637786 1449015656360408267
1449015656356639087 1449015656360466165
1449015656406638828 1449015656406857533
1449015656456623658 1449015656456831552
1449015656506602160 1449015656506834708
1449015656556640689 1449015656556875057
1449015656606642882 1449015656606879468
1449015656656612565 1449015656656848416
1449015656706645444 1449015656706880026
1449015656756644369 1449015656756881250
1449015656806644979 1449015656806880299
1449015656856609720 1449015656856869743
1449015656906648226 1449015656906884000
1449015656956642527 1449015656956876224
1449015657006644019 1449015657006879676
1449015657056610785 1449015657056843131
1449015657106642160 1449015657106876512
1449015657156627762 1449015657156863440
1449015657206620100 1449015657206879474
1449015657256607870 1449015657308427843
1449015657306643539 1449015657308487148
1449015657356643460 1449015657408428254
1449015657406644210 1449015657408487050
1449015657456610872 1449015657456812265
1449015657506646568 1449015657506891693
1449015657556643145 1449015657556903682
1449015657606638940 1449015657606869673
1449015657656605696 1449015657656830375
1449015657706637760 1449015657706870751
1449015657756639258 1449015657756876569
1449015657806604778 1449015657806833720
1449015657856607098 1449015657856838803
1449015657906636208 1449015657906893475
1449015657956639714 1449015657956872028
1449015658006636532 1449015658006877738
1449015658056608503 1449015658056839827
1449015658106622001 1449015658106848933
1449015658156607964 1449015658156842052
1449015658206636056 1449015658206869933
1449015658256605655 1449015658256869493
1449015658306638090 1449015658384360329
1449015658356636103 1449015658384419567
1449015658406635597 1449015658406871635
1449015658456606098 1449015658456839905
1449015658506638326 1449015658576377774
1449015658556641260 1449015658576436166
1449015658606638248 1449015658606897884
1449015658656602295 1449015658656819828
1449015658706638612 1449015658706872783
1449015658756637928 1449015658756875229
1449015658806636252 1449015658828431392
1449015658856623161 1449015658856853292
1449015658906635584 1449015658906867857
1449015658956639614 1449015658956893850
1449015659006636401 1449015659006867993
1449015659056667493 1449015659056922592
1449015659106683207 1449015659106919877
1449015659156640047 1449015659156867937
1449015659206635989 1449015659206877644
1449015659256622503 1449015659256853607
1449015659306637936 1449015659306875816
1449015659356639702 1449015659356871905
1449015659406637688 1449015659406870048
1449015659456607294 1449015659456830226
1449015659506638289 1449015659506869917
1449015659556640171 1449015659556873427
1449015659606638943 1449015659606873074
1449015659656608656 1449015659656838370
1449015659706639591 1449015659706881222
