1449009860242554161 1449009860242793808
1449009860292569955 1449009860292818702
1449009860342559041 1449009860342783674
1449009860392536094 1449009860392756701
1449009860442555727 1449009860442777232
1449009860492540250 1449009860493032211
1449009860542557360 1449009860542766477
1449009860592507849 1449009860592762927
1449009860642556497 1449009860642759270
1449009860692505997 1449009860692725989
1449009860742556283 1449009860742759834
1449009860792538888 1449009860792751420
1449009860842555430 1449009860842762202
1449009860892535924 1449009860892750557
1449009860942555576 1449009860942751113
1449009860992524337 1449009860992782342
1449009861042551977 1449009861042752021
1449009861092540162 1449009861092792377
1449009861142530004 1449009861142728985
1449009861192536914 1449009861244855427
1449009861242557512 1449009861244914060
1449009861292507069 1449009861292755739
1449009861342539103 1449009861342739891
1449009861392535583 1449009861392752117
1449009861442558049 1449009861442793389
1449009861492535135 1449009861492752103
1449009861542567105 1449009861542766500
1449009861592548524 1449009861592768513
1449009861642558909 1449009861642759955
1449009861692535244 1449009861692747996
1449009861742563198 1449009861742762233
1449009861792535894 1449009861792800835
1449009861842561220 1449009861842766405
1449009861892491324 1449009861892598963
1449009861942548881 1449009861942759572
1449009861992536588 1449009861992747974
1449009862042540715 1449009862042740258
1449009862092523862 1449009862092762590
1449009862142561442 1449009862142832633
1449009862192548915 1449009862192806635
1449009862242561651 1449009862242790938
1449009862292535811 1449009862292762785
1449009862342558123 1449009862342789865
1449009862392507720 1449009862392739435
1449009862442556782 1449009862442790001
1449009862492505427 1449009862492764448
1449009862542560935 1449009862542794557
1449009862592554899 1449009862644865972
1449009862642555695 1449009862644923573
1449009862692554958 1449009862692802740
1449009862742536190 1449009862742767759
1449009862792540291 1449009862792768959
1449009862842532575 1449009862842806776
1449009862892534875 1449009862892771925
1449009862942550953 1449009862942788063
1449009862992505604 1449009862992752100
1449009863042556905 1449009863042793295
1449009863092552029 1449009863092801919
1449009863142555782 1449009863142798035
1449009863192553679 1449009863192841358
1449009863242557262 1449009863242798659
1449009863292534742 1449009863292769193
1449009863342557348 1449009863342795992
1449009863392536098 1449009863392774805
1449009863442555894 1449009863442794628
1449009863492535970 1449009863492778369
1449009863542555536 1449009863592821991
1449009863592508123 1449009863592874032
1449009863642558695 1449009863642797106
1449009863692551728 1449009863692808333
1449009863742553717 1449009863742838629
1449009863792552034 1449009863792852746
1449009863842530116 1449009863842779990
1449009863892538376 1449009863892781053
1449009863942535772 1449009863942751340
1449009863992536204 1449009863992751195
1449009864042557079 1449009864042767142
1449009864092511891 1449009864092772091
1449009864142553748 1449009864142767676
1449009864192505379 1449009864192749306
1449009864242551622 1449009864242810860
1449009864292551460 1449009864300831057
1449009864342555935 1449009864342764086
1449009864392553407 1449009864392753828
1449009864442558563 1449009864442764507
1449009864492537487 1449009864492743333
1449009864542558690 1449009864542766474
1449009864592538756 1449009864592767471
1449009864642556207 1449009864642759872
1449009864692508393 1449009864692752489
1449009864742554652 1449009864742751889
1449009864792546983 1449009864792750264
1449009864842548100 1449009864842751391
1449009864892522430 1449009864892765665
1449009864942557441 1449009864942790185
1449009864992520852 1449009864992759183
1449009865042557246 1449009865042756986
1449009865092519829 1449009865092766422
1449009865142557306 1449009865142772577
1449009865192514824 1449009865244878821
1449009865242555945 1449009865244944479
1449009865292508382 1449009865292745613
1449009865342559382 1449009865342771527
1449009865392552872 1449009865392766069
1449009865442558226 1449009865442769261
1449009865492552264 1449009865492767261
1449009865542556872 1449009865542769678
1449009865592552864 1449009865592837079
1449009865642557964 1449009865642820930
1449009865692541030 1449009865692779073
1449009865742553834 1449009865796859405
1449009865792537679 1449009865796917546
1449009865842554248 1449009865842789999
1449009865892505391 1449009865892746571
1449009865942553772 1449009865942782341
1449009865992551636 1449009865992839722
1449009866042556855 1449009866042791531
1449009866092551685 1449009866144865692
1449009866142557854 1449009866144924228
1449009866192537713 1449009866192770367
1449009866242557883 1449009866242786759
1449009866292537502 1449009866292771829
1449009866342556827 1449009866342815089
1449009866392507216 1449009866392740341
1449009866442555844 1449009866442788772
1449009866492550346 1449009866492801482
1449009866542555025 1449009866542786286
1449009866592551024 1449009866592795134
1449009866642556851 1449009866642788463
1449009866692542604 1449009866692832123
1449009866742537073 1449009866742770004
1449009866792537178 1449009866792770156
1449009866842554679 1449009866842785482
1449009866892535587 1449009866892767299
1449009866942541595 1449009866942769852
1449009866992507903 1449009866992738710
1449009867042560039 1449009867042830883
1449009867092550676 1449009867092804752
1449009867142538152 1449009867142770406
1449009867192554110 1449009867192805770
1449009867242525289 1449009867242764679
1449009867292548824 1449009867292796586
1449009867342542648 1449009867342773117
1449009867392542893 1449009867392824478
1449009867442555797 1449009867442834983
1449009867492507459 1449009867492748028
1449009867542556164 1449009867542786329
1449009867592504067 1449009867592745872
1449009867642520496 1449009867642744975
1449009867692519979 1449009867692747017
1449009867742555571 1449009867743115230
1449009867792551273 1449009867792803197
1449009867842556389 1449009867842786197
1449009867892517432 1449009867892745406
1449009867942529050 1449009867942775402
1449009867992525827 1449009867992765323
1449009868042558299 1449009868042790555
1449009868092508684 1449009868092762570
1449009868142553304 1449009868142724563
1449009868192535030 1449009868192728956
1449009868242552030 1449009868242754375
1449009868292551904 1449009868292755058
1449009868342553546 1449009868342760281
1449009868392551914 1449009868444860374
1449009868442556716 1449009868444917470
1449009868492552785 1449009868492756814
1449009868542552977 1449009868542763227
1449009868592536117 1449009868592745785
1449009868642554483 1449009868642746191
1449009868692508163 1449009868692756499
1449009868742557442 1449009868742772229
1449009868792552940 1449009868792803528
1449009868842558527 1449009868842767925
1449009868892550818 1449009868892762895
1449009868942556302 1449009868942766839
1449009868992541620 1449009868992752428
1449009869042556699 1449009869042767002
1449009869092535448 1449009869092750275
1449009869142556264 1449009869142792816
1449009869192507768 1449009869192753161
1449009869242552835 1449009869242764558
1449009869292504574 1449009869292747501
1449009869342554712 1449009869342765450
1449009869392553130 1449009869392767626
1449009869442552921 1449009869492832222
1449009869492521277 1449009869492888132
1449009869542519347 1449009869542726330
1449009869592540440 1449009869592750736
1449009869642554533 1449009869642764108
1449009869692547245 1449009869692759663
1449009869742556911 1449009869742765481
1449009869792508580 1449009869792752913
1449009869842556606 1449009869842809440
1449009869892506377 1449009869892755068
1449009869942555918 1449009869942768660
1449009869992537049 1449009869992718415
1449009870042555042 1449009870042732196
1449009870092551194 1449009870092750910
1449009870142559150 1449009870142775661
1449009870192541993 1449009870192779551
1449009870242558618 1449009870242772343
1449009870292508109 1449009870292768328
1449009870342495388 1449009870342638729
1449009870392502552 1449009870392751292
1449009870442555156 1449009870442768636
1449009870492521731 1449009870492769981
1449009870542559381 1449009870542798711
1449009870592551735 1449009870592763659
1449009870642556815 1449009870642770860
1449009870692553098 1449009870692768289
1449009870742556504 1449009870742762410
1449009870792534776 1449009870792758713
1449009870842553112 1449009870842763699
1449009870892512889 1449009870892755395
1449009870942555463 1449009870942766461
1449009870992507492 1449009870992757005
1449009871042552145 1449009871042763848
1449009871092551852 1449009871092765814
1449009871142555175 1449009871142768024
1449009871192551655 1449009871192756215
1449009871242557359 1449009871242795191
1449009871292535070 1449009871292750318
1449009871342553459 1449009871342757936
1449009871392533940 1449009871392743007
1449009871442519538 1449009871442722161
1449009871492535149 1449009871492746334
1449009871542536723 1449009871542746379
1449009871592524504 1449009871592763034
1449009871642519116 1449009871642721669
1449009871692510712 1449009871692718987
1449009871742504780 1449009871742642258
1449009871792541040 1449009871792749516
1449009871842556700 1449009871842765059
1449009871892551055 1449009871892761613
1449009871942551190 1449009871942786347
1449009871992537213 1449009871992748465
1449009872042517961 1449009872042685200
1449009872092505497 1449009872092642735
1449009872142503501 1449009872142640471
1449009872192502537 1449009872192757418
1449009872242556995 1449009872242767542
1449009872292535036 1449009872292766681
1449009872342555501 1449009872396863139
1449009872392535280 1449009872396920202
1449009872442519686 1449009872442730861
1449009872492550356 1449009872492765715
1449009872542555159 1449009872542768566
1449009872592535262 1449009872592748040
1449009872642554082 1449009872642806812
1449009872692535171 1449009872692746650
1449009872742554235 1449009872742764111
1449009872792516324 1449009872792765362
1449009872842556787 1449009872842769853
1449009872892525564 1449009872892754463
1449009872942555838 1449009872942764270
1449009872992537454 1449009872992779820
1449009873042552907 1449009873042765693
1449009873092532154 1449009873092750616
1449009873142552956 1449009873142755966
1449009873192534756 1449009873192748698
1449009873242556991 1449009873242769593
1449009873292539931 1449009873292753385
1449009873342538950 1449009873343002223
1449009873392516861 1449009873392753782
1449009873442556416 1449009873442766522
1449009873492551392 1449009873544881595
1449009873542555132 1449009873544948838
1449009873592539545 1449009873592754990
1449009873642549716 1449009873642763801
1449009873692520127 1449009873692767410
1449009873742554422 1449009873742768307
1449009873792518893 1449009873792772822
1449009873842557034 1449009873842729178
1449009873892523536 1449009873892747578
1449009873942558965 1449009873942734766
1449009873992508381 1449009873992722737
1449009874042558366 1449009874042730242
1449009874092496363 1449009874092614204
1449009874142550033 1449009874142726239
1449009874192522729 1449009874192751327
1449009874242556183 1449009874242733548
1449009874292535822 1449009874292750057
1449009874342521704 1449009874342690326
1449009874392545907 1449009874392762765
1449009874442557548 1449009874442730377
1449009874492541400 1449009874492748445
1449009874542556659 1449009874542726845
1449009874592507185 1449009874592728894
1449009874642553728 1449009874642785781
1449009874692553736 1449009874692797034
1449009874742551857 1449009874742772617
1449009874792552479 1449009874792797174
1449009874842556704 1449009874842783611
1449009874892551894 1449009874892793923
1449009874942556426 1449009874942779986
1449009874992535924 1449009874992751636
1449009875042556412 1449009875042783105
1449009875092536254 1449009875092759530
1449009875142553992 1449009875142779256
1449009875192509536 1449009875192743737
1449009875242537835 1449009875242764398
1449009875292546840 1449009875292743275
1449009875342556764 1449009875342805852
1449009875392551400 1449009875392794471
1449009875442557648 1449009875442783667
1449009875492553801 1449009875492798035
1449009875542557541 1449009875542784445
1449009875592536745 1449009875592761745
1449009875642540752 1449009875642763333
1449009875692536738 1449009875692806716
1449009875742539829 1449009875742763433
1449009875792509913 1449009875792741454
1449009875842544229 1449009875842769422
1449009875892550120 1449009875892795025
1449009875942543095 1449009876000850968
1449009875992516239 1449009876000910593
1449009876042531238 1449009876042773470
1449009876092543945 1449009876092776398
1449009876142527011 1449009876196891656
1449009876192540005 1449009876196950021
1449009876242521027 1449009876242803079
1449009876292509816 1449009876292812368
1449009876342560783 1449009876342822763
1449009876392509475 1449009876392852977
1449009876442559800 1449009876442820772
1449009876492522387 1449009876492803748
1449009876542561887 1449009876542822642
1449009876592553824 1449009876592839839
1449009876642557520 1449009876642819494
1449009876692522145 1449009876692818911
1449009876742524110 1449009876742780719
1449009876792541180 1449009876860865781
1449009876842560425 1449009876860932422
1449009876892514022 1449009876892747421
1449009876942560415 1449009876942761986
1449009876992523743 1449009876992728821
1449009877042557655 1449009877042795216
1449009877092554679 1449009877092869997
1449009877142552549 1449009877142788206
1449009877192522980 1449009877192750733
1449009877242525991 1449009877242761666
1449009877292549683 1449009877292771406
1449009877342543116 1449009877392772137
1449009877392510634 1449009877392823871
1449009877442496214 1449009877442610257
1449009877492504570 1449009877492746040
1449009877542556458 1449009877542748285
1449009877592524658 1449009877592771394
1449009877642518081 1449009877642679487
1449009877692533240 1449009877692757107
1449009877742500109 1449009877792811233
1449009877792514908 1449009877792858478
1449009877842528680 1449009877842749000
1449009877892531399 1449009877944850416
1449009877942543012 1449009877944904862
1449009877992526493 1449009878044878646
1449009878042521336 1449009878044936720
1449009878092546848 1449009878092821760
1449009878142554380 1449009878142805368
1449009878192522843 1449009878192764086
1449009878242544497 1449009878242781370
1449009878292509235 1449009878292752109
1449009878342538710 1449009878342776656
1449009878392564426 1449009878392824906
1449009878442559439 1449009878442799510
1449009878492551018 1449009878492831775
1449009878542556619 1449009878542792671
1449009878592521160 1449009878592754906
1449009878642556027 1449009878642794521
1449009878692524630 1449009878692758113
1449009878742539258 1449009878742775066
1449009878792522358 1449009878792751374
1449009878842560790 1449009878842817147
1449009878892500013 1449009878892712573
1449009878942536526 1449009878942738746
1449009878992531905 1449009878992765060
1449009879042529040 1449009879042725789
1449009879092550573 1449009879092766837
1449009879142526151 1449009879142722882
1449009879192522359 1449009879192779739
1449009879242545222 1449009879242741734
1449009879292522017 1449009879292754003
1449009879342527606 1449009879342732001
1449009879392522544 1449009879392758332
1449009879442524129 1449009879442715764
1449009879492534681 1449009879548905470
1449009879542535944 1449009879548961504
1449009879592533401 1449009879644865679
1449009879642525767 1449009879644922474
1449009879692551546 1449009879692763251
1449009879742527458 1449009879742748102
1449009879792528164 1449009879792765867
1449009879842540739 1449009879842738840
1449009879892535794 1449009879892795339
1449009879942549993 1449009879942749126
1449009879992522423 1449009879992764856
1449009880042517831 1449009880042712362
1449009880092542435 1449009880092782192
1449009880142524282 1449009880142752429
1449009880192552228 1449009880192790216
1449009880242545315 1449009880242773924
1449009880292519301 1449009880320915697
1449009880342551064 1449009880342790564
1449009880392537084 1449009880392770136
1449009880442559055 1449009880442801592
1449009880492539055 1449009880492769898
1449009880542558894 1449009880542786477
1449009880592519232 1449009880592769977
1449009880642537856 1449009880642773343
1449009880692555781 1449009880692799878
1449009880742556260 1449009880742786088
1449009880792553676 1449009880792797338
1449009880842556303 1449009880842784921
1449009880892550651 1449009880892791534
1449009880942555210 1449009880942812921
1449009880992535286 1449009881048890623
1449009881042553158 1449009881048951077
1449009881092518668 1449009881092749180
1449009881142551544 1449009881142784151
1449009881192518400 1449009881192746918
1449009881242511726 1449009881242742469
1449009881292533944 1449009881292818292
1449009881342540096 1449009881342764949
1449009881392551062 1449009881392764423
1449009881442507846 1449009881442769354
1449009881492534668 1449009881544848945
1449009881542529130 1449009881544908366
1449009881592550276 1449009881644832013
1449009881642557009 1449009881644891100
1449009881692535382 1449009881692756553
1449009881742555716 1449009881742776459
1449009881792519308 1449009881792747138
1449009881842520475 1449009881842739278
1449009881892552676 1449009881892788103
1449009881942521574 1449009881942728750
1449009881992551336 1449009881992823426
1449009882042553061 1449009882042775869
1449009882092537875 1449009882092754502
1449009882142553251 1449009882142772605
1449009882192519405 1449009882192743934
1449009882242535978 1449009882242750998
1449009882292538110 1449009882292731579
1449009882342556009 1449009882342814191
1449009882392516347 1449009882392755015
1449009882442514798 1449009882442711364
1449009882492537448 1449009882492762625
1449009882542520724 1449009882542702246
1449009882592537704 1449009882592752892
1449009882642544618 1449009882642768135
1449009882692517965 1449009882692794870
1449009882742536579 1449009882742746498
1449009882792537175 1449009882792742220
1449009882842539482 1449009882842745512
1449009882892523199 1449009882892773667
1449009882942521711 1449009882942725229
1449009882992521071 1449009882992771732
1449009883042552503 1449009883042806653
1449009883092535743 1449009883092752558
1449009883142546412 1449009883142750525
1449009883192528142 1449009883192759309
1449009883242520957 1449009883242721385
1449009883292508868 1449009883292750519
1449009883342534076 1449009883342752391
1449009883392554390 1449009883444836721
1449009883442543667 1449009883444886020
1449009883492542800 1449009883492741149
1449009883542529685 1449009883542728936
1449009883592519346 1449009883592767565
1449009883642548931 1449009883642754614
1449009883692534573 1449009883692743510
1449009883742537421 1449009883742766925
1449009883792535545 1449009883792743175
1449009883842537454 1449009883842740965
1449009883892544681 1449009883892749740
1449009883942538325 1449009883942742007
1449009883992525380 1449009883992764392
1449009884042534365 1449009884042737135
1449009884092524501 1449009884092752190
1449009884142494047 1449009884242747290
1449009884192517043 1449009884242792092
1449009884242523306 1449009884242811826
1449009884292522569 1449009884292768349
1449009884342551987 1449009884342751198
1449009884392526788 1449009884392760517
1449009884442522105 1449009884496836135
1449009884492554319 1449009884496902134
1449009884542555731 1449009884542757358
1449009884592519266 1449009884592759581
1449009884642552142 1449009884642751156
1449009884692519215 1449009884692759861
1449009884742514646 1449009884742712929
1449009884792536313 1449009884792833146
1449009884842490650 1449009884842604076
1449009884892531398 1449009884944851759
1449009884942553787 1449009884944908691
1449009884992549552 1449009884992778160
1449009885042556960 1449009885042779033
1449009885092550804 1449009885092770195
1449009885142551707 1449009885142788942
1449009885192534316 1449009885192755882
1449009885242555692 1449009885242776516
1449009885292537516 1449009885292760057
1449009885342518598 1449009885342738877
1449009885392517771 1449009885392744351
1449009885442521246 1449009885442745044
1449009885492523961 1449009885492762789
1449009885542522438 1449009885592801539
1449009885592522861 1449009885592863790
1449009885642555169 1449009885642750602
1449009885692555414 1449009885692776635
1449009885742554440 1449009885742752248
1449009885792530260 1449009885792751013
1449009885842553083 1449009885842760830
1449009885892522906 1449009885892771479
1449009885942540567 1449009885942742982
1449009885992521689 1449009885992760356
1449009886042546860 1449009886042758410
1449009886092526699 1449009886092750669
1449009886142527886 1449009886142669953
1449009886192504148 1449009886192724988
1449009886242551887 1449009886242763617
1449009886292506339 1449009886292769410
1449009886342524956 1449009886342767616
1449009886392523574 1449009886392757577
1449009886442538659 1449009886442777594
1449009886492520489 1449009886492743208
1449009886542545080 1449009886542783306
1449009886592541820 1449009886592795836
1449009886642554831 1449009886642835247
1449009886692537637 1449009886692814047
1449009886742512254 1449009886742666437
1449009886792511502 1449009886792697071
1449009886842509681 1449009886842737056
1449009886892536172 1449009886944865781
1449009886942556780 1449009886944924116
1449009886992505368 1449009887044823715
1449009887042513468 1449009887044862119
1449009887092525463 1449009887092754493
1449009887142553067 1449009887142785113
1449009887192553563 1449009887192802912
1449009887242554841 1449009887242791774
1449009887292554565 1449009887292801965
1449009887342545606 1449009887342776429
1449009887392522715 1449009887392752823
1449009887442555928 1449009887442788987
1449009887492522003 1449009887492750046
1449009887542554381 1449009887542783874
1449009887592492341 1449009887592611838
1449009887642493707 1449009887642605429
1449009887692495338 1449009887692594380
1449009887742483977 1449009887742570119
1449009887792486536 1449009887792612185
1449009887842520094 1449009887842682127
1449009887892487133 1449009887892599009
1449009887942499881 1449009887942690633
1449009887992516316 1449009887992602411
1449009888042478964 1449009888042541548
1449009888092507242 1449009888092729179
1449009888142506088 1449009888142682147
1449009888192537473 1449009888244800257
1449009888242521960 1449009888244848264
1449009888292537713 1449009888292770892
1449009888342521438 1449009888342754660
1449009888392493094 1449009888392605804
1449009888442508013 1449009888442691024
1449009888492516888 1449009888492758115
1449009888542507815 1449009888542696871
1449009888592519386 1449009888592761108
1449009888642503398 1449009888642667350
1449009888692523792 1449009888692744850
1449009888742507827 1449009888742742436
1449009888792552580 1449009888792804996
1449009888842516901 1449009888896813555
1449009888892545006 1449009888896873253
1449009888942552948 1449009888942758484
1449009888992521619 1449009888992750006
1449009889042518556 1449009889042693677
1449009889092490514 1449009889092575899
1449009889142517457 1449009889142734666
1449009889192508354 1449009889192747439
1449009889242525932 1449009889242733071
1449009889292539992 1449009889292762045
1449009889342556557 1449009889342766396
1449009889392555867 1449009889392781448
1449009889442526331 1449009889442740667
1449009889492518151 1449009889492660470
1449009889542556753 1449009889542760645
1449009889592496743 1449009889592598233
1449009889642481129 1449009889642575209
1449009889692535309 1449009889692770899
1449009889742516511 1449009889792726278
1449009889792516806 1449009889792743913
1449009889842489794 1449009889892715945
1449009889892484185 1449009889892731143
1449009889942519573 1449009889942709123
1449009889992506107 1449009889992730599
1449009890042503793 1449009890042741234
1449009890092523071 1449009890092701326
1449009890142517532 1449009890142634796
