1449014828133492639
1449014828183480092
1449014828233476352
1449014828283491999
1449014828333472923
1449014828383455639
1449014828433477563
1449014828483473973
1449014828533476333
1449014828583462346
1449014828633460005
1449014828683492754
1449014828733467311
1449014828783462726
1449014828833438472
1449014828883461632
1449014828933477353
1449014828983494122
1449014829033492530
1449014829083492194
1449014829133494063
1449014829183492828
1449014829233490250
1449014829283454711
1449014829333493189
1449014829383490885
1449014829433491060
1449014829483493080
1449014829533472200
1449014829583490236
1449014829633479794
1449014829683460548
1449014829733464271
1449014829783462886
1449014829833499824
1449014829883467897
1449014829933501785
1449014829983495659
1449014830033497147
1449014830083493944
1449014830133495235
1449014830183464504
1449014830233496314
1449014830283497441
1449014830333497686
1449014830383496278
1449014830433496185
1449014830483461495
1449014830533495122
1449014830583488512
1449014830633461883
1449014830683495213
1449014830733494493
1449014830783486423
1449014830833492555
1449014830883497464
1449014830933497031
1449014830983498135
1449014831033494962
1449014831083489468
1449014831133494220
1449014831183478793
1449014831233493905
1449014831283498614
1449014831333494990
1449014831383495596
1449014831433488709
1449014831483459210
1449014831533477232
1449014831583459189
1449014831633435408
1449014831683429133
1449014831733418161
1449014831783427703
1449014831833423818
1449014831883443602
1449014831933425646
1449014831983425163
1449014832033426717
1449014832083462929
1449014832133426023
1449014832183429758
1449014832233430565
1449014832283423433
1449014832333421218
1449014832383460158
1449014832433447679
1449014832483484173
1449014832533487946
1449014832583440311
1449014832633466711
1449014832683456158
1449014832733490066
1449014832783451166
1449014832833442535
1449014832883452151
1449014832933450592
1449014832983451185
1449014833033433130
1449014833083430809
1449014833133452412
1449014833183462085
1449014833233482342
1449014833283493165
1449014833333488469
1449014833383486071
1449014833433483230
1449014833483452000
1449014833533435357
1449014833583487032
1449014833633455252
1449014833683489227
1449014833733494513
1449014833783488437
1449014833833489043
1449014833883491136
1449014833933473832
1449014833983446879
1449014834033474302
1449014834083490029
1449014834133488607
1449014834183454200
1449014834233492910
1449014834283493920
1449014834333467501
1449014834383494060
1449014834433490620
1449014834483493120
1449014834533490522
1449014834583493210
1449014834633491170
1449014834683490292
1449014834733494436
1449014834783489757
1449014834833491322
1449014834883499736
1449014834933453602
1449014834983397086
1449014835033491043
1449014835083484453
1449014835133430632
1449014835183443119
1449014835233428269
1449014835283432421
1449014835333439600
1449014835383438595
1449014835433434513
1449014835483444051
1449014835533487372
1449014835583487310
1449014835633474088
1449014835683488415
1449014835733472804
1449014835783475548
1449014835833466055
1449014835883441511
1449014835933457699
1449014835983434108
1449014836033426345
1449014836083448355
1449014836133477421
1449014836183438239
1449014836233437798
1449014836283465639
1449014836333436013
1449014836383467630
1449014836433478379
1449014836483495118
1449014836533468198
1449014836583474905
1449014836633490508
1449014836683468075
1449014836733480191
1449014836783476998
1449014836833492408
1449014836883467249
1449014836933474243
1449014836983487631
1449014837033469551
1449014837083477274
1449014837133491691
1449014837183460886
1449014837233468695
1449014837283431176
1449014837333444122
1449014837383459835
1449014837433477784
1449014837483452385
1449014837533449880
1449014837583427791
1449014837633433330
1449014837683446907
1449014837733451787
1449014837783450087
1449014837833428091
1449014837883422649
1449014837933421646
1449014837983433938
1449014838033443997
1449014838083453998
1449014838133435049
1449014838183444896
1449014838233449167
1449014838283477844
1449014838333437731
1449014838383431228
1449014838433437227
1449014838483430377
1449014838533450781
1449014838583422857
1449014838633450110
1449014838683455614
1449014838733489345
1449014838783434059
1449014838833458000
1449014838883454186
1449014838933436683
1449014838983429235
1449014839033423294
1449014839083432203
1449014839133439924
1449014839183424741
1449014839233423683
1449014839283431062
1449014839333546922
1449014839383440743
1449014839433423028
1449014839483441695
1449014839533424078
1449014839583425760
1449014839633422975
1449014839683423528
1449014839733429327
1449014839783425436
1449014839833423582
1449014839883424170
1449014839933420507
1449014839983430432
1449014840033423247
1449014840083452431
1449014840133426610
1449014840183430587
1449014840233431464
1449014840283464471
1449014840333430712
1449014840383430645
1449014840433465440
1449014840483465077
1449014840533469458
1449014840583473980
1449014840633432480
1449014840683427403
1449014840733449575
1449014840783430012
1449014840833439741
1449014840883429292
1449014840933432259
1449014840983433353
1449014841033422252
1449014841083445370
1449014841133428348
1449014841183431045
1449014841233421263
1449014841283434288
1449014841333422791
1449014841383430017
1449014841433432234
1449014841483435476
1449014841533426696
1449014841583462337
1449014841633466244
1449014841683434377
1449014841733420202
1449014841783442310
1449014841833438045
1449014841883430209
1449014841933441586
1449014841983426987
1449014842033487890
1449014842083472453
1449014842133437909
1449014842183448047
1449014842233458726
1449014842283456136
1449014842333426171
1449014842383421769
1449014842433442919
1449014842483440748
1449014842533449760
1449014842583452307
1449014842633421180
1449014842683426590
1449014842733427694
1449014842783422116
1449014842833421599
1449014842883426144
1449014842933479655
1449014842983466955
1449014843033466628
1449014843083484540
1449014843133487462
1449014843183465717
1449014843233429820
1449014843283442199
1449014843333424303
1449014843383438026
1449014843433423713
1449014843483440976
1449014843533424840
1449014843583474210
1449014843633471258
1449014843683470017
1449014843733476556
1449014843783457668
1449014843833448826
1449014843883443639
1449014843933439073
1449014843983447377
1449014844033490342
1449014844083452378
1449014844133438411
1449014844183490517
1449014844233466534
1449014844283493453
1449014844333489281
1449014844383493101
1449014844433488749
1449014844483460156
1449014844533492587
1449014844583491406
1449014844633491865
1449014844683489418
1449014844733492783
1449014844783424609
1449014844833489401
1449014844883487251
1449014844933459212
1449014844983488089
1449014845033471817
1449014845083443401
1449014845133484776
1449014845183491188
1449014845233488744
1449014845283492494
1449014845333444814
1449014845383491778
1449014845433491389
1449014845483493956
1449014845533475505
1449014845583491844
1449014845633490358
1449014845683492775
1449014845733489606
1449014845783457525
1449014845833493153
1449014845883488688
1449014845933489174
1449014845983472995
1449014846033442801
1449014846083486371
1449014846133488224
1449014846183491098
1449014846233490384
1449014846283495314
1449014846333490852
1449014846383494291
1449014846433475499
1449014846483494611
1449014846533492684
1449014846583494132
1449014846633489189
1449014846683495441
1449014846733492112
1449014846783460839
1449014846833487591
1449014846883490552
1449014846933473144
1449014846983493431
1449014847033489698
1449014847083492996
1449014847133490549
1449014847183489307
1449014847233488029
1449014847283494639
1449014847333488713
1449014847383493920
1449014847433479686
1449014847483496879
1449014847533492290
1449014847583496150
1449014847633489881
1449014847683491385
1449014847733487849
1449014847783464501
1449014847833476796
1449014847883457668
1449014847933489581
1449014847983493077
1449014848033490075
1449014848083440067
1449014848133484672
1449014848183490487
1449014848233431035
1449014848283484743
1449014848333489656
1449014848383492193
1449014848433485880
1449014848483460199
1449014848533489728
1449014848583486158
1449014848633442701
1449014848683483347
1449014848733491527
1449014848783428247
1449014848833431820
1449014848883475852
1449014848933445887
1449014848983485002
1449014849033493864
1449014849083491653
1449014849133491631
1449014849183470535
1449014849233485029
1449014849283489494
1449014849333443087
1449014849383432955
1449014849433423689
1449014849483430866
1449014849533425041
1449014849583466149
1449014849633486523
1449014849683483625
1449014849733488407
1449014849783490326
1449014849833455952
1449014849883490165
1449014849933472339
1449014849983431292
1449014850033429802
1449014850083492539
1449014850133465907
1449014850183490320
1449014850233451497
1449014850283488351
1449014850333449341
1449014850383448540
1449014850433462794
1449014850483489730
1449014850533476124
1449014850583489602
1449014850633480389
1449014850683488275
1449014850733493936
1449014850783471851
1449014850833432402
1449014850883424489
1449014850933426920
1449014850983425209
1449014851033430861
1449014851083432055
1449014851133440764
1449014851183433376
1449014851233451700
1449014851283459790
1449014851333485480
1449014851383467975
1449014851433480063
1449014851483490107
1449014851533474173
1449014851583474919
1449014851633476537
1449014851683492642
1449014851733489666
1449014851783487804
1449014851833474141
1449014851883473287
1449014851933491660
1449014851983461519
1449014852033491238
1449014852083487611
1449014852133476250
1449014852183488503
1449014852233445329
1449014852283489591
1449014852333467749
1449014852383474509
1449014852433475810
1449014852483494013
1449014852533489842
1449014852583493932
1449014852633492029
1449014852683474357
1449014852733493255
1449014852783489210
1449014852833454449
1449014852883492570
1449014852933474330
1449014852983440632
1449014853033450472
1449014853083482129
1449014853133449620
1449014853183430569
1449014853233425129
1449014853283450259
1449014853333490184
1449014853383490396
1449014853433443791
1449014853483491267
1449014853533486748
1449014853583487518
1449014853633492611
1449014853683458281
1449014853733493238
1449014853783494058
1449014853833492639
1449014853883494618
1449014853933460269
1449014853983488915
1449014854033494282
1449014854083488634
1449014854133491358
1449014854183488820
1449014854233456605
1449014854283488976
1449014854333458602
1449014854383492230
1449014854433490484
1449014854483489790
1449014854533473558
1449014854583492065
1449014854633490700
1449014854683491175
1449014854733490037
1449014854783495755
1449014854833489151
1449014854883491381
1449014854933474297
1449014854983490575
1449014855033490420
1449014855083491320
1449014855133458958
1449014855183494476
1449014855233490405
1449014855283492551
1449014855333488847
1449014855383488448
1449014855433473890
1449014855483489202
1449014855533486200
1449014855583435863
1449014855633496359
1449014855683494343
1449014855733431702
1449014855783490914
1449014855833491016
1449014855883432860
1449014855933490611
1449014855983453956
1449014856033489037
1449014856083473707
1449014856133444199
1449014856183424002
1449014856233440773
1449014856283431100
1449014856333491651
1449014856383496379
1449014856433433317
1449014856483490983
1449014856533486304
1449014856583453324
1449014856633427627
1449014856683439634
1449014856733423546
1449014856783446697
1449014856833491878
1449014856883492364
1449014856933455308
1449014856983488050
1449014857033490142
1449014857083430811
1449014857133480246
1449014857183477638
1449014857233469732
1449014857283491055
1449014857333475507
1449014857383495501
1449014857433494627
1449014857483475237
1449014857533492354
1449014857583493962
1449014857633470484
1449014857683492746
1449014857733491344
1449014857783490744
1449014857833450821
