1449010253160257159
1449010253210268095
1449010253260304646
1449010253310283847
1449010253360307923
1449010253410289406
1449010253460304077
1449010253510272503
1449010253560315596
1449010253610279826
1449010253660313838
1449010253710312793
1449010253760310957
1449010253810312866
1449010253860310068
1449010253910312224
1449010253960313919
1449010254010311592
1449010254060314123
1449010254110316553
1449010254160305038
1449010254210283160
1449010254260302916
1449010254310268436
1449010254360314157
1449010254410275905
1449010254460273775
1449010254510265558
1449010254560257255
1449010254610308658
1449010254660317262
1449010254710279176
1449010254760246177
1449010254810310899
1449010254860259131
1449010254910308980
1449010254960274971
1449010255010298449
1449010255060279781
1449010255110259622
1449010255160250830
1449010255210310034
1449010255260314826
1449010255310304608
1449010255360282479
1449010255410258628
1449010255460269231
1449010255510267633
1449010255560265509
1449010255610308595
1449010255660313734
1449010255710282874
1449010255760250372
1449010255810308223
1449010255860298726
1449010255910315739
1449010255960315764
1449010256010316964
1449010256060302313
1449010256110315226
1449010256160295620
1449010256210315319
1449010256260298773
1449010256310312920
1449010256360298803
1449010256410278652
1449010256460284884
1449010256510254594
1449010256560237710
1449010256610307522
1449010256660315539
1449010256710316736
1449010256760316036
1449010256810251126
1449010256860318631
1449010256910317994
1449010256960313098
1449010257010314873
1449010257060316856
1449010257110315567
1449010257160312996
1449010257210313575
1449010257260312451
1449010257310312128
1449010257360296387
1449010257410323657
1449010257460311424
1449010257510317693
1449010257560287780
1449010257610291727
1449010257660308914
1449010257710317137
1449010257760318672
1449010257810258342
1449010257860277939
1449010257910315425
1449010257960315476
1449010258010315748
1449010258060312295
1449010258110317512
1449010258160297869
1449010258210314751
1449010258260314472
1449010258310298177
1449010258360315928
1449010258410315759
1449010258460315710
1449010258510274892
1449010258560316645
1449010258610277361
1449010258660315899
1449010258710314989
1449010258760317315
1449010258810316418
1449010258860298779
1449010258910310771
1449010258960305935
1449010259010265655
1449010259060298380
1449010259110312831
1449010259160314269
1449010259210295428
1449010259260312431
1449010259310313578
1449010259360311963
1449010259410314847
1449010259460315062
1449010259510319129
1449010259560297211
1449010259610316824
1449010259660316898
1449010259710315530
1449010259760317132
1449010259810316361
1449010259860313316
1449010259910315084
1449010259960313338
1449010260010312277
1449010260060314885
1449010260110297363
1449010260160271292
1449010260210315426
1449010260260313737
1449010260310313381
1449010260360316459
1449010260410317837
1449010260460315046
1449010260510278782
1449010260560317454
1449010260610316466
1449010260660296699
1449010260710315807
1449010260760314162
1449010260810316829
1449010260860251005
1449010260910313304
1449010260960314347
1449010261010314743
1449010261060281185
1449010261110316810
1449010261160299051
1449010261210317137
1449010261260317984
1449010261310316702
1449010261360316426
1449010261410399747
1449010261460288465
1449010261510249388
1449010261560286200
1449010261610276412
1449010261660265545
1449010261710261648
1449010261760259595
1449010261810257608
1449010261860305541
1449010261910313711
1449010261960252561
1449010262010316373
1449010262060298728
1449010262110256433
1449010262160277640
1449010262210284496
1449010262260284481
1449010262310303820
1449010262360279639
1449010262410277576
1449010262460327290
1449010262510256152
1449010262560274187
1449010262610304509
1449010262660296977
1449010262710295849
1449010262760265541
1449010262810269672
1449010262860271417
1449010262910248383
1449010262960308053
1449010263010307510
1449010263060294131
1449010263110276228
1449010263160282247
1449010263210253176
1449010263260251298
1449010263310265663
1449010263360311214
1449010263410249590
1449010263460272292
1449010263510328376
1449010263560256101
1449010263610252115
1449010263660242731
1449010263710266626
1449010263760270837
1449010263810270314
1449010263860310516
1449010263910312408
1449010263960295197
1449010264010314897
1449010264060312506
1449010264110316657
1449010264160313170
1449010264210267391
1449010264260307560
1449010264310312623
1449010264360314091
1449010264410311069
1449010264460297696
1449010264510311272
1449010264560274393
1449010264610272246
1449010264660258190
1449010264710259314
1449010264760240305
1449010264810265543
1449010264860246248
1449010264910263605
1449010264960309844
1449010265010275364
1449010265060280224
1449010265110240616
1449010265160247579
1449010265210281937
1449010265260294457
1449010265310252881
1449010265360302324
1449010265410273119
1449010265460309724
1449010265510297828
1449010265560275790
1449010265610281227
1449010265660291705
1449010265710281289
1449010265760292673
1449010265810314908
1449010265860267587
1449010265910247556
1449010265960261496
1449010266010258381
1449010266060247239
1449010266110254019
1449010266160257877
1449010266210266944
1449010266260289202
1449010266310284339
1449010266360297574
1449010266410321155
1449010266460274046
1449010266510273099
1449010266560265633
1449010266610249951
1449010266660267201
1449010266710258960
1449010266760253713
1449010266810268560
1449010266860302421
1449010266910266551
1449010266960265403
1449010267010322678
1449010267060297379
1449010267110284708
1449010267160308897
1449010267210283728
1449010267260285494
1449010267310314013
1449010267360314338
1449010267410299035
1449010267460282673
1449010267510256919
1449010267560251307
1449010267610244745
1449010267660257506
1449010267710250747
1449010267760243344
1449010267810317511
1449010267860253276
1449010267910318579
1449010267960296968
1449010268010309237
1449010268060277019
1449010268110317790
1449010268160266672
1449010268210318270
1449010268260267596
1449010268310298959
1449010268360262534
1449010268410281515
1449010268460268744
1449010268510285647
1449010268560290433
1449010268610251830
1449010268660313317
1449010268710313115
1449010268760295957
1449010268810296460
1449010268860273312
1449010268910311002
1449010268960280357
1449010269010300471
1449010269060270250
1449010269110335383
1449010269160288595
1449010269210293387
1449010269260270126
1449010269310299955
1449010269360316340
1449010269410315526
1449010269460316783
1449010269510316511
1449010269560309787
1449010269610315241
1449010269660315432
1449010269710315718
1449010269760313273
1449010269810314220
1449010269860314409
1449010269910309526
1449010269960311204
1449010270010253204
1449010270060245167
1449010270110238537
1449010270160240015
1449010270210307603
1449010270260316618
1449010270310316395
1449010270360317225
1449010270410315796
1449010270460316650
1449010270510314025
1449010270560316779
1449010270610287207
1449010270660317724
1449010270710316215
1449010270760311536
1449010270810310806
1449010270860312935
1449010270910313020
1449010270960312597
1449010271010317029
1449010271060269121
1449010271110323823
1449010271160314196
1449010271210315845
1449010271260301336
1449010271310312840
1449010271360316764
1449010271410300525
1449010271460315083
1449010271510315946
1449010271560315096
1449010271610291854
1449010271660317143
1449010271710298666
1449010271760312161
1449010271810318316
1449010271860315578
1449010271910316448
1449010271960311515
1449010272010266411
1449010272060316559
1449010272110317760
1449010272160317464
1449010272210316048
1449010272260316013
1449010272310316158
1449010272360317957
1449010272410317718
1449010272460314999
1449010272510314406
1449010272560314715
1449010272610316988
1449010272660313672
1449010272710314772
1449010272760312341
1449010272810315049
1449010272860315117
1449010272910293573
1449010272960265177
1449010273010249431
1449010273060311287
1449010273110316083
1449010273160313301
1449010273210318695
1449010273260315716
1449010273310313966
1449010273360311836
1449010273410318296
1449010273460312223
1449010273510315869
1449010273560316325
1449010273610316734
1449010273660315279
1449010273710309206
1449010273760313100
1449010273810314087
1449010273860268274
1449010273910319325
1449010273960310165
1449010274010315265
1449010274060310763
1449010274110315448
1449010274160312593
1449010274210313930
1449010274260310350
1449010274310310950
1449010274360314452
1449010274410317023
1449010274460310202
1449010274510313340
1449010274560314311
1449010274610312765
1449010274660307277
1449010274710313216
1449010274760311700
1449010274810294048
1449010274860311656
1449010274910296643
1449010274960314829
1449010275010315576
1449010275060296230
1449010275110316510
1449010275160315573
1449010275210314241
1449010275260314667
1449010275310312530
1449010275360311913
1449010275410318065
1449010275460315394
1449010275510316448
1449010275560312259
1449010275610281528
1449010275660298153
1449010275710307586
1449010275760299122
1449010275810266352
1449010275860312421
1449010275910316298
1449010275960317385
1449010276010316464
1449010276060316001
1449010276110314810
1449010276160315352
1449010276210314295
1449010276260318105
1449010276310313476
1449010276360315832
1449010276410313542
1449010276460310553
1449010276510289567
1449010276560252926
1449010276610314873
1449010276660297656
1449010276710308759
1449010276760300445
1449010276810313536
1449010276860312277
1449010276910315570
1449010276960316202
1449010277010308282
1449010277060318330
1449010277110315040
1449010277160314150
1449010277210313924
1449010277260313214
1449010277310313706
1449010277360311549
1449010277410314962
1449010277460313703
1449010277510312462
1449010277560250172
1449010277610305916
1449010277660307692
1449010277710268224
1449010277760313494
1449010277810312186
1449010277860301697
1449010277910314230
1449010277960313871
1449010278010317022
1449010278060316322
1449010278110317723
1449010278160317117
1449010278210312320
1449010278260297194
1449010278310314354
1449010278360312548
1449010278410314153
1449010278460311816
1449010278510283854
1449010278560311655
1449010278610300230
1449010278660265533
1449010278710295669
1449010278760316862
1449010278810314568
1449010278860313323
1449010278910314948
1449010278960307817
1449010279010318496
1449010279060317709
1449010279110312446
1449010279160315058
1449010279210312596
1449010279260313551
1449010279310288190
1449010279360308816
1449010279410315713
1449010279460312461
1449010279510308710
1449010279560295943
1449010279610271572
1449010279660311881
1449010279710315688
1449010279760315589
1449010279810314675
1449010279860312501
1449010279910311801
1449010279960311288
1449010280010316575
1449010280060264648
1449010280110314526
1449010280160313792
1449010280210309958
1449010280260310441
1449010280310312881
1449010280360313898
1449010280410312877
1449010280460314522
1449010280510280643
1449010280560313586
1449010280610316684
1449010280660288722
1449010280710314395
1449010280760314119
1449010280810316322
1449010280860312361
1449010280910317274
1449010280960315701
1449010281010316348
1449010281060313426
1449010281110311476
1449010281160314972
1449010281210315274
1449010281260313180
1449010281310313225
1449010281360312458
1449010281410309286
1449010281460276573
1449010281510314049
1449010281560308137
1449010281610315916
1449010281660297322
1449010281710323810
1449010281760306900
1449010281810310616
1449010281860311499
1449010281910313532
1449010281960314796
1449010282010311938
1449010282060314441
1449010282110314626
1449010282160311260
1449010282210314622
1449010282260311487
1449010282310310643
1449010282360296773
1449010282410273261
1449010282460316821
1449010282510316815
1449010282560314241
1449010282610315559
1449010282660312964
1449010282710316116
1449010282760315432
1449010282810315253
1449010282860312568
1449010282910317210
1449010282960296391
1449010283010315736
1449010283060314986
