1449014767507593525
1449014767557544044
1449014767607526840
1449014767657523305
1449014767707543400
1449014767757546087
1449014767807569054
1449014767857572740
1449014767907665826
1449014767957595695
1449014768007560857
1449014768057570126
1449014768107586391
1449014768157537374
1449014768207521041
1449014768257529850
1449014768307529436
1449014768357546267
1449014768407559662
1449014768457553837
1449014768507564162
1449014768557575626
1449014768607556908
1449014768657547615
1449014768707530820
1449014768757538433
1449014768807549874
1449014768857563653
1449014768907573163
1449014768957556787
1449014769007552990
1449014769057533149
1449014769107585489
1449014769157591327
1449014769207545046
1449014769257593973
1449014769307587152
1449014769357530949
1449014769407557003
1449014769457586959
1449014769507530508
1449014769557527017
1449014769607525707
1449014769657518943
1449014769707533749
1449014769757522450
1449014769807524563
1449014769857543245
1449014769907526631
1449014769957548685
1449014770007543959
1449014770057524512
1449014770107529576
1449014770157542741
1449014770207544062
1449014770257542369
1449014770307558694
1449014770357573639
1449014770407579554
1449014770457566319
1449014770507568167
1449014770557558393
1449014770607593548
1449014770657572739
1449014770707566830
1449014770757569567
1449014770807576605
1449014770857574645
1449014770907557280
1449014770957573351
1449014771007575087
1449014771057591726
1449014771107562207
1449014771157556843
1449014771207544105
1449014771257539205
1449014771307577767
1449014771357574130
1449014771407592744
1449014771457596835
1449014771507563420
1449014771557574453
1449014771607593798
1449014771657588524
1449014771707589859
1449014771757597868
1449014771807590439
1449014771857590858
1449014771907574620
1449014771957592762
1449014772007589723
1449014772057593146
1449014772107562638
1449014772157596589
1449014772207590761
1449014772257593221
1449014772307591164
1449014772357592225
1449014772407553452
1449014772457530078
1449014772507526791
1449014772557520137
1449014772607524865
1449014772657521560
1449014772707543200
1449014772757532734
1449014772807532272
1449014772857523323
1449014772907543041
1449014772957591569
1449014773007536006
1449014773057529523
1449014773107540868
1449014773157529457
1449014773207536648
1449014773257541501
1449014773307579254
1449014773357569066
1449014773407592163
1449014773457591018
1449014773507589563
1449014773557557034
1449014773607550173
1449014773657538555
1449014773707520736
1449014773757527252
1449014773807520409
1449014773857520165
1449014773907518552
1449014773957520380
1449014774007540953
1449014774057540657
1449014774107543307
1449014774157528420
1449014774207524487
1449014774257527749
1449014774307553723
1449014774357565157
1449014774407552536
1449014774457588289
1449014774507531030
1449014774557535026
1449014774607578096
1449014774657590870
1449014774707529649
1449014774757581635
1449014774807563341
1449014774857591503
1449014774907585344
1449014774957588813
1449014775007585724
1449014775057588281
1449014775107584731
1449014775157589457
1449014775207586749
1449014775257554844
1449014775307585766
1449014775357571986
1449014775407555082
1449014775457589635
1449014775507588835
1449014775557587339
1449014775607588824
1449014775657590469
1449014775707592351
1449014775757590589
1449014775807589955
1449014775857585226
1449014775907563956
1449014775957589298
1449014776007557123
1449014776057582989
1449014776107586826
1449014776157528760
1449014776207577802
1449014776257552095
1449014776307527749
1449014776357555201
1449014776407586794
1449014776457588690
1449014776507570677
1449014776557552243
1449014776607546381
1449014776657554979
1449014776707530517
1449014776757574078
1449014776807562730
1449014776857532386
1449014776907538247
1449014776957518146
1449014777007528504
1449014777057580043
1449014777107591804
1449014777157538434
1449014777207566269
1449014777257568529
1449014777307527560
1449014777357566737
1449014777407554915
1449014777457556433
1449014777507569949
1449014777557529496
1449014777607529187
1449014777657549545
1449014777707534597
1449014777757566054
1449014777807540570
1449014777857530681
1449014777907563785
1449014777957586765
1449014778007584799
1449014778057589457
1449014778107586211
1449014778157590586
1449014778207569897
1449014778257569939
1449014778307552200
1449014778357546702
1449014778407582675
1449014778457586852
1449014778507586683
1449014778557586337
1449014778607555362
1449014778657539768
1449014778707574304
1449014778757555482
1449014778807587029
1449014778857554292
1449014778907570170
1449014778957588078
1449014779007574462
1449014779057571995
1449014779107557967
1449014779157571309
1449014779207572874
1449014779257589730
1449014779307548749
1449014779357585517
1449014779407576534
1449014779457574798
1449014779507573931
1449014779557564548
1449014779607542613
1449014779657548621
1449014779707589004
1449014779757579504
1449014779807585609
1449014779857571081
1449014779907572241
1449014779957587290
1449014780007584846
1449014780057588248
1449014780107583676
1449014780157574570
1449014780207549675
1449014780257546337
1449014780307520257
1449014780357545723
1449014780407543149
1449014780457533772
1449014780507537512
1449014780557520983
1449014780607559000
1449014780657540332
1449014780707569857
1449014780757553111
1449014780807590143
1449014780857558185
1449014780907586280
1449014780957589121
1449014781007555580
1449014781057590199
1449014781107590889
1449014781157589671
1449014781207585857
1449014781257590512
1449014781307571036
1449014781357589910
1449014781407588234
1449014781457590631
1449014781507586546
1449014781557574100
1449014781607587832
1449014781657556415
1449014781707571982
1449014781757554965
1449014781807586795
1449014781857588453
1449014781907587072
1449014781957586655
1449014782007587836
1449014782057570792
1449014782107541838
1449014782157578011
1449014782207625049
1449014782257556756
1449014782307553182
1449014782357549204
1449014782407570347
1449014782457548242
1449014782507532621
1449014782557534782
1449014782607521811
1449014782657537476
1449014782707541349
1449014782757580526
1449014782807540106
1449014782857577776
1449014782907578034
1449014782957587594
1449014783007563484
1449014783057563035
1449014783107571538
1449014783157585702
1449014783207587170
1449014783257527621
1449014783307563095
1449014783357527263
1449014783407530795
1449014783457563977
1449014783507538789
1449014783557524918
1449014783607527552
1449014783657528027
1449014783707530496
1449014783757521932
1449014783807536076
1449014783857518381
1449014783907524411
1449014783957564088
1449014784007597441
1449014784057557639
1449014784107571675
1449014784157581816
1449014784207562935
1449014784257578348
1449014784307590425
1449014784357580121
1449014784407570925
1449014784457584688
1449014784507572465
1449014784557549471
1449014784607564062
1449014784657568807
1449014784707586154
1449014784757561921
1449014784807585916
1449014784857549726
1449014784907583911
1449014784957585864
1449014785007536406
1449014785057525097
1449014785107525737
1449014785157524317
1449014785207519483
1449014785257540987
1449014785307541026
1449014785357567125
1449014785407526935
1449014785457521772
1449014785507520357
1449014785557579452
1449014785607556444
1449014785657525992
1449014785707528604
1449014785757535939
1449014785807531201
1449014785857543327
1449014785907565627
1449014785957545312
1449014786007543242
1449014786057519871
1449014786107531134
1449014786157539347
1449014786207523856
1449014786257525495
1449014786307526248
1449014786357526343
1449014786407522362
1449014786457518360
1449014786507549055
1449014786557524740
1449014786607551811
1449014786657537945
1449014786707527540
1449014786757517902
1449014786807575002
1449014786857619778
1449014786907575332
1449014786957571715
1449014787007548063
1449014787057546430
1449014787107545901
1449014787157523313
1449014787207517161
1449014787257568275
1449014787307546768
1449014787357541477
1449014787407540660
1449014787457538319
1449014787507556692
1449014787557541075
1449014787607573797
1449014787657535635
1449014787707577936
1449014787757551668
1449014787807569606
1449014787857542175
1449014787907559129
1449014787957550430
1449014788007582741
1449014788057554218
1449014788107589433
1449014788157586985
1449014788207566567
1449014788257589086
1449014788307548358
1449014788357542062
1449014788407565780
1449014788457566433
1449014788507581838
1449014788557566072
1449014788607589446
1449014788657539324
1449014788707607164
1449014788757591906
1449014788807558845
1449014788857537325
1449014788907576331
1449014788957587327
1449014789007544087
1449014789057538312
1449014789107547384
1449014789157569302
1449014789207586839
1449014789257586286
1449014789307522816
1449014789357517976
1449014789407521487
1449014789457564235
1449014789507588234
1449014789557587975
1449014789607589022
1449014789657553770
1449014789707604874
1449014789757546519
1449014789807534467
1449014789857513250
1449014789907527427
1449014789957535687
1449014790007538129
1449014790057551385
1449014790107531010
1449014790157573917
1449014790207542586
1449014790257542056
1449014790307538596
1449014790357537565
1449014790407536521
1449014790457538527
1449014790507539049
1449014790557557058
1449014790607572053
1449014790657585592
1449014790707566617
1449014790757555400
1449014790807570465
1449014790857573243
1449014790907570488
1449014790957579005
1449014791007531943
1449014791057517257
1449014791107515028
1449014791157520262
1449014791207567309
1449014791257592534
1449014791307569911
1449014791357578334
1449014791407568968
1449014791457576012
1449014791507591872
1449014791557569486
1449014791607595015
1449014791657540312
1449014791707538179
1449014791757532370
1449014791807584564
1449014791857567754
1449014791907577891
1449014791957593652
1449014792007575111
1449014792057593494
1449014792107589931
1449014792157572683
1449014792207541457
1449014792257541624
1449014792307530480
1449014792357524172
1449014792407522175
1449014792457521316
1449014792507521122
1449014792557523198
1449014792607560587
1449014792657536098
1449014792707582470
1449014792757588956
1449014792807591155
1449014792857569518
1449014792907573415
1449014792957588243
1449014793007535665
1449014793057544363
1449014793107537170
1449014793157521215
1449014793207539776
1449014793257588134
1449014793307551262
1449014793357547022
1449014793407525882
1449014793457535672
1449014793507529538
1449014793557524737
1449014793607552439
1449014793657585626
1449014793707549498
1449014793757580861
1449014793807570118
1449014793857568536
1449014793907577988
1449014793957573276
1449014794007532109
1449014794057543127
1449014794107551490
1449014794157544863
1449014794207563443
1449014794257570758
1449014794307584788
1449014794357574165
1449014794407584379
1449014794457565034
1449014794507568269
1449014794557542806
1449014794607552215
1449014794657573201
1449014794707554079
1449014794757572579
1449014794807592031
1449014794857590275
1449014794907589922
1449014794957562588
1449014795007537135
1449014795057546157
1449014795107556851
1449014795157523984
1449014795207527448
1449014795257519291
1449014795307514230
1449014795357525476
1449014795407543838
1449014795457524746
1449014795507545305
1449014795557541539
1449014795607527390
1449014795657567855
1449014795707535844
1449014795757527176
1449014795807556143
1449014795857527845
1449014795907522970
1449014795957585744
1449014796007575105
1449014796057537863
1449014796107544715
1449014796157562617
1449014796207588908
1449014796257551775
1449014796307567198
1449014796357560832
1449014796407586959
1449014796457551212
1449014796507546707
1449014796557550183
1449014796607525856
1449014796657543497
1449014796707575832
1449014796757549857
1449014796807585884
1449014796857554711
1449014796907577033
1449014796957554717
1449014797007565074
1449014797057545816
1449014797107555132
1449014797157550596
1449014797207525754
1449014797257579444
1449014797307521573
1449014797357516051
