1449009799788279025
1449009799838273999
1449009799888244253
1449009799938308650
1449009799988286184
1449009800038266851
1449009800088248501
1449009800138310576
1449009800188317657
1449009800238255173
1449009800288313263
1449009800338322118
1449009800388257179
1449009800438312285
1449009800488315634
1449009800538254804
1449009800588312894
1449009800638322420
1449009800688257938
1449009800738279001
1449009800788276463
1449009800838257842
1449009800888311515
1449009800938319197
1449009800988258124
1449009801038293699
1449009801088256857
1449009801138311652
1449009801188322699
1449009801238321364
1449009801288257407
1449009801338312596
1449009801388319306
1449009801438320754
1449009801488287737
1449009801538291658
1449009801588253933
1449009801638312471
1449009801688323317
1449009801738255274
1449009801788258516
1449009801838323010
1449009801888254279
1449009801938311035
1449009801988312360
1449009802038254934
1449009802088310244
1449009802138300935
1449009802188261700
1449009802238314338
1449009802288321589
1449009802338256556
1449009802388310062
1449009802438322231
1449009802488257499
1449009802538313250
1449009802588321206
1449009802638316129
1449009802688315686
1449009802738319990
1449009802788319220
1449009802838323090
1449009802888261749
1449009802938316882
1449009802988317264
1449009803038261456
1449009803088314748
1449009803138314088
1449009803188307945
1449009803238254031
1449009803288312218
1449009803338320738
1449009803388259324
1449009803438315449
1449009803488259644
1449009803538313881
1449009803588321153
1449009803638254847
1449009803688315693
1449009803738322847
1449009803788299870
1449009803838312810
1449009803888321378
1449009803938320183
1449009803988259507
1449009804038312892
1449009804088321400
1449009804138256297
1449009804188310337
1449009804238312393
1449009804288258389
1449009804338312276
1449009804388315150
1449009804438325909
1449009804488317458
1449009804538319725
1449009804588260388
1449009804638316186
1449009804688256462
1449009804738248502
1449009804788270526
1449009804838257431
1449009804888247086
1449009804938247889
1449009804988312193
1449009805038256952
1449009805088309443
1449009805138259406
1449009805188307504
1449009805238319155
1449009805288300919
1449009805338319713
1449009805388319577
1449009805438258066
1449009805488296434
1449009805538307146
1449009805588324477
1449009805638287628
1449009805688319044
1449009805738321872
1449009805788283265
1449009805838321931
1449009805888255425
1449009805938315593
1449009805988322286
1449009806038258790
1449009806088243847
1449009806138314512
1449009806188320196
1449009806238255505
1449009806288294678
1449009806338320842
1449009806388257032
1449009806438312225
1449009806488284377
1449009806538257861
1449009806588279699
1449009806638319494
1449009806688257885
1449009806738248425
1449009806788309348
1449009806838319429
1449009806888317619
1449009806938316836
1449009806988316376
1449009807038270253
1449009807088265797
1449009807138310567
1449009807188316281
1449009807238315858
1449009807288270183
1449009807338263178
1449009807388313824
1449009807438270825
1449009807488313710
1449009807538294892
1449009807588313652
1449009807638312110
1449009807688281178
1449009807738315885
1449009807788283519
1449009807838316044
1449009807888275350
1449009807938312743
1449009807988323783
1449009808038312742
1449009808088315971
1449009808138305091
1449009808188267577
1449009808238313833
1449009808288316635
1449009808338318283
1449009808388311676
1449009808438315763
1449009808488314572
1449009808538314827
1449009808588312029
1449009808638302445
1449009808688265823
1449009808738316600
1449009808788299365
1449009808838271163
1449009808888252856
1449009808938308998
1449009808988313195
1449009809038314162
1449009809088270247
1449009809138302011
1449009809188267648
1449009809238314746
1449009809288315699
1449009809338319496
1449009809388271732
1449009809438274466
1449009809488255197
1449009809538306361
1449009809588275797
1449009809638283181
1449009809688271944
1449009809738294607
1449009809788304444
1449009809838317792
1449009809888316033
1449009809938312813
1449009809988315294
1449009810038274790
1449009810088265640
1449009810138310604
1449009810188315389
1449009810238320235
1449009810288314032
1449009810338317431
1449009810388295860
1449009810438269819
1449009810488310162
1449009810538316625
1449009810588299761
1449009810638311723
1449009810688313872
1449009810738306721
1449009810788267356
1449009810838317622
1449009810888316413
1449009810938283427
1449009810988313550
1449009811038314694
1449009811088271951
1449009811138311379
1449009811188316024
1449009811238316309
1449009811288272762
1449009811338309507
1449009811388313985
1449009811438315556
1449009811488314569
1449009811538311109
1449009811588294051
1449009811638283552
1449009811688315593
1449009811738295532
1449009811788278101
1449009811838317227
1449009811888274375
1449009811938311066
1449009811988318140
1449009812038315789
1449009812088274574
1449009812138296104
1449009812188318884
1449009812238318117
1449009812288318883
1449009812338313897
1449009812388313741
1449009812438316635
1449009812488318471
1449009812538317821
1449009812588311565
1449009812638316063
1449009812688314775
1449009812738313563
1449009812788313628
1449009812838268400
1449009812888310607
1449009812938300950
1449009812988315611
1449009813038314336
1449009813088316646
1449009813138303544
1449009813188313468
1449009813238253483
1449009813288272809
1449009813338313853
1449009813388314519
1449009813438316382
1449009813488313513
1449009813538316144
1449009813588311438
1449009813638316136
1449009813688313191
1449009813738314382
1449009813788315131
1449009813838317505
1449009813888253237
1449009813938267020
1449009813988318551
1449009814038314674
1449009814088253647
1449009814138311940
1449009814188318981
1449009814238256601
1449009814288244732
1449009814338307435
1449009814388296682
1449009814438254471
1449009814488244600
1449009814538307344
1449009814588321444
1449009814638258385
1449009814688311300
1449009814738284811
1449009814788267016
1449009814838318651
1449009814888253468
1449009814938310625
1449009814988317051
1449009815038255129
1449009815088244747
1449009815138260554
1449009815188320120
1449009815238253507
1449009815288312088
1449009815338318146
1449009815388256110
1449009815438312359
1449009815488319634
1449009815538254992
1449009815588310188
1449009815638320476
1449009815688258544
1449009815738316079
1449009815788286620
1449009815838258581
1449009815888245653
1449009815938275422
1449009815988317188
1449009816038282868
1449009816088257599
1449009816138311940
1449009816188316348
1449009816238254379
1449009816288300305
1449009816338269085
1449009816388257727
1449009816438314731
1449009816488260643
1449009816538315168
1449009816588319857
1449009816638318311
1449009816688319402
1449009816738254867
1449009816788277316
1449009816838321728
1449009816888255519
1449009816938311798
1449009816988319904
1449009817038256372
1449009817088244028
1449009817138308178
1449009817188315747
1449009817238253841
1449009817288242935
1449009817338305758
1449009817388279647
1449009817438312085
1449009817488309671
1449009817538253201
1449009817588313523
1449009817638319795
1449009817688255711
1449009817738313907
1449009817788304137
1449009817838255772
1449009817888246776
1449009817938311240
1449009817988318344
1449009818038258303
1449009818088246076
1449009818138310507
1449009818188320765
1449009818238258338
1449009818288247836
1449009818338308705
1449009818388304901
1449009818438321396
1449009818488317499
1449009818538256041
1449009818588312474
1449009818638301290
1449009818688253062
1449009818738311856
1449009818788286173
1449009818838255040
1449009818888245316
1449009818938307856
1449009818988320660
1449009819038255246
1449009819088243377
1449009819138309071
1449009819188315917
1449009819238253614
1449009819288243172
1449009819338307616
1449009819388315495
1449009819438254983
1449009819488244380
1449009819538280022
1449009819588315337
1449009819638254674
1449009819688311541
1449009819738320362
1449009819788307023
1449009819838254693
1449009819888277108
1449009819938319900
1449009819988318311
1449009820038283052
1449009820088318715
1449009820138318860
1449009820188317067
1449009820238267192
1449009820288316795
1449009820338281199
1449009820388314747
1449009820438316943
1449009820488317375
1449009820538318349
1449009820588314081
1449009820638256030
1449009820688317030
1449009820738314740
1449009820788281355
1449009820838277695
1449009820888316411
1449009820938316232
1449009820988313807
1449009821038317136
1449009821088317308
1449009821138318268
1449009821188311320
1449009821238317529
1449009821288317300
1449009821338277742
1449009821388314423
1449009821438314130
1449009821488316370
1449009821538315760
1449009821588315103
1449009821638275632
1449009821688315179
1449009821738298981
1449009821788281753
1449009821838319797
1449009821888316755
1449009821938317508
1449009821988315665
1449009822038317317
1449009822088315123
1449009822138316344
1449009822188284426
1449009822238315445
1449009822288281192
1449009822338316596
1449009822388270059
1449009822438315988
1449009822488285042
1449009822538316388
1449009822588312925
1449009822638295878
1449009822688319312
1449009822738325715
1449009822788315028
1449009822838314361
1449009822888316468
1449009822938296417
1449009822988316975
1449009823038315473
1449009823088315043
1449009823138316170
1449009823188323431
1449009823238315882
1449009823288319615
1449009823338300594
1449009823388312058
1449009823438314558
1449009823488311546
1449009823538310368
1449009823588265046
1449009823638317330
1449009823688280721
1449009823738319400
1449009823788282892
1449009823838319142
1449009823888319398
1449009823938318086
1449009823988318438
1449009824038268309
1449009824088318571
1449009824138316371
1449009824188315744
1449009824238314663
1449009824288314033
1449009824338295669
1449009824388314794
1449009824438298715
1449009824488300898
1449009824538285401
1449009824588317950
1449009824638319147
1449009824688316442
1449009824738315745
1449009824788296516
1449009824838317475
1449009824888313701
1449009824938317017
1449009824988315421
1449009825038317454
1449009825088313276
1449009825138317056
1449009825188315066
1449009825238314352
1449009825288313572
1449009825338312858
1449009825388304978
1449009825438278860
1449009825488317359
1449009825538314952
1449009825588315240
1449009825638316110
1449009825688317458
1449009825738316811
1449009825788271390
1449009825838315063
1449009825888314082
1449009825938314869
1449009825988316537
1449009826038315680
1449009826088313179
1449009826138313872
1449009826188307556
1449009826238311589
1449009826288266235
1449009826338279486
1449009826388315308
1449009826438313305
1449009826488272801
1449009826538311554
1449009826588279850
1449009826638316297
1449009826688316215
1449009826738320155
1449009826788296480
1449009826838253390
1449009826888319284
1449009826938312360
1449009826988313794
1449009827038316562
1449009827088313416
1449009827138314867
1449009827188314468
1449009827238300431
1449009827288299336
1449009827338303577
1449009827388312703
1449009827438299825
1449009827488316049
1449009827538309729
1449009827588316076
1449009827638316087
1449009827688314338
1449009827738297504
1449009827788297318
1449009827838318040
1449009827888314604
1449009827938297269
1449009827988315582
1449009828038284022
1449009828088321501
1449009828138271011
1449009828188280718
1449009828238314513
1449009828288316088
1449009828338268996
1449009828388311821
1449009828438317568
1449009828488319848
1449009828538312783
1449009828588319052
1449009828638270510
1449009828688315193
1449009828738388196
1449009828788299119
1449009828838318484
1449009828888310725
1449009828938325249
1449009828988317105
1449009829038316094
1449009829088297737
1449009829138320971
1449009829188315661
1449009829238315719
1449009829288315293
1449009829338318715
1449009829388315469
1449009829438317782
1449009829488297070
1449009829538317504
1449009829588316513
1449009829638316779
1449009829688315490
