1449010162498579103
1449010162548592650
1449010162598556647
1449010162648610826
1449010162698607573
1449010162748620210
1449010162798596280
1449010162848602897
1449010162898610392
1449010162948591016
1449010162998587736
1449010163048601743
1449010163098604905
1449010163148611995
1449010163198595322
1449010163248568279
1449010163298583689
1449010163348591815
1449010163398608033
1449010163448572701
1449010163498588685
1449010163548572413
1449010163598591711
1449010163648563305
1449010163698577976
1449010163748585512
1449010163798587407
1449010163848567946
1449010163898600118
1449010163948571615
1449010163998571964
1449010164048570021
1449010164098596432
1449010164148576766
1449010164198589716
1449010164248631599
1449010164298621842
1449010164348568931
1449010164398561845
1449010164448573551
1449010164498559237
1449010164548601776
1449010164598591244
1449010164648627477
1449010164698603975
1449010164748587977
1449010164798591530
1449010164848583038
1449010164898591709
1449010164948608389
1449010164998625636
1449010165048623228
1449010165098566012
1449010165148565570
1449010165198619093
1449010165248623718
1449010165298625941
1449010165348594324
1449010165398588923
1449010165448590344
1449010165498626397
1449010165548625991
1449010165598628819
1449010165648586701
1449010165698625207
1449010165748589965
1449010165798626776
1449010165848572191
1449010165898605892
1449010165948575147
1449010165998564016
1449010166048618100
1449010166098587916
1449010166148623141
1449010166198590097
1449010166248583831
1449010166298596635
1449010166348564832
1449010166398563893
1449010166448607844
1449010166498574049
1449010166548621344
1449010166598574459
1449010166648559648
1449010166698580282
1449010166748620514
1449010166798589081
1449010166848567082
1449010166898564160
1449010166948610727
1449010166998564916
1449010167048618838
1449010167098558074
1449010167148558784
1449010167198556229
1449010167248577868
1449010167298570832
1449010167348609666
1449010167398565799
1449010167448579283
1449010167498618450
1449010167548564123
1449010167598567640
1449010167648557662
1449010167698559372
1449010167748595411
1449010167798562181
1449010167848557699
1449010167898556377
1449010167948556424
1449010167998616572
1449010168048574200
1449010168098583446
1449010168148566419
1449010168198580405
1449010168248614407
1449010168298584888
1449010168348608637
1449010168398591112
1449010168448611629
1449010168498621770
1449010168548620472
1449010168598570995
1449010168648614301
1449010168698574445
1449010168748617738
1449010168798569396
1449010168848554349
1449010168898614949
1449010168948615117
1449010168998623093
1449010169048589639
1449010169098607958
1449010169148568472
1449010169198556138
1449010169248593814
1449010169298583321
1449010169348576935
1449010169398588963
1449010169448563931
1449010169498600365
1449010169548570719
1449010169598620778
1449010169648623609
1449010169698583706
1449010169748571366
1449010169798575503
1449010169848558009
1449010169898570166
1449010169948559988
1449010169998602911
1449010170048603340
1449010170098625144
1449010170148585566
1449010170198561095
1449010170248613926
1449010170298583308
1449010170348584926
1449010170398622737
1449010170448608088
1449010170498616071
1449010170548619594
1449010170598606519
1449010170648592358
1449010170698588988
1449010170748616616
1449010170798585744
1449010170848617674
1449010170898620896
1449010170948584318
1449010170998612002
1449010171048621889
1449010171098626527
1449010171148562377
1449010171198606979
1449010171248620742
1449010171298585172
1449010171348621954
1449010171398567720
1449010171448617760
1449010171498562947
1449010171548626299
1449010171598622231
1449010171648558220
1449010171698560059
1449010171748552306
1449010171798620038
1449010171848624914
1449010171898622306
1449010171948624673
1449010171998627066
1449010172048564353
1449010172098620056
1449010172148625974
1449010172198628805
1449010172248625416
1449010172298631668
1449010172348625074
1449010172398583973
1449010172448622772
1449010172498590727
1449010172548624645
1449010172598628646
1449010172648625373
1449010172698626286
1449010172748592164
1449010172798596521
1449010172848620053
1449010172898627381
1449010172948627452
1449010172998630343
1449010173048596964
1449010173098617317
1449010173148624100
1449010173198586072
1449010173248624841
1449010173298627832
1449010173348624496
1449010173398632669
1449010173448625384
1449010173498621333
1449010173548625851
1449010173598627416
1449010173648562548
1449010173698625244
1449010173748562309
1449010173798609594
1449010173848572311
1449010173898604526
1449010173948631575
1449010173998598805
1449010174048569000
1449010174098561757
1449010174148564654
1449010174198569705
1449010174248579575
1449010174298585666
1449010174348618085
1449010174398571254
1449010174448559740
1449010174498579403
1449010174548587688
1449010174598570090
1449010174648613235
1449010174698595415
1449010174748561885
1449010174798561544
1449010174848581318
1449010174898646922
1449010174948611433
1449010174998602824
1449010175048564925
1449010175098553566
1449010175148570215
1449010175198567266
1449010175248555684
1449010175298569016
1449010175348559618
1449010175398575709
1449010175448613858
1449010175498572786
1449010175548612538
1449010175598615673
1449010175648618999
1449010175698624332
1449010175748620982
1449010175798623312
1449010175848624229
1449010175898564888
1449010175948559286
1449010175998561004
1449010176048564725
1449010176098619358
1449010176148564307
1449010176198615676
1449010176248583320
1449010176298586121
1449010176348580811
1449010176398581697
1449010176448619795
1449010176498586778
1449010176548601069
1449010176598626695
1449010176648624458
1449010176698618596
1449010176748561772
1449010176798626008
1449010176848618413
1449010176898583528
1449010176948623046
1449010176998602741
1449010177048623850
1449010177098582929
1449010177148590337
1449010177198622939
1449010177248565166
1449010177298594186
1449010177348623093
1449010177398564123
1449010177448611727
1449010177498596304
1449010177548587177
1449010177598603950
1449010177648617589
1449010177698601858
1449010177748561598
1449010177798586870
1449010177848621299
1449010177898619593
1449010177948565499
1449010177998615837
1449010178048617379
1449010178098561373
1449010178148623843
1449010178198570208
1449010178248614438
1449010178298604881
1449010178348561753
1449010178398563533
1449010178448563284
1449010178498614665
1449010178548573409
1449010178598592567
1449010178648589655
1449010178698617520
1449010178748576644
1449010178798617997
1449010178848583697
1449010178898617469
1449010178948562502
1449010178998601712
1449010179048619718
1449010179098583109
1449010179148583782
1449010179198586523
1449010179248585084
1449010179298568019
1449010179348615236
1449010179398568078
1449010179448561974
1449010179498559757
1449010179548613133
1449010179598628075
1449010179648617004
1449010179698615014
1449010179748568318
1449010179798619875
1449010179848622990
1449010179898608756
1449010179948584622
1449010179998626054
1449010180048609665
1449010180098626805
1449010180148623626
1449010180198626781
1449010180248624016
1449010180298593091
1449010180348590914
1449010180398579917
1449010180448568761
1449010180498565918
1449010180548617733
1449010180598573775
1449010180648623549
1449010180698569493
1449010180748616409
1449010180798608405
1449010180848560949
1449010180898579245
1449010180948623534
1449010180998627230
1449010181048622233
1449010181098630280
1449010181148623649
1449010181198623220
1449010181248565104
1449010181298614904
1449010181348566426
1449010181398565441
1449010181448582451
1449010181498567476
1449010181548609932
1449010181598570133
1449010181648599308
1449010181698591615
1449010181748565129
1449010181798600367
1449010181848615117
1449010181898586265
1449010181948574566
1449010181998579993
1449010182048566411
1449010182098572221
1449010182148589114
1449010182198571889
1449010182248586484
1449010182298587167
1449010182348612520
1449010182398584888
1449010182448563003
1449010182498586708
1449010182548563517
1449010182598612008
1449010182648600009
1449010182698602854
1449010182748593731
1449010182798614897
1449010182848608597
1449010182898599241
1449010182948559360
1449010182998569132
1449010183048563378
1449010183098566027
1449010183148591483
1449010183198568002
1449010183248571978
1449010183298586018
1449010183348589975
1449010183398606848
1449010183448611410
1449010183498575809
1449010183548568442
1449010183598583367
1449010183648573917
1449010183698583924
1449010183748619727
1449010183798624783
1449010183848561983
1449010183898614198
1449010183948569255
1449010183998574501
1449010184048582914
1449010184098620137
1449010184148575223
1449010184198618736
1449010184248625252
1449010184298621408
1449010184348611881
1449010184398629683
1449010184448626026
1449010184498629138
1449010184548628224
1449010184598630193
1449010184648626613
1449010184698626200
1449010184748623482
1449010184798622481
1449010184848623114
1449010184898626696
1449010184948623681
1449010184998586267
1449010185048623784
1449010185098566581
1449010185148577809
1449010185198621205
1449010185248622329
1449010185298564736
1449010185348580380
1449010185398609818
1449010185448584586
1449010185498611612
1449010185548590108
1449010185598602631
1449010185648583054
1449010185698623838
1449010185748622981
1449010185798623871
1449010185848615520
1449010185898603454
1449010185948612489
1449010185998615758
1449010186048594464
1449010186098621503
1449010186148626813
1449010186198629488
1449010186248625864
1449010186298587913
1449010186348566504
1449010186398559582
1449010186448593476
1449010186498625233
1449010186548622631
1449010186598595378
1449010186648620920
1449010186698625341
1449010186748608308
1449010186798586954
1449010186848619412
1449010186898626272
1449010186948585150
1449010186998570563
1449010187048620486
1449010187098567638
1449010187148615541
1449010187198626397
1449010187248584069
1449010187298627132
1449010187348589798
1449010187398567928
1449010187448605657
1449010187498585219
1449010187548571980
1449010187598579351
1449010187648603681
1449010187698624901
1449010187748568872
1449010187798617122
1449010187848624240
1449010187898565169
1449010187948624065
1449010187998604843
1449010188048577262
1449010188098594516
1449010188148579379
1449010188198626447
1449010188248625690
1449010188298627823
1449010188348624260
1449010188398571767
1449010188448586323
1449010188498584170
1449010188548597494
1449010188598592284
1449010188648569505
1449010188698569591
1449010188748614044
1449010188798563029
1449010188848554558
1449010188898568655
1449010188948569071
1449010188998564791
1449010189048607771
1449010189098585579
1449010189148598683
1449010189198608453
1449010189248564442
1449010189298565336
1449010189348616549
1449010189398563232
1449010189448612389
1449010189498569794
1449010189548590886
1449010189598611999
1449010189648567123
1449010189698609750
1449010189748616329
1449010189798600137
1449010189848618413
1449010189898564806
1449010189948565115
1449010189998583108
1449010190048560197
1449010190098586277
1449010190148708457
1449010190198616542
1449010190248563099
1449010190298564890
1449010190348608695
1449010190398622684
1449010190448619024
1449010190498596675
1449010190548589580
1449010190598560880
1449010190648620753
1449010190698562337
1449010190748619460
1449010190798626380
1449010190848622249
1449010190898621552
1449010190948622592
1449010190998564523
1449010191048594200
1449010191098586023
1449010191148587792
1449010191198622789
1449010191248624712
1449010191298626176
1449010191348623628
1449010191398628194
1449010191448609275
1449010191498625851
1449010191548622672
1449010191598606343
1449010191648622060
1449010191698626047
1449010191748624043
1449010191798565447
1449010191848592642
1449010191898627632
1449010191948590393
1449010191998585934
1449010192048584114
1449010192098559436
1449010192148611726
1449010192198575345
1449010192248590177
1449010192298581198
1449010192348605574
1449010192398627662
