1449015221011195373 1449015221171443382
1449015221061213472 1449015221221478510
1449015221111206260 1449015221271475114
1449015221161188645 1449015221321325242
1449015221211236020 1449015221371509715
1449015221261225778 1449015221421499764
1449015221411241855 1449015221571516024
1449015221461222105 1449015221621496665
1449015221511241795 1449015221671519635
1449015221561211931 1449015221721493748
1449015221611242465 1449015221771514713
1449015221661206929 1449015221821482181
1449015221711243681 1449015221871515932
1449015221761212288 1449015221921468316
1449015221811242203 1449015221971516135
1449015221861246117 1449015222021485327
1449015221911242423 1449015222071471246
1449015221961237483 1449015222121513069
1449015222011225705 1449015222171499333
1449015222061222422 1449015222221455297
1449015222111231327 1449015222271495490
1449015222161247471 1449015222321515383
1449015222211242211 1449015222371497677
1449015222261244815 1449015222421517434
1449015222411242209 1449015222571475118
1449015222461223592 1449015222621484812
1449015222511241942 1449015222671521028
1449015222561212099 1449015222721473916
1449015222611236950 1449015222771476828
1449015222661212379 1449015222821496577
1449015222711244429 1449015222871516216
1449015222761245550 1449015222921504200
1449015222811245307 1449015222971497410
1449015222911243619 1449015223071526408
1449015222961209523 1449015223121490408
1449015223011242185 1449015223171514497
1449015223061247509 1449015223221514001
1449015223161247127 1449015223321522980
1449015223211243494 1449015223371517102
1449015223261235591 1449015223421511096
1449015223311243089 1449015223471522630
1449015223361245466 1449015223521520139
1449015223411241658 1449015223571519583
1449015223461244870 1449015223621517653
1449015223511243368 1449015223671514838
1449015223561216522 1449015223721475457
1449015223611211823 1449015223771484899
1449015223661245427 1449015223821521200
1449015223711241272 1449015223871524111
1449015223761247033 1449015223921487917
1449015223811243700 1449015223971531724
1449015223861242151 1449015224021521212
1449015223911211092 1449015224071485980
1449015223961244509 1449015224121517750
1449015224011223827 1449015224171498598
1449015224061245130 1449015224221520205
1449015224161245591 1449015224321522188
1449015224211239906 1449015224371507236
1449015224261243612 1449015224421531803
1449015224311237753 1449015224471514084
1449015224361246364 1449015224521520156
1449015224411237182 1449015224571510736
1449015224461243197 1449015224621519190
1449015224511243081 1449015224671524740
1449015224561217153 1449015224721501562
1449015224611246942 1449015224771519424
1449015224661244879 1449015224821515680
1449015224711211909 1449015224871454369
1449015224761231201 1449015224921514330
1449015224811242772 1449015224971480879
1449015224861211552 1449015225021483857
1449015224911242296 1449015225071515249
1449015224961245318 1449015225121518194
1449015225011242052 1449015225171513959
1449015225061245558 1449015225221510723
1449015225111243177 1449015225271517416
1449015225161249987 1449015225321528964
1449015225211242184 1449015225371512622
1449015225261246034 1449015225421519271
1449015225311241114 1449015225471511742
1449015225361243789 1449015225521524883
1449015225411242808 1449015225571521033
1449015225461243955 1449015225621517873
1449015225511241033 1449015225671515245
1449015225561209246 1449015225721480344
1449015225611242045 1449015225771510778
1449015225711209794 1449015225871493892
1449015225761242577 1449015225921491852
1449015225811211852 1449015225971486916
1449015225861250804 1449015226021526233
1449015225911245881 1449015226071507203
1449015225961243828 1449015226121509752
1449015226011220453 1449015226171499550
1449015226061244826 1449015226221517859
1449015226161246162 1449015226321520007
1449015226211242695 1449015226371478478
1449015226261244795 1449015226421518042
1449015226311236989 1449015226471508602
1449015226361243424 1449015226521514894
1449015226411245163 1449015226571512249
1449015226461244947 1449015226621513878
1449015226511242072 1449015226671484426
1449015226561245003 1449015226721515103
1449015226611236452 1449015226771489547
1449015226661244241 1449015226821510903
1449015226711243033 1449015226871521555
1449015226761225204 1449015226921506192
1449015226811241275 1449015226971494076
1449015226861245028 1449015227021517754
1449015226911244826 1449015227071522757
1449015227011245894 1449015227171516368
1449015227061245702 1449015227221516440
1449015227161225522 1449015227321495659
1449015227211240938 1449015227371508770
1449015227261244177 1449015227421511878
1449015227311242144 1449015227471511021
1449015227361246615 1449015227521520610
1449015227411241608 1449015227571518103
1449015227461235095 1449015227621505475
1449015227561213312 1449015227721465060
1449015227611241761 1449015227771509950
1449015227661210682 1449015227821484677
1449015227711209049 1449015227871481588
1449015227761210781 1449015227921486200
1449015227811243146 1449015227971511388
1449015227861246398 1449015228021417594
1449015227911242076 1449015228071511331
1449015227961244246 1449015228121509388
1449015228011234254 1449015228171475439
1449015228061245438 1449015228221491152
1449015228111242760 1449015228271485123
1449015228161244896 1449015228321489555
1449015228211241413 1449015228371487722
1449015228261242757 1449015228421489848
1449015228311230053 1449015228471468364
1449015228361245706 1449015228521454467
1449015228411207775 1449015228571486003
1449015228461243638 1449015228621516798
1449015228511240448 1449015228671472729
1449015228561235736 1449015228721448746
1449015228611242102 1449015228771486944
1449015228711240748 1449015228871483456
1449015228761245279 1449015228921488856
1449015228811242742 1449015228971478524
1449015228861244841 1449015229021490051
1449015228961243454 1449015229121492239
1449015229011242025 1449015229171485739
1449015229111243491 1449015229271485404
1449015229211241683 1449015229371479259
1449015229261238213 1449015229421482675
1449015229311240022 1449015229471476603
1449015229361246512 1449015229521437509
1449015229461243975 1449015229621476343
1449015229511240549 1449015229671443981
1449015229561207211 1449015229721488466
1449015229611234461 1449015229771487278
1449015229661192778 1449015229821470889
1449015229711239809 1449015229871468218
1449015229761243292 1449015229921508400
1449015229911239838 1449015230071507599
1449015229961243481 1449015230121547648
1449015230011244334 1449015230171543303
1449015230061244218 1449015230221541172
1449015230111240929 1449015230271431208
1449015230161243339 1449015230321531874
1449015230211242345 1449015230371510397
1449015230261243282 1449015230421403552
1449015230361243117 1449015230521520664
1449015230411201605 1449015230571469155
1449015230461246568 1449015230621514626
1449015230511241174 1449015230671475489
1449015230561212306 1449015230721487107
1449015230611245382 1449015230771513942
1449015230661207608 1449015230821484413
1449015230711241566 1449015230871511733
1449015230761243576 1449015230921491502
1449015230811237333 1449015230971506020
1449015230861246318 1449015231021520270
1449015230911241762 1449015231071512704
1449015230961242612 1449015231121513009
1449015231011240315 1449015231171493653
1449015231061244546 1449015231221516580
1449015231111240568 1449015231271504404
1449015231161242524 1449015231321513790
1449015231211240140 1449015231371508082
1449015231261243696 1449015231421494559
1449015231311242588 1449015231471512374
1449015231361242706 1449015231521512125
1449015231461234353 1449015231621485216
1449015231511239476 1449015231671486561
1449015231611218896 1449015231771484706
1449015231661243590 1449015231821513773
1449015231761230222 1449015231921500750
1449015231811241536 1449015231971518902
1449015231861205703 1449015232021487138
1449015231911242197 1449015232071516406
1449015231961207927 1449015232121483616
1449015232011243886 1449015232171515727
1449015232061229044 1449015232221506564
1449015232111237478 1449015232271503271
1449015232161242584 1449015232321512407
1449015232261244140 1449015232421465199
1449015232311246831 1449015232471515314
1449015232361242830 1449015232521508951
1449015232461242632 1449015232621478187
1449015232511240225 1449015232671506700
1449015232561199227 1449015232721468498
1449015232611267606 1449015232771538565
1449015232661246299 1449015232821501325
1449015232811192110 1449015232971456210
1449015232861243298 1449015233021516972
1449015232911211704 1449015233071487203
1449015232961244821 1449015233121518051
1449015233011226537 1449015233171496918
1449015233061247072 1449015233221522076
1449015233111241751 1449015233271507491
1449015233161242895 1449015233321513947
1449015233211240949 1449015233371510200
1449015233261243071 1449015233421515924
1449015233311240113 1449015233471509952
1449015233361243104 1449015233521498156
1449015233411210578 1449015233571463065
1449015233461242071 1449015233621519751
1449015233511223450 1449015233671492444
1449015233561251268 1449015233721508886
1449015233611244156 1449015233771523988
1449015233661244565 1449015233821515230
1449015233711241911 1449015233871510658
1449015233761245664 1449015233921519766
1449015233861240739 1449015234021512031
1449015233911242401 1449015234071552478
1449015234011242814 1449015234171540490
1449015234061245832 1449015234221542623
1449015234111243558 1449015234271544000
1449015234161247158 1449015234321538670
1449015234211241259 1449015234371537879
1449015234261246643 1449015234421533243
1449015234311241399 1449015234471529657
1449015234361243899 1449015234521485728
1449015234411223701 1449015234571503918
1449015234461221832 1449015234621502285
1449015234511244468 1449015234671489698
1449015234561208431 1449015234721441724
1449015234611240408 1449015234771514898
1449015234661245143 1449015234821524591
1449015234711241533 1449015234871514523
1449015234811243530 1449015234971495853
1449015234861243234 1449015235021456181
1449015234911240894 1449015235071516055
1449015234961245823 1449015235121527522
1449015235011202847 1449015235171428322
1449015235061198552 1449015235221452488
1449015235111234906 1449015235271510454
1449015235161243640 1449015235321512574
1449015235211235246 1449015235371497421
1449015235261243870 1449015235421506112
1449015235311239368 1449015235471496538
1449015235361243138 1449015235521513278
1449015235411234262 1449015235571505815
1449015235461193996 1449015235621479617
1449015235561248946 1449015235721513784
1449015235611239686 1449015235771514266
1449015235661243329 1449015235821522767
1449015235761238728 1449015235921506343
1449015235861240609 1449015236021521483
1449015235911241916 1449015236071506784
1449015235961244243 1449015236121522231
1449015236011241962 1449015236171518447
1449015236111235520 1449015236271517076
1449015236161245097 1449015236321527551
1449015236211242729 1449015236371512278
1449015236261244000 1449015236421509810
1449015236311250419 1449015236471457520
1449015236361240923 1449015236521519017
1449015236411225426 1449015236571493701
1449015236461241179 1449015236621491778
1449015236511226384 1449015236671506316
1449015236611243482 1449015236771496373
1449015236661244459 1449015236821498816
1449015236711241594 1449015236871521038
1449015236761244261 1449015236921520682
1449015236811243591 1449015236971514703
1449015236861243836 1449015237021523644
1449015236911241315 1449015237071518648
1449015237011247465 1449015237171526876
1449015237061245979 1449015237221530141
1449015237111242593 1449015237271513568
1449015237161244198 1449015237321525203
1449015237211209982 1449015237371480549
1449015237261245617 1449015237421488632
1449015237311241673 1449015237471505251
1449015237361227833 1449015237521493810
1449015237461241644 1449015237621510394
1449015237511243038 1449015237671509186
1449015237561209213 1449015237721477559
1449015237611241661 1449015237771513004
1449015237661243273 1449015237821532736
1449015237711240047 1449015237871506812
1449015237761241024 1449015237921523826
1449015237811242525 1449015237971479239
1449015237861253789 1449015238021530804
1449015237911250532 1449015238071523953
1449015238011242150 1449015238171520495
1449015238111240181 1449015238271513662
1449015238161243189 1449015238321498338
1449015238211239993 1449015238371494939
1449015238261244024 1449015238421488205
1449015238361220363 1449015238521493737
1449015238411230514 1449015238571494443
1449015238461243989 1449015238621471045
1449015238511224820 1449015238671486628
1449015238561210559 1449015238721464760
1449015238611238521 1449015238771513268
1449015238661243233 1449015238821518451
1449015238711242569 1449015238871486406
1449015238761243917 1449015238921517114
1449015238811242545 1449015238971524712
1449015238861220126 1449015239021498982
1449015238911245267 1449015239071508010
1449015238961241797 1449015239121482030
1449015239011241364 1449015239171510746
1449015239061243728 1449015239221514690
1449015239111241270 1449015239271505787
1449015239161243557 1449015239321503159
1449015239211240956 1449015239371511095
1449015239261239677 1449015239421515203
1449015239311225694 1449015239471503638
1449015239361243405 1449015239521520671
1449015239411243827 1449015239571514415
1449015239511238845 1449015239671508097
1449015239561241616 1449015239721510934
1449015239611241434 1449015239771521420
1449015239661247071 1449015239821527194
1449015239711242689 1449015239871513504
1449015239761244031 1449015239921525162
1449015239861243709 1449015240021517187
1449015239961244206 1449015240121526283
1449015240011240472 1449015240171515507
1449015240111197538 1449015240271431295
1449015240161248060 1449015240321481701
1449015240211241600 1449015240371507053
1449015240261226668 1449015240421496253
1449015240311242245 1449015240471483572
1449015240361247648 1449015240521485121
1449015240411243480 1449015240571518498
1449015240461247701 1449015240621526046
1449015240511244879 1449015240671524213
1449015240561246915 1449015240721484531
1449015240611244033 1449015240771462052
1449015240661245558 1449015240821501155
1449015240711244019 1449015240871522161
1449015240761204728 1449015240921423318
1449015240811239669 1449015240971450324
1449015240861226674 1449015241021474650
1449015240911243988 1449015241071513242
1449015240961203050 1449015241121420326
1449015241061246812 1449015241221488123
1449015241111242112 1449015241271501805
1449015241161245358 1449015241321490260
1449015241211241651 1449015241371519171
1449015241261234947 1449015241421513088
1449015241311239117 1449015241471460206
1449015241361246659 1449015241521525686
1449015241411243554 1449015241571521601
1449015241461247253 1449015241621528839
1449015241511241729 1449015241671507830
1449015241561236131 1449015241721486452
1449015241611195132 1449015241771467000
1449015241661243751 1449015241821509751
1449015241761245344 1449015241921524942
1449015241811240761 1449015241971488687
1449015241861246516 1449015242021525716
1449015241911242104 1449015242071511425
1449015241961245439 1449015242121528067
1449015242011242343 1449015242171512931
1449015242111242319 1449015242271510528
1449015242161244967 1449015242321545165
1449015242211226226 1449015242371523417
1449015242311242963 1449015242471511843
1449015242361245470 1449015242521511531
1449015242411203373 1449015242571481641
1449015242461243017 1449015242621524860
1449015242511241953 1449015242671511421
1449015242561204593 1449015242721485353
1449015242611241721 1449015242771520090
1449015242761245988 1449015242921445842
1449015242811241794 1449015242971508977
1449015242861246292 1449015243021527737
1449015242911244088 1449015243071520389
1449015243011242093 1449015243171520869
1449015243111241818 1449015243271518947
1449015243161183107 1449015243321413663
1449015243211212241 1449015243371483136
1449015243261244458 1449015243421526833
1449015243311250453 1449015243471521218
1449015243361229180 1449015243521479475
1449015243411240520 1449015243571513349
1449015243461241958 1449015243621510588
1449015243511241341 1449015243671508277
1449015243561199859 1449015243721482397
1449015243611242777 1449015243771521747
1449015243661248949 1449015243821525941
1449015243711240351 1449015243871519916
1449015243761241432 1449015243921518644
1449015243811242081 1449015243971462819
1449015243861208824 1449015244021479715
1449015243911207258 1449015244071475270
1449015243961228872 1449015244121485270
1449015244011241348 1449015244171472005
1449015244111226981 1449015244271505477
1449015244161213379 1449015244321492359
1449015244211242426 1449015244371518897
1449015244311240979 1449015244471509141
1449015244361245203 1449015244521520701
1449015244411241031 1449015244571527552
1449015244461244217 1449015244621519826
1449015244511226394 1449015244671503570
1449015244561243087 1449015244721514800
1449015244611241718 1449015244771512302
1449015244661242739 1449015244821504536
1449015244711239997 1449015244871510337
1449015244761244074 1449015244921516773
1449015244811239582 1449015244971510126
1449015244861242847 1449015245021513425
1449015244911240951 1449015245071491574
1449015244961243512 1449015245121518633
1449015245011239714 1449015245171488696
1449015245061222700 1449015245221497147
1449015245111240402 1449015245271512329
1449015245161223665 1449015245321497671
1449015245211239776 1449015245371510444
1449015245261242026 1449015245421524484
1449015245311235670 1449015245471504697
1449015245361235965 1449015245521516512
1449015245411243139 1449015245571513543
1449015245461229062 1449015245621502022
1449015245511240256 1449015245671501856
1449015245561241506 1449015245721524215
1449015245611242072 1449015245771514167
1449015245661238496 1449015245821510249
1449015245711239148 1449015245871510812
1449015245761243039 1449015245921516954
1449015245811249368 1449015245971520844
1449015245861233386 1449015246021491863
1449015245911240697 1449015246071518281
1449015245961239356 1449015246121509866
1449015246011207090 1449015246171433795
1449015246061241293 1449015246221511823
1449015246111208510 1449015246271498441
1449015246161206637 1449015246321481200
1449015246211239496 1449015246371511557
1449015246311241436 1449015246471524673
1449015246361225692 1449015246521508521
1449015246411241746 1449015246571512207
1449015246461243017 1449015246621519856
1449015246511249991 1449015246671531360
1449015246561218237 1449015246721492977
1449015246611213314 1449015246771449798
1449015246661244125 1449015246821487681
1449015246761243914 1449015246921503968
1449015246811224107 1449015246971481077
1449015246861244197 1449015247021485676
1449015246911241409 1449015247071512691
1449015246961224505 1449015247121499890
1449015247011233143 1449015247171498342
1449015247061247286 1449015247221518285
1449015247161192882 1449015247321444714
1449015247211239032 1449015247371519916
1449015247261240105 1449015247421512096
1449015247361244077 1449015247521518102
1449015247411220705 1449015247571491126
1449015247461232650 1449015247621505794
1449015247511241261 1449015247671517762
1449015247561203945 1449015247721445346
1449015247611197167 1449015247771465056
1449015247661244319 1449015247821525404
1449015247711244023 1449015247871511306
1449015247761246162 1449015247921497296
1449015247811214442 1449015247971449305
1449015247861241324 1449015248021497847
1449015247911194773 1449015248071454550
1449015247961196258 1449015248121360662
1449015248011243323 1449015248171479930
1449015248061245953 1449015248221509492
1449015248111211216 1449015248271471604
1449015248161241372 1449015248321503504
1449015248211242369 1449015248371503923
1449015248311242422 1449015248471502232
1449015248361245023 1449015248521507789
1449015248411244255 1449015248571505191
1449015248461245323 1449015248621509138
1449015248511246172 1449015248671483458
1449015248561234962 1449015248721497180
1449015248611251484 1449015248771512426
1449015248661246070 1449015248821506237
1449015248711243191 1449015248871485568
1449015248761247038 1449015248921481176
1449015248811242449 1449015248971469164
1449015248861227456 1449015249021496377
1449015248911247683 1449015249071490712
1449015248961245707 1449015249121525081
1449015249011244011 1449015249171523779
1449015249061247056 1449015249221527723
1449015249111241855 1449015249271523294
1449015249161204886 1449015249321474097
1449015249211240896 1449015249371522034
1449015249261245414 1449015249421525497
1449015249311241306 1449015249471521278
1449015249361226123 1449015249521507041
1449015249411225286 1449015249571506037
1449015249461209695 1449015249621489387
1449015249511242818 1449015249671517686
1449015249561218247 1449015249721484308
1449015249661226388 1449015249821474041
1449015249711241815 1449015249871470467
1449015249811224562 1449015249971485835
1449015249861255613 1449015250021506319
1449015249961245643 1449015250121472412
1449015250011240172 1449015250171505495
1449015250061243214 1449015250221508028
1449015250111240005 1449015250271504889
1449015250161244045 1449015250321511676
1449015250211240375 1449015250371499062
1449015250261244609 1449015250421508705
1449015250311241734 1449015250471506762
1449015250361244872 1449015250521506827
1449015250411223007 1449015250571483175
1449015250461245947 1449015250621510414
1449015250511242197 1449015250671501729
1449015250561187103 1449015250721445102
1449015250611242604 1449015250771486384
