1449015130334968639 1449015130495188094
1449015130484996042 1449015130645256747
1449015130535001436 1449015130695263574
1449015130585004831 1449015130745269322
1449015130634976759 1449015130795210386
1449015130685007290 1449015130845269040
1449015130735004201 1449015130895268694
1449015130785004947 1449015130945271472
1449015130835001323 1449015130995262874
1449015130885004692 1449015131045266283
1449015130935000882 1449015131095271292
1449015130985004565 1449015131145270311
1449015131035002822 1449015131195263955
1449015131085003903 1449015131245178921
1449015131134984553 1449015131295228895
1449015131185006448 1449015131345277156
1449015131234991605 1449015131395338098
1449015131284971765 1449015131445298490
1449015131385036317 1449015131545282650
1449015131435002105 1449015131595238287
1449015131485004137 1449015131645296699
1449015131535001486 1449015131695313354
1449015131585012358 1449015131745279949
1449015131634967984 1449015131795273128
1449015131685003701 1449015131845272124
1449015131734998815 1449015131895354155
1449015131785005378 1449015131945338681
1449015131834986486 1449015131995315136
1449015131884979322 1449015132045290956
1449015131935001790 1449015132095249957
1449015131984974306 1449015132145245869
1449015132085009198 1449015132245247155
1449015132134975523 1449015132295190692
1449015132184973296 1449015132345222505
1449015132285007770 1449015132445246028
1449015132335005176 1449015132495251435
1449015132385011244 1449015132545261435
1449015132435006381 1449015132595250335
1449015132485008724 1449015132645253811
1449015132534972403 1449015132695220744
1449015132584976270 1449015132745241195
1449015132634978894 1449015132795256056
1449015132685009391 1449015132845248948
1449015132735004124 1449015132895241316
1449015132835008109 1449015132995258130
1449015132884978700 1449015133045254550
1449015132935008546 1449015133095281489
1449015132984991318 1449015133145267782
1449015133034989783 1449015133195195433
1449015133085014256 1449015133245270581
1449015133134987784 1449015133295247216
1449015133184976079 1449015133345230881
1449015133235007782 1449015133395233448
1449015133284970666 1449015133445201520
1449015133334969461 1449015133495202437
1449015133385005023 1449015133545269143
1449015133435001456 1449015133595264327
1449015133484982548 1449015133645215891
1449015133534977635 1449015133695211583
1449015133634996093 1449015133795268027
1449015133685004680 1449015133845235986
1449015133735000519 1449015133895229492
1449015133784967519 1449015133945228094
1449015133834970881 1449015133995233257
1449015133885004485 1449015134045265384
1449015133935000127 1449015134095374747
1449015133984952921 1449015134145212948
1449015134034960881 1449015134195177372
1449015134085004825 1449015134245275249
1449015134134987059 1449015134295251336
1449015134185008790 1449015134345207805
1449015134235005096 1449015134395244850
1449015134284980642 1449015134445251223
1449015134334970941 1449015134495222860
1449015134385005611 1449015134545282081
1449015134435000838 1449015134595276157
1449015134484972258 1449015134645232568
1449015134534942937 1449015134695180256
1449015134584981362 1449015134745274955
1449015134634968774 1449015134795233231
1449015134684998610 1449015134845246122
1449015134734970404 1449015134895226352
1449015134784990685 1449015134945220457
1449015134834969438 1449015134995208928
1449015134885006827 1449015135045277589
1449015134934971702 1449015135095231456
1449015134984973291 1449015135145170986
1449015135034998673 1449015135195237315
1449015135084980276 1449015135245203650
1449015135184992840 1449015135345236768
1449015135234971102 1449015135395248756
1449015135284979610 1449015135445253832
1449015135334976972 1449015135495182940
1449015135435003855 1449015135595271082
1449015135484970281 1449015135645158357
1449015135534972210 1449015135695234619
1449015135635018197 1449015135795278147
1449015135685005432 1449015135845275511
1449015135734982278 1449015135895226285
1449015135784972383 1449015135945239086
1449015135834997007 1449015135995224220
1449015135884989244 1449015136045246585
1449015135934969340 1449015136095206930
1449015135985004585 1449015136145228540
1449015136035001536 1449015136195265058
1449015136084968579 1449015136245230548
1449015136135001432 1449015136295210918
1449015136185004220 1449015136345239166
1449015136234969519 1449015136395206497
1449015136284972430 1449015136445180917
1449015136335000592 1449015136495241706
1449015136385003420 1449015136545216701
1449015136435000705 1449015136595230774
1449015136485004639 1449015136645244076
1449015136535000253 1449015136695264383
1449015136584972799 1449015136745235893
1449015136635000837 1449015136795256792
1449015136684976136 1449015136845243403
1449015136735005571 1449015136895269948
1449015136784973292 1449015136945242326
1449015136835004792 1449015136995232041
1449015136884974638 1449015137045204219
1449015136934974135 1449015137095239086
1449015136984976495 1449015137145236034
1449015137034981267 1449015137195243532
1449015137085004614 1449015137245266659
1449015137135002675 1449015137295272300
1449015137184980025 1449015137345234670
1449015137234966746 1449015137395214492
1449015137284968100 1449015137445217246
1449015137334967170 1449015137495192027
1449015137385005117 1449015137545204236
1449015137434970122 1449015137595196510
1449015137485005942 1449015137645279065
1449015137534977582 1449015137695234716
1449015137585006382 1449015137745247212
1449015137634973188 1449015137795193929
1449015137684970724 1449015137845192250
1449015137735000746 1449015137895266376
1449015137785006852 1449015137945266093
1449015137884977705 1449015138045190989
1449015137934965198 1449015138095217053
1449015137984986213 1449015138145260145
1449015138034972878 1449015138195241989
1449015138084971890 1449015138245257926
1449015138134969012 1449015138295223189
1449015138185007113 1449015138345278980
1449015138235002300 1449015138395252000
1449015138285004363 1449015138445256672
1449015138334968232 1449015138495230688
1449015138384972273 1449015138545180455
1449015138435000688 1449015138595226521
1449015138485004241 1449015138645259447
1449015138535002071 1449015138695226614
1449015138635002040 1449015138795223590
1449015138685000972 1449015138845236577
1449015138734998498 1449015138895269567
1449015138785014913 1449015138945267640
1449015138834997515 1449015138995217234
1449015138885001726 1449015139045281408
1449015138934969805 1449015139095238024
1449015138984969325 1449015139145250450
1449015139034997163 1449015139195223467
1449015139084971593 1449015139245167792
1449015139135002728 1449015139295250053
1449015139185004424 1449015139345249243
1449015139235002043 1449015139395246535
1449015139284973546 1449015139445237272
1449015139335001628 1449015139495261358
1449015139385002752 1449015139545241287
1449015139434997992 1449015139595225930
1449015139534991904 1449015139695233640
1449015139585004334 1449015139745251198
1449015139635002421 1449015139795246519
1449015139685006739 1449015139845251341
1449015139785006571 1449015139945217103
1449015139884996117 1449015140045242987
1449015139934959478 1449015140095201505
1449015139985015259 1449015140145244276
1449015140035003905 1449015140195248066
1449015140085007170 1449015140245250657
1449015140135005234 1449015140295251273
1449015140185003284 1449015140345246309
1449015140235003937 1449015140395250206
1449015140285006257 1449015140445250358
1449015140335005239 1449015140495251889
1449015140385003657 1449015140545249405
1449015140435006057 1449015140595246821
1449015140535001209 1449015140695237118
1449015140585004671 1449015140745250316
1449015140635005932 1449015140795252201
1449015140685007905 1449015140845254625
1449015140735014291 1449015140895243615
1449015140785005532 1449015140945256011
1449015140834987653 1449015140995230401
1449015140884959801 1449015141045204854
1449015140934988898 1449015141095235719
1449015140985004599 1449015141145251509
1449015141035003123 1449015141195249239
1449015141084988615 1449015141245233200
1449015141135004369 1449015141295251296
1449015141185006094 1449015141345251692
1449015141235003426 1449015141395250106
1449015141285004767 1449015141445249927
1449015141334987519 1449015141495237614
1449015141385004429 1449015141545250260
1449015141435004363 1449015141595234068
1449015141485006049 1449015141645260734
1449015141535003504 1449015141695249005
1449015141585004702 1449015141745250162
1449015141635003991 1449015141795249970
1449015141685007237 1449015141845241753
1449015141735011337 1449015141895209197
1449015141785004727 1449015141945252837
1449015141834990890 1449015141995239111
1449015141885011802 1449015142045233917
1449015141935004952 1449015142095261170
1449015141985008120 1449015142145216941
1449015142035002906 1449015142195247338
1449015142084974373 1449015142245230808
1449015142135003490 1449015142295249900
1449015142185006054 1449015142345251769
1449015142235002417 1449015142395247998
1449015142335003823 1449015142495246995
1449015142385008331 1449015142545256932
1449015142435003986 1449015142595235158
1449015142485006533 1449015142645252204
1449015142535006150 1449015142695244675
1449015142585007274 1449015142745244773
1449015142635004736 1449015142795214971
1449015142685003385 1449015142845252330
1449015142784959237 1449015142945207167
1449015142885003567 1449015143045248974
1449015142935003211 1449015143095248932
1449015142985010572 1449015143145264489
1449015143035010671 1449015143195258366
1449015143085006065 1449015143245235406
1449015143134987748 1449015143295243027
1449015143184987505 1449015143345233958
1449015143235000767 1449015143395226864
1449015143285010991 1449015143445241114
1449015143335001535 1449015143495250313
1449015143385003965 1449015143545249910
1449015143485005147 1449015143645215949
1449015143535002659 1449015143695245728
1449015143584952326 1449015143745140196
1449015143634997690 1449015143795252482
1449015143684991488 1449015143845193099
1449015143734984901 1449015143895221952
1449015143785004062 1449015143945248871
1449015143885006748 1449015144045205185
1449015143935006098 1449015144095253269
1449015143985016142 1449015144145261064
1449015144035012244 1449015144195261163
1449015144085005039 1449015144245185960
1449015144135002982 1449015144295245770
1449015144185005747 1449015144345206590
1449015144235000165 1449015144395245502
1449015144285007243 1449015144445252029
1449015144334986931 1449015144495229452
1449015144385005846 1449015144545251797
1449015144435004126 1449015144595211975
1449015144535002385 1449015144695229528
1449015144585000372 1449015144745226870
1449015144635004022 1449015144795250682
1449015144735001963 1449015144895243805
1449015144785003965 1449015144945249964
1449015144834999877 1449015144995247156
1449015144885005405 1449015145045246495
1449015144935003037 1449015145095245508
1449015144984996921 1449015145145242863
1449015145085006546 1449015145245252277
1449015145135008569 1449015145295250394
1449015145185006649 1449015145345239514
1449015145235005528 1449015145395250136
1449015145335005350 1449015145495255464
1449015145385007890 1449015145545256608
1449015145435006535 1449015145595212349
1449015145484989538 1449015145645231020
1449015145535004149 1449015145695216251
1449015145584943755 1449015145745165487
1449015145634988490 1449015145795233446
1449015145684955697 1449015145845199447
1449015145734987774 1449015145895232580
1449015145785005619 1449015145945250883
1449015145835005417 1449015145995250877
1449015145885005779 1449015146045250541
1449015145935004461 1449015146095250920
1449015145984990818 1449015146145237551
1449015146034986559 1449015146195229605
1449015146085008410 1449015146245252538
1449015146134998466 1449015146295234325
1449015146185007735 1449015146345279248
1449015146234997660 1449015146395264953
1449015146285012695 1449015146445284242
1449015146335000265 1449015146495272102
1449015146435002302 1449015146595250229
1449015146484959891 1449015146645196739
1449015146534991217 1449015146695263919
1449015146584988288 1449015146745262764
1449015146634972387 1449015146795227462
1449015146685006662 1449015146845279776
1449015146735004803 1449015146895267172
1449015146785016577 1449015146945289153
1449015146835003974 1449015146995258491
1449015146884974702 1449015147045253602
1449015146935012643 1449015147095269001
1449015146985006797 1449015147145279667
1449015147035004126 1449015147195243603
1449015147085008751 1449015147245282412
1449015147135004028 1449015147295257851
1449015147185007070 1449015147345279572
1449015147234974244 1449015147395247637
1449015147335005323 1449015147495289702
1449015147385011659 1449015147545281482
1449015147435004558 1449015147595246734
1449015147485007743 1449015147645279105
1449015147534994300 1449015147695255453
1449015147584956907 1449015147745234049
1449015147635004793 1449015147795282504
1449015147685008263 1449015147845298077
1449015147735004108 1449015147895286743
1449015147785006675 1449015147945279077
1449015147835003800 1449015147995272413
1449015147885006694 1449015148045279367
1449015147935003589 1449015148095243149
1449015147985006290 1449015148145276306
1449015148035003625 1449015148195282144
1449015148085007014 1449015148245285346
1449015148135003263 1449015148295274332
1449015148185006375 1449015148345265189
1449015148234987079 1449015148395249234
1449015148285008867 1449015148445289293
1449015148335002771 1449015148495273078
1449015148385006648 1449015148545260344
1449015148435002677 1449015148595246591
1449015148484989475 1449015148645272424
1449015148534986984 1449015148695257812
1449015148585006727 1449015148745282693
1449015148635003537 1449015148795273179
1449015148685006455 1449015148845278844
1449015148734988386 1449015148895266029
1449015148785007925 1449015148945277784
1449015148835000249 1449015148995275964
1449015148884990357 1449015149045262626
1449015148935003759 1449015149095281934
1449015148985007709 1449015149145239897
1449015149034970947 1449015149195240506
1449015149085008140 1449015149245252107
1449015149134975825 1449015149295242620
1449015149185002426 1449015149345277584
1449015149235010837 1449015149395282700
1449015149284953969 1449015149445283624
1449015149335003052 1449015149495291299
1449015149384971173 1449015149545194839
1449015149435002085 1449015149595269740
1449015149484979586 1449015149645250471
1449015149534985561 1449015149695230099
1449015149635003230 1449015149795305526
1449015149685006091 1449015149845277574
1449015149735002758 1449015149895269711
1449015149785005943 1449015149945279307
1449015149835003763 1449015149995274344
1449015149935002874 1449015150095277611
1449015149985005986 1449015150145279834
1449015150035003104 1449015150195273588
1449015150084968667 1449015150245237621
1449015150134987284 1449015150295266975
1449015150185006325 1449015150345289010
1449015150235003948 1449015150395281869
1449015150285007069 1449015150445279942
1449015150334987891 1449015150495233525
1449015150385001205 1449015150545276257
1449015150434987305 1449015150595260462
1449015150484971818 1449015150645253488
1449015150535002305 1449015150695248063
1449015150584992200 1449015150745266266
1449015150634981504 1449015150795245193
1449015150685003930 1449015150845276949
1449015150734996584 1449015150895269086
1449015150785005723 1449015150945285428
1449015150835002100 1449015150995276312
1449015150884990267 1449015151045266291
1449015150934996339 1449015151095269132
1449015150985006176 1449015151145281020
1449015151035003344 1449015151195274847
1449015151085006894 1449015151245284888
1449015151135002094 1449015151295271265
1449015151185007611 1449015151345290326
1449015151235002628 1449015151395267015
1449015151285006565 1449015151445268613
1449015151334966479 1449015151495238500
1449015151385007156 1449015151545282985
1449015151434984803 1449015151595259771
1449015151485007830 1449015151645281675
1449015151535003896 1449015151695281152
1449015151585009035 1449015151745282660
1449015151635001289 1449015151795271974
1449015151685006783 1449015151845276645
1449015151735004192 1449015151895281996
1449015151785007982 1449015151945280413
1449015151835004455 1449015151995273055
1449015151885007607 1449015152045269518
1449015151935004631 1449015152095259056
1449015151984990765 1449015152145272163
1449015152035005058 1449015152195275763
1449015152085006079 1449015152245287023
1449015152135003451 1449015152295275077
1449015152185006065 1449015152345278617
1449015152235005207 1449015152395258526
1449015152285005663 1449015152445238168
1449015152335002915 1449015152495273686
1449015152434998962 1449015152595240991
1449015152485005812 1449015152645251757
1449015152535004383 1449015152695248775
1449015152585006269 1449015152745253504
1449015152635003036 1449015152795215355
1449015152685002266 1449015152845248542
1449015152735004058 1449015152895248065
1449015152785006014 1449015152945249019
1449015152835003352 1449015152995243067
1449015152885007897 1449015153045255733
1449015152935002660 1449015153095245218
1449015152985005698 1449015153145252913
1449015153035003715 1449015153195247018
1449015153085005915 1449015153245250948
1449015153135005235 1449015153295250024
1449015153184990215 1449015153345222743
1449015153235003246 1449015153395218218
1449015153284990565 1449015153445237954
1449015153334986204 1449015153495226369
1449015153384969176 1449015153545248945
1449015153435003977 1449015153595276512
1449015153484985914 1449015153645261977
1449015153535003906 1449015153695282134
1449015153634944079 1449015153795183396
1449015153685009402 1449015153845283057
1449015153734988152 1449015153895257831
1449015153785006826 1449015153945285518
1449015153835004843 1449015153995273529
1449015153885008218 1449015154045289891
1449015153935004237 1449015154095282151
1449015153984984577 1449015154145208740
1449015154035011005 1449015154195282729
1449015154084977093 1449015154245224572
1449015154135003310 1449015154295281452
1449015154184984643 1449015154345280554
1449015154235002194 1449015154395271706
1449015154284982481 1449015154445255303
1449015154335023719 1449015154495301620
1449015154384981945 1449015154545256021
1449015154435002517 1449015154595275112
1449015154485006978 1449015154645289038
1449015154534987412 1449015154695270194
1449015154584962928 1449015154745240281
1449015154635004410 1449015154795282591
1449015154685007388 1449015154845282826
1449015154735002842 1449015154895272137
1449015154784959983 1449015154945242441
1449015154835005444 1449015154995275871
1449015154885004052 1449015155045282929
1449015154934988020 1449015155095259163
1449015154985005007 1449015155145275591
1449015155034993526 1449015155195263916
1449015155084970271 1449015155245225814
1449015155135003194 1449015155295230901
1449015155185007054 1449015155345270659
1449015155234993237 1449015155395252866
1449015155284972735 1449015155445230905
1449015155334990667 1449015155495250106
1449015155385007106 1449015155545184830
1449015155434988538 1449015155595248869
1449015155485005421 1449015155645181144
1449015155534964436 1449015155695217431
1449015155584983691 1449015155745246715
1449015155634968325 1449015155795217056
1449015155685005196 1449015155845277023
1449015155735002909 1449015155895274091
1449015155785006472 1449015155945276872
1449015155835002851 1449015155995272013
1449015155885008643 1449015156045287679
1449015155935003897 1449015156095265821
1449015155985002070 1449015156145272752
1449015156035003291 1449015156195275162
1449015156085005531 1449015156245260269
1449015156135011359 1449015156295222996
1449015156184997225 1449015156345271484
1449015156234986675 1449015156395257343
1449015156285010434 1449015156445241769
1449015156335005554 1449015156495266637
1449015156385005990 1449015156545268990
1449015156435004441 1449015156595238185
1449015156485006143 1449015156645251022
1449015156535002847 1449015156695218921
1449015156585007512 1449015156745231471
1449015156635003591 1449015156795262866
1449015156684964424 1449015156845215069
1449015156735002722 1449015156895238040
1449015156785007287 1449015156945268156
1449015156835003316 1449015156995265334
1449015156885005937 1449015157045271406
1449015156935002674 1449015157095261144
1449015156984991496 1449015157145254764
1449015157035002673 1449015157195229555
1449015157085005708 1449015157245222828
1449015157135002348 1449015157295264607
1449015157184991265 1449015157345256500
1449015157234956096 1449015157395222962
1449015157285005406 1449015157445266809
1449015157335002197 1449015157495246241
1449015157385006237 1449015157545265756
1449015157434997776 1449015157595258127
1449015157485008973 1449015157645221192
1449015157535003361 1449015157695311952
1449015157585006500 1449015157745314646
1449015157634987812 1449015157795291819
1449015157685006366 1449015157845269343
1449015157735002675 1449015157895263277
1449015157784988531 1449015157945255808
1449015157835002838 1449015157995258104
1449015157885005522 1449015158045272956
1449015157935001087 1449015158095244463
1449015157985014094 1449015158145276323
1449015158035004297 1449015158195248401
1449015158085006887 1449015158245246398
1449015158135003648 1449015158295264978
1449015158184987399 1449015158345248806
1449015158235003387 1449015158395262990
1449015158284991261 1449015158445267885
1449015158334998341 1449015158495269250
1449015158384986078 1449015158545260652
1449015158434960923 1449015158595233040
1449015158484992402 1449015158645272976
1449015158535004123 1449015158695272125
1449015158584992872 1449015158745265946
1449015158684987937 1449015158845271287
1449015158735003941 1449015158895283092
1449015158784991164 1449015158945262884
1449015158835002815 1449015158995273580
1449015158884967363 1449015159045240496
1449015158934985171 1449015159095255358
1449015158984970038 1449015159145227740
1449015159035001992 1449015159195253576
1449015159084989598 1449015159245248920
1449015159134958756 1449015159295231349
1449015159185005941 1449015159345282947
1449015159235003173 1449015159395260995
1449015159285004701 1449015159445277557
1449015159335003877 1449015159495276820
1449015159485003644 1449015159645273403
1449015159535004664 1449015159695273368
1449015159634987077 1449015159795256295
1449015159684972061 1449015159845238710
1449015159734988356 1449015159895245904
1449015159784986767 1449015159945251719
1449015159835003560 1449015159995270964
1449015159885004620 1449015160045271703
1449015159935002096 1449015160095255324
