1449991988868798 1449991988868845 1449991988869223 1449991988869257
1449991988918854 1449991988918928 1449991988919453 1449991988919512
1449991988968798 1449991988968835 1449991988969046 1449991988969085
1449991989018808 1449991989018865 1449991989019291 1449991989019335
1449991989068848 1449991989068920 1449991989069367 1449991989069419
1449991989118850 1449991989118950 1449991989119419 1449991989119533
1449991989168812 1449991989168865 1449991989169228 1449991989169316
1449991989218806 1449991989218848 1449991989219163 1449991989219223
1449991989268802 1449991989268845 1449991989269160 1449991989269214
1449991989318804 1449991989318845 1449991989319168 1449991989319217
1449991989368801 1449991989368843 1449991989369176 1449991989369241
1449991989418803 1449991989418844 1449991989419181 1449991989419241
1449991989468842 1449991989468937 1449991989469415 1449991989469538
1449991989518823 1449991989518895 1449991989519355 1449991989519457
1449991989568810 1449991989568858 1449991989569199 1449991989569288
1449991989618807 1449991989618856 1449991989619215 1449991989619297
1449991989668794 1449991989668841 1449991989669036 1449991989669070
1449991989718805 1449991989718848 1449991989719039 1449991989719070
1449991989768802 1449991989768867 1449991989769321 1449991989769459
1449991989818808 1449991989818874 1449991989819178 1449991989819210
1449991989868805 1449991989868851 1449991989869173 1449991989869213
1449991989918802 1449991989918845 1449991989919172 1449991989919207
1449991989968803 1449991989968845 1449991989969175 1449991989969224
1449991990018785 1449991990018817 1449991990019098 1449991990019130
1449991990068800 1449991990068841 1449991990069172 1449991990069217
1449991990118803 1449991990118849 1449991990119126 1449991990119187
1449991990168807 1449991990168869 1449991990169233 1449991990169313
1449991990218796 1449991990218864 1449991990219082 1449991990219129
1449991990268812 1449991990268862 1449991990269230 1449991990269302
1449991990318827 1449991990318898 1449991990319249 1449991990319309
1449991990368804 1449991990368835 1449991990369154 1449991990369238
1449991990418805 1449991990418874 1449991990419198 1449991990419259
1449991990468807 1449991990468838 1449991990469147 1449991990469214
1449991990518847 1449991990518972 1449991990519305 1449991990519401
1449991990568809 1449991990568881 1449991990569271 1449991990569340
1449991990618806 1449991990618871 1449991990619232 1449991990619287
1449991990668841 1449991990668935 1449991990669437 1449991990669529
1449991990718812 1449991990718888 1449991990719254 1449991990719304
1449991990768790 1449991990768863 1449991990769209 1449991990769305
1449991990818845 1449991990818939 1449991990819433 1449991990819533
1449991990868795 1449991990868893 1449991990869264 1449991990869334
1449991990918816 1449991990918915 1449991990919434 1449991990919543
1449991990968818 1449991990968858 1449991990969242 1449991990969329
1449991991018829 1449991991018923 1449991991019387 1449991991019474
1449991991068791 1449991991068824 1449991991069041 1449991991069087
1449991991118793 1449991991118852 1449991991119033 1449991991119078
1449991991168841 1449991991168938 1449991991169454 1449991991169577
1449991991218815 1449991991218872 1449991991219229 1449991991219308
1449991991268794 1449991991268827 1449991991269027 1449991991269067
1449991991318811 1449991991318853 1449991991319159 1449991991319235
1449991991368805 1449991991368836 1449991991369138 1449991991369200
1449991991418796 1449991991418843 1449991991419206 1449991991419274
1449991991468856 1449991991468925 1449991991469392 1449991991469500
1449991991518800 1449991991518838 1449991991519049 1449991991519099
1449991991568808 1449991991568914 1449991991569287 1449991991569362
1449991991618807 1449991991618847 1449991991619192 1449991991619248
1449991991668795 1449991991668835 1449991991669045 1449991991669080
1449991991718812 1449991991718874 1449991991719264 1449991991719335
1449991991768808 1449991991768850 1449991991769131 1449991991769239
1449991991818792 1449991991818831 1449991991819049 1449991991819091
1449991991868792 1449991991868832 1449991991869023 1449991991869070
1449991991918791 1449991991918840 1449991991919107 1449991991919145
1449991991968795 1449991991968836 1449991991969056 1449991991969103
1449991992018809 1449991992018863 1449991992019124 1449991992019158
1449991992068805 1449991992068890 1449991992069125 1449991992069149
1449991992118845 1449991992118912 1449991992119387 1449991992119549
1449991992168813 1449991992168867 1449991992169258 1449991992169360
1449991992218809 1449991992218855 1449991992219195 1449991992219278
1449991992268814 1449991992268869 1449991992269247 1449991992269333
1449991992318802 1449991992318848 1449991992319208 1449991992319278
1449991992368810 1449991992368877 1449991992369275 1449991992369390
1449991992418816 1449991992418877 1449991992419265 1449991992419349
1449991992468807 1449991992468845 1449991992469166 1449991992469237
1449991992518791 1449991992518826 1449991992519013 1449991992519062
1449991992568807 1449991992568871 1449991992569304 1449991992569436
1449991992618810 1449991992618875 1449991992619213 1449991992619321
1449991992668794 1449991992668836 1449991992669057 1449991992669110
1449991992718808 1449991992718872 1449991992719253 1449991992719334
1449991992768841 1449991992768912 1449991992769444 1449991992769592
1449991992818805 1449991992818868 1449991992819226 1449991992819296
1449991992868811 1449991992868859 1449991992869236 1449991992869292
1449991992918829 1449991992918902 1449991992919320 1449991992919390
1449991992968854 1449991992968950 1449991992969456 1449991992969562
1449991993018810 1449991993018886 1449991993019232 1449991993019297
1449991993068795 1449991993068854 1449991993069050 1449991993069091
1449991993118844 1449991993118936 1449991993119408 1449991993119499
1449991993168853 1449991993168949 1449991993169454 1449991993169584
1449991993218804 1449991993218867 1449991993219079 1449991993219140
1449991993268800 1449991993268885 1449991993269276 1449991993269344
1449991993318808 1449991993318897 1449991993319271 1449991993319320
1449991993368798 1449991993368885 1449991993369289 1449991993369419
1449991993418791 1449991993418854 1449991993419214 1449991993419263
1449991993468790 1449991993468850 1449991993469071 1449991993469128
1449991993518794 1449991993518850 1449991993519043 1449991993519089
1449991993568786 1449991993568846 1449991993569047 1449991993569092
1449991993618808 1449991993618903 1449991993619303 1449991993619371
1449991993668822 1449991993668948 1449991993669447 1449991993669547
1449991993718798 1449991993718855 1449991993719063 1449991993719110
1449991993768790 1449991993768879 1449991993769214 1449991993769308
1449991993818816 1449991993818900 1449991993819398 1449991993819490
1449991993868793 1449991993868820 1449991993869028 1449991993869077
1449991993918999 1449991993919031 1449991993919218 1449991993919259
1449991993968797 1449991993968905 1449991993969259 1449991993969372
1449991994018791 1449991994018838 1449991994019037 1449991994019076
1449991994068796 1449991994068845 1449991994069120 1449991994069157
1449991994118807 1449991994118837 1449991994119124 1449991994119184
1449991994168814 1449991994168873 1449991994169078 1449991994169126
1449991994218812 1449991994218865 1449991994219236 1449991994219290
1449991994268810 1449991994268839 1449991994269169 1449991994269221
1449991994318807 1449991994318837 1449991994319198 1449991994319245
1449991994368806 1449991994368868 1449991994369193 1449991994369251
1449991994418807 1449991994418837 1449991994419168 1449991994419221
1449991994468815 1449991994468868 1449991994469222 1449991994469305
1449991994518797 1449991994518832 1449991994519158 1449991994519208
1449991994568807 1449991994568839 1449991994569138 1449991994569178
1449991994618804 1449991994618833 1449991994619167 1449991994619217
1449991994668802 1449991994668830 1449991994669157 1449991994669209
1449991994718796 1449991994718860 1449991994719219 1449991994719277
1449991994768805 1449991994768832 1449991994769150 1449991994769239
1449991994818805 1449991994818836 1449991994819170 1449991994819230
1449991994868787 1449991994868815 1449991994869122 1449991994869179
1449991994918802 1449991994918832 1449991994919150 1449991994919209
1449991994968809 1449991994968841 1449991994969163 1449991994969248
1449991995018807 1449991995018834 1449991995019164 1449991995019226
1449991995068806 1449991995068847 1449991995069174 1449991995069268
1449991995118805 1449991995118836 1449991995119188 1449991995119248
1449991995168785 1449991995168848 1449991995169206 1449991995169274
1449991995218792 1449991995218833 1449991995219201 1449991995219262
1449991995268796 1449991995268874 1449991995269290 1449991995269352
1449991995318810 1449991995318843 1449991995319188 1449991995319243
1449991995368803 1449991995368831 1449991995369159 1449991995369224
1449991995418802 1449991995418848 1449991995419181 1449991995419229
1449991995468812 1449991995468911 1449991995469468 1449991995469563
1449991995518817 1449991995518897 1449991995519287 1449991995519351
1449991995568808 1449991995568895 1449991995569239 1449991995569316
1449991995618795 1449991995618861 1449991995619210 1449991995619272
1449991995668802 1449991995668875 1449991995669211 1449991995669272
1449991995718801 1449991995718832 1449991995719167 1449991995719226
1449991995768806 1449991995768900 1449991995769213 1449991995769301
1449991995818847 1449991995818949 1449991995819444 1449991995819551
1449991995868812 1449991995868890 1449991995869269 1449991995869369
1449991995918807 1449991995918859 1449991995919057 1449991995919098
1449991995968812 1449991995968899 1449991995969299 1449991995969393
1449991996018816 1449991996018870 1449991996019173 1449991996019247
1449991996068808 1449991996068885 1449991996069277 1449991996069357
1449991996118807 1449991996118902 1449991996119218 1449991996119288
1449991996168807 1449991996168878 1449991996169260 1449991996169339
1449991996218809 1449991996218879 1449991996219248 1449991996219308
1449991996268804 1449991996268872 1449991996269229 1449991996269292
1449991996318845 1449991996318945 1449991996319453 1449991996319553
1449991996368827 1449991996368921 1449991996369315 1449991996369410
1449991996418851 1449991996418953 1449991996419431 1449991996419517
1449991996468851 1449991996468969 1449991996469517 1449991996469646
1449991996518831 1449991996518895 1449991996519192 1449991996519242
1449991996568807 1449991996568880 1449991996569258 1449991996569359
1449991996618812 1449991996618890 1449991996619292 1449991996619355
1449991996668795 1449991996668879 1449991996669269 1449991996669343
1449991996718810 1449991996718886 1449991996719279 1449991996719350
1449991996768806 1449991996768873 1449991996769180 1449991996769270
1449991996818794 1449991996818884 1449991996819247 1449991996819322
1449991996868843 1449991996868945 1449991996869441 1449991996869542
1449991996918813 1449991996918893 1449991996919283 1449991996919372
1449991996968788 1449991996968853 1449991996969210 1449991996969298
1449991997018801 1449991997018867 1449991997019192 1449991997019261
1449991997068785 1449991997068859 1449991997069222 1449991997069286
1449991997118801 1449991997118867 1449991997119167 1449991997119235
1449991997168786 1449991997168879 1449991997169244 1449991997169326
1449991997218804 1449991997218871 1449991997219214 1449991997219283
1449991997268785 1449991997268816 1449991997269159 1449991997269228
1449991997318804 1449991997318833 1449991997319166 1449991997319229
1449991997368807 1449991997368896 1449991997369287 1449991997369393
1449991997418809 1449991997418877 1449991997419237 1449991997419303
1449991997468850 1449991997468950 1449991997469424 1449991997469535
1449991997518821 1449991997518947 1449991997519395 1449991997519502
1449991997568816 1449991997568857 1449991997569225 1449991997569325
1449991997618806 1449991997618833 1449991997619157 1449991997619217
1449991997668787 1449991997668813 1449991997669135 1449991997669189
1449991997718795 1449991997718822 1449991997719143 1449991997719204
1449991997768803 1449991997768832 1449991997769136 1449991997769221
1449991997818845 1449991997818938 1449991997819433 1449991997819540
1449991997868794 1449991997868851 1449991997869216 1449991997869290
1449991997918805 1449991997918833 1449991997919170 1449991997919235
1449991997968807 1449991997968842 1449991997969188 1449991997969282
1449991998018853 1449991998018954 1449991998019488 1449991998019629
1449991998068795 1449991998068833 1449991998069196 1449991998069272
1449991998118807 1449991998118836 1449991998119095 1449991998119163
1449991998168802 1449991998168889 1449991998169285 1449991998169390
1449991998218790 1449991998218835 1449991998219174 1449991998219235
1449991998268803 1449991998268834 1449991998269166 1449991998269228
1449991998318804 1449991998318832 1449991998319169 1449991998319225
1449991998368804 1449991998368831 1449991998369152 1449991998369224
1449991998418788 1449991998418813 1449991998419126 1449991998419170
1449991998468832 1449991998468926 1449991998469406 1449991998469495
1449991998518811 1449991998518853 1449991998519222 1449991998519292
1449991998568806 1449991998568856 1449991998569199 1449991998569277
1449991998618808 1449991998618840 1449991998619179 1449991998619239
1449991998668807 1449991998668843 1449991998669182 1449991998669242
1449991998718794 1449991998718870 1449991998719236 1449991998719298
1449991998768807 1449991998768840 1449991998769115 1449991998769218
1449991998818789 1449991998818863 1449991998819207 1449991998819274
1449991998868783 1449991998868811 1449991998869138 1449991998869195
1449991998918786 1449991998918833 1449991998919157 1449991998919220
1449991998968788 1449991998968860 1449991998969141 1449991998969212
1449991999018786 1449991999018853 1449991999019202 1449991999019265
1449991999068785 1449991999068839 1449991999069041 1449991999069080
1449991999118811 1449991999118896 1449991999119277 1449991999119363
1449991999168814 1449991999168886 1449991999169250 1449991999169339
1449991999218808 1449991999218877 1449991999219213 1449991999219264
1449991999268805 1449991999268858 1449991999269183 1449991999269235
1449991999318791 1449991999318856 1449991999319183 1449991999319224
1449991999368803 1449991999368850 1449991999369202 1449991999369279
1449991999418812 1449991999418875 1449991999419264 1449991999419336
1449991999468811 1449991999468865 1449991999469244 1449991999469315
1449991999518808 1449991999518859 1449991999519210 1449991999519274
1449991999568804 1449991999568853 1449991999569208 1449991999569289
1449991999618855 1449991999618923 1449991999619368 1449991999619424
1449991999668853 1449991999668896 1449991999669272 1449991999669354
1449991999718853 1449991999718897 1449991999719259 1449991999719311
1449991999768814 1449991999768872 1449991999769163 1449991999769236
1449991999818862 1449991999818933 1449991999819413 1449991999819502
1449991999868813 1449991999868866 1449991999869229 1449991999869283
1449991999918805 1449991999918851 1449991999919198 1449991999919245
1449991999968810 1449991999968896 1449991999969286 1449991999969363
1449992000018800 1449992000018838 1449992000019050 1449992000019094
1449992000068811 1449992000068873 1449992000069240 1449992000069305
1449992000118811 1449992000118852 1449992000119160 1449992000119214
1449992000168792 1449992000168830 1449992000169045 1449992000169094
1449992000218846 1449992000218919 1449992000219430 1449992000219527
1449992000268826 1449992000268894 1449992000269401 1449992000269486
1449992000318803 1449992000318868 1449992000319095 1449992000319142
1449992000368794 1449992000368850 1449992000369253 1449992000369339
1449992000418810 1449992000418853 1449992000419201 1449992000419281
1449992000468788 1449992000468822 1449992000469017 1449992000469057
1449992000518845 1449992000518917 1449992000519422 1449992000519502
1449992000568815 1449992000568869 1449992000569249 1449992000569327
1449992000618798 1449992000618837 1449992000619048 1449992000619090
1449992000668792 1449992000668867 1449992000669251 1449992000669313
1449992000718808 1449992000718850 1449992000719197 1449992000719247
1449992000768794 1449992000768835 1449992000769011 1449992000769077
1449992000818806 1449992000818889 1449992000819153 1449992000819197
1449992000868851 1449992000868945 1449992000869328 1449992000869385
1449992000918798 1449992000918836 1449992000919123 1449992000919193
1449992000968802 1449992000968875 1449992000969165 1449992000969240
1449992001018809 1449992001018888 1449992001019312 1449992001019392
1449992001068812 1449992001068876 1449992001069243 1449992001069316
1449992001118850 1449992001118944 1449992001119471 1449992001119585
1449992001168794 1449992001168837 1449992001169070 1449992001169123
1449992001218794 1449992001218881 1449992001219191 1449992001219257
1449992001268788 1449992001268820 1449992001269028 1449992001269055
1449992001318796 1449992001318840 1449992001319050 1449992001319086
1449992001368787 1449992001369030 1449992001369241 1449992001369284
1449992001418791 1449992001418878 1449992001419209 1449992001419292
1449992001468802 1449992001468842 1449992001469031 1449992001469082
1449992001518850 1449992001518950 1449992001519318 1449992001519399
1449992001568798 1449992001568876 1449992001569178 1449992001569278
1449992001618792 1449992001618829 1449992001619038 1449992001619086
1449992001668816 1449992001668890 1449992001669260 1449992001669344
1449992001718800 1449992001718840 1449992001719039 1449992001719095
1449992001768792 1449992001768829 1449992001768996 1449992001769054
1449992001818786 1449992001818826 1449992001819043 1449992001819084
1449992001868795 1449992001868857 1449992001869275 1449992001869345
1449992001918816 1449992001918900 1449992001919289 1449992001919370
1449992001968792 1449992001968847 1449992001969165 1449992001969236
1449992002018785 1449992002018844 1449992002019056 1449992002019096
1449992002068794 1449992002068841 1449992002069195 1449992002069257
1449992002118791 1449992002118823 1449992002119024 1449992002119067
1449992002168795 1449992002168855 1449992002169063 1449992002169179
1449992002218815 1449992002218870 1449992002219178 1449992002219248
1449992002268792 1449992002268824 1449992002269177 1449992002269223
1449992002318793 1449992002318844 1449992002319057 1449992002319095
1449992002368796 1449992002368885 1449992002369355 1449992002369482
1449992002418790 1449992002418826 1449992002419204 1449992002419250
1449992002468838 1449992002468934 1449992002469297 1449992002469363
1449992002518825 1449992002518912 1449992002519538 1449992002519648
1449992002568801 1449992002568889 1449992002569294 1449992002569383
1449992002618800 1449992002618859 1449992002619060 1449992002619103
1449992002668792 1449992002668860 1449992002669250 1449992002669337
1449992002718793 1449992002718822 1449992002719152 1449992002719201
1449992002768787 1449992002768817 1449992002768996 1449992002769047
1449992002818793 1449992002818840 1449992002819191 1449992002819272
1449992002868791 1449992002868821 1449992002869160 1449992002869209
1449992002918786 1449992002918819 1449992002919016 1449992002919055
1449992002968793 1449992002968840 1449992002969206 1449992002969279
1449992003018789 1449992003018851 1449992003019169 1449992003019212
1449992003068806 1449992003068899 1449992003069328 1449992003069398
1449992003118801 1449992003118836 1449992003119009 1449992003119054
1449992003168791 1449992003168871 1449992003169139 1449992003169204
1449992003218789 1449992003218825 1449992003219152 1449992003219198
1449992003268786 1449992003268812 1449992003269112 1449992003269134
1449992003318786 1449992003318813 1449992003319160 1449992003319206
1449992003368807 1449992003368861 1449992003369200 1449992003369273
1449992003418790 1449992003418816 1449992003419087 1449992003419141
1449992003468808 1449992003468848 1449992003469095 1449992003469147
1449992003518818 1449992003518929 1449992003519337 1449992003519439
1449992003568814 1449992003568854 1449992003569188 1449992003569279
1449992003618807 1449992003618835 1449992003619156 1449992003619185
1449992003668783 1449992003668804 1449992003668990 1449992003669027
1449992003718810 1449992003718881 1449992003719239 1449992003719338
1449992003768776 1449992003768815 1449992003769071 1449992003769161
1449992003818808 1449992003818874 1449992003819230 1449992003819292
1449992003868844 1449992003868939 1449992003869373 1449992003869482
1449992003918814 1449992003918859 1449992003919268 1449992003919335
1449992003968795 1449992003968828 1449992003969063 1449992003969120
1449992004018782 1449992004018822 1449992004019057 1449992004019108
1449992004068793 1449992004068867 1449992004069100 1449992004069143
1449992004118800 1449992004118846 1449992004119050 1449992004119144
1449992004168790 1449992004168826 1449992004169181 1449992004169236
1449992004218804 1449992004218832 1449992004219131 1449992004219184
1449992004268790 1449992004268819 1449992004269013 1449992004269058
1449992004318784 1449992004318810 1449992004319115 1449992004319171
1449992004368793 1449992004368832 1449992004369166 1449992004369245
1449992004418785 1449992004418824 1449992004419150 1449992004419195
1449992004468783 1449992004468854 1449992004469255 1449992004469341
1449992004518806 1449992004518851 1449992004519209 1449992004519280
1449992004568790 1449992004568824 1449992004569162 1449992004569256
1449992004618784 1449992004618848 1449992004619173 1449992004619220
1449992004668786 1449992004668851 1449992004669213 1449992004669265
1449992004718790 1449992004718857 1449992004719214 1449992004719266
1449992004768785 1449992004768870 1449992004769220 1449992004769292
1449992004818804 1449992004818869 1449992004819225 1449992004819296
1449992004868787 1449992004868852 1449992004869200 1449992004869246
1449992004918778 1449992004918842 1449992004919181 1449992004919227
1449992004968784 1449992004968813 1449992004969142 1449992004969202
1449992005018784 1449992005018841 1449992005019052 1449992005019086
1449992005068789 1449992005068863 1449992005069242 1449992005069296
1449992005118792 1449992005118886 1449992005119157 1449992005119647
1449992005168789 1449992005168868 1449992005169249 1449992005169318
1449992005218791 1449992005218875 1449992005219275 1449992005219342
1449992005268792 1449992005268865 1449992005269240 1449992005269298
1449992005318842 1449992005318936 1449992005319445 1449992005319531
1449992005368796 1449992005368880 1449992005369263 1449992005369345
1449992005418795 1449992005418873 1449992005419252 1449992005419311
1449992005468791 1449992005468888 1449992005469207 1449992005469418
1449992005518809 1449992005518892 1449992005519236 1449992005519310
1449992005568795 1449992005568872 1449992005569270 1449992005569655
1449992005618844 1449992005618938 1449992005619452 1449992005619546
1449992005668814 1449992005668896 1449992005669305 1449992005669373
1449992005718836 1449992005718937 1449992005719442 1449992005719523
1449992005768824 1449992005768917 1449992005769492 1449992005769712
1449992005818813 1449992005818889 1449992005819221 1449992005819281
1449992005868806 1449992005868847 1449992005869145 1449992005869202
1449992005918794 1449992005918830 1449992005919043 1449992005919084
1449992005968810 1449992005968866 1449992005969211 1449992005969277
1449992006018813 1449992006018871 1449992006019248 1449992006019316
1449992006068816 1449992006068869 1449992006069154 1449992006069212
1449992006118791 1449992006118821 1449992006119094 1449992006119698
1449992006168803 1449992006168863 1449992006169174 1449992006169234
1449992006218789 1449992006218819 1449992006219128 1449992006219174
1449992006268809 1449992006268876 1449992006269309 1449992006269392
1449992006318794 1449992006318826 1449992006319199 1449992006319225
1449992006368789 1449992006368818 1449992006369085 1449992006369106
1449992006418789 1449992006418828 1449992006419058 1449992006419115
1449992006468805 1449992006468849 1449992006469200 1449992006469282
1449992006518815 1449992006518931 1449992006519431 1449992006519538
1449992006568802 1449992006568881 1449992006569264 1449992006569336
1449992006618786 1449992006618852 1449992006619219 1449992006619291
1449992006668787 1449992006668856 1449992006669197 1449992006669279
1449992006718789 1449992006718862 1449992006719243 1449992006719316
1449992006768789 1449992006768863 1449992006769173 1449992006769258
1449992006818788 1449992006818854 1449992006819083 1449992006819114
1449992006868782 1449992006868865 1449992006869078 1449992006869124
1449992006918792 1449992006918825 1449992006919129 1449992006919189
1449992006968784 1449992006968851 1449992006969169 1449992006969193
1449992007018782 1449992007018807 1449992007019050 1449992007019071
1449992007068801 1449992007068827 1449992007069066 1449992007069090
1449992007118786 1449992007118852 1449992007119089 1449992007119234
1449992007168812 1449992007168914 1449992007169377 1449992007169478
1449992007218801 1449992007218861 1449992007219209 1449992007219268
1449992007268805 1449992007268833 1449992007269175 1449992007269232
1449992007318805 1449992007318834 1449992007319180 1449992007319237
1449992007368806 1449992007368845 1449992007369228 1449992007369295
1449992007418788 1449992007418819 1449992007419145 1449992007419197
1449992007468784 1449992007468844 1449992007469202 1449992007469271
1449992007518786 1449992007518851 1449992007519158 1449992007519211
1449992007568786 1449992007568830 1449992007569147 1449992007569199
1449992007618803 1449992007618832 1449992007619138 1449992007619192
1449992007668787 1449992007668815 1449992007669117 1449992007669174
1449992007718803 1449992007718832 1449992007719125 1449992007719174
1449992007768802 1449992007768830 1449992007769052 1449992007769112
1449992007818804 1449992007818876 1449992007819241 1449992007819303
1449992007868786 1449992007868859 1449992007869214 1449992007869277
1449992007918781 1449992007918859 1449992007919194 1449992007919254
1449992007968780 1449992007968808 1449992007969125 1449992007969184
1449992008018777 1449992008018797 1449992008018972 1449992008019002
1449992008068780 1449992008068808 1449992008069138 1449992008069188
1449992008118784 1449992008118848 1449992008119124 1449992008119190
1449992008168786 1449992008168846 1449992008169169 1449992008169229
1449992008218782 1449992008218809 1449992008219103 1449992008219171
1449992008268781 1449992008268828 1449992008269157 1449992008269208
1449992008318781 1449992008318844 1449992008319171 1449992008319216
1449992008368782 1449992008368810 1449992008369031 1449992008369066
1449992008418781 1449992008418813 1449992008419017 1449992008419049
1449992008468793 1449992008468876 1449992008469127 1449992008469261
1449992008518807 1449992008518880 1449992008519104 1449992008519193
1449992008568794 1449992008568845 1449992008569263 1449992008569348
1449992008618797 1449992008618854 1449992008619180 1449992008619231
1449992008668796 1449992008668842 1449992008669164 1449992008669240
1449992008718802 1449992008718850 1449992008719102 1449992008719145
1449992008768806 1449992008768835 1449992008769063 1449992008769464
1449992008818812 1449992008818865 1449992008819215 1449992008819419
1449992008868813 1449992008868901 1449992008869130 1449992008869176
1449992008918810 1449992008918875 1449992008919062 1449992008919087
1449992008968791 1449992008968847 1449992008969043 1449992008969078
1449992009018810 1449992009018856 1449992009019196 1449992009019270
1449992009068807 1449992009068840 1449992009069173 1449992009069230
1449992009118792 1449992009118825 1449992009118967 1449992009119235
1449992009168807 1449992009168855 1449992009169158 1449992009169197
1449992009218849 1449992009218942 1449992009219389 1449992009219492
1449992009268796 1449992009268855 1449992009269074 1449992009269116
1449992009318805 1449992009318892 1449992009319136 1449992009319200
1449992009368786 1449992009368815 1449992009369111 1449992009369134
1449992009418795 1449992009418881 1449992009419165 1449992009419203
1449992009468795 1449992009468860 1449992009469169 1449992009469247
1449992009518783 1449992009518837 1449992009519030 1449992009519072
1449992009568792 1449992009568842 1449992009569093 1449992009569132
1449992009618810 1449992009618875 1449992009619134 1449992009619173
1449992009668787 1449992009668863 1449992009669070 1449992009669126
1449992009718811 1449992009718896 1449992009719218 1449992009719294
1449992009768795 1449992009768861 1449992009769107 1449992009769141
1449992009818788 1449992009818847 1449992009819028 1449992009819071
1449992009868797 1449992009868885 1449992009869304 1449992009869388
1449992009918831 1449992009918931 1449992009919394 1449992009919510
1449992009968779 1449992009968839 1449992009969052 1449992009969103
1449992010018788 1449992010018862 1449992010019055 1449992010019096
1449992010068816 1449992010068856 1449992010069082 1449992010069130
1449992010118809 1449992010118874 1449992010119203 1449992010119270
1449992010168851 1449992010168922 1449992010169389 1449992010169450
1449992010218800 1449992010218838 1449992010219012 1449992010219050
1449992010268797 1449992010268856 1449992010269237 1449992010269312
1449992010318853 1449992010318925 1449992010319413 1449992010319503
1449992010368816 1449992010368900 1449992010369293 1449992010369365
1449992010418809 1449992010418874 1449992010419296 1449992010419497
1449992010468799 1449992010468836 1449992010468981 1449992010469136
1449992010518788 1449992010518825 1449992010519010 1449992010519053
1449992010568789 1449992010568827 1449992010569026 1449992010569068
1449992010618787 1449992010618821 1449992010619030 1449992010619073
1449992010668791 1449992010668831 1449992010669024 1449992010669076
1449992010718795 1449992010718846 1449992010719052 1449992010719095
1449992010768791 1449992010768830 1449992010769005 1449992010769046
1449992010818941 1449992010819001 1449992010819494 1449992010819614
1449992010868814 1449992010868866 1449992010869252 1449992010869346
1449992010918821 1449992010918895 1449992010919411 1449992010919530
1449992010968848 1449992010968919 1449992010969401 1449992010969506
1449992011018817 1449992011018851 1449992011019119 1449992011019175
1449992011068803 1449992011068914 1449992011069412 1449992011069526
1449992011118796 1449992011118875 1449992011119155 1449992011120066
1449992011168813 1449992011168880 1449992011169236 1449992011169313
1449992011218825 1449992011218889 1449992011219132 1449992011219179
1449992011268815 1449992011268877 1449992011269105 1449992011269160
1449992011318788 1449992011318848 1449992011319076 1449992011319116
1449992011368786 1449992011368822 1449992011369043 1449992011369088
1449992011418791 1449992011418866 1449992011419129 1449992011419185
1449992011468806 1449992011468873 1449992011469062 1449992011469137
1449992011518819 1449992011518915 1449992011519315 1449992011519426
1449992011568800 1449992011568869 1449992011569233 1449992011569301
1449992011618814 1449992011618849 1449992011619163 1449992011619219
1449992011668790 1449992011668821 1449992011669156 1449992011669225
1449992011718816 1449992011718905 1449992011719300 1449992011719375
1449992011768814 1449992011768855 1449992011769136 1449992011769299
1449992011818790 1449992011818857 1449992011819226 1449992011819425
1449992011868788 1449992011868859 1449992011869224 1449992011869313
1449992011918805 1449992011918839 1449992011919204 1449992011919259
1449992011968797 1449992011968851 1449992011969059 1449992011969130
1449992012018794 1449992012018842 1449992012019168 1449992012019222
1449992012068815 1449992012068868 1449992012069243 1449992012069402
1449992012118835 1449992012118872 1449992012119164 1449992012119479
1449992012168804 1449992012168872 1449992012169223 1449992012169288
1449992012218788 1449992012218855 1449992012219204 1449992012219266
1449992012268783 1449992012268839 1449992012269058 1449992012269106
1449992012318794 1449992012318838 1449992012319153 1449992012319201
1449992012368845 1449992012368913 1449992012369389 1449992012369500
1449992012418855 1449992012418925 1449992012419421 1449992012419524
1449992012468814 1449992012468877 1449992012469170 1449992012469271
1449992012518807 1449992012518872 1449992012519294 1449992012519396
1449992012568816 1449992012568870 1449992012569214 1449992012569277
1449992012618808 1449992012618850 1449992012619177 1449992012619226
1449992012668801 1449992012668843 1449992012669165 1449992012669227
1449992012718801 1449992012718843 1449992012719173 1449992012719226
1449992012768807 1449992012768865 1449992012769171 1449992012769238
1449992012818793 1449992012818840 1449992012819061 1449992012819116
1449992012868816 1449992012868858 1449992012869032 1449992012869080
1449992012918813 1449992012918885 1449992012919263 1449992012919336
1449992012968810 1449992012968883 1449992012969358 1449992012969428
1449992013018822 1449992013018860 1449992013019090 1449992013019132
1449992013068833 1449992013068935 1449992013069481 1449992013069622
1449992013118801 1449992013118874 1449992013119132 1449992013119913
1449992013168807 1449992013168888 1449992013169222 1449992013169273
1449992013218790 1449992013218856 1449992013219220 1449992013219274
1449992013268826 1449992013268924 1449992013269273 1449992013269344
1449992013318804 1449992013318856 1449992013319093 1449992013319134
1449992013368814 1449992013368880 1449992013369325 1449992013369392
1449992013418801 1449992013418882 1449992013419347 1449992013419393
1449992013468796 1449992013468846 1449992013469023 1449992013469134
1449992013518796 1449992013518867 1449992013519102 1449992013519151
1449992013568828 1449992013568927 1449992013569430 1449992013569547
1449992013618798 1449992013618894 1449992013619310 1449992013619381
1449992013668802 1449992013668869 1449992013669228 1449992013669297
1449992013718785 1449992013718851 1449992013719213 1449992013719261
1449992013768813 1449992013768930 1449992013769399 1449992013769465
1449992013818842 1449992013818904 1449992013819266 1449992013819347
1449992013868838 1449992013868920 1449992013869364 1449992013869474
1449992013918803 1449992013918843 1449992013919068 1449992013919110
1449992013968795 1449992013968835 1449992013969078 1449992013969122
1449992014018793 1449992014018832 1449992014019069 1449992014019110
1449992014068789 1449992014068827 1449992014069086 1449992014069140
1449992014118792 1449992014118828 1449992014119013 1449992014119167
1449992014168787 1449992014168842 1449992014169090 1449992014169136
1449992014218826 1449992014218923 1449992014219249 1449992014219332
1449992014268813 1449992014268850 1449992014269113 1449992014269157
1449992014318847 1449992014318941 1449992014319298 1449992014319347
1449992014368812 1449992014368854 1449992014369171 1449992014369270
1449992014418796 1449992014418823 1449992014419109 1449992014419158
1449992014468821 1449992014468920 1449992014469445 1449992014469582
1449992014518820 1449992014518920 1449992014519395 1449992014519490
1449992014568815 1449992014568862 1449992014569228 1449992014569293
1449992014618800 1449992014618884 1449992014619263 1449992014619332
1449992014668804 1449992014668864 1449992014669159 1449992014669287
1449992014718799 1449992014718834 1449992014719035 1449992014719082
1449992014768795 1449992014768858 1449992014769059 1449992014769187
1449992014818795 1449992014818855 1449992014819041 1449992014819333
1449992014868793 1449992014868852 1449992014869036 1449992014869093
1449992014918830 1449992014918926 1449992014919434 1449992014919566
1449992014968848 1449992014968942 1449992014969397 1449992014969497
1449992015018816 1449992015018891 1449992015019335 1449992015019421
1449992015068846 1449992015068941 1449992015069479 1449992015069606
1449992015118851 1449992015118942 1449992015119295 1449992015120163
1449992015168842 1449992015168909 1449992015169289 1449992015169366
1449992015218806 1449992015218856 1449992015219221 1449992015219270
1449992015268788 1449992015268825 1449992015269026 1449992015269071
1449992015318789 1449992015318832 1449992015319127 1449992015319171
1449992015368817 1449992015368855 1449992015369111 1449992015369155
1449992015418794 1449992015418836 1449992015419144 1449992015419182
1449992015468809 1449992015468869 1449992015469092 1449992015469797
1449992015518820 1449992015518885 1449992015519223 1449992015519288
1449992015568825 1449992015568899 1449992015569332 1449992015569429
1449992015618827 1449992015618886 1449992015619299 1449992015619363
1449992015668805 1449992015668848 1449992015669202 1449992015669279
1449992015718816 1449992015718864 1449992015719269 1449992015719344
1449992015768794 1449992015768834 1449992015769073 1449992015769153
1449992015818788 1449992015818824 1449992015819046 1449992015819103
1449992015868794 1449992015868834 1449992015869118 1449992015869185
1449992015918790 1449992015918828 1449992015919068 1449992015919117
1449992015968792 1449992015968833 1449992015969057 1449992015969107
1449992016018786 1449992016018824 1449992016019078 1449992016019132
1449992016068795 1449992016068837 1449992016069102 1449992016069176
1449992016118824 1449992016118878 1449992016119265 1449992016119356
1449992016168819 1449992016168890 1449992016169429 1449992016169543
1449992016218820 1449992016218888 1449992016219379 1449992016219481
1449992016268840 1449992016268912 1449992016269404 1449992016269538
1449992016318828 1449992016318909 1449992016319391 1449992016319493
1449992016368839 1449992016368910 1449992016369386 1449992016369489
1449992016418850 1449992016418922 1449992016419405 1449992016419512
1449992016468825 1449992016468894 1449992016469306 1449992016469684
1449992016518831 1449992016518904 1449992016519402 1449992016519486
1449992016568839 1449992016568910 1449992016569408 1449992016569488
1449992016618796 1449992016618833 1449992016619192 1449992016619232
1449992016668799 1449992016668852 1449992016669149 1449992016669211
1449992016718805 1449992016718848 1449992016719130 1449992016719218
1449992016768792 1449992016768831 1449992016768995 1449992016769044
1449992016818791 1449992016818829 1449992016819011 1449992016819058
1449992016868792 1449992016868832 1449992016869052 1449992016869109
1449992016918788 1449992016918825 1449992016919077 1449992016919129
1449992016968793 1449992016968833 1449992016969130 1449992016969179
1449992017018793 1449992017018834 1449992017019074 1449992017019133
1449992017068786 1449992017068821 1449992017069032 1449992017069090
1449992017118787 1449992017118833 1449992017118998 1449992017119043
1449992017168792 1449992017168828 1449992017169044 1449992017169091
1449992017218791 1449992017218830 1449992017219112 1449992017219177
1449992017268786 1449992017268820 1449992017269041 1449992017269119
1449992017318790 1449992017318827 1449992017319050 1449992017319098
1449992017368784 1449992017368822 1449992017369037 1449992017369084
1449992017418783 1449992017418819 1449992017419032 1449992017419090
1449992017468789 1449992017468825 1449992017469012 1449992017469070
1449992017518790 1449992017518824 1449992017519041 1449992017519086
1449992017568784 1449992017568819 1449992017569045 1449992017569093
1449992017618793 1449992017618832 1449992017619078 1449992017619130
1449992017668786 1449992017668824 1449992017669043 1449992017669091
1449992017718789 1449992017718828 1449992017719046 1449992017719091
1449992017768785 1449992017768819 1449992017768969 1449992017769017
1449992017818789 1449992017818821 1449992017818976 1449992017819022
1449992017868787 1449992017868828 1449992017869052 1449992017869095
1449992017918790 1449992017918825 1449992017919011 1449992017919051
1449992017968792 1449992017968832 1449992017969076 1449992017969118
1449992018018810 1449992018018866 1449992018019294 1449992018019368
1449992018068808 1449992018068882 1449992018069233 1449992018069301
1449992018118810 1449992018118863 1449992018119090 1449992018119132
1449992018168815 1449992018168871 1449992018169200 1449992018169244
1449992018218808 1449992018218882 1449992018219229 1449992018219297
1449992018268787 1449992018268828 1449992018269071 1449992018269121
1449992018318791 1449992018318831 1449992018319068 1449992018319114
1449992018368839 1449992018368940 1449992018369473 1449992018369575
1449992018418817 1449992018418879 1449992018419249 1449992018419329
1449992018468848 1449992018468948 1449992018469234 1449992018469311
1449992018519002 1449992018519094 1449992018519578 1449992018519678
1449992018568847 1449992018568940 1449992018569483 1449992018569613
1449992018618813 1449992018618851 1449992018619216 1449992018619345
1449992018668796 1449992018668834 1449992018669039 1449992018669089
1449992018718800 1449992018718868 1449992018719279 1449992018719371
1449992018768814 1449992018768890 1449992018769142 1449992018769221
