1449991564229901 1449991564229953 1449991564230072 1449991564230096
1449991564279911 1449991564279967 1449991564280075 1449991564280122
1449991564329907 1449991564329943 1449991564330056 1449991564330085
1449991564379867 1449991564379904 1449991564380032 1449991564380062
1449991564429906 1449991564429940 1449991564430067 1449991564430092
1449991564479906 1449991564479966 1449991564480094 1449991564480147
1449991564529907 1449991564529943 1449991564530065 1449991564530125
1449991564579907 1449991564579946 1449991564580066 1449991564580119
1449991564629906 1449991564629959 1449991564630067 1449991564630131
1449991564679907 1449991564679959 1449991564680069 1449991564680141
1449991564729901 1449991564729952 1449991564730059 1449991564730120
1449991564779906 1449991564779957 1449991564780061 1449991564780116
1449991564829898 1449991564829959 1449991564830069 1449991564830127
1449991564879904 1449991564879951 1449991564880063 1449991564880115
1449991564929903 1449991564929946 1449991564930052 1449991564930109
1449991564979905 1449991564979954 1449991564980063 1449991564980119
1449991565029907 1449991565029959 1449991565030075 1449991565030125
1449991565079905 1449991565079955 1449991565080061 1449991565080115
1449991565129901 1449991565129946 1449991565130027 1449991565130087
1449991565179897 1449991565179958 1449991565180072 1449991565180098
1449991565229904 1449991565229941 1449991565230053 1449991565230079
1449991565279907 1449991565279950 1449991565280063 1449991565280088
1449991565329901 1449991565329955 1449991565330054 1449991565330086
1449991565379912 1449991565379967 1449991565380067 1449991565380091
1449991565429906 1449991565429962 1449991565430090 1449991565430132
1449991565479908 1449991565479960 1449991565480063 1449991565480169
1449991565529909 1449991565529972 1449991565530080 1449991565530142
1449991565579912 1449991565579971 1449991565580093 1449991565580155
1449991565629909 1449991565629941 1449991565630045 1449991565630093
1449991565679908 1449991565679966 1449991565680082 1449991565680134
1449991565729915 1449991565729978 1449991565730147 1449991565730234
1449991565779922 1449991565780008 1449991565780174 1449991565780221
1449991565829926 1449991565830014 1449991565830182 1449991565830228
1449991565879916 1449991565879960 1449991565880065 1449991565880109
1449991565929925 1449991565930006 1449991565930173 1449991565930221
1449991565979963 1449991565980054 1449991565980246 1449991565980346
1449991566029915 1449991566029946 1449991566030050 1449991566030100
1449991566079912 1449991566079960 1449991566080105 1449991566080209
1449991566129931 1449991566130019 1449991566130174 1449991566130250
1449991566179915 1449991566179969 1449991566180076 1449991566180136
1449991566229909 1449991566229980 1449991566230072 1449991566230122
1449991566279901 1449991566279932 1449991566280029 1449991566280075
1449991566329933 1449991566330015 1449991566330159 1449991566330240
1449991566379928 1449991566379992 1449991566380100 1449991566380148
1449991566429916 1449991566429993 1449991566430122 1449991566430185
1449991566479909 1449991566479965 1449991566480062 1449991566480108
1449991566529925 1449991566530019 1449991566530234 1449991566530300
1449991566579929 1449991566580042 1449991566580211 1449991566580256
1449991566629918 1449991566630036 1449991566630213 1449991566630301
1449991566679926 1449991566680013 1449991566680185 1449991566680228
1449991566729909 1449991566729969 1449991566730118 1449991566730181
1449991566779901 1449991566779959 1449991566780062 1449991566780107
1449991566829908 1449991566829943 1449991566830056 1449991566830101
1449991566879929 1449991566879982 1449991566880134 1449991566880196
1449991566929923 1449991566929991 1449991566930130 1449991566930173
1449991566979914 1449991566979950 1449991566980058 1449991566980100
1449991567029922 1449991567029972 1449991567030147 1449991567030193
1449991567079910 1449991567079941 1449991567080038 1449991567080085
1449991567129910 1449991567129968 1449991567130089 1449991567130245
1449991567179942 1449991567180032 1449991567180230 1449991567180279
1449991567229931 1449991567229995 1449991567230127 1449991567230182
1449991567279929 1449991567280032 1449991567280197 1449991567280242
1449991567329930 1449991567329977 1449991567330087 1449991567330240
1449991567379924 1449991567379958 1449991567380081 1449991567380116
1449991567429909 1449991567429954 1449991567430110 1449991567430150
1449991567479919 1449991567479952 1449991567480124 1449991567480195
1449991567529918 1449991567529948 1449991567530098 1449991567530157
1449991567579920 1449991567579958 1449991567580133 1449991567580224
1449991567629936 1449991567630037 1449991567630167 1449991567630220
1449991567679920 1449991567679982 1449991567680090 1449991567680137
1449991567729931 1449991567729987 1449991567730106 1449991567730179
1449991567779970 1449991567780041 1449991567780197 1449991567780265
1449991567829929 1449991567829985 1449991567830107 1449991567830157
1449991567879922 1449991567879967 1449991567880068 1449991567880116
1449991567929924 1449991567929988 1449991567930149 1449991567930263
1449991567979928 1449991567980007 1449991567980204 1449991567980296
1449991568029922 1449991568029963 1449991568030139 1449991568030192
1449991568079918 1449991568079960 1449991568080128 1449991568080185
1449991568129915 1449991568129958 1449991568130102 1449991568130189
1449991568179961 1449991568180032 1449991568180293 1449991568180406
1449991568229926 1449991568229978 1449991568230152 1449991568230226
1449991568279917 1449991568279978 1449991568280180 1449991568280277
1449991568329900 1449991568329970 1449991568330145 1449991568330232
1449991568379920 1449991568379989 1449991568380167 1449991568380240
1449991568429919 1449991568429989 1449991568430150 1449991568430218
1449991568479961 1449991568480054 1449991568480311 1449991568480684
1449991568529926 1449991568530008 1449991568530197 1449991568530322
1449991568579919 1449991568579987 1449991568580170 1449991568580228
1449991568629920 1449991568629956 1449991568630127 1449991568630193
1449991568679927 1449991568680036 1449991568680232 1449991568680309
1449991568729916 1449991568729983 1449991568730093 1449991568730158
1449991568779966 1449991568780068 1449991568780287 1449991568780406
1449991568829969 1449991568830068 1449991568830323 1449991568830426
1449991568879923 1449991568880016 1449991568880256 1449991568880358
1449991568929939 1449991568930033 1449991568930239 1449991568930398
1449991568979931 1449991568979990 1449991568980199 1449991568980264
1449991569029936 1449991569030056 1449991569030255 1449991569030380
1449991569079910 1449991569079962 1449991569080074 1449991569080132
1449991569129957 1449991569130052 1449991569130302 1449991569130430
1449991569179941 1449991569180042 1449991569180287 1449991569180374
1449991569229967 1449991569230062 1449991569230317 1449991569230426
1449991569279926 1449991569279972 1449991569280157 1449991569280234
1449991569329925 1449991569329966 1449991569330146 1449991569330235
1449991569379926 1449991569380036 1449991569380229 1449991569380310
1449991569429924 1449991569430001 1449991569430178 1449991569430265
1449991569479924 1449991569480009 1449991569480207 1449991569480308
1449991569529957 1449991569530052 1449991569530297 1449991569530449
1449991569579967 1449991569580063 1449991569580305 1449991569580415
1449991569629951 1449991569630047 1449991569630316 1449991569630414
1449991569679942 1449991569680011 1449991569680251 1449991569680360
1449991569729927 1449991569730027 1449991569730203 1449991569730314
1449991569779922 1449991569779995 1449991569780174 1449991569780421
1449991569829960 1449991569830056 1449991569830318 1449991569830468
1449991569879913 1449991569879997 1449991569880202 1449991569880265
1449991569929962 1449991569930058 1449991569930321 1449991569930439
1449991569979967 1449991569980063 1449991569980312 1449991569980413
1449991570029968 1449991570030068 1449991570030319 1449991570030428
1449991570079924 1449991570080032 1449991570080235 1449991570080304
1449991570129925 1449991570130024 1449991570130256 1449991570130412
1449991570179915 1449991570179993 1449991570180154 1449991570180218
1449991570229957 1449991570230052 1449991570230355 1449991570230459
1449991570279965 1449991570280045 1449991570280198 1449991570280260
1449991570329927 1449991570330010 1449991570330206 1449991570330325
1449991570379921 1449991570379996 1449991570380179 1449991570380226
1449991570429919 1449991570430004 1449991570430176 1449991570430226
1449991570479919 1449991570479988 1449991570480156 1449991570480219
1449991570529919 1449991570529986 1449991570530152 1449991570530225
1449991570579922 1449991570579989 1449991570580177 1449991570580241
1449991570629913 1449991570629985 1449991570630159 1449991570630229
1449991570679917 1449991570680004 1449991570680209 1449991570680290
1449991570729950 1449991570730051 1449991570730288 1449991570730442
1449991570779967 1449991570780089 1449991570780324 1449991570780478
1449991570829946 1449991570830041 1449991570830298 1449991570830399
1449991570879923 1449991570880017 1449991570880248 1449991570880325
1449991570929925 1449991570930006 1449991570930190 1449991570930332
1449991570979967 1449991570980059 1449991570980279 1449991570980393
1449991571029930 1449991571030014 1449991571030216 1449991571030362
1449991571079923 1449991571079952 1449991571080114 1449991571080165
1449991571129918 1449991571130010 1449991571130147 1449991571130228
1449991571179906 1449991571179975 1449991571180104 1449991571180151
1449991571229907 1449991571229967 1449991571230074 1449991571230120
1449991571279900 1449991571279961 1449991571280063 1449991571280100
1449991571329933 1449991571329982 1449991571330080 1449991571330135
1449991571379908 1449991571379949 1449991571380046 1449991571380107
1449991571429911 1449991571429998 1449991571430160 1449991571430313
1449991571479962 1449991571480086 1449991571480314 1449991571480426
1449991571529923 1449991571530009 1449991571530198 1449991571530345
1449991571579937 1449991571580034 1449991571580302 1449991571580387
1449991571629931 1449991571630018 1449991571630194 1449991571630307
1449991571679932 1449991571680017 1449991571680199 1449991571680269
1449991571729930 1449991571730006 1449991571730190 1449991571730304
1449991571779917 1449991571780001 1449991571780159 1449991571780234
1449991571829934 1449991571830040 1449991571830203 1449991571830318
1449991571879916 1449991571879971 1449991571880077 1449991571880128
1449991571929904 1449991571929961 1449991571930061 1449991571930120
1449991571979910 1449991571979950 1449991571980041 1449991571980097
1449991572029908 1449991572029942 1449991572030028 1449991572030079
1449991572079925 1449991572079960 1449991572080077 1449991572080128
1449991572129900 1449991572129961 1449991572130070 1449991572130123
1449991572179906 1449991572179954 1449991572180066 1449991572180113
1449991572229905 1449991572229945 1449991572230048 1449991572230093
1449991572279901 1449991572279940 1449991572280050 1449991572280099
1449991572329899 1449991572329935 1449991572330043 1449991572330099
1449991572379909 1449991572379966 1449991572380086 1449991572380138
1449991572429935 1449991572429991 1449991572430121 1449991572430173
1449991572479917 1449991572479987 1449991572480094 1449991572480153
1449991572529907 1449991572529962 1449991572530064 1449991572530118
1449991572579907 1449991572579960 1449991572580052 1449991572580104
1449991572629902 1449991572629952 1449991572630063 1449991572630112
1449991572679905 1449991572679957 1449991572680060 1449991572680114
1449991572729905 1449991572729955 1449991572730060 1449991572730118
1449991572779923 1449991572780008 1449991572780187 1449991572780236
1449991572829923 1449991572830001 1449991572830157 1449991572830203
1449991572879919 1449991572880032 1449991572880209 1449991572880289
1449991572929912 1449991572929951 1449991572930045 1449991572930108
1449991572979924 1449991572980016 1449991572980180 1449991572980251
1449991573029912 1449991573029952 1449991573030063 1449991573030113
1449991573079907 1449991573079967 1449991573080073 1449991573080117
1449991573129913 1449991573129983 1449991573130113 1449991573130340
1449991573179918 1449991573179991 1449991573180125 1449991573180169
1449991573229964 1449991573230086 1449991573230360 1449991573230458
1449991573279917 1449991573279999 1449991573280200 1449991573280269
1449991573329906 1449991573329978 1449991573330171 1449991573330264
1449991573379901 1449991573379970 1449991573380143 1449991573380206
1449991573429899 1449991573429967 1449991573430124 1449991573430183
1449991573479906 1449991573479982 1449991573480151 1449991573480222
1449991573529909 1449991573529980 1449991573530174 1449991573530271
1449991573579906 1449991573580005 1449991573580198 1449991573580311
1449991573629957 1449991573630056 1449991573630315 1449991573630423
1449991573679924 1449991573680016 1449991573680213 1449991573680293
1449991573729915 1449991573729966 1449991573730070 1449991573730131
1449991573779906 1449991573779957 1449991573780062 1449991573780113
1449991573829912 1449991573829961 1449991573830127 1449991573830189
1449991573879921 1449991573880003 1449991573880154 1449991573880228
1449991573929910 1449991573929979 1449991573930080 1449991573930142
1449991573979918 1449991573980012 1449991573980203 1449991573980281
1449991574029929 1449991574030048 1449991574030225 1449991574030266
1449991574079926 1449991574079995 1449991574080182 1449991574080268
1449991574129933 1449991574130009 1449991574130176 1449991574130303
1449991574179929 1449991574180017 1449991574180195 1449991574180291
1449991574229954 1449991574230045 1449991574230268 1449991574230383
1449991574279943 1449991574280054 1449991574280221 1449991574280311
1449991574329911 1449991574329948 1449991574330062 1449991574330117
1449991574379923 1449991574379983 1449991574380194 1449991574380273
1449991574429909 1449991574429942 1449991574430064 1449991574430135
1449991574479912 1449991574479949 1449991574480079 1449991574480137
1449991574529906 1449991574529962 1449991574530060 1449991574530121
1449991574579956 1449991574580048 1449991574580260 1449991574580360
1449991574629927 1449991574629983 1449991574630167 1449991574630253
1449991574679970 1449991574680060 1449991574680277 1449991574680390
1449991574729929 1449991574729974 1449991574730141 1449991574730253
1449991574779928 1449991574779976 1449991574780146 1449991574780233
1449991574829926 1449991574829972 1449991574830144 1449991574830224
1449991574879928 1449991574879976 1449991574880149 1449991574880239
1449991574929965 1449991574930083 1449991574930325 1449991574930450
1449991574979928 1449991574980035 1449991574980204 1449991574980281
1449991575029911 1449991575029943 1449991575030050 1449991575030097
1449991575079907 1449991575079951 1449991575080058 1449991575080105
1449991575129904 1449991575129936 1449991575130043 1449991575130105
1449991575179925 1449991575180011 1449991575180225 1449991575180298
1449991575229928 1449991575229976 1449991575230163 1449991575230390
1449991575279939 1449991575280026 1449991575280198 1449991575280378
1449991575329919 1449991575330015 1449991575330147 1449991575330217
1449991575379917 1449991575379988 1449991575380120 1449991575380257
1449991575429960 1449991575430055 1449991575430291 1449991575430783
1449991575479931 1449991575480011 1449991575480192 1449991575480262
1449991575529910 1449991575529941 1449991575530044 1449991575530101
1449991575579953 1449991575580040 1449991575580291 1449991575580411
1449991575629912 1449991575629965 1449991575630076 1449991575630129
1449991575679906 1449991575679977 1449991575680093 1449991575680154
1449991575729906 1449991575729941 1449991575730042 1449991575730118
1449991575779905 1449991575779939 1449991575780034 1449991575780109
1449991575829906 1449991575829942 1449991575830044 1449991575830088
1449991575879907 1449991575879943 1449991575880046 1449991575880095
1449991575929901 1449991575929933 1449991575930028 1449991575930084
1449991575979899 1449991575979932 1449991575980038 1449991575980084
1449991576029901 1449991576029954 1449991576030040 1449991576030106
1449991576079901 1449991576079943 1449991576080040 1449991576080088
1449991576129904 1449991576129949 1449991576130044 1449991576130106
1449991576179907 1449991576179937 1449991576180032 1449991576180074
1449991576229906 1449991576229957 1449991576230048 1449991576230091
1449991576279902 1449991576279947 1449991576280039 1449991576280102
1449991576329907 1449991576329956 1449991576330056 1449991576330111
1449991576379906 1449991576379977 1449991576380083 1449991576380194
1449991576429905 1449991576429933 1449991576430042 1449991576430098
1449991576479924 1449991576479954 1449991576480054 1449991576480101
1449991576529905 1449991576529939 1449991576530028 1449991576530088
1449991576579904 1449991576579959 1449991576580062 1449991576580129
1449991576629900 1449991576629936 1449991576630048 1449991576630093
1449991576679908 1449991576679966 1449991576680077 1449991576680126
1449991576729908 1449991576730126 1449991576730236 1449991576730302
1449991576779901 1449991576779949 1449991576780043 1449991576780087
1449991576829904 1449991576829959 1449991576830070 1449991576830129
1449991576879905 1449991576879959 1449991576880074 1449991576880126
1449991576929909 1449991576929964 1449991576930077 1449991576930136
1449991576979906 1449991576979964 1449991576980057 1449991576980111
1449991577029906 1449991577029961 1449991577030047 1449991577030117
1449991577079904 1449991577079963 1449991577080069 1449991577080116
1449991577129906 1449991577129964 1449991577130066 1449991577130301
1449991577179923 1449991577180012 1449991577180183 1449991577180228
1449991577229944 1449991577229992 1449991577230086 1449991577230130
1449991577279937 1449991577279989 1449991577280110 1449991577280162
1449991577329914 1449991577329962 1449991577330045 1449991577330106
1449991577379904 1449991577379945 1449991577380027 1449991577380077
1449991577429908 1449991577429964 1449991577430047 1449991577430100
1449991577479908 1449991577479971 1449991577480066 1449991577480111
1449991577529907 1449991577529969 1449991577530080 1449991577530140
1449991577579905 1449991577579964 1449991577580067 1449991577580115
1449991577629908 1449991577629967 1449991577630051 1449991577630097
1449991577679908 1449991577679968 1449991577680053 1449991577680103
1449991577729904 1449991577729951 1449991577730033 1449991577730089
1449991577779907 1449991577779959 1449991577780063 1449991577780112
1449991577829908 1449991577829940 1449991577830043 1449991577830087
1449991577879907 1449991577879962 1449991577880066 1449991577880114
1449991577929897 1449991577929951 1449991577930050 1449991577930103
1449991577979904 1449991577979964 1449991577980071 1449991577980128
1449991578029899 1449991578029938 1449991578030037 1449991578030083
1449991578079904 1449991578079939 1449991578080051 1449991578080096
1449991578129899 1449991578129934 1449991578130032 1449991578130094
1449991578179906 1449991578179941 1449991578180042 1449991578180091
1449991578229907 1449991578229940 1449991578230049 1449991578230100
1449991578279906 1449991578279962 1449991578280071 1449991578280116
1449991578329910 1449991578329977 1449991578330092 1449991578330148
1449991578379905 1449991578379979 1449991578380081 1449991578380126
1449991578429905 1449991578429938 1449991578430038 1449991578430083
1449991578479906 1449991578479942 1449991578480041 1449991578480088
1449991578529906 1449991578529943 1449991578530038 1449991578530115
1449991578579899 1449991578579933 1449991578580042 1449991578580092
1449991578629906 1449991578629940 1449991578630028 1449991578630072
1449991578679906 1449991578679942 1449991578680038 1449991578680086
1449991578729905 1449991578729953 1449991578730058 1449991578730117
1449991578779908 1449991578779944 1449991578780032 1449991578780090
1449991578829903 1449991578829935 1449991578830037 1449991578830086
1449991578879923 1449991578879982 1449991578880163 1449991578880242
1449991578929910 1449991578929944 1449991578930051 1449991578930113
1449991578979908 1449991578979964 1449991578980062 1449991578980121
1449991579029898 1449991579029953 1449991579030057 1449991579030111
1449991579079898 1449991579079964 1449991579080064 1449991579080120
1449991579129904 1449991579129961 1449991579130059 1449991579130121
1449991579179915 1449991579179975 1449991579180068 1449991579180113
1449991579229905 1449991579229960 1449991579230076 1449991579230124
1449991579279900 1449991579279958 1449991579280062 1449991579280118
1449991579329903 1449991579329960 1449991579330068 1449991579330130
1449991579379909 1449991579379967 1449991579380072 1449991579380119
1449991579429926 1449991579429974 1449991579430075 1449991579430128
1449991579479905 1449991579479935 1449991579480046 1449991579480135
1449991579529907 1449991579529938 1449991579530044 1449991579530096
1449991579579924 1449991579580009 1449991579580226 1449991579580309
1449991579629935 1449991579629972 1449991579630075 1449991579630117
1449991579679909 1449991579679965 1449991579680194 1449991579680329
1449991579729915 1449991579729954 1449991579730058 1449991579730109
1449991579779910 1449991579779964 1449991579780065 1449991579780112
1449991579829908 1449991579829945 1449991579830049 1449991579830097
1449991579879935 1449991579879995 1449991579880208 1449991579880306
1449991579929933 1449991579929972 1449991579930082 1449991579930143
1449991579979908 1449991579979948 1449991579980063 1449991579980108
1449991580029907 1449991580029946 1449991580030055 1449991580030102
1449991580079905 1449991580079941 1449991580080043 1449991580080103
1449991580129908 1449991580129941 1449991580130019 1449991580130076
1449991580180058 1449991580180093 1449991580180199 1449991580180252
1449991580229904 1449991580229942 1449991580230049 1449991580230101
1449991580279906 1449991580279942 1449991580280047 1449991580280109
1449991580329905 1449991580329942 1449991580330038 1449991580330098
1449991580379908 1449991580379944 1449991580380038 1449991580380086
1449991580429905 1449991580429943 1449991580430048 1449991580430093
1449991580479906 1449991580479956 1449991580480049 1449991580480107
1449991580529906 1449991580529963 1449991580530078 1449991580530150
1449991580579906 1449991580579936 1449991580580032 1449991580580082
1449991580629906 1449991580629962 1449991580630048 1449991580630113
1449991580679908 1449991580679967 1449991580680058 1449991580680122
1449991580729964 1449991580730039 1449991580730334 1449991580730456
1449991580779930 1449991580780000 1449991580780260 1449991580780374
1449991580829932 1449991580830014 1449991580830194 1449991580830303
1449991580879953 1449991580880002 1449991580880203 1449991580880266
1449991580929910 1449991580929949 1449991580930068 1449991580930314
1449991580979907 1449991580979943 1449991580980060 1449991580980106
1449991581029902 1449991581029949 1449991581030046 1449991581030087
1449991581079925 1449991581079987 1449991581080104 1449991581080166
1449991581129922 1449991581129978 1449991581130134 1449991581130186
1449991581179911 1449991581179976 1449991581180082 1449991581180125
1449991581229868 1449991581229935 1449991581230046 1449991581230087
1449991581279867 1449991581279922 1449991581280051 1449991581280092
1449991581329910 1449991581329947 1449991581330064 1449991581330096
1449991581379903 1449991581379964 1449991581380068 1449991581380113
1449991581429924 1449991581429977 1449991581430170 1449991581430239
1449991581479917 1449991581479978 1449991581480074 1449991581480123
1449991581529908 1449991581529985 1449991581530083 1449991581530184
1449991581579924 1449991581579970 1449991581580119 1449991581580179
1449991581629907 1449991581629936 1449991581630078 1449991581630134
1449991581679913 1449991581679964 1449991581680124 1449991581680195
1449991581729905 1449991581729933 1449991581730048 1449991581730085
1449991581779904 1449991581779941 1449991581780071 1449991581780133
1449991581829910 1449991581829999 1449991581830194 1449991581830358
1449991581879906 1449991581879951 1449991581880099 1449991581880190
1449991581929922 1449991581929998 1449991581930177 1449991581930318
1449991581979930 1449991581980016 1449991581980195 1449991581980304
1449991582029907 1449991582029971 1449991582030141 1449991582030175
1449991582079898 1449991582079954 1449991582080054 1449991582080097
1449991582129904 1449991582129988 1449991582130147 1449991582130233
1449991582179964 1449991582180058 1449991582180293 1449991582180412
1449991582229913 1449991582229957 1449991582230055 1449991582230104
1449991582279925 1449991582279971 1449991582280129 1449991582280207
1449991582329908 1449991582329937 1449991582330076 1449991582330143
1449991582379903 1449991582379962 1449991582380067 1449991582380110
1449991582429899 1449991582429933 1449991582430032 1449991582430078
1449991582479903 1449991582479940 1449991582480038 1449991582480083
1449991582529905 1449991582529939 1449991582530026 1449991582530070
1449991582579907 1449991582579959 1449991582580062 1449991582580110
1449991582629906 1449991582629942 1449991582630049 1449991582630095
1449991582679925 1449991582680015 1449991582680216 1449991582680260
1449991582729923 1449991582729988 1449991582730142 1449991582730193
1449991582779907 1449991582779963 1449991582780061 1449991582780106
1449991582829905 1449991582829962 1449991582830069 1449991582830123
1449991582879906 1449991582879963 1449991582880061 1449991582880108
1449991582929907 1449991582929961 1449991582930063 1449991582930133
1449991582979909 1449991582979968 1449991582980073 1449991582980119
1449991583029906 1449991583029964 1449991583030062 1449991583030108
1449991583079907 1449991583079947 1449991583080045 1449991583080089
1449991583129923 1449991583129982 1449991583130172 1449991583130256
1449991583179964 1449991583180032 1449991583180236 1449991583180322
1449991583229913 1449991583229953 1449991583230055 1449991583230111
1449991583279961 1449991583280055 1449991583280318 1449991583280424
1449991583329964 1449991583330035 1449991583330251 1449991583330389
1449991583379932 1449991583379996 1449991583380176 1449991583380293
1449991583429922 1449991583429963 1449991583430170 1449991583430251
1449991583479925 1449991583479985 1449991583480166 1449991583480283
1449991583529911 1449991583529953 1449991583530065 1449991583530114
1449991583579908 1449991583579950 1449991583580057 1449991583580105
1449991583629906 1449991583629977 1449991583630090 1449991583630139
1449991583679902 1449991583679938 1449991583680049 1449991583680098
1449991583729916 1449991583729978 1449991583730104 1449991583730152
1449991583779938 1449991583780011 1449991583780169 1449991583780234
1449991583829923 1449991583829977 1449991583830088 1449991583830133
1449991583879962 1449991583880034 1449991583880194 1449991583880252
1449991583929936 1449991583929995 1449991583930108 1449991583930153
1449991583979926 1449991583980017 1449991583980138 1449991583980211
1449991584029923 1449991584029954 1449991584030109 1449991584030137
1449991584079914 1449991584079941 1449991584080082 1449991584080116
1449991584129907 1449991584129937 1449991584130083 1449991584130118
1449991584179906 1449991584179965 1449991584180072 1449991584180126
1449991584229906 1449991584229966 1449991584230078 1449991584230134
1449991584279959 1449991584280053 1449991584280320 1449991584280430
1449991584329913 1449991584329968 1449991584330170 1449991584330239
1449991584379920 1449991584379948 1449991584380085 1449991584380130
1449991584429899 1449991584429926 1449991584430054 1449991584430128
1449991584479922 1449991584479962 1449991584480125 1449991584480207
1449991584529919 1449991584529947 1449991584530095 1449991584530164
1449991584579900 1449991584579926 1449991584580072 1449991584580155
1449991584629897 1449991584629922 1449991584630059 1449991584630130
1449991584679915 1449991584679953 1449991584680086 1449991584680156
1449991584729924 1449991584729960 1449991584730095 1449991584730180
1449991584779911 1449991584779956 1449991584780117 1449991584780209
1449991584829921 1449991584829950 1449991584830112 1449991584830192
1449991584879919 1449991584879947 1449991584880098 1449991584880170
1449991584929902 1449991584929927 1449991584930084 1449991584930189
1449991584979900 1449991584979925 1449991584980082 1449991584980153
1449991585029901 1449991585029941 1449991585030088 1449991585030170
1449991585079903 1449991585079933 1449991585080085 1449991585080160
1449991585129920 1449991585129951 1449991585130093 1449991585130173
1449991585179965 1449991585180062 1449991585180302 1449991585180415
1449991585229921 1449991585229998 1449991585230178 1449991585230252
1449991585279913 1449991585280001 1449991585280198 1449991585280280
1449991585329924 1449991585330016 1449991585330163 1449991585330230
1449991585379905 1449991585379992 1449991585380101 1449991585380140
1449991585429899 1449991585429931 1449991585430123 1449991585430147
1449991585479899 1449991585479966 1449991585480148 1449991585480298
1449991585529922 1449991585530011 1449991585530129 1449991585530171
1449991585579912 1449991585579961 1449991585580147 1449991585580215
1449991585629912 1449991585629962 1449991585630131 1449991585630218
1449991585679914 1449991585679962 1449991585680132 1449991585680219
1449991585729912 1449991585729953 1449991585730049 1449991585730107
1449991585779926 1449991585780011 1449991585780176 1449991585780369
1449991585829911 1449991585829982 1449991585830137 1449991585830213
1449991585879902 1449991585879932 1449991585880079 1449991585880157
1449991585929899 1449991585929927 1449991585930019 1449991585930063
1449991585979921 1449991585979969 1449991585980157 1449991585980239
1449991586029924 1449991586029955 1449991586030104 1449991586030187
1449991586079920 1449991586079971 1449991586080136 1449991586080209
1449991586129962 1449991586130057 1449991586130254 1449991586130367
1449991586179967 1449991586180062 1449991586180278 1449991586180383
1449991586229925 1449991586229961 1449991586230092 1449991586230177
1449991586279912 1449991586279943 1449991586280026 1449991586280069
1449991586329923 1449991586329971 1449991586330134 1449991586330197
1449991586379922 1449991586379949 1449991586380095 1449991586380156
1449991586429924 1449991586429966 1449991586430108 1449991586430171
1449991586479906 1449991586479951 1449991586480035 1449991586480109
1449991586529929 1449991586529992 1449991586530092 1449991586530205
1449991586579927 1449991586579978 1449991586580155 1449991586580257
1449991586629926 1449991586629958 1449991586630161 1449991586630237
1449991586679907 1449991586679937 1449991586680068 1449991586680106
1449991586729907 1449991586729942 1449991586730105 1449991586730210
1449991586779910 1449991586779945 1449991586780107 1449991586780159
1449991586829921 1449991586829955 1449991586830099 1449991586830150
1449991586879913 1449991586879943 1449991586880078 1449991586880170
1449991586929903 1449991586929932 1449991586930072 1449991586930124
1449991586979899 1449991586979929 1449991586980081 1449991586980114
1449991587029900 1449991587029929 1449991587030058 1449991587030101
1449991587079907 1449991587079945 1449991587080113 1449991587080151
1449991587129901 1449991587129970 1449991587130095 1449991587130140
1449991587179926 1449991587179997 1449991587180133 1449991587180225
1449991587229964 1449991587230065 1449991587230315 1449991587230443
1449991587279931 1449991587280011 1449991587280194 1449991587280238
1449991587329901 1449991587329924 1449991587330006 1449991587330044
1449991587379900 1449991587379928 1449991587380043 1449991587380080
1449991587429900 1449991587429927 1449991587430077 1449991587430145
1449991587479900 1449991587479932 1449991587480083 1449991587480138
1449991587529915 1449991587529946 1449991587530093 1449991587530147
1449991587579920 1449991587579949 1449991587580105 1449991587580155
1449991587629922 1449991587629995 1449991587630138 1449991587630187
1449991587679925 1449991587679998 1449991587680168 1449991587680229
1449991587729908 1449991587729945 1449991587730109 1449991587730159
1449991587779904 1449991587779936 1449991587780074 1449991587780125
1449991587829903 1449991587829938 1449991587830096 1449991587830186
1449991587879899 1449991587879926 1449991587880063 1449991587880188
1449991587929900 1449991587929928 1449991587930079 1449991587930131
1449991587979923 1449991587979962 1449991587980147 1449991587980225
1449991588029905 1449991588029932 1449991588030077 1449991588030140
1449991588079901 1449991588079930 1449991588080078 1449991588080129
1449991588129901 1449991588129931 1449991588130071 1449991588130121
1449991588179899 1449991588179932 1449991588180083 1449991588180132
1449991588229899 1449991588229926 1449991588230072 1449991588230156
1449991588279899 1449991588279926 1449991588280074 1449991588280125
1449991588329899 1449991588329926 1449991588330076 1449991588330126
1449991588379919 1449991588379948 1449991588380083 1449991588380138
1449991588429904 1449991588429930 1449991588430076 1449991588430136
1449991588479901 1449991588479930 1449991588480070 1449991588480273
1449991588529918 1449991588529949 1449991588530082 1449991588530183
1449991588579917 1449991588579943 1449991588580088 1449991588580145
1449991588629917 1449991588629946 1449991588630085 1449991588630187
1449991588679902 1449991588679927 1449991588680067 1449991588680096
1449991588729900 1449991588729924 1449991588730089 1449991588730143
1449991588779898 1449991588779923 1449991588780046 1449991588780071
1449991588829894 1449991588829909 1449991588829992 1449991588830041
1449991588879903 1449991588879939 1449991588880046 1449991588880092
1449991588929923 1449991588929967 1449991588930136 1449991588930220
1449991588979921 1449991588979952 1449991588980108 1449991588980181
1449991589029918 1449991589029944 1449991589030090 1449991589030181
1449991589079901 1449991589079928 1449991589080075 1449991589080133
1449991589129916 1449991589129945 1449991589130087 1449991589130162
1449991589179910 1449991589179967 1449991589180077 1449991589180127
1449991589229959 1449991589230054 1449991589230295 1449991589230429
1449991589279930 1449991589279971 1449991589280133 1449991589280202
1449991589329928 1449991589329972 1449991589330152 1449991589330252
1449991589379926 1449991589379969 1449991589380133 1449991589380238
1449991589429919 1449991589429948 1449991589430089 1449991589430169
1449991589479919 1449991589479949 1449991589480088 1449991589480253
1449991589529915 1449991589529976 1449991589530080 1449991589530140
1449991589579925 1449991589579979 1449991589580170 1449991589580293
1449991589629919 1449991589629944 1449991589630061 1449991589630140
1449991589679925 1449991589679974 1449991589680108 1449991589680166
1449991589729910 1449991589729941 1449991589730046 1449991589730104
1449991589779918 1449991589779987 1449991589780138 1449991589780196
1449991589829902 1449991589829933 1449991589830029 1449991589830089
1449991589879924 1449991589879970 1449991589880124 1449991589880222
1449991589929911 1449991589929946 1449991589930093 1449991589930150
1449991589979909 1449991589979967 1449991589980075 1449991589980131
1449991590029910 1449991590029968 1449991590030134 1449991590030243
1449991590079926 1449991590080009 1449991590080166 1449991590080263
1449991590129904 1449991590129959 1449991590130061 1449991590130114
1449991590179957 1449991590180042 1449991590180239 1449991590180306
1449991590229904 1449991590229980 1449991590230109 1449991590230212
1449991590279904 1449991590279967 1449991590280069 1449991590280134
1449991590329919 1449991590329990 1449991590330097 1449991590330148
1449991590379962 1449991590380065 1449991590380291 1449991590380352
1449991590429938 1449991590429988 1449991590430142 1449991590430233
1449991590479925 1449991590479955 1449991590480081 1449991590480151
1449991590529902 1449991590529930 1449991590530025 1449991590530068
1449991590579906 1449991590579952 1449991590580136 1449991590580206
1449991590629900 1449991590629931 1449991590630068 1449991590630140
1449991590679900 1449991590679929 1449991590680027 1449991590680068
1449991590729897 1449991590729925 1449991590730022 1449991590730063
1449991590779904 1449991590779946 1449991590780113 1449991590780179
1449991590829902 1449991590829962 1449991590830075 1449991590830119
1449991590879926 1449991590879972 1449991590880154 1449991590880252
1449991590929922 1449991590929951 1449991590930130 1449991590930176
1449991590979910 1449991590979943 1449991590980032 1449991590980077
1449991591029923 1449991591029973 1449991591030138 1449991591030312
1449991591079911 1449991591079943 1449991591080045 1449991591080110
1449991591129926 1449991591129978 1449991591130150 1449991591130237
1449991591179925 1449991591179991 1449991591180164 1449991591180206
1449991591229912 1449991591229946 1449991591230063 1449991591230142
1449991591279928 1449991591279975 1449991591280152 1449991591280270
1449991591329912 1449991591329948 1449991591330051 1449991591330104
1449991591379908 1449991591379967 1449991591380061 1449991591380115
1449991591429921 1449991591429971 1449991591430138 1449991591430235
1449991591479933 1449991591479983 1449991591480131 1449991591480186
1449991591529922 1449991591529995 1449991591530146 1449991591530227
1449991591579908 1449991591579946 1449991591580065 1449991591580129
1449991591629905 1449991591629955 1449991591630061 1449991591630116
1449991591679909 1449991591679999 1449991591680136 1449991591680197
1449991591729903 1449991591729961 1449991591730066 1449991591730109
1449991591779904 1449991591779953 1449991591780055 1449991591780148
1449991591829912 1449991591829999 1449991591830253 1449991591830404
1449991591879909 1449991591879961 1449991591880052 1449991591880104
1449991591929908 1449991591929964 1449991591930061 1449991591930125
1449991591979911 1449991591979963 1449991591980049 1449991591980134
1449991592029907 1449991592029976 1449991592030099 1449991592030160
1449991592079929 1449991592080016 1449991592080149 1449991592080228
1449991592129914 1449991592129972 1449991592130057 1449991592130110
1449991592179960 1449991592180052 1449991592180293 1449991592180403
1449991592229924 1449991592229990 1449991592230164 1449991592230235
1449991592279912 1449991592279973 1449991592280073 1449991592280142
1449991592329922 1449991592329961 1449991592330141 1449991592330226
1449991592379962 1449991592380062 1449991592380290 1449991592380395
1449991592429956 1449991592430048 1449991592430299 1449991592430394
1449991592479908 1449991592479968 1449991592480072 1449991592480223
1449991592529906 1449991592529973 1449991592530079 1449991592530123
1449991592579960 1449991592580050 1449991592580313 1449991592580401
1449991592629914 1449991592629967 1449991592630073 1449991592630126
1449991592679961 1449991592680071 1449991592680235 1449991592680336
1449991592729929 1449991592730004 1449991592730197 1449991592730340
1449991592779920 1449991592779986 1449991592780141 1449991592780226
1449991592829923 1449991592830004 1449991592830192 1449991592830333
1449991592879924 1449991592879991 1449991592880162 1449991592880233
1449991592929918 1449991592929978 1449991592930144 1449991592930218
1449991592979908 1449991592979962 1449991592980063 1449991592980112
1449991593029929 1449991593030016 1449991593030189 1449991593030312
1449991593079917 1449991593079985 1449991593080081 1449991593080145
1449991593129926 1449991593129998 1449991593130159 1449991593130250
1449991593179920 1449991593180004 1449991593180198 1449991593180281
1449991593229922 1449991593229984 1449991593230137 1449991593230210
1449991593279918 1449991593279983 1449991593280159 1449991593280225
1449991593329920 1449991593329993 1449991593330146 1449991593330208
1449991593379966 1449991593380057 1449991593380258 1449991593380358
1449991593429929 1449991593430013 1449991593430168 1449991593430241
1449991593479923 1449991593479988 1449991593480121 1449991593480200
1449991593529904 1449991593529970 1449991593530139 1449991593530192
1449991593579919 1449991593579987 1449991593580157 1449991593580216
1449991593629924 1449991593629972 1449991593630166 1449991593630245
1449991593679926 1449991593679959 1449991593680063 1449991593680116
1449991593729904 1449991593729971 1449991593730147 1449991593730225
1449991593779932 1449991593780038 1449991593780205 1449991593780276
1449991593829984 1449991593830073 1449991593830301 1449991593830395
1449991593879975 1449991593880061 1449991593880252 1449991593880363
1449991593929965 1449991593930051 1449991593930298 1449991593930403
1449991593979970 1449991593980056 1449991593980269 1449991593980380
1449991594029931 1449991594030004 1449991594030144 1449991594030242
1449991594079965 1449991594080058 1449991594080231 1449991594080332
1449991594129975 1449991594130076 1449991594130297 1449991594130478
