1449997373808806 1449997373808917 1449997373808985 1449997373809093
1449997373858811 1449997373858906 1449997373858974 1449997373859063
1449997373908785 1449997373908887 1449997373908960 1449997373909045
1449997373958780 1449997373958871 1449997373958959 1449997373959022
1449997374008796 1449997374008897 1449997374008964 1449997374009078
1449997374058775 1449997374058853 1449997374058905 1449997374058981
1449997374108808 1449997374108877 1449997374108932 1449997374109028
1449997374158787 1449997374158889 1449997374158988 1449997374159100
1449997374208786 1449997374208877 1449997374208937 1449997374209063
1449997374258774 1449997374258861 1449997374258915 1449997374258993
1449997374308765 1449997374308832 1449997374308884 1449997374308951
1449997374358776 1449997374358866 1449997374358923 1449997374359010
1449997374408807 1449997374408930 1449997374408988 1449997374409111
1449997374458820 1449997374458918 1449997374458975 1449997374459074
1449997374508819 1449997374508921 1449997374509021 1449997374509135
1449997374558821 1449997374558917 1449997374559018 1449997374559145
1449997374608820 1449997374608918 1449997374609020 1449997374609156
1449997374658816 1449997374658910 1449997374659010 1449997374659131
1449997374708815 1449997374708915 1449997374708971 1449997374709075
1449997374758789 1449997374758913 1449997374759014 1449997374759085
1449997374808822 1449997374808918 1449997374808994 1449997374809108
1449997374858816 1449997374858883 1449997374858951 1449997374859053
1449997374908784 1449997374908880 1449997374908980 1449997374909051
1449997374958806 1449997374958894 1449997374958998 1449997374959072
1449997375008814 1449997375008904 1449997375008963 1449997375009090
1449997375058816 1449997375058909 1449997375058967 1449997375059069
1449997375108813 1449997375108930 1449997375108986 1449997375109085
1449997375158807 1449997375158897 1449997375158952 1449997375159051
1449997375208780 1449997375208864 1449997375208921 1449997375209051
1449997375258815 1449997375258908 1449997375258966 1449997375259071
1449997375308811 1449997375308905 1449997375308962 1449997375309063
1449997375358773 1449997375358847 1449997375358891 1449997375358968
1449997375408793 1449997375408888 1449997375408945 1449997375409072
1449997375458816 1449997375458950 1449997375459005 1449997375459106
1449997375508812 1449997375508897 1449997375508962 1449997375509084
1449997375558814 1449997375558901 1449997375558968 1449997375559091
1449997375608807 1449997375608888 1449997375608950 1449997375609102
1449997375658814 1449997375658897 1449997375658963 1449997375659082
1449997375708814 1449997375708899 1449997375708963 1449997375709087
1449997375758816 1449997375758902 1449997375758969 1449997375759090
1449997375808815 1449997375808927 1449997375808990 1449997375809165
1449997375858816 1449997375858909 1449997375858968 1449997375859068
1449997375908777 1449997375908867 1449997375908924 1449997375909025
1449997375958786 1449997375958883 1449997375958983 1449997375959099
1449997376008811 1449997376008895 1449997376008959 1449997376009102
1449997376058780 1449997376058857 1449997376058915 1449997376058996
1449997376108813 1449997376108899 1449997376108963 1449997376109082
1449997376158780 1449997376158890 1449997376158956 1449997376159083
1449997376208815 1449997376208911 1449997376208968 1449997376209100
1449997376258817 1449997376258913 1449997376258972 1449997376259068
1449997376308812 1449997376308906 1449997376308963 1449997376309064
1449997376358816 1449997376358911 1449997376358969 1449997376359064
1449997376408782 1449997376408884 1449997376408944 1449997376409079
1449997376458817 1449997376458914 1449997376458970 1449997376459077
1449997376508812 1449997376508939 1449997376508995 1449997376509095
1449997376558785 1449997376558884 1449997376558958 1449997376559052
1449997376608818 1449997376608906 1449997376608986 1449997376609115
1449997376658816 1449997376658912 1449997376658970 1449997376659073
1449997376708766 1449997376708831 1449997376708867 1449997376708940
1449997376758798 1449997376758891 1449997376758961 1449997376759085
1449997376808814 1449997376808906 1449997376808977 1449997376809125
1449997376858816 1449997376858937 1449997376859008 1449997376859129
1449997376908780 1449997376908875 1449997376908976 1449997376909095
1449997376958816 1449997376958908 1449997376958981 1449997376959100
1449997377008814 1449997377008910 1449997377008981 1449997377009124
1449997377058817 1449997377058911 1449997377058986 1449997377059106
1449997377108798 1449997377108893 1449997377108965 1449997377109083
1449997377158789 1449997377158876 1449997377158948 1449997377159067
1449997377208796 1449997377208917 1449997377208990 1449997377209132
1449997377258817 1449997377258919 1449997377259017 1449997377259194
1449997377308817 1449997377308910 1449997377308986 1449997377309105
1449997377358815 1449997377358909 1449997377358982 1449997377359103
1449997377408783 1449997377408878 1449997377408951 1449997377409100
1449997377458818 1449997377458912 1449997377458987 1449997377459103
1449997377508812 1449997377508907 1449997377508981 1449997377509100
1449997377558816 1449997377558945 1449997377559018 1449997377559137
1449997377608817 1449997377608910 1449997377609008 1449997377609151
1449997377658817 1449997377658913 1449997377658986 1449997377659105
1449997377708813 1449997377708909 1449997377708983 1449997377709109
1449997377758815 1449997377758906 1449997377758977 1449997377759100
1449997377808811 1449997377808906 1449997377808979 1449997377809124
1449997377858798 1449997377858893 1449997377858967 1449997377859084
1449997377908772 1449997377908886 1449997377908967 1449997377909092
1449997377958815 1449997377958909 1449997377958967 1449997377959069
1449997378008813 1449997378008913 1449997378008972 1449997378009097
1449997378058772 1449997378058847 1449997378058893 1449997378058948
1449997378108777 1449997378108869 1449997378108926 1449997378109026
1449997378158815 1449997378158908 1449997378158991 1449997378159094
1449997378208786 1449997378208877 1449997378208948 1449997378209065
1449997378258814 1449997378258946 1449997378259019 1449997378259115
1449997378308771 1449997378308845 1449997378308889 1449997378309009
1449997378358766 1449997378358833 1449997378358873 1449997378358918
1449997378408807 1449997378408902 1449997378408960 1449997378409083
1449997378458784 1449997378458878 1449997378458937 1449997378459029
1449997378508776 1449997378508860 1449997378508909 1449997378508969
1449997378558768 1449997378558834 1449997378558873 1449997378558917
1449997378608807 1449997378608928 1449997378608985 1449997378609100
1449997378658817 1449997378658917 1449997378658975 1449997378659072
1449997378708774 1449997378708849 1449997378708895 1449997378708956
1449997378758743 1449997378758762 1449997378758797 1449997378758817
1449997378808802 1449997378808896 1449997378808954 1449997378809095
1449997378858815 1449997378858909 1449997378858967 1449997378859064
1449997378908772 1449997378908848 1449997378908892 1449997378908950
1449997378958765 1449997378958853 1449997378958890 1449997378958938
1449997379008802 1449997379008896 1449997379008955 1449997379009078
1449997379058813 1449997379058907 1449997379058964 1449997379059065
1449997379108773 1449997379108851 1449997379108897 1449997379108957
1449997379158766 1449997379158832 1449997379158871 1449997379158914
1449997379208810 1449997379208904 1449997379208963 1449997379209084
1449997379258822 1449997379258913 1449997379258976 1449997379259076
1449997379308776 1449997379308877 1449997379308921 1449997379308979
1449997379358814 1449997379358906 1449997379358965 1449997379359060
1449997379408814 1449997379408908 1449997379408966 1449997379409094
1449997379458773 1449997379458847 1449997379458892 1449997379458948
1449997379508766 1449997379508831 1449997379508869 1449997379508911
1449997379558810 1449997379558910 1449997379558968 1449997379559068
1449997379608814 1449997379608909 1449997379608967 1449997379609090
1449997379658815 1449997379658937 1449997379658991 1449997379659087
1449997379708776 1449997379708858 1449997379708907 1449997379708975
1449997379758768 1449997379758834 1449997379758878 1449997379758926
1449997379808791 1449997379808886 1449997379808945 1449997379809069
1449997379858816 1449997379858911 1449997379858969 1449997379859068
1449997379908773 1449997379908848 1449997379908893 1449997379908949
1449997379958766 1449997379958832 1449997379958870 1449997379958917
1449997380008783 1449997380008903 1449997380008961 1449997380009075
1449997380058816 1449997380058910 1449997380058968 1449997380059067
1449997380108774 1449997380108846 1449997380108893 1449997380108947
1449997380158788 1449997380158881 1449997380158988 1449997380159119
1449997380208784 1449997380208880 1449997380208952 1449997380209095
1449997380258809 1449997380258905 1449997380258975 1449997380259094
1449997380308783 1449997380308879 1449997380308946 1449997380309055
1449997380358818 1449997380358956 1449997380359016 1449997380359144
1449997380408817 1449997380408911 1449997380408980 1449997380409113
1449997380458816 1449997380458910 1449997380458977 1449997380459074
1449997380508811 1449997380508906 1449997380508974 1449997380509075
1449997380558817 1449997380558912 1449997380558980 1449997380559081
1449997380608817 1449997380608912 1449997380608979 1449997380609115
1449997380658821 1449997380658914 1449997380658982 1449997380659078
1449997380708817 1449997380708939 1449997380709003 1449997380709108
1449997380758781 1449997380758861 1449997380758934 1449997380759027
1449997380808818 1449997380808912 1449997380809009 1449997380809136
1449997380858813 1449997380858881 1449997380858938 1449997380859031
1449997380908784 1449997380908854 1449997380908909 1449997380909005
1449997380958816 1449997380958884 1449997380958938 1449997380959068
1449997381008813 1449997381008885 1449997381008940 1449997381009067
1449997381058817 1449997381058922 1449997381058979 1449997381059080
1449997381108799 1449997381108865 1449997381108920 1449997381109012
1449997381158814 1449997381158882 1449997381158938 1449997381159034
1449997381208812 1449997381208879 1449997381208933 1449997381209060
1449997381258784 1449997381258847 1449997381258902 1449997381258995
1449997381308814 1449997381308893 1449997381308963 1449997381309059
1449997381358771 1449997381358824 1449997381358880 1449997381358957
1449997381408815 1449997381408912 1449997381408970 1449997381409088
1449997381458817 1449997381458888 1449997381458942 1449997381459042
1449997381508814 1449997381508883 1449997381508939 1449997381509036
1449997381558818 1449997381558886 1449997381558942 1449997381559044
1449997381608818 1449997381608886 1449997381608941 1449997381609064
1449997381658817 1449997381658885 1449997381658941 1449997381659038
1449997381708814 1449997381708882 1449997381708937 1449997381709053
1449997381758805 1449997381758903 1449997381758970 1449997381759086
1449997381808814 1449997381808881 1449997381808947 1449997381809091
1449997381858781 1449997381858844 1449997381858905 1449997381859009
1449997381908780 1449997381908857 1449997381908900 1449997381908979
1449997381958818 1449997381958888 1449997381958955 1449997381959073
1449997382008813 1449997382008881 1449997382008946 1449997382009087
1449997382058780 1449997382058844 1449997382058901 1449997382059008
1449997382108812 1449997382108901 1449997382108966 1449997382109083
1449997382158816 1449997382158883 1449997382158947 1449997382159065
1449997382208813 1449997382208881 1449997382208936 1449997382209079
1449997382258773 1449997382258832 1449997382258891 1449997382259009
1449997382308813 1449997382308908 1449997382309013 1449997382309112
1449997382358777 1449997382358827 1449997382358870 1449997382358954
1449997382408813 1449997382408880 1449997382408935 1449997382409064
1449997382458817 1449997382458913 1449997382458969 1449997382459076
1449997382508783 1449997382508853 1449997382508905 1449997382509013
1449997382558817 1449997382558887 1449997382558942 1449997382559054
1449997382608814 1449997382608883 1449997382608947 1449997382609077
1449997382658819 1449997382658889 1449997382658944 1449997382659054
1449997382708812 1449997382708882 1449997382708937 1449997382709052
1449997382758784 1449997382758861 1449997382758939 1449997382759040
1449997382808814 1449997382808908 1449997382808970 1449997382809067
1449997382858820 1449997382858890 1449997382858961 1449997382859078
1449997382908816 1449997382908883 1449997382908954 1449997382909074
1449997382958779 1449997382958838 1449997382958887 1449997382958990
1449997383008811 1449997383008882 1449997383008953 1449997383009099
1449997383058819 1449997383058888 1449997383058961 1449997383059080
1449997383108812 1449997383108883 1449997383108954 1449997383109073
1449997383158816 1449997383158911 1449997383158979 1449997383159100
1449997383208799 1449997383208862 1449997383208929 1449997383209071
1449997383258783 1449997383258857 1449997383258926 1449997383259043
1449997383308816 1449997383308880 1449997383308948 1449997383309072
1449997383358774 1449997383358829 1449997383358882 1449997383358992
1449997383408813 1449997383408880 1449997383408948 1449997383409093
1449997383458817 1449997383458883 1449997383458952 1449997383459071
1449997383508774 1449997383508849 1449997383508898 1449997383508998
1449997383558768 1449997383558809 1449997383558847 1449997383558937
1449997383608792 1449997383608861 1449997383608928 1449997383609067
1449997383658818 1449997383658889 1449997383658959 1449997383659076
1449997383708772 1449997383708822 1449997383708867 1449997383708963
1449997383758811 1449997383758881 1449997383758951 1449997383759070
1449997383808781 1449997383808850 1449997383808914 1449997383809064
1449997383858817 1449997383858929 1449997383858993 1449997383859127
1449997383908800 1449997383908898 1449997383908998 1449997383909124
1449997383958779 1449997383958838 1449997383958888 1449997383959008
1449997384008789 1449997384008857 1449997384008919 1449997384008998
1449997384058817 1449997384058887 1449997384058959 1449997384059090
1449997384108814 1449997384108880 1449997384108954 1449997384109074
1449997384158777 1449997384158860 1449997384158926 1449997384159010
1449997384208817 1449997384208934 1449997384208997 1449997384209115
1449997384258801 1449997384258896 1449997384258953 1449997384259053
1449997384308783 1449997384308886 1449997384308953 1449997384309038
1449997384358784 1449997384358872 1449997384358927 1449997384359015
1449997384408817 1449997384408912 1449997384408970 1449997384409091
1449997384458797 1449997384458892 1449997384458950 1449997384459046
1449997384508813 1449997384508907 1449997384508965 1449997384509063
1449997384558817 1449997384558937 1449997384558993 1449997384559098
1449997384608819 1449997384608911 1449997384608969 1449997384609093
1449997384658816 1449997384658924 1449997384658980 1449997384659081
1449997384708818 1449997384708912 1449997384708970 1449997384709087
1449997384758778 1449997384758859 1449997384758906 1449997384758990
1449997384808812 1449997384808911 1449997384808968 1449997384809103
1449997384858798 1449997384858892 1449997384858948 1449997384859063
1449997384908772 1449997384908874 1449997384908917 1449997384909014
1449997384958766 1449997384958832 1449997384958870 1449997384958960
1449997385008808 1449997385008898 1449997385008956 1449997385009104
1449997385058820 1449997385058914 1449997385058971 1449997385059086
1449997385108774 1449997385108851 1449997385108895 1449997385108989
1449997385158767 1449997385158832 1449997385158870 1449997385158949
1449997385208809 1449997385208906 1449997385208962 1449997385209082
1449997385258817 1449997385258937 1449997385258994 1449997385259118
1449997385308772 1449997385308850 1449997385308893 1449997385308973
1449997385358765 1449997385358831 1449997385358868 1449997385358968
1449997385408793 1449997385408890 1449997385408947 1449997385409070
1449997385458782 1449997385458875 1449997385458950 1449997385459071
1449997385508776 1449997385508851 1449997385508932 1449997385509035
1449997385558769 1449997385558834 1449997385558909 1449997385559000
1449997385608811 1449997385608900 1449997385608960 1449997385609096
1449997385658822 1449997385658889 1449997385658950 1449997385659068
1449997385708774 1449997385708823 1449997385708862 1449997385708960
1449997385758812 1449997385758881 1449997385758939 1449997385759058
1449997385808820 1449997385808888 1449997385808948 1449997385809090
1449997385858821 1449997385858890 1449997385858950 1449997385859069
1449997385908787 1449997385908883 1449997385908985 1449997385909090
1449997385958781 1449997385958890 1449997385958946 1449997385959025
1449997386008795 1449997386008893 1449997386008955 1449997386009092
1449997386058781 1449997386058866 1449997386058928 1449997386059017
1449997386108820 1449997386108922 1449997386108985 1449997386109085
1449997386158777 1449997386158853 1449997386158909 1449997386158993
1449997386208818 1449997386208912 1449997386208980 1449997386209108
1449997386258818 1449997386258912 1449997386258976 1449997386259081
1449997386308814 1449997386308934 1449997386309030 1449997386309131
1449997386358783 1449997386358876 1449997386358939 1449997386359046
1449997386408783 1449997386408877 1449997386408938 1449997386409066
1449997386458782 1449997386458875 1449997386458936 1449997386459039
1449997386508810 1449997386508903 1449997386508971 1449997386509071
1449997386558786 1449997386558887 1449997386558950 1449997386559051
1449997386608818 1449997386608913 1449997386608978 1449997386609103
1449997386658817 1449997386659242 1449997386659303 1449997386659406
1449997386708816 1449997386708909 1449997386708966 1449997386709073
1449997386758818 1449997386758911 1449997386758976 1449997386759077
1449997386808776 1449997386808854 1449997386808912 1449997386809022
1449997386858814 1449997386858912 1449997386858960 1449997386859038
1449997386908775 1449997386908849 1449997386908904 1449997386908986
1449997386958766 1449997386958832 1449997386958886 1449997386958960
1449997387008811 1449997387008906 1449997387008971 1449997387009097
1449997387058818 1449997387058913 1449997387058980 1449997387059083
1449997387108773 1449997387108850 1449997387108905 1449997387108985
1449997387158767 1449997387158832 1449997387158886 1449997387158967
1449997387208764 1449997387208830 1449997387208883 1449997387208976
1449997387258811 1449997387258932 1449997387259028 1449997387259123
1449997387308819 1449997387308920 1449997387308983 1449997387309086
1449997387358775 1449997387358816 1449997387358869 1449997387358949
1449997387408811 1449997387408907 1449997387408976 1449997387409123
1449997387458816 1449997387458910 1449997387458977 1449997387459082
1449997387508814 1449997387508909 1449997387508974 1449997387509078
1449997387558773 1449997387558846 1449997387558902 1449997387558983
1449997387608775 1449997387608894 1449997387608953 1449997387609081
1449997387658773 1449997387658874 1449997387658939 1449997387659041
1449997387708779 1449997387708830 1449997387708870 1449997387708951
1449997387758814 1449997387758887 1449997387758951 1449997387759054
1449997387808819 1449997387808890 1449997387808954 1449997387809096
1449997387858817 1449997387858886 1449997387858980 1449997387859077
1449997387908800 1449997387908869 1449997387908929 1449997387909031
1449997387958819 1449997387958917 1449997387958979 1449997387959081
1449997388008816 1449997388008889 1449997388008954 1449997388009079
1449997388058818 1449997388058891 1449997388058956 1449997388059062
1449997388108815 1449997388108887 1449997388108953 1449997388109057
1449997388158815 1449997388158887 1449997388158952 1449997388159058
1449997388208822 1449997388208893 1449997388208961 1449997388209094
1449997388258801 1449997388258875 1449997388258936 1449997388259040
1449997388308808 1449997388308927 1449997388309001 1449997388309113
1449997388358770 1449997388358809 1449997388358869 1449997388358916
1449997388408808 1449997388408901 1449997388408958 1449997388409104
1449997388458815 1449997388458911 1449997388458981 1449997388459100
1449997388508798 1449997388508898 1449997388508967 1449997388509087
1449997388558774 1449997388558850 1449997388558899 1449997388558995
1449997388608796 1449997388608890 1449997388608956 1449997388609100
1449997388658816 1449997388658926 1449997388658994 1449997388659111
1449997388708783 1449997388708876 1449997388708946 1449997388709065
1449997388758765 1449997388758842 1449997388758891 1449997388758989
1449997388808773 1449997388808863 1449997388808926 1449997388809048
1449997388858817 1449997388858918 1449997388858987 1449997388859105
1449997388908816 1449997388908911 1449997388908982 1449997388909103
1449997388958759 1449997388958840 1449997388958899 1449997388958998
1449997389008812 1449997389008928 1449997389008994 1449997389009132
1449997389058806 1449997389058906 1449997389058971 1449997389059092
1449997389108816 1449997389108909 1449997389108977 1449997389109097
1449997389158775 1449997389158851 1449997389158901 1449997389158998
1449997389208758 1449997389208845 1449997389208901 1449997389209023
1449997389258813 1449997389258915 1449997389258982 1449997389259102
1449997389308817 1449997389308911 1449997389308980 1449997389309096
1449997389358772 1449997389358866 1449997389358914 1449997389359011
1449997389408813 1449997389408908 1449997389408965 1449997389409109
1449997389458818 1449997389458911 1449997389458981 1449997389459098
1449997389508816 1449997389508912 1449997389508979 1449997389509125
1449997389558817 1449997389558911 1449997389558982 1449997389559101
1449997389608800 1449997389608895 1449997389608962 1449997389609105
1449997389658795 1449997389658891 1449997389658961 1449997389659072
1449997389708782 1449997389708911 1449997389708975 1449997389709091
1449997389758816 1449997389758911 1449997389758979 1449997389759091
1449997389808818 1449997389808918 1449997389808988 1449997389809127
1449997389858812 1449997389858907 1449997389858978 1449997389859093
1449997389908770 1449997389908844 1449997389908891 1449997389908987
1449997389958814 1449997389958908 1449997389958978 1449997389959091
1449997390008797 1449997390008892 1449997390008959 1449997390009099
1449997390058761 1449997390058874 1449997390058932 1449997390059038
1449997390108770 1449997390108835 1449997390108878 1449997390108968
1449997390158809 1449997390158903 1449997390158976 1449997390159094
1449997390208813 1449997390208908 1449997390208980 1449997390209117
1449997390258818 1449997390258917 1449997390258986 1449997390259087
1449997390308815 1449997390308915 1449997390308979 1449997390309075
1449997390358772 1449997390358849 1449997390358906 1449997390358987
1449997390408817 1449997390408936 1449997390408996 1449997390409156
1449997390458819 1449997390458914 1449997390458981 1449997390459113
1449997390508812 1449997390508906 1449997390508971 1449997390509101
1449997390558771 1449997390558845 1449997390558900 1449997390559008
1449997390608807 1449997390608902 1449997390608967 1449997390609117
1449997390658801 1449997390658896 1449997390658959 1449997390659089
1449997390708764 1449997390708858 1449997390708915 1449997390709049
1449997390758796 1449997390758915 1449997390758983 1449997390759126
1449997390808789 1449997390808883 1449997390808981 1449997390809523
1449997390858818 1449997390858913 1449997390858977 1449997390859105
1449997390908817 1449997390908911 1449997390908976 1449997390909107
1449997390958806 1449997390958907 1449997390958971 1449997390959104
1449997391008784 1449997391008878 1449997391008943 1449997391009071
1449997391058814 1449997391058915 1449997391058981 1449997391059113
1449997391108816 1449997391108941 1449997391109003 1449997391109112
1449997391158816 1449997391158912 1449997391158978 1449997391159112
1449997391208814 1449997391208908 1449997391208975 1449997391209106
1449997391258796 1449997391258890 1449997391258954 1449997391259084
1449997391308818 1449997391308912 1449997391308978 1449997391309108
1449997391358772 1449997391358853 1449997391358913 1449997391358979
1449997391408812 1449997391408905 1449997391408964 1449997391409109
1449997391458815 1449997391458934 1449997391458996 1449997391459129
1449997391508781 1449997391508883 1449997391508948 1449997391509076
1449997391558818 1449997391558919 1449997391558987 1449997391559122
1449997391608813 1449997391608915 1449997391608980 1449997391609118
1449997391658799 1449997391658900 1449997391658966 1449997391659098
1449997391708814 1449997391708922 1449997391708981 1449997391709094
1449997391758800 1449997391758903 1449997391758961 1449997391759056
1449997391808820 1449997391808946 1449997391809004 1449997391809104
1449997391858759 1449997391858840 1449997391858887 1449997391858946
1449997391908747 1449997391908815 1449997391908862 1449997391908904
1449997391958744 1449997391958811 1449997391958850 1449997391958890
1449997392008804 1449997392008904 1449997392008962 1449997392009058
1449997392058766 1449997392058857 1449997392058911 1449997392058985
1449997392108750 1449997392108818 1449997392108856 1449997392108898
1449997392158743 1449997392158830 1449997392158867 1449997392158910
1449997392208810 1449997392208908 1449997392208965 1449997392209064
1449997392258756 1449997392258833 1449997392258881 1449997392258940
1449997392308747 1449997392308811 1449997392308850 1449997392308889
1449997392358810 1449997392358905 1449997392358963 1449997392359058
1449997392408784 1449997392408879 1449997392408937 1449997392409036
1449997392458758 1449997392458796 1449997392458830 1449997392458886
1449997392508809 1449997392508952 1449997392509010 1449997392509103
1449997392558756 1449997392558831 1449997392558875 1449997392558930
1449997392608811 1449997392608908 1449997392608965 1449997392609063
1449997392658818 1449997392658917 1449997392658976 1449997392659066
1449997392708755 1449997392708830 1449997392708874 1449997392708927
1449997392758745 1449997392758811 1449997392758850 1449997392758891
1449997392808807 1449997392808908 1449997392808965 1449997392809066
1449997392858802 1449997392858928 1449997392858985 1449997392859079
1449997392908756 1449997392908827 1449997392908873 1449997392908926
1449997392958748 1449997392958820 1449997392958858 1449997392958898
1449997393008786 1449997393008877 1449997393008936 1449997393009035
1449997393058819 1449997393058917 1449997393058974 1449997393059069
1449997393108821 1449997393108919 1449997393108975 1449997393109067
1449997393158820 1449997393158920 1449997393158977 1449997393159068
1449997393208821 1449997393208945 1449997393209004 1449997393209104
1449997393258821 1449997393258920 1449997393258978 1449997393259070
1449997393308760 1449997393308837 1449997393308884 1449997393308943
1449997393358817 1449997393358915 1449997393358972 1449997393359063
1449997393408819 1449997393408920 1449997393408977 1449997393409078
1449997393458758 1449997393458835 1449997393458881 1449997393458940
1449997393508747 1449997393508814 1449997393508854 1449997393508896
1449997393558745 1449997393558831 1449997393558868 1449997393558911
1449997393608808 1449997393608906 1449997393608963 1449997393609063
1449997393658786 1449997393658884 1449997393658962 1449997393659057
1449997393708758 1449997393708836 1449997393708881 1449997393708938
1449997393758748 1449997393758822 1449997393758861 1449997393758902
1449997393808807 1449997393808905 1449997393808962 1449997393809064
1449997393858821 1449997393858921 1449997393858978 1449997393859071
1449997393908757 1449997393908857 1449997393908900 1449997393908954
1449997393958793 1449997393958862 1449997393958901 1449997393959007
1449997394008764 1449997394008854 1449997394008911 1449997394009046
1449997394058815 1449997394058915 1449997394058972 1449997394059100
1449997394108781 1449997394108856 1449997394108901 1449997394109009
1449997394158768 1449997394158834 1449997394158873 1449997394158977
1449997394208795 1449997394208889 1449997394208946 1449997394209083
1449997394258819 1449997394258947 1449997394259010 1449997394259154
1449997394308776 1449997394308852 1449997394308896 1449997394308995
1449997394358767 1449997394358803 1449997394358850 1449997394358945
1449997394408807 1449997394408902 1449997394408960 1449997394409091
1449997394458817 1449997394458920 1449997394458978 1449997394459101
1449997394508773 1449997394508849 1449997394508900 1449997394509003
1449997394558768 1449997394558834 1449997394558873 1449997394558966
1449997394608810 1449997394608929 1449997394608986 1449997394609111
1449997394658816 1449997394658912 1449997394658970 1449997394659093
1449997394708773 1449997394708848 1449997394708891 1449997394708987
1449997394758767 1449997394758833 1449997394758872 1449997394758965
1449997394808790 1449997394808887 1449997394808943 1449997394809070
1449997394858816 1449997394858912 1449997394858969 1449997394859093
1449997394908771 1449997394908848 1449997394908893 1449997394908992
1449997394958795 1449997394958914 1449997394958970 1449997394959095
1449997395008812 1449997395008902 1449997395008959 1449997395009087
1449997395058773 1449997395058848 1449997395058894 1449997395058994
1449997395108764 1449997395108830 1449997395108868 1449997395108959
1449997395158762 1449997395158828 1449997395158867 1449997395158961
1449997395208759 1449997395208853 1449997395208908 1449997395209028
1449997395258817 1449997395258911 1449997395258983 1449997395259107
1449997395308771 1449997395308852 1449997395308896 1449997395308994
1449997395358765 1449997395358831 1449997395358870 1449997395358962
1449997395408784 1449997395408888 1449997395408943 1449997395409071
1449997395458817 1449997395458913 1449997395458971 1449997395459097
1449997395508774 1449997395508858 1449997395508908 1449997395509010
1449997395558769 1449997395558835 1449997395558873 1449997395558966
1449997395608811 1449997395608904 1449997395608959 1449997395609086
1449997395658818 1449997395658920 1449997395658977 1449997395659097
1449997395708774 1449997395708849 1449997395708892 1449997395708989
1449997395758766 1449997395758832 1449997395758870 1449997395758963
1449997395808808 1449997395808903 1449997395808962 1449997395809091
1449997395858817 1449997395858910 1449997395858966 1449997395859089
1449997395908799 1449997395908851 1449997395908913 1449997395908982
1449997395958767 1449997395958810 1449997395958858 1449997395958910
1449997396008792 1449997396008870 1449997396008939 1449997396009063
1449997396058817 1449997396058887 1449997396058944 1449997396059052
1449997396108815 1449997396108889 1449997396108945 1449997396109051
1449997396158819 1449997396158891 1449997396158946 1449997396159053
1449997396208815 1449997396208885 1449997396208942 1449997396209074
1449997396258801 1449997396258872 1449997396258928 1449997396259033
1449997396308816 1449997396308887 1449997396308944 1449997396309053
1449997396358819 1449997396358896 1449997396358952 1449997396359047
1449997396408815 1449997396408888 1449997396408943 1449997396409066
1449997396458819 1449997396458890 1449997396458947 1449997396459039
1449997396508783 1449997396508851 1449997396508907 1449997396508997
1449997396558816 1449997396558884 1449997396558938 1449997396559032
1449997396608797 1449997396608869 1449997396608925 1449997396609045
1449997396658819 1449997396658889 1449997396658947 1449997396659043
1449997396708819 1449997396708901 1449997396708956 1449997396709055
1449997396758819 1449997396758892 1449997396758949 1449997396759042
1449997396808818 1449997396808889 1449997396808946 1449997396809067
1449997396858818 1449997396858889 1449997396858946 1449997396859039
1449997396908795 1449997396908846 1449997396908892 1449997396908962
1449997396958814 1449997396958884 1449997396958946 1449997396959037
1449997397008817 1449997397008892 1449997397008965 1449997397009092
1449997397058818 1449997397058897 1449997397058964 1449997397059056
1449997397108815 1449997397108888 1449997397108954 1449997397109043
1449997397158800 1449997397158871 1449997397158933 1449997397159025
1449997397208782 1449997397208853 1449997397208914 1449997397209039
1449997397258819 1449997397258891 1449997397258954 1449997397259044
1449997397308818 1449997397308891 1449997397308955 1449997397309046
1449997397358777 1449997397358843 1449997397358917 1449997397358992
1449997397408813 1449997397408894 1449997397408961 1449997397409084
1449997397458803 1449997397458874 1449997397458941 1449997397459035
1449997397508812 1449997397508884 1449997397508949 1449997397509039
1449997397558818 1449997397558892 1449997397558955 1449997397559047
1449997397608813 1449997397608884 1449997397608943 1449997397609065
1449997397658818 1449997397658891 1449997397658955 1449997397659050
1449997397708818 1449997397708893 1449997397708948 1449997397709046
1449997397758818 1449997397758896 1449997397758963 1449997397759119
1449997397808820 1449997397808892 1449997397808959 1449997397809078
1449997397858818 1449997397858892 1449997397858957 1449997397859047
1449997397908810 1449997397908883 1449997397908948 1449997397909039
1449997397958770 1449997397958841 1449997397958906 1449997397958999
1449997398008810 1449997398008874 1449997398008933 1449997398009051
1449997398058812 1449997398058879 1449997398058945 1449997398059037
1449997398108799 1449997398108881 1449997398108947 1449997398109040
1449997398158798 1449997398158871 1449997398158939 1449997398159031
1449997398208824 1449997398208895 1449997398208964 1449997398209080
1449997398258817 1449997398258889 1449997398258957 1449997398259047
1449997398308821 1449997398308894 1449997398308962 1449997398309054
1449997398358765 1449997398358825 1449997398358880 1449997398358980
1449997398408813 1449997398408887 1449997398408944 1449997398409069
1449997398458817 1449997398458904 1449997398458991 1449997398459084
1449997398508817 1449997398508882 1449997398508950 1449997398509038
1449997398558818 1449997398558888 1449997398558957 1449997398559049
1449997398608819 1449997398608888 1449997398608956 1449997398609071
1449997398658817 1449997398658887 1449997398658954 1449997398659048
1449997398708817 1449997398708885 1449997398708951 1449997398709047
1449997398758774 1449997398758825 1449997398758873 1449997398758941
1449997398808814 1449997398808892 1449997398808960 1449997398809076
1449997398858782 1449997398858856 1449997398858928 1449997398859030
1449997398908773 1449997398908846 1449997398908914 1449997398909021
1449997398958799 1449997398958877 1449997398958945 1449997398959036
1449997399008816 1449997399008886 1449997399008942 1449997399009077
1449997399058763 1449997399058825 1449997399058876 1449997399058952
1449997399108798 1449997399108866 1449997399108921 1449997399109014
1449997399158819 1449997399158898 1449997399158969 1449997399159055
1449997399208776 1449997399208838 1449997399208902 1449997399208996
1449997399258816 1449997399258887 1449997399258943 1449997399259034
1449997399308819 1449997399308892 1449997399308947 1449997399309038
1449997399358817 1449997399358889 1449997399358944 1449997399359035
1449997399408798 1449997399408869 1449997399408924 1449997399409053
1449997399458816 1449997399458884 1449997399458940 1449997399459030
1449997399508815 1449997399508890 1449997399508947 1449997399509038
1449997399558802 1449997399558875 1449997399558929 1449997399559020
1449997399608798 1449997399608861 1449997399608917 1449997399609035
1449997399658812 1449997399658884 1449997399658953 1449997399659042
1449997399708830 1449997399708903 1449997399708957 1449997399709056
1449997399758816 1449997399758891 1449997399758946 1449997399759039
1449997399808819 1449997399808891 1449997399808948 1449997399809067
1449997399858820 1449997399858903 1449997399858959 1449997399859053
1449997399908799 1449997399908873 1449997399908929 1449997399909023
1449997399958818 1449997399958889 1449997399958946 1449997399959040
1449997400008814 1449997400008882 1449997400008938 1449997400009055
1449997400058801 1449997400058872 1449997400058928 1449997400059020
1449997400108823 1449997400108893 1449997400108948 1449997400109040
1449997400158816 1449997400158883 1449997400158937 1449997400159029
1449997400208816 1449997400208896 1449997400208951 1449997400209069
1449997400258816 1449997400258884 1449997400258937 1449997400259027
1449997400308813 1449997400308884 1449997400308939 1449997400309031
1449997400358777 1449997400358842 1449997400358901 1449997400358978
1449997400408810 1449997400408882 1449997400408948 1449997400409073
1449997400458819 1449997400458915 1449997400458983 1449997400459082
1449997400508817 1449997400508919 1449997400508977 1449997400509074
1449997400558799 1449997400558901 1449997400558958 1449997400559057
1449997400608819 1449997400608921 1449997400608980 1449997400609108
1449997400658802 1449997400658869 1449997400658948 1449997400659072
1449997400708815 1449997400708887 1449997400708951 1449997400709076
1449997400758797 1449997400758867 1449997400758969 1449997400759101
1449997400808814 1449997400808917 1449997400808975 1449997400809101
1449997400858768 1449997400858837 1449997400858936 1449997400859055
1449997400908798 1449997400908875 1449997400908952 1449997400909070
1449997400958764 1449997400958830 1449997400958926 1449997400959046
1449997401008797 1449997401008863 1449997401008956 1449997401009098
1449997401058764 1449997401058826 1449997401058917 1449997401059037
1449997401108814 1449997401108883 1449997401108979 1449997401109101
1449997401158803 1449997401158849 1449997401158920 1449997401159019
1449997401208809 1449997401208901 1449997401209008 1449997401209166
1449997401258816 1449997401258924 1449997401258990 1449997401259088
1449997401308813 1449997401308915 1449997401308981 1449997401309087
1449997401358772 1449997401358846 1449997401358926 1449997401359039
1449997401408804 1449997401408897 1449997401408966 1449997401409095
1449997401458815 1449997401458910 1449997401458976 1449997401459074
1449997401508810 1449997401508906 1449997401508970 1449997401509066
1449997401558815 1449997401558912 1449997401558977 1449997401559076
1449997401608814 1449997401608915 1449997401608975 1449997401609097
1449997401658816 1449997401658910 1449997401658968 1449997401659067
1449997401708815 1449997401708910 1449997401708969 1449997401709069
1449997401758822 1449997401758911 1449997401758987 1449997401759090
1449997401808814 1449997401808918 1449997401808979 1449997401809105
1449997401858807 1449997401858903 1449997401858961 1449997401859060
1449997401908786 1449997401908891 1449997401908962 1449997401909071
1449997401958815 1449997401958924 1449997401958988 1449997401959091
1449997402008783 1449997402008849 1449997402008945 1449997402009071
1449997402058771 1449997402058829 1449997402058896 1449997402058993
1449997402108765 1449997402108810 1449997402108872 1449997402108963
1449997402158764 1449997402158810 1449997402158870 1449997402158961
1449997402208765 1449997402208806 1449997402208868 1449997402208963
1449997402258764 1449997402258807 1449997402258871 1449997402258962
1449997402308764 1449997402308812 1449997402308872 1449997402308960
1449997402358747 1449997402358785 1449997402358840 1449997402358930
1449997402408802 1449997402408871 1449997402408956 1449997402409089
1449997402458816 1449997402458887 1449997402458984 1449997402459101
1449997402508780 1449997402508850 1449997402508946 1449997402509070
1449997402558809 1449997402558879 1449997402558975 1449997402559098
1449997402608819 1449997402608891 1449997402608987 1449997402609117
1449997402658816 1449997402658895 1449997402658991 1449997402659122
1449997402708770 1449997402708819 1449997402708880 1449997402708975
1449997402758814 1449997402758888 1449997402758982 1449997402759103
1449997402808816 1449997402808888 1449997402808981 1449997402809113
1449997402858771 1449997402858819 1449997402858888 1449997402858985
1449997402908765 1449997402908809 1449997402908875 1449997402908969
1449997402958764 1449997402958807 1449997402958873 1449997402958965
1449997403008807 1449997403008883 1449997403008981 1449997403009109
1449997403058772 1449997403058822 1449997403058892 1449997403058989
1449997403108793 1449997403108862 1449997403108956 1449997403109078
1449997403158808 1449997403158877 1449997403158973 1449997403159102
1449997403208765 1449997403208832 1449997403208928 1449997403209054
1449997403258770 1449997403258819 1449997403258885 1449997403258984
1449997403308763 1449997403308805 1449997403308857 1449997403308947
1449997403358769 1449997403358835 1449997403358883 1449997403358953
1449997403408813 1449997403408883 1449997403408937 1449997403409062
1449997403458816 1449997403458888 1449997403458942 1449997403459062
1449997403508777 1449997403508845 1449997403508900 1449997403509019
1449997403558814 1449997403558885 1449997403558941 1449997403559060
1449997403608813 1449997403608883 1449997403608937 1449997403609057
1449997403658779 1449997403658847 1449997403658902 1449997403659019
1449997403708796 1449997403708876 1449997403708929 1449997403709051
