1449991746221073 1449991746221122 1449991746221346 1449991746221376
1449991746271076 1449991746271106 1449991746271222 1449991746271241
1449991746321163 1449991746321210 1449991746321484 1449991746321556
1449991746371086 1449991746371114 1449991746371312 1449991746371354
1449991746421092 1449991746421141 1449991746421398 1449991746421434
1449991746471087 1449991746471179 1449991746471446 1449991746471498
1449991746521083 1449991746521114 1449991746521322 1449991746521394
1449991746571092 1449991746571139 1449991746571372 1449991746571426
1449991746621088 1449991746621115 1449991746621339 1449991746621380
1449991746671067 1449991746671131 1449991746671260 1449991746671290
1449991746721098 1449991746721149 1449991746721323 1449991746721366
1449991746771069 1449991746771089 1449991746771200 1449991746771229
1449991746821061 1449991746821094 1449991746821220 1449991746821264
1449991746871066 1449991746871110 1449991746871332 1449991746871408
1449991746921065 1449991746921095 1449991746921225 1449991746921279
1449991746971069 1449991746971100 1449991746971236 1449991746971289
1449991747021089 1449991747021123 1449991747021260 1449991747021301
1449991747071064 1449991747071111 1449991747071246 1449991747071292
1449991747121086 1449991747121211 1449991747121480 1449991747121564
1449991747171068 1449991747171131 1449991747171292 1449991747171320
1449991747221060 1449991747221114 1449991747221268 1449991747221287
1449991747271097 1449991747271193 1449991747271470 1449991747271520
1449991747321100 1449991747321178 1449991747321425 1449991747321481
1449991747371082 1449991747371166 1449991747371447 1449991747371486
1449991747421085 1449991747421153 1449991747421393 1449991747421446
1449991747471090 1449991747471174 1449991747471440 1449991747471515
1449991747521094 1449991747521206 1449991747521487 1449991747521574
1449991747571081 1449991747571151 1449991747571399 1449991747571447
1449991747621067 1449991747621124 1449991747621239 1449991747621270
1449991747671112 1449991747671201 1449991747671489 1449991747671571
1449991747721110 1449991747721199 1449991747721453 1449991747721552
1449991747771072 1449991747771137 1449991747771259 1449991747771302
1449991747821076 1449991747821160 1449991747821438 1449991747821504
1449991747871072 1449991747871143 1449991747871280 1449991747871312
1449991747921066 1449991747921131 1449991747921249 1449991747921297
1449991747971090 1449991747971178 1449991747971411 1449991747971442
1449991748021087 1449991748021153 1449991748021348 1449991748021366
1449991748071079 1449991748071132 1449991748071342 1449991748071369
1449991748121089 1449991748121119 1449991748121337 1449991748121476
1449991748171076 1449991748171151 1449991748171384 1449991748171438
1449991748221093 1449991748221165 1449991748221369 1449991748221403
1449991748271086 1449991748271115 1449991748271322 1449991748271345
1449991748321069 1449991748321118 1449991748321247 1449991748321295
1449991748371067 1449991748371121 1449991748371260 1449991748371301
1449991748421079 1449991748421136 1449991748421417 1449991748421481
1449991748471096 1449991748471186 1449991748471551 1449991748471638
1449991748521100 1449991748521159 1449991748521425 1449991748521522
1449991748571101 1449991748571168 1449991748571427 1449991748571497
1449991748621088 1449991748621117 1449991748621356 1449991748621415
1449991748671078 1449991748671109 1449991748671232 1449991748671269
1449991748721092 1449991748721141 1449991748721405 1449991748721490
1449991748771073 1449991748771138 1449991748771400 1449991748771457
1449991748821097 1449991748821163 1449991748821298 1449991748821339
1449991748871079 1449991748871160 1449991748871387 1449991748871448
1449991748921070 1449991748921133 1449991748921355 1449991748921382
1449991748971067 1449991748971117 1449991748971227 1449991748971264
1449991749021092 1449991749021127 1449991749021337 1449991749021385
1449991749071086 1449991749071149 1449991749071352 1449991749071420
1449991749121083 1449991749121113 1449991749121349 1449991749121424
1449991749171084 1449991749171113 1449991749171318 1449991749171346
1449991749221082 1449991749221110 1449991749221342 1449991749221367
1449991749271087 1449991749271149 1449991749271397 1449991749271517
1449991749321085 1449991749321113 1449991749321251 1449991749321300
1449991749371109 1449991749371161 1449991749371423 1449991749371501
1449991749421073 1449991749421125 1449991749421270 1449991749421333
1449991749471094 1449991749471160 1449991749471339 1449991749471589
1449991749521074 1449991749521106 1449991749521230 1449991749521283
1449991749571065 1449991749571097 1449991749571231 1449991749571274
1449991749621088 1449991749621175 1449991749621499 1449991749621583
1449991749671116 1449991749671189 1449991749671577 1449991749671738
1449991749721126 1449991749721198 1449991749721586 1449991749721699
1449991749771084 1449991749771132 1449991749771355 1449991749771396
1449991749821124 1449991749821195 1449991749821589 1449991749821694
1449991749871075 1449991749871122 1449991749871387 1449991749871474
1449991749921080 1449991749921121 1449991749921306 1449991749921372
1449991749971129 1449991749971231 1449991749971509 1449991749971568
1449991750021080 1449991750021121 1449991750021265 1449991750021310
1449991750071075 1449991750071116 1449991750071279 1449991750071325
1449991750121079 1449991750121123 1449991750121309 1449991750121443
1449991750171084 1449991750171135 1449991750171339 1449991750171400
1449991750221094 1449991750221154 1449991750221377 1449991750221429
1449991750271090 1449991750271133 1449991750271319 1449991750271350
1449991750321072 1449991750321116 1449991750321259 1449991750321314
1449991750371121 1449991750371192 1449991750371445 1449991750371514
1449991750421092 1449991750421143 1449991750421390 1449991750421424
1449991750471112 1449991750471178 1449991750471407 1449991750471845
1449991750521099 1449991750521168 1449991750521489 1449991750521601
1449991750571119 1449991750571165 1449991750571440 1449991750571495
1449991750621088 1449991750621133 1449991750621354 1449991750621425
1449991750671143 1449991750671223 1449991750671583 1449991750671671
1449991750721117 1449991750721165 1449991750721524 1449991750721641
1449991750771123 1449991750771170 1449991750771441 1449991750771510
1449991750821108 1449991750821191 1449991750821476 1449991750821578
1449991750871083 1449991750871115 1449991750871241 1449991750871282
1449991750921087 1449991750921162 1449991750921423 1449991750921507
1449991750971086 1449991750971120 1449991750971364 1449991750971425
1449991751021085 1449991751021186 1449991751021426 1449991751021491
1449991751071070 1449991751071107 1449991751071357 1449991751071421
1449991751121072 1449991751121151 1449991751121357 1449991751121897
1449991751171081 1449991751171112 1449991751171232 1449991751171265
1449991751221067 1449991751221102 1449991751221220 1449991751221260
1449991751271074 1449991751271115 1449991751271280 1449991751271320
1449991751321070 1449991751321101 1449991751321224 1449991751321267
1449991751371063 1449991751371104 1449991751371230 1449991751371269
1449991751421089 1449991751421152 1449991751421443 1449991751421506
1449991751471118 1449991751471189 1449991751471422 1449991751471994
1449991751521127 1449991751521197 1449991751521533 1449991751521634
1449991751571085 1449991751571166 1449991751571466 1449991751571542
1449991751621075 1449991751621140 1449991751621346 1449991751621398
1449991751671077 1449991751671148 1449991751671318 1449991751671367
1449991751721111 1449991751721205 1449991751721445 1449991751721521
1449991751771132 1449991751771230 1449991751771553 1449991751771717
1449991751821133 1449991751821233 1449991751821588 1449991751821722
1449991751871122 1449991751871222 1449991751871496 1449991751871593
1449991751921083 1449991751921173 1449991751921467 1449991751921604
1449991751971121 1449991751971220 1449991751971577 1449991751971682
1449991752021096 1449991752021157 1449991752021405 1449991752021480
1449991752071083 1449991752071128 1449991752071271 1449991752071327
1449991752121073 1449991752121163 1449991752121417 1449991752121525
1449991752171072 1449991752171113 1449991752171370 1449991752171431
1449991752221076 1449991752221116 1449991752221316 1449991752221363
1449991752271077 1449991752271142 1449991752271332 1449991752271374
1449991752321074 1449991752321152 1449991752321403 1449991752321484
1449991752371069 1449991752371102 1449991752371281 1449991752371321
1449991752421063 1449991752421106 1449991752421258 1449991752421302
1449991752471114 1449991752471177 1449991752471403 1449991752472160
1449991752521103 1449991752521203 1449991752521558 1449991752521678
1449991752571096 1449991752571176 1449991752571461 1449991752571536
1449991752621071 1449991752621147 1449991752621378 1449991752621433
1449991752671058 1449991752671099 1449991752671199 1449991752671222
1449991752721063 1449991752721092 1449991752721230 1449991752721280
1449991752771075 1449991752771136 1449991752771312 1449991752771374
1449991752821078 1449991752821122 1449991752821279 1449991752821414
1449991752871092 1449991752871158 1449991752871437 1449991752871515
1449991752921083 1449991752921143 1449991752921426 1449991752921510
1449991752971072 1449991752971105 1449991752971236 1449991752971276
1449991753021077 1449991753021123 1449991753021270 1449991753021306
1449991753071063 1449991753071101 1449991753071207 1449991753071253
1449991753121128 1449991753121223 1449991753121490 1449991753121566
1449991753171114 1449991753171179 1449991753171484 1449991753171623
1449991753221076 1449991753221118 1449991753221272 1449991753221306
1449991753271074 1449991753271111 1449991753271273 1449991753271324
1449991753321089 1449991753321143 1449991753321429 1449991753321506
1449991753371078 1449991753371119 1449991753371280 1449991753371342
1449991753421073 1449991753421116 1449991753421234 1449991753421282
1449991753471115 1449991753471197 1449991753471353 1449991753471412
1449991753521112 1449991753521197 1449991753521431 1449991753521481
1449991753571076 1449991753571142 1449991753571305 1449991753571346
1449991753621071 1449991753621129 1449991753621255 1449991753621289
1449991753671075 1449991753671142 1449991753671323 1449991753671369
1449991753721073 1449991753721131 1449991753721257 1449991753721300
1449991753771070 1449991753771124 1449991753771246 1449991753771280
1449991753821070 1449991753821142 1449991753821251 1449991753821287
1449991753871078 1449991753871135 1449991753871260 1449991753871302
1449991753921074 1449991753921108 1449991753921214 1449991753921252
1449991753971067 1449991753971092 1449991753971193 1449991753971220
1449991754021070 1449991754021134 1449991754021259 1449991754021290
1449991754071079 1449991754071108 1449991754071221 1449991754071255
1449991754121069 1449991754121095 1449991754121187 1449991754121230
1449991754171064 1449991754171124 1449991754171240 1449991754171274
1449991754221090 1449991754221124 1449991754221220 1449991754221334
1449991754271085 1449991754271141 1449991754271270 1449991754271304
1449991754321062 1449991754321090 1449991754321208 1449991754321253
1449991754371067 1449991754371099 1449991754371220 1449991754371254
1449991754421065 1449991754421106 1449991754421236 1449991754421273
1449991754471075 1449991754471113 1449991754471204 1449991754471358
1449991754521071 1449991754521113 1449991754521228 1449991754521270
1449991754571062 1449991754571103 1449991754571228 1449991754571266
1449991754621074 1449991754621105 1449991754621234 1449991754621270
1449991754671062 1449991754671087 1449991754671193 1449991754671223
1449991754721060 1449991754721089 1449991754721209 1449991754721257
1449991754771123 1449991754771153 1449991754771242 1449991754771513
1449991754821064 1449991754821115 1449991754821216 1449991754821310
1449991754871074 1449991754871140 1449991754871376 1449991754871451
1449991754921093 1449991754921182 1449991754921454 1449991754921525
1449991754971076 1449991754971159 1449991754971446 1449991754971513
1449991755021070 1449991755021121 1449991755021255 1449991755021286
1449991755071061 1449991755071109 1449991755071229 1449991755071265
1449991755121063 1449991755121116 1449991755121213 1449991755121378
1449991755171066 1449991755171122 1449991755171273 1449991755171316
1449991755221086 1449991755221160 1449991755221332 1449991755221385
1449991755271069 1449991755271112 1449991755271238 1449991755271272
1449991755321062 1449991755321113 1449991755321262 1449991755321318
1449991755371065 1449991755371119 1449991755371272 1449991755371311
1449991755421067 1449991755421123 1449991755421260 1449991755421297
1449991755471063 1449991755471115 1449991755471226 1449991755471267
1449991755521064 1449991755521092 1449991755521225 1449991755521272
1449991755571088 1449991755571171 1449991755571468 1449991755571543
1449991755621069 1449991755621144 1449991755621397 1449991755621454
1449991755671062 1449991755671089 1449991755671319 1449991755671370
1449991755721070 1449991755721103 1449991755721337 1449991755721415
1449991755771069 1449991755771102 1449991755771328 1449991755771389
1449991755821064 1449991755821092 1449991755821295 1449991755821354
1449991755871085 1449991755871123 1449991755871348 1449991755871416
1449991755921082 1449991755921126 1449991755921341 1449991755921425
1449991755971066 1449991755971095 1449991755971321 1449991755971381
1449991756021066 1449991756021096 1449991756021330 1449991756021400
1449991756071075 1449991756071118 1449991756071379 1449991756071434
1449991756121085 1449991756121112 1449991756121314 1449991756122032
1449991756171074 1449991756171146 1449991756171429 1449991756171479
1449991756221066 1449991756221096 1449991756221314 1449991756221370
1449991756271065 1449991756271108 1449991756271318 1449991756271365
1449991756321080 1449991756321109 1449991756321327 1449991756321399
1449991756371083 1449991756371109 1449991756371327 1449991756371380
1449991756421081 1449991756421109 1449991756421329 1449991756421378
1449991756471090 1449991756471137 1449991756471313 1449991756471405
1449991756521071 1449991756521099 1449991756521270 1449991756521369
1449991756571121 1449991756571216 1449991756571505 1449991756571584
1449991756621091 1449991756621154 1449991756621376 1449991756621438
1449991756671086 1449991756671150 1449991756671374 1449991756671422
1449991756721082 1449991756721110 1449991756721334 1449991756721396
1449991756771083 1449991756771114 1449991756771295 1449991756771378
1449991756821083 1449991756821117 1449991756821320 1449991756821524
1449991756871125 1449991756871218 1449991756871539 1449991756871638
1449991756921092 1449991756921130 1449991756921346 1449991756921432
1449991756971085 1449991756971129 1449991756971347 1449991756971418
1449991757021080 1449991757021106 1449991757021316 1449991757021369
1449991757071086 1449991757071122 1449991757071363 1449991757071419
1449991757121085 1449991757121113 1449991757121281 1449991757121370
1449991757171087 1449991757171128 1449991757171377 1449991757171452
1449991757221116 1449991757221206 1449991757221567 1449991757221686
1449991757271094 1449991757271171 1449991757271478 1449991757271554
1449991757321083 1449991757321139 1449991757321341 1449991757321431
1449991757371084 1449991757371113 1449991757371304 1449991757371384
1449991757421082 1449991757421108 1449991757421280 1449991757421327
1449991757471108 1449991757471203 1449991757471447 1449991757471864
1449991757521089 1449991757521184 1449991757521503 1449991757521636
1449991757571084 1449991757571126 1449991757571376 1449991757571456
1449991757621085 1449991757621114 1449991757621342 1449991757621404
1449991757671088 1449991757671145 1449991757671399 1449991757671490
1449991757721070 1449991757721103 1449991757721352 1449991757721420
1449991757771139 1449991757771232 1449991757771619 1449991757771775
1449991757821092 1449991757821170 1449991757821414 1449991757821505
1449991757871088 1449991757871118 1449991757871350 1449991757871423
1449991757921065 1449991757921094 1449991757921328 1449991757921410
1449991757971064 1449991757971096 1449991757971359 1449991757971429
1449991758021067 1449991758021155 1449991758021436 1449991758021504
1449991758071065 1449991758071099 1449991758071342 1449991758071401
1449991758121124 1449991758121219 1449991758121565 1449991758121741
1449991758171132 1449991758171232 1449991758171593 1449991758171674
1449991758221093 1449991758221166 1449991758221437 1449991758221493
1449991758271092 1449991758271176 1449991758271436 1449991758271485
1449991758321116 1449991758321207 1449991758321544 1449991758321727
1449991758371078 1449991758371136 1449991758371363 1449991758371440
1449991758421063 1449991758421087 1449991758421227 1449991758421265
1449991758471094 1449991758471184 1449991758471483 1449991758471608
1449991758521129 1449991758521256 1449991758521609 1449991758521731
1449991758571094 1449991758571175 1449991758571452 1449991758571538
1449991758621114 1449991758621208 1449991758621521 1449991758621618
1449991758671133 1449991758671227 1449991758671556 1449991758671655
1449991758721103 1449991758721529 1449991758721800 1449991758721920
1449991758771091 1449991758771167 1449991758771392 1449991758771451
1449991758821125 1449991758821213 1449991758821418 1449991758822066
1449991758871069 1449991758871104 1449991758871271 1449991758871310
1449991758921078 1449991758921128 1449991758921386 1449991758921458
1449991758971096 1449991758971180 1449991758971434 1449991758971543
1449991759021089 1449991759021162 1449991759021453 1449991759021520
1449991759071125 1449991759071222 1449991759071573 1449991759071682
1449991759121090 1449991759121165 1449991759121402 1449991759121495
1449991759171101 1449991759171192 1449991759171561 1449991759171667
1449991759221118 1449991759221208 1449991759221579 1449991759221688
1449991759271093 1449991759271169 1449991759271453 1449991759271529
1449991759321073 1449991759321123 1449991759321372 1449991759321457
1449991759371066 1449991759371093 1449991759371312 1449991759371360
1449991759421064 1449991759421093 1449991759421316 1449991759421365
1449991759471065 1449991759471091 1449991759471259 1449991759471789
1449991759521111 1449991759521206 1449991759521558 1449991759521699
1449991759571092 1449991759571133 1449991759571402 1449991759571473
1449991759621068 1449991759621100 1449991759621356 1449991759621418
1449991759671086 1449991759671186 1449991759671467 1449991759671527
1449991759721068 1449991759721100 1449991759721327 1449991759721401
1449991759771064 1449991759771092 1449991759771310 1449991759771356
1449991759821070 1449991759821102 1449991759821346 1449991759821403
1449991759871090 1449991759871158 1449991759871403 1449991759871466
1449991759921068 1449991759921101 1449991759921339 1449991759921448
1449991759971066 1449991759971096 1449991759971314 1449991759971362
1449991760021066 1449991760021108 1449991760021343 1449991760021396
1449991760071066 1449991760071099 1449991760071386 1449991760071469
1449991760121064 1449991760121093 1449991760121283 1449991760121790
1449991760171124 1449991760171210 1449991760171530 1449991760171625
1449991760221092 1449991760221160 1449991760221381 1449991760221578
1449991760271082 1449991760271143 1449991760271376 1449991760271444
1449991760321082 1449991760321146 1449991760321383 1449991760321571
1449991760371080 1449991760371172 1449991760371410 1449991760371464
1449991760421082 1449991760421153 1449991760421379 1449991760421440
1449991760471128 1449991760471219 1449991760471514 1449991760471621
1449991760521131 1449991760521227 1449991760521534 1449991760521660
1449991760571133 1449991760571226 1449991760571573 1449991760571675
1449991760621097 1449991760621177 1449991760621409 1449991760621477
1449991760671086 1449991760671158 1449991760671386 1449991760671444
1449991760721126 1449991760721236 1449991760721561 1449991760721676
1449991760771094 1449991760771166 1449991760771393 1449991760771449
1449991760821129 1449991760821220 1449991760821528 1449991760821633
1449991760871095 1449991760871178 1449991760871444 1449991760871512
1449991760921083 1449991760921143 1449991760921375 1449991760921510
1449991760971100 1449991760971193 1449991760971526 1449991760971637
1449991761021092 1449991761021155 1449991761021404 1449991761021470
1449991761071084 1449991761071164 1449991761071381 1449991761071444
1449991761121081 1449991761121110 1449991761121283 1449991761121789
1449991761171085 1449991761171160 1449991761171355 1449991761171386
1449991761221068 1449991761221117 1449991761221238 1449991761221272
1449991761271062 1449991761271094 1449991761271378 1449991761271433
1449991761321065 1449991761321080 1449991761321183 1449991761321225
1449991761371076 1449991761371103 1449991761371310 1449991761371371
1449991761421065 1449991761421109 1449991761421377 1449991761421448
1449991761471067 1449991761471130 1449991761471308 1449991761471347
1449991761521127 1449991761521223 1449991761521559 1449991761521659
1449991761571095 1449991761571138 1449991761571365 1449991761571444
1449991761621085 1449991761621147 1449991761621333 1449991761621368
1449991761671083 1449991761671115 1449991761671327 1449991761671385
1449991761721084 1449991761721113 1449991761721347 1449991761721416
1449991761771082 1449991761771126 1449991761771352 1449991761771409
1449991761821084 1449991761821115 1449991761821378 1449991761821431
1449991761871128 1449991761871231 1449991761871510 1449991761871588
1449991761921090 1449991761921129 1449991761921378 1449991761921466
1449991761971070 1449991761971102 1449991761971328 1449991761971378
1449991762021081 1449991762021110 1449991762021351 1449991762021397
1449991762071067 1449991762071103 1449991762071257 1449991762071284
1449991762121064 1449991762121105 1449991762121283 1449991762121364
1449991762171062 1449991762171135 1449991762171406 1449991762171460
1449991762221102 1449991762221170 1449991762221436 1449991762221493
1449991762271095 1449991762271159 1449991762271319 1449991762271364
1449991762321073 1449991762321156 1449991762321425 1449991762321518
1449991762371070 1449991762371096 1449991762371274 1449991762371318
1449991762421065 1449991762421097 1449991762421235 1449991762421286
1449991762471089 1449991762471154 1449991762471376 1449991762471471
1449991762521132 1449991762521221 1449991762521554 1449991762521683
1449991762571082 1449991762571113 1449991762571247 1449991762571294
1449991762621092 1449991762621139 1449991762621333 1449991762621397
1449991762671088 1449991762671116 1449991762671283 1449991762671422
1449991762721063 1449991762721095 1449991762721229 1449991762721284
1449991762771089 1449991762771137 1449991762771399 1449991762771478
1449991762821090 1449991762821134 1449991762821295 1449991762821392
1449991762871089 1449991762871141 1449991762871338 1449991762871427
1449991762921133 1449991762921226 1449991762921545 1449991762922046
1449991762971100 1449991762971150 1449991762971391 1449991762971467
1449991763021082 1449991763021130 1449991763021379 1449991763021467
1449991763071090 1449991763071121 1449991763071290 1449991763071319
1449991763121080 1449991763121111 1449991763121219 1449991763121479
1449991763171077 1449991763171153 1449991763171298 1449991763171340
1449991763221069 1449991763221089 1449991763221204 1449991763221235
1449991763271066 1449991763271098 1449991763271232 1449991763271275
1449991763321089 1449991763321134 1449991763321372 1449991763321444
1449991763371087 1449991763371113 1449991763371321 1449991763371370
1449991763421072 1449991763421102 1449991763421230 1449991763421310
1449991763471065 1449991763471109 1449991763471280 1449991763471780
1449991763521084 1449991763521166 1449991763521440 1449991763521501
1449991763571092 1449991763571141 1449991763571409 1449991763571460
1449991763621086 1449991763621113 1449991763621352 1449991763621414
1449991763671087 1449991763671128 1449991763671349 1449991763671432
1449991763721094 1449991763721178 1449991763721452 1449991763721531
1449991763771086 1449991763771121 1449991763771316 1449991763771377
1449991763821075 1449991763821135 1449991763821270 1449991763821322
1449991763871091 1449991763871164 1449991763871409 1449991763871497
1449991763921091 1449991763921123 1449991763921330 1449991763921403
1449991763971072 1449991763971107 1449991763971252 1449991763971306
1449991764021073 1449991764021122 1449991764021403 1449991764021491
1449991764071075 1449991764071134 1449991764071288 1449991764071361
1449991764121069 1449991764121111 1449991764121238 1449991764121292
1449991764171074 1449991764171162 1449991764171394 1449991764171474
1449991764221107 1449991764221227 1449991764221620 1449991764221745
1449991764271082 1449991764271116 1449991764271264 1449991764271312
1449991764321078 1449991764321166 1449991764321331 1449991764321376
1449991764371070 1449991764371100 1449991764371310 1449991764371363
1449991764421064 1449991764421095 1449991764421230 1449991764421273
1449991764471087 1449991764471128 1449991764471352 1449991764471434
1449991764521083 1449991764521133 1449991764521282 1449991764521322
1449991764571075 1449991764571118 1449991764571252 1449991764571288
1449991764621071 1449991764621109 1449991764621234 1449991764621280
1449991764671095 1449991764671176 1449991764671427 1449991764671496
1449991764721089 1449991764721119 1449991764721342 1449991764721377
1449991764771075 1449991764771107 1449991764771234 1449991764771279
1449991764821090 1449991764821136 1449991764821294 1449991764821394
1449991764871092 1449991764871170 1449991764871380 1449991764871418
1449991764921075 1449991764921130 1449991764921275 1449991764921307
1449991764971065 1449991764971094 1449991764971224 1449991764971265
1449991765021070 1449991765021099 1449991765021227 1449991765021270
1449991765071071 1449991765071127 1449991765071274 1449991765071312
1449991765121070 1449991765121102 1449991765121233 1449991765121276
1449991765171070 1449991765171125 1449991765171287 1449991765171328
1449991765221064 1449991765221097 1449991765221247 1449991765221300
1449991765271071 1449991765271123 1449991765271288 1449991765271329
1449991765321072 1449991765321111 1449991765321232 1449991765321282
1449991765371068 1449991765371102 1449991765371259 1449991765371306
1449991765421063 1449991765421100 1449991765421251 1449991765421302
1449991765471070 1449991765471124 1449991765471268 1449991765471316
1449991765521070 1449991765521127 1449991765521284 1449991765521332
1449991765571091 1449991765571129 1449991765571273 1449991765571324
1449991765621071 1449991765621119 1449991765621273 1449991765621327
1449991765671072 1449991765671117 1449991765671279 1449991765671332
1449991765721094 1449991765721155 1449991765721381 1449991765721460
1449991765771082 1449991765771151 1449991765771438 1449991765771534
1449991765821131 1449991765821199 1449991765821496 1449991765821587
1449991765871095 1449991765871154 1449991765871378 1449991765871456
1449991765921089 1449991765921134 1449991765921354 1449991765921460
1449991765971088 1449991765971177 1449991765971433 1449991765971476
1449991766021088 1449991766021135 1449991766021375 1449991766021473
1449991766071085 1449991766071134 1449991766071358 1449991766071450
1449991766121089 1449991766121185 1449991766121348 1449991766121404
1449991766171082 1449991766171170 1449991766171477 1449991766171564
1449991766221070 1449991766221103 1449991766221353 1449991766221442
1449991766271072 1449991766271156 1449991766271294 1449991766271337
1449991766321072 1449991766321144 1449991766321309 1449991766321353
1449991766371088 1449991766371127 1449991766371365 1449991766371429
1449991766421079 1449991766421125 1449991766421381 1449991766421466
1449991766471089 1449991766471120 1449991766471268 1449991766471805
1449991766521124 1449991766521221 1449991766521543 1449991766521623
1449991766571095 1449991766571137 1449991766571397 1449991766571473
1449991766621068 1449991766621095 1449991766621305 1449991766621376
1449991766671072 1449991766671128 1449991766671392 1449991766671457
1449991766721083 1449991766721112 1449991766721328 1449991766721387
1449991766771089 1449991766771123 1449991766771337 1449991766771409
1449991766821068 1449991766821149 1449991766821398 1449991766821468
1449991766871127 1449991766871222 1449991766871590 1449991766871687
1449991766921115 1449991766921213 1449991766921554 1449991766921661
1449991766971120 1449991766971212 1449991766971553 1449991766971653
1449991767021091 1449991767021191 1449991767021456 1449991767021535
1449991767071130 1449991767071242 1449991767071596 1449991767071702
1449991767121133 1449991767121225 1449991767121505 1449991767121623
1449991767171092 1449991767171135 1449991767171393 1449991767171457
1449991767221100 1449991767221176 1449991767221435 1449991767221507
1449991767271129 1449991767271224 1449991767271505 1449991767271559
1449991767321070 1449991767321095 1449991767321218 1449991767321262
1449991767371065 1449991767371115 1449991767371357 1449991767371414
1449991767421064 1449991767421092 1449991767421318 1449991767421376
1449991767471092 1449991767471187 1449991767471431 1449991767471558
1449991767521134 1449991767521230 1449991767521590 1449991767521684
1449991767571095 1449991767571178 1449991767571456 1449991767571518
1449991767621072 1449991767621110 1449991767621373 1449991767621445
1449991767671068 1449991767671102 1449991767671342 1449991767671414
1449991767721124 1449991767721244 1449991767721591 1449991767721696
1449991767771077 1449991767771107 1449991767771245 1449991767771291
1449991767821106 1449991767821171 1449991767821313 1449991767821364
1449991767871105 1449991767871216 1449991767871549 1449991767871642
1449991767921096 1449991767921171 1449991767921459 1449991767921523
1449991767971093 1449991767971167 1449991767971444 1449991767971498
1449991768021087 1449991768021156 1449991768021422 1449991768021488
1449991768071087 1449991768071181 1449991768071460 1449991768071523
1449991768121076 1449991768121136 1449991768121261 1449991768121523
1449991768171125 1449991768171221 1449991768171513 1449991768171659
1449991768221083 1449991768221160 1449991768221391 1449991768221449
1449991768271084 1449991768271150 1449991768271362 1449991768271413
1449991768321068 1449991768321132 1449991768321377 1449991768321419
1449991768371084 1449991768371153 1449991768371373 1449991768371409
1449991768421085 1449991768421165 1449991768421462 1449991768421507
1449991768471112 1449991768471204 1449991768471511 1449991768471649
1449991768521095 1449991768521174 1449991768521388 1449991768521432
1449991768571088 1449991768571155 1449991768571407 1449991768571471
1449991768621067 1449991768621141 1449991768621385 1449991768621444
1449991768671083 1449991768671115 1449991768671326 1449991768671369
1449991768721066 1449991768721093 1449991768721314 1449991768721352
1449991768771064 1449991768771135 1449991768771337 1449991768771406
1449991768821088 1449991768821171 1449991768821398 1449991768821467
1449991768871131 1449991768871228 1449991768871555 1449991768871670
1449991768921076 1449991768921117 1449991768921361 1449991768921426
1449991768971099 1449991768971192 1449991768971564 1449991768971671
1449991769021093 1449991769021165 1449991769021436 1449991769021526
1449991769071128 1449991769071224 1449991769071590 1449991769071709
1449991769121077 1449991769121167 1449991769121395 1449991769121468
1449991769171068 1449991769171128 1449991769171303 1449991769171355
1449991769221084 1449991769221160 1449991769221369 1449991769221447
1449991769271072 1449991769271142 1449991769271346 1449991769271406
1449991769321068 1449991769321129 1449991769321327 1449991769321359
1449991769371082 1449991769371149 1449991769371350 1449991769371379
1449991769421083 1449991769421153 1449991769421360 1449991769421403
1449991769471098 1449991769471204 1449991769471449 1449991769471774
1449991769521132 1449991769521226 1449991769521541 1449991769521627
1449991769571139 1449991769571214 1449991769571518 1449991769571579
1449991769621082 1449991769621173 1449991769621469 1449991769621565
1449991769671103 1449991769671199 1449991769671447 1449991769671572
1449991769721077 1449991769721156 1449991769721422 1449991769721489
1449991769771081 1449991769771141 1449991769771422 1449991769771539
1449991769821110 1449991769821266 1449991769821454 1449991769821720
1449991769871167 1449991769871248 1449991769871455 1449991769871512
1449991769921109 1449991769921208 1449991769921592 1449991769921696
1449991769971132 1449991769971223 1449991769971574 1449991769971657
1449991770021132 1449991770021224 1449991770021569 1449991770021695
1449991770071069 1449991770071156 1449991770071412 1449991770071478
1449991770121083 1449991770121123 1449991770121260 1449991770121317
1449991770171130 1449991770171231 1449991770171563 1449991770171658
1449991770221089 1449991770221187 1449991770221464 1449991770221566
1449991770271140 1449991770271218 1449991770271557 1449991770271638
1449991770321102 1449991770321164 1449991770321374 1449991770321424
1449991770371077 1449991770371150 1449991770371411 1449991770371481
1449991770421110 1449991770421160 1449991770421397 1449991770421485
1449991770471104 1449991770471156 1449991770471353 1449991770471428
1449991770521097 1449991770521165 1449991770521426 1449991770521503
1449991770571132 1449991770571199 1449991770571548 1449991770571640
1449991770621084 1449991770621142 1449991770621376 1449991770621462
1449991770671076 1449991770671109 1449991770671235 1449991770671281
1449991770721078 1449991770721135 1449991770721307 1449991770721388
1449991770771077 1449991770771155 1449991770771387 1449991770771437
1449991770821091 1449991770821188 1449991770821388 1449991770821451
1449991770871095 1449991770871197 1449991770871445 1449991770871510
1449991770921134 1449991770921231 1449991770921485 1449991770921566
1449991770971099 1449991770971148 1449991770971403 1449991770971498
1449991771021091 1449991771021164 1449991771021411 1449991771021489
1449991771071085 1449991771071114 1449991771071339 1449991771071408
1449991771121082 1449991771121113 1449991771121285 1449991771121798
1449991771171086 1449991771171153 1449991771171409 1449991771171471
1449991771221075 1449991771221133 1449991771221283 1449991771221334
1449991771271085 1449991771271118 1449991771271311 1449991771271343
1449991771321074 1449991771321104 1449991771321320 1449991771321442
1449991771371082 1449991771371111 1449991771371307 1449991771371358
1449991771421082 1449991771421108 1449991771421342 1449991771421388
1449991771471073 1449991771471134 1449991771471262 1449991771471298
1449991771521092 1449991771521178 1449991771521453 1449991771521550
1449991771571072 1449991771571106 1449991771571285 1449991771571416
1449991771621074 1449991771621109 1449991771621240 1449991771621301
1449991771671089 1449991771671133 1449991771671347 1449991771671400
1449991771721071 1449991771721139 1449991771721421 1449991771721478
1449991771771070 1449991771771100 1449991771771240 1449991771771500
1449991771821084 1449991771821119 1449991771821296 1449991771821473
1449991771871082 1449991771871160 1449991771871399 1449991771871462
1449991771921092 1449991771921143 1449991771921442 1449991771921506
1449991771971087 1449991771971118 1449991771971337 1449991771971411
1449991772021063 1449991772021085 1449991772021215 1449991772021260
1449991772071068 1449991772071114 1449991772071348 1449991772071382
1449991772121066 1449991772121094 1449991772121233 1449991772121267
1449991772171069 1449991772171102 1449991772171254 1449991772171294
1449991772221073 1449991772221120 1449991772221341 1449991772221388
1449991772271130 1449991772271238 1449991772271491 1449991772271553
1449991772321078 1449991772321108 1449991772321233 1449991772321283
1449991772371069 1449991772371098 1449991772371244 1449991772371290
1449991772421080 1449991772421111 1449991772421312 1449991772421359
1449991772471073 1449991772471124 1449991772471250 1449991772471376
1449991772521091 1449991772521176 1449991772521380 1449991772521417
1449991772571086 1449991772571115 1449991772571292 1449991772571315
1449991772621075 1449991772621113 1449991772621254 1449991772621308
1449991772671071 1449991772671127 1449991772671325 1449991772671369
1449991772721086 1449991772721133 1449991772721313 1449991772721379
1449991772771075 1449991772771106 1449991772771233 1449991772771283
1449991772821071 1449991772821109 1449991772821207 1449991772821285
1449991772871066 1449991772871099 1449991772871252 1449991772871295
1449991772921070 1449991772921127 1449991772921272 1449991772921321
1449991772971090 1449991772971180 1449991772971395 1449991772971459
1449991773021071 1449991773021127 1449991773021290 1449991773021352
1449991773071066 1449991773071123 1449991773071279 1449991773071325
1449991773121065 1449991773121121 1449991773121241 1449991773121290
1449991773171069 1449991773171121 1449991773171277 1449991773171317
1449991773221064 1449991773221133 1449991773221296 1449991773221347
1449991773271071 1449991773271127 1449991773271289 1449991773271325
1449991773321089 1449991773321128 1449991773321288 1449991773321336
1449991773371071 1449991773371130 1449991773371265 1449991773371322
1449991773421070 1449991773421098 1449991773421223 1449991773421277
1449991773471096 1449991773471188 1449991773471363 1449991773471411
1449991773521107 1449991773521211 1449991773521413 1449991773521465
1449991773571076 1449991773571115 1449991773571272 1449991773571304
1449991773621090 1449991773621137 1449991773621309 1449991773621357
1449991773671090 1449991773671142 1449991773671383 1449991773671476
1449991773721081 1449991773721126 1449991773721385 1449991773721496
1449991773771080 1449991773771110 1449991773771294 1449991773771449
1449991773821070 1449991773821101 1449991773821235 1449991773821311
1449991773871115 1449991773871216 1449991773871559 1449991773871664
1449991773921087 1449991773921125 1449991773921384 1449991773921486
1449991773971067 1449991773971098 1449991773971247 1449991773971287
1449991774021064 1449991774021107 1449991774021271 1449991774021323
1449991774071073 1449991774071120 1449991774071271 1449991774071311
1449991774121072 1449991774121129 1449991774121246 1449991774121534
1449991774171072 1449991774171139 1449991774171324 1449991774171377
1449991774221072 1449991774221131 1449991774221282 1449991774221337
1449991774271074 1449991774271113 1449991774271280 1449991774271326
1449991774321079 1449991774321130 1449991774321275 1449991774321317
1449991774371074 1449991774371115 1449991774371245 1449991774371287
1449991774421118 1449991774421190 1449991774421396 1449991774421442
1449991774471107 1449991774471204 1449991774471433 1449991774471518
1449991774521107 1449991774521207 1449991774521452 1449991774521567
1449991774571108 1449991774571198 1449991774571494 1449991774571580
1449991774621102 1449991774621173 1449991774621361 1449991774621401
1449991774671119 1449991774671208 1449991774671512 1449991774671586
1449991774721097 1449991774721138 1449991774721305 1449991774721345
1449991774771069 1449991774771105 1449991774771244 1449991774771297
1449991774821119 1449991774821192 1449991774821459 1449991774821533
1449991774871129 1449991774871231 1449991774871557 1449991774871643
1449991774921097 1449991774921146 1449991774921407 1449991774921520
1449991774971091 1449991774971137 1449991774971379 1449991774971451
1449991775021089 1449991775021128 1449991775021358 1449991775021419
1449991775071077 1449991775071238 1449991775071506 1449991775071555
1449991775121075 1449991775121110 1449991775121228 1449991775121501
1449991775171092 1449991775171153 1449991775171428 1449991775171498
1449991775221071 1449991775221106 1449991775221263 1449991775221309
1449991775271070 1449991775271103 1449991775271257 1449991775271300
1449991775321077 1449991775321121 1449991775321337 1449991775321394
1449991775371076 1449991775371126 1449991775371341 1449991775371428
1449991775421078 1449991775421167 1449991775421410 1449991775421532
1449991775471115 1449991775471203 1449991775471431 1449991775471507
1449991775521127 1449991775521223 1449991775521604 1449991775521702
1449991775571087 1449991775571176 1449991775571555 1449991775571657
1449991775621128 1449991775621222 1449991775621507 1449991775621606
1449991775671101 1449991775671190 1449991775671541 1449991775671652
1449991775721077 1449991775721122 1449991775721326 1449991775721414
1449991775771077 1449991775771136 1449991775771420 1449991775771497
1449991775821121 1449991775821217 1449991775821489 1449991775821579
1449991775871081 1449991775871174 1449991775871452 1449991775871528
1449991775921072 1449991775921148 1449991775921411 1449991775921478
1449991775971062 1449991775971091 1449991775971319 1449991775971379
1449991776021062 1449991776021091 1449991776021313 1449991776021377
1449991776071066 1449991776071104 1449991776071352 1449991776071433
1449991776121073 1449991776121132 1449991776121253 1449991776121322
