1449991685551691 1449991685551771 1449991685552022 1449991685552046
1449991685601715 1449991685601758 1449991685602017 1449991685602048
1449991685651717 1449991685651765 1449991685652007 1449991685652056
1449991685701710 1449991685701745 1449991685701979 1449991685702008
1449991685751694 1449991685751746 1449991685751949 1449991685751996
1449991685801697 1449991685801735 1449991685801840 1449991685801879
1449991685851694 1449991685851753 1449991685851936 1449991685851994
1449991685901708 1449991685901794 1449991685902082 1449991685902162
1449991685951699 1449991685951743 1449991685951999 1449991685952081
1449991686001715 1449991686001761 1449991686001999 1449991686002056
1449991686051715 1449991686051751 1449991686051979 1449991686052073
1449991686101695 1449991686101768 1449991686101985 1449991686102030
1449991686151685 1449991686151716 1449991686151804 1449991686151857
1449991686201693 1449991686201735 1449991686201970 1449991686202027
1449991686251698 1449991686251758 1449991686251913 1449991686251963
1449991686301695 1449991686301727 1449991686301863 1449991686301907
1449991686351750 1449991686351810 1449991686351925 1449991686351960
1449991686401722 1449991686401809 1449991686402099 1449991686402177
1449991686451722 1449991686451777 1449991686451960 1449991686452074
1449991686501726 1449991686501830 1449991686502169 1449991686502225
1449991686551752 1449991686551846 1449991686552167 1449991686552216
1449991686601690 1449991686601720 1449991686601937 1449991686601955
1449991686651723 1449991686651791 1449991686651969 1449991686652072
1449991686701718 1449991686701773 1449991686701946 1449991686701973
1449991686751720 1449991686751761 1449991686751911 1449991686751939
1449991686801713 1449991686801747 1449991686801974 1449991686802033
1449991686851711 1449991686851764 1449991686851912 1449991686851957
1449991686901708 1449991686901751 1449991686901992 1449991686902058
1449991686951706 1449991686951747 1449991686951959 1449991686952038
1449991687001712 1449991687001766 1449991687001999 1449991687002068
1449991687051702 1449991687051733 1449991687051938 1449991687052000
1449991687101683 1449991687101715 1449991687101845 1449991687101893
1449991687151701 1449991687151734 1449991687151832 1449991687151871
1449991687201712 1449991687201802 1449991687202025 1449991687202083
1449991687251699 1449991687251753 1449991687251949 1449991687252052
1449991687301692 1449991687301752 1449991687301871 1449991687301911
1449991687351728 1449991687351837 1449991687352097 1449991687352212
1449991687401727 1449991687401802 1449991687402118 1449991687402217
1449991687451708 1449991687451792 1449991687451986 1449991687452060
1449991687501751 1449991687501846 1449991687502187 1449991687502343
1449991687551716 1449991687551811 1449991687552049 1449991687552123
1449991687601736 1449991687601824 1449991687602083 1449991687602154
1449991687651697 1449991687651767 1449991687652006 1449991687652105
1449991687701738 1449991687701825 1449991687702173 1449991687702328
1449991687751756 1449991687751851 1449991687752209 1449991687752318
1449991687801699 1449991687801778 1449991687802002 1449991687802068
1449991687851690 1449991687851751 1449991687851959 1449991687852028
1449991687901687 1449991687901734 1449991687901910 1449991687901960
1449991687951724 1449991687951815 1449991687952112 1449991687952222
1449991688001701 1449991688001783 1449991688002004 1449991688002066
1449991688051710 1449991688051776 1449991688051968 1449991688052055
1449991688101706 1449991688101767 1449991688101951 1449991688102017
1449991688151708 1449991688151772 1449991688151940 1449991688152007
1449991688201706 1449991688201766 1449991688201962 1449991688202031
1449991688251705 1449991688251760 1449991688251925 1449991688252002
1449991688301706 1449991688301733 1449991688301913 1449991688301972
1449991688351707 1449991688351735 1449991688351929 1449991688351991
1449991688401739 1449991688401828 1449991688402133 1449991688402235
1449991688451717 1449991688451767 1449991688451959 1449991688452077
1449991688501717 1449991688501769 1449991688502007 1449991688502095
1449991688551723 1449991688551796 1449991688552036 1449991688552113
1449991688601716 1449991688601783 1449991688602014 1449991688602107
1449991688651713 1449991688651768 1449991688652040 1449991688652132
1449991688701711 1449991688701748 1449991688701947 1449991688702013
1449991688751706 1449991688751741 1449991688751960 1449991688752027
1449991688801750 1449991688801843 1449991688802115 1449991688802228
1449991688851712 1449991688851807 1449991688852114 1449991688852245
1449991688901717 1449991688901795 1449991688902025 1449991688902113
1449991688951709 1449991688951760 1449991688951962 1449991688952024
1449991689001708 1449991689001782 1449991689001996 1449991689002074
1449991689051706 1449991689051735 1449991689051924 1449991689052004
1449991689101752 1449991689101839 1449991689102133 1449991689102261
1449991689151714 1449991689151749 1449991689151952 1449991689152031
1449991689201699 1449991689201737 1449991689201943 1449991689202023
1449991689251714 1449991689251794 1449991689252031 1449991689252136
1449991689301706 1449991689301773 1449991689301990 1449991689302062
1449991689351700 1449991689351742 1449991689351916 1449991689351994
1449991689401692 1449991689401733 1449991689401880 1449991689401923
1449991689451698 1449991689451751 1449991689451847 1449991689451900
1449991689501690 1449991689501742 1449991689501861 1449991689501908
1449991689551687 1449991689551740 1449991689551857 1449991689551898
1449991689601711 1449991689601779 1449991689601945 1449991689601986
1449991689651712 1449991689651776 1449991689651915 1449991689651956
1449991689701708 1449991689701743 1449991689701967 1449991689702073
1449991689751707 1449991689751738 1449991689751951 1449991689752037
1449991689801707 1449991689801738 1449991689801918 1449991689801997
1449991689851706 1449991689851744 1449991689851970 1449991689852083
1449991689901720 1449991689901804 1449991689902130 1449991689902227
1449991689951719 1449991689951783 1449991689952068 1449991689952151
1449991690001715 1449991690001809 1449991690002072 1449991690002151
1449991690051708 1449991690051758 1449991690051956 1449991690052034
1449991690101703 1449991690101746 1449991690101914 1449991690101974
1449991690151705 1449991690151752 1449991690151953 1449991690152036
1449991690201706 1449991690201754 1449991690201972 1449991690202036
1449991690251748 1449991690251844 1449991690252117 1449991690252245
1449991690301717 1449991690301759 1449991690301960 1449991690301992
1449991690351692 1449991690351752 1449991690351885 1449991690351920
1449991690401735 1449991690401789 1449991690402042 1449991690402114
1449991690451737 1449991690451832 1449991690452122 1449991690452262
1449991690501758 1449991690501854 1449991690502177 1449991690502354
1449991690551741 1449991690551835 1449991690552143 1449991690552250
1449991690601718 1449991690601850 1449991690602081 1449991690602132
1449991690651712 1449991690651834 1449991690652068 1449991690652112
1449991690701707 1449991690701755 1449991690701973 1449991690702011
1449991690751749 1449991690751862 1449991690752113 1449991690752166
1449991690801716 1449991690801752 1449991690801852 1449991690801886
1449991690851737 1449991690851851 1449991690852108 1449991690852205
1449991690901716 1449991690901758 1449991690901973 1449991690902028
1449991690951710 1449991690951738 1449991690951840 1449991690951866
1449991691001706 1449991691001733 1449991691001838 1449991691001868
1449991691051688 1449991691051739 1449991691051832 1449991691051863
1449991691101703 1449991691101731 1449991691101834 1449991691101859
1449991691151735 1449991691151829 1449991691152126 1449991691152256
1449991691201746 1449991691201836 1449991691202084 1449991691202149
1449991691251694 1449991691251789 1449991691252046 1449991691252109
1449991691301710 1449991691301781 1449991691302009 1449991691302069
1449991691351729 1449991691351815 1449991691352097 1449991691352223
1449991691401750 1449991691401858 1449991691402112 1449991691402206
1449991691451734 1449991691451821 1449991691452125 1449991691452280
1449991691501736 1449991691501821 1449991691502106 1449991691502266
1449991691551714 1449991691551784 1449991691551982 1449991691552106
1449991691601738 1449991691601824 1449991691602143 1449991691602257
1449991691651760 1449991691651844 1449991691652163 1449991691652296
1449991691701723 1449991691701788 1449991691702008 1449991691702076
1449991691751722 1449991691751781 1449991691751934 1449991691751986
1449991691801693 1449991691801733 1449991691801816 1449991691801871
1449991691851702 1449991691851740 1449991691851883 1449991691851951
1449991691901711 1449991691901774 1449991691902067 1449991691902122
1449991691951756 1449991691951826 1449991691952144 1449991691952252
1449991692001718 1449991692001781 1449991692002035 1449991692002110
1449991692051715 1449991692051763 1449991692051985 1449991692052088
1449991692101704 1449991692101764 1449991692101917 1449991692101997
1449991692151706 1449991692151756 1449991692151957 1449991692152042
1449991692201710 1449991692201799 1449991692201955 1449991692201990
1449991692251703 1449991692251785 1449991692251935 1449991692251975
1449991692301716 1449991692301804 1449991692301957 1449991692301989
1449991692351703 1449991692351782 1449991692351997 1449991692352065
1449991692401701 1449991692401767 1449991692401922 1449991692401968
1449991692451694 1449991692451765 1449991692451866 1449991692451913
1449991692501711 1449991692501790 1449991692502059 1449991692502127
1449991692551696 1449991692551775 1449991692552013 1449991692552081
1449991692601684 1449991692601739 1449991692601846 1449991692601879
1449991692651720 1449991692651804 1449991692652026 1449991692652066
1449991692701751 1449991692701838 1449991692702098 1449991692702193
1449991692751703 1449991692751748 1449991692752014 1449991692752045
1449991692801690 1449991692801759 1449991692801863 1449991692802006
1449991692851693 1449991692851752 1449991692851866 1449991692851924
1449991692901716 1449991692901770 1449991692901884 1449991692901917
1449991692951691 1449991692951746 1449991692951861 1449991692951895
1449991693001692 1449991693001757 1449991693001873 1449991693001906
1449991693051692 1449991693051744 1449991693051852 1449991693051897
1449991693101691 1449991693101742 1449991693101828 1449991693101863
1449991693151689 1449991693151760 1449991693151883 1449991693151932
1449991693201692 1449991693201752 1449991693201864 1449991693201905
1449991693251708 1449991693251744 1449991693251867 1449991693251931
1449991693301742 1449991693301837 1449991693302052 1449991693302129
1449991693351717 1449991693351756 1449991693351911 1449991693351945
1449991693401708 1449991693401737 1449991693401892 1449991693401916
1449991693451712 1449991693451761 1449991693451930 1449991693451978
1449991693501748 1449991693501859 1449991693502060 1449991693502108
1449991693551715 1449991693551756 1449991693551990 1449991693552048
1449991693602123 1449991693602163 1449991693602393 1449991693602597
1449991693651819 1449991693651886 1449991693652127 1449991693652215
1449991693701690 1449991693701726 1449991693701961 1449991693702044
1449991693751696 1449991693751738 1449991693751979 1449991693752050
1449991693801709 1449991693801738 1449991693801931 1449991693801996
1449991693851703 1449991693851822 1449991693852058 1449991693852148
1449991693901699 1449991693901760 1449991693901917 1449991693901958
1449991693951689 1449991693951750 1449991693951869 1449991693951904
1449991694001696 1449991694001743 1449991694001848 1449991694001885
1449991694051699 1449991694051733 1449991694051899 1449991694051963
1449991694101695 1449991694101751 1449991694101865 1449991694101903
1449991694151692 1449991694151751 1449991694151857 1449991694151894
1449991694201691 1449991694201757 1449991694201875 1449991694201913
1449991694251701 1449991694251759 1449991694251939 1449991694252071
1449991694301744 1449991694301832 1449991694302141 1449991694302239
1449991694351716 1449991694351791 1449991694352028 1449991694352093
1449991694401710 1449991694401771 1449991694402006 1449991694402069
1449991694451728 1449991694451817 1449991694452127 1449991694452600
1449991694501720 1449991694501791 1449991694502047 1449991694502131
1449991694551707 1449991694551789 1449991694552018 1449991694552077
1449991694601710 1449991694601779 1449991694602029 1449991694602094
1449991694651712 1449991694651782 1449991694652009 1449991694652103
1449991694701709 1449991694701774 1449991694702026 1449991694702082
1449991694751708 1449991694751774 1449991694752009 1449991694752052
1449991694801741 1449991694801832 1449991694802142 1449991694802256
1449991694851732 1449991694851822 1449991694852120 1449991694852237
1449991694901752 1449991694901866 1449991694902206 1449991694902367
1449991694951753 1449991694951848 1449991694952140 1449991694952248
1449991695001714 1449991695001788 1449991695002045 1449991695002129
1449991695051750 1449991695051845 1449991695052137 1449991695052261
1449991695101715 1449991695101793 1449991695102026 1449991695102089
1449991695151710 1449991695151782 1449991695152015 1449991695152074
1449991695201705 1449991695201766 1449991695202005 1449991695202074
1449991695251705 1449991695251796 1449991695252012 1449991695252085
1449991695301709 1449991695301780 1449991695302024 1449991695302090
1449991695351706 1449991695351779 1449991695351993 1449991695352045
1449991695401693 1449991695401753 1449991695401860 1449991695401912
1449991695451698 1449991695451762 1449991695451907 1449991695451968
1449991695501714 1449991695501797 1449991695502078 1449991695502161
1449991695551727 1449991695551820 1449991695552152 1449991695552243
1449991695601719 1449991695601826 1449991695602090 1449991695602156
1449991695651754 1449991695651846 1449991695652164 1449991695652339
1449991695701698 1449991695701754 1449991695701879 1449991695701916
1449991695751691 1449991695751719 1449991695751847 1449991695751918
1449991695801748 1449991695801841 1449991695802061 1449991695802139
1449991695851704 1449991695851730 1449991695851878 1449991695851946
1449991695901926 1449991695902020 1449991695902373 1449991695902491
1449991695951725 1449991695951820 1449991695952078 1449991695952178
1449991696001718 1449991696001802 1449991696002084 1449991696002164
1449991696051758 1449991696051848 1449991696052176 1449991696052319
1449991696101702 1449991696101785 1449991696102012 1449991696102092
1449991696151711 1449991696151780 1449991696151969 1449991696152075
1449991696201736 1449991696201829 1449991696202112 1449991696202226
1449991696251699 1449991696251777 1449991696252002 1449991696252103
1449991696301689 1449991696301744 1449991696301931 1449991696302000
1449991696351685 1449991696351749 1449991696351952 1449991696352048
1449991696401687 1449991696401753 1449991696401979 1449991696402047
1449991696451683 1449991696451738 1449991696451827 1449991696451873
1449991696501724 1449991696501812 1449991696502141 1449991696502243
1449991696551754 1449991696551846 1449991696552121 1449991696552230
1449991696601725 1449991696601792 1449991696602100 1449991696602227
1449991696651720 1449991696651795 1449991696652008 1449991696652098
1449991696701751 1449991696701826 1449991696702124 1449991696702236
1449991696751731 1449991696751799 1449991696752102 1449991696752291
1449991696801746 1449991696801834 1449991696802081 1449991696802133
1449991696851727 1449991696851814 1449991696852129 1449991696852257
1449991696901718 1449991696901801 1449991696902037 1449991696902091
1449991696951696 1449991696951775 1449991696952006 1449991696952055
1449991697001749 1449991697001868 1449991697002187 1449991697002349
1449991697051723 1449991697051776 1449991697051939 1449991697052016
1449991697101720 1449991697101811 1449991697102059 1449991697102169
1449991697151758 1449991697151868 1449991697152140 1449991697152258
1449991697201705 1449991697201756 1449991697202037 1449991697202122
1449991697251752 1449991697251844 1449991697252176 1449991697252301
1449991697301721 1449991697301809 1449991697302072 1449991697302149
1449991697351703 1449991697351785 1449991697352062 1449991697352124
1449991697401698 1449991697401734 1449991697401874 1449991697401927
1449991697451752 1449991697451851 1449991697452128 1449991697452291
1449991697501760 1449991697501871 1449991697502216 1449991697502365
1449991697551723 1449991697551815 1449991697552151 1449991697552255
1449991697601752 1449991697601847 1449991697602180 1449991697602338
1449991697651699 1449991697651781 1449991697652034 1449991697652163
1449991697701751 1449991697701898 1449991697702299 1449991697702415
1449991697751716 1449991697751756 1449991697752036 1449991697752113
1449991697801708 1449991697801736 1449991697801889 1449991697801960
1449991697851752 1449991697851845 1449991697852164 1449991697852288
1449991697901715 1449991697901758 1449991697901990 1449991697902075
1449991697951709 1449991697951739 1449991697951943 1449991697952016
1449991698001707 1449991698001735 1449991698001913 1449991698001985
1449991698051707 1449991698052029 1449991698052199 1449991698052286
1449991698101689 1449991698101719 1449991698101896 1449991698101968
1449991698151709 1449991698151805 1449991698152072 1449991698152188
1449991698201758 1449991698201857 1449991698202179 1449991698202346
1449991698251710 1449991698251775 1449991698251937 1449991698252001
1449991698301718 1449991698301813 1449991698302085 1449991698302173
1449991698351707 1449991698351742 1449991698351957 1449991698352047
1449991698401692 1449991698401723 1449991698401947 1449991698402022
1449991698451742 1449991698451844 1449991698452116 1449991698452253
1449991698501762 1449991698501861 1449991698502197 1449991698502343
1449991698551698 1449991698551727 1449991698551847 1449991698551890
1449991698601705 1449991698601771 1449991698601931 1449991698601993
1449991698651725 1449991698651837 1449991698652112 1449991698652195
1449991698701718 1449991698701800 1449991698702042 1449991698702138
1449991698751720 1449991698751818 1449991698752028 1449991698752120
1449991698801754 1449991698801848 1449991698802095 1449991698802973
1449991698851756 1449991698851847 1449991698852133 1449991698852246
1449991698901697 1449991698901750 1449991698901858 1449991698901900
1449991698951750 1449991698951845 1449991698952130 1449991698952206
1449991699001717 1449991699001820 1449991699002038 1449991699002123
1449991699051738 1449991699051833 1449991699052115 1449991699052240
1449991699101755 1449991699101845 1449991699102170 1449991699102350
1449991699151702 1449991699151748 1449991699151919 1449991699152512
1449991699201753 1449991699201843 1449991699202161 1449991699202247
1449991699251699 1449991699251751 1449991699251858 1449991699251902
1449991699301737 1449991699301833 1449991699302183 1449991699302265
1449991699351785 1449991699351862 1449991699352010 1449991699352044
1449991699401706 1449991699401744 1449991699401903 1449991699402001
1449991699451689 1449991699451721 1449991699451826 1449991699451867
1449991699501690 1449991699501722 1449991699501831 1449991699501863
1449991699551747 1449991699551818 1449991699552177 1449991699552309
1449991699601709 1449991699601754 1449991699601917 1449991699601975
1449991699651712 1449991699651773 1449991699651997 1449991699652085
1449991699701702 1449991699701763 1449991699701910 1449991699701958
1449991699751715 1449991699751780 1449991699752065 1449991699752163
1449991699801757 1449991699801825 1449991699802091 1449991699802207
1449991699851717 1449991699851778 1449991699852002 1449991699852097
1449991699901750 1449991699901811 1449991699901935 1449991699902029
1449991699951710 1449991699951769 1449991699952030 1449991699952097
1449991700001735 1449991700001815 1449991700002139 1449991700002240
1449991700051704 1449991700051755 1449991700051866 1449991700051909
1449991700101760 1449991700101833 1449991700102144 1449991700102237
1449991700151765 1449991700151840 1449991700152098 1449991700152155
1449991700201761 1449991700201853 1449991700202171 1449991700202362
1449991700251748 1449991700251833 1449991700252045 1449991700252168
1449991700301695 1449991700301736 1449991700301844 1449991700301886
1449991700351714 1449991700351808 1449991700352125 1449991700352238
1449991700401721 1449991700401823 1449991700402054 1449991700402143
1449991700451762 1449991700451855 1449991700452087 1449991700452180
1449991700501755 1449991700501845 1449991700502093 1449991700502196
1449991700551717 1449991700551799 1449991700552010 1449991700552058
1449991700601694 1449991700601764 1449991700601955 1449991700601999
1449991700651711 1449991700651807 1449991700652046 1449991700652197
1449991700701760 1449991700701862 1449991700702079 1449991700702161
1449991700751704 1449991700751806 1449991700752005 1449991700752056
1449991700801690 1449991700801756 1449991700801920 1449991700801949
1449991700851707 1449991700851775 1449991700851953 1449991700852042
1449991700901690 1449991700901765 1449991700902016 1449991700902108
1449991700951706 1449991700951773 1449991700951953 1449991700952027
1449991701001705 1449991701001779 1449991701001963 1449991701001994
1449991701051693 1449991701051757 1449991701051987 1449991701052048
1449991701101734 1449991701101853 1449991701102109 1449991701102184
1449991701151761 1449991701151854 1449991701152185 1449991701152329
1449991701201755 1449991701201850 1449991701202175 1449991701202326
1449991701251753 1449991701251846 1449991701252190 1449991701252344
1449991701301727 1449991701301795 1449991701301971 1449991701302027
1449991701351752 1449991701351839 1449991701352192 1449991701352297
1449991701401714 1449991701401781 1449991701402013 1449991701402084
1449991701451709 1449991701451799 1449991701451982 1449991701452320
1449991701501741 1449991701501835 1449991701502161 1449991701502322
1449991701551715 1449991701551789 1449991701552033 1449991701552100
1449991701601707 1449991701601774 1449991701602002 1449991701602058
1449991701651697 1449991701651772 1449991701652001 1449991701652085
1449991701701747 1449991701701842 1449991701702097 1449991701702233
1449991701751757 1449991701751849 1449991701752141 1449991701752203
1449991701801707 1449991701801801 1449991701801975 1449991701802146
1449991701851710 1449991701851861 1449991701852081 1449991701852162
1449991701901751 1449991701901882 1449991701902166 1449991701902241
1449991701951726 1449991701951818 1449991701952105 1449991701952207
1449991702001720 1449991702001807 1449991702002141 1449991702002270
1449991702051706 1449991702051848 1449991702052119 1449991702052206
1449991702101755 1449991702101882 1449991702102155 1449991702102203
1449991702151748 1449991702151832 1449991702152106 1449991702152194
1449991702201760 1449991702201856 1449991702202175 1449991702202320
1449991702251753 1449991702251843 1449991702252177 1449991702252295
1449991702301761 1449991702301859 1449991702302177 1449991702302320
1449991702351768 1449991702351866 1449991702352107 1449991702352252
1449991702401701 1449991702401750 1449991702401861 1449991702401913
1449991702451714 1449991702451771 1449991702451988 1449991702452548
1449991702501756 1449991702501888 1449991702502201 1449991702502364
1449991702551722 1449991702551806 1449991702552079 1449991702552148
1449991702601717 1449991702601805 1449991702602061 1449991702602141
1449991702651722 1449991702651798 1449991702652062 1449991702652152
1449991702701696 1449991702701747 1449991702701876 1449991702701933
1449991702751703 1449991702751752 1449991702751910 1449991702751957
1449991702801719 1449991702801785 1449991702802000 1449991702802090
1449991702851696 1449991702851757 1449991702851871 1449991702851910
1449991702901688 1449991702901748 1449991702901836 1449991702901874
1449991702951696 1449991702951721 1449991702951825 1449991702951860
1449991703001689 1449991703001719 1449991703001863 1449991703001903
1449991703051688 1449991703051740 1449991703051857 1449991703051895
1449991703101695 1449991703101748 1449991703101886 1449991703101937
1449991703151743 1449991703151830 1449991703152060 1449991703152135
1449991703201717 1449991703201821 1449991703202042 1449991703202138
1449991703251692 1449991703251752 1449991703251864 1449991703251900
1449991703301901 1449991703301986 1449991703302156 1449991703302195
1449991703351720 1449991703351769 1449991703351929 1449991703351971
1449991703401719 1449991703401766 1449991703401994 1449991703402060
1449991703451705 1449991703451789 1449991703451981 1449991703452022
1449991703501696 1449991703501747 1449991703501862 1449991703501917
1449991703551752 1449991703551840 1449991703552017 1449991703552074
1449991703601716 1449991703601769 1449991703601949 1449991703602029
1449991703651759 1449991703651861 1449991703652193 1449991703652295
1449991703701721 1449991703701898 1449991703702138 1449991703702219
1449991703751696 1449991703751722 1449991703751835 1449991703751887
1449991703801712 1449991703801788 1449991703801916 1449991703801960
1449991703851758 1449991703851843 1449991703852124 1449991703852200
1449991703901717 1449991703901785 1449991703902011 1449991703902078
1449991703951701 1449991703951762 1449991703951944 1449991703951981
1449991704001714 1449991704001765 1449991704001977 1449991704002012
1449991704051724 1449991704051778 1449991704051951 1449991704052128
1449991704101760 1449991704101857 1449991704102157 1449991704102239
1449991704151726 1449991704151809 1449991704152149 1449991704152304
1449991704201747 1449991704201828 1449991704202103 1449991704202208
1449991704251757 1449991704251870 1449991704252149 1449991704252250
1449991704301733 1449991704301814 1449991704302083 1449991704302162
1449991704351759 1449991704351871 1449991704352107 1449991704352210
1449991704401755 1449991704401867 1449991704402069 1449991704402121
1449991704451753 1449991704451842 1449991704452085 1449991704452148
1449991704501719 1449991704501805 1449991704502054 1449991704502122
1449991704551716 1449991704551785 1449991704551985 1449991704552074
1449991704601702 1449991704601792 1449991704601983 1449991704602014
1449991704651694 1449991704651745 1449991704651847 1449991704651891
1449991704701695 1449991704701755 1449991704701856 1449991704701897
1449991704751710 1449991704751795 1449991704752010 1449991704752053
1449991704801754 1449991704801841 1449991704802077 1449991704802136
1449991704851703 1449991704851767 1449991704851900 1449991704851948
1449991704901749 1449991704901845 1449991704902096 1449991704902161
1449991704951723 1449991704951828 1449991704952033 1449991704952101
1449991705001704 1449991705001771 1449991705001927 1449991705001978
1449991705051726 1449991705051815 1449991705052070 1449991705052170
1449991705101720 1449991705101799 1449991705101995 1449991705102071
1449991705151699 1449991705151753 1449991705151855 1449991705151899
1449991705201706 1449991705201794 1449991705202060 1449991705202137
1449991705251713 1449991705251798 1449991705252091 1449991705252173
1449991705301710 1449991705301833 1449991705302067 1449991705302138
1449991705351712 1449991705351791 1449991705351976 1449991705352051
1449991705401722 1449991705401808 1449991705402044 1449991705402134
1449991705451719 1449991705451803 1449991705452042 1449991705452127
1449991705501699 1449991705501758 1449991705501872 1449991705501913
1449991705551707 1449991705551789 1449991705552046 1449991705552108
1449991705601698 1449991705601758 1449991705601917 1449991705601970
1449991705651699 1449991705651769 1449991705651922 1449991705651975
1449991705701692 1449991705701745 1449991705701845 1449991705701887
1449991705751689 1449991705751748 1449991705751870 1449991705751910
1449991705801689 1449991705801746 1449991705801850 1449991705801890
1449991705851690 1449991705851748 1449991705851860 1449991705851902
1449991705901690 1449991705901749 1449991705901862 1449991705901904
1449991705951715 1449991705951824 1449991705951995 1449991705952050
1449991706001725 1449991706001777 1449991706001886 1449991706001930
1449991706051695 1449991706051750 1449991706051896 1449991706051946
1449991706101706 1449991706101774 1449991706101978 1449991706102054
1449991706151699 1449991706151757 1449991706151887 1449991706151973
1449991706201691 1449991706201749 1449991706201842 1449991706201878
1449991706251698 1449991706251760 1449991706251872 1449991706251908
1449991706301700 1449991706301761 1449991706301881 1449991706301915
1449991706351699 1449991706351757 1449991706351867 1449991706351905
1449991706401700 1449991706401754 1449991706401864 1449991706401908
1449991706451701 1449991706451749 1449991706451843 1449991706451885
1449991706501694 1449991706501750 1449991706501875 1449991706501920
1449991706551692 1449991706551722 1449991706551842 1449991706551887
1449991706601717 1449991706601799 1449991706602055 1449991706602146
1449991706651696 1449991706651769 1449991706652000 1449991706652059
1449991706701714 1449991706701823 1449991706702044 1449991706702129
1449991706751703 1449991706751760 1449991706751900 1449991706751952
1449991706801738 1449991706801833 1449991706802098 1449991706802224
1449991706851750 1449991706851843 1449991706852122 1449991706852218
1449991706901716 1449991706901756 1449991706901976 1449991706902070
1449991706951710 1449991706951738 1449991706951929 1449991706951995
1449991707001705 1449991707001733 1449991707001934 1449991707002010
1449991707051692 1449991707051726 1449991707051820 1449991707051859
1449991707101689 1449991707101747 1449991707101834 1449991707101870
1449991707151746 1449991707151798 1449991707152048 1449991707152137
1449991707201697 1449991707201763 1449991707201915 1449991707201963
1449991707251696 1449991707251760 1449991707251879 1449991707251917
1449991707301698 1449991707301728 1449991707301894 1449991707301932
1449991707351691 1449991707351721 1449991707351842 1449991707351888
1449991707401716 1449991707401818 1449991707402084 1449991707402166
1449991707451739 1449991707451773 1449991707451935 1449991707452010
1449991707501693 1449991707501745 1449991707501854 1449991707501948
1449991707551701 1449991707551729 1449991707551822 1449991707551862
1449991707601696 1449991707601728 1449991707601855 1449991707601894
1449991707651745 1449991707651845 1449991707652181 1449991707652284
1449991707701712 1449991707701801 1449991707702051 1449991707702110
1449991707751702 1449991707751773 1449991707752018 1449991707752100
1449991707801699 1449991707801728 1449991707801909 1449991707801981
1449991707851724 1449991707851818 1449991707852142 1449991707852247
1449991707901710 1449991707901754 1449991707901978 1449991707902051
1449991707951701 1449991707951729 1449991707951938 1449991707952015
1449991708001696 1449991708001722 1449991708001936 1449991708001992
1449991708051693 1449991708051758 1449991708051991 1449991708052045
1449991708101694 1449991708101729 1449991708101914 1449991708101975
1449991708151699 1449991708151776 1449991708152013 1449991708152117
1449991708201695 1449991708201760 1449991708202028 1449991708202095
1449991708251689 1449991708251717 1449991708251931 1449991708251989
1449991708301698 1449991708301729 1449991708301949 1449991708302012
1449991708351697 1449991708351725 1449991708351932 1449991708352005
1449991708401693 1449991708401720 1449991708401922 1449991708401975
1449991708451695 1449991708451730 1449991708451898 1449991708451966
1449991708501748 1449991708501842 1449991708502183 1449991708502342
1449991708551715 1449991708551784 1449991708552020 1449991708552125
1449991708601710 1449991708601742 1449991708601948 1449991708602014
1449991708651697 1449991708651729 1449991708651941 1449991708651998
1449991708701693 1449991708701721 1449991708701907 1449991708701965
1449991708751698 1449991708751766 1449991708751998 1449991708752082
1449991708801705 1449991708801738 1449991708801894 1449991708802007
1449991708851741 1449991708851825 1449991708852085 1449991708852243
1449991708901727 1449991708901821 1449991708902112 1449991708902211
1449991708951716 1449991708951788 1449991708952018 1449991708952118
1449991709001708 1449991709001736 1449991709001970 1449991709002050
1449991709051753 1449991709051846 1449991709052161 1449991709052256
1449991709101757 1449991709101845 1449991709102140 1449991709102246
1449991709151702 1449991709151787 1449991709151985 1449991709152069
1449991709201708 1449991709201736 1449991709201922 1449991709201966
1449991709251707 1449991709251734 1449991709251924 1449991709252005
1449991709301737 1449991709301825 1449991709302127 1449991709302227
1449991709351716 1449991709351787 1449991709352009 1449991709352087
1449991709401706 1449991709401733 1449991709401934 1449991709401980
1449991709451707 1449991709451771 1449991709451965 1449991709452027
1449991709501749 1449991709501853 1449991709502176 1449991709502329
1449991709551718 1449991709551797 1449991709552012 1449991709552084
1449991709601709 1449991709601771 1449991709601990 1449991709602049
1449991709651709 1449991709651782 1449991709651987 1449991709652046
1449991709701706 1449991709701767 1449991709701993 1449991709702034
1449991709751708 1449991709751737 1449991709751926 1449991709751987
1449991709801707 1449991709801733 1449991709801892 1449991709802338
1449991709851708 1449991709851776 1449991709852005 1449991709852108
1449991709901705 1449991709901735 1449991709901925 1449991709901978
1449991709951709 1449991709951741 1449991709951942 1449991709952018
1449991710001708 1449991710001734 1449991710001922 1449991710002001
1449991710051708 1449991710051736 1449991710051908 1449991710051967
1449991710101709 1449991710101749 1449991710101962 1449991710102027
1449991710151707 1449991710151737 1449991710151900 1449991710152308
1449991710201706 1449991710201738 1449991710201916 1449991710201975
1449991710251697 1449991710251725 1449991710251902 1449991710251967
1449991710301711 1449991710301739 1449991710301939 1449991710301997
1449991710351698 1449991710351724 1449991710351914 1449991710351980
1449991710401685 1449991710401709 1449991710401886 1449991710401937
1449991710451690 1449991710451715 1449991710451876 1449991710451957
1449991710501742 1449991710501884 1449991710502144 1449991710502223
1449991710551697 1449991710551783 1449991710551959 1449991710552031
1449991710601699 1449991710601734 1449991710601857 1449991710601917
1449991710651708 1449991710651739 1449991710651864 1449991710651898
1449991710701716 1449991710701747 1449991710701915 1449991710701945
1449991710751710 1449991710751742 1449991710751884 1449991710751986
1449991710801718 1449991710801746 1449991710801894 1449991710802414
1449991710851709 1449991710851740 1449991710851960 1449991710852025
1449991710901718 1449991710901810 1449991710901973 1449991710902008
1449991710951729 1449991710951821 1449991710952018 1449991710952077
1449991711001698 1449991711001749 1449991711001869 1449991711001903
1449991711051751 1449991711051843 1449991711052114 1449991711052240
1449991711101730 1449991711101825 1449991711102091 1449991711102204
1449991711151708 1449991711151789 1449991711152011 1449991711152440
1449991711201698 1449991711201753 1449991711201988 1449991711202056
1449991711251753 1449991711251854 1449991711252086 1449991711252158
1449991711301718 1449991711301805 1449991711301963 1449991711301998
1449991711351696 1449991711351773 1449991711352015 1449991711352093
1449991711401708 1449991711401783 1449991711402023 1449991711402092
1449991711451692 1449991711451755 1449991711451885 1449991711451947
1449991711501750 1449991711501842 1449991711502166 1449991711502345
1449991711551709 1449991711551793 1449991711552075 1449991711552178
1449991711601713 1449991711601784 1449991711602042 1449991711602119
1449991711651692 1449991711651754 1449991711651866 1449991711651915
1449991711701756 1449991711701848 1449991711702195 1449991711702368
1449991711751724 1449991711751791 1449991711752110 1449991711752183
1449991711801720 1449991711801804 1449991711802071 1449991711802177
1449991711851719 1449991711851806 1449991711852079 1449991711852148
1449991711901754 1449991711901847 1449991711902164 1449991711902257
1449991711951721 1449991711951810 1449991711952080 1449991711952183
1449991712001705 1449991712001789 1449991712001990 1449991712002079
1449991712051691 1449991712051745 1449991712051868 1449991712051909
1449991712101745 1449991712101839 1449991712102161 1449991712102268
1449991712151698 1449991712151750 1449991712151865 1449991712151908
1449991712201716 1449991712201779 1449991712202018 1449991712202085
1449991712251691 1449991712251729 1449991712251833 1449991712251867
1449991712301701 1449991712301735 1449991712301838 1449991712301877
1449991712351689 1449991712351717 1449991712351827 1449991712351868
1449991712401688 1449991712401728 1449991712401839 1449991712401880
1449991712451724 1449991712451783 1449991712452016 1449991712452452
1449991712501714 1449991712501747 1449991712501883 1449991712501919
1449991712551779 1449991712551854 1449991712551959 1449991712552008
1449991712601702 1449991712601755 1449991712601877 1449991712601912
1449991712651706 1449991712651791 1449991712651984 1449991712652035
1449991712701714 1449991712701775 1449991712702115 1449991712702189
1449991712751695 1449991712751757 1449991712751884 1449991712751930
1449991712801753 1449991712801849 1449991712802135 1449991712802247
1449991712851706 1449991712851770 1449991712851963 1449991712852034
1449991712901711 1449991712901804 1449991712902145 1449991712902224
1449991712951749 1449991712951844 1449991712952159 1449991712952280
1449991713001723 1449991713001817 1449991713002083 1449991713002190
1449991713051714 1449991713051791 1449991713052003 1449991713052070
1449991713101716 1449991713101804 1449991713102054 1449991713102136
1449991713151715 1449991713151778 1449991713151975 1449991713152883
1449991713201754 1449991713201847 1449991713202088 1449991713202197
1449991713251720 1449991713251762 1449991713251990 1449991713252056
1449991713301714 1449991713301755 1449991713301968 1449991713302050
1449991713351698 1449991713351758 1449991713351908 1449991713351966
1449991713401711 1449991713401790 1449991713402047 1449991713402112
1449991713451712 1449991713451751 1449991713451960 1449991713452043
1449991713501751 1449991713501842 1449991713502203 1449991713502349
1449991713551696 1449991713551753 1449991713551864 1449991713551907
1449991713601719 1449991713601769 1449991713602024 1449991713602107
1449991713651696 1449991713651758 1449991713651872 1449991713651972
1449991713701697 1449991713701724 1449991713701823 1449991713701871
1449991713751692 1449991713751747 1449991713751894 1449991713751952
1449991713801710 1449991713801796 1449991713802018 1449991713802089
1449991713851694 1449991713851754 1449991713851884 1449991713851923
1449991713901743 1449991713901839 1449991713902126 1449991713902207
1449991713951715 1449991713951790 1449991713952051 1449991713952153
1449991714001723 1449991714001823 1449991714002145 1449991714002241
1449991714051720 1449991714051801 1449991714052064 1449991714052128
1449991714101710 1449991714101782 1449991714101965 1449991714102021
1449991714151706 1449991714151790 1449991714152018 1449991714152103
1449991714201696 1449991714201747 1449991714201859 1449991714201901
1449991714251745 1449991714251816 1449991714252207 1449991714252319
1449991714301743 1449991714301807 1449991714302116 1449991714302222
1449991714351744 1449991714351835 1449991714352168 1449991714352303
1449991714401742 1449991714401823 1449991714402079 1449991714402140
1449991714451700 1449991714451748 1449991714451848 1449991714451890
1449991714501745 1449991714501843 1449991714502166 1449991714502297
1449991714551727 1449991714551816 1449991714552061 1449991714552154
1449991714601717 1449991714601809 1449991714602177 1449991714602338
1449991714651724 1449991714651765 1449991714651933 1449991714651984
1449991714701718 1449991714701779 1449991714702081 1449991714702160
1449991714751740 1449991714751850 1449991714752061 1449991714752133
1449991714801727 1449991714801814 1449991714802026 1449991714802103
1449991714851755 1449991714851849 1449991714852141 1449991714852222
1449991714901703 1449991714901741 1449991714901877 1449991714901924
1449991714951755 1449991714951822 1449991714952147 1449991714952247
1449991715001720 1449991715001780 1449991715002034 1449991715002100
1449991715051756 1449991715051821 1449991715052141 1449991715052264
1449991715101700 1449991715101765 1449991715101881 1449991715101920
1449991715151752 1449991715151846 1449991715152155 1449991715152294
1449991715201755 1449991715201848 1449991715202173 1449991715202250
1449991715251713 1449991715251790 1449991715251997 1449991715252059
1449991715301752 1449991715301846 1449991715302187 1449991715302351
1449991715351757 1449991715351851 1449991715352156 1449991715352250
1449991715401726 1449991715401820 1449991715402100 1449991715402181
1449991715451725 1449991715451819 1449991715452049 1449991715452135
