1449991806888995 1449991806889106 1449991806889480 1449991806889546
1449991806938978 1449991806939052 1449991806939283 1449991806939297
1449991806988955 1449991806989010 1449991806989181 1449991806989209
1449991807038969 1449991807039057 1449991807039320 1449991807039338
1449991807088966 1449991807089030 1449991807089294 1449991807089314
1449991807138953 1449991807138993 1449991807139141 1449991807139193
1449991807189138 1449991807189222 1449991807189494 1449991807189585
1449991807238967 1449991807239031 1449991807239278 1449991807239356
1449991807288957 1449991807289015 1449991807289179 1449991807289219
1449991807338974 1449991807339036 1449991807339187 1449991807339229
1449991807388972 1449991807389060 1449991807389299 1449991807389364
1449991807438955 1449991807438991 1449991807439248 1449991807439300
1449991807489016 1449991807489132 1449991807489392 1449991807489452
1449991807538968 1449991807539014 1449991807539168 1449991807539212
1449991807588952 1449991807588983 1449991807589140 1449991807589184
1449991807638948 1449991807639029 1449991807639168 1449991807639199
1449991807688994 1449991807689069 1449991807689331 1449991807689379
1449991807738966 1449991807739008 1449991807739153 1449991807739220
1449991807788958 1449991807789000 1449991807789179 1449991807789248
1449991807838973 1449991807839026 1449991807839313 1449991807839343
1449991807888964 1449991807888996 1449991807889293 1449991807889329
1449991807938964 1449991807939035 1449991807939305 1449991807939335
1449991807988973 1449991807989059 1449991807989306 1449991807989353
1449991808038969 1449991808039003 1449991808039271 1449991808039322
1449991808088951 1449991808088988 1449991808089232 1449991808089301
1449991808138964 1449991808139057 1449991808139439 1449991808139557
1449991808188976 1449991808189073 1449991808189317 1449991808189438
1449991808238947 1449991808238978 1449991808239222 1449991808239288
1449991808288945 1449991808288970 1449991808289220 1449991808289281
1449991808338943 1449991808338970 1449991808339221 1449991808339265
1449991808388945 1449991808388972 1449991808389214 1449991808389284
1449991808438963 1449991808438990 1449991808439201 1449991808439268
1449991808489014 1449991808489102 1449991808489421 1449991808489493
1449991808538973 1449991808539036 1449991808539382 1449991808539470
1449991808588964 1449991808589019 1449991808589233 1449991808589298
1449991808638956 1449991808638992 1449991808639175 1449991808639223
1449991808688946 1449991808688994 1449991808689185 1449991808689232
1449991808738944 1449991808738990 1449991808739168 1449991808739215
1449991808788953 1449991808789002 1449991808789169 1449991808789230
1449991808838947 1449991808838985 1449991808839162 1449991808839214
1449991808888983 1449991808889049 1449991808889263 1449991808889311
1449991808938973 1449991808939020 1449991808939219 1449991808939277
1449991808988967 1449991808988996 1449991808989177 1449991808989214
1449991809038964 1449991809038993 1449991809039182 1449991809039213
1449991809088964 1449991809088995 1449991809089208 1449991809089265
1449991809138964 1449991809138993 1449991809139180 1449991809139318
1449991809188969 1449991809189007 1449991809189265 1449991809189337
1449991809238965 1449991809239014 1449991809239299 1449991809239359
1449991809288954 1449991809289014 1449991809289175 1449991809289221
1449991809338970 1449991809339049 1449991809339356 1449991809339432
1449991809388971 1449991809389012 1449991809389272 1449991809389358
1449991809438969 1449991809439044 1449991809439310 1449991809439381
1449991809489005 1449991809489093 1449991809489369 1449991809489438
1449991809538979 1449991809539070 1449991809539356 1449991809539421
1449991809588974 1449991809589045 1449991809589323 1449991809589398
1449991809638968 1449991809639042 1449991809639321 1449991809639378
1449991809688967 1449991809689003 1449991809689251 1449991809689315
1449991809738971 1449991809739044 1449991809739354 1449991809739437
1449991809788966 1449991809788997 1449991809789221 1449991809789311
1449991809838967 1449991809839040 1449991809839321 1449991809839373
1449991809888969 1449991809889006 1449991809889278 1449991809889332
1449991809938968 1449991809939014 1449991809939259 1449991809939331
1449991809988971 1449991809989012 1449991809989270 1449991809989479
1449991810038974 1449991810039014 1449991810039233 1449991810039275
1449991810088966 1449991810089026 1449991810089295 1449991810089345
1449991810138960 1449991810138988 1449991810139205 1449991810139277
1449991810188943 1449991810188969 1449991810189202 1449991810189267
1449991810238963 1449991810238991 1449991810239282 1449991810239317
1449991810288964 1449991810289007 1449991810289257 1449991810289313
1449991810338963 1449991810338990 1449991810339238 1449991810339292
1449991810388963 1449991810388991 1449991810389236 1449991810389296
1449991810438962 1449991810438990 1449991810439232 1449991810439293
1449991810489006 1449991810489100 1449991810489490 1449991810489599
1449991810538970 1449991810539004 1449991810539285 1449991810539357
1449991810588965 1449991810588994 1449991810589217 1449991810589303
1449991810638964 1449991810639009 1449991810639265 1449991810639332
1449991810688974 1449991810689082 1449991810689375 1449991810689445
1449991810738967 1449991810738996 1449991810739204 1449991810739256
1449991810788965 1449991810788993 1449991810789159 1449991810789220
1449991810839007 1449991810839103 1449991810839435 1449991810839578
1449991810888971 1449991810889011 1449991810889286 1449991810889350
1449991810938966 1449991810938993 1449991810939248 1449991810939312
1449991810988962 1449991810989007 1449991810989250 1449991810989336
1449991811038963 1449991811038990 1449991811039232 1449991811039295
1449991811088964 1449991811088989 1449991811089214 1449991811089282
1449991811138963 1449991811138991 1449991811139180 1449991811139384
1449991811188962 1449991811189032 1449991811189279 1449991811189351
1449991811238962 1449991811238989 1449991811239234 1449991811239277
1449991811288963 1449991811289030 1449991811289314 1449991811289378
1449991811338963 1449991811339008 1449991811339280 1449991811339331
1449991811389008 1449991811389101 1449991811389451 1449991811389566
1449991811438969 1449991811439004 1449991811439222 1449991811439295
1449991811488992 1449991811489084 1449991811489479 1449991811489578
1449991811538953 1449991811538986 1449991811539241 1449991811539300
1449991811588961 1449991811589055 1449991811589417 1449991811589548
1449991811638953 1449991811638988 1449991811639232 1449991811639292
1449991811688949 1449991811689031 1449991811689301 1449991811689350
1449991811738942 1449991811738967 1449991811739197 1449991811739247
1449991811788943 1449991811789008 1449991811789222 1449991811789410
1449991811838942 1449991811839006 1449991811839285 1449991811839330
1449991811888943 1449991811889007 1449991811889259 1449991811889317
1449991811938941 1449991811938966 1449991811939189 1449991811939236
1449991811988944 1449991811989007 1449991811989262 1449991811989335
1449991812038943 1449991812038989 1449991812039170 1449991812039200
1449991812089007 1449991812089100 1449991812089466 1449991812089570
1449991812138967 1449991812139001 1449991812139225 1449991812139308
1449991812189010 1449991812189103 1449991812189482 1449991812189605
1449991812238952 1449991812238984 1449991812239225 1449991812239294
1449991812288992 1449991812289087 1449991812289446 1449991812289557
1449991812338952 1449991812338986 1449991812339226 1449991812339297
1449991812388962 1449991812389029 1449991812389256 1449991812389331
1449991812438952 1449991812438979 1449991812439180 1449991812439236
1449991812488992 1449991812489086 1449991812489446 1449991812489548
1449991812538952 1449991812538986 1449991812539216 1449991812539282
1449991812588964 1449991812588992 1449991812589230 1449991812589298
1449991812638944 1449991812638970 1449991812639203 1449991812639258
1449991812688952 1449991812688984 1449991812689279 1449991812689334
1449991812738904 1449991812738946 1449991812739128 1449991812739185
1449991812788961 1449991812788990 1449991812789163 1449991812789215
1449991812838963 1449991812838991 1449991812839224 1449991812839283
1449991812888952 1449991812888979 1449991812889193 1449991812889296
1449991812938962 1449991812938988 1449991812939222 1449991812939275
1449991812988961 1449991812988988 1449991812989204 1449991812989288
1449991813038949 1449991813038975 1449991813039210 1449991813039257
1449991813088961 1449991813089004 1449991813089206 1449991813089307
1449991813138955 1449991813138990 1449991813139165 1449991813139212
1449991813188953 1449991813189006 1449991813189155 1449991813189284
1449991813238966 1449991813239036 1449991813239294 1449991813239354
1449991813288962 1449991813288992 1449991813289231 1449991813289363
1449991813338962 1449991813338992 1449991813339228 1449991813339296
1449991813388961 1449991813388993 1449991813389293 1449991813389368
1449991813438963 1449991813439005 1449991813439232 1449991813439335
1449991813489006 1449991813489100 1449991813489513 1449991813489642
1449991813539013 1449991813539107 1449991813539464 1449991813539567
1449991813589007 1449991813589100 1449991813589503 1449991813589617
1449991813638968 1449991813639004 1449991813639295 1449991813639356
1449991813688965 1449991813689005 1449991813689321 1449991813689392
1449991813738966 1449991813739040 1449991813739311 1449991813739367
1449991813788965 1449991813789054 1449991813789300 1449991813789393
1449991813838967 1449991813839032 1449991813839319 1449991813839380
1449991813889011 1449991813889104 1449991813889491 1449991813889594
1449991813938972 1449991813939056 1449991813939362 1449991813939470
1449991813988966 1449991813989038 1449991813989309 1449991813989390
1449991814038966 1449991814039037 1449991814039297 1449991814039393
1449991814088963 1449991814089029 1449991814089250 1449991814089290
1449991814139010 1449991814139137 1449991814139392 1449991814139464
1449991814188968 1449991814189048 1449991814189296 1449991814189371
1449991814238965 1449991814239038 1449991814239280 1449991814239362
1449991814288962 1449991814288992 1449991814289208 1449991814289256
1449991814338962 1449991814338989 1449991814339178 1449991814339219
1449991814388957 1449991814388987 1449991814389252 1449991814389334
1449991814438967 1449991814439039 1449991814439265 1449991814439309
1449991814488984 1449991814489115 1449991814489382 1449991814489482
1449991814538972 1449991814539036 1449991814539240 1449991814539277
1449991814588950 1449991814588979 1449991814589156 1449991814589199
1449991814638962 1449991814638991 1449991814639214 1449991814639297
1449991814688991 1449991814689068 1449991814689384 1449991814689448
1449991814738956 1449991814739035 1449991814739294 1449991814739400
1449991814788966 1449991814789025 1449991814789155 1449991814789463
1449991814838970 1449991814839074 1449991814839339 1449991814839434
1449991814888959 1449991814888999 1449991814889157 1449991814889202
1449991814938982 1449991814939077 1449991814939385 1449991814939514
1449991814988961 1449991814989022 1449991814989183 1449991814989248
1449991815038953 1449991815039010 1449991815039170 1449991815039211
1449991815088951 1449991815088983 1449991815089115 1449991815089159
1449991815138953 1449991815139012 1449991815139146 1449991815139477
1449991815188952 1449991815189029 1449991815189176 1449991815189322
1449991815238959 1449991815239022 1449991815239285 1449991815239328
1449991815289004 1449991815289097 1449991815289453 1449991815289540
1449991815338971 1449991815339043 1449991815339304 1449991815339369
1449991815388977 1449991815389070 1449991815389422 1449991815389544
1449991815438977 1449991815439061 1449991815439318 1449991815439392
1449991815488973 1449991815489060 1449991815489381 1449991815489493
1449991815538957 1449991815539028 1449991815539202 1449991815539249
1449991815588956 1449991815589016 1449991815589221 1449991815589303
1449991815638953 1449991815639003 1449991815639180 1449991815639221
1449991815688986 1449991815689077 1449991815689324 1449991815689369
1449991815738958 1449991815739000 1449991815739179 1449991815739218
1449991815788962 1449991815789054 1449991815789341 1449991815789901
1449991815839012 1449991815839107 1449991815839450 1449991815839529
1449991815888971 1449991815889077 1449991815889373 1449991815889433
1449991815938957 1449991815939030 1449991815939310 1449991815939357
1449991815988947 1449991815989003 1449991815989154 1449991815989218
1449991816038946 1449991816039001 1449991816039136 1449991816039180
1449991816088951 1449991816088991 1449991816089175 1449991816089217
1449991816138951 1449991816138985 1449991816139176 1449991816139226
1449991816188949 1449991816188989 1449991816189179 1449991816189229
1449991816238951 1449991816239000 1449991816239190 1449991816239232
1449991816288973 1449991816289009 1449991816289192 1449991816289237
1449991816338956 1449991816338996 1449991816339197 1449991816339244
1449991816388951 1449991816388988 1449991816389186 1449991816389241
1449991816438974 1449991816439014 1449991816439194 1449991816439239
1449991816488950 1449991816488985 1449991816489179 1449991816489220
1449991816538946 1449991816538985 1449991816539181 1449991816539226
1449991816588946 1449991816588994 1449991816589173 1449991816589220
1449991816638954 1449991816638993 1449991816639182 1449991816639219
1449991816688955 1449991816688995 1449991816689182 1449991816689248
1449991816738952 1449991816738985 1449991816739171 1449991816739218
1449991816788951 1449991816788987 1449991816789155 1449991816789212
1449991816838948 1449991816838984 1449991816839182 1449991816839228
1449991816888945 1449991816888982 1449991816889138 1449991816889184
1449991816938966 1449991816939038 1449991816939289 1449991816939336
1449991816988956 1449991816989010 1449991816989168 1449991816989220
1449991817038952 1449991817039010 1449991817039188 1449991817039233
1449991817088971 1449991817089006 1449991817089179 1449991817089233
1449991817138947 1449991817138981 1449991817139129 1449991817139181
1449991817188950 1449991817188986 1449991817189162 1449991817189238
1449991817238957 1449991817239016 1449991817239347 1449991817239431
1449991817288951 1449991817289007 1449991817289184 1449991817289256
1449991817338955 1449991817338998 1449991817339213 1449991817339312
1449991817388953 1449991817388986 1449991817389161 1449991817389211
1449991817438951 1449991817438988 1449991817439143 1449991817439185
1449991817488969 1449991817489032 1449991817489279 1449991817489321
1449991817538969 1449991817539010 1449991817539198 1449991817539227
1449991817588963 1449991817589011 1449991817589238 1449991817589313
1449991817638965 1449991817639025 1449991817639226 1449991817639265
1449991817688969 1449991817689041 1449991817689267 1449991817689309
1449991817738969 1449991817739017 1449991817739208 1449991817739245
1449991817788963 1449991817789005 1449991817789190 1449991817789661
1449991817838971 1449991817839034 1449991817839329 1449991817839379
1449991817888985 1449991817889054 1449991817889342 1449991817889395
1449991817938949 1449991817938980 1449991817939132 1449991817939174
1449991817988953 1449991817989009 1449991817989166 1449991817989212
1449991818038946 1449991818038988 1449991818039179 1449991818039219
1449991818088975 1449991818089011 1449991818089175 1449991818089218
1449991818138947 1449991818138982 1449991818139095 1449991818139625
1449991818188952 1449991818189008 1449991818189149 1449991818189202
1449991818238988 1449991818239082 1449991818239427 1449991818239554
1449991818288948 1449991818289000 1449991818289153 1449991818289192
1449991818338975 1449991818339093 1449991818339401 1449991818339499
1449991818388972 1449991818389010 1449991818389195 1449991818389265
1449991818438953 1449991818438981 1449991818439128 1449991818439188
1449991818488961 1449991818489030 1449991818489275 1449991818489345
1449991818538954 1449991818538984 1449991818539136 1449991818539181
1449991818588952 1449991818588981 1449991818589152 1449991818589208
1449991818638956 1449991818638990 1449991818639201 1449991818639260
1449991818688952 1449991818688991 1449991818689116 1449991818689187
1449991818738954 1449991818738985 1449991818739150 1449991818739193
1449991818788968 1449991818789013 1449991818789275 1449991818789400
1449991818838966 1449991818839005 1449991818839282 1449991818839394
1449991818888962 1449991818888995 1449991818889276 1449991818889358
1449991818938962 1449991818938994 1449991818939227 1449991818939253
1449991818988961 1449991818988990 1449991818989237 1449991818989281
1449991819038943 1449991819038979 1449991819039130 1449991819039167
1449991819088942 1449991819088969 1449991819089153 1449991819089181
1449991819138972 1449991819139045 1449991819139263 1449991819139311
1449991819188965 1449991819189002 1449991819189176 1449991819189224
1449991819238947 1449991819238978 1449991819239151 1449991819239192
1449991819288966 1449991819289013 1449991819289236 1449991819289289
1449991819338966 1449991819338996 1449991819339192 1449991819339231
1449991819388957 1449991819389231 1449991819389436 1449991819389524
1449991819438954 1449991819438986 1449991819439167 1449991819439213
1449991819488953 1449991819489023 1449991819489208 1449991819489254
1449991819538966 1449991819539021 1449991819539338 1449991819539430
1449991819588959 1449991819588988 1449991819589161 1449991819589221
1449991819638950 1449991819639009 1449991819639188 1449991819639231
1449991819688950 1449991819689003 1449991819689180 1449991819689221
1449991819738951 1449991819739007 1449991819739180 1449991819739250
1449991819788970 1449991819789019 1449991819789269 1449991819789363
1449991819838957 1449991819839009 1449991819839157 1449991819839197
1449991819888955 1449991819888990 1449991819889158 1449991819889196
1449991819938983 1449991819939033 1449991819939321 1449991819939360
1449991819988969 1449991819989016 1449991819989223 1449991819989274
1449991820038972 1449991820039016 1449991820039306 1449991820039373
1449991820088968 1449991820089001 1449991820089293 1449991820089354
1449991820138976 1449991820139072 1449991820139321 1449991820139410
1449991820188971 1449991820189032 1449991820189291 1449991820189371
1449991820238962 1449991820238991 1449991820239220 1449991820239272
1449991820288950 1449991820288985 1449991820289158 1449991820289191
1449991820338971 1449991820339044 1449991820339346 1449991820339398
1449991820388968 1449991820388997 1449991820389263 1449991820389327
1449991820438953 1449991820438988 1449991820439140 1449991820439184
1449991820488956 1449991820489015 1449991820489188 1449991820489231
1449991820538967 1449991820539026 1449991820539261 1449991820539326
1449991820588959 1449991820589017 1449991820589205 1449991820589265
1449991820638952 1449991820638986 1449991820639162 1449991820639203
1449991820688948 1449991820689018 1449991820689194 1449991820689235
1449991820738951 1449991820738991 1449991820739169 1449991820739213
1449991820788963 1449991820789051 1449991820789263 1449991820789318
1449991820838961 1449991820839019 1449991820839194 1449991820839241
1449991820888954 1449991820888992 1449991820889153 1449991820889197
1449991820938951 1449991820939012 1449991820939187 1449991820939232
1449991820988951 1449991820989014 1449991820989203 1449991820989260
1449991821038952 1449991821039004 1449991821039158 1449991821039204
1449991821088952 1449991821089016 1449991821089196 1449991821089243
1449991821138954 1449991821139014 1449991821139325 1449991821139417
1449991821188955 1449991821189021 1449991821189229 1449991821189302
1449991821238953 1449991821238993 1449991821239174 1449991821239222
1449991821288951 1449991821289011 1449991821289189 1449991821289236
1449991821338945 1449991821338997 1449991821339202 1449991821339256
1449991821388946 1449991821389005 1449991821389151 1449991821389200
1449991821438952 1449991821438987 1449991821439140 1449991821439183
1449991821488950 1449991821489001 1449991821489176 1449991821489215
1449991821538949 1449991821538995 1449991821539153 1449991821539192
1449991821588947 1449991821588993 1449991821589149 1449991821589202
1449991821638941 1449991821638992 1449991821639165 1449991821639210
1449991821688950 1449991821688985 1449991821689151 1449991821689191
1449991821738943 1449991821739014 1449991821739183 1449991821739218
1449991821788950 1449991821789005 1449991821789147 1449991821789196
1449991821838948 1449991821839006 1449991821839192 1449991821839236
1449991821888947 1449991821889001 1449991821889182 1449991821889229
1449991821938945 1449991821938980 1449991821939152 1449991821939194
1449991821988946 1449991821988999 1449991821989178 1449991821989243
1449991822038944 1449991822039008 1449991822039178 1449991822039225
1449991822088942 1449991822089005 1449991822089160 1449991822089209
1449991822138944 1449991822138997 1449991822139114 1449991822139162
1449991822188943 1449991822189006 1449991822189179 1449991822189234
1449991822238973 1449991822239009 1449991822239174 1449991822239217
1449991822288951 1449991822288989 1449991822289164 1449991822289209
1449991822338952 1449991822338988 1449991822339161 1449991822339205
1449991822388952 1449991822388987 1449991822389160 1449991822389213
1449991822438947 1449991822438995 1449991822439123 1449991822439171
1449991822488966 1449991822489019 1449991822489252 1449991822489299
1449991822538979 1449991822539032 1449991822539230 1449991822539317
1449991822588958 1449991822589009 1449991822589212 1449991822589292
1449991822638957 1449991822639020 1449991822639201 1449991822639246
1449991822688956 1449991822689032 1449991822689245 1449991822689293
1449991822738964 1449991822739026 1449991822739196 1449991822739262
1449991822788954 1449991822789020 1449991822789182 1449991822789237
1449991822838957 1449991822839014 1449991822839193 1449991822839240
1449991822888969 1449991822889028 1449991822889215 1449991822889264
1449991822938954 1449991822939011 1449991822939181 1449991822939228
1449991822988954 1449991822989005 1449991822989159 1449991822989210
1449991823038996 1449991823039093 1449991823039455 1449991823039548
1449991823088973 1449991823089049 1449991823089323 1449991823089404
1449991823138970 1449991823139076 1449991823139341 1449991823139424
1449991823188955 1449991823188998 1449991823189158 1449991823189213
1449991823238975 1449991823239027 1449991823239308 1449991823239374
1449991823288955 1449991823288992 1449991823289176 1449991823289217
1449991823338953 1449991823338991 1449991823339194 1449991823339236
1449991823388950 1449991823388986 1449991823389190 1449991823389245
1449991823438950 1449991823438988 1449991823439160 1449991823439206
1449991823488987 1449991823489034 1449991823489227 1449991823489275
1449991823538973 1449991823539012 1449991823539205 1449991823539253
1449991823588959 1449991823589001 1449991823589197 1449991823589258
1449991823638953 1449991823638992 1449991823639145 1449991823639183
1449991823688979 1449991823689048 1449991823689336 1449991823689391
1449991823738958 1449991823739018 1449991823739192 1449991823739235
1449991823788947 1449991823789005 1449991823789152 1449991823789399
1449991823838950 1449991823839029 1449991823839201 1449991823839246
1449991823888954 1449991823889012 1449991823889186 1449991823889227
1449991823938944 1449991823939003 1449991823939172 1449991823939215
1449991823988954 1449991823989015 1449991823989229 1449991823989274
1449991824038952 1449991824039009 1449991824039177 1449991824039221
1449991824088951 1449991824089009 1449991824089167 1449991824089211
1449991824138974 1449991824139066 1449991824139343 1449991824139416
1449991824188956 1449991824189019 1449991824189163 1449991824189205
1449991824238945 1449991824239005 1449991824239170 1449991824239216
1449991824288951 1449991824289011 1449991824289186 1449991824289224
1449991824338954 1449991824339016 1449991824339209 1449991824339256
1449991824388971 1449991824389022 1449991824389264 1449991824389332
1449991824438958 1449991824439018 1449991824439155 1449991824439203
1449991824488998 1449991824489091 1449991824489493 1449991824489601
1449991824538972 1449991824539065 1449991824539347 1449991824539417
1449991824588956 1449991824589015 1449991824589182 1449991824589219
1449991824638953 1449991824638988 1449991824639165 1449991824639209
1449991824688957 1449991824689034 1449991824689292 1449991824689360
1449991824738959 1449991824739000 1449991824739158 1449991824739212
1449991824788947 1449991824788982 1449991824789137 1449991824789188
1449991824838956 1449991824838996 1449991824839139 1449991824839189
1449991824888975 1449991824889026 1449991824889220 1449991824889269
1449991824938955 1449991824938994 1449991824939189 1449991824939232
1449991824989001 1449991824989094 1449991824989506 1449991824989614
1449991825038984 1449991825039053 1449991825039400 1449991825039474
1449991825089008 1449991825089103 1449991825089502 1449991825089627
1449991825138992 1449991825139085 1449991825139427 1449991825139527
1449991825188968 1449991825189062 1449991825189357 1449991825189530
1449991825238972 1449991825239020 1449991825239215 1449991825239269
1449991825288951 1449991825288988 1449991825289173 1449991825289221
1449991825338960 1449991825338997 1449991825339174 1449991825339224
1449991825388946 1449991825388982 1449991825389142 1449991825389187
1449991825438952 1449991825438990 1449991825439174 1449991825439222
1449991825488952 1449991825488992 1449991825489164 1449991825489213
1449991825538991 1449991825539065 1449991825539414 1449991825539521
1449991825588967 1449991825589040 1449991825589307 1449991825589364
1449991825638963 1449991825639010 1449991825639232 1449991825639376
1449991825688982 1449991825689050 1449991825689399 1449991825689534
1449991825738956 1449991825738991 1449991825739133 1449991825739183
1449991825788976 1449991825789034 1449991825789312 1449991825789392
1449991825838952 1449991825838984 1449991825839138 1449991825839186
1449991825888967 1449991825889029 1449991825889308 1449991825889406
1449991825938964 1449991825939021 1449991825939287 1449991825939370
1449991825988953 1449991825988995 1449991825989165 1449991825989217
1449991826038949 1449991826038987 1449991826039153 1449991826039205
1449991826088973 1449991826089041 1449991826089349 1449991826089426
1449991826138999 1449991826139070 1449991826139367 1449991826139449
1449991826188955 1449991826188999 1449991826189183 1449991826189342
1449991826238976 1449991826239075 1449991826239353 1449991826239419
1449991826288963 1449991826289046 1449991826289329 1449991826289417
1449991826338969 1449991826339009 1449991826339188 1449991826339246
1449991826388955 1449991826388999 1449991826389251 1449991826389292
1449991826438964 1449991826439009 1449991826439302 1449991826439377
1449991826489007 1449991826489079 1449991826489469 1449991826489581
1449991826539008 1449991826539078 1449991826539471 1449991826539580
1449991826588974 1449991826589032 1449991826589341 1449991826589424
1449991826638968 1449991826639040 1449991826639327 1449991826639399
1449991826688996 1449991826689065 1449991826689443 1449991826689548
1449991826738970 1449991826739015 1449991826739290 1449991826739333
1449991826788971 1449991826789032 1449991826789267 1449991826789613
1449991826839011 1449991826839083 1449991826839485 1449991826839590
1449991826889021 1449991826889091 1449991826889465 1449991826889575
1449991826938966 1449991826939031 1449991826939418 1449991826939547
1449991826989006 1449991826989117 1449991826989425 1449991826989489
1449991827038980 1449991827039030 1449991827039311 1449991827039385
1449991827089007 1449991827089075 1449991827089464 1449991827089590
1449991827138980 1449991827139044 1449991827139288 1449991827139831
1449991827188979 1449991827189048 1449991827189396 1449991827189490
1449991827238992 1449991827239040 1449991827239368 1449991827239420
1449991827289010 1449991827289087 1449991827289452 1449991827289538
1449991827338957 1449991827339040 1449991827339329 1449991827339384
1449991827388949 1449991827389028 1449991827389330 1449991827389394
1449991827438972 1449991827439001 1449991827439242 1449991827439284
1449991827488963 1449991827489041 1449991827489339 1449991827489410
1449991827538969 1449991827539016 1449991827539284 1449991827539335
1449991827588959 1449991827589043 1449991827589334 1449991827589407
1449991827638974 1449991827639052 1449991827639352 1449991827639418
1449991827689012 1449991827689131 1449991827689527 1449991827689633
1449991827738961 1449991827738998 1449991827739280 1449991827739337
1449991827788963 1449991827789024 1449991827789304 1449991827789365
1449991827839005 1449991827839091 1449991827839495 1449991827839615
1449991827889009 1449991827889102 1449991827889510 1449991827889631
1449991827938953 1449991827939012 1449991827939187 1449991827939229
1449991827988962 1449991827989066 1449991827989387 1449991827989461
1449991828038962 1449991828039082 1449991828039399 1449991828039475
1449991828088977 1449991828089028 1449991828089192 1449991828089249
1449991828138965 1449991828139035 1449991828139241 1449991828139282
1449991828188965 1449991828189027 1449991828189269 1449991828189328
1449991828238974 1449991828239014 1449991828239192 1449991828239233
1449991828288954 1449991828288995 1449991828289171 1449991828289213
1449991828338951 1449991828339001 1449991828339226 1449991828339265
1449991828388950 1449991828388999 1449991828389318 1449991828389365
1449991828438939 1449991828438962 1449991828439081 1449991828439128
1449991828489000 1449991828489080 1449991828489409 1449991828489508
1449991828538957 1449991828538999 1449991828539206 1449991828539245
1449991828588989 1449991828589035 1449991828589327 1449991828589416
1449991828638968 1449991828639013 1449991828639269 1449991828639347
1449991828688992 1449991828689061 1449991828689465 1449991828689576
1449991828738953 1449991828739010 1449991828739284 1449991828739358
1449991828789003 1449991828789072 1449991828789443 1449991828789550
1449991828839014 1449991828839086 1449991828839454 1449991828839557
1449991828889011 1449991828889085 1449991828889460 1449991828889574
1449991828938957 1449991828939003 1449991828939299 1449991828939381
1449991828988945 1449991828988979 1449991828989245 1449991828989309
1449991829038963 1449991829039004 1449991829039292 1449991829039347
1449991829088963 1449991829089017 1449991829089278 1449991829089362
1449991829138949 1449991829138980 1449991829139233 1449991829139304
1449991829189000 1449991829189076 1449991829189360 1449991829189433
1449991829238970 1449991829239006 1449991829239229 1449991829239311
1449991829289008 1449991829289103 1449991829289478 1449991829289602
1449991829338970 1449991829339005 1449991829339284 1449991829339377
1449991829388966 1449991829388997 1449991829389210 1449991829389301
1449991829438969 1449991829439001 1449991829439280 1449991829439363
1449991829488979 1449991829489054 1449991829489442 1449991829489555
1449991829538966 1449991829539000 1449991829539259 1449991829539320
1449991829589004 1449991829589073 1449991829589414 1449991829589509
1449991829638970 1449991829639015 1449991829639271 1449991829639321
1449991829688977 1449991829689044 1449991829689402 1449991829689510
1449991829738971 1449991829739018 1449991829739305 1449991829739365
1449991829788964 1449991829789014 1449991829789213 1449991829789631
1449991829839006 1449991829839075 1449991829839464 1449991829839559
1449991829888971 1449991829889024 1449991829889297 1449991829889470
1449991829938967 1449991829939008 1449991829939256 1449991829939313
1449991829988963 1449991829989004 1449991829989263 1449991829989310
1449991830038961 1449991830039001 1449991830039282 1449991830039351
1449991830089002 1449991830089068 1449991830089421 1449991830089570
1449991830138981 1449991830139055 1449991830139467 1449991830139606
1449991830188970 1449991830189018 1449991830189273 1449991830189419
1449991830238963 1449991830239005 1449991830239192 1449991830239252
1449991830288944 1449991830288972 1449991830289190 1449991830289224
1449991830338942 1449991830338971 1449991830339200 1449991830339249
1449991830388961 1449991830389002 1449991830389278 1449991830389356
1449991830439008 1449991830439076 1449991830439446 1449991830439545
1449991830488981 1449991830489090 1449991830489455 1449991830489565
1449991830538980 1449991830539057 1449991830539352 1449991830539422
1449991830588964 1449991830589028 1449991830589312 1449991830589371
1449991830639005 1449991830639099 1449991830639464 1449991830639569
1449991830689001 1449991830689086 1449991830689390 1449991830689479
1449991830739014 1449991830739115 1449991830739552 1449991830739678
1449991830788973 1449991830789036 1449991830789200 1449991830789257
1449991830839007 1449991830839108 1449991830839415 1449991830839499
1449991830889015 1449991830889107 1449991830889527 1449991830889656
1449991830938952 1449991830938986 1449991830939132 1449991830939198
1449991830988973 1449991830989062 1449991830989397 1449991830989481
1449991831039008 1449991831039101 1449991831039391 1449991831039470
1449991831088962 1449991831089025 1449991831089198 1449991831089269
1449991831138953 1449991831139039 1449991831139263 1449991831139321
1449991831189006 1449991831189106 1449991831189517 1449991831189613
1449991831238959 1449991831239018 1449991831239185 1449991831239236
1449991831288956 1449991831289039 1449991831289344 1449991831289419
1449991831338951 1449991831339016 1449991831339212 1449991831339340
1449991831388954 1449991831389019 1449991831389198 1449991831389250
1449991831438950 1449991831439002 1449991831439134 1449991831439174
1449991831488954 1449991831489015 1449991831489247 1449991831489416
1449991831538974 1449991831539067 1449991831539382 1449991831539457
1449991831588953 1449991831589028 1449991831589314 1449991831589391
1449991831638968 1449991831639053 1449991831639366 1449991831639444
1449991831688963 1449991831689018 1449991831689211 1449991831689266
1449991831739011 1449991831739117 1449991831739347 1449991831739406
1449991831788961 1449991831789022 1449991831789185 1449991831789229
1449991831838971 1449991831839057 1449991831839317 1449991831839373
1449991831888967 1449991831889004 1449991831889251 1449991831889314
1449991831938955 1449991831938987 1449991831939144 1449991831939223
1449991831988969 1449991831989017 1449991831989288 1449991831989359
1449991832038967 1449991832038994 1449991832039254 1449991832039308
1449991832088956 1449991832088991 1449991832089144 1449991832089197
1449991832138969 1449991832139018 1449991832139310 1449991832139589
1449991832188967 1449991832189031 1449991832189318 1449991832189383
1449991832238971 1449991832239028 1449991832239217 1449991832239266
1449991832289000 1449991832289090 1449991832289328 1449991832289403
1449991832338961 1449991832339045 1449991832339344 1449991832339419
1449991832388957 1449991832389040 1449991832389332 1449991832389406
1449991832438948 1449991832438975 1449991832439210 1449991832439270
1449991832488950 1449991832489006 1449991832489148 1449991832489242
1449991832538968 1449991832539014 1449991832539226 1449991832539275
1449991832588951 1449991832588993 1449991832589152 1449991832589180
1449991832638949 1449991832638980 1449991832639130 1449991832639168
1449991832688942 1449991832688990 1449991832689145 1449991832689187
1449991832738945 1449991832739010 1449991832739293 1449991832739346
1449991832788949 1449991832788999 1449991832789130 1449991832789184
1449991832838999 1449991832839084 1449991832839442 1449991832839549
1449991832889003 1449991832889100 1449991832889442 1449991832889570
1449991832938978 1449991832939073 1449991832939306 1449991832939355
1449991832988956 1449991832989004 1449991832989176 1449991832989215
1449991833038968 1449991833039060 1449991833039365 1449991833039430
1449991833088959 1449991833089020 1449991833089192 1449991833089262
1449991833138946 1449991833139007 1449991833139145 1449991833139190
1449991833188964 1449991833189035 1449991833189215 1449991833189263
1449991833238970 1449991833239016 1449991833239199 1449991833239246
1449991833288967 1449991833289044 1449991833289214 1449991833289277
1449991833338980 1449991833339043 1449991833339228 1449991833339271
1449991833389006 1449991833389099 1449991833389488 1449991833389629
1449991833438975 1449991833439024 1449991833439275 1449991833439362
1449991833488972 1449991833489052 1449991833489295 1449991833489351
1449991833538955 1449991833538987 1449991833539162 1449991833539208
1449991833588944 1449991833588973 1449991833589130 1449991833589171
1449991833638968 1449991833639021 1449991833639235 1449991833639266
1449991833688967 1449991833689001 1449991833689174 1449991833689245
1449991833738955 1449991833738994 1449991833739166 1449991833739207
1449991833788971 1449991833789035 1449991833789273 1449991833789349
1449991833839008 1449991833839079 1449991833839471 1449991833839576
1449991833888973 1449991833889034 1449991833889291 1449991833889371
1449991833938967 1449991833939008 1449991833939263 1449991833939327
1449991833988962 1449991833989010 1449991833989289 1449991833989372
1449991834039010 1449991834039085 1449991834039491 1449991834039586
1449991834088971 1449991834089018 1449991834089293 1449991834089407
1449991834138964 1449991834139008 1449991834139224 1449991834139258
1449991834189009 1449991834189079 1449991834189466 1449991834189568
1449991834238974 1449991834239032 1449991834239324 1449991834239392
1449991834288953 1449991834288981 1449991834289132 1449991834289186
1449991834339009 1449991834339091 1449991834339468 1449991834339556
1449991834388971 1449991834389021 1449991834389309 1449991834389387
1449991834438966 1449991834439007 1449991834439259 1449991834439334
1449991834488992 1449991834489061 1449991834489389 1449991834489507
1449991834538958 1449991834539008 1449991834539307 1449991834539397
1449991834588957 1449991834588994 1449991834589270 1449991834589374
1449991834639009 1449991834639081 1449991834639470 1449991834639581
1449991834689014 1449991834689095 1449991834689496 1449991834689624
1449991834738978 1449991834739030 1449991834739314 1449991834739398
1449991834788970 1449991834789011 1449991834789265 1449991834789340
1449991834838974 1449991834839031 1449991834839408 1449991834839524
1449991834888984 1449991834889033 1449991834889360 1449991834889476
1449991834938969 1449991834939013 1449991834939285 1449991834939354
1449991834988963 1449991834989005 1449991834989298 1449991834989358
1449991835038965 1449991835039013 1449991835039284 1449991835039333
1449991835088963 1449991835089005 1449991835089271 1449991835089355
1449991835138976 1449991835139043 1449991835139371 1449991835139496
1449991835189011 1449991835189081 1449991835189460 1449991835189569
1449991835239019 1449991835239087 1449991835239463 1449991835239563
1449991835288970 1449991835289018 1449991835289301 1449991835289382
1449991835338968 1449991835339011 1449991835339296 1449991835339342
1449991835388963 1449991835389014 1449991835389297 1449991835389342
1449991835438965 1449991835439008 1449991835439252 1449991835439298
1449991835488964 1449991835489007 1449991835489262 1449991835489360
1449991835538971 1449991835539029 1449991835539328 1449991835539391
1449991835588971 1449991835589027 1449991835589326 1449991835589360
1449991835638968 1449991835639016 1449991835639306 1449991835639378
1449991835688967 1449991835689014 1449991835689282 1449991835689348
1449991835739043 1449991835739123 1449991835739507 1449991835739608
1449991835788973 1449991835789026 1449991835789284 1449991835789363
1449991835838995 1449991835839065 1449991835839436 1449991835839547
1449991835889008 1449991835889075 1449991835889452 1449991835889571
1449991835938953 1449991835938992 1449991835939280 1449991835939359
1449991835989010 1449991835989080 1449991835989470 1449991835989578
1449991836039015 1449991836039082 1449991836039374 1449991836039474
1449991836088975 1449991836089039 1449991836089347 1449991836089462
1449991836138973 1449991836139034 1449991836139231 1449991836139291
1449991836188953 1449991836188995 1449991836189206 1449991836189259
1449991836238968 1449991836239028 1449991836239310 1449991836239393
1449991836288957 1449991836289021 1449991836289201 1449991836289268
1449991836338972 1449991836339060 1449991836339377 1449991836339453
1449991836388968 1449991836389045 1449991836389321 1449991836389375
1449991836438983 1449991836439074 1449991836439350 1449991836439413
1449991836488961 1449991836489031 1449991836489229 1449991836489303
1449991836538972 1449991836539062 1449991836539368 1449991836539441
1449991836588956 1449991836588983 1449991836589194 1449991836589263
1449991836638964 1449991836639001 1449991836639229 1449991836639290
1449991836688965 1449991836688996 1449991836689230 1449991836689288
1449991836738946 1449991836738974 1449991836739211 1449991836739264
1449991836788943 1449991836788976 1449991836789208 1449991836789258
