1449991473211439 1449991473211510 1449991473211600 1449991473211624
1449991473261453 1449991473261509 1449991473261601 1449991473261640
1449991473311450 1449991473311506 1449991473311595 1449991473311628
1449991473361450 1449991473361498 1449991473361583 1449991473361626
1449991473411451 1449991473411512 1449991473411600 1449991473411640
1449991473461454 1449991473461514 1449991473461624 1449991473461656
1449991473511455 1449991473511514 1449991473511626 1449991473511662
1449991473561455 1449991473561529 1449991473561613 1449991473561653
1449991473611469 1449991473611565 1449991473611740 1449991473611835
1449991473661460 1449991473661527 1449991473661615 1449991473661656
1449991473711451 1449991473711507 1449991473711590 1449991473711633
1449991473761462 1449991473761536 1449991473761623 1449991473761700
1449991473811452 1449991473811510 1449991473811597 1449991473811638
1449991473861450 1449991473861479 1449991473861562 1449991473861590
1449991473911497 1449991473911616 1449991473911734 1449991473911774
1449991473961465 1449991473961530 1449991473961632 1449991473961689
1449991474011450 1449991474011489 1449991474011573 1449991474011606
1449991474061448 1449991474061481 1449991474061567 1449991474061599
1449991474111446 1449991474111484 1449991474111588 1449991474111631
1449991474161446 1449991474161483 1449991474161593 1449991474161619
1449991474211442 1449991474211477 1449991474211572 1449991474211607
1449991474261468 1449991474261556 1449991474261702 1449991474261780
1449991474311459 1449991474311494 1449991474311585 1449991474311621
1449991474361448 1449991474361485 1449991474361583 1449991474361661
1449991474411444 1449991474411483 1449991474411569 1449991474411606
1449991474461449 1449991474461487 1449991474461562 1449991474461626
1449991474511450 1449991474511489 1449991474511568 1449991474511624
1449991474561451 1449991474561487 1449991474561589 1449991474561642
1449991474611451 1449991474611497 1449991474611584 1449991474611625
1449991474661449 1449991474661490 1449991474661593 1449991474661651
1449991474711453 1449991474711514 1449991474711650 1449991474711714
1449991474761469 1449991474761527 1449991474761605 1449991474761642
1449991474811451 1449991474811511 1449991474811588 1449991474811671
1449991474861452 1449991474861510 1449991474861598 1449991474861638
1449991474911451 1449991474911507 1449991474911596 1449991474911632
1449991474961458 1449991474961563 1449991474961648 1449991474961737
1449991475011450 1449991475011509 1449991475011598 1449991475011635
1449991475061452 1449991475061513 1449991475061603 1449991475061644
1449991475111455 1449991475111551 1449991475111663 1449991475111727
1449991475161467 1449991475161546 1449991475161692 1449991475161748
1449991475211481 1449991475211535 1449991475211635 1449991475211673
1449991475261482 1449991475261567 1449991475261727 1449991475261769
1449991475311503 1449991475311621 1449991475311772 1449991475311823
1449991475361506 1449991475361598 1449991475361778 1449991475361825
1449991475411482 1449991475411572 1449991475411784 1449991475411886
1449991475461511 1449991475461602 1449991475461823 1449991475461874
1449991475511504 1449991475511592 1449991475511767 1449991475511828
1449991475561500 1449991475561591 1449991475561766 1449991475561810
1449991475611455 1449991475611533 1449991475611675 1449991475611717
1449991475661452 1449991475661496 1449991475661591 1449991475661637
1449991475711444 1449991475711494 1449991475711588 1449991475711632
1449991475761431 1449991475761535 1449991475761700 1449991475761757
1449991475811467 1449991475811544 1449991475811721 1449991475811779
1449991475861513 1449991475861598 1449991475861772 1449991475861827
1449991475911456 1449991475911539 1449991475911668 1449991475911771
1449991475961450 1449991475961481 1449991475961565 1449991475961620
1449991476011463 1449991476011568 1449991476011720 1449991476011769
1449991476061464 1449991476061540 1449991476061671 1449991476061716
1449991476111444 1449991476111497 1449991476111584 1449991476111634
1449991476161451 1449991476161517 1449991476161623 1449991476161693
1449991476211448 1449991476211510 1449991476211595 1449991476211638
1449991476261443 1449991476261500 1449991476261590 1449991476261643
1449991476311444 1449991476311502 1449991476311595 1449991476311646
1449991476361446 1449991476361532 1449991476361649 1449991476361709
1449991476411441 1449991476411496 1449991476411574 1449991476411623
1449991476461442 1449991476461504 1449991476461581 1449991476461638
1449991476511446 1449991476511497 1449991476511585 1449991476511630
1449991476561467 1449991476561505 1449991476561587 1449991476561631
1449991476611468 1449991476611529 1449991476611690 1449991476611767
1449991476661474 1449991476661534 1449991476661671 1449991476661747
1449991476711465 1449991476711530 1449991476711637 1449991476711697
1449991476761488 1449991476761594 1449991476761746 1449991476761814
1449991476811497 1449991476811583 1449991476811770 1449991476811891
1449991476861470 1449991476861553 1449991476861700 1449991476861759
1449991476911470 1449991476911564 1449991476911702 1449991476911734
1449991476961465 1449991476961499 1449991476961610 1449991476961736
1449991477011461 1449991477011493 1449991477011616 1449991477011664
1449991477061442 1449991477061507 1449991477061620 1449991477061671
1449991477111442 1449991477111497 1449991477111582 1449991477111618
1449991477161474 1449991477161560 1449991477161712 1449991477161780
1449991477211469 1449991477211504 1449991477211610 1449991477211661
1449991477261468 1449991477261506 1449991477261633 1449991477261759
1449991477311464 1449991477311498 1449991477311618 1449991477311675
1449991477361463 1449991477361533 1449991477361684 1449991477361759
1449991477411458 1449991477411551 1449991477411673 1449991477411719
1449991477461450 1449991477461498 1449991477461585 1449991477461622
1449991477511448 1449991477511503 1449991477511588 1449991477511623
1449991477561455 1449991477561542 1449991477561688 1449991477561742
1449991477611467 1449991477611541 1449991477611662 1449991477611720
1449991477661452 1449991477661505 1449991477661582 1449991477661614
1449991477711445 1449991477711500 1449991477711596 1449991477711633
1449991477761449 1449991477761488 1449991477761565 1449991477761602
1449991477811452 1449991477811507 1449991477811601 1449991477811645
1449991477861466 1449991477861523 1449991477861701 1449991477861766
1449991477911451 1449991477911488 1449991477911582 1449991477911616
1449991477961454 1449991477961540 1449991477961703 1449991477961787
1449991478011453 1449991478011489 1449991478011576 1449991478011615
1449991478061448 1449991478061484 1449991478061572 1449991478061621
1449991478111449 1449991478111500 1449991478111595 1449991478111639
1449991478161467 1449991478161503 1449991478161581 1449991478161616
1449991478211466 1449991478211551 1449991478211710 1449991478211782
1449991478261457 1449991478261521 1449991478261611 1449991478261655
1449991478311484 1449991478311552 1449991478311725 1449991478311810
1449991478361488 1449991478361553 1449991478361752 1449991478361843
1449991478411497 1449991478411561 1449991478411756 1449991478411846
1449991478461472 1449991478461550 1449991478461666 1449991478461766
1449991478511494 1449991478511562 1449991478511774 1449991478511870
1449991478561491 1449991478561562 1449991478561733 1449991478561808
1449991478611469 1449991478611544 1449991478611700 1449991478611773
1449991478661448 1449991478661492 1449991478661571 1449991478661609
1449991478711495 1449991478711587 1449991478711756 1449991478711828
1449991478761489 1449991478761584 1449991478761759 1449991478761815
1449991478811470 1449991478811538 1449991478811663 1449991478811729
1449991478861462 1449991478861489 1449991478861595 1449991478861652
1449991478911450 1449991478911515 1449991478911634 1449991478911710
1449991478961448 1449991478961472 1449991478961539 1449991478961576
1449991479011442 1449991479011463 1449991479011524 1449991479011560
1449991479061459 1449991479061495 1449991479061601 1449991479061665
1449991479111448 1449991479111517 1449991479111646 1449991479111709
1449991479161491 1449991479161566 1449991479161705 1449991479161838
1449991479211453 1449991479211490 1449991479211588 1449991479211631
1449991479261463 1449991479261521 1449991479261661 1449991479261747
1449991479311469 1449991479311529 1449991479311670 1449991479311742
1449991479361468 1449991479361522 1449991479361671 1449991479361732
1449991479411464 1449991479411514 1449991479411650 1449991479411713
1449991479461459 1449991479461502 1449991479461606 1449991479461659
1449991479511452 1449991479511499 1449991479511574 1449991479511639
1449991479561443 1449991479561470 1449991479561537 1449991479561576
1449991479611455 1449991479611498 1449991479611616 1449991479611666
1449991479661462 1449991479661512 1449991479661651 1449991479661722
1449991479711449 1449991479711485 1449991479711567 1449991479711607
1449991479761460 1449991479761508 1449991479761633 1449991479761686
1449991479811492 1449991479811589 1449991479811796 1449991479811892
1449991479861452 1449991479861538 1449991479861654 1449991479861708
1449991479911454 1449991479911514 1449991479911618 1449991479911665
1449991479961480 1449991479961573 1449991479961787 1449991479961877
1449991480011454 1449991480011528 1449991480011678 1449991480011747
1449991480061460 1449991480061557 1449991480061684 1449991480061743
1449991480111472 1449991480111554 1449991480111703 1449991480111754
1449991480161475 1449991480161567 1449991480161753 1449991480161838
1449991480211455 1449991480211517 1449991480211663 1449991480211705
1449991480261444 1449991480261473 1449991480261548 1449991480261583
1449991480311468 1449991480311524 1449991480311608 1449991480311643
1449991480361480 1449991480361578 1449991480361769 1449991480361849
1449991480411449 1449991480411503 1449991480411589 1449991480411626
1449991480461447 1449991480461482 1449991480461552 1449991480461615
1449991480511446 1449991480511476 1449991480511540 1449991480511596
1449991480561460 1449991480561532 1449991480561685 1449991480561756
1449991480611452 1449991480611485 1449991480611552 1449991480611598
1449991480661457 1449991480661497 1449991480661574 1449991480661640
1449991480711443 1449991480711477 1449991480711538 1449991480711794
1449991480761453 1449991480761505 1449991480761652 1449991480761721
1449991480811443 1449991480811468 1449991480811527 1449991480811567
1449991480861458 1449991480861508 1449991480861624 1449991480861682
1449991480911452 1449991480911521 1449991480911648 1449991480911704
1449991480961452 1449991480961489 1449991480961561 1449991480961609
1449991481011448 1449991481011483 1449991481011549 1449991481011594
1449991481061447 1449991481061483 1449991481061549 1449991481061595
1449991481111449 1449991481111487 1449991481111558 1449991481111609
1449991481161448 1449991481161485 1449991481161553 1449991481161596
1449991481211447 1449991481211480 1449991481211543 1449991481211606
1449991481261442 1449991481261488 1449991481261563 1449991481261609
1449991481311441 1449991481311477 1449991481311553 1449991481311611
1449991481361499 1449991481361566 1449991481361728 1449991481361828
1449991481411469 1449991481411519 1449991481411650 1449991481411725
1449991481461453 1449991481461490 1449991481461558 1449991481461603
1449991481511455 1449991481511516 1449991481511671 1449991481511729
1449991481561488 1449991481561557 1449991481561743 1449991481561842
1449991481611450 1449991481611499 1449991481611575 1449991481611634
1449991481661462 1449991481661509 1449991481661630 1449991481661700
1449991481711445 1449991481711481 1449991481711563 1449991481711608
1449991481761448 1449991481761486 1449991481761572 1449991481761619
1449991481811454 1449991481811534 1449991481811738 1449991481811817
1449991481861456 1449991481861516 1449991481861597 1449991481861635
1449991481911443 1449991481911501 1449991481911587 1449991481911623
1449991481961449 1449991481961518 1449991481961604 1449991481961639
1449991482011441 1449991482011502 1449991482011594 1449991482011637
1449991482061451 1449991482061505 1449991482061586 1449991482061629
1449991482111442 1449991482111498 1449991482111601 1449991482111645
1449991482161449 1449991482161503 1449991482161598 1449991482161640
1449991482211461 1449991482211500 1449991482211581 1449991482211651
1449991482261451 1449991482261487 1449991482261572 1449991482261620
1449991482311449 1449991482311496 1449991482311575 1449991482311617
1449991482361450 1449991482361485 1449991482361574 1449991482361620
1449991482411449 1449991482411485 1449991482411573 1449991482411607
1449991482461449 1449991482461486 1449991482461566 1449991482461603
1449991482511450 1449991482511486 1449991482511576 1449991482511610
1449991482561465 1449991482561523 1449991482561689 1449991482561751
1449991482611456 1449991482611492 1449991482611569 1449991482611603
1449991482661448 1449991482661504 1449991482661593 1449991482661632
1449991482711449 1449991482711486 1449991482711575 1449991482711612
1449991482761448 1449991482761485 1449991482761573 1449991482761609
1449991482811442 1449991482811477 1449991482811565 1449991482811602
1449991482861448 1449991482861488 1449991482861582 1449991482861618
1449991482911469 1449991482911508 1449991482911585 1449991482911616
1449991482961450 1449991482961491 1449991482961587 1449991482961625
1449991483011450 1449991483011495 1449991483011577 1449991483011610
1449991483061463 1449991483061556 1449991483061770 1449991483061869
1449991483111464 1449991483111522 1449991483111659 1449991483111718
1449991483161505 1449991483161603 1449991483161718 1449991483161767
1449991483211515 1449991483211611 1449991483211774 1449991483211821
1449991483261461 1449991483261494 1449991483261567 1449991483261601
1449991483311471 1449991483311558 1449991483311704 1449991483311753
1449991483361515 1449991483361634 1449991483361824 1449991483361911
1449991483411458 1449991483411524 1449991483411611 1449991483411647
1449991483461464 1449991483461509 1449991483461640 1449991483461679
1449991483511492 1449991483511584 1449991483511750 1449991483511832
1449991483561449 1449991483561504 1449991483561589 1449991483561620
1449991483611466 1449991483611510 1449991483611682 1449991483611754
1449991483661468 1449991483661497 1449991483661617 1449991483661669
1449991483711451 1449991483711519 1449991483711606 1449991483711640
1449991483761502 1449991483761593 1449991483761788 1449991483761866
1449991483811471 1449991483811511 1449991483811630 1449991483811687
1449991483861472 1449991483861557 1449991483861709 1449991483861741
1449991483911465 1449991483911530 1449991483911665 1449991483911686
1449991483961462 1449991483961503 1449991483961632 1449991483961693
1449991484011470 1449991484011516 1449991484011644 1449991484011713
1449991484061470 1449991484061546 1449991484061702 1449991484061749
1449991484111445 1449991484111482 1449991484111555 1449991484111597
1449991484161451 1449991484161490 1449991484161585 1449991484161624
1449991484211472 1449991484211541 1449991484211656 1449991484211710
1449991484261480 1449991484261548 1449991484261665 1449991484261704
1449991484311478 1449991484311540 1449991484350360 1449991484311663
1449991484361472 1449991484361529 1449991484398395 1449991484361670
1449991484411480 1449991484411572 1449991484450352 1449991484411782
1449991484461464 1449991484461503 1449991484498397 1449991484461645
1449991484511503 1449991484511600 1449991484550400 1449991484511818
1449991484561508 1449991484561600 1449991484598331 1449991484561851
1449991484611459 1449991484611496 1449991484650326 1449991484611595
1449991484661449 1449991484661514 1449991484698354 1449991484661619
1449991484711450 1449991484711528 1449991484750320 1449991484711702
1449991484761452 1449991484761557 1449991484798394 1449991484761693
1449991484811505 1449991484811575 1449991484850386 1449991484811766
1449991484861512 1449991484861577 1449991484898340 1449991484861799
1449991484911498 1449991484911606 1449991484950370 1449991484911823
1449991484961502 1449991484961611 1449991484998347 1449991484961850
1449991485011467 1449991485011517 1449991485050359 1449991485011672
1449991485061509 1449991485061600 1449991485098369 1449991485061844
1449991485111512 1449991485111631 1449991485150386 1449991485111852
1449991485161510 1449991485161601 1449991485198399 1449991485161849
1449991485211508 1449991485211575 1449991485250342 1449991485211800
1449991485261457 1449991485261530 1449991485298313 1449991485261628
1449991485311487 1449991485311578 1449991485350362 1449991485311820
1449991485361455 1449991485361511 1449991485398378 1449991485361603
1449991485411473 1449991485411561 1449991485450398 1449991485411804
1449991485461501 1449991485461609 1449991485498325 1449991485461833
1449991485511477 1449991485511561 1449991485550389 1449991485511730
1449991485561510 1449991485561597 1449991485598382 1449991485561820
1449991485611512 1449991485611603 1449991485650396 1449991485611835
1449991485661509 1449991485661600 1449991485698396 1449991485661813
1449991485711496 1449991485711594 1449991485750329 1449991485711814
1449991485761465 1449991485761511 1449991485798323 1449991485761648
1449991485811472 1449991485811554 1449991485850393 1449991485811762
1449991485861473 1449991485861574 1449991485898394 1449991485861747
1449991485911513 1449991485911611 1449991485950395 1449991485911869
1449991485961495 1449991485961588 1449991485998394 1449991485961799
1449991486011512 1449991486011580 1449991486050399 1449991486011779
1449991486061479 1449991486061574 1449991486098373 1449991486061777
1449991486111512 1449991486111603 1449991486150389 1449991486111819
1449991486161478 1449991486161589 1449991486198376 1449991486161836
1449991486211508 1449991486211608 1449991486250331 1449991486211841
1449991486261455 1449991486261512 1449991486298398 1449991486261616
1449991486311467 1449991486311552 1449991486350411 1449991486311743
1449991486361488 1449991486361553 1449991486398325 1449991486361794
1449991486411499 1449991486411567 1449991486450386 1449991486411795
1449991486461478 1449991486461543 1449991486498401 1449991486461793
1449991486511487 1449991486511571 1449991486550330 1449991486511761
1449991486561455 1449991486561490 1449991486598309 1449991486561582
1449991486611447 1449991486611482 1449991486650314 1449991486611573
1449991486661443 1449991486661473 1449991486698335 1449991486661561
1449991486711447 1449991486711485 1449991486750315 1449991486711590
1449991486761447 1449991486761477 1449991486798322 1449991486761558
1449991486811448 1449991486811511 1449991486850328 1449991486811612
1449991486861451 1449991486861516 1449991486898318 1449991486861621
1449991486911441 1449991486911569 1449991486950321 1449991486911662
1449991486961448 1449991486961481 1449991486998350 1449991486961574
1449991487011503 1449991487011601 1449991487050401 1449991487011833
1449991487061467 1449991487061553 1449991487098362 1449991487061736
1449991487111475 1449991487111569 1449991487150343 1449991487111778
1449991487161472 1449991487161554 1449991487198348 1449991487161727
1449991487211466 1449991487211554 1449991487250333 1449991487211687
1449991487261443 1449991487261499 1449991487298317 1449991487261577
1449991487311453 1449991487311517 1449991487350398 1449991487311631
1449991487361507 1449991487361601 1449991487398342 1449991487361833
1449991487411454 1449991487411526 1449991487450370 1449991487411688
1449991487461506 1449991487461600 1449991487498398 1449991487461825
1449991487511481 1449991487511569 1449991487550340 1449991487511760
1449991487561447 1449991487561563 1449991487598340 1449991487561740
1449991487611456 1449991487611528 1449991487650317 1449991487611691
1449991487661447 1449991487661513 1449991487698341 1449991487661630
1449991487711447 1449991487711514 1449991487750319 1449991487711671
1449991487761450 1449991487761555 1449991487798319 1449991487761677
1449991487811457 1449991487811512 1449991487850321 1449991487811598
1449991487861470 1449991487861554 1449991487898349 1449991487861736
1449991487911457 1449991487911552 1449991487950321 1449991487911727
1449991487961446 1449991487961504 1449991487998366 1449991487961613
1449991488011471 1449991488011554 1449991488050343 1449991488011728
1449991488061442 1449991488061482 1449991488098339 1449991488061606
1449991488111442 1449991488111516 1449991488150318 1449991488111678
1449991488161448 1449991488161507 1449991488198367 1449991488161657
1449991488211469 1449991488211553 1449991488250338 1449991488211726
1449991488261472 1449991488261573 1449991488298337 1449991488261737
1449991488311443 1449991488311509 1449991488350337 1449991488311692
1449991488361444 1449991488361510 1449991488398338 1449991488361671
1449991488411441 1449991488411505 1449991488450334 1449991488411665
1449991488461442 1449991488461506 1449991488498342 1449991488461664
1449991488511463 1449991488511532 1449991488550339 1449991488511690
1449991488561444 1449991488561507 1449991488598334 1449991488561644
1449991488611441 1449991488611522 1449991488650401 1449991488611683
1449991488661467 1449991488661554 1449991488698327 1449991488661741
1449991488711460 1449991488711518 1449991488750360 1449991488711605
1449991488761451 1449991488761508 1449991488798323 1449991488761600
1449991488811455 1449991488811519 1449991488850325 1449991488811628
1449991488861451 1449991488861506 1449991488898321 1449991488861595
1449991488911451 1449991488911509 1449991488950320 1449991488911620
1449991488961454 1449991488961530 1449991488998325 1449991488961635
1449991489011454 1449991489011509 1449991489050320 1449991489011607
1449991489061448 1449991489061509 1449991489098356 1449991489061595
1449991489111467 1449991489111549 1449991489150385 1449991489111689
1449991489161493 1449991489161582 1449991489198381 1449991489161784
1449991489211490 1449991489211569 1449991489250401 1449991489211786
1449991489261485 1449991489261575 1449991489298358 1449991489261802
1449991489311463 1449991489311587 1449991489350378 1449991489311849
1449991489361502 1449991489361592 1449991489398405 1449991489361799
1449991489411509 1449991489411614 1449991489450402 1449991489411854
1449991489461512 1449991489461605 1449991489498373 1449991489461814
1449991489511508 1449991489511597 1449991489550324 1449991489511830
1449991489561456 1449991489561506 1449991489598324 1449991489561595
1449991489611448 1449991489611498 1449991489650319 1449991489611593
1449991489661448 1449991489661509 1449991489698356 1449991489661593
1449991489711445 1449991489711496 1449991489750393 1449991489711588
1449991489761456 1449991489761540 1449991489798353 1449991489761757
1449991489811493 1449991489811584 1449991489850388 1449991489811743
1449991489861495 1449991489861594 1449991489898389 1449991489861806
1449991489911490 1449991489911590 1449991489950366 1449991489911809
1449991489961481 1449991489961577 1449991489998380 1449991489961810
1449991490011497 1449991490011915 1449991490050418 1449991490012141
1449991490061467 1449991490061554 1449991490098399 1449991490061753
1449991490111495 1449991490111586 1449991490150385 1449991490111826
1449991490161488 1449991490161579 1449991490198397 1449991490161812
1449991490211508 1449991490211600 1449991490250369 1449991490211837
1449991490261494 1449991490261583 1449991490298397 1449991490261787
1449991490311508 1449991490311578 1449991490350398 1449991490311795
1449991490361462 1449991490361560 1449991490398390 1449991490361701
1449991490411508 1449991490411600 1449991490450406 1449991490411842
1449991490461480 1449991490461566 1449991490498396 1449991490461791
1449991490511513 1449991490511611 1449991490550395 1449991490511832
1449991490561479 1449991490561570 1449991490598395 1449991490561811
1449991490611515 1449991490611639 1449991490650365 1449991490611861
1449991490661461 1449991490661526 1449991490698398 1449991490661704
1449991490711493 1449991490711587 1449991490750381 1449991490711779
1449991490761512 1449991490761611 1449991490798380 1449991490761835
1449991490811515 1449991490811606 1449991490850353 1449991490811824
1449991490861509 1449991490861603 1449991490898376 1449991490861805
1449991490911516 1449991490911606 1449991490950383 1449991490911822
1449991490961483 1449991490961594 1449991490998386 1449991490961805
1449991491011512 1449991491011611 1449991491050394 1449991491011826
1449991491061514 1449991491061613 1449991491098375 1449991491061853
1449991491111515 1449991491111605 1449991491150374 1449991491111822
1449991491161513 1449991491161603 1449991491198379 1449991491161809
1449991491211510 1449991491211601 1449991491250372 1449991491211828
1449991491261512 1449991491261609 1449991491298380 1449991491261827
1449991491311495 1449991491311622 1449991491350388 1449991491311858
1449991491361482 1449991491361575 1449991491398325 1449991491361789
1449991491411462 1449991491411574 1449991491450320 1449991491411742
1449991491461458 1449991491461557 1449991491498322 1449991491461696
1449991491511497 1449991491511560 1449991491550319 1449991491511678
1449991491561455 1449991491561515 1449991491598315 1449991491561622
1449991491611453 1449991491611512 1449991491650368 1449991491611613
1449991491661470 1449991491661598 1449991491698393 1449991491661794
1449991491711464 1449991491711553 1449991491750360 1449991491711765
1449991491761482 1449991491761572 1449991491798397 1449991491761762
1449991491811481 1449991491811580 1449991491850378 1449991491811805
1449991491861494 1449991491861589 1449991491898404 1449991491861839
1449991491911508 1449991491911598 1449991491950362 1449991491911846
1449991491961500 1449991491961583 1449991491998319 1449991491961775
1449991492011475 1449991492011584 1449991492050314 1449991492011754
1449991492061455 1449991492061485 1449991492098337 1449991492061596
1449991492111454 1449991492111483 1449991492150320 1449991492111645
1449991492161448 1449991492161487 1449991492198389 1449991492161588
1449991492211474 1449991492211540 1449991492250386 1449991492211741
1449991492261477 1449991492261545 1449991492298317 1449991492261750
1449991492311455 1449991492311518 1449991492350370 1449991492311630
1449991492361489 1449991492361607 1449991492398380 1449991492361823
1449991492411508 1449991492411608 1449991492450399 1449991492411840
1449991492461490 1449991492461560 1449991492498405 1449991492461772
1449991492511494 1449991492511584 1449991492550400 1449991492511816
1449991492561491 1449991492561581 1449991492598394 1449991492561796
1449991492611471 1449991492611561 1449991492650383 1449991492611768
1449991492661493 1449991492661559 1449991492698344 1449991492661806
1449991492711503 1449991492711612 1449991492750413 1449991492711832
1449991492761496 1449991492761596 1449991492798338 1449991492761808
1449991492811468 1449991492811538 1449991492850395 1449991492811678
1449991492861490 1449991492861555 1449991492898342 1449991492861788
1449991492911513 1449991492911612 1449991492950397 1449991492911837
1449991492961484 1449991492961573 1449991492998392 1449991492961806
1449991493011512 1449991493011604 1449991493050413 1449991493011807
1449991493061515 1449991493061608 1449991493098391 1449991493061840
1449991493111517 1449991493111582 1449991493150382 1449991493111805
1449991493161512 1449991493161602 1449991493198378 1449991493161810
1449991493211472 1449991493211558 1449991493250391 1449991493211746
1449991493261512 1449991493261603 1449991493298399 1449991493261739
1449991493311513 1449991493311605 1449991493350374 1449991493311822
1449991493361508 1449991493361599 1449991493398401 1449991493361806
1449991493411514 1449991493411624 1449991493450398 1449991493411835
1449991493461484 1449991493461574 1449991493498364 1449991493461760
1449991493511514 1449991493511614 1449991493550403 1449991493511834
1449991493561515 1449991493561613 1449991493598399 1449991493561845
1449991493611465 1449991493611553 1449991493650341 1449991493611746
1449991493661515 1449991493661605 1449991493698379 1449991493661815
1449991493711514 1449991493711601 1449991493750394 1449991493711826
1449991493761485 1449991493761588 1449991493798370 1449991493761778
1449991493811468 1449991493811539 1449991493850402 1449991493811680
1449991493861512 1449991493861603 1449991493898411 1449991493861857
1449991493911514 1449991493911586 1449991493950397 1449991493911806
1449991493961484 1449991493961576 1449991493998406 1449991493961804
1449991494011515 1449991494011615 1449991494050379 1449991494011851
1449991494061510 1449991494061601 1449991494098391 1449991494061814
1449991494111513 1449991494111642 1449991494150364 1449991494111859
1449991494161514 1449991494161614 1449991494198399 1449991494161843
1449991494211512 1449991494211603 1449991494250399 1449991494211825
1449991494261515 1449991494261614 1449991494298373 1449991494261832
1449991494311512 1449991494311603 1449991494350404 1449991494311859
1449991494361509 1449991494361606 1449991494398405 1449991494361829
1449991494411515 1449991494411607 1449991494450373 1449991494411829
1449991494461514 1449991494461629 1449991494498402 1449991494461846
1449991494511505 1449991494511598 1449991494550402 1449991494511818
1449991494561479 1449991494561571 1449991494598405 1449991494561787
1449991494611509 1449991494611601 1449991494650406 1449991494611828
1449991494661514 1449991494661613 1449991494698405 1449991494661839
1449991494711515 1449991494711606 1449991494750405 1449991494711846
1449991494761514 1449991494761615 1449991494798365 1449991494761840
1449991494811477 1449991494811550 1449991494850402 1449991494811736
1449991494861511 1449991494861601 1449991494898403 1449991494861820
1449991494911517 1449991494911617 1449991494950391 1449991494911825
1449991494961511 1449991494961604 1449991494998375 1449991494961822
1449991495011516 1449991495011614 1449991495050392 1449991495011830
1449991495061519 1449991495061614 1449991495098407 1449991495061833
1449991495111516 1449991495111612 1449991495150360 1449991495111836
1449991495161515 1449991495161634 1449991495198356 1449991495161840
1449991495211517 1449991495211614 1449991495250398 1449991495211836
1449991495261516 1449991495261612 1449991495298365 1449991495261830
1449991495311454 1449991495311506 1449991495350383 1449991495311572
1449991495361505 1449991495361625 1449991495398406 1449991495361838
1449991495411514 1449991495411634 1449991495450404 1449991495411846
1449991495461502 1449991495461619 1449991495498405 1449991495461833
1449991495511480 1449991495511633 1449991495550373 1449991495511848
1449991495561515 1449991495561627 1449991495598407 1449991495561863
1449991495611514 1449991495611610 1449991495650318 1449991495611828
1449991495661460 1449991495661491 1449991495698394 1449991495661576
1449991495711510 1449991495711604 1449991495750320 1449991495711820
1449991495761453 1449991495761518 1449991495798323 1449991495761641
1449991495811468 1449991495811625 1449991495850341 1449991495811797
1449991495861457 1449991495861553 1449991495898331 1449991495861706
1449991495911448 1449991495911514 1449991495950400 1449991495911659
1449991495961473 1449991495961567 1449991495998339 1449991495961785
1449991496011455 1449991496011526 1449991496050331 1449991496011670
1449991496061442 1449991496061505 1449991496098335 1449991496061650
1449991496111444 1449991496111511 1449991496150395 1449991496111641
1449991496161507 1449991496161602 1449991496198353 1449991496161845
1449991496211489 1449991496211607 1449991496250330 1449991496211819
1449991496261454 1449991496261523 1449991496298334 1449991496261666
1449991496311445 1449991496311509 1449991496350406 1449991496311653
1449991496361502 1449991496361596 1449991496398346 1449991496361825
1449991496411454 1449991496411522 1449991496450333 1449991496411660
1449991496461443 1449991496461508 1449991496498405 1449991496461643
1449991496511510 1449991496511604 1449991496550408 1449991496511827
1449991496561513 1449991496561625 1449991496598412 1449991496561842
1449991496611516 1449991496611610 1449991496650342 1449991496611834
1449991496661453 1449991496661521 1449991496698337 1449991496661672
1449991496711441 1449991496711508 1449991496750377 1449991496711660
1449991496761488 1449991496761582 1449991496798352 1449991496761809
1449991496811485 1449991496811579 1449991496850377 1449991496811795
1449991496861470 1449991496861566 1449991496898357 1449991496861801
1449991496911477 1449991496911572 1449991496950342 1449991496911726
1449991496961469 1449991496961547 1449991496998313 1449991496961705
1449991497011464 1449991497011555 1449991497050388 1449991497011743
1449991497061498 1449991497061594 1449991497098405 1449991497061815
1449991497111479 1449991497111566 1449991497150360 1449991497111737
1449991497161513 1449991497161617 1449991497198343 1449991497161834
1449991497211456 1449991497211531 1449991497250401 1449991497211672
1449991497261506 1449991497261609 1449991497298377 1449991497261850
1449991497311500 1449991497311596 1449991497350353 1449991497311820
1449991497361502 1449991497361562 1449991497398337 1449991497361724
1449991497411466 1449991497411542 1449991497450325 1449991497411705
1449991497461446 1449991497461476 1449991497498335 1449991497461562
1449991497511474 1449991497511539 1449991497550381 1449991497511753
1449991497561471 1449991497561536 1449991497598323 1449991497561751
1449991497611449 1449991497611505 1449991497650318 1449991497611588
1449991497661439 1449991497661496 1449991497698355 1449991497661601
1449991497711499 1449991497711590 1449991497750396 1449991497711804
1449991497761483 1449991497761575 1449991497798319 1449991497761802
1449991497811472 1449991497811555 1449991497850346 1449991497811731
1449991497861469 1449991497861539 1449991497898344 1449991497861721
1449991497911443 1449991497911497 1449991497950323 1449991497911605
1449991497961440 1449991497961500 1449991497998315 1449991497961601
1449991498011443 1449991498011468 1449991498050322 1449991498011570
1449991498061438 1449991498061486 1449991498098321 1449991498061588
1449991498111559 1449991498111681 1449991498150324 1449991498111877
1449991498161443 1449991498161506 1449991498198320 1449991498161584
1449991498211484 1449991498211527 1449991498250331 1449991498211660
1449991498261451 1449991498261488 1449991498298359 1449991498261596
1449991498311467 1449991498311532 1449991498350316 1449991498311706
1449991498361449 1449991498361480 1449991498398323 1449991498361553
1449991498411447 1449991498411483 1449991498450330 1449991498411580
1449991498461445 1449991498461477 1449991498498356 1449991498461560
1449991498511442 1449991498511472 1449991498550346 1449991498511559
1449991498561463 1449991498561510 1449991498598342 1449991498561663
1449991498611465 1449991498611509 1449991498650405 1449991498611652
1449991498661472 1449991498661538 1449991498698349 1449991498661755
1449991498711469 1449991498711519 1449991498750332 1449991498711708
1449991498761485 1449991498761554 1449991498798396 1449991498761798
1449991498811452 1449991498811484 1449991498850394 1449991498811614
1449991498861478 1449991498861556 1449991498898396 1449991498861831
1449991498911474 1449991498911536 1449991498950320 1449991498911730
1449991498961451 1449991498961489 1449991498998324 1449991498961567
1449991499011457 1449991499011498 1449991499050357 1449991499011605
1449991499061453 1449991499061493 1449991499098320 1449991499061621
1449991499111450 1449991499111485 1449991499150324 1449991499111612
1449991499161448 1449991499161484 1449991499198332 1449991499161614
1449991499211467 1449991499211525 1449991499250339 1449991499211664
1449991499261469 1449991499261536 1449991499298328 1449991499261715
1449991499311463 1449991499311510 1449991499350372 1449991499311712
1449991499361500 1449991499361606 1449991499398363 1449991499361831
1449991499411474 1449991499411556 1449991499450357 1449991499411729
1449991499461464 1449991499461541 1449991499498339 1449991499461694
1449991499511456 1449991499511499 1449991499550345 1449991499511655
1449991499561466 1449991499561544 1449991499598345 1449991499561704
1449991499611465 1449991499611543 1449991499650321 1449991499611706
1449991499661447 1449991499661507 1449991499698360 1449991499661591
1449991499711449 1449991499711511 1449991499750313 1449991499711596
1449991499761458 1449991499761516 1449991499798341 1449991499761630
1449991499811451 1449991499811515 1449991499850328 1449991499811630
1449991499861445 1449991499861505 1449991499898348 1449991499861591
1449991499911462 1449991499911513 1449991499950368 1449991499911596
1449991499961442 1449991499961507 1449991499998344 1449991499961612
1449991500011465 1449991500011541 1449991500050310 1449991500011695
1449991500061452 1449991500061510 1449991500098353 1449991500061624
1449991500111471 1449991500111554 1449991500150360 1449991500111716
1449991500161473 1449991500161557 1449991500198348 1449991500161726
1449991500211455 1449991500211534 1449991500250347 1449991500211702
1449991500261469 1449991500261547 1449991500298338 1449991500261710
1449991500311462 1449991500311528 1449991500350336 1449991500311663
1449991500361449 1449991500361519 1449991500398330 1449991500361668
1449991500411464 1449991500411512 1449991500450325 1449991500411649
1449991500461461 1449991500461528 1449991500498369 1449991500461673
1449991500511489 1449991500511580 1449991500550333 1449991500511791
1449991500561470 1449991500561547 1449991500598344 1449991500561709
1449991500611466 1449991500611533 1449991500650349 1449991500611692
1449991500661464 1449991500661543 1449991500698334 1449991500661686
1449991500711464 1449991500711532 1449991500750357 1449991500711689
1449991500761500 1449991500761605 1449991500798352 1449991500761814
1449991500811458 1449991500811539 1449991500850394 1449991500811731
1449991500861461 1449991500861561 1449991500898363 1449991500861780
1449991500911475 1449991500911528 1449991500950307 1449991500911679
1449991500961460 1449991500961507 1449991500998328 1449991500961675
1449991501011466 1449991501011512 1449991501050333 1449991501011675
1449991501061467 1449991501061511 1449991501098339 1449991501061660
1449991501111468 1449991501111558 1449991501150354 1449991501111722
1449991501161474 1449991501161553 1449991501198344 1449991501161729
1449991501211465 1449991501211502 1449991501250329 1449991501211623
1449991501261465 1449991501261505 1449991501298320 1449991501261648
1449991501311465 1449991501311506 1449991501350329 1449991501311640
1449991501361463 1449991501361513 1449991501398328 1449991501361655
1449991501411467 1449991501411522 1449991501450330 1449991501411667
1449991501461466 1449991501461522 1449991501498326 1449991501461703
1449991501511531 1449991501511572 1449991501550323 1449991501511745
1449991501561447 1449991501561485 1449991501598344 1449991501561587
1449991501611458 1449991501611494 1449991501650330 1449991501611613
1449991501661444 1449991501661505 1449991501698330 1449991501661590
1449991501711458 1449991501711515 1449991501750324 1449991501711628
1449991501761444 1449991501761505 1449991501798313 1449991501761586
1449991501811464 1449991501811540 1449991501850373 1449991501811685
1449991501861480 1449991501861577 1449991501898351 1449991501861794
1449991501911454 1449991501911504 1449991501950343 1449991501911593
1449991501961462 1449991501961533 1449991501998390 1449991501961697
1449991502011472 1449991502011557 1449991502050338 1449991502011740
1449991502061468 1449991502061514 1449991502098360 1449991502061682
1449991502111453 1449991502111512 1449991502150402 1449991502111622
1449991502161494 1449991502161610 1449991502198408 1449991502161814
1449991502211473 1449991502211571 1449991502250347 1449991502211780
1449991502261460 1449991502261546 1449991502298340 1449991502261677
1449991502311445 1449991502311532 1449991502350401 1449991502311684
1449991502361486 1449991502361573 1449991502398367 1449991502361792
1449991502411458 1449991502411538 1449991502450377 1449991502411657
1449991502461465 1449991502461525 1449991502498357 1449991502461635
1449991502511459 1449991502511569 1449991502550353 1449991502511727
1449991502561468 1449991502561533 1449991502598359 1449991502561661
1449991502611453 1449991502611515 1449991502650356 1449991502611627
1449991502661440 1449991502661607 1449991502698351 1449991502661781
1449991502711469 1449991502711551 1449991502750359 1449991502711717
1449991502761469 1449991502761547 1449991502798356 1449991502761699
1449991502811461 1449991502811531 1449991502850351 1449991502811678
1449991502861472 1449991502861565 1449991502898349 1449991502861750
1449991502911511 1449991502911566 1449991502950358 1449991502911735
1449991502961461 1449991502961506 1449991502998348 1449991502961644
1449991503011474 1449991503011514 1449991503050358 1449991503011628
1449991503061470 1449991503061532 1449991503098315 1449991503061717
1449991503111464 1449991503111511 1449991503150358 1449991503111681
