1449991594543081 1449991594543168 1449991594543388 1449991594543413
1449991594593133 1449991594593225 1449991594593490 1449991594593580
1449991594643092 1449991594643168 1449991594643382 1449991594643434
1449991594693082 1449991594693155 1449991594693357 1449991594693419
1449991594743092 1449991594743178 1449991594743382 1449991594743450
1449991594793089 1449991594793126 1449991594793295 1449991594793351
1449991594843111 1449991594843238 1449991594843519 1449991594843609
1449991594893093 1449991594893140 1449991594893347 1449991594893407
1449991594943090 1449991594943163 1449991594943339 1449991594943405
1449991594993123 1449991594993219 1449991594993489 1449991594993581
1449991595043096 1449991595043138 1449991595043330 1449991595043395
1449991595093098 1449991595093181 1449991595093333 1449991595093363
1449991595143093 1449991595143164 1449991595143323 1449991595143347
1449991595193087 1449991595193173 1449991595193321 1449991595193354
1449991595243085 1449991595243120 1449991595243325 1449991595243392
1449991595293088 1449991595293160 1449991595293311 1449991595293386
1449991595343090 1449991595343137 1449991595343315 1449991595343374
1449991595393094 1449991595393177 1449991595393386 1449991595393463
1449991595443073 1449991595443129 1449991595443233 1449991595443284
1449991595493125 1449991595493222 1449991595493506 1449991595493535
1449991595543095 1449991595543163 1449991595543329 1449991595543388
1449991595593086 1449991595593152 1449991595593340 1449991595593391
1449991595643082 1449991595643110 1449991595643270 1449991595643411
1449991595693083 1449991595693147 1449991595693310 1449991595693376
1449991595743082 1449991595743145 1449991595743324 1449991595743374
1449991595793069 1449991595793099 1449991595793209 1449991595793257
1449991595843095 1449991595843187 1449991595843406 1449991595843487
1449991595893070 1449991595893096 1449991595893173 1449991595893230
1449991595943080 1449991595943159 1449991595943377 1449991595943443
1449991595993083 1449991595993111 1449991595993267 1449991595993321
1449991596043092 1449991596043179 1449991596043344 1449991596043411
1449991596093092 1449991596093137 1449991596093292 1449991596093332
1449991596143094 1449991596143190 1449991596143403 1449991596143452
1449991596193083 1449991596193119 1449991596193312 1449991596193365
1449991596243089 1449991596243161 1449991596243330 1449991596243407
1449991596293119 1449991596293148 1449991596293287 1449991596293320
1449991596343087 1449991596343119 1449991596343281 1449991596343342
1449991596393085 1449991596393118 1449991596393265 1449991596393403
1449991596443084 1449991596443173 1449991596443326 1449991596443384
1449991596493133 1449991596493233 1449991596493391 1449991596493435
1449991596543074 1449991596543137 1449991596543260 1449991596543308
1449991596593125 1449991596593242 1449991596593503 1449991596593594
1449991596643091 1449991596643134 1449991596643266 1449991596643306
1449991596693086 1449991596693122 1449991596693240 1449991596693281
1449991596743087 1449991596743116 1449991596743237 1449991596743274
1449991596793082 1449991596793111 1449991596793224 1449991596793263
1449991596843084 1449991596843110 1449991596843222 1449991596843252
1449991596893084 1449991596893113 1449991596893248 1449991596893278
1449991596943085 1449991596943134 1449991596943244 1449991596943275
1449991596993087 1449991596993201 1449991596993364 1449991596993388
1449991597043074 1449991597043098 1449991597043204 1449991597043228
1449991597093070 1449991597093106 1449991597093213 1449991597093262
1449991597143071 1449991597143105 1449991597143218 1449991597143287
1449991597193125 1449991597193195 1449991597193430 1449991597193530
1449991597243135 1449991597243203 1449991597243424 1449991597243503
1449991597293079 1449991597293149 1449991597293266 1449991597293319
1449991597343129 1449991597343221 1449991597343504 1449991597343580
1449991597393133 1449991597393231 1449991597393415 1449991597393474
1449991597443098 1449991597443187 1449991597443475 1449991597443578
1449991597493092 1449991597493166 1449991597493364 1449991597493436
1449991597543087 1449991597543161 1449991597543361 1449991597543435
1449991597593077 1449991597593135 1449991597593246 1449991597593295
1449991597643071 1449991597643140 1449991597643251 1449991597643295
1449991597693088 1449991597693197 1449991597693426 1449991597693493
1449991597743100 1449991597743191 1449991597743403 1449991597743462
1449991597793094 1449991597793135 1449991597793301 1449991597793360
1449991597843090 1449991597843164 1449991597843333 1449991597843388
1449991597893089 1449991597893123 1449991597893293 1449991597893340
1449991597943089 1449991597943132 1449991597943317 1449991597943365
1449991597993092 1449991597993197 1449991597993407 1449991597993439
1449991598043076 1449991598043129 1449991598043245 1449991598043285
1449991598093089 1449991598093150 1449991598093353 1449991598093421
1449991598143081 1449991598143136 1449991598143269 1449991598143316
1449991598193090 1449991598193171 1449991598193395 1449991598193466
1449991598243089 1449991598243162 1449991598243376 1449991598243440
1449991598293129 1449991598293223 1449991598293537 1449991598293613
1449991598343094 1449991598343166 1449991598343324 1449991598343395
1449991598393086 1449991598393148 1449991598393255 1449991598393294
1449991598443076 1449991598443140 1449991598443277 1449991598443505
1449991598493129 1449991598493220 1449991598493509 1449991598493558
1449991598543080 1449991598543138 1449991598543239 1449991598543335
1449991598593070 1449991598593098 1449991598593185 1449991598593273
1449991598643086 1449991598643122 1449991598643280 1449991598643333
1449991598693075 1449991598693145 1449991598693241 1449991598693277
1449991598743091 1449991598743173 1449991598743341 1449991598743421
1449991598793086 1449991598793160 1449991598793326 1449991598793361
1449991598843075 1449991598843131 1449991598843241 1449991598843284
1449991598893070 1449991598893107 1449991598893230 1449991598893265
1449991598943074 1449991598943134 1449991598943253 1449991598943291
1449991598993070 1449991598993108 1449991598993319 1449991598993358
1449991599043071 1449991599043141 1449991599043258 1449991599043286
1449991599093086 1449991599093176 1449991599093459 1449991599093510
1449991599143077 1449991599143132 1449991599143251 1449991599143287
1449991599193109 1449991599193200 1449991599193478 1449991599193529
1449991599243081 1449991599243140 1449991599243266 1449991599243300
1449991599293071 1449991599293128 1449991599293260 1449991599293299
1449991599343070 1449991599343131 1449991599343251 1449991599343289
1449991599393075 1449991599393145 1449991599393270 1449991599393317
1449991599443069 1449991599443119 1449991599443218 1449991599443257
1449991599493073 1449991599493125 1449991599493249 1449991599493299
1449991599543092 1449991599543185 1449991599543384 1449991599543445
1449991599593089 1449991599593117 1449991599593256 1449991599593315
1449991599643090 1449991599643135 1449991599643323 1449991599643386
1449991599693098 1449991599693145 1449991599693336 1449991599693374
1449991599743089 1449991599743136 1449991599743324 1449991599743387
1449991599793070 1449991599793107 1449991599793219 1449991599793251
1449991599843076 1449991599843117 1449991599843249 1449991599843322
1449991599893085 1449991599893126 1449991599893279 1449991599893337
1449991599943068 1449991599943100 1449991599943207 1449991599943244
1449991599993088 1449991599993146 1449991599993319 1449991599993398
1449991600043076 1449991600043113 1449991600043229 1449991600043261
1449991600093068 1449991600093117 1449991600093210 1449991600093301
1449991600143080 1449991600143125 1449991600143313 1449991600143375
1449991600193073 1449991600193135 1449991600193254 1449991600193290
1449991600243075 1449991600243106 1449991600243226 1449991600243263
1449991600293072 1449991600293127 1449991600293247 1449991600293287
1449991600343082 1449991600343148 1449991600343273 1449991600343308
1449991600393073 1449991600393128 1449991600393250 1449991600393284
1449991600443089 1449991600443139 1449991600443248 1449991600443287
1449991600493069 1449991600493124 1449991600493254 1449991600493289
1449991600543065 1449991600543121 1449991600543248 1449991600543285
1449991600593122 1449991600593213 1449991600593436 1449991600593480
1449991600643089 1449991600643126 1449991600643278 1449991600643309
1449991600693084 1449991600693128 1449991600693232 1449991600693264
1449991600743085 1449991600743122 1449991600743214 1449991600743266
1449991600793084 1449991600793174 1449991600793359 1449991600793399
1449991600843131 1449991600843208 1449991600843507 1449991600843589
1449991600893087 1449991600893128 1449991600893253 1449991600893308
1449991600943068 1449991600943093 1449991600943290 1449991600943308
1449991600993063 1449991600993088 1449991600993236 1449991600993270
1449991601043062 1449991601043087 1449991601043182 1449991601043202
1449991601093111 1449991601093190 1449991601093372 1449991601093410
1449991601143093 1449991601143193 1449991601143389 1449991601143439
1449991601193078 1449991601193132 1449991601193254 1449991601193293
1449991601243123 1449991601243216 1449991601243519 1449991601243609
1449991601293124 1449991601293213 1449991601293419 1449991601293484
1449991601343089 1449991601343124 1449991601343273 1449991601343309
1449991601393067 1449991601393082 1449991601393176 1449991601393207
1449991601443082 1449991601443120 1449991601443278 1449991601443328
1449991601493126 1449991601493242 1449991601493504 1449991601493591
1449991601543076 1449991601543128 1449991601543243 1449991601543293
1449991601593066 1449991601593128 1449991601593244 1449991601593327
1449991601643066 1449991601643099 1449991601643211 1449991601643334
1449991601693088 1449991601693145 1449991601693375 1449991601693426
1449991601743103 1449991601743205 1449991601743354 1449991601743388
1449991601793127 1449991601793218 1449991601793461 1449991601793544
1449991601843077 1449991601843120 1449991601843247 1449991601843285
1449991601893093 1449991601893185 1449991601893412 1449991601893466
1449991601943136 1449991601943200 1449991601943477 1449991601943549
1449991601993141 1449991601993232 1449991601993493 1449991601993567
1449991602043100 1449991602043175 1449991602043406 1449991602043727
1449991602093076 1449991602093110 1449991602093227 1449991602093269
1449991602143069 1449991602143100 1449991602143189 1449991602143252
1449991602193070 1449991602193116 1449991602193235 1449991602193291
1449991602243063 1449991602243121 1449991602243246 1449991602243298
1449991602293089 1449991602293148 1449991602293271 1449991602293313
1449991602343072 1449991602343141 1449991602343295 1449991602343361
1449991602393094 1449991602393131 1449991602393262 1449991602393296
1449991602443072 1449991602443105 1449991602443209 1449991602443244
1449991602493073 1449991602493133 1449991602493253 1449991602493285
1449991602543074 1449991602543150 1449991602543277 1449991602543307
1449991602593088 1449991602593177 1449991602593396 1449991602593448
1449991602643097 1449991602643181 1449991602643382 1449991602643435
1449991602693112 1449991602693190 1449991602693362 1449991602693411
1449991602743094 1449991602743174 1449991602743381 1449991602743437
1449991602793075 1449991602793129 1449991602793289 1449991602793360
1449991602843099 1449991602843181 1449991602843339 1449991602843375
1449991602893113 1449991602893233 1449991602893490 1449991602893571
1449991602943131 1449991602943223 1449991602943390 1449991602943434
1449991602993126 1449991602993219 1449991602993499 1449991602993571
1449991603043085 1449991603043169 1449991603043371 1449991603043425
1449991603093074 1449991603093130 1449991603093254 1449991603093301
1449991603143089 1449991603143168 1449991603143414 1449991603143500
1449991603193127 1449991603193225 1449991603193488 1449991603193542
1449991603243130 1449991603243248 1449991603243438 1449991603243492
1449991603293116 1449991603293208 1449991603293453 1449991603293534
1449991603343096 1449991603343188 1449991603343452 1449991603343542
1449991603393091 1449991603393134 1449991603393341 1449991603393415
1449991603443086 1449991603443121 1449991603443280 1449991603443346
1449991603493088 1449991603493172 1449991603493348 1449991603493500
1449991603543079 1449991603543118 1449991603543313 1449991603543367
1449991603593070 1449991603593118 1449991603593279 1449991603593325
1449991603643064 1449991603643129 1449991603643321 1449991603643369
1449991603693066 1449991603693129 1449991603693301 1449991603693347
1449991603743065 1449991603743100 1449991603743293 1449991603743339
1449991603793068 1449991603793101 1449991603793217 1449991603793260
1449991603843071 1449991603843121 1449991603843321 1449991603843405
1449991603893089 1449991603893143 1449991603893336 1449991603893401
1449991603943079 1449991603943176 1449991603943421 1449991603943506
1449991603993093 1449991603993152 1449991603993361 1449991603993439
1449991604043069 1449991604043104 1449991604043227 1449991604043268
1449991604093087 1449991604093144 1449991604093372 1449991604093442
1449991604143077 1449991604143128 1449991604143331 1449991604143406
1449991604193092 1449991604193152 1449991604193363 1449991604193429
1449991604243079 1449991604243114 1449991604243233 1449991604243275
1449991604293085 1449991604293159 1449991604293358 1449991604293419
1449991604343067 1449991604343101 1449991604343215 1449991604343256
1449991604393070 1449991604393105 1449991604393225 1449991604393264
1449991604443086 1449991604443142 1449991604443310 1449991604443349
1449991604493098 1449991604493157 1449991604493375 1449991604493446
1449991604543095 1449991604543156 1449991604543402 1449991604543461
1449991604593096 1449991604593156 1449991604593380 1449991604593465
1449991604643077 1449991604643141 1449991604643395 1449991604643484
1449991604693082 1449991604693131 1449991604693341 1449991604693405
1449991604743083 1449991604743127 1449991604743316 1449991604743412
1449991604793077 1449991604793141 1449991604793349 1449991604793439
1449991604843083 1449991604843147 1449991604843395 1449991604843478
1449991604893116 1449991604893181 1449991604893409 1449991604893501
1449991604943131 1449991604943202 1449991604943477 1449991604943595
1449991604993090 1449991604993175 1449991604993374 1449991604993462
1449991605043087 1449991605043131 1449991605043318 1449991605043362
1449991605093073 1449991605093106 1449991605093213 1449991605093248
1449991605143068 1449991605143102 1449991605143192 1449991605143223
1449991605193071 1449991605193110 1449991605193223 1449991605193267
1449991605243088 1449991605243175 1449991605243393 1449991605243465
1449991605293117 1449991605293209 1449991605293458 1449991605293558
1449991605343080 1449991605343152 1449991605343292 1449991605343332
1449991605393077 1449991605393163 1449991605393377 1449991605393443
1449991605443100 1449991605443157 1449991605443345 1449991605443392
1449991605493089 1449991605493216 1449991605493396 1449991605493436
1449991605543095 1449991605543178 1449991605543384 1449991605543420
1449991605593073 1449991605593137 1449991605593243 1449991605593335
1449991605643071 1449991605643103 1449991605682322 1449991605643242
1449991605693087 1449991605693191 1449991605730336 1449991605693410
1449991605743094 1449991605743175 1449991605782351 1449991605743382
1449991605793075 1449991605793130 1449991605830329 1449991605793272
1449991605843089 1449991605843172 1449991605882358 1449991605843403
1449991605893074 1449991605893129 1449991605930338 1449991605893252
1449991605943090 1449991605943175 1449991605982386 1449991605943399
1449991605993080 1449991605993157 1449991606030329 1449991605993395
1449991606043081 1449991606043182 1449991606082342 1449991606043374
1449991606093069 1449991606093122 1449991606130325 1449991606093238
1449991606143069 1449991606143119 1449991606182330 1449991606143222
1449991606193064 1449991606193115 1449991606230323 1449991606193228
1449991606243062 1449991606243114 1449991606282341 1449991606243216
1449991606293069 1449991606293126 1449991606330339 1449991606293246
1449991606343069 1449991606343124 1449991606382330 1449991606343243
1449991606393069 1449991606393136 1449991606430338 1449991606393251
1449991606443063 1449991606443117 1449991606482328 1449991606443233
1449991606493068 1449991606493122 1449991606530328 1449991606493261
1449991606543065 1449991606543121 1449991606582336 1449991606543253
1449991606593072 1449991606593129 1449991606630327 1449991606593255
1449991606643070 1449991606643126 1449991606682335 1449991606643256
1449991606693065 1449991606693092 1449991606730407 1449991606693239
1449991606743089 1449991606743174 1449991606782336 1449991606743357
1449991606793075 1449991606793130 1449991606830354 1449991606793285
1449991606843077 1449991606843141 1449991606882351 1449991606843315
1449991606893070 1449991606893124 1449991606930340 1449991606893287
1449991606943062 1449991606943111 1449991606982329 1449991606943231
1449991606993071 1449991606993121 1449991607030328 1449991606993239
1449991607043075 1449991607043135 1449991607082337 1449991607043263
1449991607093072 1449991607093146 1449991607130327 1449991607093275
1449991607143069 1449991607143123 1449991607182337 1449991607143245
1449991607193069 1449991607193127 1449991607230384 1449991607193251
1449991607243091 1449991607243126 1449991607282341 1449991607243238
1449991607293071 1449991607293120 1449991607330343 1449991607293261
1449991607343068 1449991607343118 1449991607382341 1449991607343239
1449991607393069 1449991607393118 1449991607430336 1449991607393242
1449991607443070 1449991607443145 1449991607482336 1449991607443279
1449991607493071 1449991607493121 1449991607530335 1449991607493233
1449991607543094 1449991607543144 1449991607582333 1449991607543268
1449991607593090 1449991607593124 1449991607630344 1449991607593244
1449991607643069 1449991607643104 1449991607682343 1449991607643224
1449991607693064 1449991607693098 1449991607730348 1449991607693222
1449991607743072 1449991607743110 1449991607782382 1449991607743218
1449991607793098 1449991607793191 1449991607830340 1449991607793473
1449991607843095 1449991607843153 1449991607882379 1449991607843348
1449991607893077 1449991607893112 1449991607930383 1449991607893268
1449991607943076 1449991607943117 1449991607982374 1449991607943273
1449991607993090 1449991607993149 1449991608030339 1449991607993403
1449991608043100 1449991608043161 1449991608082437 1449991608043454
1449991608093130 1449991608093197 1449991608130382 1449991608093474
1449991608143078 1449991608143127 1449991608182410 1449991608143260
1449991608193071 1449991608193105 1449991608230332 1449991608193231
1449991608243065 1449991608243097 1449991608282383 1449991608243225
1449991608293073 1449991608293113 1449991608330337 1449991608293249
1449991608343071 1449991608343108 1449991608382339 1449991608343231
1449991608393071 1449991608393106 1449991608430330 1449991608393229
1449991608443065 1449991608443099 1449991608482341 1449991608443266
1449991608493072 1449991608493119 1449991608530327 1449991608493242
1449991608543090 1449991608543127 1449991608582340 1449991608543254
1449991608593090 1449991608593175 1449991608630340 1449991608593383
1449991608643078 1449991608643136 1449991608682347 1449991608643280
1449991608693079 1449991608693141 1449991608730332 1449991608693309
1449991608743070 1449991608743125 1449991608782340 1449991608743267
1449991608793069 1449991608793124 1449991608830344 1449991608793254
1449991608843078 1449991608843156 1449991608882339 1449991608843301
1449991608893073 1449991608893136 1449991608930346 1449991608893264
1449991608943072 1449991608943129 1449991608982338 1449991608943260
1449991608993071 1449991608993135 1449991609030336 1449991608993269
1449991609043071 1449991609043133 1449991609082340 1449991609043265
1449991609093070 1449991609093102 1449991609130337 1449991609093210
1449991609143065 1449991609143127 1449991609182334 1449991609143254
1449991609193045 1449991609193087 1449991609230367 1449991609193194
1449991609243077 1449991609243164 1449991609282398 1449991609243412
1449991609293114 1449991609293207 1449991609330389 1449991609293417
1449991609343080 1449991609343134 1449991609382442 1449991609343269
1449991609393090 1449991609393177 1449991609430379 1449991609393419
1449991609443092 1449991609443194 1449991609482372 1449991609443380
1449991609493126 1449991609493237 1449991609530334 1449991609493465
1449991609543093 1449991609543243 1449991609582418 1449991609543428
1449991609593101 1449991609593213 1449991609630413 1449991609593529
1449991609643109 1449991609643201 1449991609682429 1449991609643425
1449991609693132 1449991609693224 1449991609730391 1449991609693515
1449991609743096 1449991609743180 1449991609782355 1449991609743415
1449991609793093 1449991609793179 1449991609830337 1449991609793482
1449991609843095 1449991609843177 1449991609882338 1449991609843382
1449991609893086 1449991609893176 1449991609930360 1449991609893421
1449991609943078 1449991609943134 1449991609982327 1449991609943261
1449991609993069 1449991609993124 1449991610030388 1449991609993247
1449991610043090 1449991610043171 1449991610082340 1449991610043442
1449991610093092 1449991610093171 1449991610130331 1449991610093390
1449991610143091 1449991610143168 1449991610182339 1449991610143384
1449991610193079 1449991610193167 1449991610230356 1449991610193392
1449991610243075 1449991610243150 1449991610282389 1449991610243280
1449991610293092 1449991610293157 1449991610330356 1449991610293326
1449991610343094 1449991610343149 1449991610382343 1449991610343289
1449991610393065 1449991610393118 1449991610430339 1449991610393243
1449991610443070 1449991610443125 1449991610482336 1449991610443239
1449991610493065 1449991610493120 1449991610530357 1449991610493236
1449991610543090 1449991610543176 1449991610582340 1449991610543383
1449991610593071 1449991610593117 1449991610630333 1449991610593244
1449991610643072 1449991610643146 1449991610682451 1449991610643309
1449991610693139 1449991610693223 1449991610730373 1449991610693497
1449991610743092 1449991610743125 1449991610782357 1449991610743270
1449991610793075 1449991610793126 1449991610830382 1449991610793309
1449991610843127 1449991610843193 1449991610882416 1449991610843493
1449991610893227 1449991610893296 1449991610930387 1449991610893557
1449991610943094 1449991610943180 1449991610982384 1449991610943341
1449991610993096 1449991610993191 1449991611030413 1449991610993398
1449991611043134 1449991611043226 1449991611082336 1449991611043501
1449991611093078 1449991611093140 1449991611130328 1449991611093269
1449991611143071 1449991611143132 1449991611182389 1449991611143253
1449991611193119 1449991611193212 1449991611230430 1449991611193537
1449991611243132 1449991611243225 1449991611282392 1449991611243503
1449991611293080 1449991611293430 1449991611330339 1449991611293623
1449991611343075 1449991611343124 1449991611382349 1449991611343239
1449991611393087 1449991611393156 1449991611430348 1449991611393368
1449991611443074 1449991611443111 1449991611482334 1449991611443271
1449991611493069 1449991611493102 1449991611530374 1449991611493230
1449991611543069 1449991611543103 1449991611582369 1449991611543228
1449991611593075 1449991611593123 1449991611630344 1449991611593273
1449991611643071 1449991611643132 1449991611682361 1449991611643374
1449991611693063 1449991611693119 1449991611730347 1449991611693256
1449991611743088 1449991611743143 1449991611782339 1449991611743352
1449991611793075 1449991611793121 1449991611830356 1449991611793271
1449991611843069 1449991611843126 1449991611882338 1449991611843285
1449991611893062 1449991611893129 1449991611930333 1449991611893249
1449991611943072 1449991611943134 1449991611982324 1449991611943273
1449991611993087 1449991611993171 1449991612030361 1449991611993416
1449991612043092 1449991612043172 1449991612082347 1449991612043387
1449991612093067 1449991612093125 1449991612130336 1449991612093258
1449991612143074 1449991612143138 1449991612182388 1449991612143279
1449991612193124 1449991612193215 1449991612230333 1449991612193474
1449991612243131 1449991612243247 1449991612282436 1449991612243528
1449991612293096 1449991612293181 1449991612330340 1449991612293423
1449991612343071 1449991612343104 1449991612382335 1449991612343211
1449991612393069 1449991612393122 1449991612430337 1449991612393239
1449991612443067 1449991612443120 1449991612482335 1449991612443219
1449991612493092 1449991612493128 1449991612530335 1449991612493246
1449991612543068 1449991612543102 1449991612582334 1449991612543215
1449991612593071 1449991612593151 1449991612630337 1449991612593283
1449991612643070 1449991612643127 1449991612682344 1449991612643273
1449991612693078 1449991612693138 1449991612730344 1449991612693273
1449991612743069 1449991612743125 1449991612782438 1449991612743255
1449991612793123 1449991612793217 1449991612830375 1449991612793499
1449991612843095 1449991612843170 1449991612882382 1449991612843351
1449991612893091 1449991612893169 1449991612930372 1449991612893362
1449991612943073 1449991612943158 1449991612982344 1449991612943341
1449991612993091 1449991612993185 1449991613030393 1449991612993330
1449991613043098 1449991613043183 1449991613082375 1449991613043376
1449991613093093 1449991613093166 1449991613130375 1449991613093355
1449991613143063 1449991613143127 1449991613182341 1449991613143360
1449991613193091 1449991613193181 1449991613230353 1449991613193405
1449991613243087 1449991613243169 1449991613282384 1449991613243367
1449991613293082 1449991613293152 1449991613330379 1449991613293350
1449991613343094 1449991613343177 1449991613382388 1449991613343390
1449991613393108 1449991613393205 1449991613430335 1449991613393493
1449991613443092 1449991613443177 1449991613482373 1449991613443372
1449991613493081 1449991613493163 1449991613530358 1449991613493374
1449991613543077 1449991613543140 1449991613582337 1449991613543258
1449991613593076 1449991613593135 1449991613630327 1449991613593262
1449991613643071 1449991613643139 1449991613682334 1449991613643261
1449991613693071 1449991613693131 1449991613730336 1449991613693288
1449991613743092 1449991613743166 1449991613782328 1449991613743390
1449991613793070 1449991613793122 1449991613830338 1449991613793222
1449991613843082 1449991613843129 1449991613882337 1449991613843310
1449991613893080 1449991613893129 1449991613930337 1449991613893254
1449991613943074 1449991613943130 1449991613982337 1449991613943245
1449991613993078 1449991613993149 1449991614030338 1449991613993272
1449991614043076 1449991614043138 1449991614082334 1449991614043250
1449991614093074 1449991614093127 1449991614130333 1449991614093250
1449991614143074 1449991614143134 1449991614182355 1449991614143262
1449991614193081 1449991614193137 1449991614230363 1449991614193328
1449991614243089 1449991614243176 1449991614282351 1449991614243423
1449991614293093 1449991614293166 1449991614330335 1449991614293384
1449991614343080 1449991614343147 1449991614382448 1449991614343274
1449991614393096 1449991614393189 1449991614430346 1449991614393442
1449991614443080 1449991614443141 1449991614482333 1449991614443317
1449991614493071 1449991614493125 1449991614530335 1449991614493253
1449991614543092 1449991614543148 1449991614582336 1449991614543304
1449991614593089 1449991614593173 1449991614630412 1449991614593406
1449991614643095 1449991614643175 1449991614682388 1449991614643405
1449991614693123 1449991614693242 1449991614730383 1449991614693561
1449991614743094 1449991614743191 1449991614782386 1449991614743475
1449991614793084 1449991614793158 1449991614830366 1449991614793356
1449991614843071 1449991614843142 1449991614882367 1449991614843322
1449991614893072 1449991614893141 1449991614930346 1449991614893329
1449991614943100 1449991614943152 1449991614982374 1449991614943385
1449991614993080 1449991614993137 1449991615030385 1449991614993305
1449991615043072 1449991615043139 1449991615082400 1449991615043265
1449991615093074 1449991615093132 1449991615130342 1449991615093258
1449991615143078 1449991615143137 1449991615182366 1449991615143266
1449991615193073 1449991615193130 1449991615230393 1449991615193256
1449991615243091 1449991615243176 1449991615282391 1449991615243390
1449991615293118 1449991615293209 1449991615330362 1449991615293482
1449991615343078 1449991615343148 1449991615382338 1449991615343345
1449991615393090 1449991615393202 1449991615430368 1449991615393393
1449991615443086 1449991615443138 1449991615482330 1449991615443273
1449991615493075 1449991615493109 1449991615530340 1449991615493221
1449991615543067 1449991615543123 1449991615582336 1449991615543251
1449991615593110 1449991615593193 1449991615630415 1449991615593409
1449991615643098 1449991615643132 1449991615682364 1449991615643249
1449991615693085 1449991615693137 1449991615730341 1449991615693352
1449991615743073 1449991615743116 1449991615782387 1449991615743234
1449991615793092 1449991615793149 1449991615830388 1449991615793384
1449991615843092 1449991615843145 1449991615882348 1449991615843333
1449991615893089 1449991615893144 1449991615930345 1449991615893336
1449991615943074 1449991615943110 1449991615982332 1449991615943235
1449991615993062 1449991615993119 1449991616030342 1449991615993240
1449991616043073 1449991616043133 1449991616082403 1449991616043290
1449991616093090 1449991616093197 1449991616130360 1449991616093511
1449991616143085 1449991616143137 1449991616182384 1449991616143292
1449991616193063 1449991616193112 1449991616230393 1449991616193268
1449991616243078 1449991616243136 1449991616282405 1449991616243298
1449991616293124 1449991616293194 1449991616330340 1449991616293426
1449991616343092 1449991616343182 1449991616382430 1449991616343368
1449991616393135 1449991616393221 1449991616430357 1449991616393443
1449991616443074 1449991616443143 1449991616482392 1449991616443260
1449991616493086 1449991616493166 1449991616530391 1449991616493389
1449991616543075 1449991616543125 1449991616582340 1449991616543237
1449991616593076 1449991616593127 1449991616630378 1449991616593256
1449991616643125 1449991616643218 1449991616682378 1449991616643472
1449991616693078 1449991616693145 1449991616730335 1449991616693342
1449991616743071 1449991616743124 1449991616782337 1449991616743262
1449991616793077 1449991616793147 1449991616830330 1449991616793273
1449991616843090 1449991616843147 1449991616882348 1449991616843392
1449991616893078 1449991616893131 1449991616930333 1449991616893306
1449991616943070 1449991616943123 1449991616982342 1449991616943259
1449991616993087 1449991616993176 1449991617030335 1449991616993396
1449991617043071 1449991617043130 1449991617082338 1449991617043253
1449991617093071 1449991617093107 1449991617130333 1449991617093232
1449991617143073 1449991617143128 1449991617182410 1449991617143243
1449991617193085 1449991617193182 1449991617230334 1449991617193495
1449991617243072 1449991617243128 1449991617282339 1449991617243241
1449991617293071 1449991617293129 1449991617330342 1449991617293244
1449991617343062 1449991617343116 1449991617382343 1449991617343218
1449991617393070 1449991617393130 1449991617430338 1449991617393250
1449991617443072 1449991617443125 1449991617482332 1449991617443219
1449991617493070 1449991617493134 1449991617530336 1449991617493244
1449991617543070 1449991617543124 1449991617582339 1449991617543235
1449991617593063 1449991617593119 1449991617630335 1449991617593231
1449991617643066 1449991617643125 1449991617682325 1449991617643244
1449991617693068 1449991617693129 1449991617730341 1449991617693257
1449991617743074 1449991617743135 1449991617782338 1449991617743256
1449991617793072 1449991617793132 1449991617830326 1449991617793240
1449991617843072 1449991617843130 1449991617882343 1449991617843247
1449991617893070 1449991617893127 1449991617930340 1449991617893271
1449991617943072 1449991617943131 1449991617982335 1449991617943261
1449991617993072 1449991617993111 1449991618030339 1449991617993231
1449991618043064 1449991618043149 1449991618082340 1449991618043272
1449991618093092 1449991618093128 1449991618130339 1449991618093241
1449991618143072 1449991618143110 1449991618182335 1449991618143237
1449991618193090 1449991618193152 1449991618230336 1449991618193263
1449991618243093 1449991618243148 1449991618282343 1449991618243292
1449991618293071 1449991618293127 1449991618330387 1449991618293257
1449991618343069 1449991618343128 1449991618382334 1449991618343262
1449991618393070 1449991618393125 1449991618430346 1449991618393239
1449991618443069 1449991618443126 1449991618482330 1449991618443245
1449991618493072 1449991618493106 1449991618530337 1449991618493262
1449991618543070 1449991618543130 1449991618582336 1449991618543251
1449991618593071 1449991618593119 1449991618630336 1449991618593251
1449991618643071 1449991618643125 1449991618682339 1449991618643254
1449991618693070 1449991618693101 1449991618730328 1449991618693213
1449991618743069 1449991618743119 1449991618782373 1449991618743247
1449991618793073 1449991618793122 1449991618830333 1449991618793278
1449991618843066 1449991618843114 1449991618882339 1449991618843230
1449991618893068 1449991618893122 1449991618930337 1449991618893259
1449991618943068 1449991618943116 1449991618982326 1449991618943240
1449991618993070 1449991618993119 1449991619030347 1449991618993233
1449991619043068 1449991619043122 1449991619082331 1449991619043228
1449991619093068 1449991619093117 1449991619130337 1449991619093256
1449991619143068 1449991619143117 1449991619182377 1449991619143278
1449991619193061 1449991619193103 1449991619230416 1449991619193222
1449991619243077 1449991619243173 1449991619282439 1449991619243454
1449991619293078 1449991619293116 1449991619330337 1449991619293249
1449991619343070 1449991619343107 1449991619382346 1449991619343238
1449991619393065 1449991619393101 1449991619430337 1449991619393231
1449991619443071 1449991619443108 1449991619482334 1449991619443236
1449991619493072 1449991619493108 1449991619530341 1449991619493237
1449991619543075 1449991619543113 1449991619582339 1449991619543247
1449991619593072 1449991619593114 1449991619630332 1449991619593282
1449991619643071 1449991619643126 1449991619682338 1449991619643248
1449991619693091 1449991619693141 1449991619730362 1449991619693258
1449991619743071 1449991619743102 1449991619782385 1449991619743217
1449991619793072 1449991619793109 1449991619830338 1449991619793260
1449991619843076 1449991619843115 1449991619882364 1449991619843281
1449991619893070 1449991619893103 1449991619930364 1449991619893257
1449991619943087 1449991619943153 1449991619982327 1449991619943385
1449991619993075 1449991619993109 1449991620030388 1449991619993241
1449991620043073 1449991620043110 1449991620082387 1449991620043256
1449991620093071 1449991620093126 1449991620130386 1449991620093247
1449991620143070 1449991620143127 1449991620182441 1449991620143239
1449991620193091 1449991620193169 1449991620230411 1449991620193403
1449991620243100 1449991620243165 1449991620282319 1449991620243406
1449991620293074 1449991620293107 1449991620330339 1449991620293224
1449991620343068 1449991620343102 1449991620382414 1449991620343246
1449991620393119 1449991620393210 1449991620430377 1449991620393474
1449991620443093 1449991620443168 1449991620482370 1449991620443340
1449991620493125 1449991620493218 1449991620530434 1449991620493488
1449991620543105 1449991620543196 1449991620582370 1449991620543470
1449991620593120 1449991620593168 1449991620630359 1449991620593407
1449991620643090 1449991620643164 1449991620682365 1449991620643336
1449991620693070 1449991620693136 1449991620730369 1449991620693307
1449991620743064 1449991620743128 1449991620782441 1449991620743310
1449991620793079 1449991620793129 1449991620830344 1449991620793306
1449991620843078 1449991620843140 1449991620882335 1449991620843277
1449991620893074 1449991620893134 1449991620930336 1449991620893258
1449991620943073 1449991620943124 1449991620982379 1449991620943287
1449991620993087 1449991620993179 1449991621030379 1449991620993358
1449991621043096 1449991621043178 1449991621082397 1449991621043399
1449991621093077 1449991621093131 1449991621130387 1449991621093246
1449991621143087 1449991621143165 1449991621182393 1449991621143359
1449991621193094 1449991621193174 1449991621230404 1449991621193386
1449991621243090 1449991621243168 1449991621282385 1449991621243363
1449991621293077 1449991621293130 1449991621330336 1449991621293251
1449991621343079 1449991621343154 1449991621382388 1449991621343325
1449991621393079 1449991621393150 1449991621430386 1449991621393351
1449991621443086 1449991621443152 1449991621482382 1449991621443339
1449991621493091 1449991621493163 1449991621530430 1449991621493376
1449991621543085 1449991621543161 1449991621582349 1449991621543356
1449991621593076 1449991621593121 1449991621630376 1449991621593250
1449991621643071 1449991621643124 1449991621682447 1449991621643255
1449991621693122 1449991621693218 1449991621730379 1449991621693487
1449991621743077 1449991621743156 1449991621782368 1449991621743349
1449991621793099 1449991621793187 1449991621830379 1449991621793411
1449991621843093 1449991621843175 1449991621882440 1449991621843386
1449991621893113 1449991621893206 1449991621930388 1449991621893516
1449991621943092 1449991621943173 1449991621982457 1449991621943371
1449991621993126 1449991621993217 1449991622030400 1449991621993503
1449991622043078 1449991622043144 1449991622082335 1449991622043300
1449991622093071 1449991622093127 1449991622130329 1449991622093260
1449991622143069 1449991622143122 1449991622182337 1449991622143241
1449991622193069 1449991622193123 1449991622230339 1449991622193243
1449991622243070 1449991622243123 1449991622282344 1449991622243240
1449991622293069 1449991622293124 1449991622330336 1449991622293272
1449991622343070 1449991622343124 1449991622382338 1449991622343277
1449991622393068 1449991622393126 1449991622430335 1449991622393237
1449991622443064 1449991622443119 1449991622482338 1449991622443261
1449991622493071 1449991622493125 1449991622530343 1449991622493279
1449991622543070 1449991622543124 1449991622582354 1449991622543265
1449991622593073 1449991622593124 1449991622630333 1449991622593278
1449991622643091 1449991622643129 1449991622682340 1449991622643249
1449991622693065 1449991622693097 1449991622730375 1449991622693213
1449991622743077 1449991622743155 1449991622782373 1449991622743312
1449991622793081 1449991622793123 1449991622830388 1449991622793286
1449991622843071 1449991622843105 1449991622882334 1449991622843220
1449991622893093 1449991622893150 1449991622930386 1449991622893283
1449991622943090 1449991622943141 1449991622982408 1449991622943323
1449991622993132 1449991622993229 1449991623030352 1449991622993459
1449991623043093 1449991623043126 1449991623082341 1449991623043258
1449991623093083 1449991623093121 1449991623130326 1449991623093242
1449991623143083 1449991623143153 1449991623182359 1449991623143319
1449991623193122 1449991623193215 1449991623230351 1449991623193495
1449991623243089 1449991623243123 1449991623282335 1449991623243265
1449991623293082 1449991623293110 1449991623330349 1449991623293228
1449991623343081 1449991623343114 1449991623382445 1449991623343246
1449991623393097 1449991623393200 1449991623430351 1449991623393447
1449991623443092 1449991623443133 1449991623482335 1449991623443283
1449991623493084 1449991623493149 1449991623530344 1449991623493312
1449991623543085 1449991623543113 1449991623582357 1449991623543287
1449991623593081 1449991623593146 1449991623630335 1449991623593346
1449991623643083 1449991623643111 1449991623682369 1449991623643303
1449991623693086 1449991623693153 1449991623730358 1449991623693323
1449991623743084 1449991623743149 1449991623782386 1449991623743304
1449991623793086 1449991623793164 1449991623830340 1449991623793361
1449991623843073 1449991623843126 1449991623882399 1449991623843275
1449991623893064 1449991623893102 1449991623930332 1449991623893265
1449991623943065 1449991623943122 1449991623982370 1449991623943283
1449991623993064 1449991623993115 1449991624030391 1449991623993252
1449991624043076 1449991624043133 1449991624082352 1449991624043276
1449991624093115 1449991624093175 1449991624130345 1449991624093348
1449991624143117 1449991624143176 1449991624182439 1449991624143365
1449991624193135 1449991624193214 1449991624230381 1449991624193422
1449991624243132 1449991624243209 1449991624282441 1449991624243419
1449991624293128 1449991624293205 1449991624330396 1449991624293417
1449991624343106 1449991624343198 1449991624382425 1449991624343473
1449991624393117 1449991624393208 1449991624430335 1449991624393529
1449991624443092 1449991624443167 1449991624482417 1449991624443331
