1449007607304325655
1449007607354312319
1449007607404307075
1449007607454314510
1449007607504315654
1449007607554280870
1449007607604311848
1449007607654324094
1449007607704322662
1449007607754318210
1449007607804314179
1449007607854298070
1449007607904313390
1449007607954318175
1449007608004315099
1449007608054315452
1449007608104314995
1449007608154318431
1449007608204297842
1449007608254282151
1449007608304302542
1449007608354281773
1449007608404301783
1449007608454315142
1449007608504278694
1449007608554312969
1449007608604278486
1449007608654315324
1449007608704277236
1449007608754317278
1449007608804318332
1449007608854317584
1449007608904292469
1449007608954318319
1449007609004320265
1449007609054317964
1449007609104317050
1449007609154279393
1449007609204320009
1449007609254303426
1449007609304283412
1449007609354319679
1449007609404284708
1449007609454318773
1449007609504318925
1449007609554282390
1449007609604323885
1449007609654321792
1449007609704318957
1449007609754322647
1449007609804318134
1449007609854276154
1449007609904314065
1449007609954314470
1449007610004314745
1449007610054298183
1449007610104315807
1449007610154304777
1449007610204295684
1449007610254267863
1449007610304315542
1449007610354314895
1449007610404314843
1449007610454272662
1449007610504315617
1449007610554316935
1449007610604316699
1449007610654315792
1449007610704316097
1449007610754317128
1449007610804321328
1449007610854289434
1449007610904316072
1449007610954316204
1449007611004316720
1449007611054318736
1449007611104316118
1449007611154310373
1449007611204281646
1449007611254316697
1449007611304317136
1449007611354316806
1449007611404316955
1449007611454317667
1449007611504287414
1449007611554316882
1449007611604317768
1449007611654315287
1449007611704318847
1449007611754318300
1449007611804305746
1449007611854316866
1449007611904314850
1449007611954298364
1449007612004317355
1449007612054272535
1449007612104304689
1449007612154313674
1449007612204309740
1449007612254297109
1449007612304283810
1449007612354313171
1449007612404324652
1449007612454282154
1449007612504287069
1449007612554252797
1449007612604264845
1449007612654313717
1449007612704314808
1449007612754317549
1449007612804325845
1449007612854291599
1449007612904318261
1449007612954317544
1449007613004310847
1449007613054296997
1449007613104282255
1449007613154322978
1449007613204318653
1449007613254317966
1449007613304317881
1449007613354320301
1449007613404322654
1449007613454319983
1449007613504311542
1449007613554319601
1449007613604315904
1449007613654297447
1449007613704314424
1449007613754302374
1449007613804282891
1449007613854315774
1449007613904313724
1449007613954282705
1449007614004295963
1449007614054282287
1449007614104313639
1449007614154313924
1449007614204313348
1449007614254318170
1449007614304312622
1449007614354319031
1449007614404312792
1449007614454315767
1449007614504315855
1449007614554318496
1449007614604317314
1449007614654263848
1449007614704314895
1449007614754315801
1449007614804315485
1449007614854285819
1449007614904281665
1449007614954298217
1449007615004282900
1449007615054317720
1449007615104316786
1449007615154298620
1449007615204313899
1449007615254319463
1449007615304314720
1449007615354314571
1449007615404319450
1449007615454319331
1449007615504314659
1449007615554317269
1449007615604313723
1449007615654316373
1449007615704312032
1449007615754312691
1449007615804313210
1449007615854313275
1449007615904299642
1449007615954336514
1449007616004316523
1449007616054315716
1449007616104318096
1449007616154316317
1449007616204315797
1449007616254317068
1449007616304297876
1449007616354315393
1449007616404314419
1449007616454320945
1449007616504305705
1449007616554320604
1449007616604316225
1449007616654317710
1449007616704314033
1449007616754298245
1449007616804297698
1449007616854286631
1449007616904283856
1449007616954316308
1449007617004284885
1449007617054313491
1449007617104312554
1449007617154314145
1449007617204283931
1449007617254317586
1449007617304298293
1449007617354320378
1449007617404309064
1449007617454297626
1449007617504310028
1449007617554317129
1449007617604313202
1449007617654313871
1449007617704297890
1449007617754301178
1449007617804319264
1449007617854322316
1449007617904317005
1449007617954314427
1449007618004313162
1449007618054314781
1449007618104309443
1449007618154314800
1449007618204317842
1449007618254320846
1449007618304299078
1449007618354278814
1449007618404314720
1449007618454315319
1449007618504314445
1449007618554315743
1449007618604270031
1449007618654308870
1449007618704304398
1449007618754287845
1449007618804299513
1449007618854317612
1449007618904294567
1449007618954319078
1449007619004315952
1449007619054317166
1449007619104315393
1449007619154317322
1449007619204300917
1449007619254318140
1449007619304282778
1449007619354316442
1449007619404283857
1449007619454317350
1449007619504308214
1449007619554314553
1449007619604313492
1449007619654297387
1449007619704267267
1449007619754314104
1449007619804314851
1449007619854314491
1449007619904313835
1449007619954314611
1449007620004312574
1449007620054315846
1449007620104313833
1449007620154316471
1449007620204276952
1449007620254315491
1449007620304281061
1449007620354312644
1449007620404315762
1449007620454314254
1449007620504315391
1449007620554313080
1449007620604296504
1449007620654303448
1449007620704280694
1449007620754316834
1449007620804313347
1449007620854316369
1449007620904314376
1449007620954316973
1449007621004314636
1449007621054314724
1449007621104283992
1449007621154316885
1449007621204294512
1449007621254319597
1449007621304284135
1449007621354315945
1449007621404317620
1449007621454316783
1449007621504316139
1449007621554299423
1449007621604315982
1449007621654320189
1449007621704314544
1449007621754315297
1449007621804315913
1449007621854282068
1449007621904314499
1449007621954302691
1449007622004317435
1449007622054316675
1449007622104315110
1449007622154317316
1449007622204319198
1449007622254311439
1449007622304287289
1449007622354284600
1449007622404315398
1449007622454316916
1449007622504296552
1449007622554281890
1449007622604320622
1449007622654319511
1449007622704313211
1449007622754311963
1449007622804317898
1449007622854318043
1449007622904315355
1449007622954317705
1449007623004313630
1449007623054318980
1449007623104313285
1449007623154313551
1449007623204314755
1449007623254285413
1449007623304313875
1449007623354314431
1449007623404313103
1449007623454279064
1449007623504312601
1449007623554315229
1449007623604313456
1449007623654262839
1449007623704313378
1449007623754314235
1449007623804318987
1449007623854315865
1449007623904291147
1449007623954316896
1449007624004317322
1449007624054316632
1449007624104312387
1449007624154314366
1449007624204315844
1449007624254315762
1449007624304291171
1449007624354311318
1449007624404267055
1449007624454314541
1449007624504316042
1449007624554320243
1449007624604308665
1449007624654312104
1449007624704312744
1449007624754296682
1449007624804312399
1449007624854314522
1449007624904284004
1449007624954284089
1449007625004315060
1449007625054317240
1449007625104284611
1449007625154314653
1449007625204296754
1449007625254313951
1449007625304276558
1449007625354267759
1449007625404319725
1449007625454315874
1449007625504282523
1449007625554333694
1449007625604272025
1449007625654275832
1449007625704273658
1449007625754273222
1449007625804283851
1449007625854282740
1449007625904313581
1449007625954315573
1449007626004276179
1449007626054314871
1449007626104312881
1449007626154273774
1449007626204312613
1449007626254313654
1449007626304299129
1449007626354315431
1449007626404312285
1449007626454325078
1449007626504314235
1449007626554315880
1449007626604315477
1449007626654314694
1449007626704314494
1449007626754314252
1449007626804318216
1449007626854317078
1449007626904313147
1449007626954315821
1449007627004313934
1449007627054315222
1449007627104313536
1449007627154319157
1449007627204315109
1449007627254298877
1449007627304311821
1449007627354315464
1449007627404313765
1449007627454319452
1449007627504313995
1449007627554314056
1449007627604313904
1449007627654313588
1449007627704311925
1449007627754317225
1449007627804315392
1449007627854317014
1449007627904314142
1449007627954316893
1449007628004311101
1449007628054316101
1449007628104313753
1449007628154314496
1449007628204269776
1449007628254317967
1449007628304315910
1449007628354313687
1449007628404303892
1449007628454314431
1449007628504312037
1449007628554317674
1449007628604313944
1449007628654281772
1449007628704298094
1449007628754316143
1449007628804314370
1449007628854315745
1449007628904296081
1449007628954316432
1449007629004314693
1449007629054314394
1449007629104311943
1449007629154282080
1449007629204315006
1449007629254321017
1449007629304311106
1449007629354316964
1449007629404314380
1449007629454317120
1449007629504316875
1449007629554276775
1449007629604311816
1449007629654317637
1449007629704283277
1449007629754314272
1449007629804313562
1449007629854298422
1449007629904312215
1449007629954286418
1449007630004315515
1449007630054316455
1449007630104266694
1449007630154317149
1449007630204314895
1449007630254318238
1449007630304316318
1449007630354313546
1449007630404313728
1449007630454321283
1449007630504311723
1449007630554316168
1449007630604313369
1449007630654315796
1449007630704316686
1449007630754317356
1449007630804319141
1449007630854313887
1449007630904297301
1449007630954314458
1449007631004314469
1449007631054267511
1449007631104313055
1449007631154314343
1449007631204315741
1449007631254280803
1449007631304314721
1449007631354314529
1449007631404313889
1449007631454297546
1449007631504286656
1449007631554317514
1449007631604313714
1449007631654321279
1449007631704312928
1449007631754306050
1449007631804314380
1449007631854319570
1449007631904320347
1449007631954298361
1449007632004286366
1449007632054297028
1449007632104280969
1449007632154320330
1449007632204316626
1449007632254281722
1449007632304317097
1449007632354322918
1449007632404313815
1449007632454301923
1449007632504278735
1449007632554318319
1449007632604315033
1449007632654314807
1449007632704314615
1449007632754315572
1449007632804298003
1449007632854316383
1449007632904298748
1449007632954319920
1449007633004312849
1449007633054316241
1449007633104314091
1449007633154314440
1449007633204315510
1449007633254315067
1449007633304323521
1449007633354319463
1449007633404315710
1449007633454318387
1449007633504314793
1449007633554318032
1449007633604305555
1449007633654298885
1449007633704313536
1449007633754316410
1449007633804314464
1449007633854281992
1449007633904315299
1449007633954315621
1449007634004314753
1449007634054315904
1449007634104314425
1449007634154286089
1449007634204301589
1449007634254315772
1449007634304313415
1449007634354318655
1449007634404298841
1449007634454317268
1449007634504314149
1449007634554317531
1449007634604287922
1449007634654319575
1449007634704313756
1449007634754313634
1449007634804283019
1449007634854316851
1449007634904316268
1449007634954315046
1449007635004299125
1449007635054287473
1449007635104316533
1449007635154319866
1449007635204318330
1449007635254276403
1449007635304283734
1449007635354293100
