1449007697875784896
1449007697925800983
1449007697975787197
1449007698025786142
1449007698075787467
1449007698125752248
1449007698175753917
1449007698225787564
1449007698275785701
1449007698325789054
1449007698375791497
1449007698425789233
1449007698475789609
1449007698525787432
1449007698575788790
1449007698625789012
1449007698675792117
1449007698725788881
1449007698775752202
1449007698825784914
1449007698875787461
1449007698925788138
1449007698975766299
1449007699025786674
1449007699075770702
1449007699125754941
1449007699175795862
1449007699225755034
1449007699275787589
1449007699325753760
1449007699375747966
1449007699425791759
1449007699475787344
1449007699525788575
1449007699575792605
1449007699625787889
1449007699675767648
1449007699725749929
1449007699775786674
1449007699825756590
1449007699875755212
1449007699925787369
1449007699975749080
1449007700025786517
1449007700075781029
1449007700125750798
1449007700175788970
1449007700225787979
1449007700275788160
1449007700325788553
1449007700375784715
1449007700425785528
1449007700475791082
1449007700525788444
1449007700575787186
1449007700625786907
1449007700675785776
1449007700725786034
1449007700775748775
1449007700825790814
1449007700875753962
1449007700925788298
1449007700975787120
1449007701025787866
1449007701075769613
1449007701125754504
1449007701175768914
1449007701225773589
1449007701275765369
1449007701325791446
1449007701375760267
1449007701425723870
1449007701475750156
1449007701525790222
1449007701575790527
1449007701625749479
1449007701675792291
1449007701725767442
1449007701775756863
1449007701825790657
1449007701875736717
1449007701925788572
1449007701975787742
1449007702025788815
1449007702075784460
1449007702125771018
1449007702175792067
1449007702225790588
1449007702275788184
1449007702325789776
1449007702375769471
1449007702425788903
1449007702475752729
1449007702525786534
1449007702575770378
1449007702625789750
1449007702675786210
1449007702725788781
1449007702775788435
1449007702825786826
1449007702875784729
1449007702925788312
1449007702975784838
1449007703025789624
1449007703075769129
1449007703125743923
1449007703175787423
1449007703225788290
1449007703275788338
1449007703325791149
1449007703375790278
1449007703425790076
1449007703475791323
1449007703525789003
1449007703575790694
1449007703625740295
1449007703675738298
1449007703725785340
1449007703775786888
1449007703825790454
1449007703875786022
1449007703925785448
1449007703975785206
1449007704025779344
1449007704075740020
1449007704125795747
1449007704175788038
1449007704225788457
1449007704275789039
1449007704325787290
1449007704375785230
1449007704425788074
1449007704475765084
1449007704525789718
1449007704575790708
1449007704625787017
1449007704675789965
1449007704725788821
1449007704775746393
1449007704825786929
1449007704875789830
1449007704925789080
1449007704975786352
1449007705025786781
1449007705075769660
1449007705125794618
1449007705175788262
1449007705225792666
1449007705275769138
1449007705325786051
1449007705375788117
1449007705425789768
1449007705475781077
1449007705525783286
1449007705575750537
1449007705625789379
1449007705675788148
1449007705725756638
1449007705775791021
1449007705825794316
1449007705875785631
1449007705925789905
1449007705975769992
1449007706025768222
1449007706075745128
1449007706125756308
1449007706175789498
1449007706225791978
1449007706275770474
1449007706325790537
1449007706375786957
1449007706425788161
1449007706475785634
1449007706525787085
1449007706575786234
1449007706625790485
1449007706675789167
1449007706725788794
1449007706775784840
1449007706825757954
1449007706875786252
1449007706925785753
1449007706975766327
1449007707025796396
1449007707075749017
1449007707125785491
1449007707175784991
1449007707225744237
1449007707275790583
1449007707325741553
1449007707375732721
1449007707425737520
1449007707475724731
1449007707525791418
1449007707575765103
1449007707625791414
1449007707675786484
1449007707725784752
1449007707775784967
1449007707825786164
1449007707875745594
1449007707925767184
1449007707975743956
1449007708025773945
1449007708075770235
1449007708125768943
1449007708175785288
1449007708225751022
1449007708275787710
1449007708325752278
1449007708375784281
1449007708425753556
1449007708475789429
1449007708525785582
1449007708575763032
1449007708625790993
1449007708675869620
1449007708725790715
1449007708775787379
1449007708825790491
1449007708875781452
1449007708925741890
1449007708975739379
1449007709025738575
1449007709075754005
1449007709125797775
1449007709175785886
1449007709225789128
1449007709275787833
1449007709325790000
1449007709375795427
1449007709425790804
1449007709475783920
1449007709525754809
1449007709575729035
1449007709625785908
1449007709675776071
1449007709725793625
1449007709775790573
1449007709825794062
1449007709875771913
1449007709925745221
1449007709975796438
1449007710025794709
1449007710075770288
1449007710125794789
1449007710175780027
1449007710225791303
1449007710275763201
1449007710325792168
1449007710375790482
1449007710425791346
1449007710475790321
1449007710525790316
1449007710575785510
1449007710625792333
1449007710675754231
1449007710725786082
1449007710775785996
1449007710825789432
1449007710875770935
1449007710925753947
1449007710975786075
1449007711025762132
1449007711075788707
1449007711125787492
1449007711175789598
1449007711225787578
1449007711275754261
1449007711325788253
1449007711375789764
1449007711425777655
1449007711475788350
1449007711525752998
1449007711575786499
1449007711625792487
1449007711675786822
1449007711725748717
1449007711775786915
1449007711825779837
1449007711875755520
1449007711925790697
1449007711975788611
1449007712025789220
1449007712075759130
1449007712125783483
1449007712175792318
1449007712225786209
1449007712275790012
1449007712325790451
1449007712375789858
1449007712425793524
1449007712475790959
1449007712525789975
1449007712575787467
1449007712625789961
1449007712675789351
1449007712725790422
1449007712775761370
1449007712825755485
1449007712875791511
1449007712925789782
1449007712975789610
1449007713025790035
1449007713075788847
1449007713125792046
1449007713175725256
1449007713225781762
1449007713275790152
1449007713325793992
1449007713375782451
1449007713425789635
1449007713475789352
1449007713525749216
1449007713575787174
1449007713625774720
1449007713675786261
1449007713725754704
1449007713775768864
1449007713825741904
1449007713875788201
1449007713925784630
1449007713975788831
1449007714025788301
1449007714075790524
1449007714125792861
1449007714175790871
1449007714225785430
1449007714275780554
1449007714325787387
1449007714375790783
1449007714425788900
1449007714475788197
1449007714525788662
1449007714575786445
1449007714625787302
1449007714675787788
1449007714725772417
1449007714775776856
1449007714825757453
1449007714875805122
1449007714925738442
1449007714975788273
1449007715025790817
1449007715075741861
1449007715125784639
1449007715175743551
1449007715225784371
1449007715275785458
1449007715325789232
1449007715375793813
1449007715425787921
1449007715475789764
1449007715525787035
1449007715575783926
1449007715625784242
1449007715675785546
1449007715725785995
1449007715775770127
1449007715825823614
1449007715875789727
1449007715925787717
1449007715975787666
1449007716025751682
1449007716075786831
1449007716125757317
1449007716175784939
1449007716225787206
1449007716275743323
1449007716325786930
1449007716375789841
1449007716425787878
1449007716475788106
1449007716525786013
1449007716575786649
1449007716625789681
1449007716675757302
1449007716725740175
1449007716775780848
1449007716825789649
1449007716875787549
1449007716925748414
1449007716975784883
1449007717025787904
1449007717075788156
1449007717125790169
1449007717175786161
1449007717225791945
1449007717275787557
1449007717325760934
1449007717375789764
1449007717425788690
1449007717475785437
1449007717525789164
1449007717575775828
1449007717625750494
1449007717675742074
1449007717725787686
1449007717775787066
1449007717825789923
1449007717875788986
1449007717925785265
1449007717975778628
1449007718025785626
1449007718075771421
1449007718125788124
1449007718175784043
1449007718225753054
1449007718275790637
1449007718325788771
1449007718375779835
1449007718425785867
1449007718475780757
1449007718525786765
1449007718575747263
1449007718625744806
1449007718675784300
1449007718725779300
1449007718775788870
1449007718825791647
1449007718875786220
1449007718925755528
1449007718975786860
1449007719025790634
1449007719075789265
1449007719125789110
1449007719175784714
1449007719225769875
1449007719275786224
1449007719325789158
1449007719375771984
1449007719425757118
1449007719475751504
1449007719525791329
1449007719575760717
1449007719625739848
1449007719675780501
1449007719725757651
1449007719775789378
1449007719825788547
1449007719875795043
1449007719925769299
1449007719975788618
1449007720025745555
1449007720075751506
1449007720125786594
1449007720175768010
1449007720225757791
1449007720275792518
1449007720325781418
1449007720375784673
1449007720425748733
1449007720475739430
1449007720525784774
1449007720575787488
1449007720625769993
1449007720675772590
1449007720725753304
1449007720775786227
1449007720825790568
1449007720875787890
1449007720925752521
1449007720975782030
1449007721025789160
1449007721075789265
1449007721125762723
1449007721175755241
1449007721225788531
1449007721275787737
1449007721325790304
1449007721375786881
1449007721425785807
1449007721475790733
1449007721525789358
1449007721575779350
1449007721625744458
1449007721675796264
1449007721725805022
1449007721775750703
1449007721825793545
1449007721875764016
1449007721925757904
1449007721975764253
1449007722025749888
1449007722075791958
1449007722125791455
1449007722175758445
1449007722225794712
1449007722275788272
1449007722325740669
1449007722375786584
1449007722425789639
1449007722475787789
1449007722525743951
1449007722575736432
1449007722625745454
1449007722675791440
1449007722725786259
1449007722775788492
1449007722825755362
1449007722875789664
1449007722925789358
1449007722975789563
1449007723025789254
1449007723075789128
1449007723125787055
1449007723175790521
1449007723225790248
1449007723275750623
1449007723325789827
1449007723375788211
1449007723425789920
1449007723475786904
1449007723525786936
1449007723575780045
1449007723625751688
1449007723675729480
1449007723725782277
1449007723775786805
1449007723825788871
1449007723875773194
1449007723925778764
1449007723975790479
1449007724025786044
1449007724075774960
1449007724125789003
1449007724175753958
1449007724225787923
1449007724275825884
1449007724325792012
1449007724375781349
1449007724425789659
1449007724475786577
1449007724525772576
1449007724575742576
1449007724625790246
1449007724675787678
1449007724725788658
1449007724775764358
1449007724825791551
1449007724875786714
1449007724925789916
1449007724975786590
1449007725025789515
1449007725075770262
1449007725125789558
1449007725175771832
1449007725225792213
1449007725275755227
1449007725325789743
1449007725375785371
1449007725425790972
1449007725475785558
1449007725525741075
1449007725575788440
1449007725625802166
1449007725675756437
1449007725725787469
1449007725775800800
1449007725825791163
1449007725875788702
1449007725925790504
1449007725975790155
1449007726025789799
