1449007607304325655 1449007607384594105
1449007607354312319 1449007607434586382
1449007607404307075 1449007607484580594
1449007607454314510 1449007607534590013
1449007607504315654 1449007607584587339
1449007607604311848 1449007607684576594
1449007607654324094 1449007607734615293
1449007607704322662 1449007607784590304
1449007607754318210 1449007607834589457
1449007607854298070 1449007607934564924
1449007607904313390 1449007607984632886
1449007607954318175 1449007608034588019
1449007607554280870 1449007608080890112
1449007607804314179 1449007608080938789
1449007608004315099 1449007608084605086
1449007608054315452 1449007608134547897
1449007608104314995 1449007608184555132
1449007608154318431 1449007608234521015
1449007608204297842 1449007608284556574
1449007608254282151 1449007608334541650
1449007608304302542 1449007608384552900
1449007608354281773 1449007608434560076
1449007608404301783 1449007608484582605
1449007608454315142 1449007608534574649
1449007608504278694 1449007608584531315
1449007608554312969 1449007608634555030
1449007608654315324 1449007608734562376
1449007608704277236 1449007608784538918
1449007608754317278 1449007608834574279
1449007608804318332 1449007608884570585
1449007608904292469 1449007608984589681
1449007608954318319 1449007609034625995
1449007609004320265 1449007609084598217
1449007608604278486 1449007609124920191
1449007608854317584 1449007609124969767
1449007609054317964 1449007609134598505
1449007609104317050 1449007609184579307
1449007609154279393 1449007609234545491
1449007609204320009 1449007609284612484
1449007609254303426 1449007609334624750
1449007609304283412 1449007609384588306
1449007609354319679 1449007609434601784
1449007609404284708 1449007609484570929
1449007609454318773 1449007609534602595
1449007609504318925 1449007609584600372
1449007609554282390 1449007609634548024
1449007609604323885 1449007609684628705
1449007609654321792 1449007609734638135
1449007609704318957 1449007609784596027
1449007609754322647 1449007609834603656
1449007609804318134 1449007609884614522
1449007609854276154 1449007609934517172
1449007609904314065 1449007609984568874
1449007609954314470 1449007610034567556
1449007610004314745 1449007610084616278
1449007610054298183 1449007610134551285
1449007610104315807 1449007610184565933
1449007610154304777 1449007610234517545
1449007610204295684 1449007610284602372
1449007610254267863 1449007610334571921
1449007610304315542 1449007610384579579
1449007610354314895 1449007610434621983
1449007610404314843 1449007610484616776
1449007610454272662 1449007610534497878
1449007610504315617 1449007610584593940
1449007610554316935 1449007610634590861
1449007610604316699 1449007610684740522
1449007610654315792 1449007610734575239
1449007610704316097 1449007610784620105
1449007610754317128 1449007610834601197
1449007610804321328 1449007610884603089
1449007610854289434 1449007610934559569
1449007610904316072 1449007610984581981
1449007610954316204 1449007611034583178
1449007611004316720 1449007611084604060
1449007611054318736 1449007611134617468
1449007611104316118 1449007611184567012
1449007611154310373 1449007611234542845
1449007611204281646 1449007611284577983
1449007611254316697 1449007611334585231
1449007611304317136 1449007611384590547
1449007611354316806 1449007611434594882
1449007611404316955 1449007611484615527
1449007611454317667 1449007611534578838
1449007611504287414 1449007611584569742
1449007611554316882 1449007611634577431
1449007611604317768 1449007611684603936
1449007611654315287 1449007611734591940
1449007611704318847 1449007611784538794
1449007611754318300 1449007611834677099
1449007611804305746 1449007611884600350
1449007611854316866 1449007611934593075
1449007611904314850 1449007611984587473
1449007611954298364 1449007612034569116
1449007612004317355 1449007612084573835
1449007612054272535 1449007612134500974
1449007612104304689 1449007612184571192
1449007612154313674 1449007612234591529
1449007612204309740 1449007612284616153
1449007612254297109 1449007612334571797
1449007612304283810 1449007612384523659
1449007612354313171 1449007612434637338
1449007612404324652 1449007612484645765
1449007612454282154 1449007612534548476
1449007612504287069 1449007612584556138
1449007612554252797 1449007612634494804
1449007612604264845 1449007612684560133
1449007612654313717 1449007612734618303
1449007612704314808 1449007612784633522
1449007612754317549 1449007612834596115
1449007612854291599 1449007612934594281
1449007612904318261 1449007612984576412
1449007612954317544 1449007613034580308
1449007613104282255 1449007613184543543
1449007613154322978 1449007613234640650
1449007613204318653 1449007613284580886
1449007612804325845 1449007613294742723
1449007613054296997 1449007613294792155
1449007613304317881 1449007613384620108
1449007613354320301 1449007613434580824
1449007613404322654 1449007613484588459
1449007613004310847 1449007613528905806
1449007613254317966 1449007613528954500
1449007613454319983 1449007613534587862
1449007613504311542 1449007613584615483
1449007613554319601 1449007613634596177
1449007613604315904 1449007613684605142
1449007613654297447 1449007613734564361
1449007613704314424 1449007613784589987
1449007613754302374 1449007613834573311
1449007613804282891 1449007613884580124
1449007613854315774 1449007613934666351
1449007613904313724 1449007613984533167
1449007613954282705 1449007614034508135
1449007614004295963 1449007614084657217
1449007614054282287 1449007614134559501
1449007614104313639 1449007614184581555
1449007614154313924 1449007614234579996
1449007614204313348 1449007614284611736
1449007614254318170 1449007614334494732
1449007614304312622 1449007614384581350
1449007614354319031 1449007614434588568
1449007614404312792 1449007614484595030
1449007614454315767 1449007614534591103
1449007614504315855 1449007614584615459
1449007614554318496 1449007614634621247
1449007614604317314 1449007614684604060
1449007614654263848 1449007614734486772
1449007614704314895 1449007614784590702
1449007614754315801 1449007614834595608
1449007614804315485 1449007614884615962
1449007614854285819 1449007614934551360
1449007614904281665 1449007614984558170
1449007614954298217 1449007615034566437
1449007615004282900 1449007615084582685
1449007615054317720 1449007615134561609
1449007615104316786 1449007615184547638
1449007615154298620 1449007615234564364
1449007615204313899 1449007615284608546
1449007615254319463 1449007615334640312
1449007615304314720 1449007615384587838
1449007615354314571 1449007615434585478
1449007615404319450 1449007615484616462
1449007615454319331 1449007615534597434
1449007615504314659 1449007615584598160
1449007615554317269 1449007615634588924
1449007615604313723 1449007615684628091
1449007615654316373 1449007615734578577
1449007615704312032 1449007615784591033
1449007615754312691 1449007615834590473
1449007615804313210 1449007615884635720
1449007615854313275 1449007615934581555
1449007615904299642 1449007615984546982
1449007615954336514 1449007616034645907
1449007616004316523 1449007616084595906
1449007616104318096 1449007616184575071
1449007616204315797 1449007616284592286
1449007616254317068 1449007616334593500
1449007616354315393 1449007616434602109
1449007616454320945 1449007616534596515
1449007616054315716 1449007616576908213
1449007616304297876 1449007616576957485
1449007616504305705 1449007616584612149
1449007616554320604 1449007616634595278
1449007616604316225 1449007616684579721
1449007616154316317 1449007616724914000
1449007616404314419 1449007616724963435
1449007616654317710 1449007616734619813
1449007616704314033 1449007616784591187
1449007616754298245 1449007616834557782
1449007616804297698 1449007616884558398
1449007616854286631 1449007616934555750
1449007616904283856 1449007616984550349
1449007616954316308 1449007617034588293
1449007617004284885 1449007617084601234
1449007617054313491 1449007617134588112
1449007617104312554 1449007617184567824
1449007617154314145 1449007617234590776
1449007617204283931 1449007617284526078
1449007617254317586 1449007617334594740
1449007617304298293 1449007617384544366
1449007617354320378 1449007617434612185
1449007617454297626 1449007617534595032
1449007617504310028 1449007617584541034
1449007617604313202 1449007617684569144
1449007617704297890 1449007617784549111
1449007617754301178 1449007617834612259
1449007617854322316 1449007617934587188
1449007617404309064 1449007617952923187
1449007617654313871 1449007617952972292
1449007617904317005 1449007617984617007
1449007617954314427 1449007618034564236
1449007618004313162 1449007618084589868
1449007618104309443 1449007618184579564
1449007618154314800 1449007618234601270
1449007618204317842 1449007618284622204
1449007617554317129 1449007618294801457
1449007617804319264 1449007618294852416
1449007618054314781 1449007618294867938
1449007618254320846 1449007618334631255
1449007618304299078 1449007618384578487
1449007618354278814 1449007618434543209
1449007618404314720 1449007618484639087
1449007618454315319 1449007618534638397
1449007618504314445 1449007618584521888
1449007618554315743 1449007618634591146
1449007618604270031 1449007618684528639
1449007618654308870 1449007618734566052
1449007618704304398 1449007618784538354
1449007618754287845 1449007618834615844
1449007618854317612 1449007618934628686
1449007618904294567 1449007618984575085
1449007618954319078 1449007619034585908
1449007619004315952 1449007619084577353
1449007619104315393 1449007619184710872
1449007619154317322 1449007619234570485
1449007619204300917 1449007619284568412
1449007619254318140 1449007619334586407
1449007619354316442 1449007619434566184
1449007618804299513 1449007619436931419
1449007619054317166 1449007619436981278
1449007619304282778 1449007619436993339
1449007619404283857 1449007619484582188
1449007619454317350 1449007619534598771
1449007619504308214 1449007619584575593
1449007619554314553 1449007619634590682
1449007619604313492 1449007619684585090
1449007619654297387 1449007619734650947
1449007619704267267 1449007619784526276
1449007619754314104 1449007619834578493
1449007619804314851 1449007619884641878
1449007619854314491 1449007619934582391
1449007619904313835 1449007619984594690
1449007619954314611 1449007620034582751
1449007620004312574 1449007620084602460
1449007620054315846 1449007620134593491
1449007620104313833 1449007620184549860
1449007620154316471 1449007620234622600
1449007620204276952 1449007620284530379
1449007620254315491 1449007620334585786
1449007620304281061 1449007620384554247
1449007620354312644 1449007620434573996
1449007620404315762 1449007620484643534
1449007620454314254 1449007620534552168
1449007620554313080 1449007620634568308
1449007620604296504 1449007620684566010
1449007620654303448 1449007620734572820
1449007620704280694 1449007620784545941
1449007620804313347 1449007620884589228
1449007620854316369 1449007620934622435
1449007620954316973 1449007621034605295
1449007620504315391 1449007621052920704
1449007620754316834 1449007621052972288
1449007621004314636 1449007621084593594
1449007621054314724 1449007621134622076
1449007620904314376 1449007621156897331
1449007621104283992 1449007621184550509
1449007621154316885 1449007621234590858
1449007621204294512 1449007621284615198
1449007621254319597 1449007621334595084
1449007621354315945 1449007621434547321
1449007621404317620 1449007621484582539
1449007621454316783 1449007621534604013
1449007621504316139 1449007621584560626
1449007621604315982 1449007621684577463
1449007621654320189 1449007621734589612
1449007621704314544 1449007621784607724
1449007621304284135 1449007621794757725
1449007621554299423 1449007621794807601
1449007621754315297 1449007621834595368
1449007621804315913 1449007621884638437
1449007621854282068 1449007621934544191
1449007621904314499 1449007621984942665
1449007621954302691 1449007622034572377
1449007622004317435 1449007622084618413
1449007622054316675 1449007622134594821
1449007622104315110 1449007622184583680
1449007622154317316 1449007622234574291
1449007622204319198 1449007622284598854
1449007622254311439 1449007622334559054
1449007622304287289 1449007622384433502
1449007622354284600 1449007622434511631
1449007622404315398 1449007622484641476
1449007622454316916 1449007622534588043
1449007622504296552 1449007622584632194
1449007622554281890 1449007622634598109
1449007622604320622 1449007622684974102
1449007622654319511 1449007622734587955
1449007622704313211 1449007622784583282
1449007622754311963 1449007622834587523
1449007622804317898 1449007622884600397
1449007622854318043 1449007622934609683
1449007622904315355 1449007622984586923
1449007622954317705 1449007623034590936
1449007623004313630 1449007623084593397
1449007623054318980 1449007623134598519
1449007623104313285 1449007623184555012
1449007623154313551 1449007623234537006
1449007623204314755 1449007623284596869
1449007623254285413 1449007623334556892
1449007623304313875 1449007623384579403
1449007623354314431 1449007623434563518
1449007623404313103 1449007623484544286
1449007623454279064 1449007623534546172
1449007623504312601 1449007623584598679
1449007623554315229 1449007623634621702
1449007623604313456 1449007623684582211
1449007623654262839 1449007623734493815
1449007623754314235 1449007623834599099
1449007623804318987 1449007623884597253
1449007623854315865 1449007623934584048
1449007623904291147 1449007623984601078
1449007624004317322 1449007624084583521
1449007624054316632 1449007624134597504
1449007624154314366 1449007624234579202
1449007623704313378 1449007624264922437
1449007623954316896 1449007624264972200
1449007624204315844 1449007624284591711
1449007624254315762 1449007624334613108
1449007624304291171 1449007624384550036
1449007624404267055 1449007624484487940
1449007624454314541 1449007624534590489
1449007624504316042 1449007624584589591
1449007624554320243 1449007624634604075
1449007624104312387 1449007624664886620
1449007624354311318 1449007624664936156
1449007624604308665 1449007624684607665
1449007624654312104 1449007624734577187
1449007624704312744 1449007624784595650
1449007624754296682 1449007624834563222
1449007624804312399 1449007624884587475
1449007624854314522 1449007624934590950
1449007624904284004 1449007624984550607
1449007624954284089 1449007625034566668
1449007625004315060 1449007625084578824
1449007625054317240 1449007625134567616
1449007625104284611 1449007625184559569
1449007625154314653 1449007625234584678
1449007625204296754 1449007625284572966
1449007625254313951 1449007625334580380
1449007625304276558 1449007625384539188
1449007625354267759 1449007625434540937
1449007625404319725 1449007625484582924
1449007625454315874 1449007625534576905
1449007625504282523 1449007625584551669
1449007625554333694 1449007625634565381
1449007625604272025 1449007625684547682
1449007625654275832 1449007625734552745
1449007625754273222 1449007625834543955
1449007625804283851 1449007625884496953
1449007625854282740 1449007625934556432
1449007625704273658 1449007625964832235
1449007625904313581 1449007625984582349
1449007625954315573 1449007626034585424
1449007626004276179 1449007626084547840
1449007626054314871 1449007626134561279
1449007626104312881 1449007626184594836
1449007626154273774 1449007626234520268
1449007626204312613 1449007626284587846
1449007626254313654 1449007626334531309
1449007626304299129 1449007626384578377
1449007626354315431 1449007626434624380
1449007626404312285 1449007626484580060
1449007626454325078 1449007626534570086
1449007626554315880 1449007626634565067
1449007626604315477 1449007626684598087
1449007626654314694 1449007626734583294
1449007626704314494 1449007626784635852
1449007626804318216 1449007626884604223
1449007626854317078 1449007626934595043
1449007626904313147 1449007626984578858
1449007626954315821 1449007627034592847
1449007626504314235 1449007627056918299
1449007626754314252 1449007627056967591
1449007627004313934 1449007627084578981
1449007627054315222 1449007627134616948
1449007627104313536 1449007627184591585
1449007627154319157 1449007627234541981
1449007627204315109 1449007627284572337
1449007627304311821 1449007627384560159
1449007627354315464 1449007627434597559
1449007627404313765 1449007627484556213
1449007627454319452 1449007627534596275
1449007627554314056 1449007627634591701
1449007627604313904 1449007627684600669
1449007627654313588 1449007627734579743
1449007627704311925 1449007627784576992
1449007627254298877 1449007627796911998
1449007627504313995 1449007627796961099
1449007627804315392 1449007627884594200
1449007627854317014 1449007627934591782
1449007627904314142 1449007627984580351
1449007627954316893 1449007628034593950
1449007628054316101 1449007628134594056
1449007628154314496 1449007628234560162
1449007628204269776 1449007628284533477
1449007627754317225 1449007628296915037
1449007628004311101 1449007628296941657
1449007628254317967 1449007628334592397
1449007628304315910 1449007628384590279
1449007628404303892 1449007628484565429
1449007628454314431 1449007628534600041
1449007628504312037 1449007628584590911
1449007628554317674 1449007628634595840
1449007628104313753 1449007628648888153
1449007628354313687 1449007628648936570
1449007628654281772 1449007628734550243
1449007628704298094 1449007628784565252
1449007628754316143 1449007628834600229
1449007628804314370 1449007628884620610
1449007628904296081 1449007628984531444
1449007628954316432 1449007629034581933
1449007629004314693 1449007629084598041
1449007629054314394 1449007629134580208
1449007628604313944 1449007629144872377
1449007628854315745 1449007629144922491
1449007629104311943 1449007629184545685
1449007629154282080 1449007629234576539
1449007629204315006 1449007629284572660
1449007629254321017 1449007629334689996
1449007629304311106 1449007629384596669
1449007629354316964 1449007629434593206
1449007629404314380 1449007629484580812
1449007629454317120 1449007629534581395
1449007629504316875 1449007629584629886
1449007629554276775 1449007629634529143
1449007629604311816 1449007629684589247
1449007629654317637 1449007629734571668
1449007629704283277 1449007629784660858
1449007629754314272 1449007629834580200
1449007629804313562 1449007629884579380
1449007629854298422 1449007629934594853
1449007629904312215 1449007629984585226
1449007629954286418 1449007630034525989
1449007630004315515 1449007630084573552
1449007630054316455 1449007630134523129
1449007630104266694 1449007630184540399
1449007630154317149 1449007630234587424
1449007630204314895 1449007630284597485
1449007630254318238 1449007630334590778
1449007630304316318 1449007630384576891
1449007630354313546 1449007630434578145
1449007630404313728 1449007630484530094
1449007630454321283 1449007630534580730
1449007630504311723 1449007630584570622
1449007630554316168 1449007630634578640
1449007630604313369 1449007630684557224
1449007630654315796 1449007630734589395
1449007630704316686 1449007630784558847
1449007630754317356 1449007630834586171
1449007630804319141 1449007630884573904
1449007630854313887 1449007630934581149
1449007630954314458 1449007631034559115
1449007631004314469 1449007631084579248
1449007631054267511 1449007631134526660
1449007631104313055 1449007631184580200
1449007631204315741 1449007631284577356
1449007631304314721 1449007631384663838
1449007631354314529 1449007631434581389
1449007630904297301 1449007631456897864
1449007631154314343 1449007631456947800
1449007631404313889 1449007631484587468
1449007631454297546 1449007631534556626
1449007631554317514 1449007631634577339
1449007631654321279 1449007631734594580
1449007631254280803 1449007631744769397
1449007631504286656 1449007631744819434
1449007631704312928 1449007631784566561
1449007631754306050 1449007631834579666
1449007631804314380 1449007631884571542
1449007631904320347 1449007631984551399
1449007631954298361 1449007632034585304
1449007632054297028 1449007632134557627
1449007632154320330 1449007632234590381
1449007631604313714 1449007632280933984
1449007631854319570 1449007632280984629
1449007632104280969 1449007632280996736
1449007632204316626 1449007632284582097
1449007632304317097 1449007632384579149
1449007632354322918 1449007632434592090
1449007632404313815 1449007632484568368
1449007632004286366 1449007632494635460
1449007632254281722 1449007632494663928
1449007632504278735 1449007632584495408
1449007632554318319 1449007632634562782
1449007632604315033 1449007632684566328
1449007632654314807 1449007632734576038
1449007632754315572 1449007632834552915
1449007632804298003 1449007632884548436
1449007632854316383 1449007632934530357
1449007632904298748 1449007632984520031
1449007632454301923 1449007633012902142
1449007632704314615 1449007633012951353
1449007632954319920 1449007633034517053
1449007633004312849 1449007633084523622
1449007633054316241 1449007633134505833
1449007633104314091 1449007633184571246
1449007633154314440 1449007633234513690
1449007633204315510 1449007633284559729
1449007633254315067 1449007633334490766
1449007633304323521 1449007633384545280
1449007633354319463 1449007633434657742
1449007633404315710 1449007633484567262
1449007633454318387 1449007633534569997
1449007633504314793 1449007633584575583
1449007633554318032 1449007633634560761
1449007633604305555 1449007633684556469
1449007633654298885 1449007633734550457
1449007633704313536 1449007633784565352
1449007633754316410 1449007633834521765
1449007633854281992 1449007633934533765
1449007633904315299 1449007633984567215
1449007633954315621 1449007634034577460
1449007634004314753 1449007634084565126
1449007634104314425 1449007634184609917
1449007634154286089 1449007634234523907
1449007634204301589 1449007634284562269
1449007634254315772 1449007634334566570
1449007633804314464 1449007634364809671
1449007634054315904 1449007634364858552
1449007634304313415 1449007634384571873
1449007634354318655 1449007634434535048
1449007634404298841 1449007634484527131
1449007634454317268 1449007634534562240
1449007634504314149 1449007634584572089
1449007634554317531 1449007634634576582
1449007634604287922 1449007634684541265
1449007634654319575 1449007634734576312
1449007634704313756 1449007634784563725
1449007634754313634 1449007634834584096
1449007634804283019 1449007634884532951
1449007634854316851 1449007634934643584
1449007634954315046 1449007635034577032
1449007635004299125 1449007635084532208
1449007635054287473 1449007635134523286
1449007635104316533 1449007635184579408
1449007635204318330 1449007635284717143
1449007635254276403 1449007635334513750
