1449007666040223656
1449007666090270748
1449007666140258361
1449007666190259498
1449007666240258644
1449007666290260707
1449007666340258587
1449007666390259433
1449007666440258209
1449007666490258668
1449007666540256237
1449007666590255256
1449007666640257940
1449007666690260818
1449007666740261648
1449007666790258692
1449007666840243860
1449007666890257739
1449007666940226426
1449007666990223211
1449007667040261018
1449007667090257985
1449007667140241757
1449007667190262635
1449007667240258791
1449007667290257503
1449007667340258142
1449007667390258354
1449007667440256461
1449007667490358664
1449007667540264786
1449007667590261333
1449007667640261511
1449007667690219427
1449007667740259259
1449007667790260363
1449007667840259105
1449007667890257669
1449007667940224529
1449007667990261471
1449007668040241994
1449007668090259957
1449007668140261525
1449007668190265448
1449007668240240660
1449007668290260974
1449007668340258938
1449007668390257596
1449007668440262355
1449007668490223097
1449007668540258826
1449007668590261006
1449007668640257516
1449007668690208212
1449007668740256663
1449007668790212752
1449007668840257050
1449007668890244623
1449007668940260317
1449007668990197951
1449007669040242756
1449007669090255543
1449007669140247994
1449007669190261413
1449007669240256453
1449007669290261105
1449007669340259830
1449007669390243150
1449007669440258008
1449007669490263736
1449007669540235129
1449007669590261323
1449007669640227394
1449007669690221515
1449007669740256125
1449007669790261088
1449007669840215419
1449007669890258251
1449007669940257574
1449007669990260762
1449007670040256294
1449007670090229554
1449007670140262327
1449007670190231745
1449007670240258825
1449007670290258576
1449007670340249029
1449007670390237307
1449007670440238150
1449007670490261110
1449007670540221248
1449007670590244836
1449007670640256671
1449007670690213400
1449007670740244656
1449007670790223997
1449007670840259970
1449007670890239899
1449007670940240335
1449007670990230891
1449007671040261228
1449007671090222923
1449007671140263924
1449007671190259298
1449007671240260535
1449007671290266590
1449007671340264738
1449007671390261264
1449007671440257915
1449007671490212877
1449007671540258084
1449007671590260875
1449007671640258084
1449007671690241792
1449007671740224240
1449007671790260406
1449007671840259309
1449007671890260563
1449007671940259766
1449007671990254692
1449007672040255893
1449007672090269004
1449007672140265327
1449007672190208703
1449007672240259249
1449007672290259000
1449007672340255767
1449007672390260773
1449007672440239012
1449007672490259369
1449007672540255001
1449007672590258490
1449007672640256116
1449007672690212946
1449007672740260188
1449007672790259986
1449007672840263187
1449007672890259654
1449007672940257207
1449007672990261187
1449007673040225413
1449007673090259526
1449007673140257680
1449007673190226667
1449007673240260028
1449007673290260356
1449007673340259710
1449007673390261599
1449007673440257825
1449007673490222807
1449007673540226199
1449007673590258179
1449007673640250477
1449007673690226006
1449007673740239070
1449007673790262885
1449007673840222555
1449007673890262427
1449007673940257273
1449007673990262446
1449007674040219988
1449007674090259369
1449007674140261007
1449007674190262285
1449007674240264839
1449007674290262525
1449007674340225556
1449007674390262153
1449007674440258900
1449007674490257866
1449007674540220269
1449007674590221440
1449007674640222921
1449007674690221606
1449007674740252651
1449007674790261506
1449007674840262382
1449007674890261331
1449007674940241481
1449007674990261758
1449007675040261516
1449007675090260298
1449007675140249672
1449007675190262529
1449007675240262203
1449007675290211198
1449007675340257959
1449007675390261381
1449007675440219932
1449007675490258698
1449007675540226460
1449007675590231526
1449007675640218414
1449007675690259091
1449007675740264097
1449007675790263029
1449007675840262028
1449007675890220880
1449007675940263244
1449007675990230651
1449007676040244848
1449007676090244178
1449007676140263693
1449007676190262399
1449007676240268871
1449007676290270072
1449007676340265266
1449007676390269042
1449007676440262345
1449007676490265136
1449007676540256839
1449007676590209907
1449007676640255665
1449007676690226794
1449007676740221283
1449007676790250685
1449007676840241639
1449007676890265210
1449007676940272859
1449007676990264769
1449007677040265575
1449007677090230210
1449007677140197928
1449007677190263852
1449007677240259904
1449007677290258031
1449007677340261664
1449007677390261936
1449007677440255466
1449007677490255361
1449007677540243802
1449007677590257435
1449007677640214706
1449007677690261470
1449007677740236869
1449007677790257136
1449007677840257131
1449007677890258605
1449007677940242721
1449007677990216787
1449007678040226580
1449007678090255641
1449007678140241400
1449007678190258243
1449007678240257108
1449007678290256007
1449007678340258029
1449007678390245492
1449007678440258316
1449007678490237998
1449007678540261780
1449007678590258811
1449007678640254546
1449007678690244622
1449007678740258705
1449007678790241965
1449007678840261146
1449007678890223686
1449007678940259308
1449007678990236297
1449007679040253130
1449007679090220975
1449007679140258792
1449007679190260752
1449007679240261966
1449007679290258502
1449007679340261187
1449007679390228417
1449007679440241739
1449007679490260496
1449007679540257490
1449007679590261197
1449007679640259441
1449007679690221339
1449007679740252688
1449007679790228605
1449007679840257047
1449007679890239248
1449007679940255864
1449007679990263219
1449007680040260554
1449007680090260428
1449007680140261342
1449007680190237853
1449007680240259868
1449007680290243919
1449007680340258310
1449007680390257186
1449007680440220019
1449007680490218885
1449007680540256752
1449007680590261514
1449007680640237040
1449007680690258059
1449007680740261678
1449007680790257627
1449007680840261404
1449007680890261753
1449007680940235959
1449007680990217064
1449007681040234816
1449007681090262734
1449007681140241393
1449007681190264644
1449007681240240941
1449007681290308847
1449007681340257472
1449007681390246949
1449007681440224236
1449007681490259734
1449007681540256505
1449007681590260736
1449007681640258205
1449007681690260745
1449007681740260235
1449007681790260150
1449007681840256890
1449007681890258268
1449007681940258717
1449007681990224731
1449007682040259585
1449007682090258698
1449007682140258940
1449007682190257585
1449007682240256814
1449007682290253421
1449007682340220578
1449007682390253614
1449007682440212776
1449007682490218581
1449007682540256899
1449007682590247663
1449007682640257647
1449007682690259639
1449007682740263062
1449007682790260190
1449007682840218784
1449007682890255783
1449007682940259395
1449007682990262447
1449007683040257457
1449007683090256890
1449007683140258425
1449007683190257949
1449007683240259754
1449007683290258038
1449007683340218126
1449007683390259735
1449007683440263782
1449007683490217024
1449007683540217720
1449007683590261688
1449007683640263096
1449007683690261791
1449007683740257623
1449007683790245573
1449007683840263686
1449007683890263747
1449007683940266027
1449007683990250593
1449007684040256699
1449007684090261190
1449007684140260767
1449007684190259693
1449007684240247246
1449007684290212158
1449007684340260759
1449007684390260764
1449007684440260909
1449007684490255922
1449007684540257885
1449007684590261765
1449007684640262895
1449007684690206242
1449007684740256717
1449007684790258693
1449007684840263759
1449007684890243261
1449007684940261099
1449007684990260175
1449007685040260167
1449007685090254986
1449007685140255058
1449007685190234409
1449007685240227698
1449007685290263250
1449007685340249748
1449007685390262134
1449007685440263187
1449007685490221294
1449007685540258847
1449007685590262002
1449007685640228835
1449007685690266087
1449007685740262628
1449007685790259559
1449007685840262299
1449007685890263323
1449007685940215276
1449007685990261435
1449007686040259505
1449007686090260866
1449007686140246465
1449007686190226264
1449007686240265143
1449007686290261353
1449007686340229679
1449007686390243334
1449007686440259402
1449007686490223091
1449007686540226420
1449007686590265430
1449007686640229433
1449007686690263311
1449007686740263139
1449007686790264329
1449007686840243360
1449007686890222173
1449007686940227189
1449007686990261595
1449007687040260631
1449007687090244292
1449007687140230064
1449007687190260859
1449007687240259968
1449007687290263394
1449007687340207739
1449007687390260971
1449007687440264931
1449007687490219737
1449007687540259231
1449007687590230768
1449007687640257914
1449007687690260612
1449007687740261515
1449007687790243419
1449007687840261030
1449007687890262989
1449007687940259990
1449007687990259417
1449007688040258433
1449007688090217561
1449007688140261676
1449007688190248648
1449007688240244964
1449007688290264460
1449007688340267618
1449007688390262712
1449007688440264013
1449007688490211702
1449007688540208790
1449007688590257666
1449007688640220409
1449007688690231623
1449007688740262728
1449007688790234161
1449007688840209366
1449007688890254503
1449007688940261470
1449007688990258923
1449007689040251454
1449007689090224818
1449007689140259231
1449007689190260157
1449007689240214639
1449007689290263224
1449007689340255183
1449007689390258405
1449007689440262857
1449007689490261813
1449007689540260558
1449007689590260352
1449007689640259942
1449007689690229855
1449007689740261706
1449007689790220022
1449007689840255929
1449007689890258028
1449007689940258718
1449007689990257770
1449007690040227486
1449007690090258788
1449007690140260691
1449007690190262269
1449007690240264986
1449007690290265278
1449007690340263315
1449007690390263654
1449007690440263087
1449007690490264542
1449007690540262258
1449007690590264107
1449007690640263691
1449007690690247285
1449007690740262040
1449007690790266528
1449007690840228827
1449007690890256668
1449007690940226588
1449007690990223953
1449007691040262054
1449007691090259938
1449007691140259842
1449007691190259439
1449007691240262237
1449007691290259098
1449007691340220455
1449007691390258512
1449007691440260421
1449007691490260122
1449007691540228749
1449007691590216559
1449007691640257290
1449007691690257819
1449007691740251733
1449007691790261563
1449007691840258114
1449007691890246669
1449007691940224848
1449007691990257242
1449007692040222889
1449007692090260472
1449007692140259665
1449007692190252958
1449007692240259157
1449007692290259422
1449007692340259674
1449007692390258786
1449007692440263465
1449007692490258766
1449007692540255309
1449007692590223228
1449007692640258362
1449007692690257699
1449007692740248997
1449007692790257090
1449007692840234320
1449007692890211476
1449007692940258557
1449007692990214883
1449007693040256338
1449007693090260773
1449007693140220543
1449007693190226548
1449007693240236054
1449007693290259064
1449007693340263726
1449007693390224963
1449007693440261086
1449007693490263116
1449007693540260361
1449007693590262918
1449007693640260888
1449007693690254665
1449007693740258462
1449007693790262025
1449007693840241523
1449007693890227071
1449007693940210024
1449007693990263931
1449007694040243075
1449007694090265885
1449007694140235561
1449007694190262112
1449007694240214696
1449007694290263678
1449007694340265417
1449007694390261235
1449007694440227868
1449007694490262852
1449007694540270835
1449007694590260523
1449007694640262482
1449007694690258845
1449007694740259628
1449007694790226043
1449007694840268033
1449007694890269478
1449007694940262209
1449007694990263246
1449007695040269665
1449007695090263312
1449007695140256735
1449007695190268009
1449007695240226553
1449007695290260936
1449007695340219279
1449007695390233045
1449007695440263135
1449007695490224194
1449007695540262208
1449007695590272126
1449007695640216040
1449007695690261407
1449007695740243241
1449007695790262806
