1449007575288428750 1449007575368737221
1449007575388475164 1449007575468741991
1449007575438467989 1449007575518731763
1449007575488469527 1449007575568736628
1449007575538423144 1449007575618688901
1449007575588470760 1449007575668736524
1449007575638427296 1449007575718687157
1449007575688447339 1449007575768762305
1449007575738471238 1449007575818734063
1449007575788449928 1449007575868749903
1449007575888470303 1449007575968736385
1449007575938426579 1449007576018691181
1449007575988467095 1449007576068731467
1449007576038468159 1449007576118731234
1449007576088462965 1449007576168767775
1449007576138467510 1449007576218622157
1449007576188436054 1449007576268730286
1449007576238469210 1449007576318732546
1449007576288469305 1449007576368736533
1449007576338435627 1449007576418700753
1449007576388469067 1449007576468735256
1449007576438469509 1449007576518740436
1449007576488466845 1449007576568744834
1449007576538469348 1449007576618747651
1449007576588418568 1449007576668736701
1449007576638470871 1449007576718739723
1449007576688469580 1449007576768745915
1449007576738469624 1449007576818745128
1449007576788441816 1449007576868757297
1449007576838471421 1449007576918739157
1449007576888465228 1449007576968761165
1449007576938467051 1449007577018704457
1449007576988482544 1449007577068728918
1449007577038473277 1449007577118699365
1449007577138418823 1449007577218660867
1449007577188467839 1449007577268774449
1449007577238446161 1449007577318698165
1449007577288434459 1449007577368720239
1449007577338467325 1449007577418715289
1449007577388437131 1449007577468737708
1449007577438474133 1449007577518723618
1449007577488436058 1449007577568729616
1449007577538473331 1449007577618724920
1449007577588438590 1449007577668721366
1449007577638473360 1449007577718716513
1449007577688434901 1449007577768721175
1449007577738473623 1449007577818674087
1449007577788438896 1449007577868639603
1449007577838471952 1449007577918720688
1449007577888467300 1449007577968748683
1449007577938453259 1449007578018687068
1449007577988465445 1449007578068728012
1449007578038456252 1449007578118708302
1449007578088452645 1449007578168731406
1449007578138470079 1449007578218741784
1449007578188465784 1449007578268736296
1449007578238449546 1449007578318720164
1449007578288464401 1449007578368738501
1449007578338464736 1449007578418736357
1449007578388468249 1449007578468731771
1449007578438468825 1449007578518739023
1449007578488465652 1449007578568729482
1449007578538468774 1449007578618741621
1449007578588472597 1449007578668731476
1449007578638469702 1449007578718738343
1449007578688470926 1449007578768736948
1449007578738447862 1449007578818722827
1449007578788434954 1449007578868654363
1449007578838465651 1449007578918739661
1449007578888467824 1449007578968729824
1449007578938465394 1449007579018709172
1449007578988450979 1449007579068753193
1449007579038475847 1449007579118745126
1449007579088466323 1449007579168744088
1449007579138468362 1449007579218742867
1449007579188468945 1449007579268747609
1449007579238465315 1449007579318737734
1449007579288464905 1449007579368740031
1449007579338429092 1449007579418703119
1449007579388465319 1449007579468738373
1449007579438465180 1449007579518737940
1449007579488417009 1449007579568733054
1449007579538462713 1449007579618730630
1449007579588465972 1449007579668737887
1449007579638469742 1449007579718741654
1449007579688466279 1449007579768742320
1449007579738434485 1449007579818703443
1449007579788438312 1449007579868747287
1449007579838466400 1449007579918717481
1449007579888456549 1449007579968772795
1449007579938417027 1449007580018672542
1449007579988469765 1449007580068756647
1449007580038470625 1449007580118744828
1449007580088466744 1449007580168738111
1449007580138469228 1449007580218737755
1449007580188469967 1449007580268745106
1449007580238469818 1449007580318745612
1449007580288465891 1449007580368740452
1449007580338470526 1449007580418737079
1449007580388467310 1449007580468747861
1449007580438471137 1449007580518746252
1449007580538469268 1449007580618745253
1449007580588468635 1449007580668748545
1449007580638470811 1449007580718740074
1449007580688466092 1449007580768738836
1449007580738466651 1449007580818732392
1449007580788448294 1449007580868711747
1449007580838450183 1449007580918734376
1449007580888447869 1449007580968748426
1449007580938468945 1449007581018736186
1449007580988468943 1449007581068735653
1449007581038465844 1449007581118731472
1449007581088455783 1449007581168756867
1449007581138469792 1449007581218733783
1449007581188464578 1449007581268738398
1449007581238469531 1449007581318735880
1449007581338469938 1449007581418700239
1449007581388465746 1449007581468731842
1449007581438469820 1449007581518733427
1449007581488435758 1449007581568728831
1449007581538470411 1449007581618735935
1449007581588466881 1449007581668733401
1449007581638462756 1449007581718725157
1449007581688439148 1449007581768732024
1449007581738456030 1449007581818682068
1449007581788462934 1449007581868748016
1449007581838473977 1449007581918628206
1449007581888464283 1449007581968759080
1449007581938470555 1449007582018717527
1449007581988469571 1449007582068752882
1449007582038468891 1449007582118715489
1449007582088469584 1449007582168731192
1449007582138469625 1449007582218718993
1449007582188469259 1449007582268732448
1449007582238475134 1449007582318727842
1449007582288471063 1449007582368731081
1449007582338473239 1449007582418720258
1449007582388436804 1449007582468740635
1449007582438473559 1449007582518721911
1449007582488470991 1449007582568750587
1449007582538415577 1449007582618657938
1449007582588471522 1449007582668758401
1449007582638456836 1449007582718693097
1449007582688458525 1449007582768736457
1449007582788453803 1449007582868746542
1449007582838471024 1449007582918741766
1449007582888470962 1449007582968742523
1449007582938470525 1449007583018714377
1449007582988470550 1449007583068730318
1449007583088469343 1449007583168727805
1449007583138468700 1449007583218715949
1449007583188473719 1449007583268727079
1449007583238469468 1449007583318721591
1449007583288469840 1449007583368758226
1449007583338470429 1449007583418715797
1449007583388468212 1449007583468753661
1449007583438471788 1449007583518723681
1449007583488470457 1449007583568732035
1449007583538468594 1449007583618687358
1449007583588447424 1449007583668615717
1449007583638466298 1449007583718662495
1449007583688430729 1449007583768640763
1449007583738468940 1449007583818697757
1449007583788466873 1449007583868731448
1449007583838470910 1449007583918726365
1449007583888472208 1449007583968753047
1449007583938430224 1449007584018662763
1449007583988471967 1449007584068745235
1449007584038443223 1449007584118705773
1449007584088469410 1449007584168706714
1449007584138469512 1449007584218741921
1449007584188468738 1449007584268750048
1449007584238469050 1449007584318723232
1449007584288439675 1449007584368749406
1449007584338470453 1449007584418743764
1449007584388467962 1449007584468743619
1449007584438470990 1449007584518746590
1449007584488466147 1449007584568741770
1449007584538465497 1449007584618719311
1449007584588451907 1449007584668750904
1449007584688468474 1449007584768766194
1449007584738466651 1449007584818742292
1449007584788436110 1449007584868745149
1449007584838470606 1449007584918742060
1449007584888472388 1449007584968751637
1449007584988479083 1449007585068755869
1449007585038479141 1449007585118751537
1449007585088469942 1449007585168795201
1449007585138472111 1449007585218738811
1449007585188437674 1449007585268713285
1449007585238470470 1449007585318744527
1449007585288450663 1449007585368729263
1449007585338471963 1449007585418745602
1449007585388469438 1449007585468727278
1449007585438469426 1449007585518739898
1449007585488460912 1449007585568741981
1449007585538449103 1449007585618722091
1449007585588468756 1449007585668730444
1449007585638471299 1449007585718739793
1449007585688471317 1449007585768736577
1449007585738469989 1449007585818737995
1449007585788454435 1449007585868745163
1449007585838469267 1449007585918736474
1449007585888468954 1449007585968724566
1449007585938467876 1449007586018733287
1449007585988403639 1449007586068632209
1449007586038417879 1449007586118686714
1449007586088469658 1449007586168738683
1449007586138470999 1449007586218735166
1449007586188468711 1449007586268740333
1449007586238469217 1449007586318736599
1449007586288470116 1449007586368739854
1449007586338472246 1449007586418741222
1449007586438451556 1449007586518678208
1449007586488451591 1449007586568751843
1449007586538471497 1449007586618722939
1449007586588468689 1449007586668739495
1449007586638471530 1449007586718726376
1449007586688466657 1449007586768737817
1449007586788465320 1449007586868735942
1449007586838468799 1449007586918735355
1449007586888471797 1449007586968743939
1449007586938470011 1449007587018736895
1449007586988469284 1449007587068744209
1449007587038468654 1449007587118734626
1449007587088470556 1449007587168738663
1449007587188466540 1449007587268732010
1449007587238468897 1449007587318732232
1449007587288464728 1449007587368731903
1449007587338465832 1449007587418719543
1449007587388457772 1449007587468732704
1449007587438417525 1449007587518642989
1449007587488465893 1449007587568732660
1449007587538449791 1449007587618719739
1449007587588470018 1449007587668739679
1449007587638432431 1449007587718698166
1449007587688469300 1449007587768736474
1449007587738449519 1449007587818718394
1449007587788437681 1449007587868741050
1449007587838436001 1449007587918702431
1449007587888470661 1449007587968739797
1449007587938434975 1449007588018700269
1449007587988469685 1449007588068738607
1449007588038469042 1449007588118735571
1449007588088466848 1449007588168736024
1449007588138468323 1449007588218735915
1449007588188467171 1449007588268755049
1449007588238465415 1449007588318702191
1449007588288467378 1449007588368762917
1449007588338449268 1449007588418717715
1449007588388468764 1449007588468761947
1449007588438423102 1449007588518697613
1449007588488467861 1449007588568740197
1449007588538469309 1449007588618745150
1449007588588470463 1449007588668747029
1449007588638468667 1449007588718748233
1449007588688470606 1449007588768744913
1449007588738469338 1449007588818745188
1449007588788450860 1449007588868729501
1449007588838465027 1449007588918743968
1449007588888470307 1449007588968745577
1449007588938426770 1449007589018675850
1449007588988468489 1449007589068736856
1449007589038469606 1449007589118735588
1449007589088468642 1449007589168740788
1449007589138469636 1449007589218742115
1449007589188467509 1449007589268741753
1449007589238449864 1449007589318706157
1449007589288451048 1449007589368744929
1449007589338468024 1449007589418732442
1449007589388465169 1449007589468740341
1449007589438472961 1449007589518729328
1449007589488467490 1449007589568731260
1449007589538470966 1449007589618699249
1449007589588467620 1449007589668741870
1449007589638438572 1449007589718708275
1449007589688469166 1449007589768750125
1449007589738473567 1449007589818733702
1449007589788437169 1449007589868745364
1449007589838471265 1449007589918720522
1449007589888470912 1449007589968740659
1449007589938470963 1449007590018689982
1449007589988464119 1449007590068729707
1449007590038465387 1449007590118730266
1449007590088467089 1449007590168735920
1449007590138465132 1449007590218719077
1449007590188448456 1449007590268709730
1449007590238417911 1449007590318685423
1449007590288469663 1449007590368736557
1449007590338465087 1449007590418733130
1449007590388470411 1449007590468735704
1449007590438469407 1449007590518734760
1449007590488444585 1449007590568734444
1449007590538450079 1449007590618725679
1449007590588432507 1449007590668717017
1449007590638468660 1449007590718738517
1449007590688474729 1449007590768749961
1449007590738475341 1449007590818748255
1449007590788437911 1449007590868755894
1449007590838474178 1449007590918725089
1449007590888470050 1449007590968739730
1449007590938471017 1449007591018742220
1449007590988469341 1449007591068735864
1449007591038469610 1449007591118738030
1449007591088468372 1449007591168732486
1449007591138450185 1449007591218719230
1449007591188483702 1449007591268740122
1449007591238472438 1449007591318688370
1449007591288472396 1449007591368734148
1449007591338472013 1449007591418682596
1449007591388471694 1449007591468733215
1449007591438470065 1449007591518715791
1449007591488465132 1449007591568715003
1449007591538470081 1449007591618718506
1449007591588471535 1449007591668753971
1449007591638470571 1449007591718717516
1449007591688470459 1449007591768749981
1449007591788435145 1449007591868745768
1449007591838459228 1449007591918739198
1449007591888470688 1449007591968745714
1449007591938463994 1449007592018716328
1449007591988468082 1449007592068603697
1449007592038440317 1449007592118662509
1449007592088452252 1449007592168745739
1449007592138438485 1449007592218643231
1449007592188466637 1449007592268763572
1449007592238467467 1449007592318716631
1449007592288470612 1449007592368753662
1449007592338470817 1449007592418714609
1449007592438469564 1449007592518718059
1449007592488467808 1449007592568758378
1449007592538469045 1449007592618703856
1449007592588432661 1449007592668722253
1449007592638448799 1449007592718698537
1449007592688466918 1449007592768759276
1449007592738450161 1449007592818699679
1449007592788465654 1449007592868754414
1449007592888468904 1449007592968753572
1449007592938466731 1449007593018716315
1449007592988467641 1449007593068743358
1449007593038452454 1449007593118704555
1449007593088431732 1449007593168664485
1449007593138468346 1449007593218741678
1449007593188469844 1449007593268731807
1449007593238468229 1449007593318743809
1449007593288466610 1449007593368737746
1449007593388466880 1449007593468755369
1449007593438470252 1449007593518744078
1449007593488465810 1449007593568742168
1449007593538469162 1449007593618743463
1449007593588468292 1449007593668741603
1449007593638431643 1449007593718699606
1449007593688467479 1449007593768730547
1449007593738468098 1449007593818739716
1449007593788441673 1449007593868656021
1449007593838468302 1449007593918700363
1449007593888469021 1449007593968745016
1449007593938467305 1449007594018723899
1449007593988455774 1449007594068733876
1449007594038489522 1449007594118762339
1449007594088407196 1449007594168603761
1449007594138470966 1449007594218776454
1449007594188467041 1449007594268743687
1449007594238467240 1449007594318731942
1449007594288465875 1449007594368730781
1449007594338469949 1449007594418733602
1449007594388457876 1449007594468734325
1449007594438470549 1449007594518737908
1449007594488466488 1449007594568735153
1449007594538469419 1449007594618732839
1449007594588452566 1449007594668634176
1449007594638463415 1449007594718726687
1449007594688406217 1449007594768658374
1449007594738462132 1449007594818727161
1449007594788418862 1449007594868716829
1449007594838461550 1449007594918718601
1449007594888414294 1449007594968655342
1449007594938450083 1449007595018712016
1449007594988420891 1449007595068706327
1449007595038470044 1449007595118744889
1449007595138474213 1449007595218698474
1449007595188470910 1449007595268744863
1449007595238475479 1449007595318751009
1449007595288462524 1449007595368709439
1449007595338476437 1449007595418679536
1449007595388409289 1449007595468665753
1449007595438463133 1449007595518733280
1449007595488467965 1449007595568740448
1449007595538474351 1449007595618698371
1449007595588471983 1449007595668754703
1449007595638471557 1449007595718746285
1449007595688469728 1449007595768743203
1449007595738471663 1449007595818735109
1449007595788439849 1449007595868639811
1449007595838454273 1449007595918729944
1449007595888471433 1449007595968729958
1449007595938456197 1449007596018679736
1449007595988443129 1449007596068749265
1449007596038473031 1449007596118630386
1449007596088442834 1449007596168750002
1449007596138471149 1449007596218714660
1449007596188472664 1449007596268743898
1449007596238457361 1449007596318733218
1449007596288473766 1449007596368727704
1449007596338475655 1449007596418754680
1449007596438464522 1449007596518727113
1449007596488469094 1449007596568741477
1449007596538468551 1449007596618743129
1449007596588473928 1449007596668730852
1449007596638473495 1449007596718747795
1449007596688407393 1449007596768619122
1449007596738465119 1449007596818736853
1449007596788440751 1449007596868751361
1449007596838477189 1449007596918750818
1449007596888472138 1449007596968733506
1449007596938440117 1449007597018700954
1449007596988423925 1449007597068750461
1449007597038473359 1449007597118754628
1449007597088471937 1449007597168657032
1449007597138472105 1449007597218752877
1449007597188472474 1449007597268758962
1449007597238475893 1449007597318755115
1449007597338477102 1449007597418757376
1449007597388473735 1449007597468755690
1449007597438463166 1449007597518741339
1449007597488469619 1449007597568732807
1449007597538474164 1449007597618759312
1449007597588457023 1449007597668733889
1449007597638472757 1449007597718750929
1449007597688439272 1449007597768763182
1449007597738473671 1449007597818749395
1449007597788438536 1449007597868731222
1449007597838473263 1449007597918734704
1449007597888473672 1449007597968650639
1449007597938441297 1449007598018603550
1449007597988411203 1449007598068656979
1449007598038471581 1449007598118754221
1449007598088464643 1449007598168764352
1449007598138433878 1449007598218618973
1449007598188437845 1449007598268725667
1449007598238474122 1449007598318719126
1449007598288420004 1449007598368564892
1449007598338468823 1449007598418631661
1449007598388407168 1449007598468655707
1449007598438464957 1449007598518747810
1449007598488459934 1449007598568739803
1449007598538476947 1449007598618671727
1449007598588476136 1449007598668753758
1449007598638422899 1449007598718714012
1449007598688472995 1449007598768751986
1449007598738495791 1449007598818777181
1449007598788444009 1449007598868748444
1449007598838472605 1449007598918749421
1449007598888475884 1449007598968755520
1449007598938455549 1449007599018738112
1449007598988472900 1449007599068649903
1449007599038477638 1449007599118755858
1449007599088442293 1449007599168754887
1449007599138471738 1449007599218751337
1449007599188478752 1449007599268698094
1449007599238475278 1449007599318755696
1449007599288411482 1449007599368709416
1449007599338467126 1449007599418746972
1449007599388455210 1449007599468741214
1449007599438477980 1449007599518759133
1449007599488471466 1449007599568751610
1449007599538474434 1449007599618750255
1449007599588470851 1449007599668747370
1449007599638472386 1449007599718744324
1449007599688469928 1449007599768745976
1449007599738471480 1449007599818746886
1449007599788432720 1449007599868738225
1449007599838466301 1449007599918702465
1449007599888454666 1449007599968737235
1449007599938475087 1449007600018730421
1449007599988473872 1449007600068762131
1449007600038506768 1449007600118768971
1449007600088467223 1449007600168730131
1449007600138470254 1449007600218741351
1449007600188464914 1449007600268764892
1449007600238472178 1449007600318761529
1449007600288468738 1449007600368722699
1449007600338469722 1449007600418740788
1449007600388427223 1449007600468717938
1449007600438429203 1449007600518699755
1449007600488463759 1449007600568719020
1449007600538468625 1449007600618662857
1449007600588425331 1449007600668719817
1449007600638451722 1449007600718719438
1449007600688433145 1449007600768744877
1449007600738432224 1449007600818626179
1449007600788432055 1449007600868747830
1449007600838455583 1449007600918705208
1449007600888449888 1449007600968701594
1449007600938436827 1449007601018641660
1449007600988426104 1449007601068711118
1449007601038426660 1449007601118658701
1449007601088468796 1449007601168744580
1449007601138468487 1449007601218738996
1449007601188452412 1449007601268638025
1449007601238441656 1449007601318714493
1449007601288423496 1449007601368715276
1449007601338438524 1449007601418719828
1449007601388450446 1449007601468630359
1449007601438464379 1449007601518717325
1449007601488469145 1449007601568757494
1449007601538473703 1449007601618723137
1449007601588470350 1449007601668759350
1449007601638472606 1449007601718719598
1449007601688469641 1449007601768754452
1449007601738437513 1449007601818688180
1449007601788466914 1449007601868750690
1449007601838468923 1449007601918681103
1449007601888455337 1449007601968736874
1449007601938453070 1449007602018665905
1449007601988469786 1449007602068732811
1449007602038438456 1449007602118656359
1449007602088452419 1449007602168727411
1449007602138470792 1449007602218720434
1449007602188437428 1449007602268726519
1449007602238472058 1449007602318714546
1449007602288470613 1449007602368682285
1449007602338471319 1449007602418702602
1449007602388451742 1449007602468654067
1449007602438468151 1449007602518675420
1449007602488469783 1449007602568752456
1449007602538471525 1449007602618716733
1449007602588470367 1449007602668720496
1449007602638428847 1449007602718642277
1449007602688471258 1449007602768708448
1449007602738420027 1449007602818612201
1449007602788441500 1449007602868717418
1449007602838460862 1449007602918681086
1449007602888436007 1449007602968727867
1449007602938469801 1449007603018673679
1449007602988470351 1449007603068754383
1449007603038470599 1449007603118703877
1449007603088468927 1449007603168754486
1449007603138474965 1449007603218658373
1449007603238472923 1449007603318749045
1449007603288450193 1449007603368766826
1449007603338431545 1449007603418672561
1449007603388474003 1449007603468662091
1449007603438477345 1449007603518753069
1449007603488439878 1449007603568752091
1449007603538473977 1449007603618662232
1449007603588474640 1449007603668757737
1449007603638471898 1449007603718739507
1449007603688471469 1449007603768750076
1449007603738469208 1449007603818746455
1449007603788424037 1449007603868606860
1449007603838437238 1449007603918667573
1449007603888408515 1449007603968660010
1449007603938467760 1449007604018747804
1449007603988474965 1449007604068662054
1449007604088441799 1449007604168744073
1449007604138473629 1449007604218634454
1449007604188472090 1449007604268754616
1449007604238471360 1449007604318750150
1449007604288473910 1449007604368753927
1449007604338472635 1449007604418709481
1449007604388454980 1449007604468731639
1449007604438467864 1449007604518719660
1449007604488467902 1449007604568721452
1449007604538439155 1449007604618696490
1449007604588409666 1449007604668654166
1449007604638463426 1449007604718695765
1449007604688472585 1449007604768745472
1449007604738428179 1449007604818652249
1449007604788435944 1449007604868731590
1449007604838467971 1449007604918704503
1449007604888426556 1449007604968644909
1449007604938454189 1449007605018729709
1449007604988408628 1449007605068634462
1449007605038434454 1449007605118701214
