1450054352585389 1450054352585655 1450054352585670 1450054352585813
1450054352635576 1450054352635700 1450054352635718 1450054352635882
1450054352685430 1450054352685540 1450054352685558 1450054352685686
1450054352735405 1450054352735512 1450054352735529 1450054352735723
1450054352785435 1450054352785544 1450054352785561 1450054352785692
1450054352835413 1450054352835932 1450054352835947 1450054352836118
1450054352885413 1450054352885495 1450054352885512 1450054352885612
1450054352935423 1450054352935504 1450054352935520 1450054352935624
1450054352985399 1450054352985477 1450054352985492 1450054352985621
1450054353035414 1450054353035508 1450054353035524 1450054353035718
1450054353085413 1450054353085495 1450054353085510 1450054353085654
1450054353135429 1450054353135509 1450054353135525 1450054353135705
1450054353185397 1450054353185475 1450054353185490 1450054353185624
1450054353235370 1450054353235414 1450054353235420 1450054353235487
1450054353285389 1450054353285471 1450054353285485 1450054353285626
1450054353335400 1450054353335487 1450054353335503 1450054353335639
1450054353385389 1450054353385464 1450054353385478 1450054353385635
1450054353435412 1450054353435516 1450054353435532 1450054353435732
1450054353485429 1450054353485511 1450054353485522 1450054353485618
1450054353535431 1450054353535510 1450054353535526 1450054353535652
1450054353585398 1450054353585475 1450054353585491 1450054353585617
1450054353635402 1450054353635485 1450054353635504 1450054353635702
1450054353685431 1450054353685510 1450054353685526 1450054353685674
1450054353735405 1450054353735492 1450054353735510 1450054353735719
1450054353785403 1450054353785491 1450054353785504 1450054353785646
1450054353835394 1450054353835461 1450054353835475 1450054353835641
1450054353885413 1450054353885494 1450054353885508 1450054353885664
1450054353935399 1450054353935506 1450054353935521 1450054353935629
1450054353985418 1450054353985537 1450054353985553 1450054353985936
1450054354035399 1450054354035521 1450054354035535 1450054354035722
1450054354085416 1450054354085519 1450054354085538 1450054354085680
1450054354135395 1450054354135538 1450054354135567 1450054354135753
1450054354185403 1450054354185513 1450054354185536 1450054354185696
1450054354235386 1450054354235463 1450054354235478 1450054354235646
1450054354285428 1450054354285505 1450054354285521 1450054354285662
1450054354335391 1450054354335471 1450054354335484 1450054354335603
1450054354385380 1450054354385450 1450054354385464 1450054354385588
1450054354435427 1450054354435513 1450054354435529 1450054354435768
1450054354485367 1450054354485435 1450054354485444 1450054354485514
1450054354535426 1450054354535511 1450054354535527 1450054354535698
1450054354585429 1450054354585510 1450054354585526 1450054354585664
1450054354635400 1450054354635489 1450054354635503 1450054354635689
1450054354685416 1450054354685499 1450054354685515 1450054354685659
1450054354735431 1450054354735515 1450054354735532 1450054354735720
1450054354785389 1450054354785469 1450054354785484 1450054354785633
1450054354835402 1450054354835499 1450054354835513 1450054354835647
1450054354885388 1450054354885458 1450054354885472 1450054354885602
1450054354935428 1450054354935513 1450054354935529 1450054354935718
1450054354985429 1450054354985510 1450054354985526 1450054354985674
1450054355035413 1450054355035493 1450054355035509 1450054355035731
1450054355085424 1450054355085507 1450054355085524 1450054355085676
1450054355135428 1450054355135505 1450054355135521 1450054355135717
1450054355185393 1450054355185510 1450054355185535 1450054355185628
1450054355235389 1450054355235462 1450054355235476 1450054355235584
1450054355285380 1450054355285489 1450054355285503 1450054355285619
1450054355335426 1450054355335506 1450054355335520 1450054355335713
1450054355385434 1450054355385507 1450054355385522 1450054355385615
1450054355435391 1450054355435543 1450054355435566 1450054355435752
1450054355485391 1450054355485490 1450054355485505 1450054355485650
1450054355535405 1450054355535541 1450054355535558 1450054355535760
1450054355585435 1450054355585638 1450054355585653 1450054355585841
1450054355635381 1450054355635521 1450054355635536 1450054355635756
1450054355685385 1450054355685576 1450054355685590 1450054355685738
1450054355735414 1450054355735603 1450054355735620 1450054355735794
1450054355785385 1450054355785455 1450054355785465 1450054355785540
1450054355835402 1450054355835510 1450054355835519 1450054355835898
1450054355885400 1450054355885526 1450054355885551 1450054355885640
1450054355935367 1450054355935434 1450054355935441 1450054355935493
1450054355985398 1450054355985483 1450054355985498 1450054355985613
1450054356035373 1450054356035433 1450054356035442 1450054356035521
1450054356085362 1450054356085429 1450054356085435 1450054356085493
1450054356135393 1450054356135464 1450054356135474 1450054356135559
1450054356185428 1450054356185543 1450054356185561 1450054356185717
1450054356235375 1450054356235466 1450054356235475 1450054356235547
1450054356285433 1450054356285538 1450054356285556 1450054356285705
1450054356335430 1450054356335535 1450054356335554 1450054356335763
1450054356385400 1450054356385506 1450054356385523 1450054356385652
1450054356435426 1450054356435531 1450054356435549 1450054356435738
1450054356485384 1450054356485493 1450054356485504 1450054356485582
1450054356535436 1450054356535518 1450054356535533 1450054356535706
1450054356585437 1450054356585547 1450054356585564 1450054356585695
1450054356635436 1450054356635518 1450054356635535 1450054356635741
1450054356685429 1450054356685529 1450054356685551 1450054356685738
1450054356735439 1450054356735627 1450054356735645 1450054356735821
1450054356785434 1450054356785542 1450054356785560 1450054356785711
1450054356835370 1450054356835409 1450054356835418 1450054356835474
1450054356885383 1450054356885444 1450054356885452 1450054356885524
1450054356935368 1450054356935445 1450054356935454 1450054356935537
1450054356985363 1450054356985391 1450054356985397 1450054356985451
1450054357035453 1450054357035492 1450054357035498 1450054357035554
1450054357085367 1450054357085407 1450054357085415 1450054357085471
1450054357135383 1450054357135417 1450054357135423 1450054357135472
1450054357185364 1450054357185401 1450054357185408 1450054357185493
1450054357235361 1450054357235411 1450054357235418 1450054357235473
1450054357285367 1450054357285433 1450054357285441 1450054357285504
1450054357335363 1450054357335402 1450054357335411 1450054357335465
1450054357385361 1450054357385415 1450054357385422 1450054357385483
1450054357435372 1450054357435435 1450054357435452 1450054357435576
1450054357485421 1450054357485528 1450054357485547 1450054357485686
1450054357535425 1450054357535528 1450054357535546 1450054357535747
1450054357585430 1450054357585536 1450054357585555 1450054357585646
1450054357635390 1450054357635511 1450054357635529 1450054357635707
1450054357685368 1450054357685436 1450054357685443 1450054357685500
1450054357735393 1450054357735472 1450054357735488 1450054357735614
1450054357785389 1450054357785448 1450054357785456 1450054357785526
1450054357835369 1450054357835438 1450054357835449 1450054357835557
1450054357885371 1450054357885432 1450054357885441 1450054357885518
1450054357935424 1450054357935537 1450054357935554 1450054357935715
1450054357985434 1450054357985582 1450054357985600 1450054357985753
1450054358035433 1450054358035540 1450054358035558 1450054358035756
1450054358085416 1450054358085525 1450054358085542 1450054358085692
1450054358135396 1450054358135461 1450054358135472 1450054358135582
1450054358185434 1450054358185543 1450054358185560 1450054358185718
1450054358235403 1450054358235493 1450054358235508 1450054358235629
1450054358285384 1450054358285468 1450054358285487 1450054358285639
1450054358335408 1450054358335534 1450054358335554 1450054358335733
1450054358385420 1450054358385518 1450054358385536 1450054358385697
1450054358435390 1450054358435433 1450054358435441 1450054358435509
1450054358485395 1450054358485470 1450054358485484 1450054358485671
1450054358535418 1450054358535497 1450054358535512 1450054358535691
1450054358585381 1450054358585473 1450054358585489 1450054358585637
1450054358635369 1450054358635444 1450054358635454 1450054358635540
1450054358685391 1450054358685449 1450054358685459 1450054358685535
1450054358735384 1450054358735483 1450054358735499 1450054358735694
1450054358785366 1450054358785410 1450054358785418 1450054358785486
1450054358835386 1450054358835485 1450054358835500 1450054358835617
1450054358885402 1450054358885513 1450054358885530 1450054358885676
1450054358935373 1450054358935421 1450054358935431 1450054358935504
1450054358985368 1450054358985415 1450054358985424 1450054358985497
1450054359035420 1450054359035504 1450054359035520 1450054359035696
1450054359085374 1450054359085421 1450054359085430 1450054359085496
1450054359135387 1450054359135461 1450054359135474 1450054359135626
1450054359185389 1450054359185453 1450054359185465 1450054359185577
1450054359235372 1450054359235418 1450054359235427 1450054359235503
1450054359285404 1450054359285463 1450054359285474 1450054359285583
1450054359335372 1450054359335417 1450054359335426 1450054359335503
1450054359385380 1450054359385437 1450054359385445 1450054359385532
1450054359435369 1450054359435413 1450054359435422 1450054359435489
1450054359485368 1450054359485412 1450054359485420 1450054359485520
1450054359535403 1450054359535488 1450054359535504 1450054359535693
1450054359585395 1450054359585470 1450054359585483 1450054359585619
1450054359635393 1450054359635482 1450054359635496 1450054359635707
1450054359685391 1450054359685463 1450054359685469 1450054359685571
1450054359735373 1450054359735426 1450054359735433 1450054359735502
1450054359785392 1450054359785497 1450054359785522 1450054359785637
1450054359835394 1450054359835499 1450054359835516 1450054359835642
1450054359885397 1450054359885571 1450054359885585 1450054359885744
1450054359935402 1450054359935474 1450054359935487 1450054359935592
1450054359985373 1450054359985405 1450054359985413 1450054359985503
1450054360035499 1450054360035569 1450054360035577 1450054360035686
1450054360085372 1450054360085421 1450054360085428 1450054360085530
1450054360135368 1450054360135440 1450054360135449 1450054360135523
1450054360185410 1450054360185490 1450054360185500 1450054360185611
1450054360235371 1450054360235427 1450054360235434 1450054360235488
1450054360285362 1450054360285427 1450054360285435 1450054360285510
1450054360335373 1450054360335436 1450054360335445 1450054360335523
1450054360385380 1450054360385521 1450054360385532 1450054360385608
1450054360435361 1450054360435428 1450054360435435 1450054360435485
1450054360485358 1450054360485410 1450054360485416 1450054360485477
1450054360535375 1450054360535449 1450054360535461 1450054360535565
1450054360585365 1450054360585462 1450054360585469 1450054360585527
1450054360635362 1450054360635418 1450054360635425 1450054360635487
1450054360685366 1450054360685424 1450054360685432 1450054360685506
1450054360735368 1450054360735459 1450054360735474 1450054360735603
1450054360785403 1450054360785500 1450054360785509 1450054360785584
1450054360835358 1450054360835410 1450054360835416 1450054360835469
1450054360885376 1450054360885423 1450054360885433 1450054360885515
1450054360935380 1450054360935436 1450054360935443 1450054360935504
1450054360985386 1450054360985490 1450054360985499 1450054360985572
1450054361035361 1450054361035414 1450054361035421 1450054361035477
1450054361085361 1450054361085421 1450054361085428 1450054361085495
1450054361135414 1450054361135547 1450054361135565 1450054361135673
1450054361185428 1450054361185540 1450054361185558 1450054361185706
1450054361235397 1450054361235460 1450054361235482 1450054361235560
1450054361285434 1450054361285539 1450054361285561 1450054361285775
1450054361335450 1450054361335549 1450054361335567 1450054361335717
1450054361385410 1450054361385509 1450054361385525 1450054361385650
1450054361435390 1450054361435489 1450054361435504 1450054361435618
1450054361485366 1450054361485441 1450054361485450 1450054361485547
1450054361535372 1450054361535445 1450054361535455 1450054361535545
1450054361585363 1450054361585394 1450054361585399 1450054361585454
1450054361635367 1450054361635425 1450054361635434 1450054361635514
1450054361685389 1450054361685483 1450054361685498 1450054361685638
1450054361735370 1450054361735397 1450054361735403 1450054361735460
1450054361785429 1450054361785488 1450054361785495 1450054361785551
1450054361835376 1450054361835438 1450054361835446 1450054361835504
1450054361885387 1450054361885467 1450054361885481 1450054361885619
1450054361935386 1450054361935474 1450054361935488 1450054361935589
1450054361985370 1450054361985428 1450054361985437 1450054361985524
1450054362035389 1450054362035495 1450054362035511 1450054362035625
1450054362085382 1450054362085456 1450054362085467 1450054362085564
1450054362135386 1450054362135477 1450054362135493 1450054362135605
1450054362185392 1450054362185492 1450054362185505 1450054362185617
1450054362235365 1450054362235416 1450054362235423 1450054362235490
1450054362285381 1450054362285497 1450054362285511 1450054362285671
1450054362335368 1450054362335424 1450054362335431 1450054362335482
1450054362385384 1450054362385454 1450054362385467 1450054362385689
1450054362435390 1450054362435469 1450054362435482 1450054362435751
1450054362485365 1450054362485399 1450054362485404 1450054362485462
1450054362535380 1450054362535485 1450054362535503 1450054362535606
1450054362585367 1450054362585423 1450054362585430 1450054362585486
1450054362635384 1450054362635540 1450054362635557 1450054362635716
1450054362685392 1450054362685489 1450054362685504 1450054362685638
1450054362735380 1450054362735413 1450054362735419 1450054362735495
1450054362785358 1450054362785391 1450054362785396 1450054362785452
1450054362835368 1450054362835427 1450054362835438 1450054362835552
1450054362885368 1450054362885438 1450054362885445 1450054362885510
1450054362935366 1450054362935412 1450054362935421 1450054362935531
1450054362985398 1450054362985459 1450054362985471 1450054362985556
1450054363035391 1450054363035461 1450054363035473 1450054363035557
1450054363085385 1450054363085462 1450054363085480 1450054363085590
1450054363135713 1450054363135796 1450054363135812 1450054363136194
1450054363185372 1450054363185412 1450054363185418 1450054363185487
1450054363235364 1450054363235430 1450054363235441 1450054363235521
1450054363285365 1450054363285426 1450054363285434 1450054363285507
1450054363335364 1450054363335400 1450054363335406 1450054363335451
1450054363385389 1450054363385456 1450054363385469 1450054363385548
1450054363435375 1450054363435437 1450054363435450 1450054363435614
1450054363485367 1450054363485406 1450054363485412 1450054363485481
1450054363535383 1450054363535453 1450054363535467 1450054363535574
1450054363585370 1450054363585431 1450054363585439 1450054363585506
1450054363635362 1450054363635397 1450054363635403 1450054363635458
1450054363685359 1450054363685393 1450054363685399 1450054363685461
1450054363735373 1450054363735418 1450054363735427 1450054363735510
1450054363785421 1450054363785533 1450054363785550 1450054363785686
1450054363835387 1450054363835555 1450054363835572 1450054363835713
1450054363885367 1450054363885429 1450054363885440 1450054363885568
1450054363935377 1450054363935462 1450054363935476 1450054363935589
1450054363985392 1450054363985534 1450054363985549 1450054363985638
1450054364035392 1450054364035512 1450054364035519 1450054364035580
1450054364085534 1450054364085565 1450054364085572 1450054364085639
1450054364135441 1450054364135479 1450054364135487 1450054364135538
1450054364185362 1450054364185397 1450054364185404 1450054364185455
1450054364235368 1450054364235412 1450054364235421 1450054364235495
1450054364285374 1450054364285478 1450054364285495 1450054364285593
1450054364335377 1450054364335444 1450054364335453 1450054364335544
1450054364385365 1450054364385420 1450054364385427 1450054364385483
1450054364435375 1450054364435454 1450054364435470 1450054364435587
1450054364485380 1450054364485430 1450054364485442 1450054364485574
1450054364535523 1450054364535588 1450054364535600 1450054364535727
1450054364585376 1450054364585469 1450054364585485 1450054364585602
1450054364635431 1450054364635558 1450054364635570 1450054364635712
1450054364685380 1450054364685446 1450054364685458 1450054364685571
1450054364735374 1450054364735415 1450054364735422 1450054364735489
1450054364785362 1450054364785418 1450054364785430 1450054364785568
1450054364835385 1450054364835423 1450054364835430 1450054364835488
1450054364885369 1450054364885434 1450054364885446 1450054364885582
1450054364935368 1450054364935411 1450054364935419 1450054364935487
1450054364985380 1450054364985475 1450054364985489 1450054364985596
1450054365035378 1450054365035443 1450054365035456 1450054365035563
1450054365085363 1450054365085396 1450054365085402 1450054365085459
1450054365135372 1450054365135437 1450054365135449 1450054365135557
1450054365185377 1450054365185441 1450054365185453 1450054365185567
1450054365235366 1450054365235398 1450054365235404 1450054365235466
1450054365285369 1450054365285431 1450054365285446 1450054365285598
1450054365335392 1450054365335486 1450054365335500 1450054365335596
1450054365385388 1450054365385456 1450054365385469 1450054365385615
1450054365435377 1450054365435440 1450054365435453 1450054365435555
1450054365485390 1450054365485458 1450054365485472 1450054365485602
1450054365535377 1450054365535435 1450054365535446 1450054365535543
1450054365585392 1450054365585464 1450054365585477 1450054365585629
1450054365635392 1450054365635464 1450054365635478 1450054365635590
1450054365685328 1450054365685398 1450054365685409 1450054365685540
1450054365735547 1450054365735610 1450054365735622 1450054365735725
1450054365785374 1450054365785470 1450054365785485 1450054365785590
1450054365835362 1450054365835409 1450054365835419 1450054365835485
1450054365885384 1450054365885480 1450054365885495 1450054365885629
1450054365935374 1450054365935431 1450054365935442 1450054365935539
1450054365985373 1450054365985432 1450054365985444 1450054365985554
1450054366035376 1450054366035469 1450054366035476 1450054366035550
1450054366085379 1450054366085535 1450054366085551 1450054366085667
1450054366135390 1450054366135456 1450054366135474 1450054366135549
1450054366185390 1450054366185536 1450054366185551 1450054366185651
1450054366235424 1450054366235523 1450054366235540 1450054366235716
1450054366285390 1450054366285481 1450054366285497 1450054366285616
1450054366335373 1450054366335427 1450054366335437 1450054366335529
1450054366385373 1450054366385467 1450054366385478 1450054366385575
1450054366435391 1450054366435454 1450054366435466 1450054366435567
1450054366485375 1450054366485457 1450054366485480 1450054366485632
1450054366535401 1450054366535491 1450054366535507 1450054366535617
1450054366585373 1450054366585467 1450054366585482 1450054366585584
1450054366635387 1450054366635442 1450054366635453 1450054366635548
1450054366685379 1450054366685444 1450054366685458 1450054366685579
1450054366735388 1450054366735468 1450054366735480 1450054366735599
1450054366785392 1450054366785466 1450054366785474 1450054366785546
1450054366835437 1450054366835525 1450054366835543 1450054366835644
1450054366885423 1450054366885488 1450054366885503 1450054366885667
1450054366935379 1450054366935476 1450054366935488 1450054366935653
1450054366985398 1450054366985457 1450054366985468 1450054366985641
1450054367035374 1450054367035434 1450054367035445 1450054367035555
1450054367085382 1450054367085479 1450054367085494 1450054367085647
1450054367135379 1450054367135444 1450054367135455 1450054367135565
1450054367185377 1450054367185436 1450054367185447 1450054367185549
1450054367235427 1450054367235526 1450054367235544 1450054367235734
1450054367285382 1450054367285475 1450054367285490 1450054367285629
1450054367335414 1450054367335482 1450054367335497 1450054367335597
1450054367385379 1450054367385437 1450054367385449 1450054367385541
1450054367435379 1450054367435465 1450054367435477 1450054367435572
1450054367485375 1450054367485436 1450054367485447 1450054367485535
1450054367535373 1450054367535440 1450054367535454 1450054367535568
1450054367585376 1450054367585439 1450054367585451 1450054367585566
1450054367635388 1450054367635480 1450054367635491 1450054367635602
1450054367685379 1450054367685445 1450054367685458 1450054367685608
1450054367735371 1450054367735461 1450054367735476 1450054367735609
1450054367785372 1450054367785456 1450054367785469 1450054367785581
1450054367835371 1450054367835426 1450054367835437 1450054367835541
1450054367885378 1450054367885442 1450054367885455 1450054367885581
1450054367935379 1450054367935476 1450054367935491 1450054367935628
1450054367985375 1450054367985439 1450054367985452 1450054367985554
1450054368035389 1450054368035451 1450054368035463 1450054368035562
1450054368085375 1450054368085435 1450054368085447 1450054368085567
1450054368135375 1450054368135486 1450054368135502 1450054368135604
1450054368185381 1450054368185479 1450054368185495 1450054368185602
1450054368235375 1450054368235437 1450054368235449 1450054368235553
1450054368285380 1450054368285426 1450054368285436 1450054368285582
1450054368335521 1450054368335611 1450054368335627 1450054368335741
1450054368385392 1450054368385459 1450054368385472 1450054368385569
1450054368435441 1450054368435590 1450054368435605 1450054368435768
1450054368485396 1450054368485761 1450054368485773 1450054368486196
1450054368535385 1450054368535437 1450054368535445 1450054368535502
1450054368585427 1450054368585539 1450054368585556 1450054368585690
1450054368635379 1450054368635443 1450054368635455 1450054368635552
1450054368685381 1450054368685445 1450054368685458 1450054368685557
1450054368735374 1450054368735433 1450054368735445 1450054368735547
1450054368785385 1450054368785481 1450054368785495 1450054368785596
1450054368835380 1450054368835485 1450054368835500 1450054368835613
1450054368885396 1450054368885494 1450054368885509 1450054368885620
1450054368935373 1450054368935431 1450054368935443 1450054368935537
1450054368985364 1450054368985406 1450054368985413 1450054368985483
1450054369035432 1450054369035519 1450054369035536 1450054369035740
1450054369085395 1450054369085465 1450054369085478 1450054369085589
1450054369135371 1450054369135449 1450054369135460 1450054369135607
1450054369185388 1450054369185479 1450054369185493 1450054369185589
1450054369235388 1450054369235475 1450054369235489 1450054369235582
1450054369285383 1450054369285452 1450054369285465 1450054369285588
1450054369335430 1450054369335543 1450054369335561 1450054369335721
1450054369385394 1450054369385490 1450054369385505 1450054369385615
1450054369435393 1450054369435469 1450054369435481 1450054369435559
1450054369485379 1450054369485439 1450054369485450 1450054369485539
1450054369535428 1450054369535539 1450054369535558 1450054369535688
1450054369585385 1450054369585485 1450054369585499 1450054369585577
1450054369635393 1450054369635432 1450054369635439 1450054369635524
1450054369685369 1450054369685463 1450054369685478 1450054369685592
1450054369735372 1450054369735429 1450054369735440 1450054369735547
1450054369785372 1450054369785460 1450054369785471 1450054369785573
1450054369835427 1450054369835532 1450054369835550 1450054369835690
1450054369885399 1450054369885461 1450054369885474 1450054369885588
1450054369935373 1450054369935453 1450054369935468 1450054369935604
1450054369985372 1450054369985430 1450054369985441 1450054369985542
1450054370035386 1450054370035440 1450054370035450 1450054370035536
1450054370085374 1450054370085432 1450054370085444 1450054370085531
1450054370135375 1450054370135450 1450054370135461 1450054370135563
1450054370185414 1450054370185479 1450054370185491 1450054370185619
1450054370235389 1450054370235454 1450054370235465 1450054370235599
1450054370285376 1450054370285436 1450054370285450 1450054370285565
1450054370335374 1450054370335432 1450054370335443 1450054370335546
1450054370385370 1450054370385422 1450054370385431 1450054370385528
1450054370435374 1450054370435441 1450054370435457 1450054370435572
1450054370485381 1450054370485466 1450054370485486 1450054370485588
1450054370535392 1450054370535458 1450054370535471 1450054370535590
1450054370585389 1450054370585444 1450054370585455 1450054370585551
1450054370635376 1450054370635436 1450054370635449 1450054370635540
1450054370685380 1450054370685475 1450054370685492 1450054370685592
1450054370735399 1450054370735458 1450054370735468 1450054370735588
1450054370785363 1450054370785396 1450054370785402 1450054370785462
1450054370835383 1450054370835460 1450054370835471 1450054370835560
1450054370885379 1450054370885470 1450054370885487 1450054370885604
1450054370935385 1450054370935484 1450054370935499 1450054370935625
1450054370985401 1450054370985495 1450054370985515 1450054370985671
1450054371035431 1450054371035544 1450054371035562 1450054371035744
1450054371085378 1450054371085471 1450054371085489 1450054371085579
1450054371135387 1450054371135481 1450054371135495 1450054371135594
1450054371185391 1450054371185510 1450054371185525 1450054371185629
1450054371235375 1450054371235435 1450054371235447 1450054371235550
1450054371285377 1450054371285452 1450054371285468 1450054371285594
1450054371335377 1450054371335434 1450054371335445 1450054371335551
1450054371385389 1450054371385447 1450054371385458 1450054371385560
1450054371435383 1450054371435435 1450054371435447 1450054371435538
1450054371485371 1450054371485433 1450054371485445 1450054371485532
1450054371535384 1450054371535468 1450054371535480 1450054371535585
1450054371585378 1450054371585439 1450054371585450 1450054371585544
1450054371635387 1450054371635445 1450054371635456 1450054371635539
1450054371685387 1450054371685445 1450054371685456 1450054371685558
1450054371735389 1450054371735451 1450054371735463 1450054371735558
1450054371785379 1450054371785443 1450054371785454 1450054371785563
1450054371835390 1450054371835449 1450054371835460 1450054371835548
1450054371885375 1450054371885459 1450054371885471 1450054371885571
1450054371935373 1450054371935429 1450054371935441 1450054371935534
1450054371985375 1450054371985434 1450054371985445 1450054371985610
1450054372035376 1450054372035469 1450054372035484 1450054372035580
1450054372085376 1450054372085474 1450054372085490 1450054372085596
1450054372135395 1450054372135462 1450054372135475 1450054372135595
1450054372185394 1450054372185453 1450054372185465 1450054372185568
1450054372235427 1450054372235558 1450054372235577 1450054372235770
1450054372285383 1450054372285477 1450054372285492 1450054372285570
1450054372335377 1450054372335440 1450054372335452 1450054372335547
1450054372385391 1450054372385445 1450054372385454 1450054372385553
1450054372435372 1450054372435437 1450054372435450 1450054372435553
1450054372485379 1450054372485474 1450054372485489 1450054372485590
1450054372535386 1450054372535442 1450054372535452 1450054372535555
1450054372585430 1450054372585575 1450054372585593 1450054372585717
1450054372635376 1450054372635441 1450054372635453 1450054372635553
1450054372685389 1450054372685450 1450054372685461 1450054372685564
1450054372735389 1450054372735561 1450054372735576 1450054372735683
1450054372785390 1450054372785454 1450054372785465 1450054372785574
1450054372835398 1450054372835515 1450054372835535 1450054372835648
1450054372885393 1450054372885456 1450054372885467 1450054372885574
1450054372935391 1450054372935476 1450054372935488 1450054372935609
1450054372985389 1450054372985450 1450054372985461 1450054372985563
1450054373035386 1450054373035441 1450054373035451 1450054373035554
1450054373085373 1450054373085434 1450054373085444 1450054373085554
1450054373135372 1450054373135428 1450054373135438 1450054373135551
1450054373185376 1450054373185436 1450054373185448 1450054373185550
1450054373235431 1450054373235567 1450054373235582 1450054373235751
1450054373285377 1450054373285458 1450054373285470 1450054373285574
1450054373335374 1450054373335433 1450054373335444 1450054373335543
1450054373385373 1450054373385462 1450054373385476 1450054373385589
1450054373435388 1450054373435450 1450054373435461 1450054373435569
1450054373485377 1450054373485441 1450054373485453 1450054373485556
1450054373535373 1450054373535466 1450054373535480 1450054373535581
1450054373585389 1450054373585452 1450054373585464 1450054373585568
1450054373635376 1450054373635454 1450054373635465 1450054373635560
1450054373685373 1450054373685434 1450054373685445 1450054373685537
1450054373735372 1450054373735432 1450054373735443 1450054373735553
1450054373785376 1450054373785434 1450054373785445 1450054373785552
1450054373835375 1450054373835539 1450054373835554 1450054373835707
1450054373885378 1450054373885465 1450054373885472 1450054373885528
1450054373935391 1450054373935458 1450054373935469 1450054373935622
1450054373985374 1450054373985454 1450054373985466 1450054373985567
1450054374035385 1450054374035468 1450054374035483 1450054374035629
1450054374085377 1450054374085452 1450054374085468 1450054374085586
1450054374135375 1450054374135437 1450054374135447 1450054374135554
1450054374185374 1450054374185465 1450054374185479 1450054374185620
1450054374235375 1450054374235460 1450054374235475 1450054374235623
1450054374285376 1450054374285436 1450054374285448 1450054374285598
1450054374335364 1450054374335406 1450054374335412 1450054374335470
1450054374385356 1450054374385423 1450054374385430 1450054374385484
1450054374435367 1450054374435405 1450054374435413 1450054374435484
1450054374485384 1450054374485468 1450054374485483 1450054374485606
1450054374535385 1450054374535460 1450054374535472 1450054374535566
1450054374585364 1450054374585433 1450054374585441 1450054374585491
1450054374635370 1450054374635406 1450054374635412 1450054374635470
1450054374685371 1450054374685469 1450054374685483 1450054374685580
1450054374735382 1450054374735457 1450054374735471 1450054374735574
1450054374785386 1450054374785483 1450054374785498 1450054374785637
1450054374835489 1450054374835552 1450054374835565 1450054374835631
1450054374885381 1450054374885450 1450054374885460 1450054374885541
1450054374935365 1450054374935406 1450054374935413 1450054374935481
1450054374985372 1450054374985415 1450054374985423 1450054374985485
1450054375035357 1450054375035431 1450054375035437 1450054375035487
1450054375085366 1450054375085425 1450054375085433 1450054375085480
1450054375135374 1450054375135403 1450054375135408 1450054375135464
1450054375185370 1450054375185426 1450054375185439 1450054375185536
1450054375235371 1450054375235514 1450054375235520 1450054375235571
1450054375285368 1450054375285403 1450054375285409 1450054375285461
1450054375335367 1450054375335398 1450054375335404 1450054375335466
1450054375385358 1450054375385441 1450054375385448 1450054375385503
1450054375435368 1450054375435424 1450054375435432 1450054375435476
1450054375485378 1450054375485448 1450054375485462 1450054375485581
1450054375535395 1450054375535461 1450054375535481 1450054375535585
1450054375585383 1450054375585447 1450054375585458 1450054375585558
1450054375635369 1450054375635426 1450054375635433 1450054375635515
1450054375685370 1450054375685468 1450054375685484 1450054375685578
1450054375735364 1450054375735406 1450054375735412 1450054375735460
1450054375785381 1450054375785445 1450054375785458 1450054375785566
1450054375835391 1450054375835449 1450054375835461 1450054375835568
1450054375885376 1450054375885442 1450054375885455 1450054375885552
1450054375935390 1450054375935462 1450054375935478 1450054375935593
1450054375985390 1450054375985449 1450054375985461 1450054375985569
1450054376035390 1450054376035448 1450054376035459 1450054376035553
1450054376085381 1450054376085471 1450054376085483 1450054376085587
1450054376135390 1450054376135452 1450054376135464 1450054376135572
1450054376185369 1450054376185410 1450054376185418 1450054376185473
1450054376235366 1450054376235490 1450054376235506 1450054376235602
1450054376285375 1450054376285445 1450054376285462 1450054376285576
1450054376335388 1450054376335478 1450054376335495 1450054376335591
1450054376385376 1450054376385476 1450054376385491 1450054376385586
1450054376435381 1450054376435465 1450054376435477 1450054376435579
1450054376485387 1450054376485454 1450054376485466 1450054376485575
1450054376535374 1450054376535428 1450054376535438 1450054376535533
1450054376585375 1450054376585435 1450054376585446 1450054376585544
1450054376635387 1450054376635481 1450054376635495 1450054376635601
1450054376685375 1450054376685433 1450054376685443 1450054376685541
1450054376735373 1450054376735430 1450054376735442 1450054376735543
1450054376785372 1450054376785458 1450054376785467 1450054376785587
1450054376835378 1450054376835472 1450054376835487 1450054376835607
1450054376885376 1450054376885473 1450054376885488 1450054376885609
1450054376935393 1450054376935452 1450054376935463 1450054376935591
1450054376985382 1450054376985472 1450054376985488 1450054376985612
1450054377035392 1450054377035460 1450054377035472 1450054377035571
1450054377085372 1450054377085410 1450054377085418 1450054377085478
1450054377135356 1450054377135399 1450054377135408 1450054377135460
1450054377185361 1450054377185418 1450054377185424 1450054377185477
1450054377235356 1450054377235389 1450054377235395 1450054377235446
1450054377285365 1450054377285413 1450054377285423 1450054377285505
1450054377335371 1450054377335411 1450054377335418 1450054377335482
1450054377385386 1450054377385423 1450054377385429 1450054377385487
1450054377435363 1450054377435396 1450054377435403 1450054377435453
1450054377485431 1450054377485518 1450054377485524 1450054377485588
1450054377535374 1450054377535421 1450054377535429 1450054377535508
1450054377585374 1450054377585518 1450054377585531 1450054377585640
1450054377635363 1450054377635411 1450054377635418 1450054377635470
1450054377685368 1450054377685409 1450054377685417 1450054377685495
1450054377735359 1450054377735391 1450054377735397 1450054377735452
1450054377785394 1450054377785490 1450054377785506 1450054377785601
1450054377835385 1450054377835450 1450054377835457 1450054377835510
1450054377885359 1450054377885398 1450054377885406 1450054377885465
1450054377935385 1450054377935479 1450054377935494 1450054377935601
1450054377985380 1450054377985502 1450054377985517 1450054377985630
1450054378035420 1450054378035539 1450054378035557 1450054378035746
1450054378085379 1450054378085443 1450054378085455 1450054378085587
1450054378135383 1450054378135473 1450054378135488 1450054378135619
1450054378185361 1450054378185399 1450054378185405 1450054378185463
1450054378235383 1450054378235472 1450054378235496 1450054378235880
1450054378285369 1450054378285417 1450054378285425 1450054378285489
1450054378335363 1450054378335420 1450054378335428 1450054378335486
1450054378385355 1450054378385388 1450054378385394 1450054378385444
1450054378435377 1450054378435465 1450054378335428 1450054378435574
1450054378485376 1450054378485448 1450054378485463 1450054378485572
1450054378535368 1450054378535400 1450054378535407 1450054378535465
1450054378585480 1450054378585578 1450054378585595 1450054378585732
1450054378635391 1450054378635457 1450054378635469 1450054378635583
1450054378685378 1450054378685443 1450054378585595 1450054378685560
1450054378735381 1450054378735454 1450054378735465 1450054378735557
1450054378785388 1450054378785475 1450054378785490 1450054378785651
1450054378835389 1450054378835548 1450054378835561 1450054378835725
1450054378885368 1450054378885423 1450054378885431 1450054378885479
1450054378935358 1450054378935397 1450054378935404 1450054378935463
1450054378985356 1450054378985391 1450054378985397 1450054378985444
1450054379035373 1450054379035428 1450054379035434 1450054379035515
1450054379085359 1450054379085392 1450054379085398 1450054379085446
1450054379135358 1450054379135417 1450054379135425 1450054379135509
1450054379185373 1450054379185440 1450054379185452 1450054379185552
1450054379235404 1450054379235520 1450054379235537 1450054379235747
1450054379285383 1450054379285435 1450054379285446 1450054379285548
1450054379335520 1450054379335581 1450054379335592 1450054379335733
1450054379385380 1450054379385479 1450054379385494 1450054379385603
1450054379435382 1450054379435438 1450054379435449 1450054379435549
1450054379485367 1450054379485413 1450054379485422 1450054379485496
1450054379535372 1450054379535432 1450054379535443 1450054379535547
1450054379585387 1450054379585460 1450054379585473 1450054379585575
1450054379635374 1450054379635435 1450054379635447 1450054379635539
1450054379685375 1450054379685457 1450054379685472 1450054379685567
1450054379735390 1450054379735469 1450054379735484 1450054379735587
1450054379785370 1450054379785435 1450054379785446 1450054379785543
1450054379835378 1450054379835439 1450054379835452 1450054379835555
1450054379885365 1450054379885399 1450054379885414 1450054379885516
1450054379935367 1450054379935434 1450054379935446 1450054379935535
1450054379985389 1450054379985488 1450054379985504 1450054379985639
1450054380035378 1450054380035476 1450054380035491 1450054380035594
1450054380085378 1450054380085439 1450054380085451 1450054380085547
1450054380135375 1450054380135443 1450054380135455 1450054380135580
1450054380185377 1450054380185472 1450054380185487 1450054380185591
1450054380235412 1450054380235509 1450054380235527 1450054380235704
1450054380285378 1450054380285450 1450054380285465 1450054380285565
1450054380335362 1450054380335397 1450054380335403 1450054380335452
1450054380385379 1450054380385462 1450054380385477 1450054380385586
1450054380435385 1450054380435534 1450054380435549 1450054380435725
1450054380485375 1450054380485458 1450054380485474 1450054380485588
1450054380535376 1450054380535438 1450054380535450 1450054380535559
1450054380585378 1450054380585442 1450054380585453 1450054380585560
1450054380635382 1450054380635449 1450054380635460 1450054380635558
1450054380685373 1450054380685436 1450054380685448 1450054380685548
1450054380735374 1450054380735438 1450054380735451 1450054380735596
1450054380785396 1450054380785537 1450054380785556 1450054380785726
1450054380835378 1450054380835438 1450054380835451 1450054380835543
1450054380885376 1450054380885439 1450054380885452 1450054380885554
1450054380935373 1450054380935442 1450054380935453 1450054380935550
1450054380985373 1450054380985437 1450054380985448 1450054380985546
1450054381035375 1450054381035433 1450054381035444 1450054381035547
1450054381085377 1450054381085438 1450054381085451 1450054381085651
1450054381135377 1450054381135459 1450054381135473 1450054381135923
1450054381185375 1450054381185468 1450054381185482 1450054381185586
1450054381235384 1450054381235484 1450054381235499 1450054381235613
1450054381285375 1450054381285434 1450054381285446 1450054381285541
1450054381335386 1450054381335453 1450054381335465 1450054381335608
1450054381385372 1450054381385434 1450054381385446 1450054381385543
1450054381435373 1450054381435434 1450054381435447 1450054381435533
1450054381485377 1450054381485438 1450054381485450 1450054381485545
1450054381535378 1450054381535430 1450054381535441 1450054381535534
1450054381585374 1450054381585433 1450054381585445 1450054381585540
1450054381635388 1450054381635483 1450054381635498 1450054381635609
1450054381685373 1450054381685447 1450054381685461 1450054381685559
1450054381735387 1450054381735460 1450054381735477 1450054381735612
1450054381785372 1450054381785432 1450054381785443 1450054381785539
1450054381835387 1450054381835446 1450054381835457 1450054381835615
1450054381885391 1450054381885458 1450054381885471 1450054381885584
1450054381935370 1450054381935403 1450054381935410 1450054381935465
1450054381985355 1450054381985388 1450054381985394 1450054381985444
1450054382035407 1450054382035482 1450054382035496 1450054382035627
1450054382085382 1450054382085439 1450054382085451 1450054382085547
1450054382135374 1450054382135437 1450054382135449 1450054382135545
1450054382185377 1450054382185471 1450054382185486 1450054382185630
1450054382235375 1450054382235469 1450054382235485 1450054382235595
1450054382285365 1450054382285427 1450054382285436 1450054382285502
1450054382335387 1450054382335450 1450054382335462 1450054382335560
1450054382385391 1450054382385460 1450054382385473 1450054382385591
1450054382435368 1450054382435404 1450054382435411 1450054382435488
1450054382485373 1450054382485456 1450054382485471 1450054382485589
