1449991503555130 1449991503555258 1449991503555428 1449991503555456
1449991503605190 1449991503605266 1449991503605496 1449991503605550
1449991503655139 1449991503655191 1449991503655380 1449991503655418
1449991503705172 1449991503705243 1449991503705418 1449991503705445
1449991503755144 1449991503755235 1449991503755344 1449991503755376
1449991503805137 1449991503805236 1449991503805375 1449991503805439
1449991503855103 1449991503855142 1449991503855204 1449991503855235
1449991503905145 1449991503905194 1449991503905333 1449991503905392
1449991503955114 1449991503955144 1449991503955217 1449991503955253
1449991504005151 1449991504005220 1449991504005330 1449991504005366
1449991504055129 1449991504055161 1449991504055236 1449991504055284
1449991504105136 1449991504105210 1449991504105427 1449991504105542
1449991504155114 1449991504155175 1449991504155244 1449991504155288
1449991504205111 1449991504205163 1449991504205227 1449991504205271
1449991504255110 1449991504255144 1449991504255208 1449991504255263
1449991504305116 1449991504305176 1449991504305269 1449991504305325
1449991504355120 1449991504355189 1449991504355294 1449991504355354
1449991504405135 1449991504405222 1449991504405386 1449991504405477
1449991504455116 1449991504455145 1449991504455207 1449991504455259
1449991504505131 1449991504505301 1449991504505438 1449991504505467
1449991504555127 1449991504555161 1449991504555245 1449991504555282
1449991504605125 1449991504605189 1449991504605357 1449991504605487
1449991504655131 1449991504655196 1449991504655355 1449991504655428
1449991504705112 1449991504705142 1449991504705218 1449991504705233
1449991504755174 1449991504755267 1449991504755487 1449991504755564
1449991504805173 1449991504805265 1449991504805457 1449991504805555
1449991504855138 1449991504855241 1449991504855406 1449991504855522
1449991504905200 1449991504905262 1449991504905380 1449991504905423
1449991504955129 1449991504955162 1449991504955239 1449991504955275
1449991505005193 1449991505005256 1449991505005342 1449991505005376
1449991505055142 1449991505055185 1449991505055282 1449991505055336
1449991505105118 1449991505105178 1449991505105280 1449991505105330
1449991505155110 1449991505155184 1449991505155257 1449991505155315
1449991505205119 1449991505205192 1449991505205273 1449991505205328
1449991505255118 1449991505255180 1449991505255263 1449991505255328
1449991505305117 1449991505305180 1449991505305263 1449991505305305
1449991505355117 1449991505355166 1449991505355236 1449991505355272
1449991505405108 1449991505405170 1449991505405267 1449991505405313
1449991505455112 1449991505455168 1449991505455251 1449991505455306
1449991505505130 1449991505505215 1449991505505385 1449991505505468
1449991505555115 1449991505555175 1449991505555260 1449991505555300
1449991505605117 1449991505605164 1449991505605233 1449991505605277
1449991505655117 1449991505655153 1449991505655248 1449991505655305
1449991505705137 1449991505705191 1449991505705331 1449991505705440
1449991505755139 1449991505755180 1449991505755334 1449991505755382
1449991505805135 1449991505805175 1449991505805338 1449991505805431
1449991505855114 1449991505855173 1449991505855260 1449991505855310
1449991505905164 1449991505905289 1449991505905478 1449991505905612
1449991505955136 1449991505955177 1449991505955340 1449991505955421
1449991506005129 1449991506005157 1449991506005285 1449991506005349
1449991506055122 1449991506055156 1449991506055258 1449991506055329
1449991506105123 1449991506105181 1449991506105307 1449991506105371
1449991506155111 1449991506155163 1449991506155244 1449991506155289
1449991506205110 1449991506205141 1449991506205214 1449991506205255
1449991506255107 1449991506255152 1449991506255229 1449991506255279
1449991506305112 1449991506305146 1449991506305227 1449991506305269
1449991506355122 1449991506355166 1449991506355283 1449991506355347
1449991506405115 1449991506405150 1449991506405222 1449991506405265
1449991506455111 1449991506455141 1449991506455209 1449991506455279
1449991506505125 1449991506505173 1449991506505308 1449991506505385
1449991506555134 1449991506555198 1449991506555363 1449991506555445
1449991506605119 1449991506605186 1449991506605270 1449991506605308
1449991506655110 1449991506655141 1449991506655212 1449991506655259
1449991506705110 1449991506705140 1449991506705212 1449991506705247
1449991506755133 1449991506755189 1449991506755356 1449991506755431
1449991506805115 1449991506805142 1449991506805208 1449991506805244
1449991506855110 1449991506855150 1449991506855259 1449991506855335
1449991506905120 1449991506905158 1449991506905282 1449991506905342
1449991506955117 1449991506955167 1449991506955257 1449991506955305
1449991507005110 1449991507005141 1449991507005219 1449991507005253
1449991507055126 1449991507055216 1449991507055370 1449991507055468
1449991507105128 1449991507105198 1449991507105321 1449991507105397
1449991507155120 1449991507155184 1449991507155286 1449991507155341
1449991507205111 1449991507205162 1449991507205234 1449991507205269
1449991507255124 1449991507255192 1449991507255314 1449991507255397
1449991507305118 1449991507305195 1449991507305271 1449991507305311
1449991507355134 1449991507355201 1449991507355317 1449991507355403
1449991507405173 1449991507405268 1449991507405473 1449991507405561
1449991507455173 1449991507455269 1449991507455469 1449991507455613
1449991507505125 1449991507505163 1449991507505255 1449991507505325
1449991507555171 1449991507555269 1449991507555474 1449991507555617
1449991507605142 1449991507605219 1449991507605391 1449991507605473
1449991507655174 1449991507655289 1449991507655478 1449991507655631
1449991507705172 1449991507705259 1449991507705428 1449991507705527
1449991507755141 1449991507755234 1449991507755384 1449991507755472
1449991507805133 1449991507805205 1449991507805354 1449991507805431
1449991507855167 1449991507855261 1449991507855443 1449991507855602
1449991507905171 1449991507905266 1449991507905445 1449991507905536
1449991507955140 1449991507955223 1449991507955381 1449991507955463
1449991508005131 1449991508005199 1449991508005359 1449991508005447
1449991508055122 1449991508055163 1449991508055284 1449991508055370
1449991508105111 1449991508105150 1449991508105247 1449991508105304
1449991508155128 1449991508155171 1449991508155288 1449991508155352
1449991508205110 1449991508205205 1449991508205290 1449991508205324
1449991508255128 1449991508255186 1449991508255370 1449991508255459
1449991508305130 1449991508305181 1449991508305336 1449991508305405
1449991508355133 1449991508355217 1449991508355396 1449991508355476
1449991508405129 1449991508405177 1449991508405316 1449991508405376
1449991508455128 1449991508455174 1449991508455294 1449991508455379
1449991508505115 1449991508505159 1449991508505248 1449991508505306
1449991508555144 1449991508555212 1449991508555401 1449991508555489
1449991508605135 1449991508605189 1449991508605343 1449991508605415
1449991508655114 1449991508655154 1449991508655253 1449991508655305
1449991508705118 1449991508705180 1449991508705274 1449991508705323
1449991508755128 1449991508755172 1449991508755300 1449991508755367
1449991508805112 1449991508805165 1449991508805239 1449991508805326
1449991508855134 1449991508855217 1449991508855373 1449991508855473
1449991508905171 1449991508905265 1449991508905458 1449991508905551
1449991508955176 1449991508955270 1449991508955473 1449991508955571
1449991509005135 1449991509005177 1449991509005331 1449991509005398
1449991509055131 1449991509055200 1449991509055314 1449991509055384
1449991509105166 1449991509105260 1449991509105461 1449991509105585
1449991509155177 1449991509155271 1449991509155435 1449991509155498
1449991509205170 1449991509205262 1449991509205450 1449991509205549
1449991509255176 1449991509255269 1449991509255446 1449991509255567
1449991509305107 1449991509305130 1449991509305191 1449991509305225
1449991509355152 1449991509355246 1449991509355452 1449991509355554
1449991509405148 1449991509405267 1449991509405468 1449991509405573
1449991509455168 1449991509455260 1449991509455454 1449991509455594
1449991509505143 1449991509505231 1449991509505383 1449991509505458
1449991509555127 1449991509555193 1449991509555302 1449991509555350
1449991509605127 1449991509605202 1449991509605313 1449991509605368
1449991509655120 1449991509655185 1449991509655253 1449991509655303
1449991509705123 1449991509705176 1449991509705248 1449991509705283
1449991509755134 1449991509755242 1449991509755392 1449991509755470
1449991509805129 1449991509805184 1449991509805273 1449991509805322
1449991509855125 1449991509855179 1449991509855275 1449991509855341
1449991509905114 1449991509905162 1449991509905242 1449991509905279
1449991509955116 1449991509955167 1449991509955262 1449991509955314
1449991510005116 1449991510005167 1449991510005258 1449991510005309
1449991510055131 1449991510055216 1449991510055372 1449991510055467
1449991510105126 1449991510105199 1449991510105287 1449991510105347
1449991510155134 1449991510155215 1449991510155374 1449991510155453
1449991510205117 1449991510205170 1449991510205252 1449991510205294
1449991510255118 1449991510255148 1449991510255220 1449991510255271
1449991510305130 1449991510305204 1449991510305367 1449991510305440
1449991510355139 1449991510355217 1449991510355394 1449991510355477
1449991510405173 1449991510405259 1449991510405472 1449991510405561
1449991510455138 1449991510455202 1449991510455347 1449991510455443
1449991510505115 1449991510505168 1449991510505247 1449991510505289
1449991510555154 1449991510555231 1449991510555456 1449991510555561
1449991510605139 1449991510605189 1449991510605361 1449991510605448
1449991510655134 1449991510655176 1449991510655334 1449991510655429
1449991510705117 1449991510705150 1449991510705287 1449991510705374
1449991510755128 1449991510755161 1449991510755304 1449991510755368
1449991510805127 1449991510805179 1449991510805263 1449991510805299
1449991510855136 1449991510855218 1449991510855397 1449991510855506
1449991510905170 1449991510905264 1449991510905443 1449991510905553
1449991510955177 1449991510955272 1449991510955463 1449991510955587
1449991511005143 1449991511005223 1449991511005391 1449991511005479
1449991511055124 1449991511055187 1449991511055296 1449991511055364
1449991511105135 1449991511105225 1449991511105369 1449991511105446
1449991511155133 1449991511155216 1449991511155340 1449991511155426
1449991511205112 1449991511205163 1449991511205234 1449991511205287
1449991511255130 1449991511255197 1449991511255352 1449991511255464
1449991511305135 1449991511305176 1449991511305341 1449991511305426
1449991511355134 1449991511355183 1449991511355296 1449991511355385
1449991511405114 1449991511405165 1449991511405236 1449991511405298
1449991511455123 1449991511455160 1449991511455232 1449991511455300
1449991511505113 1449991511505158 1449991511505222 1449991511505281
1449991511555133 1449991511555203 1449991511555353 1449991511555447
1449991511605129 1449991511605174 1449991511605271 1449991511605351
1449991511655123 1449991511655162 1449991511655255 1449991511655345
1449991511705112 1449991511705176 1449991511705249 1449991511705306
1449991511755129 1449991511755187 1449991511755288 1449991511755364
1449991511805113 1449991511805165 1449991511805229 1449991511805311
1449991511855129 1449991511855216 1449991511855356 1449991511855459
1449991511905172 1449991511905267 1449991511905481 1449991511905584
1449991511955163 1449991511955259 1449991511955462 1449991511955575
1449991512005126 1449991512005209 1449991512005399 1449991512005478
1449991512055133 1449991512055202 1449991512055357 1449991512055454
1449991512105129 1449991512105161 1449991512105274 1449991512105412
1449991512155136 1449991512155268 1449991512155436 1449991512155530
1449991512205134 1449991512205228 1449991512205372 1449991512205445
1449991512255130 1449991512255199 1449991512255356 1449991512255444
1449991512305110 1449991512305128 1449991512305184 1449991512305233
1449991512355184 1449991512355272 1449991512355469 1449991512355575
1449991512405177 1449991512405273 1449991512405474 1449991512405577
1449991512455182 1449991512455273 1449991512455441 1449991512455595
1449991512505145 1449991512505236 1449991512505389 1449991512505477
1449991512555132 1449991512555207 1449991512555316 1449991512555372
1449991512605288 1449991512605339 1449991512605421 1449991512605473
1449991512655121 1449991512655181 1449991512655280 1449991512655354
1449991512705314 1449991512705390 1449991512705536 1449991512705630
1449991512755144 1449991512755212 1449991512755341 1449991512755417
1449991512805147 1449991512805225 1449991512805370 1449991512805470
1449991512855127 1449991512855190 1449991512855288 1449991512855360
1449991512905114 1449991512905179 1449991512905250 1449991512905287
1449991512955130 1449991512955194 1449991512955324 1449991512955608
1449991513005132 1449991513005220 1449991513005350 1449991513005438
1449991513055132 1449991513055209 1449991513055356 1449991513055446
1449991513105117 1449991513105172 1449991513105244 1449991513105284
1449991513155135 1449991513155207 1449991513155345 1449991513155446
1449991513205120 1449991513205166 1449991513205229 1449991513205282
1449991513255133 1449991513255230 1449991513255404 1449991513255512
1449991513305115 1449991513305159 1449991513305231 1449991513305272
1449991513355132 1449991513355212 1449991513355355 1449991513355446
1449991513405172 1449991513405254 1449991513405459 1449991513405509
1449991513455179 1449991513455264 1449991513455466 1449991513455610
1449991513505149 1449991513505276 1449991513505472 1449991513505521
1449991513555177 1449991513555279 1449991513555474 1449991513555579
1449991513605136 1449991513605251 1449991513605420 1449991513605510
1449991513655137 1449991513655178 1449991513655324 1449991513655409
1449991513705169 1449991513705263 1449991513705445 1449991513705530
1449991513755177 1449991513755269 1449991513755462 1449991513755567
1449991513805175 1449991513805277 1449991513805471 1449991513805599
1449991513855124 1449991513855202 1449991513855377 1449991513855471
1449991513905131 1449991513905202 1449991513905350 1449991513905430
1449991513955171 1449991513955293 1449991513955497 1449991513955630
1449991514005141 1449991514005207 1449991514005396 1449991514005472
1449991514055129 1449991514055177 1449991514055314 1449991514055388
1449991514105132 1449991514105180 1449991514105355 1449991514105471
1449991514155132 1449991514155167 1449991514155264 1449991514155311
1449991514205107 1449991514205137 1449991514205218 1449991514205260
1449991514255160 1449991514255212 1449991514255360 1449991514255458
1449991514305142 1449991514305232 1449991514305400 1449991514305484
1449991514355122 1449991514355179 1449991514355283 1449991514355329
1449991514405112 1449991514405133 1449991514405203 1449991514405258
1449991514455249 1449991514455282 1449991514455358 1449991514455416
1449991514505117 1449991514505167 1449991514505246 1449991514505292
1449991514555134 1449991514555194 1449991514555341 1449991514555420
1449991514605127 1449991514605204 1449991514605350 1449991514605442
1449991514655126 1449991514655214 1449991514655328 1449991514655396
1449991514705112 1449991514705149 1449991514705235 1449991514705277
1449991514755132 1449991514755207 1449991514755373 1449991514755450
1449991514805119 1449991514805169 1449991514805240 1449991514805312
1449991514855135 1449991514855216 1449991514855384 1449991514855469
1449991514905139 1449991514905231 1449991514905420 1449991514905498
1449991514955176 1449991514955270 1449991514955453 1449991514955575
1449991515005137 1449991515005233 1449991515005379 1449991515005482
1449991515055140 1449991515055198 1449991515055365 1449991515055476
1449991515105141 1449991515105202 1449991515105348 1449991515105423
1449991515155144 1449991515155209 1449991515155349 1449991515155442
1449991515205174 1449991515205244 1449991515205434 1449991515205489
1449991515255139 1449991515255202 1449991515255366 1449991515255473
1449991515305119 1449991515305153 1449991515305229 1449991515305266
1449991515355156 1449991515355250 1449991515355435 1449991515355532
1449991515405175 1449991515405247 1449991515405447 1449991515405543
1449991515455145 1449991515455199 1449991515455300 1449991515455360
1449991515505122 1449991515505167 1449991515505270 1449991515505313
1449991515555118 1449991515555177 1449991515555276 1449991515555326
1449991515605127 1449991515605187 1449991515605302 1449991515605387
1449991515655118 1449991515655174 1449991515655265 1449991515655324
1449991515705133 1449991515705235 1449991515705385 1449991515705456
1449991515755169 1449991515755232 1449991515755391 1449991515755466
1449991515805133 1449991515805201 1449991515805300 1449991515805357
1449991515855115 1449991515855165 1449991515855236 1449991515855282
1449991515905110 1449991515905162 1449991515905235 1449991515905270
1449991515955129 1449991515955208 1449991515955369 1449991515955450
1449991516005114 1449991516005169 1449991516005246 1449991516005468
1449991516055131 1449991516055492 1449991516055651 1449991516055744
1449991516105121 1449991516105191 1449991516105289 1449991516105350
1449991516155123 1449991516155195 1449991516155294 1449991516155354
1449991516205123 1449991516205192 1449991516205314 1449991516205371
1449991516255173 1449991516255228 1449991516255305 1449991516255348
1449991516305110 1449991516305132 1449991516305190 1449991516305254
1449991516355135 1449991516355207 1449991516355358 1449991516355525
1449991516405179 1449991516405281 1449991516405488 1449991516405577
1449991516455139 1449991516455180 1449991516455281 1449991516455432
1449991516505149 1449991516505207 1449991516505277 1449991516505311
1449991516555143 1449991516555201 1449991516555373 1449991516555455
1449991516605175 1449991516605276 1449991516605485 1449991516605582
1449991516655174 1449991516655304 1449991516655516 1449991516655625
1449991516705176 1449991516705279 1449991516705481 1449991516705574
1449991516755182 1449991516755283 1449991516755482 1449991516755570
1449991516805177 1449991516805272 1449991516805461 1449991516805587
1449991516855147 1449991516855241 1449991516855438 1449991516855577
1449991516905176 1449991516905272 1449991516905468 1449991516905580
1449991516955201 1449991516955302 1449991516955515 1449991516955617
1449991517005125 1449991517005209 1449991517005331 1449991517005390
1449991517055115 1449991517055174 1449991517055265 1449991517055331
1449991517105118 1449991517105179 1449991517105245 1449991517105289
1449991517155118 1449991517155180 1449991517155274 1449991517155328
1449991517205132 1449991517205217 1449991517205400 1449991517205492
1449991517255126 1449991517255204 1449991517255365 1449991517255469
1449991517305127 1449991517305199 1449991517305355 1449991517305432
1449991517355122 1449991517355201 1449991517355292 1449991517355353
1449991517405116 1449991517405170 1449991517405263 1449991517405320
1449991517455165 1449991517455251 1449991517455392 1449991517455457
1449991517505125 1449991517505183 1449991517505286 1449991517505333
1449991517555138 1449991517555226 1449991517555373 1449991517555420
1449991517605130 1449991517605200 1449991517605335 1449991517605397
1449991517655121 1449991517655180 1449991517655305 1449991517655409
1449991517705112 1449991517705184 1449991517705268 1449991517705329
1449991517755115 1449991517755173 1449991517755268 1449991517755326
1449991517805117 1449991517805171 1449991517805271 1449991517805330
1449991517855131 1449991517855197 1449991517855413 1449991517855520
1449991517905133 1449991517905180 1449991517905351 1449991517905425
1449991517955138 1449991517955221 1449991517955405 1449991517955488
1449991518005133 1449991518005168 1449991518005293 1449991518005341
1449991518055131 1449991518055189 1449991518055330 1449991518055396
1449991518105130 1449991518105164 1449991518105270 1449991518105312
1449991518155130 1449991518155200 1449991518155356 1449991518155398
1449991518205127 1449991518205159 1449991518205264 1449991518205306
1449991518255130 1449991518255161 1449991518255308 1449991518255396
1449991518305110 1449991518305131 1449991518305186 1449991518305220
1449991518355129 1449991518355187 1449991518355356 1449991518355403
1449991518405119 1449991518405220 1449991518405322 1449991518405358
1449991518455134 1449991518455210 1449991518455336 1449991518455398
1449991518505116 1449991518505187 1449991518505300 1449991518505355
1449991518555135 1449991518555224 1449991518555390 1449991518555469
1449991518605151 1449991518605207 1449991518605319 1449991518605384
1449991518655151 1449991518655208 1449991518655327 1449991518655402
1449991518705131 1449991518705196 1449991518705308 1449991518705356
1449991518755118 1449991518755159 1449991518755249 1449991518755295
1449991518805134 1449991518805197 1449991518805348 1449991518805737
1449991518855123 1449991518855175 1449991518855276 1449991518855328
1449991518905111 1449991518905166 1449991518905248 1449991518905308
1449991518955117 1449991518955179 1449991518955258 1449991518955296
1449991519005126 1449991519005192 1449991519005295 1449991519005347
1449991519055113 1449991519055147 1449991519055231 1449991519055276
1449991519105118 1449991519105189 1449991519105275 1449991519105330
1449991519155121 1449991519155188 1449991519155299 1449991519155362
1449991519205113 1449991519205153 1449991519205219 1449991519205256
1449991519255124 1449991519255158 1449991519255247 1449991519255305
1449991519305110 1449991519305150 1449991519305218 1449991519305255
1449991519355115 1449991519355153 1449991519355219 1449991519355259
1449991519405118 1449991519405157 1449991519405213 1449991519405254
1449991519455119 1449991519455171 1449991519455232 1449991519455302
1449991519505121 1449991519505152 1449991519505233 1449991519505286
1449991519555106 1449991519555143 1449991519555209 1449991519555245
1449991519605149 1449991519605204 1449991519605388 1449991519605461
1449991519655129 1449991519655174 1449991519655297 1449991519655387
1449991519705122 1449991519705163 1449991519705265 1449991519705331
1449991519755115 1449991519755144 1449991519755240 1449991519755284
1449991519805100 1449991519805129 1449991519805187 1449991519805233
1449991519855108 1449991519855142 1449991519855224 1449991519855286
1449991519905103 1449991519905132 1449991519905196 1449991519905237
1449991519955105 1449991519955150 1449991519955227 1449991519955280
1449991520005109 1449991520005168 1449991520005286 1449991520005355
1449991520055112 1449991520055157 1449991520055224 1449991520055271
1449991520105120 1449991520105173 1449991520105239 1449991520105277
1449991520155115 1449991520155184 1449991520155274 1449991520155323
1449991520205111 1449991520205163 1449991520205241 1449991520205278
1449991520255108 1449991520255165 1449991520255254 1449991520255303
1449991520305132 1449991520305214 1449991520305384 1449991520305457
1449991520355148 1449991520355249 1449991520355463 1449991520355567
1449991520405141 1449991520405227 1449991520405403 1449991520405487
1449991520455155 1449991520455252 1449991520455439 1449991520456071
1449991520505140 1449991520505253 1449991520505413 1449991520505499
1449991520555135 1449991520555184 1449991520555253 1449991520555316
1449991520605118 1449991520605171 1449991520605271 1449991520605332
1449991520655119 1449991520655172 1449991520655259 1449991520655338
1449991520705116 1449991520705151 1449991520705227 1449991520705291
1449991520755210 1449991520755359 1449991520755478 1449991520755533
1449991520805118 1449991520805180 1449991520805250 1449991520805306
1449991520855162 1449991520855283 1449991520855486 1449991520855594
1449991520905171 1449991520905254 1449991520905429 1449991520905512
1449991520955131 1449991520955221 1449991520955395 1449991520955518
1449991521005120 1449991521005189 1449991521005351 1449991521005425
1449991521055129 1449991521055196 1449991521055333 1449991521055414
1449991521105118 1449991521105199 1449991521105357 1449991521105440
1449991521155132 1449991521155209 1449991521155357 1449991521155451
1449991521205161 1449991521205268 1449991521205432 1449991521205518
1449991521255114 1449991521255180 1449991521255278 1449991521255327
1449991521305112 1449991521305145 1449991521305226 1449991521305306
1449991521355137 1449991521355179 1449991521355266 1449991521355381
1449991521405118 1449991521405161 1449991521405276 1449991521405331
1449991521455132 1449991521455188 1449991521455303 1449991521455346
1449991521505150 1449991521505253 1449991521505476 1449991521505563
1449991521555179 1449991521555295 1449991521555495 1449991521555591
1449991521605169 1449991521605263 1449991521605481 1449991521605578
1449991521655133 1449991521655182 1449991521655322 1449991521655411
1449991521705125 1449991521705181 1449991521705322 1449991521705400
1449991521755116 1449991521755156 1449991521755227 1449991521755264
1449991521805149 1449991521805212 1449991521805349 1449991521805507
1449991521855142 1449991521855232 1449991521855399 1449991521855479
1449991521905133 1449991521905213 1449991521905383 1449991521905540
1449991521955135 1449991521955196 1449991521955358 1449991521955444
1449991522005138 1449991522005202 1449991522005375 1449991522005465
1449991522055116 1449991522055152 1449991522055241 1449991522055289
1449991522105126 1449991522105188 1449991522105336 1449991522105414
1449991522155133 1449991522155191 1449991522155353 1449991522155452
1449991522205140 1449991522205202 1449991522205369 1449991522205434
1449991522255132 1449991522255195 1449991522255353 1449991522255496
1449991522305126 1449991522305168 1449991522305323 1449991522305377
1449991522355170 1449991522355238 1449991522355441 1449991522355510
1449991522405163 1449991522405226 1449991522405404 1449991522405602
1449991522455125 1449991522455178 1449991522455313 1449991522455356
1449991522505145 1449991522505210 1449991522505360 1449991522505437
1449991522555170 1449991522555267 1449991522555469 1449991522555551
1449991522605158 1449991522605258 1449991522605464 1449991522605566
1449991522655126 1449991522655197 1449991522655339 1449991522655404
1449991522705143 1449991522705234 1449991522705426 1449991522705550
1449991522755182 1449991522755274 1449991522755468 1449991522755593
1449991522805123 1449991522805180 1449991522805315 1449991522805395
1449991522855158 1449991522855218 1449991522855374 1449991522855446
1449991522905136 1449991522905204 1449991522905350 1449991522905403
1449991522955125 1449991522955233 1449991522955389 1449991522955451
1449991523005118 1449991523005189 1449991523005328 1449991523005366
1449991523055111 1449991523055185 1449991523055312 1449991523055365
1449991523105110 1449991523105156 1449991523105228 1449991523105270
1449991523155112 1449991523155168 1449991523155250 1449991523155318
1449991523205117 1449991523205166 1449991523205251 1449991523205304
1449991523255117 1449991523255157 1449991523255249 1449991523255314
1449991523305117 1449991523305199 1449991523305286 1449991523305362
1449991523355134 1449991523355219 1449991523355365 1449991523355451
1449991523405161 1449991523405258 1449991523405462 1449991523405606
1449991523455158 1449991523455253 1449991523455423 1449991523455539
1449991523505158 1449991523505260 1449991523505434 1449991523505533
1449991523555124 1449991523555207 1449991523555363 1449991523555446
1449991523605119 1449991523605177 1449991523605259 1449991523605304
1449991523655142 1449991523655221 1449991523655334 1449991523655399
1449991523705115 1449991523705172 1449991523705266 1449991523705318
1449991523755120 1449991523755187 1449991523755292 1449991523755368
1449991523805124 1449991523805180 1449991523805296 1449991523805362
1449991523855118 1449991523855178 1449991523855268 1449991523855323
1449991523905116 1449991523905175 1449991523905264 1449991523905315
1449991523955128 1449991523955222 1449991523955404 1449991523955497
1449991524005144 1449991524005263 1449991524005469 1449991524005574
1449991524055135 1449991524055176 1449991524055325 1449991524055408
1449991524105157 1449991524105230 1449991524105316 1449991524105363
1449991524155130 1449991524155187 1449991524155272 1449991524155329
1449991524205113 1449991524205178 1449991524205273 1449991524205319
1449991524255124 1449991524255180 1449991524255290 1449991524255348
1449991524305126 1449991524305229 1449991524305389 1449991524305444
1449991524355145 1449991524355264 1449991524355460 1449991524355588
1449991524405129 1449991524405165 1449991524405295 1449991524405334
1449991524455118 1449991524455182 1449991524455267 1449991524455314
1449991524505130 1449991524505204 1449991524505360 1449991524505431
1449991524555132 1449991524555217 1449991524555396 1449991524555483
1449991524605116 1449991524605149 1449991524605250 1449991524605295
1449991524655119 1449991524655167 1449991524655317 1449991524655404
1449991524705132 1449991524705184 1449991524705332 1449991524705410
1449991524755132 1449991524755211 1449991524755369 1449991524755423
1449991524805127 1449991524805198 1449991524805339 1449991524805403
1449991524855131 1449991524855171 1449991524855271 1449991524855311
1449991524905113 1449991524905176 1449991524905272 1449991524905321
1449991524955116 1449991524955152 1449991524955244 1449991524955309
1449991525005108 1449991525005142 1449991525005234 1449991525005285
1449991525055108 1449991525055151 1449991525055230 1449991525055295
1449991525105131 1449991525105200 1449991525105393 1449991525105494
1449991525155162 1449991525155232 1449991525155428 1449991525155530
1449991525205176 1449991525205241 1449991525205441 1449991525205538
1449991525255115 1449991525255147 1449991525255242 1449991525255289
1449991525305116 1449991525305163 1449991525305311 1449991525305387
1449991525355119 1449991525355157 1449991525355253 1449991525355309
1449991525405118 1449991525405167 1449991525405264 1449991525405316
1449991525455114 1449991525455149 1449991525455214 1449991525455263
1449991525505113 1449991525505146 1449991525505228 1449991525505272
1449991525555114 1449991525555151 1449991525555246 1449991525555291
1449991525605149 1449991525605213 1449991525605323 1449991525605376
1449991525655121 1449991525655158 1449991525655245 1449991525655288
1449991525705112 1449991525705149 1449991525705247 1449991525705290
1449991525755115 1449991525755161 1449991525755250 1449991525755301
1449991525805116 1449991525805156 1449991525805235 1449991525805343
1449991525855117 1449991525855178 1449991525855264 1449991525855309
1449991525905135 1449991525905228 1449991525905422 1449991525905492
1449991525955145 1449991525955184 1449991525955276 1449991525955333
1449991526005112 1449991526005148 1449991526005235 1449991526005277
1449991526055116 1449991526055154 1449991526055255 1449991526055297
1449991526105168 1449991526105216 1449991526105300 1449991526105347
1449991526155119 1449991526155179 1449991526155266 1449991526155321
1449991526205119 1449991526205181 1449991526205275 1449991526205321
1449991526255118 1449991526255159 1449991526255257 1449991526255303
1449991526305137 1449991526305209 1449991526305332 1449991526305374
1449991526355128 1449991526355192 1449991526355301 1449991526355369
1449991526405121 1449991526405187 1449991526405304 1449991526405344
1449991526455138 1449991526455236 1449991526455363 1449991526455434
1449991526505176 1449991526505273 1449991526505486 1449991526505581
1449991526555170 1449991526555270 1449991526555479 1449991526555594
1449991526605128 1449991526605194 1449991526605291 1449991526605373
1449991526655136 1449991526655230 1449991526655408 1449991526655480
1449991526705127 1449991526705178 1449991526705271 1449991526705335
1449991526755116 1449991526755166 1449991526755245 1449991526755331
1449991526805116 1449991526805172 1449991526805256 1449991526805305
1449991526855117 1449991526855169 1449991526855256 1449991526855311
1449991526905122 1449991526905197 1449991526905349 1449991526905394
1449991526955122 1449991526955175 1449991526955274 1449991526955336
1449991527005118 1449991527005177 1449991527005283 1449991527005330
1449991527055117 1449991527055168 1449991527055256 1449991527055323
1449991527105116 1449991527105168 1449991527105249 1449991527105298
1449991527155137 1449991527155199 1449991527155292 1449991527155363
1449991527205118 1449991527205152 1449991527205245 1449991527205298
1449991527255117 1449991527255178 1449991527255274 1449991527255326
1449991527305117 1449991527305175 1449991527305265 1449991527305317
1449991527355114 1449991527355152 1449991527355245 1449991527355315
1449991527405126 1449991527405174 1449991527405256 1449991527405313
1449991527455112 1449991527455151 1449991527455217 1449991527455268
1449991527505117 1449991527505154 1449991527505244 1449991527505305
1449991527555111 1449991527555174 1449991527555258 1449991527555314
1449991527605134 1449991527605226 1449991527605387 1449991527605458
1449991527655118 1449991527655193 1449991527655333 1449991527655367
1449991527705113 1449991527705173 1449991527705269 1449991527705316
1449991527755123 1449991527755186 1449991527755275 1449991527755362
1449991527805130 1449991527805201 1449991527805337 1449991527805408
1449991527855117 1449991527855176 1449991527855264 1449991527855307
1449991527905135 1449991527905173 1449991527905256 1449991527905299
1449991527955167 1449991527955237 1449991527955440 1449991527955523
1449991528005134 1449991528005192 1449991528005329 1449991528005393
1449991528055163 1449991528055232 1449991528055421 1449991528055497
1449991528105136 1449991528105203 1449991528105392 1449991528105510
1449991528155121 1449991528155182 1449991528155264 1449991528155321
1449991528205120 1449991528205216 1449991528205387 1449991528205436
1449991528255117 1449991528255152 1449991528255260 1449991528255313
1449991528305116 1449991528305168 1449991528305260 1449991528305316
1449991528355116 1449991528355174 1449991528355269 1449991528355322
1449991528405125 1449991528405180 1449991528405265 1449991528405311
1449991528455115 1449991528455171 1449991528455249 1449991528455484
1449991528505127 1449991528505158 1449991528505266 1449991528505308
1449991528555137 1449991528555236 1449991528555403 1449991528555594
1449991528605131 1449991528605215 1449991528605340 1449991528605485
1449991528655121 1449991528655162 1449991528655246 1449991528655345
1449991528705118 1449991528705169 1449991528705267 1449991528705315
1449991528755137 1449991528755227 1449991528755378 1449991528755463
1449991528805128 1449991528805194 1449991528805310 1449991528805368
1449991528855120 1449991528855196 1449991528855332 1449991528855392
1449991528905145 1449991528905221 1449991528905351 1449991528905431
1449991528955130 1449991528955198 1449991528955314 1449991528955399
1449991529005119 1449991529005177 1449991529005270 1449991529005340
1449991529055118 1449991529055178 1449991529055281 1449991529055332
1449991529105117 1449991529105173 1449991529105251 1449991529105347
1449991529155116 1449991529155173 1449991529155257 1449991529155364
1449991529205140 1449991529205230 1449991529205424 1449991529205535
1449991529255173 1449991529255274 1449991529255447 1449991529255546
1449991529305171 1449991529305260 1449991529305421 1449991529305474
1449991529355173 1449991529355270 1449991529355458 1449991529355612
1449991529405138 1449991529405182 1449991529405332 1449991529405416
1449991529455136 1449991529455179 1449991529455307 1449991529455400
1449991529505169 1449991529505265 1449991529505424 1449991529505514
1449991529555176 1449991529555282 1449991529555423 1449991529555526
1449991529605136 1449991529605210 1449991529605400 1449991529605449
1449991529655136 1449991529655200 1449991529655291 1449991529655347
1449991529705131 1449991529705167 1449991529705317 1449991529705391
1449991529755133 1449991529755169 1449991529755292 1449991529755382
1449991529805117 1449991529805170 1449991529805251 1449991529805299
1449991529855114 1449991529855177 1449991529855261 1449991529855321
1449991529905134 1449991529905218 1449991529905374 1449991529905467
1449991529955120 1449991529955179 1449991529955276 1449991529955346
1449991530005116 1449991530005169 1449991530005258 1449991530005308
1449991530055114 1449991530055170 1449991530055262 1449991530055317
1449991530105117 1449991530105171 1449991530105258 1449991530105308
1449991530155137 1449991530155199 1449991530155296 1449991530155354
1449991530205115 1449991530205153 1449991530205256 1449991530205306
1449991530255117 1449991530255181 1449991530255287 1449991530255337
1449991530305114 1449991530305175 1449991530305285 1449991530305336
1449991530355161 1449991530355226 1449991530355326 1449991530355399
1449991530405129 1449991530405175 1449991530405272 1449991530405328
1449991530455125 1449991530455171 1449991530455274 1449991530455373
1449991530505120 1449991530505162 1449991530505278 1449991530505336
1449991530555132 1449991530555187 1449991530555329 1449991530555412
1449991530605172 1449991530605235 1449991530605427 1449991530605528
1449991530655177 1449991530655255 1449991530655453 1449991530655554
1449991530705176 1449991530705244 1449991530705459 1449991530705570
1449991530755180 1449991530755250 1449991530755448 1449991530755578
1449991530805127 1449991530805179 1449991530805294 1449991530805383
1449991530855134 1449991530855180 1449991530855323 1449991530855380
1449991530905123 1449991530905182 1449991530905334 1449991530905390
1449991530955175 1449991530955242 1449991530955439 1449991530955551
1449991531005177 1449991531005254 1449991531005438 1449991531005528
1449991531055130 1449991531055196 1449991531055341 1449991531055391
1449991531105130 1449991531105199 1449991531105380 1449991531105477
1449991531155176 1449991531155244 1449991531155405 1449991531155480
1449991531205139 1449991531205193 1449991531205333 1449991531205393
1449991531255120 1449991531255154 1449991531255255 1449991531255309
1449991531305112 1449991531305168 1449991531305262 1449991531305303
1449991531355125 1449991531355217 1449991531355364 1449991531355508
1449991531405121 1449991531405175 1449991531405266 1449991531405314
1449991531455117 1449991531455186 1449991531455299 1449991531455364
1449991531505125 1449991531505195 1449991531505317 1449991531505373
1449991531555117 1449991531555154 1449991531555250 1449991531555306
1449991531605111 1449991531605145 1449991531605237 1449991531605297
1449991531655115 1449991531655151 1449991531655243 1449991531655287
1449991531705115 1449991531705156 1449991531705246 1449991531705292
1449991531755116 1449991531755156 1449991531755243 1449991531755300
1449991531805120 1449991531805160 1449991531805245 1449991531805296
1449991531855123 1449991531855171 1449991531855281 1449991531855344
1449991531905124 1449991531905191 1449991531905298 1449991531905343
1449991531955117 1449991531955156 1449991531955289 1449991531955392
1449991532005115 1449991532005152 1449991532005247 1449991532005291
1449991532055108 1449991532055145 1449991532055232 1449991532055275
1449991532105117 1449991532105156 1449991532105239 1449991532105285
1449991532155108 1449991532155142 1449991532155235 1449991532155292
1449991532205111 1449991532205141 1449991532205225 1449991532205271
1449991532255109 1449991532255228 1449991532255334 1449991532255374
1449991532305122 1449991532305182 1449991532305279 1449991532305336
1449991532355112 1449991532355264 1449991532355357 1449991532355407
1449991532405117 1449991532405152 1449991532405240 1449991532405286
1449991532455116 1449991532455155 1449991532455229 1449991532455279
1449991532505110 1449991532505164 1449991532505261 1449991532505321
1449991532555108 1449991532555165 1449991532555256 1449991532555311
1449991532605116 1449991532605180 1449991532605276 1449991532605334
1449991532655112 1449991532655166 1449991532655257 1449991532655306
1449991532705114 1449991532705170 1449991532705264 1449991532705317
1449991532755132 1449991532755219 1449991532755395 1449991532755501
1449991532805126 1449991532805193 1449991532805310 1449991532805363
1449991532855120 1449991532855144 1449991532855235 1449991532855346
1449991532905293 1449991532905367 1449991532905511 1449991532905587
1449991532955126 1449991532955171 1449991532955300 1449991532955364
1449991533005112 1449991533005163 1449991533005250 1449991533005292
1449991533055125 1449991533055190 1449991533055281 1449991533055335
1449991533105124 1449991533105169 1449991533105269 1449991533105329
1449991533155126 1449991533155166 1449991533155280 1449991533155344
1449991533205131 1449991533205205 1449991533205351 1449991533205423
1449991533255137 1449991533255224 1449991533255377 1449991533255453
1449991533305127 1449991533305194 1449991533305295 1449991533305356
1449991533355127 1449991533355198 1449991533355328 1449991533355402
1449991533405116 1449991533405150 1449991533405240 1449991533405287
1449991533455128 1449991533455207 1449991533455321 1449991533455393
