1449991624878988 1449991624879052 1449991624879282 1449991624879310
1449991624929018 1449991624929068 1449991624929294 1449991624929332
1449991624979004 1449991624979047 1449991624979263 1449991624979303
1449991625029004 1449991625029048 1449991625029254 1449991625029280
1449991625079004 1449991625079048 1449991625079252 1449991625079291
1449991625129006 1449991625129082 1449991625129245 1449991625129338
1449991625179036 1449991625179107 1449991625179373 1449991625179523
1449991625229015 1449991625229068 1449991625229277 1449991625229345
1449991625278997 1449991625279036 1449991625279161 1449991625279205
1449991625328995 1449991625329033 1449991625329155 1449991625329202
1449991625379001 1449991625379044 1449991625379174 1449991625379233
1449991625428996 1449991625429033 1449991625429153 1449991625429204
1449991625479005 1449991625479076 1449991625479258 1449991625479338
1449991625529033 1449991625529092 1449991625529357 1449991625529447
1449991625579001 1449991625579042 1449991625579165 1449991625579235
1449991625629019 1449991625629081 1449991625629318 1449991625629431
1449991625679000 1449991625679043 1449991625679169 1449991625679218
1449991625728991 1449991625729026 1449991625729135 1449991625729186
1449991625779011 1449991625779074 1449991625779296 1449991625779397
1449991625829018 1449991625829098 1449991625829339 1449991625829381
1449991625878994 1449991625879033 1449991625879153 1449991625879174
1449991625929012 1449991625929075 1449991625929303 1449991625929337
1449991625979010 1449991625979054 1449991625979253 1449991625979295
1449991626028998 1449991626029039 1449991626029152 1449991626029217
1449991626079012 1449991626079069 1449991626079283 1449991626079358
1449991626128995 1449991626129026 1449991626129154 1449991626129194
1449991626178993 1449991626179049 1449991626179172 1449991626179249
1449991626228997 1449991626229050 1449991626229221 1449991626229313
1449991626278990 1449991626279020 1449991626279133 1449991626279197
1449991626329000 1449991626329052 1449991626329213 1449991626329255
1449991626379007 1449991626379053 1449991626379153 1449991626379254
1449991626429006 1449991626429054 1449991626429234 1449991626429302
1449991626479050 1449991626479121 1449991626479383 1449991626479471
1449991626529054 1449991626529171 1449991626529423 1449991626529533
1449991626579003 1449991626579055 1449991626579250 1449991626579348
1449991626629018 1449991626629083 1449991626629321 1449991626629408
1449991626678995 1449991626679025 1449991626679210 1449991626679272
1449991626728995 1449991626729036 1449991626729162 1449991626729215
1449991626779035 1449991626779108 1449991626779392 1449991626779502
1449991626829023 1449991626829084 1449991626829318 1449991626829394
1449991626878999 1449991626879049 1449991626879164 1449991626879211
1449991626929010 1449991626929074 1449991626929222 1449991626929265
1449991626979015 1449991626979080 1449991626979265 1449991626979317
1449991627029041 1449991627029111 1449991627029368 1449991627029450
1449991627079012 1449991627079064 1449991627079263 1449991627079323
1449991627128996 1449991627129034 1449991627129126 1449991627129168
1449991627179034 1449991627179113 1449991627179401 1449991627179538
1449991627229001 1449991627229064 1449991627229260 1449991627229310
1449991627279000 1449991627279042 1449991627279166 1449991627279207
1449991627329013 1449991627329095 1449991627329297 1449991627329338
1449991627379054 1449991627379140 1449991627379430 1449991627379559
1449991627429001 1449991627429065 1449991627429189 1449991627429232
1449991627478991 1449991627479024 1449991627479143 1449991627479187
1449991627528993 1449991627529025 1449991627529143 1449991627529184
1449991627578990 1449991627579062 1449991627579195 1449991627579271
1449991627629012 1449991627629062 1449991627629187 1449991627629230
1449991627679017 1449991627679056 1449991627679177 1449991627679222
1449991627729010 1449991627729069 1449991627729323 1449991627729414
1449991627779033 1449991627779111 1449991627779419 1449991627779769
1449991627829000 1449991627829039 1449991627829159 1449991627829203
1449991627879010 1449991627879083 1449991627879324 1449991627879388
1449991627929006 1449991627929070 1449991627929279 1449991627929331
1449991627979051 1449991627979176 1449991627979448 1449991627979581
1449991628029020 1449991628029063 1449991628029258 1449991628029361
1449991628079012 1449991628079085 1449991628079333 1449991628079414
1449991628129012 1449991628129061 1449991628129227 1449991628129381
1449991628179009 1449991628179070 1449991628179216 1449991628179380
1449991628228991 1449991628229041 1449991628229157 1449991628229210
1449991628278994 1449991628279073 1449991628279195 1449991628279241
1449991628328987 1449991628329022 1449991628329138 1449991628329182
1449991628379010 1449991628379062 1449991628379198 1449991628379251
1449991628428999 1449991628429048 1449991628429223 1449991628429278
1449991628479005 1449991628479099 1449991628479267 1449991628479342
1449991628529022 1449991628529111 1449991628529270 1449991628529342
1449991628579058 1449991628579146 1449991628579339 1449991628579431
1449991628629008 1449991628629075 1449991628629267 1449991628629340
1449991628679011 1449991628679041 1449991628679192 1449991628679250
1449991628728998 1449991628729030 1449991628729136 1449991628729180
1449991628778999 1449991628779038 1449991628779178 1449991628779235
1449991628829013 1449991628829078 1449991628829322 1449991628829396
1449991628879002 1449991628879040 1449991628879176 1449991628879224
1449991628929018 1449991628929055 1449991628929185 1449991628929234
1449991628978994 1449991628979049 1449991628979204 1449991628979259
1449991629029023 1449991629029111 1449991629029298 1449991629029355
1449991629079036 1449991629079128 1449991629079368 1449991629079451
1449991629129013 1449991629129103 1449991629129257 1449991629129307
1449991629178998 1449991629179033 1449991629179165 1449991629179219
1449991629229002 1449991629229074 1449991629229259 1449991629229319
1449991629279045 1449991629279115 1449991629279311 1449991629279370
1449991629329050 1449991629329167 1449991629329407 1449991629329472
1449991629379003 1449991629379092 1449991629379275 1449991629379346
1449991629429003 1449991629429085 1449991629429276 1449991629429342
1449991629479049 1449991629479143 1449991629479322 1449991629479395
1449991629529051 1449991629529145 1449991629529419 1449991629529583
1449991629579043 1449991629579135 1449991629579433 1449991629579552
1449991629629015 1449991629629089 1449991629629309 1449991629629384
1449991629679010 1449991629679100 1449991629679320 1449991629679395
1449991629729006 1449991629729076 1449991629729212 1449991629729252
1449991629779006 1449991629779080 1449991629779287 1449991629779369
1449991629828996 1449991629829069 1449991629829273 1449991629829337
1449991629879039 1449991629879133 1449991629879429 1449991629879535
1449991629929014 1449991629929092 1449991629929299 1449991629929377
1449991629979014 1449991629979067 1449991629979298 1449991629979394
1449991630029017 1449991630029082 1449991630029308 1449991630029382
1449991630078994 1449991630079026 1449991630079208 1449991630079275
1449991630128992 1449991630129087 1449991630129261 1449991630129293
1449991630178989 1449991630179079 1449991630179232 1449991630179269
1449991630228996 1449991630229091 1449991630229285 1449991630229322
1449991630278995 1449991630279096 1449991630279284 1449991630279310
1449991630329012 1449991630329105 1449991630329319 1449991630329394
1449991630379045 1449991630379182 1449991630379452 1449991630379583
1449991630428997 1449991630429055 1449991630429193 1449991630429243
1449991630478997 1449991630479068 1449991630479240 1449991630479299
1449991630529012 1449991630529120 1449991630529406 1449991630529532
1449991630579055 1449991630579167 1449991630579517 1449991630579646
1449991630629054 1449991630629167 1449991630629455 1449991630629575
1449991630679057 1449991630679170 1449991630679446 1449991630679569
1449991630729016 1449991630729096 1449991630729322 1449991630729435
1449991630779014 1449991630779057 1449991630779189 1449991630779319
1449991630829034 1449991630829113 1449991630829286 1449991630829354
1449991630879041 1449991630879135 1449991630879387 1449991630879487
1449991630929011 1449991630929049 1449991630929249 1449991630929296
1449991630978991 1449991630979050 1449991630979148 1449991630979237
1449991631028993 1449991631029049 1449991631029180 1449991631029230
1449991631079048 1449991631079167 1449991631079418 1449991631079528
1449991631129051 1449991631129140 1449991631129410 1449991631129546
1449991631179014 1449991631179090 1449991631179294 1449991631179390
1449991631229015 1449991631229097 1449991631229328 1449991631229399
1449991631278998 1449991631279052 1449991631279174 1449991631279219
1449991631328994 1449991631329032 1449991631329220 1449991631329296
1449991631378995 1449991631379040 1449991631379163 1449991631379214
1449991631429033 1449991631429167 1449991631429458 1449991631429529
1449991631479026 1449991631479095 1449991631479338 1449991631479582
1449991631529016 1449991631529109 1449991631529399 1449991631529494
1449991631579012 1449991631579086 1449991631579290 1449991631579383
1449991631629005 1449991631629073 1449991631629280 1449991631629356
1449991631679004 1449991631679069 1449991631679270 1449991631679325
1449991631729005 1449991631729075 1449991631729250 1449991631729302
1449991631779006 1449991631779089 1449991631779249 1449991631779299
1449991631829047 1449991631829144 1449991631829435 1449991631829546
1449991631879057 1449991631879153 1449991631879438 1449991631879576
1449991631928999 1449991631929049 1449991631929166 1449991631929211
1449991631978994 1449991631979034 1449991631979189 1449991631979245
1449991632029012 1449991632029101 1449991632029294 1449991632029387
1449991632079015 1449991632079098 1449991632079305 1449991632079348
1449991632129007 1449991632129093 1449991632129271 1449991632129339
1449991632179034 1449991632179128 1449991632179422 1449991632179551
1449991632229054 1449991632229149 1449991632229440 1449991632229532
1449991632279014 1449991632279084 1449991632279295 1449991632279345
1449991632329004 1449991632329033 1449991632329198 1449991632329270
1449991632379005 1449991632379071 1449991632379265 1449991632379388
1449991632429003 1449991632429069 1449991632429263 1449991632429325
1449991632479004 1449991632479090 1449991632479303 1449991632479364
1449991632529014 1449991632529111 1449991632529278 1449991632529356
1449991632579002 1449991632579061 1449991632579184 1449991632579238
1449991632628993 1449991632629023 1449991632629139 1449991632629180
1449991632678991 1449991632679041 1449991632679161 1449991632679198
1449991632729036 1449991632729121 1449991632729249 1449991632729298
1449991632779003 1449991632779085 1449991632779191 1449991632779242
1449991632829028 1449991632829119 1449991632829293 1449991632829360
1449991632879007 1449991632879055 1449991632879166 1449991632879201
1449991632929008 1449991632929048 1449991632929209 1449991632929263
1449991632979017 1449991632979132 1449991632979319 1449991632979398
1449991633029065 1449991633029167 1449991633029425 1449991633029606
1449991633079022 1449991633079080 1449991633079203 1449991633079280
1449991633129008 1449991633129091 1449991633129272 1449991633129348
1449991633179017 1449991633179099 1449991633179331 1449991633179474
1449991633229025 1449991633229115 1449991633229408 1449991633229509
1449991633279006 1449991633279079 1449991633279300 1449991633279375
1449991633329005 1449991633329072 1449991633329292 1449991633329349
1449991633379005 1449991633379078 1449991633379287 1449991633379369
1449991633429003 1449991633429069 1449991633429273 1449991633429348
1449991633479013 1449991633479100 1449991633479334 1449991633479411
1449991633528998 1449991633529069 1449991633529200 1449991633529245
1449991633578990 1449991633579072 1449991633579315 1449991633579380
1449991633629000 1449991633629088 1449991633629290 1449991633629341
1449991633678994 1449991633679060 1449991633679250 1449991633679306
1449991633729013 1449991633729102 1449991633729331 1449991633729461
1449991633779055 1449991633779168 1449991633779388 1449991633779718
1449991633829055 1449991633829149 1449991633829419 1449991633829478
1449991633879058 1449991633879178 1449991633879366 1449991633879462
1449991633929013 1449991633929090 1449991633929292 1449991633929328
1449991633979009 1449991633979037 1449991633979196 1449991633979292
1449991634029003 1449991634029069 1449991634029229 1449991634029256
1449991634078997 1449991634079045 1449991634079180 1449991634079223
1449991634129051 1449991634129145 1449991634129367 1449991634129451
1449991634179025 1449991634179089 1449991634179344 1449991634179473
1449991634229053 1449991634229172 1449991634229401 1449991634229481
1449991634279055 1449991634279130 1449991634279375 1449991634279447
1449991634329057 1449991634329146 1449991634329368 1449991634329465
1449991634379059 1449991634379155 1449991634379373 1449991634379439
1449991634429008 1449991634429061 1449991634429273 1449991634429332
1449991634479005 1449991634479071 1449991634479283 1449991634479351
1449991634529053 1449991634529143 1449991634529381 1449991634529468
1449991634579039 1449991634579165 1449991634579415 1449991634579483
1449991634629000 1449991634629037 1449991634629184 1449991634629245
1449991634678994 1449991634679032 1449991634679137 1449991634679186
1449991634729047 1449991634729136 1449991634729426 1449991634729529
1449991634779013 1449991634779057 1449991634779162 1449991634779225
1449991634828991 1449991634829028 1449991634829177 1449991634829227
1449991634879015 1449991634879068 1449991634879243 1449991634879345
1449991634928995 1449991634929038 1449991634929172 1449991634929222
1449991634979011 1449991634979063 1449991634979233 1449991634979325
1449991635028998 1449991635029062 1449991635029196 1449991635029239
1449991635079017 1449991635079057 1449991635079180 1449991635079223
1449991635128997 1449991635129037 1449991635129135 1449991635129262
1449991635178996 1449991635179034 1449991635179166 1449991635179223
1449991635229003 1449991635229048 1449991635229223 1449991635229284
1449991635279013 1449991635279090 1449991635279328 1449991635279408
1449991635328998 1449991635329037 1449991635329171 1449991635329216
1449991635378988 1449991635379026 1449991635379156 1449991635379205
1449991635428992 1449991635429029 1449991635429149 1449991635429193
1449991635478992 1449991635479027 1449991635479129 1449991635479171
1449991635528996 1449991635529052 1449991635529175 1449991635529246
1449991635578992 1449991635579049 1449991635579177 1449991635579252
1449991635628992 1449991635629061 1449991635629165 1449991635629217
1449991635678993 1449991635679048 1449991635679178 1449991635679232
1449991635728996 1449991635729054 1449991635729174 1449991635729224
1449991635778995 1449991635779028 1449991635779135 1449991635779199
1449991635828990 1449991635829048 1449991635829174 1449991635829226
1449991635878994 1449991635879051 1449991635879183 1449991635879234
1449991635928992 1449991635929046 1449991635929230 1449991635929317
1449991635979035 1449991635979168 1449991635979445 1449991635979581
1449991636029018 1449991636029102 1449991636029324 1449991636029410
1449991636079053 1449991636079149 1449991636079446 1449991636079577
1449991636128999 1449991636129030 1449991636129108 1449991636129159
1449991636178993 1449991636179051 1449991636179177 1449991636179240
1449991636229047 1449991636229141 1449991636229437 1449991636229533
1449991636279020 1449991636279075 1449991636279174 1449991636279222
1449991636328986 1449991636329059 1449991636329190 1449991636329245
1449991636379000 1449991636379061 1449991636379188 1449991636379278
1449991636429015 1449991636429096 1449991636429329 1449991636429440
1449991636479051 1449991636479145 1449991636479441 1449991636479544
1449991636529001 1449991636529036 1449991636529176 1449991636529219
1449991636579001 1449991636579070 1449991636579216 1449991636579285
1449991636628995 1449991636629027 1449991636629135 1449991636629209
1449991636679012 1449991636679092 1449991636679199 1449991636679247
1449991636728997 1449991636729058 1449991636729183 1449991636729228
1449991636778996 1449991636779054 1449991636779167 1449991636779228
1449991636828996 1449991636829055 1449991636829167 1449991636829205
1449991636879016 1449991636879090 1449991636879394 1449991636879491
1449991636929005 1449991636929064 1449991636929187 1449991636929241
1449991636978993 1449991636979049 1449991636979151 1449991636979210
1449991637029034 1449991637029159 1449991637029443 1449991637029554
1449991637079005 1449991637079082 1449991637079272 1449991637079367
1449991637129041 1449991637129141 1449991637129413 1449991637129538
1449991637179001 1449991637179058 1449991637179182 1449991637179241
1449991637228995 1449991637229057 1449991637229195 1449991637229244
1449991637279000 1449991637279049 1449991637279148 1449991637279202
1449991637329000 1449991637329060 1449991637329196 1449991637329242
1449991637379016 1449991637379396 1449991637379594 1449991637379684
1449991637429009 1449991637429040 1449991637429217 1449991637429278
1449991637479012 1449991637479064 1449991637479285 1449991637479374
1449991637529015 1449991637529065 1449991637529251 1449991637529343
1449991637579008 1449991637579036 1449991637579180 1449991637579301
1449991637628996 1449991637629033 1449991637629152 1449991637629221
1449991637678988 1449991637679051 1449991637679177 1449991637679221
1449991637729011 1449991637729057 1449991637729250 1449991637729316
1449991637779010 1449991637779050 1449991637779193 1449991637779727
1449991637829039 1449991637829134 1449991637829420 1449991637829518
1449991637879045 1449991637879136 1449991637879479 1449991637879574
1449991637929055 1449991637929156 1449991637929475 1449991637929575
1449991637979057 1449991637979183 1449991637979485 1449991637979608
1449991638029017 1449991638029095 1449991638029319 1449991638029383
1449991638079006 1449991638079073 1449991638079279 1449991638079323
1449991638129001 1449991638129077 1449991638129203 1449991638129234
1449991638179009 1449991638179107 1449991638179338 1449991638179457
1449991638228996 1449991638229073 1449991638229283 1449991638229347
1449991638278988 1449991638279054 1449991638279219 1449991638279250
1449991638329006 1449991638329102 1449991638329287 1449991638329321
1449991638379011 1449991638379086 1449991638379298 1449991638379366
1449991638429006 1449991638429076 1449991638429278 1449991638429323
1449991638479051 1449991638479152 1449991638479387 1449991638479460
1449991638529059 1449991638529160 1449991638529449 1449991638529536
1449991638579014 1449991638579093 1449991638579322 1449991638579415
1449991638629000 1449991638629087 1449991638629315 1449991638629400
1449991638679057 1449991638679178 1449991638679486 1449991638679582
1449991638729055 1449991638729149 1449991638729430 1449991638729503
1449991638778999 1449991638779053 1449991638779170 1449991638779230
1449991638829012 1449991638829106 1449991638829396 1449991638829485
1449991638879056 1449991638879151 1449991638879392 1449991638879497
1449991638929017 1449991638929104 1449991638929301 1449991638929374
1449991638979055 1449991638979146 1449991638979452 1449991638979611
1449991639029016 1449991639029123 1449991639029360 1449991639029441
1449991639079004 1449991639079063 1449991639079211 1449991639079266
1449991639128995 1449991639129053 1449991639129151 1449991639129207
1449991639179011 1449991639179059 1449991639179300 1449991639179377
1449991639229012 1449991639229082 1449991639229271 1449991639229345
1449991639279014 1449991639279106 1449991639279347 1449991639279436
1449991639329039 1449991639329132 1449991639329386 1449991639329612
1449991639379000 1449991639379047 1449991639379178 1449991639379236
1449991639429012 1449991639429068 1449991639429331 1449991639429411
1449991639479055 1449991639479165 1449991639479469 1449991639479553
1449991639529011 1449991639529094 1449991639529341 1449991639529436
1449991639579015 1449991639579103 1449991639579302 1449991639579411
1449991639629050 1449991639629140 1449991639629412 1449991639629496
1449991639679003 1449991639679061 1449991639679204 1449991639679260
1449991639728994 1449991639729060 1449991639729171 1449991639729227
1449991639779012 1449991639779095 1449991639779259 1449991639779384
1449991639828997 1449991639829053 1449991639829166 1449991639829219
1449991639879019 1449991639879104 1449991639879233 1449991639879299
1449991639929053 1449991639929142 1449991639929404 1449991639929499
1449991639979006 1449991639979090 1449991639979297 1449991639979407
1449991640028999 1449991640029033 1449991640029151 1449991640029193
1449991640079012 1449991640079116 1449991640079327 1449991640079399
1449991640129054 1449991640129143 1449991640129391 1449991640129484
1449991640178999 1449991640179030 1449991640179139 1449991640179192
1449991640229047 1449991640229135 1449991640229381 1449991640229584
1449991640279057 1449991640279158 1449991640279415 1449991640279491
1449991640329024 1449991640329090 1449991640329229 1449991640329287
1449991640379053 1449991640379153 1449991640379447 1449991640379568
1449991640429052 1449991640429171 1449991640429445 1449991640429539
1449991640479041 1449991640479142 1449991640479435 1449991640479522
1449991640529055 1449991640529144 1449991640529392 1449991640529522
1449991640579018 1449991640579105 1449991640579310 1449991640579434
1449991640629048 1449991640629136 1449991640629397 1449991640629478
1449991640679001 1449991640679056 1449991640679183 1449991640679228
1449991640729009 1449991640729056 1449991640729229 1449991640729301
1449991640779017 1449991640779126 1449991640779296 1449991640779401
1449991640829047 1449991640829136 1449991640829398 1449991640829487
1449991640879009 1449991640879097 1449991640879381 1449991640879493
1449991640929014 1449991640929055 1449991640929249 1449991640929336
1449991640979017 1449991640979100 1449991640979330 1449991640979437
1449991641029016 1449991641029098 1449991641029343 1449991641029409
1449991641079019 1449991641079106 1449991641079306 1449991641079395
1449991641129016 1449991641129082 1449991641129260 1449991641129332
1449991641179046 1449991641179140 1449991641179435 1449991641179544
1449991641229017 1449991641229095 1449991641229324 1449991641229389
1449991641279020 1449991641279108 1449991641279377 1449991641279451
1449991641329018 1449991641329102 1449991641329345 1449991641329435
1449991641379054 1449991641379149 1449991641379428 1449991641379538
1449991641429015 1449991641429051 1449991641429222 1449991641429289
1449991641478999 1449991641479075 1449991641479198 1449991641479237
1449991641529045 1449991641529136 1449991641529376 1449991641529450
1449991641579022 1449991641579110 1449991641579319 1449991641579461
1449991641629052 1449991641629147 1449991641629411 1449991641629507
1449991641679006 1449991641679063 1449991641679195 1449991641679238
1449991641729051 1449991641729145 1449991641729389 1449991641729474
1449991641779017 1449991641779076 1449991641779214 1449991641779540
1449991641829056 1449991641829183 1449991641829466 1449991641829551
1449991641879001 1449991641879031 1449991641879147 1449991641879199
1449991641929011 1449991641929098 1449991641929335 1449991641929415
1449991641979014 1449991641979084 1449991641979270 1449991641979432
1449991642029012 1449991642029068 1449991642029278 1449991642029375
1449991642079015 1449991642079097 1449991642079301 1449991642079369
1449991642129011 1449991642129076 1449991642129264 1449991642129350
1449991642178997 1449991642179088 1449991642179292 1449991642179368
1449991642229008 1449991642229040 1449991642229198 1449991642229277
1449991642278989 1449991642279055 1449991642279272 1449991642279331
1449991642328992 1449991642329025 1449991642329161 1449991642329208
1449991642378993 1449991642379033 1449991642379180 1449991642379231
1449991642429051 1449991642429140 1449991642429395 1449991642429445
1449991642479066 1449991642479167 1449991642479440 1449991642479522
1449991642529020 1449991642529084 1449991642529270 1449991642529369
1449991642579046 1449991642579139 1449991642579425 1449991642579644
1449991642629014 1449991642629056 1449991642629265 1449991642629335
1449991642679017 1449991642679069 1449991642679313 1449991642679389
1449991642729021 1449991642729116 1449991642729403 1449991642729519
1449991642779017 1449991642779056 1449991642779214 1449991642779532
1449991642829051 1449991642829140 1449991642829441 1449991642829527
1449991642879019 1449991642879082 1449991642879267 1449991642879346
1449991642929017 1449991642929065 1449991642929295 1449991642929389
1449991642979019 1449991642979072 1449991642979212 1449991642979263
1449991643029018 1449991643029066 1449991643029284 1449991643029373
1449991643079007 1449991643079048 1449991643079208 1449991643079282
1449991643129008 1449991643129043 1449991643129225 1449991643129300
1449991643179015 1449991643179110 1449991643179395 1449991643179493
1449991643229017 1449991643229074 1449991643229262 1449991643229377
1449991643279028 1449991643279129 1449991643279383 1449991643279523
1449991643329021 1449991643329058 1449991643329239 1449991643329343
1449991643378995 1449991643379025 1449991643379168 1449991643379198
1449991643429004 1449991643429033 1449991643429186 1449991643429254
1449991643479005 1449991643479072 1449991643479238 1449991643479297
1449991643529050 1449991643529140 1449991643529371 1449991643529430
1449991643579016 1449991643579073 1449991643579241 1449991643579272
1449991643628995 1449991643629030 1449991643629145 1449991643629187
1449991643678995 1449991643679030 1449991643679127 1449991643679174
1449991643728996 1449991643729032 1449991643729162 1449991643729210
1449991643778995 1449991643779034 1449991643779157 1449991643779207
1449991643828993 1449991643829033 1449991643829170 1449991643829222
1449991643878993 1449991643879033 1449991643879154 1449991643879197
1449991643928992 1449991643929035 1449991643929148 1449991643929189
1449991643978992 1449991643979033 1449991643979136 1449991643979180
1449991644028996 1449991644029035 1449991644029146 1449991644029194
1449991644078997 1449991644079037 1449991644079181 1449991644079231
1449991644128994 1449991644129034 1449991644129142 1449991644129193
1449991644179015 1449991644179072 1449991644179222 1449991644179282
1449991644229004 1449991644229043 1449991644229171 1449991644229225
1449991644279106 1449991644279156 1449991644279295 1449991644279346
1449991644328994 1449991644329030 1449991644329151 1449991644329193
1449991644378986 1449991644379017 1449991644379131 1449991644379169
1449991644428993 1449991644429028 1449991644429154 1449991644429202
1449991644478999 1449991644479049 1449991644479182 1449991644479311
1449991644528996 1449991644529053 1449991644529187 1449991644529239
1449991644578995 1449991644579060 1449991644579183 1449991644579230
1449991644628995 1449991644629048 1449991644629176 1449991644629224
1449991644679115 1449991644679153 1449991644679262 1449991644679315
1449991644728992 1449991644729050 1449991644729182 1449991644729233
1449991644778993 1449991644779049 1449991644779176 1449991644779240
1449991644828995 1449991644829054 1449991644829188 1449991644829238
1449991644878995 1449991644879058 1449991644879188 1449991644879241
1449991644928994 1449991644929058 1449991644929192 1449991644929246
1449991644978995 1449991644979065 1449991644979192 1449991644979245
1449991645028994 1449991645029058 1449991645029180 1449991645029231
1449991645078995 1449991645079052 1449991645079180 1449991645079235
1449991645128994 1449991645129026 1449991645129148 1449991645129198
1449991645178987 1449991645179029 1449991645179152 1449991645179196
1449991645229015 1449991645229081 1449991645229285 1449991645229327
1449991645279064 1449991645279168 1449991645279398 1449991645279463
1449991645329032 1449991645329128 1449991645329309 1449991645329362
1449991645379023 1449991645379112 1449991645379304 1449991645379350
1449991645429019 1449991645429114 1449991645429312 1449991645429386
1449991645479003 1449991645479065 1449991645479191 1449991645479246
1449991645529044 1449991645529144 1449991645529410 1449991645529513
1449991645579012 1449991645579096 1449991645579300 1449991645579490
1449991645628997 1449991645629056 1449991645629160 1449991645629204
1449991645678997 1449991645679067 1449991645679204 1449991645679255
1449991645728996 1449991645729053 1449991645729197 1449991645729241
1449991645778995 1449991645779050 1449991645779172 1449991645779223
1449991645828994 1449991645829050 1449991645829183 1449991645829234
1449991645878993 1449991645879050 1449991645879184 1449991645879242
1449991645928993 1449991645929047 1449991645929182 1449991645929231
1449991645978993 1449991645979051 1449991645979181 1449991645979256
1449991646028993 1449991646029062 1449991646029190 1449991646029239
1449991646078993 1449991646079056 1449991646079192 1449991646079243
1449991646128995 1449991646129056 1449991646129164 1449991646129213
1449991646178986 1449991646179044 1449991646179171 1449991646179214
1449991646228991 1449991646229023 1449991646229157 1449991646229206
1449991646278994 1449991646279050 1449991646279194 1449991646279235
1449991646328995 1449991646329050 1449991646329170 1449991646329216
1449991646379013 1449991646379084 1449991646379218 1449991646379261
1449991646428995 1449991646429058 1449991646429186 1449991646429230
1449991646479002 1449991646479069 1449991646479206 1449991646479259
1449991646528998 1449991646529035 1449991646529142 1449991646529184
1449991646579015 1449991646579100 1449991646579307 1449991646579416
1449991646629000 1449991646629031 1449991646629137 1449991646629180
1449991646679004 1449991646679089 1449991646679307 1449991646679374
1449991646728999 1449991646729120 1449991646729307 1449991646729404
1449991646779021 1449991646779084 1449991646779311 1449991646779380
1449991646829048 1449991646829145 1449991646829429 1449991646829541
1449991646879021 1449991646879107 1449991646879301 1449991646879377
1449991646929053 1449991646929151 1449991646929437 1449991646929560
1449991646979022 1449991646979111 1449991646979361 1449991646979488
1449991647029002 1449991647029040 1449991647029196 1449991647029246
1449991647079008 1449991647079088 1449991647079217 1449991647079277
1449991647128998 1449991647129040 1449991647129157 1449991647129395
1449991647178995 1449991647179053 1449991647179189 1449991647179235
1449991647228995 1449991647229053 1449991647229182 1449991647229226
1449991647278992 1449991647279050 1449991647279166 1449991647279212
1449991647328993 1449991647329024 1449991647329146 1449991647329190
1449991647378992 1449991647379028 1449991647379145 1449991647379219
1449991647429007 1449991647429071 1449991647429247 1449991647429324
1449991647479046 1449991647479112 1449991647479354 1449991647479454
1449991647529004 1449991647529044 1449991647529161 1449991647529204
1449991647578993 1449991647579039 1449991647579220 1449991647579271
1449991647628994 1449991647629032 1449991647629140 1449991647629207
1449991647679018 1449991647679060 1449991647679206 1449991647679260
1449991647728994 1449991647729030 1449991647729151 1449991647729190
1449991647778999 1449991647779038 1449991647779149 1449991647779253
1449991647828994 1449991647829059 1449991647829185 1449991647829280
1449991647878991 1449991647879057 1449991647879178 1449991647879225
1449991647928993 1449991647929052 1449991647929172 1449991647929215
1449991647978993 1449991647979050 1449991647979166 1449991647979213
1449991648028993 1449991648029052 1449991648029181 1449991648029237
1449991648078994 1449991648079053 1449991648079174 1449991648079235
1449991648128981 1449991648129029 1449991648129121 1449991648129154
1449991648178984 1449991648179042 1449991648179159 1449991648179207
1449991648228994 1449991648229045 1449991648229142 1449991648229207
1449991648278993 1449991648279033 1449991648279167 1449991648279219
1449991648328992 1449991648329029 1449991648329153 1449991648329205
1449991648378986 1449991648379042 1449991648379168 1449991648379214
1449991648428986 1449991648429042 1449991648429164 1449991648429209
1449991648478991 1449991648479047 1449991648479153 1449991648479204
1449991648528992 1449991648529047 1449991648529173 1449991648529216
1449991648578984 1449991648579032 1449991648579155 1449991648579200
1449991648628987 1449991648629043 1449991648629173 1449991648629217
1449991648678988 1449991648679043 1449991648679170 1449991648679221
1449991648728994 1449991648729049 1449991648729185 1449991648729230
1449991648778988 1449991648779021 1449991648779122 1449991648779170
1449991648828995 1449991648829035 1449991648829156 1449991648829204
1449991648879209 1449991648879278 1449991648879594 1449991648879736
1449991648929000 1449991648929036 1449991648929162 1449991648929218
1449991648979021 1449991648979085 1449991648979315 1449991648979397
1449991649029020 1449991649029084 1449991649029334 1449991649029420
1449991649079004 1449991649079047 1449991649079192 1449991649079261
1449991649129046 1449991649129114 1449991649129369 1449991649129488
1449991649179007 1449991649179055 1449991649179210 1449991649179262
1449991649229046 1449991649229114 1449991649229364 1449991649229469
1449991649279002 1449991649279039 1449991649279181 1449991649279240
1449991649329005 1449991649329063 1449991649329301 1449991649329406
1449991649379019 1449991649379076 1449991649379310 1449991649379395
1449991649429050 1449991649429123 1449991649429416 1449991649429526
1449991649479017 1449991649479070 1449991649479279 1449991649479383
1449991649529046 1449991649529126 1449991649529428 1449991649529533
1449991649579018 1449991649579082 1449991649579315 1449991649579398
1449991649629000 1449991649629042 1449991649629242 1449991649629323
1449991649678992 1449991649679026 1449991649679136 1449991649679196
1449991649728994 1449991649729030 1449991649729149 1449991649729225
1449991649779003 1449991649779063 1449991649779290 1449991649779362
1449991649828996 1449991649829034 1449991649829165 1449991649829229
1449991649879008 1449991649879106 1449991649879331 1449991649879447
1449991649929004 1449991649929059 1449991649929190 1449991649929233
1449991649979049 1449991649979151 1449991649979456 1449991649979548
1449991650029022 1449991650029115 1449991650029358 1449991650029454
1449991650079013 1449991650079053 1449991650079214 1449991650079292
1449991650128996 1449991650129028 1449991650129258 1449991650129352
1449991650179013 1449991650179075 1449991650179291 1449991650179363
1449991650229000 1449991650229091 1449991650229261 1449991650229368
1449991650278998 1449991650279038 1449991650279177 1449991650279235
1449991650328993 1449991650329029 1449991650329162 1449991650329202
1449991650378993 1449991650379032 1449991650379188 1449991650379231
1449991650429010 1449991650429077 1449991650429338 1449991650429424
1449991650478998 1449991650479037 1449991650479145 1449991650479217
1449991650529005 1449991650529072 1449991650529270 1449991650529336
1449991650579004 1449991650579074 1449991650579268 1449991650579321
1449991650628988 1449991650629055 1449991650629254 1449991650629334
1449991650678995 1449991650679030 1449991650679221 1449991650679315
1449991650728988 1449991650729017 1449991650729202 1449991650729246
1449991650779048 1449991650779140 1449991650779395 1449991650779681
1449991650829055 1449991650829144 1449991650829399 1449991650829500
1449991650879025 1449991650879118 1449991650879353 1449991650879433
1449991650929034 1449991650929080 1449991650929231 1449991650929275
1449991650979053 1449991650979153 1449991650979428 1449991650979527
1449991651029001 1449991651029040 1449991651029181 1449991651029222
1449991651078997 1449991651079058 1449991651079183 1449991651079251
1449991651129038 1449991651129135 1449991651129379 1449991651129490
1449991651179004 1449991651179089 1449991651179297 1449991651179426
1449991651229001 1449991651229067 1449991651229240 1449991651229299
1449991651279032 1449991651279140 1449991651279417 1449991651279545
1449991651329027 1449991651329122 1449991651329347 1449991651329410
1449991651378997 1449991651379035 1449991651379183 1449991651379228
1449991651428994 1449991651429032 1449991651429174 1449991651429228
1449991651479027 1449991651479127 1449991651479349 1449991651479508
1449991651528995 1449991651529031 1449991651529175 1449991651529230
1449991651579008 1449991651579089 1449991651579352 1449991651579459
1449991651629029 1449991651629120 1449991651629366 1449991651629446
1449991651679016 1449991651679097 1449991651679298 1449991651679394
1449991651728996 1449991651729021 1449991651729153 1449991651729190
1449991651779011 1449991651779062 1449991651779229 1449991651779269
1449991651829023 1449991651829114 1449991651829315 1449991651829450
1449991651879009 1449991651879075 1449991651879333 1449991651879478
1449991651929009 1449991651929055 1449991651929281 1449991651929359
1449991651979010 1449991651979052 1449991651979226 1449991651979290
1449991652028990 1449991652029056 1449991652029252 1449991652029303
1449991652079027 1449991652079131 1449991652079397 1449991652079522
1449991652129059 1449991652129143 1449991652129375 1449991652129593
1449991652179056 1449991652179146 1449991652179398 1449991652179471
1449991652229041 1449991652229124 1449991652229386 1449991652229452
1449991652278996 1449991652279041 1449991652279185 1449991652279246
1449991652328994 1449991652329050 1449991652329200 1449991652329223
1449991652379004 1449991652379036 1449991652379137 1449991652379161
1449991652429006 1449991652429044 1449991652429155 1449991652429185
1449991652479005 1449991652479061 1449991652479206 1449991652479249
1449991652529043 1449991652529147 1449991652529419 1449991652529510
1449991652579013 1449991652579049 1449991652579206 1449991652579294
1449991652629010 1449991652629045 1449991652629176 1449991652629250
1449991652678995 1449991652679031 1449991652679149 1449991652679213
1449991652729012 1449991652729056 1449991652729295 1449991652729373
1449991652779009 1449991652779040 1449991652779189 1449991652779216
1449991652829012 1449991652829093 1449991652829267 1449991652829309
1449991652879011 1449991652879042 1449991652879219 1449991652879296
1449991652929005 1449991652929093 1449991652929320 1449991652929448
1449991652979054 1449991652979149 1449991652979493 1449991652979593
1449991653029016 1449991653029063 1449991653029268 1449991653029334
1449991653079010 1449991653079042 1449991653079242 1449991653079332
1449991653129005 1449991653129036 1449991653129167 1449991653129243
1449991653179010 1449991653179064 1449991653179261 1449991653179361
1449991653229027 1449991653229062 1449991653229169 1449991653229214
1449991653279020 1449991653279119 1449991653279282 1449991653279375
1449991653329023 1449991653329088 1449991653329286 1449991653329363
1449991653379025 1449991653379134 1449991653379425 1449991653379485
1449991653429043 1449991653429135 1449991653429374 1449991653429452
1449991653479046 1449991653479138 1449991653479313 1449991653479383
1449991653529002 1449991653529082 1449991653529246 1449991653529286
1449991653579053 1449991653579115 1449991653579266 1449991653579323
1449991653629010 1449991653629052 1449991653629242 1449991653629321
1449991653679008 1449991653679059 1449991653679253 1449991653679336
1449991653729014 1449991653729079 1449991653729286 1449991653729331
1449991653779001 1449991653779046 1449991653779237 1449991653779298
1449991653829038 1449991653829130 1449991653829320 1449991653829393
1449991653879046 1449991653879122 1449991653879242 1449991653879296
1449991653928991 1449991653929048 1449991653929204 1449991653929283
1449991653979049 1449991653979148 1449991653979369 1449991653979427
1449991654029053 1449991654029153 1449991654029389 1449991654029519
1449991654079015 1449991654079115 1449991654079326 1449991654079416
1449991654128999 1449991654129069 1449991654129193 1449991654129243
1449991654179036 1449991654179122 1449991654179257 1449991654179304
1449991654229050 1449991654229161 1449991654229334 1449991654229403
1449991654279016 1449991654279101 1449991654279242 1449991654279283
1449991654329015 1449991654329052 1449991654329168 1449991654329214
1449991654378998 1449991654379060 1449991654379186 1449991654379226
1449991654429021 1449991654429091 1449991654429246 1449991654429296
1449991654479009 1449991654479094 1449991654479262 1449991654479318
1449991654529017 1449991654529103 1449991654529301 1449991654529386
1449991654579015 1449991654579109 1449991654579375 1449991654579487
1449991654629011 1449991654629106 1449991654629370 1449991654629527
1449991654679055 1449991654679152 1449991654679421 1449991654679580
1449991654729033 1449991654729125 1449991654729446 1449991654729566
1449991654779059 1449991654779156 1449991654779447 1449991654779548
