1449991867548653 1449991867548702 1449991867548933 1449991867548958
1449991867598686 1449991867598752 1449991867599069 1449991867599123
1449991867648677 1449991867648730 1449991867649024 1449991867649083
1449991867698697 1449991867698794 1449991867699316 1449991867699371
1449991867748684 1449991867748772 1449991867749057 1449991867749083
1449991867798737 1449991867798841 1449991867799111 1449991867799495
1449991867848715 1449991867848794 1449991867849217 1449991867849342
1449991867898680 1449991867898770 1449991867899096 1449991867899156
1449991867948670 1449991867948743 1449991867949010 1449991867949059
1449991867998657 1449991867998710 1449991867998864 1449991867998951
1449991868048658 1449991868048687 1449991868048856 1449991868048907
1449991868098676 1449991868098759 1449991868098998 1449991868099041
1449991868148679 1449991868148786 1449991868149034 1449991868149088
1449991868198680 1449991868198769 1449991868199109 1449991868199176
1449991868248709 1449991868248865 1449991868249220 1449991868249348
1449991868298677 1449991868298821 1449991868299142 1449991868299195
1449991868348673 1449991868348752 1449991868349064 1449991868349128
1449991868398696 1449991868398780 1449991868399168 1449991868399235
1449991868448684 1449991868448754 1449991868449028 1449991868450917
1449991868498666 1449991868498743 1449991868498947 1449991868498971
1449991868548661 1449991868548720 1449991868548918 1449991868548942
1449991868598659 1449991868598714 1449991868598912 1449991868598944
1449991868648654 1449991868648698 1449991868648854 1449991868648884
1449991868698683 1449991868698765 1449991868699068 1449991868699088
1449991868748671 1449991868748765 1449991868749253 1449991868749380
1449991868798682 1449991868798762 1449991868799054 1449991868799272
1449991868848686 1449991868848811 1449991868849261 1449991868849417
1449991868898659 1449991868898721 1449991868898869 1449991868898902
1449991868948662 1449991868948702 1449991868948845 1449991868948880
1449991868998670 1449991868998738 1449991868999008 1449991868999073
1449991869048671 1449991869048766 1449991869049048 1449991869049138
1449991869098659 1449991869098691 1449991869098834 1449991869098876
1449991869148687 1449991869148773 1449991869148935 1449991869148980
1449991869198670 1449991869198722 1449991869198893 1449991869198932
1449991869248672 1449991869248761 1449991869249048 1449991869249132
1449991869298683 1449991869298723 1449991869298900 1449991869298939
1449991869348702 1449991869348775 1449991869349158 1449991869349221
1449991869398665 1449991869398718 1449991869399036 1449991869399096
1449991869448639 1449991869448701 1449991869448928 1449991869449019
1449991869498695 1449991869498790 1449991869499222 1449991869499327
1449991869548676 1449991869548773 1449991869549078 1449991869549137
1449991869598669 1449991869598759 1449991869599119 1449991869599197
1449991869648670 1449991869648756 1449991869649087 1449991869649159
1449991869698700 1449991869698787 1449991869699184 1449991869699303
1449991869748677 1449991869748735 1449991869748983 1449991869749036
1449991869798670 1449991869798712 1449991869798886 1449991869798940
1449991869848678 1449991869848762 1449991869849068 1449991869849145
1449991869898704 1449991869898829 1449991869899199 1449991869899305
1449991869948731 1449991869948832 1449991869949309 1449991869949397
1449991869998690 1449991869998762 1449991869999080 1449991869999159
1449991870048714 1449991870048816 1449991870049137 1449991870049208
1449991870098687 1449991870098766 1449991870099075 1449991870099156
1449991870148665 1449991870148738 1449991870148935 1449991870148983
1449991870198664 1449991870198704 1449991870198913 1449991870198965
1449991870248668 1449991870248776 1449991870249118 1449991870249212
1449991870298686 1449991870298751 1449991870299126 1449991870299208
1449991870348689 1449991870348751 1449991870349105 1449991870349185
1449991870398659 1449991870398692 1449991870398842 1449991870398875
1449991870448674 1449991870448721 1449991870448875 1449991870448945
1449991870498675 1449991870498707 1449991870498870 1449991870498906
1449991870548670 1449991870548743 1449991870548971 1449991870549001
1449991870598658 1449991870598729 1449991870598884 1449991870598945
1449991870648675 1449991870648757 1449991870648995 1449991870649058
1449991870698678 1449991870698768 1449991870698978 1449991870699019
1449991870748674 1449991870748720 1449991870749080 1449991870749135
1449991870798720 1449991870798819 1449991870799245 1449991870799590
1449991870848662 1449991870848728 1449991870848884 1449991870848928
1449991870898660 1449991870898725 1449991870898941 1449991870898974
1449991870948681 1449991870948727 1449991870948887 1449991870948922
1449991870998662 1449991870998713 1449991870998920 1449991870998961
1449991871048706 1449991871048783 1449991871049209 1449991871049414
1449991871098689 1449991871098780 1449991871099256 1449991871099355
1449991871148679 1449991871148770 1449991871149235 1449991871149358
1449991871198678 1449991871198747 1449991871199165 1449991871199270
1449991871248677 1449991871248722 1449991871249009 1449991871249137
1449991871298677 1449991871298724 1449991871299013 1449991871299069
1449991871348656 1449991871348686 1449991871348967 1449991871349029
1449991871398659 1449991871398690 1449991871398933 1449991871399012
1449991871448673 1449991871448740 1449991871448965 1449991871449057
1449991871498711 1449991871498802 1449991871499166 1449991871499264
1449991871548682 1449991871548723 1449991871548975 1449991871549049
1449991871598677 1449991871598756 1449991871599048 1449991871599127
1449991871648666 1449991871648720 1449991871649005 1449991871649094
1449991871698671 1449991871698728 1449991871698983 1449991871699050
1449991871748665 1449991871748757 1449991871748994 1449991871749055
1449991871798765 1449991871798828 1449991871799011 1449991871799073
1449991871848655 1449991871848715 1449991871848855 1449991871848906
1449991871898716 1449991871898809 1449991871899247 1449991871899366
1449991871948696 1449991871948781 1449991871949088 1449991871949171
1449991871998659 1449991871998729 1449991871998862 1449991871998903
1449991872048715 1449991872048813 1449991872049239 1449991872049382
1449991872098720 1449991872098820 1449991872099226 1449991872099355
1449991872148715 1449991872148792 1449991872149247 1449991872149374
1449991872198689 1449991872198763 1449991872199083 1449991872199143
1449991872248675 1449991872248745 1449991872249069 1449991872249173
1449991872298713 1449991872298792 1449991872299208 1449991872299320
1449991872348716 1449991872348834 1449991872349274 1449991872349377
1449991872398689 1449991872398756 1449991872399091 1449991872399170
1449991872448669 1449991872448704 1449991872448872 1449991872449549
1449991872498667 1449991872498710 1449991872498949 1449991872499002
1449991872548683 1449991872548760 1449991872549001 1449991872549041
1449991872598674 1449991872598749 1449991872599046 1449991872599111
1449991872648673 1449991872648742 1449991872648952 1449991872649066
1449991872698717 1449991872698821 1449991872699261 1449991872699347
1449991872748665 1449991872748722 1449991872748865 1449991872748906
1449991872798676 1449991872798764 1449991872799013 1449991872799102
1449991872848680 1449991872848748 1449991872849146 1449991872849249
1449991872898714 1449991872898799 1449991872899231 1449991872899330
1449991872948680 1449991872948718 1449991872949029 1449991872949087
1449991872998673 1449991872998703 1449991872998966 1449991872999030
1449991873048656 1449991873048721 1449991873048972 1449991873049043
1449991873098662 1449991873098747 1449991873098977 1449991873099009
1449991873148673 1449991873148704 1449991873148995 1449991873149137
1449991873198703 1449991873198799 1449991873199208 1449991873199312
1449991873248659 1449991873248714 1449991873248902 1449991873248953
1449991873298660 1449991873298716 1449991873298890 1449991873298940
1449991873348687 1449991873348782 1449991873349180 1449991873349287
1449991873398682 1449991873398778 1449991873399060 1449991873399139
1449991873448660 1449991873448715 1449991873448865 1449991873448933
1449991873498673 1449991873498722 1449991873499061 1449991873499144
1449991873548681 1449991873548762 1449991873549121 1449991873549202
1449991873598680 1449991873598769 1449991873599072 1449991873599146
1449991873648679 1449991873648761 1449991873649081 1449991873649197
1449991873698662 1449991873698719 1449991873698907 1449991873698956
1449991873748674 1449991873748774 1449991873749094 1449991873749177
1449991873798675 1449991873798744 1449991873799009 1449991873799082
1449991873848700 1449991873848789 1449991873849175 1449991873849302
1449991873898683 1449991873898760 1449991873899092 1449991873899169
1449991873948679 1449991873948753 1449991873949091 1449991873949164
1449991873998659 1449991873998717 1449991873998877 1449991873998914
1449991874048684 1449991874048736 1449991874049075 1449991874049170
1449991874098686 1449991874098788 1449991874099084 1449991874099166
1449991874148678 1449991874148760 1449991874149079 1449991874149155
1449991874198677 1449991874198717 1449991874199029 1449991874199105
1449991874248670 1449991874248702 1449991874248952 1449991874249045
1449991874298674 1449991874298710 1449991874298981 1449991874299061
1449991874348672 1449991874348706 1449991874349008 1449991874349069
1449991874398678 1449991874398725 1449991874399071 1449991874399131
1449991874448679 1449991874448742 1449991874448967 1449991874449018
1449991874498684 1449991874498779 1449991874499124 1449991874499201
1449991874548679 1449991874548759 1449991874549111 1449991874549205
1449991874598661 1449991874598690 1449991874598826 1449991874598860
1449991874648655 1449991874648684 1449991874648815 1449991874648896
1449991874698659 1449991874698715 1449991874698879 1449991874698925
1449991874748674 1449991874748721 1449991874749020 1449991874749084
1449991874798681 1449991874798745 1449991874799007 1449991874800017
1449991874848701 1449991874848770 1449991874849193 1449991874849309
1449991874898715 1449991874898786 1449991874899205 1449991874899255
1449991874948681 1449991874948739 1449991874949056 1449991874949127
1449991874998659 1449991874998699 1449991874998854 1449991874998895
1449991875048661 1449991875048701 1449991875048858 1449991875048901
1449991875098685 1449991875098747 1449991875099083 1449991875099158
1449991875148659 1449991875148698 1449991875148841 1449991875148925
1449991875198705 1449991875198779 1449991875199182 1449991875199288
1449991875248667 1449991875248715 1449991875249023 1449991875249105
1449991875298709 1449991875298779 1449991875299193 1449991875299270
1449991875348701 1449991875348769 1449991875349173 1449991875349265
1449991875398679 1449991875398733 1449991875399054 1449991875399120
1449991875448652 1449991875448679 1449991875448804 1449991875448937
1449991875498699 1449991875498760 1449991875498903 1449991875498936
1449991875548672 1449991875548707 1449991875548972 1449991875549037
1449991875598656 1449991875598684 1449991875598966 1449991875599015
1449991875648651 1449991875648678 1449991875648938 1449991875649008
1449991875698652 1449991875698681 1449991875698922 1449991875698997
1449991875748655 1449991875748685 1449991875748985 1449991875749055
1449991875798660 1449991875798715 1449991875798865 1449991875798916
1449991875848697 1449991875848826 1449991875849270 1449991875849390
1449991875898684 1449991875898720 1449991875899031 1449991875899089
1449991875948671 1449991875948699 1449991875948998 1449991875949060
1449991875998656 1449991875998723 1449991875999011 1449991875999069
1449991876048665 1449991876048758 1449991876049074 1449991876049168
1449991876098675 1449991876098706 1449991876099021 1449991876099088
1449991876148654 1449991876148719 1449991876148986 1449991876149044
1449991876198644 1449991876198666 1449991876198783 1449991876198807
1449991876248651 1449991876248715 1449991876248913 1449991876248966
1449991876298653 1449991876298714 1449991876298860 1449991876298894
1449991876348671 1449991876348764 1449991876348954 1449991876348997
1449991876398662 1449991876398722 1449991876398930 1449991876398970
1449991876448660 1449991876448719 1449991876448865 1449991876449287
1449991876498697 1449991876498792 1449991876499191 1449991876499297
1449991876548711 1449991876548841 1449991876549289 1449991876549379
1449991876598682 1449991876598758 1449991876599064 1449991876599116
1449991876648674 1449991876648742 1449991876649038 1449991876649122
1449991876698702 1449991876698797 1449991876699169 1449991876699254
1449991876748682 1449991876748718 1449991876749017 1449991876749079
1449991876798675 1449991876798705 1449991876798930 1449991876799011
1449991876848671 1449991876848735 1449991876849057 1449991876849145
1449991876898656 1449991876898746 1449991876899041 1449991876899106
1449991876948651 1449991876948714 1449991876949013 1449991876949079
1449991876998650 1449991876998712 1449991876999015 1449991876999078
1449991877048649 1449991877048711 1449991877049010 1449991877049092
1449991877098652 1449991877098715 1449991877099007 1449991877099072
1449991877148651 1449991877148716 1449991877149031 1449991877149323
1449991877198657 1449991877198733 1449991877199009 1449991877199064
1449991877248655 1449991877248698 1449991877248972 1449991877249035
1449991877298657 1449991877298724 1449991877299042 1449991877299092
1449991877348670 1449991877348742 1449991877349047 1449991877349105
1449991877398657 1449991877398685 1449991877398943 1449991877398983
1449991877448650 1449991877448678 1449991877448894 1449991877449547
1449991877498699 1449991877498780 1449991877499198 1449991877499284
1449991877548662 1449991877548696 1449991877549009 1449991877549078
1449991877598669 1449991877598723 1449991877598984 1449991877599040
1449991877648672 1449991877648702 1449991877648965 1449991877649040
1449991877698662 1449991877698688 1449991877698944 1449991877699028
1449991877748669 1449991877748733 1449991877748995 1449991877749084
1449991877798669 1449991877798696 1449991877798911 1449991877798969
1449991877848708 1449991877848801 1449991877849192 1449991877849316
1449991877898683 1449991877898725 1449991877899006 1449991877899089
1449991877948671 1449991877948715 1449991877949014 1449991877949125
1449991877998671 1449991877998698 1449991877998953 1449991877999013
1449991878048675 1449991878048711 1449991878048998 1449991878049111
1449991878098671 1449991878098699 1449991878098962 1449991878099026
1449991878148712 1449991878148807 1449991878149285 1449991878149413
1449991878198682 1449991878198722 1449991878199006 1449991878199075
1449991878248675 1449991878248702 1449991878248954 1449991878249035
1449991878298673 1449991878298750 1449991878299001 1449991878299073
1449991878348656 1449991878348681 1449991878348830 1449991878348870
1449991878398653 1449991878398716 1449991878398857 1449991878398914
1449991878448683 1449991878448767 1449991878449063 1449991878449192
1449991878498684 1449991878498764 1449991878499114 1449991878499188
1449991878548668 1449991878548739 1449991878548973 1449991878549028
1449991878598655 1449991878598717 1449991878598862 1449991878598898
1449991878648706 1449991878648845 1449991878649226 1449991878649321
1449991878698693 1449991878698785 1449991878699285 1449991878699371
1449991878748665 1449991878748696 1449991878748865 1449991878748921
1449991878798697 1449991878798780 1449991878799115 1449991878799217
1449991878848702 1449991878848798 1449991878849203 1449991878849299
1449991878898719 1449991878898799 1449991878899215 1449991878899327
1449991878948706 1449991878948800 1449991878949237 1449991878949339
1449991878998711 1449991878998837 1449991878999260 1449991878999392
1449991879048669 1449991879048706 1449991879048907 1449991879048962
1449991879098684 1449991879098780 1449991879099216 1449991879099315
1449991879148669 1449991879148736 1449991879149016 1449991879149094
1449991879198656 1449991879198716 1449991879198870 1449991879198903
1449991879248704 1449991879248799 1449991879249176 1449991879249317
1449991879298717 1449991879298820 1449991879299202 1449991879299288
1449991879348673 1449991879348781 1449991879349119 1449991879349193
1449991879398659 1449991879398725 1449991879398943 1449991879398991
1449991879448675 1449991879448761 1449991879449026 1449991879449611
1449991879498705 1449991879498801 1449991879499230 1449991879499318
1449991879548681 1449991879548754 1449991879549082 1449991879549142
1449991879598704 1449991879598798 1449991879599191 1449991879599296
1449991879648681 1449991879648723 1449991879649012 1449991879649135
1449991879698676 1449991879698724 1449991879699025 1449991879699079
1449991879748670 1449991879748699 1449991879748980 1449991879749040
1449991879798679 1449991879798730 1449991879799039 1449991879799106
1449991879848691 1449991879848780 1449991879849126 1449991879849236
1449991879898676 1449991879898709 1449991879898973 1449991879899026
1449991879948671 1449991879948701 1449991879948993 1449991879949047
1449991879998673 1449991879998700 1449991879998984 1449991879999034
1449991880048673 1449991880049009 1449991880049285 1449991880049359
1449991880098657 1449991880098684 1449991880098821 1449991880098858
1449991880148675 1449991880148759 1449991880149103 1449991880149160
1449991880198676 1449991880198759 1449991880198997 1449991880199064
1449991880248686 1449991880248738 1449991880249044 1449991880249137
1449991880298679 1449991880298760 1449991880298969 1449991880299018
1449991880348660 1449991880348725 1449991880349082 1449991880349118
1449991880398721 1449991880398764 1449991880398961 1449991880399013
1449991880448679 1449991880448765 1449991880448999 1449991880449083
1449991880498675 1449991880498713 1449991880498991 1449991880499050
1449991880548669 1449991880548749 1449991880549052 1449991880549113
1449991880598681 1449991880598728 1449991880599023 1449991880599103
1449991880648680 1449991880648751 1449991880649085 1449991880649177
1449991880698682 1449991880698769 1449991880699132 1449991880699215
1449991880748659 1449991880748719 1449991880748870 1449991880748905
1449991880798661 1449991880798711 1449991880798832 1449991880798871
1449991880848675 1449991880848739 1449991880848952 1449991880849007
1449991880898658 1449991880898686 1449991880898818 1449991880898854
1449991880948706 1449991880948759 1449991880949077 1449991880949149
1449991880998667 1449991880998718 1449991880998914 1449991880998967
1449991881048654 1449991881048701 1449991881048845 1449991881048887
1449991881098655 1449991881098682 1449991881098818 1449991881098941
1449991881148652 1449991881148716 1449991881148872 1449991881148992
1449991881198662 1449991881198688 1449991881198850 1449991881198890
1449991881248656 1449991881248714 1449991881248920 1449991881248977
1449991881298654 1449991881298710 1449991881298890 1449991881298939
1449991881348657 1449991881348700 1449991881348851 1449991881348883
1449991881398655 1449991881398703 1449991881398851 1449991881398884
1449991881448655 1449991881448681 1449991881448792 1449991881449205
1449991881498653 1449991881498722 1449991881498867 1449991881498899
1449991881548663 1449991881548692 1449991881548844 1449991881548878
1449991881598650 1449991881598676 1449991881598807 1449991881598840
1449991881648654 1449991881648702 1449991881648862 1449991881648908
1449991881698656 1449991881698729 1449991881699029 1449991881699062
1449991881748663 1449991881748720 1449991881748888 1449991881748928
1449991881798655 1449991881798717 1449991881798854 1449991881799000
1449991881848655 1449991881848689 1449991881848883 1449991881848927
1449991881898658 1449991881898713 1449991881898854 1449991881898888
1449991881948654 1449991881948704 1449991881948852 1449991881948883
1449991881998658 1449991881998694 1449991881998870 1449991881998914
1449991882048658 1449991882048718 1449991882049025 1449991882049101
1449991882098654 1449991882098682 1449991882098943 1449991882098965
1449991882148672 1449991882148711 1449991882149000 1449991882149077
1449991882198658 1449991882198685 1449991882198812 1449991882198845
1449991882248656 1449991882248714 1449991882248861 1449991882248906
1449991882298664 1449991882298716 1449991882298877 1449991882298918
1449991882348669 1449991882348748 1449991882349059 1449991882349138
1449991882398679 1449991882398744 1449991882399042 1449991882399129
1449991882448680 1449991882448734 1449991882448947 1449991882449049
1449991882498711 1449991882498813 1449991882499237 1449991882499340
1449991882548697 1449991882548813 1449991882549248 1449991882549355
1449991882598666 1449991882598751 1449991882599060 1449991882599119
1449991882648704 1449991882648784 1449991882649221 1449991882649365
1449991882698690 1449991882698773 1449991882699165 1449991882699274
1449991882748708 1449991882748810 1449991882749197 1449991882749266
1449991882798660 1449991882798723 1449991882798848 1449991882798889
1449991882848670 1449991882848737 1449991882848972 1449991882849042
1449991882898656 1449991882898720 1449991882898862 1449991882898899
1449991882948684 1449991882948772 1449991882949083 1449991882949149
1449991882998666 1449991882998733 1449991882998907 1449991882998953
1449991883048696 1449991883048782 1449991883049176 1449991883049302
1449991883098682 1449991883098797 1449991883099102 1449991883099188
1449991883148706 1449991883148784 1449991883149269 1449991883149387
1449991883198682 1449991883198761 1449991883199075 1449991883199145
1449991883248682 1449991883248757 1449991883249067 1449991883249172
1449991883298667 1449991883298718 1449991883298892 1449991883298957
1449991883348674 1449991883348760 1449991883349033 1449991883349108
1449991883398666 1449991883398725 1449991883398912 1449991883398959
1449991883448659 1449991883448727 1449991883448868 1449991883448925
1449991883498661 1449991883498720 1449991883498911 1449991883498956
1449991883548677 1449991883548766 1449991883549102 1449991883549178
1449991883598692 1449991883598784 1449991883599139 1449991883599222
1449991883648710 1449991883648812 1449991883649211 1449991883649348
1449991883698674 1449991883698718 1449991883698983 1449991883699057
1449991883748675 1449991883748757 1449991883749049 1449991883749132
1449991883798709 1449991883798813 1449991883799192 1449991883799460
1449991883848679 1449991883848764 1449991883849080 1449991883849168
1449991883898677 1449991883898767 1449991883898952 1449991883898994
1449991883948676 1449991883948757 1449991883949019 1449991883949075
1449991883998661 1449991883998722 1449991883998917 1449991883998963
1449991884048660 1449991884048718 1449991884048879 1449991884048930
1449991884098663 1449991884098716 1449991884098859 1449991884098900
1449991884148661 1449991884148722 1449991884148895 1449991884148942
1449991884198677 1449991884198768 1449991884198990 1449991884199029
1449991884248703 1449991884248782 1449991884249149 1449991884249263
1449991884298666 1449991884298704 1449991884298869 1449991884298936
1449991884348683 1449991884348771 1449991884349129 1449991884349255
1449991884398669 1449991884398737 1449991884399003 1449991884399073
1449991884448660 1449991884448746 1449991884449005 1449991884449462
1449991884498663 1449991884498740 1449991884498971 1449991884499017
1449991884548664 1449991884548709 1449991884548911 1449991884548978
1449991884598657 1449991884598683 1449991884598870 1449991884598920
1449991884648835 1449991884648885 1449991884649077 1449991884649129
1449991884698672 1449991884698750 1449991884699048 1449991884699108
1449991884748663 1449991884748743 1449991884749000 1449991884749045
1449991884798689 1449991884798791 1449991884799069 1449991884799162
1449991884848700 1449991884848839 1449991884849202 1449991884849263
1449991884898702 1449991884898846 1449991884899222 1449991884899306
1449991884948666 1449991884948738 1449991884948971 1449991884949054
1449991884998683 1449991884998793 1449991884999124 1449991884999186
1449991885048670 1449991885048731 1449991885048925 1449991885048970
1449991885098690 1449991885098798 1449991885099141 1449991885099309
1449991885148703 1449991885148791 1449991885149111 1449991885149203
1449991885198663 1449991885198731 1449991885198911 1449991885198948
1449991885248655 1449991885248726 1449991885249035 1449991885249085
1449991885298652 1449991885298713 1449991885298906 1449991885298942
1449991885348651 1449991885348708 1449991885348889 1449991885348929
1449991885398658 1449991885398717 1449991885398909 1449991885398953
1449991885448651 1449991885448706 1449991885448842 1449991885448882
1449991885498659 1449991885498721 1449991885498917 1449991885498958
1449991885548661 1449991885548732 1449991885548924 1449991885548966
1449991885598659 1449991885598719 1449991885598904 1449991885598940
1449991885648660 1449991885648719 1449991885648907 1449991885648950
1449991885698657 1449991885698716 1449991885698889 1449991885698932
1449991885748667 1449991885748731 1449991885749016 1449991885749069
1449991885798655 1449991885798712 1449991885798853 1449991885798902
1449991885848659 1449991885848718 1449991885848908 1449991885848955
1449991885898658 1449991885898728 1449991885898924 1449991885898973
1449991885948658 1449991885948720 1449991885948915 1449991885948961
1449991885998658 1449991885998715 1449991885998901 1449991885998941
1449991886048662 1449991886048722 1449991886048901 1449991886048943
1449991886098660 1449991886098718 1449991886098894 1449991886098934
1449991886148659 1449991886148718 1449991886148871 1449991886148914
1449991886198655 1449991886198712 1449991886198900 1449991886198938
1449991886248654 1449991886248724 1449991886248913 1449991886248951
1449991886298661 1449991886298721 1449991886298910 1449991886298948
1449991886348660 1449991886348695 1449991886348884 1449991886348939
1449991886398683 1449991886398766 1449991886399070 1449991886399110
1449991886448679 1449991886448737 1449991886448865 1449991886448909
1449991886498664 1449991886498731 1449991886498930 1449991886498974
1449991886548664 1449991886548727 1449991886548919 1449991886548963
1449991886598661 1449991886598721 1449991886598905 1449991886598947
1449991886648662 1449991886648728 1449991886648924 1449991886648966
1449991886698657 1449991886698699 1449991886698905 1449991886698948
1449991886748681 1449991886748769 1449991886749066 1449991886749149
1449991886798668 1449991886798700 1449991886798834 1449991886798882
1449991886848710 1449991886848803 1449991886849261 1449991886849363
1449991886898711 1449991886898791 1449991886899228 1449991886899332
1449991886948667 1449991886948714 1449991886948869 1449991886948919
1449991886998679 1449991886998731 1449991886999006 1449991886999089
1449991887048663 1449991887048688 1449991887048945 1449991887048993
1449991887098680 1449991887098729 1449991887098984 1449991887099031
1449991887148689 1449991887148777 1449991887149095 1449991887149168
1449991887198671 1449991887198747 1449991887199072 1449991887199136
1449991887248681 1449991887248727 1449991887248960 1449991887249008
1449991887298666 1449991887298772 1449991887299046 1449991887299125
1449991887348660 1449991887348719 1449991887348897 1449991887348949
1449991887398710 1449991887398805 1449991887399235 1449991887399352
1449991887448677 1449991887448748 1449991887448952 1449991887449005
1449991887498667 1449991887498728 1449991887498910 1449991887498960
1449991887548680 1449991887548767 1449991887549019 1449991887549068
1449991887598709 1449991887598809 1449991887599261 1449991887599365
1449991887648668 1449991887648721 1449991887648891 1449991887648944
1449991887698710 1449991887698802 1449991887699150 1449991887699289
1449991887748685 1449991887748769 1449991887749034 1449991887749139
1449991887798665 1449991887798702 1449991887798863 1449991887798913
1449991887848679 1449991887848754 1449991887849002 1449991887849076
1449991887898685 1449991887898750 1449991887898986 1449991887899049
1449991887948718 1449991887948820 1449991887949220 1449991887949323
1449991887998719 1449991887998836 1449991887999295 1449991887999435
1449991888048687 1449991888048772 1449991888049068 1449991888049148
1449991888098686 1449991888098771 1449991888099070 1449991888099148
1449991888148714 1449991888148806 1449991888149298 1449991888149422
1449991888198671 1449991888198737 1449991888198927 1449991888198978
1449991888248682 1449991888248767 1449991888249118 1449991888249200
1449991888298676 1449991888298740 1449991888299057 1449991888299127
1449991888348651 1449991888348716 1449991888348899 1449991888348944
1449991888398660 1449991888398722 1449991888398902 1449991888398943
1449991888448662 1449991888448723 1449991888448876 1449991888448924
1449991888498684 1449991888498772 1449991888499123 1449991888499205
1449991888548683 1449991888548762 1449991888549092 1449991888549176
1449991888598663 1449991888598728 1449991888598919 1449991888598967
1449991888648681 1449991888648765 1449991888649093 1449991888649200
1449991888698670 1449991888698761 1449991888699100 1449991888699171
1449991888748669 1449991888748706 1449991888748884 1449991888748935
1449991888798674 1449991888798708 1449991888798988 1449991888799369
1449991888848668 1449991888848746 1449991888849019 1449991888849083
1449991888898662 1449991888898727 1449991888898923 1449991888898970
1449991888948657 1449991888948689 1449991888948857 1449991888948924
1449991888998668 1449991888998718 1449991888999094 1449991888999178
1449991889048669 1449991889048741 1449991889048936 1449991889048984
1449991889098666 1449991889098734 1449991889098906 1449991889098953
1449991889148675 1449991889148745 1449991889149050 1449991889149128
1449991889198673 1449991889198702 1449991889198937 1449991889198999
1449991889248673 1449991889248701 1449991889248957 1449991889249019
1449991889298677 1449991889298715 1449991889299007 1449991889299079
1449991889348678 1449991889348719 1449991889349022 1449991889349097
1449991889398657 1449991889398699 1449991889398958 1449991889399007
1449991889448653 1449991889448680 1449991889448941 1449991889448998
1449991889498711 1449991889498819 1449991889499251 1449991889499333
1449991889548691 1449991889548729 1449991889549017 1449991889549070
1449991889598680 1449991889598720 1449991889599039 1449991889599105
1449991889648664 1449991889648693 1449991889648962 1449991889649010
1449991889698653 1449991889698679 1449991889698954 1449991889699008
1449991889748654 1449991889748699 1449991889748970 1449991889749031
1449991889798651 1449991889798677 1449991889798858 1449991889799628
1449991889848654 1449991889848689 1449991889848890 1449991889848919
1449991889898653 1449991889898680 1449991889898953 1449991889899015
1449991889948652 1449991889948678 1449991889948948 1449991889949005
1449991889998653 1449991889998679 1449991889998944 1449991889998985
1449991890048652 1449991890048676 1449991890048941 1449991890048981
1449991890098661 1449991890098714 1449991890098949 1449991890098983
1449991890148659 1449991890148687 1449991890148985 1449991890149067
1449991890198654 1449991890198720 1449991890199000 1449991890199065
1449991890248677 1449991890248731 1449991890248930 1449991890248977
1449991890298671 1449991890298697 1449991890298893 1449991890298939
1449991890348823 1449991890348881 1449991890349072 1449991890349145
1449991890398660 1449991890398691 1449991890398867 1449991890398906
1449991890448655 1449991890448694 1449991890448834 1449991890448878
1449991890498668 1449991890498717 1449991890499006 1449991890499066
1449991890548683 1449991890548746 1449991890549155 1449991890549259
1449991890598674 1449991890598721 1449991890598965 1449991890599028
1449991890648679 1449991890648751 1449991890649048 1449991890649099
1449991890698664 1449991890698701 1449991890698886 1449991890698933
1449991890748682 1449991890748766 1449991890749048 1449991890749141
1449991890798718 1449991890798796 1449991890799051 1449991890799134
1449991890848673 1449991890848730 1449991890849164 1449991890849285
1449991890898693 1449991890898765 1449991890899115 1449991890899223
1449991890948667 1449991890948703 1449991890948883 1449991890948934
1449991890998682 1449991890998746 1449991890999056 1449991890999112
1449991891048670 1449991891048727 1449991891049057 1449991891049116
1449991891098667 1449991891098724 1449991891099057 1449991891099138
1449991891148662 1449991891148701 1449991891148866 1449991891148913
1449991891198681 1449991891198724 1449991891198924 1449991891198971
1449991891248663 1449991891248716 1449991891248935 1449991891248978
1449991891298680 1449991891298748 1449991891299100 1449991891299185
1449991891348663 1449991891348721 1449991891348894 1449991891348951
1449991891398657 1449991891398715 1449991891398900 1449991891398948
1449991891448678 1449991891448772 1449991891449023 1449991891449090
1449991891498691 1449991891498794 1449991891499217 1449991891499306
1449991891548678 1449991891548750 1449991891549073 1449991891549158
1449991891598671 1449991891598730 1449991891599066 1449991891599147
1449991891648682 1449991891648777 1449991891649199 1449991891649299
1449991891698682 1449991891698742 1449991891699067 1449991891699149
1449991891748670 1449991891748732 1449991891748922 1449991891748976
1449991891798671 1449991891798746 1449991891799008 1449991891799077
1449991891848655 1449991891848736 1449991891849038 1449991891849095
1449991891898645 1449991891898696 1449991891898871 1449991891898903
1449991891948708 1449991891948803 1449991891949225 1449991891949335
1449991891998681 1449991891998732 1449991891999055 1449991891999144
1449991892048705 1449991892048767 1449991892049084 1449991892049145
1449991892098667 1449991892098732 1449991892098921 1449991892099048
1449991892148660 1449991892148709 1449991892148868 1449991892148980
1449991892198727 1449991892198811 1449991892199168 1449991892199219
1449991892248680 1449991892248753 1449991892249073 1449991892249140
1449991892298661 1449991892298709 1449991892298965 1449991892299025
1449991892348661 1449991892348701 1449991892348893 1449991892348949
1449991892398728 1449991892398786 1449991892399183 1449991892399245
1449991892448713 1449991892448800 1449991892449114 1449991892450113
1449991892498696 1449991892498798 1449991892499143 1449991892499233
1449991892548692 1449991892548779 1449991892549061 1449991892549134
1449991892598679 1449991892598770 1449991892599054 1449991892599139
1449991892648668 1449991892648750 1449991892648989 1449991892649058
1449991892698671 1449991892698713 1449991892698915 1449991892698964
1449991892748662 1449991892748700 1449991892748885 1449991892748943
1449991892798661 1449991892798718 1449991892798860 1449991892798912
1449991892848658 1449991892848722 1449991892848921 1449991892848959
1449991892898666 1449991892898779 1449991892899070 1449991892899120
1449991892948662 1449991892948741 1449991892948959 1449991892949002
1449991892998656 1449991892998723 1449991892998941 1449991892998983
1449991893048668 1449991893048742 1449991893048972 1449991893049025
1449991893098657 1449991893098725 1449991893098979 1449991893099044
1449991893148659 1449991893148711 1449991893148894 1449991893148950
1449991893198679 1449991893198758 1449991893199111 1449991893199186
1449991893248669 1449991893248742 1449991893248976 1449991893249017
1449991893298664 1449991893298698 1449991893298892 1449991893298932
1449991893348663 1449991893348750 1449991893348974 1449991893349044
1449991893398662 1449991893398720 1449991893398895 1449991893398935
1449991893448663 1449991893448705 1449991893448893 1449991893448970
1449991893498664 1449991893498731 1449991893498988 1449991893499033
1449991893548665 1449991893548756 1449991893549122 1449991893549210
1449991893598657 1449991893598727 1449991893599035 1449991893599091
1449991893648653 1449991893648721 1449991893649045 1449991893649090
1449991893698652 1449991893698716 1449991893698988 1449991893699035
1449991893748650 1449991893748713 1449991893749020 1449991893749092
1449991893798649 1449991893798716 1449991893798963 1449991893799020
1449991893848710 1449991893848808 1449991893849238 1449991893849321
1449991893898687 1449991893898770 1449991893899100 1449991893899155
1449991893948665 1449991893948729 1449991893948910 1449991893948966
1449991893998665 1449991893998763 1449991893999128 1449991893999191
1449991894048667 1449991894048726 1449991894048903 1449991894048941
1449991894098719 1449991894098805 1449991894099223 1449991894099315
1449991894148718 1449991894148805 1449991894149237 1449991894149368
1449991894198664 1449991894198721 1449991894199089 1449991894199168
1449991894248684 1449991894248722 1449991894248897 1449991894248951
1449991894298655 1449991894298695 1449991894298883 1449991894298929
1449991894348654 1449991894348687 1449991894348887 1449991894348934
1449991894398650 1449991894398684 1449991894398880 1449991894398923
1449991894448658 1449991894448694 1449991894448843 1449991894448883
1449991894498682 1449991894498723 1449991894498924 1449991894498975
1449991894548657 1449991894548726 1449991894548995 1449991894549046
1449991894598651 1449991894598726 1449991894598981 1449991894599005
1449991894648651 1449991894648730 1449991894649014 1449991894649082
1449991894698714 1449991894698811 1449991894699230 1449991894699333
1449991894748704 1449991894748797 1449991894749223 1449991894749335
1449991894798681 1449991894798763 1449991894799053 1449991894799126
1449991894848666 1449991894848762 1449991894849089 1449991894849159
1449991894898677 1449991894898744 1449991894899053 1449991894899116
1449991894948668 1449991894948709 1449991894948924 1449991894948982
1449991894998670 1449991894998713 1449991894998916 1449991894998955
1449991895048672 1449991895048746 1449991895048973 1449991895049006
1449991895098672 1449991895098735 1449991895099032 1449991895099093
1449991895148666 1449991895148758 1449991895148933 1449991895148979
1449991895198674 1449991895198751 1449991895199004 1449991895199049
1449991895248679 1449991895248771 1449991895249056 1449991895249123
1449991895298683 1449991895298771 1449991895299016 1449991895299054
1449991895348675 1449991895348760 1449991895348995 1449991895349049
1449991895398661 1449991895398722 1449991895398908 1449991895398946
1449991895448676 1449991895448762 1449991895449003 1449991895449048
1449991895498719 1449991895498815 1449991895499175 1449991895499273
1449991895548670 1449991895548740 1449991895548930 1449991895548990
1449991895598677 1449991895598766 1449991895599029 1449991895599100
1449991895648676 1449991895648746 1449991895649010 1449991895649065
1449991895698663 1449991895698726 1449991895698917 1449991895698963
1449991895748658 1449991895748734 1449991895749023 1449991895749119
1449991895798655 1449991895798719 1449991895798925 1449991895799690
1449991895848680 1449991895848781 1449991895849013 1449991895849068
1449991895898664 1449991895898699 1449991895898882 1449991895898927
1449991895948661 1449991895948724 1449991895948922 1449991895948982
1449991895998660 1449991895998719 1449991895998906 1449991895998956
1449991896048653 1449991896048711 1449991896048870 1449991896048918
1449991896098659 1449991896098696 1449991896098851 1449991896098892
1449991896148652 1449991896148687 1449991896148848 1449991896148913
1449991896198659 1449991896198696 1449991896198885 1449991896198929
1449991896248672 1449991896248722 1449991896249019 1449991896249079
1449991896298660 1449991896298695 1449991896298855 1449991896298907
1449991896348675 1449991896348738 1449991896349103 1449991896349196
1449991896398662 1449991896398696 1449991896398871 1449991896398908
1449991896448650 1449991896448686 1449991896448829 1449991896448871
1449991896498683 1449991896498751 1449991896499120 1449991896499196
1449991896548708 1449991896548781 1449991896549005 1449991896549054
1449991896598666 1449991896598730 1449991896598929 1449991896598971
1449991896648660 1449991896648690 1449991896648874 1449991896648913
1449991896698675 1449991896698717 1449991896699006 1449991896699066
1449991896748663 1449991896748697 1449991896748876 1449991896748927
1449991896798677 1449991896798725 1449991896798910 1449991896799562
1449991896848678 1449991896848728 1449991896848992 1449991896849059
1449991896898663 1449991896898695 1449991896898893 1449991896898929
1449991896948677 1449991896948725 1449991896949029 1449991896949104
1449991896998674 1449991896998705 1449991896998959 1449991896999017
1449991897048663 1449991897048694 1449991897048858 1449991897048899
1449991897098675 1449991897098761 1449991897099038 1449991897099084
1449991897148662 1449991897148718 1449991897148882 1449991897148930
1449991897198662 1449991897198726 1449991897198884 1449991897198928
1449991897248660 1449991897248717 1449991897248939 1449991897248993
1449991897298712 1449991897298790 1449991897299091 1449991897299167
1449991897348682 1449991897348747 1449991897349106 1449991897349201
1449991897398666 1449991897398704 1449991897398899 1449991897398946
1449991897448657 1449991897448698 1449991897448849 1449991897448896
