1449991928221639 1449991928221686 1449991928221938 1449991928221966
1449991928271649 1449991928271713 1449991928272177 1449991928272236
1449991928321648 1449991928321738 1449991928322032 1449991928322071
1449991928371641 1449991928371685 1449991928371914 1449991928371940
1449991928421665 1449991928421761 1449991928422190 1449991928422252
1449991928471665 1449991928471726 1449991928472051 1449991928472088
1449991928521646 1449991928521687 1449991928521989 1449991928522058
1449991928571687 1449991928571779 1449991928572039 1449991928572088
1449991928621656 1449991928621729 1449991928622032 1449991928622107
1449991928671665 1449991928671756 1449991928672027 1449991928672107
1449991928721648 1449991928721707 1449991928721923 1449991928721981
1449991928771643 1449991928771701 1449991928771908 1449991928771959
1449991928821644 1449991928821716 1449991928821917 1449991928821962
1449991928871659 1449991928871749 1449991928872019 1449991928872098
1449991928921644 1449991928921720 1449991928922029 1449991928922098
1449991928971659 1449991928971718 1449991928972098 1449991928972187
1449991929021660 1449991929021698 1449991929021899 1449991929021950
1449991929071642 1449991929071708 1449991929071912 1449991929071954
1449991929121641 1449991929121677 1449991929121848 1449991929121911
1449991929171640 1449991929171695 1449991929171899 1449991929171921
1449991929221641 1449991929221680 1449991929221886 1449991929221910
1449991929271646 1449991929271737 1449991929272028 1449991929272067
1449991929321652 1449991929321717 1449991929322128 1449991929322189
1449991929371659 1449991929371718 1449991929372067 1449991929372108
1449991929421670 1449991929421755 1449991929422044 1449991929422117
1449991929471702 1449991929471789 1449991929472039 1449991929472082
1449991929521653 1449991929521740 1449991929521924 1449991929521982
1449991929571646 1449991929571754 1449991929572036 1449991929572121
1449991929621660 1449991929621699 1449991929621902 1449991929621992
1449991929671640 1449991929671676 1449991929671872 1449991929671922
1449991929721653 1449991929721693 1449991929721890 1449991929721950
1449991929771658 1449991929771720 1449991929772087 1449991929772173
1449991929821646 1449991929821683 1449991929821881 1449991929821930
1449991929871672 1449991929871767 1449991929872110 1449991929872184
1449991929921650 1449991929921689 1449991929921895 1449991929921956
1449991929971641 1449991929971680 1449991929971882 1449991929971948
1449991930021651 1449991930021697 1449991930022017 1449991930022071
1449991930071652 1449991930071694 1449991930072023 1449991930072083
1449991930121657 1449991930121718 1449991930122055 1449991930122132
1449991930171654 1449991930171700 1449991930172024 1449991930172063
1449991930221669 1449991930221771 1449991930222193 1449991930222315
1449991930271656 1449991930271695 1449991930271908 1449991930271945
1449991930321635 1449991930321673 1449991930321875 1449991930321929
1449991930371644 1449991930371683 1449991930371906 1449991930371951
1449991930421641 1449991930421679 1449991930421878 1449991930421913
1449991930471657 1449991930471715 1449991930472036 1449991930472119
1449991930521658 1449991930521703 1449991930522037 1449991930522110
1449991930571692 1449991930571796 1449991930572261 1449991930572354
1449991930621663 1449991930621713 1449991930622064 1449991930622117
1449991930671655 1449991930671699 1449991930672041 1449991930672085
1449991930721642 1449991930721677 1449991930721875 1449991930721916
1449991930771657 1449991930771710 1449991930772067 1449991930772132
1449991930821658 1449991930821709 1449991930822049 1449991930822110
1449991930871675 1449991930871746 1449991930872203 1449991930872290
1449991930921688 1449991930921816 1449991930922291 1449991930922425
1449991930971674 1449991930971753 1449991930972116 1449991930972181
1449991931021699 1449991931021792 1449991931022254 1449991931022394
1449991931071659 1449991931071696 1449991931072037 1449991931072097
1449991931121656 1449991931121724 1449991931122074 1449991931122168
1449991931171657 1449991931171725 1449991931172064 1449991931172119
1449991931221640 1449991931221709 1449991931222034 1449991931222086
1449991931271638 1449991931271720 1449991931272044 1449991931272093
1449991931321637 1449991931321708 1449991931322060 1449991931322142
1449991931371641 1449991931371692 1449991931371891 1449991931371934
1449991931421657 1449991931421734 1449991931422102 1449991931422176
1449991931471681 1449991931471727 1449991931472040 1449991931472099
1449991931521635 1449991931521669 1449991931521999 1449991931522081
1449991931571633 1449991931571662 1449991931571988 1449991931572044
1449991931621651 1449991931621717 1449991931622040 1449991931622096
1449991931671653 1449991931671695 1449991931672029 1449991931672077
1449991931721637 1449991931721666 1449991931721966 1449991931722025
1449991931771649 1449991931771689 1449991931771919 1449991931772101
1449991931821652 1449991931821694 1449991931822024 1449991931822080
1449991931871653 1449991931871698 1449991931872024 1449991931872077
1449991931921651 1449991931921693 1449991931922027 1449991931922094
1449991931971655 1449991931971718 1449991931972060 1449991931972133
1449991932021654 1449991932021697 1449991932022021 1449991932022075
1449991932071636 1449991932071666 1449991932071969 1449991932072027
1449991932121653 1449991932121710 1449991932122118 1449991932122230
1449991932171659 1449991932171707 1449991932172051 1449991932172104
1449991932221639 1449991932221668 1449991932221973 1449991932222072
1449991932271633 1449991932271662 1449991932271966 1449991932272025
1449991932321643 1449991932321713 1449991932322062 1449991932322156
1449991932371645 1449991932371688 1449991932372017 1449991932372065
1449991932421651 1449991932421694 1449991932422032 1449991932422075
1449991932471635 1449991932471668 1449991932471885 1449991932472636
1449991932521654 1449991932521697 1449991932522033 1449991932522097
1449991932571656 1449991932571699 1449991932572029 1449991932572084
1449991932621636 1449991932621666 1449991932621982 1449991932622043
1449991932671651 1449991932671711 1449991932672043 1449991932672100
1449991932721638 1449991932721666 1449991932721977 1449991932722050
1449991932771633 1449991932771665 1449991932771962 1449991932772025
1449991932821679 1449991932821745 1449991932822196 1449991932822341
1449991932871663 1449991932871718 1449991932872069 1449991932872119
1449991932921655 1449991932921697 1449991932922015 1449991932922073
1449991932971654 1449991932971697 1449991932972020 1449991932972068
1449991933021652 1449991933021709 1449991933022016 1449991933022061
1449991933071634 1449991933071664 1449991933071967 1449991933072022
1449991933121656 1449991933121696 1449991933121930 1449991933122890
1449991933171654 1449991933171698 1449991933172036 1449991933172095
1449991933221638 1449991933221667 1449991933221971 1449991933222021
1449991933271631 1449991933271661 1449991933271961 1449991933272010
1449991933321635 1449991933321673 1449991933321954 1449991933322017
1449991933371656 1449991933371723 1449991933372064 1449991933372099
1449991933421641 1449991933421674 1449991933421964 1449991933422004
1449991933471637 1449991933471664 1449991933471870 1449991933472636
1449991933521700 1449991933521766 1449991933522181 1449991933522345
1449991933571652 1449991933571694 1449991933572025 1449991933572096
1449991933621699 1449991933621767 1449991933622212 1449991933622368
1449991933671654 1449991933671698 1449991933672027 1449991933672096
1449991933721638 1449991933721698 1449991933722004 1449991933722066
1449991933771632 1449991933771661 1449991933771892 1449991933771960
1449991933821649 1449991933821689 1449991933821992 1449991933822139
1449991933871655 1449991933871696 1449991933872032 1449991933872090
1449991933921640 1449991933921671 1449991933921970 1449991933922044
1449991933971637 1449991933971672 1449991933972006 1449991933972051
1449991934021634 1449991934021663 1449991934021964 1449991934022003
1449991934071636 1449991934071680 1449991934072001 1449991934072037
1449991934121651 1449991934121692 1449991934121943 1449991934122014
1449991934171652 1449991934171694 1449991934172023 1449991934172068
1449991934221637 1449991934221667 1449991934221978 1449991934222024
1449991934271634 1449991934271663 1449991934271974 1449991934272017
1449991934321634 1449991934321660 1449991934321967 1449991934322034
1449991934371634 1449991934371660 1449991934371969 1449991934372015
1449991934421636 1449991934421684 1449991934421948 1449991934421990
1449991934471634 1449991934471666 1449991934471866 1449991934471920
1449991934521690 1449991934521783 1449991934522166 1449991934522262
1449991934571650 1449991934571689 1449991934571885 1449991934571917
1449991934621639 1449991934621704 1449991934621891 1449991934621921
1449991934671633 1449991934671698 1449991934671883 1449991934671908
1449991934721633 1449991934721661 1449991934721830 1449991934721858
1449991934771634 1449991934771677 1449991934771954 1449991934772374
1449991934821632 1449991934821697 1449991934821976 1449991934822035
1449991934871632 1449991934871706 1449991934872000 1449991934872055
1449991934921631 1449991934921696 1449991934922031 1449991934922107
1449991934971632 1449991934971694 1449991934971975 1449991934972038
1449991935021696 1449991935021792 1449991935022201 1449991935022355
1449991935071665 1449991935071705 1449991935072017 1449991935072078
1449991935121638 1449991935121731 1449991935122026 1449991935122352
1449991935171700 1449991935171796 1449991935172201 1449991935172297
1449991935221661 1449991935221698 1449991935221984 1449991935222040
1449991935271637 1449991935271697 1449991935271995 1449991935272054
1449991935321632 1449991935321674 1449991935322016 1449991935322095
1449991935371640 1449991935371724 1449991935372028 1449991935372106
1449991935421636 1449991935421705 1449991935422030 1449991935422094
1449991935471632 1449991935471715 1449991935471979 1449991935472039
1449991935521653 1449991935521721 1449991935522069 1449991935522148
1449991935571637 1449991935571668 1449991935571964 1449991935572027
1449991935621634 1449991935621662 1449991935621959 1449991935622007
1449991935671632 1449991935671695 1449991935672002 1449991935672040
1449991935721630 1449991935721657 1449991935721963 1449991935722011
1449991935771651 1449991935771680 1449991935771928 1449991935771983
1449991935821693 1449991935821819 1449991935822202 1449991935822359
1449991935871664 1449991935871739 1449991935872076 1449991935872140
1449991935921696 1449991935921791 1449991935922244 1449991935922410
1449991935971660 1449991935971707 1449991935972059 1449991935972116
1449991936021655 1449991936021724 1449991936022069 1449991936022116
1449991936071653 1449991936071684 1449991936071966 1449991936072027
1449991936121652 1449991936121719 1449991936122025 1449991936122103
1449991936171671 1449991936171796 1449991936172237 1449991936172333
1449991936221649 1449991936221684 1449991936222014 1449991936222070
1449991936271654 1449991936271681 1449991936271966 1449991936272021
1449991936321638 1449991936321666 1449991936321931 1449991936322007
1449991936371635 1449991936371659 1449991936371935 1449991936372001
1449991936421649 1449991936421675 1449991936421990 1449991936422051
1449991936471635 1449991936471660 1449991936471857 1449991936472616
1449991936521697 1449991936521832 1449991936522240 1449991936522423
1449991936571660 1449991936571697 1449991936572024 1449991936572096
1449991936621638 1449991936621667 1449991936621970 1449991936622030
1449991936671651 1449991936671679 1449991936671954 1449991936672011
1449991936721640 1449991936721667 1449991936721965 1449991936722035
1449991936771633 1449991936771658 1449991936771897 1449991936771953
1449991936821695 1449991936821789 1449991936822223 1449991936822395
1449991936871704 1449991936871820 1449991936872231 1449991936872333
1449991936921661 1449991936921698 1449991936922041 1449991936922123
1449991936971638 1449991936971666 1449991936971966 1449991936972029
1449991937021633 1449991937021659 1449991937021961 1449991937022012
1449991937071637 1449991937071663 1449991937071930 1449991937071987
1449991937121635 1449991937121661 1449991937121938 1449991937122005
1449991937171698 1449991937171797 1449991937172211 1449991937172316
1449991937221650 1449991937221705 1449991937221998 1449991937222054
1449991937271636 1449991937271662 1449991937271976 1449991937272026
1449991937321635 1449991937321660 1449991937321965 1449991937322038
1449991937371653 1449991937371727 1449991937372005 1449991937372055
1449991937421636 1449991937421664 1449991937421979 1449991937422040
1449991937471638 1449991937471674 1449991937471963 1449991937472323
1449991937521695 1449991937521791 1449991937522263 1449991937522396
1449991937571660 1449991937571714 1449991937572060 1449991937572144
1449991937621656 1449991937621690 1449991937621993 1449991937622053
1449991937671657 1449991937671692 1449991937672005 1449991937672100
1449991937721657 1449991937721689 1449991937722011 1449991937722104
1449991937771644 1449991937771680 1449991937771944 1449991937772007
1449991937821643 1449991937821680 1449991937821961 1449991937822007
1449991937871712 1449991937871804 1449991937872216 1449991937872315
1449991937921650 1449991937921750 1449991937922076 1449991937922157
1449991937971655 1449991937971688 1449991937971916 1449991937971954
1449991938021658 1449991938021703 1449991938021959 1449991938022005
1449991938071642 1449991938071663 1449991938071818 1449991938071858
1449991938121654 1449991938121733 1449991938122011 1449991938122115
1449991938171699 1449991938171794 1449991938172212 1449991938172349
1449991938221659 1449991938221729 1449991938222036 1449991938222109
1449991938271653 1449991938271743 1449991938272037 1449991938272127
1449991938321651 1449991938321725 1449991938322046 1449991938322134
1449991938371653 1449991938371725 1449991938372029 1449991938372099
1449991938421651 1449991938421683 1449991938421849 1449991938421913
1449991938471697 1449991938471787 1449991938472162 1449991938472272
1449991938521700 1449991938521802 1449991938522289 1449991938522410
1449991938571701 1449991938571795 1449991938572341 1449991938572445
1449991938621709 1449991938621818 1449991938622399 1449991938622484
1449991938671649 1449991938671730 1449991938672077 1449991938672149
1449991938721685 1449991938721778 1449991938722245 1449991938722398
1449991938771668 1449991938771705 1449991938771893 1449991938771941
1449991938821659 1449991938821750 1449991938821985 1449991938822038
1449991938871664 1449991938871714 1449991938871911 1449991938871952
1449991938921656 1449991938921691 1449991938921904 1449991938921962
1449991938971635 1449991938971682 1449991938971874 1449991938971914
1449991939021641 1449991939021677 1449991939021868 1449991939021908
1449991939071640 1449991939071675 1449991939071858 1449991939071902
1449991939121683 1449991939121750 1449991939122031 1449991939122119
1449991939171688 1449991939171759 1449991939172097 1449991939172203
1449991939221662 1449991939221710 1449991939221947 1449991939221977
1449991939271655 1449991939271696 1449991939271949 1449991939271979
1449991939321652 1449991939321722 1449991939321930 1449991939321967
1449991939371638 1449991939371667 1449991939371835 1449991939371870
1449991939421650 1449991939421697 1449991939421967 1449991939421993
1449991939471653 1449991939471695 1449991939471875 1449991939471899
1449991939521651 1449991939521728 1449991939521935 1449991939521977
1449991939571653 1449991939571736 1449991939571962 1449991939571991
1449991939621652 1449991939621731 1449991939621987 1449991939622037
1449991939671653 1449991939671751 1449991939672080 1449991939672151
1449991939721652 1449991939721730 1449991939722048 1449991939722120
1449991939771659 1449991939771737 1449991939772068 1449991939772175
1449991939821661 1449991939821734 1449991939821963 1449991939822096
1449991939871645 1449991939871700 1449991939871912 1449991939871955
1449991939921656 1449991939921721 1449991939921985 1449991939922086
1449991939971667 1449991939971730 1449991939972082 1449991939972123
1449991940021655 1449991940021767 1449991940022087 1449991940022127
1449991940071701 1449991940071794 1449991940072208 1449991940072294
1449991940121663 1449991940121733 1449991940121958 1449991940122672
1449991940171645 1449991940171682 1449991940171959 1449991940172024
1449991940221654 1449991940221695 1449991940222027 1449991940222098
1449991940271643 1449991940271688 1449991940272077 1449991940272146
1449991940321644 1449991940321686 1449991940321905 1449991940321969
1449991940371653 1449991940371747 1449991940372004 1449991940372040
1449991940421665 1449991940421731 1449991940422112 1449991940422192
1449991940471647 1449991940471681 1449991940471867 1449991940472294
1449991940521682 1449991940521738 1449991940522051 1449991940522120
1449991940571639 1449991940571678 1449991940571901 1449991940571946
1449991940621658 1449991940621709 1449991940621989 1449991940622035
1449991940671645 1449991940671679 1449991940671881 1449991940671921
1449991940721640 1449991940721890 1449991940722120 1449991940722170
1449991940771640 1449991940771671 1449991940771841 1449991940771893
1449991940821659 1449991940821691 1449991940821878 1449991940822011
1449991940871708 1449991940871793 1449991940872063 1449991940872123
1449991940921675 1449991940921771 1449991940922229 1449991940922411
1449991940971646 1449991940971726 1449991940972080 1449991940972144
1449991941021654 1449991941021710 1449991941022052 1449991941022108
1449991941071644 1449991941071709 1449991941072038 1449991941072094
1449991941121648 1449991941121711 1449991941121994 1449991941122270
1449991941171644 1449991941171706 1449991941172046 1449991941172100
1449991941221650 1449991941221709 1449991941222034 1449991941222093
1449991941271648 1449991941271708 1449991941272036 1449991941272078
1449991941321647 1449991941321725 1449991941322052 1449991941322129
1449991941371651 1449991941371718 1449991941372063 1449991941372122
1449991941421655 1449991941421728 1449991941422084 1449991941422135
1449991941471687 1449991941471780 1449991941472219 1449991941472611
1449991941521672 1449991941521758 1449991941522217 1449991941522445
1449991941571645 1449991941571724 1449991941572097 1449991941572163
1449991941621655 1449991941621721 1449991941622050 1449991941622097
1449991941671651 1449991941671732 1449991941672048 1449991941672095
1449991941721652 1449991941721719 1449991941722066 1449991941722138
1449991941771654 1449991941771712 1449991941772043 1449991941772103
1449991941821641 1449991941821702 1449991941822045 1449991941822111
1449991941871650 1449991941871709 1449991941872044 1449991941872108
1449991941921649 1449991941921706 1449991941922035 1449991941922093
1449991941971652 1449991941971718 1449991941972072 1449991941972122
1449991942021651 1449991942021739 1449991942022073 1449991942022126
1449991942071657 1449991942071730 1449991942072087 1449991942072152
1449991942121695 1449991942121789 1449991942122202 1449991942122450
1449991942171704 1449991942171797 1449991942172226 1449991942172316
1449991942221644 1449991942221717 1449991942222060 1449991942222109
1449991942271653 1449991942271717 1449991942272044 1449991942272104
1449991942321651 1449991942321710 1449991942322053 1449991942322118
1449991942371697 1449991942371828 1449991942372285 1449991942372387
1449991942421661 1449991942421728 1449991942422090 1449991942422163
1449991942471654 1449991942471717 1449991942471978 1449991942472051
1449991942521732 1449991942521829 1449991942522314 1449991942522445
1449991942571666 1449991942571742 1449991942572091 1449991942572153
1449991942621653 1449991942621726 1449991942622049 1449991942622100
1449991942671639 1449991942671704 1449991942672031 1449991942672091
1449991942721651 1449991942721733 1449991942722056 1449991942722116
1449991942771652 1449991942771717 1449991942772075 1449991942772133
1449991942821634 1449991942821702 1449991942822032 1449991942822084
1449991942871651 1449991942871717 1449991942872054 1449991942872118
1449991942921651 1449991942921766 1449991942922056 1449991942922136
1449991942971637 1449991942971702 1449991942972043 1449991942972105
1449991943021637 1449991943021701 1449991943022032 1449991943022112
1449991943071652 1449991943071734 1449991943072080 1449991943072134
1449991943121651 1449991943121716 1449991943121985 1449991943122052
1449991943171699 1449991943171793 1449991943172239 1449991943172338
1449991943221694 1449991943221790 1449991943222237 1449991943222372
1449991943271647 1449991943271715 1449991943272050 1449991943272101
1449991943321658 1449991943321739 1449991943322089 1449991943322179
1449991943371659 1449991943371705 1449991943372031 1449991943372094
1449991943421641 1449991943421742 1449991943422088 1449991943422146
1449991943471697 1449991943471788 1449991943472190 1449991943472306
1449991943521699 1449991943521792 1449991943522212 1449991943522380
1449991943571660 1449991943571699 1449991943572003 1449991943572074
1449991943621656 1449991943621683 1449991943621943 1449991943622009
1449991943671640 1449991943671706 1449991943672018 1449991943672079
1449991943721636 1449991943721666 1449991943721969 1449991943722033
1449991943771632 1449991943771675 1449991943771947 1449991943772005
1449991943821633 1449991943821662 1449991943821890 1449991943822376
1449991943871654 1449991943871687 1449991943871980 1449991943872046
1449991943921652 1449991943921681 1449991943922001 1449991943922081
1449991943971636 1449991943971661 1449991943971962 1449991943972004
1449991944021632 1449991944021657 1449991944021959 1449991944022010
1449991944071631 1449991944071659 1449991944071958 1449991944071988
1449991944121649 1449991944121693 1449991944121950 1449991944122197
1449991944171679 1449991944171772 1449991944172219 1449991944172318
1449991944221659 1449991944221694 1449991944221997 1449991944222052
1449991944271636 1449991944271664 1449991944271952 1449991944272001
1449991944321653 1449991944321684 1449991944321961 1449991944322043
1449991944371644 1449991944371686 1449991944372017 1449991944372093
1449991944421655 1449991944421684 1449991944422009 1449991944422087
1449991944471640 1449991944471674 1449991944471804 1449991944472126
1449991944521638 1449991944521674 1449991944521867 1449991944521915
1449991944571655 1449991944571708 1449991944572025 1449991944572074
1449991944621654 1449991944621700 1449991944622028 1449991944622078
1449991944671656 1449991944671707 1449991944672032 1449991944672088
1449991944721649 1449991944721698 1449991944722032 1449991944722110
1449991944771642 1449991944771679 1449991944771996 1449991944772053
1449991944821639 1449991944821683 1449991944821859 1449991944821952
1449991944871659 1449991944871724 1449991944872014 1449991944872067
1449991944921651 1449991944921692 1449991944921922 1449991944922266
1449991944971651 1449991944971692 1449991944971885 1449991944971928
1449991945021661 1449991945021725 1449991945022084 1449991945022156
1449991945071659 1449991945071702 1449991945072027 1449991945072085
1449991945121652 1449991945121693 1449991945121939 1449991945121995
1449991945171702 1449991945171839 1449991945172289 1449991945172391
1449991945221705 1449991945221799 1449991945222253 1449991945222385
1449991945271645 1449991945271725 1449991945272056 1449991945272113
1449991945321656 1449991945321750 1449991945322251 1449991945322393
1449991945371646 1449991945371710 1449991945372050 1449991945372119
1449991945421658 1449991945421731 1449991945422080 1449991945422163
1449991945471639 1449991945471713 1449991945471963 1449991945472231
1449991945521696 1449991945521812 1449991945522262 1449991945522408
1449991945571664 1449991945571742 1449991945572075 1449991945572148
1449991945621653 1449991945621718 1449991945622031 1449991945622100
1449991945671636 1449991945671700 1449991945672014 1449991945672056
1449991945721635 1449991945721699 1449991945722018 1449991945722076
1449991945771633 1449991945771698 1449991945771954 1449991945772007
1449991945821651 1449991945821723 1449991945822038 1449991945822108
1449991945871636 1449991945871725 1449991945872057 1449991945872102
1449991945921656 1449991945921732 1449991945922078 1449991945922148
1449991945971640 1449991945971708 1449991945972040 1449991945972086
1449991946021652 1449991946021726 1449991946022022 1449991946022115
1449991946071638 1449991946071705 1449991946072016 1449991946072075
1449991946121649 1449991946121723 1449991946122009 1449991946122075
1449991946171652 1449991946171688 1449991946171958 1449991946172020
1449991946221635 1449991946221681 1449991946221983 1449991946222039
1449991946271634 1449991946271664 1449991946271941 1449991946271983
1449991946321639 1449991946321667 1449991946321955 1449991946321995
1449991946371654 1449991946371687 1449991946371965 1449991946372023
1449991946421643 1449991946421671 1449991946421991 1449991946422046
1449991946471654 1449991946471688 1449991946471937 1449991946472518
1449991946521699 1449991946521793 1449991946522244 1449991946522373
1449991946571663 1449991946571717 1449991946572046 1449991946572109
1449991946621653 1449991946621681 1449991946621995 1449991946622062
1449991946671653 1449991946671681 1449991946671982 1449991946672033
1449991946721651 1449991946721678 1449991946721977 1449991946722025
1449991946771653 1449991946771682 1449991946771986 1449991946772041
1449991946821652 1449991946821678 1449991946821952 1449991946822009
1449991946871652 1449991946871724 1449991946872046 1449991946872094
1449991946921646 1449991946921690 1449991946922003 1449991946922060
1449991946971652 1449991946971681 1449991946971941 1449991946972003
1449991947021652 1449991947021681 1449991947021968 1449991947022032
1449991947071652 1449991947071679 1449991947071982 1449991947072025
1449991947121636 1449991947121665 1449991947121801 1449991947121843
1449991947171660 1449991947171740 1449991947172071 1449991947172130
1449991947221646 1449991947221677 1449991947221956 1449991947222018
1449991947271654 1449991947271698 1449991947271963 1449991947272021
1449991947321652 1449991947321682 1449991947321969 1449991947322031
1449991947371698 1449991947371792 1449991947372262 1449991947372368
1449991947421643 1449991947421680 1449991947421889 1449991947421924
1449991947471654 1449991947471685 1449991947471950 1449991947472269
1449991947521698 1449991947521791 1449991947522247 1449991947522401
1449991947571661 1449991947571702 1449991947572050 1449991947572115
1449991947621684 1449991947621802 1449991947622320 1449991947622427
1449991947671657 1449991947671699 1449991947672059 1449991947672120
1449991947721656 1449991947721685 1449991947721983 1449991947722040
1449991947771653 1449991947771682 1449991947772002 1449991947772058
1449991947821653 1449991947821682 1449991947822003 1449991947822079
1449991947871654 1449991947871718 1449991947872069 1449991947872124
1449991947921651 1449991947921681 1449991947921992 1449991947922035
1449991947971651 1449991947971709 1449991947972015 1449991947972060
1449991948021652 1449991948021681 1449991948021997 1449991948022043
1449991948071640 1449991948071672 1449991948072004 1449991948072102
1449991948121652 1449991948121682 1449991948121972 1449991948122176
1449991948171654 1449991948171719 1449991948172053 1449991948172101
1449991948221651 1449991948221680 1449991948221985 1449991948222029
1449991948271653 1449991948271679 1449991948271975 1449991948272017
1449991948321651 1449991948321693 1449991948321996 1449991948322046
1449991948371651 1449991948371679 1449991948371981 1449991948372024
1449991948421651 1449991948421678 1449991948421979 1449991948422037
1449991948471641 1449991948471669 1449991948471898 1449991948471962
1449991948521702 1449991948521798 1449991948522261 1449991948522404
1449991948571649 1449991948571689 1449991948572019 1449991948572089
1449991948621653 1449991948621680 1449991948621972 1449991948622038
1449991948671652 1449991948671698 1449991948672000 1449991948672063
1449991948721652 1449991948721679 1449991948721986 1449991948722052
1449991948771645 1449991948771672 1449991948771911 1449991948771984
1449991948821652 1449991948821679 1449991948821949 1449991948822023
1449991948871652 1449991948871681 1449991948871991 1449991948872050
1449991948921635 1449991948921662 1449991948921957 1449991948922003
1449991948971635 1449991948971663 1449991948971944 1449991948971992
1449991949021683 1449991949021722 1449991949022027 1449991949022087
1449991949071639 1449991949071666 1449991949071968 1449991949072014
1449991949121655 1449991949121683 1449991949121953 1449991949122025
1449991949171654 1449991949171684 1449991949172002 1449991949172062
1449991949221636 1449991949221662 1449991949221956 1449991949222005
1449991949271637 1449991949271662 1449991949271850 1449991949271888
1449991949321800 1449991949321883 1449991949322134 1449991949322220
1449991949371638 1449991949371683 1449991949371926 1449991949371954
1449991949421633 1449991949421654 1449991949421835 1449991949421868
1449991949471649 1449991949471723 1449991949471958 1449991949472003
1449991949521694 1449991949521788 1449991949522267 1449991949522378
1449991949571663 1449991949571702 1449991949572015 1449991949572070
1449991949621639 1449991949621670 1449991949621974 1449991949622024
1449991949671654 1449991949671721 1449991949672058 1449991949672101
1449991949721638 1449991949721720 1449991949722048 1449991949722128
1449991949771630 1449991949771691 1449991949772017 1449991949772082
1449991949821632 1449991949821696 1449991949821991 1449991949822062
1449991949871633 1449991949871694 1449991949872022 1449991949872091
1449991949921634 1449991949921692 1449991949922004 1449991949922058
1449991949971633 1449991949971696 1449991949972015 1449991949972062
1449991950021696 1449991950021788 1449991950022242 1449991950022416
1449991950071650 1449991950071738 1449991950072089 1449991950072146
1449991950121652 1449991950121682 1449991950121903 1449991950121977
1449991950171638 1449991950171665 1449991950171994 1449991950172065
1449991950221656 1449991950221729 1449991950222049 1449991950222141
1449991950271641 1449991950271708 1449991950272040 1449991950272136
1449991950321634 1449991950321698 1449991950322010 1449991950322120
1449991950371632 1449991950371696 1449991950372035 1449991950372107
1449991950421631 1449991950421710 1449991950422034 1449991950422116
1449991950471692 1449991950471784 1449991950472211 1449991950472324
1449991950521687 1449991950521779 1449991950522225 1449991950522377
1449991950571656 1449991950571738 1449991950572082 1449991950572140
1449991950621642 1449991950621709 1449991950622030 1449991950622104
1449991950671636 1449991950671701 1449991950672017 1449991950672061
1449991950721635 1449991950721702 1449991950722033 1449991950722075
1449991950771636 1449991950771707 1449991950772030 1449991950772087
1449991950821633 1449991950821697 1449991950821995 1449991950822061
1449991950871650 1449991950871717 1449991950872052 1449991950872116
1449991950921676 1449991950921769 1449991950922270 1449991950922374
1449991950971649 1449991950971689 1449991950971898 1449991950971950
1449991951021655 1449991951021726 1449991951022046 1449991951022145
1449991951071656 1449991951071706 1449991951072109 1449991951072186
1449991951121654 1449991951121729 1449991951121975 1449991951122054
1449991951171697 1449991951171791 1449991951172257 1449991951172387
1449991951221664 1449991951221718 1449991951222109 1449991951222225
1449991951271658 1449991951271701 1449991951271991 1449991951272042
1449991951321659 1449991951321746 1449991951322222 1449991951322374
1449991951371661 1449991951371746 1449991951371967 1449991951372017
1449991951421655 1449991951421697 1449991951422021 1449991951422105
1449991951471664 1449991951471712 1449991951471952 1449991951472035
1449991951521693 1449991951521786 1449991951522266 1449991951522383
1449991951571667 1449991951571710 1449991951572064 1449991951572141
1449991951621696 1449991951621787 1449991951622306 1449991951622456
1449991951671662 1449991951671700 1449991951672001 1449991951672077
1449991951721699 1449991951721787 1449991951722254 1449991951722417
1449991951771660 1449991951771696 1449991951772015 1449991951772103
1449991951821653 1449991951821685 1449991951821978 1449991951822066
1449991951871639 1449991951871702 1449991951872005 1449991951872066
1449991951921650 1449991951921678 1449991951921992 1449991951922048
1449991951971638 1449991951971665 1449991951971964 1449991951972011
1449991952021633 1449991952021657 1449991952021948 1449991952022002
1449991952071633 1449991952071658 1449991952071931 1449991952071981
1449991952121650 1449991952121679 1449991952121913 1449991952122005
1449991952171639 1449991952171707 1449991952172041 1449991952172100
1449991952221639 1449991952221667 1449991952221961 1449991952222043
1449991952271635 1449991952271661 1449991952271951 1449991952271999
1449991952321631 1449991952321659 1449991952321968 1449991952322042
1449991952371700 1449991952371794 1449991952372258 1449991952372376
1449991952421649 1449991952421681 1449991952421998 1449991952422069
1449991952471635 1449991952471662 1449991952471883 1449991952472921
1449991952521697 1449991952521792 1449991952522268 1449991952522372
1449991952571650 1449991952571691 1449991952572018 1449991952572076
1449991952621643 1449991952621668 1449991952621970 1449991952622027
1449991952671635 1449991952671661 1449991952671963 1449991952672005
1449991952721634 1449991952721659 1449991952721957 1449991952721996
1449991952771634 1449991952771660 1449991952771980 1449991952772067
1449991952821634 1449991952821694 1449991952821999 1449991952822218
1449991952871651 1449991952871685 1449991952871992 1449991952872049
1449991952921636 1449991952921661 1449991952921954 1449991952922012
1449991952971634 1449991952971660 1449991952971952 1449991952972000
1449991953021632 1449991953021657 1449991953021966 1449991953022038
1449991953071633 1449991953071657 1449991953071958 1449991953072004
1449991953121630 1449991953121656 1449991953121898 1449991953122074
1449991953171651 1449991953171678 1449991953171955 1449991953172005
1449991953221642 1449991953221680 1449991953221961 1449991953222049
1449991953271639 1449991953271666 1449991953271808 1449991953271844
1449991953321636 1449991953321689 1449991953321862 1449991953321903
1449991953371637 1449991953371667 1449991953371870 1449991953371910
1449991953421656 1449991953421739 1449991953422126 1449991953422213
1449991953471644 1449991953471697 1449991953471836 1449991953471883
1449991953521644 1449991953521706 1449991953521867 1449991953521901
1449991953571645 1449991953571677 1449991953571820 1449991953571856
1449991953621646 1449991953621721 1449991953622077 1449991953622174
1449991953671653 1449991953671718 1449991953672053 1449991953672110
1449991953721637 1449991953721697 1449991953722024 1449991953722080
1449991953771644 1449991953771723 1449991953772039 1449991953772372
1449991953821635 1449991953821685 1449991953821808 1449991953821893
1449991953871646 1449991953871717 1449991953871943 1449991953871988
1449991953921663 1449991953921752 1449991953922093 1449991953922127
1449991953971646 1449991953971704 1449991953971889 1449991953971938
1449991954021634 1449991954021682 1449991954021841 1449991954021904
1449991954071693 1449991954071790 1449991954072213 1449991954072266
1449991954121665 1449991954121739 1449991954121972 1449991954122356
1449991954171660 1449991954171739 1449991954172183 1449991954172291
1449991954221660 1449991954221716 1449991954222052 1449991954222148
1449991954271638 1449991954271700 1449991954271906 1449991954271946
1449991954321634 1449991954321685 1449991954321851 1449991954321880
1449991954371643 1449991954371708 1449991954371903 1449991954371944
1449991954421650 1449991954421727 1449991954422068 1449991954422144
1449991954471663 1449991954471749 1449991954472042 1449991954472309
1449991954521642 1449991954521701 1449991954521851 1449991954521885
1449991954571682 1449991954571776 1449991954572244 1449991954572340
1449991954621660 1449991954621705 1449991954622006 1449991954622091
1449991954671646 1449991954671677 1449991954671892 1449991954671931
1449991954721636 1449991954721695 1449991954721867 1449991954721902
1449991954771643 1449991954771671 1449991954771789 1449991954771833
1449991954821637 1449991954821696 1449991954821835 1449991954821872
1449991954871644 1449991954871703 1449991954871866 1449991954871900
1449991954921669 1449991954921754 1449991954922236 1449991954922366
1449991954971658 1449991954971700 1449991954972048 1449991954972117
1449991955021666 1449991955021751 1449991955022221 1449991955022409
1449991955071659 1449991955071696 1449991955072047 1449991955072155
1449991955121637 1449991955121668 1449991955121851 1449991955122478
1449991955171674 1449991955171741 1449991955172167 1449991955172303
1449991955221694 1449991955221762 1449991955222214 1449991955222398
1449991955271658 1449991955271725 1449991955272117 1449991955272217
1449991955321658 1449991955321733 1449991955322094 1449991955322163
1449991955371658 1449991955371727 1449991955372160 1449991955372257
1449991955421658 1449991955421724 1449991955422201 1449991955422377
1449991955471655 1449991955471701 1449991955471980 1449991955473171
1449991955521652 1449991955521708 1449991955522135 1449991955522214
1449991955571703 1449991955571797 1449991955572284 1449991955572376
1449991955621649 1449991955621730 1449991955622081 1449991955622153
1449991955671649 1449991955671709 1449991955671945 1449991955671986
1449991955721653 1449991955721734 1449991955722086 1449991955722152
1449991955771640 1449991955771696 1449991955771879 1449991955771920
1449991955821633 1449991955821665 1449991955821818 1449991955821862
1449991955871645 1449991955871705 1449991955871924 1449991955871967
1449991955921666 1449991955921753 1449991955922179 1449991955922248
1449991955971681 1449991955971776 1449991955972235 1449991955972373
1449991956021698 1449991956021798 1449991956022317 1449991956022413
1449991956071664 1449991956071702 1449991956072002 1449991956072070
1449991956121647 1449991956121707 1449991956122045 1449991956122125
1449991956171652 1449991956171721 1449991956172006 1449991956172062
1449991956221652 1449991956221719 1449991956222015 1449991956222083
1449991956271655 1449991956271712 1449991956272006 1449991956272055
1449991956321636 1449991956321688 1449991956321962 1449991956321993
1449991956371711 1449991956371773 1449991956371942 1449991956371973
1449991956421667 1449991956421753 1449991956422124 1449991956422203
1449991956471667 1449991956471725 1449991956471999 1449991956472085
1449991956521660 1449991956521740 1449991956522077 1449991956522139
1449991956571690 1449991956571766 1449991956572182 1449991956572266
1449991956621695 1449991956621790 1449991956622252 1449991956622418
1449991956671730 1449991956671818 1449991956672207 1449991956672296
1449991956721642 1449991956721701 1449991956721877 1449991956721917
1449991956771632 1449991956771692 1449991956771849 1449991956771895
1449991956821656 1449991956821785 1449991956822112 1449991956822204
1449991956871646 1449991956871707 1449991956871882 1449991956871919
1449991956921671 1449991956921790 1449991956922193 1449991956922266
1449991956971638 1449991956971698 1449991956971928 1449991956971972
1449991957021650 1449991957021806 1449991957022105 1449991957022156
1449991957071654 1449991957071690 1449991957071862 1449991957071889
1449991957121636 1449991957121705 1449991957122013 1449991957122315
1449991957171670 1449991957171762 1449991957172274 1449991957172387
1449991957221651 1449991957221694 1449991957222026 1449991957222105
1449991957271639 1449991957271668 1449991957271834 1449991957271869
1449991957321630 1449991957321689 1449991957321856 1449991957321907
1449991957371645 1449991957371697 1449991957371886 1449991957371921
1449991957421641 1449991957421702 1449991957421932 1449991957421974
1449991957471637 1449991957471686 1449991957471829 1449991957471868
1449991957521655 1449991957521735 1449991957522083 1449991957522148
1449991957571669 1449991957571765 1449991957572166 1449991957572257
1449991957621706 1449991957621806 1449991957622313 1449991957622419
1449991957671666 1449991957671706 1449991957672037 1449991957672102
1449991957721692 1449991957721786 1449991957722294 1449991957722381
1449991957771649 1449991957771694 1449991957772019 1449991957772103
1449991957821639 1449991957821703 1449991957821960 1449991957822546
1449991957871663 1449991957871752 1449991957872086 1449991957872158
1449991957921697 1449991957921790 1449991957922230 1449991957922370
1449991957971665 1449991957971742 1449991957972075 1449991957972145
1449991958021658 1449991958021729 1449991958022040 1449991958022114
1449991958071641 1449991958071702 1449991958071865 1449991958071904
1449991958121670 1449991958121771 1449991958122201 1449991958122414
