1449991382201852 1449991382201966 1449991382202116 1449991382202215
1449991382251883 1449991382251972 1449991382252106 1449991382252165
1449991382301847 1449991382301932 1449991382302060 1449991382302163
1449991382351878 1449991382351967 1449991382352110 1449991382352185
1449991382401872 1449991382401966 1449991382402099 1449991382402174
1449991382451871 1449991382451992 1449991382452141 1449991382452267
1449991382501872 1449991382501966 1449991382502092 1449991382502227
1449991382551840 1449991382551928 1449991382552039 1449991382552135
1449991382601872 1449991382601962 1449991382602086 1449991382602188
1449991382651874 1449991382651966 1449991382652094 1449991382652199
1449991382701873 1449991382701968 1449991382702093 1449991382702225
1449991382751875 1449991382751960 1449991382752083 1449991382752185
1449991382801868 1449991382801973 1449991382802095 1449991382802203
1449991382851877 1449991382851969 1449991382852091 1449991382852193
1449991382901852 1449991382901955 1449991382902078 1449991382902204
1449991382951879 1449991382951972 1449991382952093 1449991382952208
1449991383001876 1449991383001967 1449991383002081 1449991383002197
1449991383051875 1449991383051968 1449991383052085 1449991383052190
1449991383101841 1449991383101917 1449991383101990 1449991383102101
1449991383151875 1449991383151986 1449991383152121 1449991383152194
1449991383201862 1449991383201951 1449991383202073 1449991383202138
1449991383251877 1449991383251974 1449991383252129 1449991383252181
1449991383301822 1449991383301873 1449991383301943 1449991383301983
1449991383351860 1449991383351954 1449991383352092 1449991383352153
1449991383401878 1449991383401971 1449991383402102 1449991383402223
1449991383451819 1449991383451880 1449991383451929 1449991383451974
1449991383501875 1449991383501997 1449991383502122 1449991383502242
1449991383551878 1449991383551972 1449991383552093 1449991383552200
1449991383601872 1449991383602016 1449991383602137 1449991383602249
1449991383651876 1449991383651972 1449991383652100 1449991383652197
1449991383701841 1449991383701926 1449991383702040 1449991383702164
1449991383751839 1449991383751923 1449991383752021 1449991383752134
1449991383801870 1449991383801965 1449991383802102 1449991383802162
1449991383851819 1449991383851886 1449991383851941 1449991383851983
1449991383901874 1449991383901969 1449991383902094 1449991383902324
1449991383951872 1449991383951966 1449991383952090 1449991383952211
1449991384001825 1449991384001862 1449991384001909 1449991384001944
1449991384051845 1449991384051925 1449991384052103 1449991384052215
1449991384101819 1449991384101851 1449991384101909 1449991384101951
1449991384151804 1449991384151859 1449991384151919 1449991384151955
1449991384201806 1449991384201866 1449991384201919 1449991384201953
1449991384251812 1449991384251842 1449991384251889 1449991384251964
1449991384301810 1449991384301851 1449991384301920 1449991384302054
1449991384351820 1449991384351874 1449991384351978 1449991384352049
1449991384401820 1449991384401881 1449991384401996 1449991384402098
1449991384451812 1449991384451862 1449991384451902 1449991384451938
1449991384501862 1449991384501955 1449991384502080 1449991384502317
1449991384551839 1449991384551960 1449991384552084 1449991384552178
1449991384601818 1449991384601859 1449991384601902 1449991384601946
1449991384651811 1449991384651839 1449991384651878 1449991384651923
1449991384701825 1449991384701885 1449991384701978 1449991384702035
1449991384751815 1449991384751868 1449991384751924 1449991384751962
1449991384801832 1449991384801929 1449991384802025 1449991384802112
1449991384851814 1449991384851853 1449991384851896 1449991384851935
1449991384901884 1449991384901954 1449991384902037 1449991384902080
1449991384951810 1449991384951830 1449991384951875 1449991384951913
1449991385001908 1449991385001939 1449991385001987 1449991385002060
1449991385051804 1449991385051842 1449991385051885 1449991385051956
1449991385101823 1449991385101861 1449991385101910 1449991385101970
1449991385151815 1449991385151855 1449991385151898 1449991385151948
1449991385201818 1449991385201842 1449991385201881 1449991385201924
1449991385251916 1449991385251988 1449991385252031 1449991385252075
1449991385301829 1449991385301928 1449991385302030 1449991385302171
1449991385351864 1449991385351956 1449991385352099 1449991385352197
1449991385401813 1449991385401866 1449991385401919 1449991385401961
1449991385451861 1449991385451957 1449991385452077 1449991385452192
1449991385501855 1449991385501950 1449991385502079 1449991385502212
1449991385551815 1449991385551876 1449991385551941 1449991385551979
1449991385601849 1449991385601970 1449991385602096 1449991385602191
1449991385651817 1449991385651849 1449991385651907 1449991385651960
1449991385701822 1449991385701887 1449991385702003 1449991385702112
1449991385751814 1449991385751844 1449991385751884 1449991385751922
1449991385801821 1449991385801920 1449991385802030 1449991385802163
1449991385851843 1449991385851931 1449991385852037 1449991385852135
1449991385901819 1449991385901876 1449991385901930 1449991385901977
1449991385951867 1449991385951985 1449991385952103 1449991385952219
1449991386001851 1449991386001952 1449991386002072 1449991386002185
1449991386051862 1449991386051957 1449991386052079 1449991386052192
1449991386101862 1449991386101955 1449991386102078 1449991386102212
1449991386151834 1449991386151933 1449991386152046 1449991386152157
1449991386201869 1449991386201963 1449991386202086 1449991386202200
1449991386251833 1449991386251875 1449991386251968 1449991386252046
1449991386301848 1449991386301970 1449991386302085 1449991386302249
1449991386351834 1449991386351874 1449991386351967 1449991386352039
1449991386401825 1449991386401861 1449991386401945 1449991386402020
1449991386451869 1449991386451964 1449991386452088 1449991386452199
1449991386501840 1449991386501935 1449991386502057 1449991386502189
1449991386551827 1449991386551898 1449991386551983 1449991386552039
1449991386601824 1449991386601902 1449991386602003 1449991386602075
1449991386651819 1449991386651899 1449991386651967 1449991386652018
1449991386701826 1449991386701900 1449991386701990 1449991386702078
1449991386751825 1449991386751914 1449991386752045 1449991386752134
1449991386801838 1449991386801931 1449991386802043 1449991386802151
1449991386851817 1449991386851880 1449991386851936 1449991386851973
1449991386901859 1449991386901947 1449991386902069 1449991386902207
1449991386951834 1449991386951927 1449991386952045 1449991386952124
1449991387001828 1449991387001950 1449991387002073 1449991387002182
1449991387051868 1449991387051961 1449991387052072 1449991387052118
1449991387101865 1449991387101958 1449991387102061 1449991387102140
1449991387151815 1449991387151872 1449991387151924 1449991387151962
1449991387201804 1449991387201834 1449991387201883 1449991387201927
1449991387251816 1449991387251870 1449991387251955 1449991387252004
1449991387301834 1449991387301925 1449991387302022 1449991387302127
1449991387351848 1449991387351973 1449991387352090 1449991387352165
1449991387401831 1449991387401902 1449991387401970 1449991387402031
1449991387451815 1449991387451870 1449991387451925 1449991387451981
1449991387501807 1449991387501865 1449991387501904 1449991387501953
1449991387551816 1449991387551913 1449991387552027 1449991387552115
1449991387601867 1449991387601965 1449991387602094 1449991387602197
1449991387651865 1449991387651964 1449991387652086 1449991387652193
1449991387701841 1449991387701963 1449991387702059 1449991387702163
1449991387751820 1449991387751881 1449991387751951 1449991387752001
1449991387801821 1449991387801892 1449991387801977 1449991387802060
1449991387851812 1449991387851876 1449991387851943 1449991387851996
1449991387901808 1449991387901870 1449991387901919 1449991387901969
1449991387951836 1449991387951921 1449991387952000 1449991387952059
1449991388001835 1449991388001927 1449991388001995 1449991388002064
1449991388051837 1449991388051955 1449991388052076 1449991388052164
1449991388101867 1449991388101954 1449991388102069 1449991388102207
1449991388151841 1449991388151922 1449991388152002 1449991388152128
1449991388201871 1449991388201952 1449991388202032 1449991388202144
1449991388251859 1449991388251938 1449991388252018 1449991388252133
1449991388301828 1449991388301896 1449991388302002 1449991388302093
1449991388351864 1449991388351937 1449991388352031 1449991388352162
1449991388401847 1449991388401939 1449991388402046 1449991388402130
1449991388451851 1449991388451925 1449991388452042 1449991388452157
1449991388501867 1449991388501941 1449991388502056 1449991388502195
1449991388551835 1449991388551924 1449991388552025 1449991388552213
1449991388601837 1449991388601926 1449991388602026 1449991388602089
1449991388651816 1449991388651878 1449991388651953 1449991388652047
1449991388701817 1449991388701868 1449991388701928 1449991388701998
1449991388751809 1449991388751853 1449991388751904 1449991388751939
1449991388801808 1449991388801841 1449991388801886 1449991388801956
1449991388851807 1449991388851841 1449991388851887 1449991388851963
1449991388901828 1449991388901892 1449991388901996 1449991388902098
1449991388951847 1449991388951946 1449991388952072 1449991388952171
1449991389001869 1449991389001964 1449991389002088 1449991389002183
1449991389051832 1449991389051871 1449991389051971 1449991389052042
1449991389101846 1449991389101966 1449991389102088 1449991389102206
1449991389151852 1449991389151947 1449991389152073 1449991389152175
1449991389201833 1449991389201876 1449991389201965 1449991389202024
1449991389251868 1449991389251964 1449991389252090 1449991389252186
1449991389301850 1449991389301937 1449991389302064 1449991389302185
1449991389351830 1449991389351867 1449991389351959 1449991389352053
1449991389401826 1449991389401903 1449991389401999 1449991389402071
1449991389451818 1449991389451885 1449991389451954 1449991389452009
1449991389501829 1449991389501905 1449991389502001 1449991389502102
1449991389551811 1449991389551850 1449991389551914 1449991389551968
1449991389601807 1449991389601841 1449991389601893 1449991389601938
1449991389651812 1449991389651850 1449991389651916 1449991389651965
1449991389701832 1449991389701896 1449991389702022 1449991389702114
1449991389751861 1449991389751948 1449991389752065 1449991389752160
1449991389801865 1449991389801998 1449991389802111 1449991389802211
1449991389851825 1449991389851906 1449991389852011 1449991389852086
1449991389901849 1449991389901941 1449991389902078 1449991389902218
1449991389951861 1449991389951966 1449991389952027 1449991389952110
1449991390001869 1449991390001961 1449991390002058 1449991390002156
1449991390051872 1449991390051975 1449991390052122 1449991390052268
1449991390101844 1449991390101935 1449991390102079 1449991390102223
1449991390151852 1449991390151979 1449991390152100 1449991390152180
1449991390201859 1449991390201953 1449991390202097 1449991390202225
1449991390251817 1449991390251895 1449991390251989 1449991390252082
1449991390301865 1449991390301958 1449991390302114 1449991390302231
1449991390351873 1449991390351966 1449991390352116 1449991390352201
1449991390401849 1449991390401943 1449991390402086 1449991390402210
1449991390451875 1449991390451966 1449991390452109 1449991390452228
1449991390501869 1449991390502000 1449991390502139 1449991390502234
1449991390551867 1449991390551961 1449991390552088 1449991390552190
1449991390601870 1449991390601964 1449991390602089 1449991390602191
1449991390651858 1449991390651952 1449991390652077 1449991390652180
1449991390701844 1449991390701915 1449991390702037 1449991390702166
1449991390751878 1449991390751963 1449991390752088 1449991390752209
1449991390801869 1449991390801963 1449991390802088 1449991390802194
1449991390851876 1449991390852002 1449991390852127 1449991390852242
1449991390901871 1449991390901965 1449991390902092 1449991390902222
1449991390951876 1449991390951962 1449991390952089 1449991390952196
1449991391001869 1449991391001963 1449991391002091 1449991391002194
1449991391051877 1449991391051969 1449991391052099 1449991391052201
1449991391101857 1449991391101947 1449991391102068 1449991391102193
1449991391151878 1449991391151972 1449991391152099 1449991391152203
1449991391201872 1449991391201990 1449991391202118 1449991391202238
1449991391251875 1449991391251968 1449991391252094 1449991391252196
1449991391301859 1449991391301955 1449991391302083 1449991391302242
1449991391351878 1449991391351971 1449991391352099 1449991391352202
1449991391401823 1449991391401900 1449991391401994 1449991391402071
1449991391451873 1449991391451968 1449991391452092 1449991391452211
1449991391501871 1449991391501965 1449991391502094 1449991391502230
1449991391551879 1449991391551999 1449991391552119 1449991391552223
1449991391601857 1449991391601952 1449991391602077 1449991391602193
1449991391651834 1449991391651929 1449991391652059 1449991391652160
1449991391701876 1449991391701978 1449991391702097 1449991391702221
1449991391751813 1449991391751875 1449991391751926 1449991391751970
1449991391801845 1449991391801934 1449991391802050 1449991391802160
1449991391851831 1449991391851907 1449991391852007 1449991391852102
1449991391901815 1449991391901897 1449991391901947 1449991391902000
1449991391951873 1449991391951966 1449991391952087 1449991391952182
1449991392001872 1449991392001962 1449991392002080 1449991392002186
1449991392051818 1449991392051875 1449991392051924 1449991392051968
1449991392101838 1449991392101925 1449991392102082 1449991392102181
1449991392151856 1449991392151951 1449991392152075 1449991392152198
1449991392201817 1449991392201880 1449991392201931 1449991392201976
1449991392251876 1449991392251996 1449991392252127 1449991392252249
1449991392301843 1449991392301939 1449991392302097 1449991392302234
1449991392351837 1449991392351925 1449991392352032 1449991392352117
1449991392401860 1449991392401950 1449991392402103 1449991392402209
1449991392451837 1449991392451923 1449991392452016 1449991392452101
1449991392501869 1449991392501963 1449991392502086 1449991392502222
1449991392551845 1449991392551936 1449991392552054 1449991392552155
1449991392601818 1449991392601902 1449991392601954 1449991392601999
1449991392651855 1449991392651948 1449991392652072 1449991392652202
1449991392701859 1449991392701952 1449991392702053 1449991392702134
1449991392751816 1449991392751881 1449991392751936 1449991392751970
1449991392801813 1449991392801855 1449991392801908 1449991392801946
1449991392851828 1449991392851878 1449991392851938 1449991392851977
1449991392901815 1449991392901881 1449991392901936 1449991392901990
1449991392951878 1449991392951997 1449991392952088 1449991392952162
1449991393001865 1449991393001960 1449991393002091 1449991393002196
1449991393051874 1449991393051967 1449991393052106 1449991393052214
1449991393101875 1449991393101977 1449991393102106 1449991393102240
1449991393151818 1449991393151875 1449991393151926 1449991393151969
1449991393201834 1449991393201920 1449991393202042 1449991393202168
1449991393251877 1449991393251968 1449991393252091 1449991393252246
1449991393301817 1449991393301901 1449991393301955 1449991393302010
1449991393351839 1449991393351923 1449991393352015 1449991393352101
1449991393401827 1449991393401892 1449991393401968 1449991393402053
1449991393451809 1449991393451862 1449991393451904 1449991393451946
1449991393501866 1449991393501965 1449991393502120 1449991393502245
1449991393551872 1449991393551979 1449991393552105 1449991393552207
1449991393601817 1449991393601879 1449991393601950 1449991393602009
1449991393651864 1449991393651991 1449991393652113 1449991393652246
1449991393701872 1449991393701965 1449991393702093 1449991393702225
1449991393751875 1449991393751975 1449991393752104 1449991393752239
1449991393801871 1449991393801966 1449991393802094 1449991393802218
1449991393851816 1449991393851872 1449991393851922 1449991393851965
1449991393901812 1449991393901866 1449991393901922 1449991393901987
1449991393951817 1449991393951893 1449991393951995 1449991393952080
1449991394001828 1449991394001918 1449991394001979 1449991394002020
1449991394051840 1449991394051929 1449991394052027 1449991394052070
1449991394101872 1449991394101966 1449991394102107 1449991394102254
1449991394151828 1449991394151895 1449991394151948 1449991394151993
1449991394201873 1449991394201967 1449991394202084 1449991394202198
1449991394251875 1449991394251969 1449991394252102 1449991394252212
1449991394301840 1449991394301931 1449991394302045 1449991394302163
1449991394351818 1449991394351862 1449991394351915 1449991394351951
1449991394401813 1449991394401957 1449991394402056 1449991394402201
1449991394451814 1449991394451966 1449991394452057 1449991394452137
1449991394501868 1449991394501937 1449991394502004 1449991394502089
1449991394551874 1449991394551985 1449991394552124 1449991394552242
1449991394601844 1449991394601939 1449991394602064 1449991394602160
1449991394651876 1449991394651971 1449991394652096 1449991394652216
1449991394701840 1449991394702233 1449991394702344 1449991394702438
1449991394751857 1449991394751956 1449991394752083 1449991394752197
1449991394801826 1449991394801883 1449991394801952 1449991394802020
1449991394851833 1449991394851922 1449991394852029 1449991394852138
1449991394901877 1449991394901973 1449991394902096 1449991394902195
1449991394951871 1449991394951971 1449991394952094 1449991394952212
1449991395001835 1449991395001923 1449991395002026 1449991395002105
1449991395051829 1449991395051925 1449991395052052 1449991395052175
1449991395101879 1449991395101971 1449991395102094 1449991395102245
1449991395151837 1449991395151910 1449991395152008 1449991395152088
1449991395201827 1449991395201892 1449991395201982 1449991395202055
1449991395251827 1449991395251892 1449991395251983 1449991395252057
1449991395301869 1449991395301987 1449991395302112 1449991395302338
1449991395351875 1449991395351969 1449991395352091 1449991395352282
1449991395401834 1449991395401909 1449991395402011 1449991395402109
1449991395451827 1449991395451895 1449991395451982 1449991395452065
1449991395501832 1449991395501921 1449991395502023 1449991395502143
1449991395551872 1449991395551967 1449991395552089 1449991395552194
1449991395601836 1449991395601913 1449991395602018 1449991395602100
1449991395651830 1449991395651915 1449991395652006 1449991395652074
1449991395701859 1449991395701949 1449991395702067 1449991395702196
1449991395751872 1449991395751966 1449991395752087 1449991395752196
1449991395801858 1449991395801950 1449991395802098 1449991395802205
1449991395851877 1449991395851968 1449991395852092 1449991395852208
1449991395901873 1449991395901966 1449991395902090 1449991395902224
1449991395951878 1449991395951969 1449991395952094 1449991395952201
1449991396001835 1449991396001935 1449991396002039 1449991396002131
1449991396051873 1449991396051966 1449991396052093 1449991396052206
1449991396101871 1449991396101959 1449991396102089 1449991396102236
1449991396151831 1449991396151905 1449991396152003 1449991396152083
1449991396201813 1449991396201878 1449991396201969 1449991396202040
1449991396251825 1449991396251890 1449991396251989 1449991396252056
1449991396301869 1449991396301956 1449991396302079 1449991396302241
1449991396351877 1449991396352015 1449991396352148 1449991396352246
1449991396401836 1449991396401918 1449991396402033 1449991396402151
1449991396451856 1449991396451950 1449991396452076 1449991396452200
1449991396501872 1449991396501967 1449991396502093 1449991396502223
1449991396551877 1449991396551971 1449991396552099 1449991396552210
1449991396601854 1449991396601946 1449991396602067 1449991396602160
1449991396651834 1449991396651906 1449991396652038 1449991396652133
1449991396701868 1449991396701998 1449991396702139 1449991396702312
1449991396751877 1449991396751971 1449991396752098 1449991396752214
1449991396801827 1449991396801904 1449991396801991 1449991396802065
1449991396851874 1449991396851975 1449991396852108 1449991396852229
1449991396901875 1449991396901969 1449991396902089 1449991396902324
1449991396951875 1449991396951969 1449991396952088 1449991396952262
1449991397001835 1449991397001918 1449991397002033 1449991397002125
1449991397051871 1449991397051987 1449991397052109 1449991397052218
1449991397101873 1449991397101967 1449991397102090 1449991397102221
1449991397151833 1449991397151907 1449991397152012 1449991397152093
1449991397201825 1449991397201891 1449991397201988 1449991397202059
1449991397251862 1449991397251955 1449991397252080 1449991397252187
1449991397301862 1449991397301954 1449991397302078 1449991397302226
1449991397351819 1449991397351889 1449991397351990 1449991397352064
1449991397401824 1449991397401906 1449991397401996 1449991397402057
1449991397451853 1449991397451943 1449991397452064 1449991397452184
1449991397501874 1449991397501968 1449991397502094 1449991397502241
1449991397551835 1449991397551908 1449991397552006 1449991397552111
1449991397601825 1449991397601892 1449991397601967 1449991397602037
1449991397651827 1449991397651892 1449991397651968 1449991397652039
1449991397701866 1449991397701961 1449991397702069 1449991397702217
1449991397751877 1449991397751995 1449991397752124 1449991397752289
1449991397801859 1449991397801957 1449991397802050 1449991397802168
1449991397851845 1449991397851936 1449991397852058 1449991397852206
1449991397901807 1449991397901866 1449991397901919 1449991397901969
1449991397951843 1449991397951935 1449991397952055 1449991397952177
1449991398001833 1449991398001913 1449991398002016 1449991398002098
1449991398051827 1449991398051894 1449991398051987 1449991398052059
1449991398101869 1449991398101987 1449991398102093 1449991398102217
1449991398151833 1449991398151908 1449991398151975 1449991398152067
1449991398201826 1449991398201870 1449991398201971 1449991398202054
1449991398251808 1449991398251858 1449991398251901 1449991398251943
1449991398301811 1449991398301849 1449991398301895 1449991398301937
1449991398351813 1449991398351874 1449991398351940 1449991398351992
1449991398401824 1449991398401901 1449991398401996 1449991398402073
1449991398451867 1449991398451990 1449991398452121 1449991398452238
1449991398501881 1449991398501981 1449991398502104 1449991398502225
1449991398551837 1449991398551930 1449991398552053 1449991398552156
1449991398601874 1449991398601975 1449991398602097 1449991398602196
1449991398651878 1449991398651971 1449991398652099 1449991398652201
1449991398701875 1449991398701962 1449991398702117 1449991398702241
1449991398751828 1449991398751908 1449991398752015 1449991398752084
1449991398801832 1449991398801917 1449991398802012 1449991398802086
1449991398851873 1449991398851974 1449991398852101 1449991398852204
1449991398901877 1449991398901980 1449991398902111 1449991398902239
1449991398951878 1449991398951970 1449991398952095 1449991398952196
1449991399001875 1449991399001978 1449991399002102 1449991399002206
1449991399051846 1449991399051948 1449991399052072 1449991399052178
1449991399101871 1449991399101962 1449991399102091 1449991399102666
1449991399151873 1449991399152012 1449991399152137 1449991399152240
1449991399201872 1449991399201961 1449991399202086 1449991399202188
1449991399251880 1449991399251974 1449991399252096 1449991399252198
1449991399301877 1449991399301965 1449991399302087 1449991399302192
1449991399351882 1449991399351976 1449991399352106 1449991399352206
1449991399401876 1449991399401966 1449991399402094 1449991399402201
1449991399451879 1449991399451976 1449991399452107 1449991399452214
1449991399501868 1449991399501988 1449991399502111 1449991399502215
1449991399551834 1449991399551909 1449991399552002 1449991399552080
1449991399601871 1449991399601981 1449991399602098 1449991399602196
1449991399651884 1449991399651975 1449991399652102 1449991399652200
1449991399701877 1449991399701971 1449991399702098 1449991399702198
1449991399751877 1449991399751969 1449991399752095 1449991399752195
1449991399801877 1449991399801978 1449991399802104 1449991399802218
1449991399851881 1449991399852006 1449991399852124 1449991399852228
1449991399901876 1449991399901969 1449991399902095 1449991399902198
1449991399951879 1449991399951979 1449991399952110 1449991399952211
1449991400001881 1449991400001979 1449991400002095 1449991400002201
1449991400051861 1449991400051953 1449991400052062 1449991400052166
1449991400101877 1449991400101969 1449991400102082 1449991400102191
1449991400151846 1449991400151943 1449991400152054 1449991400152163
1449991400201876 1449991400201989 1449991400202113 1449991400202219
1449991400251863 1449991400251962 1449991400252088 1449991400252189
1449991400301877 1449991400301964 1449991400302089 1449991400302188
1449991400351880 1449991400351971 1449991400352095 1449991400352209
1449991400401877 1449991400401965 1449991400402092 1449991400402222
1449991400451876 1449991400451962 1449991400452097 1449991400452218
1449991400501860 1449991400501949 1449991400502071 1449991400502170
1449991400551842 1449991400551955 1449991400552078 1449991400552189
1449991400601875 1449991400601963 1449991400602086 1449991400602189
1449991400651881 1449991400651972 1449991400652095 1449991400652216
1449991400701876 1449991400701966 1449991400702089 1449991400702188
1449991400751879 1449991400751970 1449991400752090 1449991400752216
1449991400801876 1449991400801968 1449991400802078 1449991400802198
1449991400851879 1449991400851972 1449991400852099 1449991400852228
1449991400901875 1449991400901985 1449991400902109 1449991400902208
1449991400951865 1449991400951949 1449991400952074 1449991400952211
1449991401001872 1449991401001961 1449991401002082 1449991401002191
1449991401051879 1449991401051966 1449991401052091 1449991401052189
1449991401101879 1449991401101974 1449991401102085 1449991401102194
1449991401151879 1449991401151970 1449991401152083 1449991401152193
1449991401201876 1449991401201969 1449991401202082 1449991401202193
1449991401251877 1449991401251991 1449991401252103 1449991401252205
1449991401301877 1449991401301966 1449991401302081 1449991401302186
1449991401351844 1449991401351932 1449991401352040 1449991401352140
1449991401401880 1449991401401975 1449991401402091 1449991401402196
1449991401451867 1449991401451960 1449991401452069 1449991401452187
1449991401501844 1449991401501932 1449991401502040 1449991401502145
1449991401551879 1449991401551971 1449991401552086 1449991401552191
1449991401601877 1449991401601989 1449991401602122 1449991401602246
1449991401651867 1449991401651959 1449991401652078 1449991401652190
1449991401701844 1449991401701908 1449991401702022 1449991401702123
1449991401751834 1449991401751904 1449991401751995 1449991401752100
1449991401801871 1449991401801959 1449991401802085 1449991401802193
1449991401851880 1449991401851973 1449991401852095 1449991401852203
1449991401901876 1449991401901970 1449991401902093 1449991401902202
1449991401951836 1449991401951914 1449991401952001 1449991401952069
1449991402001825 1449991402001852 1449991402001929 1449991402001998
1449991402051869 1449991402051961 1449991402052082 1449991402052196
1449991402101859 1449991402101953 1449991402102078 1449991402102189
1449991402151874 1449991402151968 1449991402152086 1449991402152202
1449991402201874 1449991402201968 1449991402202086 1449991402202203
1449991402251837 1449991402251902 1449991402252017 1449991402252102
1449991402301815 1449991402301888 1449991402301945 1449991402301988
1449991402351882 1449991402351976 1449991402352095 1449991402352211
1449991402401878 1449991402401965 1449991402402087 1449991402402198
1449991402451862 1449991402451958 1449991402452076 1449991402452184
1449991402501876 1449991402501964 1449991402502096 1449991402502219
1449991402551861 1449991402551959 1449991402552094 1449991402552199
1449991402601839 1449991402601927 1449991402602059 1449991402602186
1449991402651879 1449991402652000 1449991402652136 1449991402652242
1449991402701877 1449991402701965 1449991402702096 1449991402702220
1449991402751818 1449991402751871 1449991402751942 1449991402751983
1449991402801872 1449991402801959 1449991402802070 1449991402802182
1449991402851876 1449991402851969 1449991402852094 1449991402852211
1449991402901875 1449991402901957 1449991402902040 1449991402902092
1449991402951879 1449991402951965 1449991402952080 1449991402952181
1449991403001872 1449991403001996 1449991403002126 1449991403002247
1449991403051875 1449991403051969 1449991403052098 1449991403052199
1449991403101846 1449991403101942 1449991403102087 1449991403102185
1449991403151879 1449991403151973 1449991403152094 1449991403152206
1449991403201840 1449991403201920 1449991403202031 1449991403202135
1449991403251877 1449991403251970 1449991403252094 1449991403252205
1449991403301878 1449991403301978 1449991403302109 1449991403302215
1449991403351841 1449991403351960 1449991403352064 1449991403352148
1449991403401832 1449991403401897 1449991403401990 1449991403402067
1449991403451872 1449991403451968 1449991403452054 1449991403452158
1449991403501828 1449991403501888 1449991403502002 1449991403502070
1449991403551812 1449991403551877 1449991403551979 1449991403552042
1449991403601863 1449991403601958 1449991403602048 1449991403602153
1449991403651847 1449991403651916 1449991403652024 1449991403652138
1449991403701876 1449991403701990 1449991403702106 1449991403702195
1449991403751878 1449991403751962 1449991403752083 1449991403752194
1449991403801874 1449991403801968 1449991403802094 1449991403802206
1449991403851822 1449991403851896 1449991403851999 1449991403852066
1449991403901873 1449991403901966 1449991403902098 1449991403902194
1449991403951826 1449991403951908 1449991403952014 1449991403952082
1449991404001874 1449991404001965 1449991404002093 1449991404002186
1449991404051878 1449991404051995 1449991404052123 1449991404052207
1449991404101873 1449991404101966 1449991404102094 1449991404102188
1449991404151877 1449991404151971 1449991404152092 1449991404152195
1449991404201874 1449991404201963 1449991404202120 1449991404202230
1449991404251878 1449991404251972 1449991404252102 1449991404252216
1449991404301877 1449991404301965 1449991404302089 1449991404302196
1449991404351878 1449991404351973 1449991404352098 1449991404352212
1449991404401874 1449991404401982 1449991404402107 1449991404402229
1449991404451878 1449991404451971 1449991404452096 1449991404452210
1449991404501874 1449991404501960 1449991404502087 1449991404502204
1449991404551836 1449991404551910 1449991404552010 1449991404552086
1449991404601825 1449991404601885 1449991404601980 1449991404602062
1449991404651861 1449991404651949 1449991404652075 1449991404652191
1449991404701847 1449991404701932 1449991404702057 1449991404702161
1449991404751877 1449991404751978 1449991404752099 1449991404752214
1449991404801877 1449991404801969 1449991404802093 1449991404802257
1449991404851838 1449991404851890 1449991404851974 1449991404852031
1449991404901820 1449991404901897 1449991404901968 1449991404902030
1449991404951878 1449991404951974 1449991404952052 1449991404952152
1449991405001878 1449991405001946 1449991405002056 1449991405002180
1449991405051878 1449991405051945 1449991405052055 1449991405052149
1449991405101875 1449991405101950 1449991405102024 1449991405102137
1449991405151878 1449991405151945 1449991405152048 1449991405152167
1449991405201874 1449991405201941 1449991405202054 1449991405202176
1449991405251845 1449991405251911 1449991405252021 1449991405252121
1449991405301877 1449991405301946 1449991405302057 1449991405302155
1449991405351878 1449991405351971 1449991405352097 1449991405352202
1449991405401875 1449991405401967 1449991405402089 1449991405402227
1449991405451884 1449991405451990 1449991405452114 1449991405452231
1449991405501877 1449991405501970 1449991405502093 1449991405502192
1449991405551878 1449991405551973 1449991405552098 1449991405552197
1449991405601876 1449991405601965 1449991405602089 1449991405602214
1449991405651829 1449991405651913 1449991405652036 1449991405652134
1449991405701841 1449991405701915 1449991405702032 1449991405702136
1449991405751877 1449991405751970 1449991405752094 1449991405752227
1449991405801877 1449991405801977 1449991405802098 1449991405802268
1449991405851876 1449991405851968 1449991405852089 1449991405852221
1449991405901874 1449991405901968 1449991405902091 1449991405902220
1449991405951855 1449991405951963 1449991405952116 1449991405952202
1449991406001878 1449991406001969 1449991406002084 1449991406002211
1449991406051883 1449991406051974 1449991406052118 1449991406052246
1449991406101875 1449991406101967 1449991406102107 1449991406102255
1449991406151879 1449991406151980 1449991406152099 1449991406152222
1449991406201874 1449991406201944 1449991406202054 1449991406202171
1449991406251877 1449991406251972 1449991406252092 1449991406252191
1449991406301875 1449991406301965 1449991406302086 1449991406302189
1449991406351870 1449991406351960 1449991406352079 1449991406352183
1449991406401873 1449991406401966 1449991406402088 1449991406402221
1449991406451877 1449991406451972 1449991406452093 1449991406452198
1449991406501837 1449991406501924 1449991406502028 1449991406502103
1449991406551875 1449991406551968 1449991406552100 1449991406552199
1449991406601873 1449991406601962 1449991406602081 1449991406602211
1449991406651870 1449991406651959 1449991406652087 1449991406652217
1449991406701858 1449991406701947 1449991406702068 1449991406702169
1449991406751881 1449991406751982 1449991406752092 1449991406752193
1449991406801843 1449991406801918 1449991406801991 1449991406802068
1449991406851829 1449991406851880 1449991406851972 1449991406852027
1449991406901870 1449991406901958 1449991406902083 1449991406902170
1449991406951877 1449991406951946 1449991406952062 1449991406952160
1449991407001836 1449991407001913 1449991407002026 1449991407002111
1449991407051873 1449991407051966 1449991407052084 1449991407052184
1449991407101876 1449991407101944 1449991407102060 1449991407102160
1449991407151839 1449991407151915 1449991407152009 1449991407152067
1449991407201871 1449991407201965 1449991407202082 1449991407202224
1449991407251877 1449991407251946 1449991407252059 1449991407252156
1449991407301877 1449991407301970 1449991407302105 1449991407302204
1449991407351878 1449991407351948 1449991407352061 1449991407352175
1449991407401875 1449991407401964 1449991407402090 1449991407402212
1449991407451877 1449991407451947 1449991407452067 1449991407452198
1449991407501876 1449991407501961 1449991407502084 1449991407502185
1449991407551879 1449991407551979 1449991407552101 1449991407552206
1449991407601875 1449991407601965 1449991407602069 1449991407602194
1449991407651881 1449991407651946 1449991407652079 1449991407652215
1449991407701876 1449991407701966 1449991407702060 1449991407702177
1449991407751859 1449991407751924 1449991407752055 1449991407752188
1449991407801844 1449991407801932 1449991407802032 1449991407802162
1449991407851877 1449991407851944 1449991407852080 1449991407852206
1449991407901875 1449991407901977 1449991407902092 1449991407902211
1449991407951819 1449991407951898 1449991407951960 1449991407952030
1449991408001871 1449991408001965 1449991408002078 1449991408002198
1449991408051881 1449991408051973 1449991408052063 1449991408052165
1449991408101875 1449991408101941 1449991408102057 1449991408102195
1449991408151882 1449991408151977 1449991408152086 1449991408152208
1449991408201875 1449991408201943 1449991408202064 1449991408202224
1449991408251878 1449991408251979 1449991408252070 1449991408252185
1449991408301874 1449991408301942 1449991408302064 1449991408302198
1449991408351876 1449991408351970 1449991408352060 1449991408352163
1449991408401877 1449991408401945 1449991408402068 1449991408402249
1449991408451879 1449991408451974 1449991408452064 1449991408452176
1449991408501860 1449991408501928 1449991408502049 1449991408502185
1449991408551879 1449991408551972 1449991408552061 1449991408552160
1449991408601875 1449991408601953 1449991408602071 1449991408602233
1449991408651877 1449991408651971 1449991408652076 1449991408652197
1449991408701859 1449991408701926 1449991408702048 1449991408702186
1449991408751843 1449991408751939 1449991408752041 1449991408752159
1449991408801876 1449991408801945 1449991408802064 1449991408802226
1449991408851852 1449991408851954 1449991408852100 1449991408852230
1449991408901887 1449991408901987 1449991408902069 1449991408902193
1449991408951882 1449991408951986 1449991408952105 1449991408952193
1449991409001881 1449991409001974 1449991409002101 1449991409002336
1449991409051880 1449991409051975 1449991409052106 1449991409052225
1449991409101874 1449991409101944 1449991409102055 1449991409102169
1449991409151878 1449991409151945 1449991409152042 1449991409152160
1449991409201876 1449991409201945 1449991409202053 1449991409202173
1449991409251880 1449991409251949 1449991409252056 1449991409252156
1449991409301877 1449991409301953 1449991409302067 1449991409302169
1449991409351878 1449991409351947 1449991409352055 1449991409352157
1449991409401876 1449991409401946 1449991409402058 1449991409402184
1449991409451878 1449991409451943 1449991409452064 1449991409452174
1449991409501877 1449991409501962 1449991409502077 1449991409502185
1449991409551879 1449991409551963 1449991409552078 1449991409552186
1449991409601848 1449991409601946 1449991409602074 1449991409602343
1449991409651882 1449991409651981 1449991409652102 1449991409652283
1449991409701860 1449991409701952 1449991409702073 1449991409702243
1449991409751837 1449991409751880 1449991409751972 1449991409752095
1449991409801872 1449991409801965 1449991409802107 1449991409802352
1449991409851864 1449991409851959 1449991409852082 1449991409852257
1449991409901820 1449991409901885 1449991409901937 1449991409901973
1449991409951883 1449991409951975 1449991409952095 1449991409952211
1449991410001874 1449991410001972 1449991410002093 1449991410002219
1449991410051879 1449991410051971 1449991410052104 1449991410052187
1449991410101880 1449991410101972 1449991410102106 1449991410102188
1449991410151880 1449991410151971 1449991410152096 1449991410152552
1449991410201878 1449991410201971 1449991410202095 1449991410202316
1449991410251878 1449991410251973 1449991410252104 1449991410252208
1449991410301876 1449991410301971 1449991410302103 1449991410302165
1449991410351818 1449991410351862 1449991410351898 1449991410351930
1449991410401866 1449991410401960 1449991410402091 1449991410402227
1449991410451835 1449991410451892 1449991410451970 1449991410452068
1449991410501871 1449991410501944 1449991410502073 1449991410502187
1449991410551818 1449991410551863 1449991410551928 1449991410551983
1449991410601832 1449991410601902 1449991410602021 1449991410602177
1449991410651842 1449991410651915 1449991410652041 1449991410652164
1449991410701879 1449991410701957 1449991410702124 1449991410702439
1449991410751876 1449991410751947 1449991410752105 1449991410752297
1449991410801834 1449991410801900 1449991410801959 1449991410802071
1449991410851809 1449991410851838 1449991410851948 1449991410852063
1449991410901804 1449991410901856 1449991410901911 1449991410901947
1449991410951850 1449991410951964 1449991410952115 1449991410952250
1449991411001835 1449991411001916 1449991411002020 1449991411002133
1449991411051835 1449991411051916 1449991411052007 1449991411052081
1449991411101872 1449991411101967 1449991411102081 1449991411102329
1449991411151841 1449991411151932 1449991411152052 1449991411152234
1449991411201842 1449991411201933 1449991411202064 1449991411202244
1449991411251839 1449991411251929 1449991411252045 1449991411252133
1449991411301840 1449991411301931 1449991411302067 1449991411302175
1449991411351840 1449991411351933 1449991411352060 1449991411352158
1449991411401876 1449991411401976 1449991411402100 1449991411402216
1449991411451882 1449991411451981 1449991411452109 1449991411452221
1449991411501849 1449991411501916 1449991411502033 1449991411502145
1449991411551875 1449991411551969 1449991411552110 1449991411552220
1449991411601876 1449991411601977 1449991411602104 1449991411602215
1449991411651880 1449991411651975 1449991411652102 1449991411652280
1449991411701877 1449991411701970 1449991411702091 1449991411702192
1449991411751836 1449991411751915 1449991411751987 1449991411752056
1449991411801870 1449991411801962 1449991411802075 1449991411802183
1449991411851875 1449991411851970 1449991411852090 1449991411852195
1449991411901861 1449991411901955 1449991411902080 1449991411902176
1449991411951885 1449991411951950 1449991411952081 1449991411952190
1449991412001866 1449991412001952 1449991412002077 1449991412002186
1449991412051815 1449991412051877 1449991412051932 1449991412051975
1449991412101877 1449991412101976 1449991412102112 1449991412102243
