1449991533895174 1449991533895265 1449991533895465 1449991533895474
1449991533945177 1449991533945222 1449991533945326 1449991533945364
1449991533995223 1449991533995314 1449991533995483 1449991533995553
1449991534045186 1449991534045261 1449991534045410 1449991534045452
1449991534095162 1449991534095226 1449991534095318 1449991534095354
1449991534145211 1449991534145300 1449991534145499 1449991534145581
1449991534195221 1449991534195349 1449991534195548 1449991534195599
1449991534245172 1449991534245234 1449991534245332 1449991534245373
1449991534295167 1449991534295196 1449991534295279 1449991534295318
1449991534345202 1449991534345281 1449991534345376 1449991534345419
1449991534395173 1449991534395229 1449991534395332 1449991534395388
1449991534445166 1449991534445223 1449991534445326 1449991534445389
1449991534495164 1449991534495220 1449991534495325 1449991534495378
1449991534545165 1449991534545217 1449991534545317 1449991534545371
1449991534595167 1449991534595232 1449991534595346 1449991534595401
1449991534645166 1449991534645224 1449991534645328 1449991534645377
1449991534695165 1449991534695216 1449991534695310 1449991534695356
1449991534745158 1449991534745187 1449991534745257 1449991534745301
1449991534795165 1449991534795217 1449991534795317 1449991534795364
1449991534845164 1449991534845213 1449991534845325 1449991534845367
1449991534895168 1449991534895248 1449991534895351 1449991534895391
1449991534945163 1449991534945213 1449991534945318 1449991534945359
1449991534995194 1449991534995228 1449991534995330 1449991534995367
1449991535045187 1449991535045247 1449991535045356 1449991535045395
1449991535095157 1449991535095213 1449991535095319 1449991535095358
1449991535145170 1449991535145247 1449991535145422 1449991535145489
1449991535195218 1449991535195311 1449991535195561 1449991535195628
1449991535245171 1449991535245238 1449991535245345 1449991535245380
1449991535295180 1449991535295237 1449991535295410 1449991535295462
1449991535345168 1449991535345210 1449991535345369 1449991535345417
1449991535395166 1449991535395224 1449991535395326 1449991535395366
1449991535445181 1449991535445265 1449991535445442 1449991535445498
1449991535495210 1449991535495301 1449991535495541 1449991535495604
1449991535545189 1449991535545276 1449991535545468 1449991535545523
1449991535595223 1449991535595342 1449991535595557 1449991535595613
1449991535645194 1449991535645241 1449991535645336 1449991535645371
1449991535695163 1449991535695214 1449991535695318 1449991535695359
1449991535745165 1449991535745203 1449991535745293 1449991535745330
1449991535795165 1449991535795220 1449991535795315 1449991535795360
1449991535845174 1449991535846328 1449991535846474 1449991535846513
1449991535895166 1449991535895223 1449991535895322 1449991535895361
1449991535945164 1449991535945223 1449991535945366 1449991535945412
1449991535995167 1449991535995204 1449991535995322 1449991535995361
1449991536045160 1449991536045192 1449991536045299 1449991536045340
1449991536095165 1449991536095200 1449991536095285 1449991536095540
1449991536145159 1449991536145215 1449991536145312 1449991536145344
1449991536195163 1449991536195196 1449991536195306 1449991536195352
1449991536245190 1449991536245272 1449991536245420 1449991536245461
1449991536295185 1449991536295326 1449991536295496 1449991536295528
1449991536345180 1449991536345273 1449991536345410 1449991536345462
1449991536395187 1449991536395291 1449991536395498 1449991536395545
1449991536445185 1449991536445265 1449991536445423 1449991536445467
1449991536495186 1449991536495267 1449991536495435 1449991536495522
1449991536545184 1449991536545244 1449991536545347 1449991536545388
1449991536595192 1449991536595271 1449991536595468 1449991536595562
1449991536645192 1449991536645319 1449991536645565 1449991536645776
1449991536695186 1449991536695245 1449991536695351 1449991536695388
1449991536745158 1449991536745218 1449991536745339 1449991536745375
1449991536795160 1449991536795199 1449991536795297 1449991536795333
1449991536845191 1449991536845263 1449991536845451 1449991536845495
1449991536895189 1449991536895308 1449991536895468 1449991536895506
1449991536945163 1449991536945208 1449991536945295 1449991536945339
1449991536995159 1449991536995225 1449991536995320 1449991536995365
1449991537045217 1449991537045288 1449991537045512 1449991537045554
1449991537095169 1449991537095203 1449991537095284 1449991537095381
1449991537145205 1449991537145237 1449991537145315 1449991537145402
1449991537195163 1449991537195198 1449991537195281 1449991537195317
1449991537245166 1449991537245204 1449991537245305 1449991537245339
1449991537295164 1449991537295200 1449991537295301 1449991537295339
1449991537345159 1449991537345206 1449991537345283 1449991537345404
1449991537395162 1449991537395201 1449991537395293 1449991537395388
1449991537445161 1449991537445197 1449991537445276 1449991537445313
1449991537495159 1449991537495194 1449991537495290 1449991537495325
1449991537545188 1449991537545227 1449991537545326 1449991537545362
1449991537595163 1449991537595201 1449991537595297 1449991537595336
1449991537645165 1449991537645201 1449991537645298 1449991537645340
1449991537695163 1449991537695217 1449991537695315 1449991537695360
1449991537745163 1449991537745199 1449991537745294 1449991537745346
1449991537795161 1449991537795197 1449991537795272 1449991537795314
1449991537845163 1449991537845217 1449991537845295 1449991537845330
1449991537895163 1449991537895220 1449991537895319 1449991537895355
1449991537945211 1449991537945301 1449991537945483 1449991537945535
1449991537995201 1449991537995255 1449991537995420 1449991537995486
1449991538045216 1449991538045313 1449991538045503 1449991538045581
1449991538095182 1449991538095230 1449991538095378 1449991538095449
1449991538145183 1449991538145239 1449991538145413 1449991538145508
1449991538195174 1449991538195219 1449991538195399 1449991538195478
1449991538245151 1449991538245258 1449991538245413 1449991538245452
1449991538295166 1449991538295260 1449991538295414 1449991538295457
1449991538345158 1449991538345184 1449991538345269 1449991538345298
1449991538395155 1449991538395221 1449991538395386 1449991538395435
1449991538445164 1449991538445251 1449991538445424 1449991538445512
1449991538495184 1449991538495273 1449991538495446 1449991538495509
1449991538545161 1449991538545216 1449991538545319 1449991538545360
1449991538595163 1449991538595220 1449991538595321 1449991538595367
1449991538645183 1449991538645247 1449991538645417 1449991538645482
1449991538695167 1449991538695223 1449991538695312 1449991538695355
1449991538745180 1449991538745286 1449991538745405 1449991538745455
1449991538795187 1449991538795238 1449991538795367 1449991538795407
1449991538845191 1449991538845247 1449991538845349 1449991538845384
1449991538895174 1449991538895234 1449991538895342 1449991538895383
1449991538945165 1449991538945243 1449991538945407 1449991538945446
1449991538995210 1449991538995306 1449991538995492 1449991538995579
1449991539045223 1449991539045332 1449991539045523 1449991539045585
1449991539095223 1449991539095341 1449991539095570 1449991539095657
1449991539145176 1449991539145262 1449991539145420 1449991539145485
1449991539195189 1449991539195260 1449991539195347 1449991539195393
1449991539245192 1449991539245296 1449991539245468 1449991539245534
1449991539295172 1449991539295229 1449991539295353 1449991539295427
1449991539345165 1449991539345253 1449991539345444 1449991539345501
1449991539395166 1449991539395223 1449991539395319 1449991539395354
1449991539445163 1449991539445237 1449991539445323 1449991539445588
1449991539495198 1449991539495347 1449991539495546 1449991539495596
1449991539545195 1449991539545283 1449991539545483 1449991539545564
1449991539595192 1449991539595280 1449991539595471 1449991539595518
1449991539645197 1449991539645289 1449991539645579 1449991539645668
1449991539695225 1449991539695316 1449991539695559 1449991539695645
1449991539745222 1449991539745315 1449991539745559 1449991539745632
1449991539795218 1449991539795321 1449991539795478 1449991539795531
1449991539845172 1449991539845229 1449991539845361 1449991539845406
1449991539895159 1449991539895302 1449991539895439 1449991539895471
1449991539945178 1449991539945225 1449991539945317 1449991539945355
1449991539995195 1449991539995249 1449991539995344 1449991539995381
1449991540045185 1449991540045240 1449991540045332 1449991540045374
1449991540095205 1449991540095263 1449991540095358 1449991540095501
1449991540145214 1449991540145336 1449991540145537 1449991540145653
1449991540195176 1449991540195268 1449991540195466 1449991540195555
1449991540245221 1449991540245313 1449991540245563 1449991540245632
1449991540295182 1449991540295253 1449991540295404 1449991540295457
1449991540345213 1449991540345304 1449991540345504 1449991540345547
1449991540395188 1449991540395267 1449991540395429 1449991540395487
1449991540445178 1449991540445243 1449991540445383 1449991540445502
1449991540495208 1449991540495338 1449991540495540 1449991540495650
1449991540545183 1449991540545255 1449991540545415 1449991540545443
1449991540595180 1449991540595255 1449991540595434 1449991540595485
1449991540645178 1449991540645250 1449991540645394 1449991540645417
1449991540695222 1449991540695312 1449991540695508 1449991540695556
1449991540745182 1449991540745219 1449991540745352 1449991540745381
1449991540795188 1449991540795277 1449991540795432 1449991540795489
1449991540845181 1449991540845272 1449991540845414 1449991540845449
1449991540895189 1449991540895287 1449991540895493 1449991540895571
1449991540945171 1449991540945224 1449991540945325 1449991540945369
1449991540995181 1449991540995262 1449991540995420 1449991540995517
1449991541045187 1449991541045266 1449991541045455 1449991541045505
1449991541095167 1449991541095223 1449991541095325 1449991541095369
1449991541145166 1449991541145223 1449991541145330 1449991541145367
1449991541195166 1449991541195234 1449991541195332 1449991541195373
1449991541245163 1449991541245220 1449991541245325 1449991541245360
1449991541295165 1449991541295202 1449991541295309 1449991541295351
1449991541345166 1449991541345196 1449991541345295 1449991541345332
1449991541395164 1449991541395227 1449991541395322 1449991541395512
1449991541445186 1449991541445270 1449991541445407 1449991541445448
1449991541495188 1449991541495272 1449991541495452 1449991541495516
1449991541545178 1449991541545227 1449991541545361 1449991541545415
1449991541595177 1449991541595248 1449991541595395 1449991541595447
1449991541645175 1449991541645241 1449991541645403 1449991541645464
1449991541695178 1449991541695259 1449991541695398 1449991541695459
1449991541745180 1449991541745245 1449991541745398 1449991541745466
1449991541795181 1449991541795255 1449991541795382 1449991541795444
1449991541845169 1449991541845203 1449991541845305 1449991541845345
1449991541895183 1449991541895243 1449991541895384 1449991541895448
1449991541945186 1449991541945229 1449991541945380 1449991541945435
1449991541995189 1449991541995272 1449991541995414 1449991541995581
1449991542045185 1449991542045285 1449991542045410 1449991542045456
1449991542095189 1449991542095235 1449991542095345 1449991542095380
1449991542145218 1449991542145328 1449991542145460 1449991542145506
1449991542195209 1449991542195307 1449991542195438 1449991542195477
1449991542245181 1449991542245237 1449991542245379 1449991542245430
1449991542295166 1449991542295194 1449991542295305 1449991542295353
1449991542345192 1449991542345248 1449991542345431 1449991542345627
1449991542395176 1449991542395232 1449991542395331 1449991542395367
1449991542445163 1449991542445219 1449991542445306 1449991542445343
1449991542495171 1449991542495234 1449991542495332 1449991542495367
1449991542545168 1449991542545228 1449991542545333 1449991542545374
1449991542595189 1449991542595305 1449991542595421 1449991542595475
1449991542645171 1449991542645202 1449991542645342 1449991542645388
1449991542695165 1449991542695196 1449991542695286 1449991542695319
1449991542745212 1449991542745310 1449991542745460 1449991542745514
1449991542795173 1449991542795207 1449991542795285 1449991542795429
1449991542845163 1449991542845193 1449991542845274 1449991542845307
1449991542895167 1449991542895224 1449991542895328 1449991542895370
1449991542945185 1449991542945260 1449991542945359 1449991542945401
1449991542995181 1449991542995270 1449991542995387 1449991542995428
1449991543045171 1449991543045206 1449991543045301 1449991543045352
1449991543095174 1449991543095203 1449991543095283 1449991543095324
1449991543145178 1449991543145263 1449991543145408 1449991543145464
1449991543195171 1449991543195264 1449991543195405 1449991543195472
1449991543245186 1449991543245245 1449991543245395 1449991543245471
1449991543295185 1449991543295307 1449991543295495 1449991543295573
1449991543345186 1449991543345259 1449991543345451 1449991543345510
1449991543395170 1449991543395223 1449991543395324 1449991543395367
1449991543445163 1449991543445212 1449991543445303 1449991543445347
1449991543495164 1449991543495214 1449991543495326 1449991543495371
1449991543545166 1449991543545205 1449991543545309 1449991543545350
1449991543595217 1449991543595310 1449991543595522 1449991543595658
1449991543645227 1449991543645345 1449991543645598 1449991543645664
1449991543695169 1449991543695232 1449991543695321 1449991543695356
1449991543745149 1449991543745217 1449991543745369 1449991543745404
1449991543795177 1449991543795259 1449991543795419 1449991543795494
1449991543845189 1449991543845252 1449991543845355 1449991543845393
1449991543895179 1449991543895226 1449991543895415 1449991543895485
1449991543945179 1449991543945254 1449991543945436 1449991543945462
1449991543995158 1449991543995229 1449991543995327 1449991543995383
1449991544045179 1449991544045249 1449991544045431 1449991544045499
1449991544095176 1449991544095246 1449991544095381 1449991544095532
1449991544145210 1449991544145300 1449991544145527 1449991544145604
1449991544195183 1449991544195255 1449991544195370 1449991544195395
1449991544245171 1449991544245231 1449991544245340 1449991544245381
1449991544295222 1449991544295313 1449991544295494 1449991544295546
1449991544345162 1449991544345222 1449991544345314 1449991544345351
1449991544395161 1449991544395218 1449991544395316 1449991544395359
1449991544445165 1449991544445222 1449991544445318 1449991544445365
1449991544495180 1449991544495260 1449991544495385 1449991544495426
1449991544545166 1449991544545222 1449991544545321 1449991544545358
1449991544595207 1449991544595293 1449991544595423 1449991544595476
1449991544645166 1449991544645197 1449991544645294 1449991544645330
1449991544695163 1449991544695228 1449991544695331 1449991544695371
1449991544745161 1449991544745217 1449991544745316 1449991544745356
1449991544795161 1449991544795218 1449991544795306 1449991544795344
1449991544845162 1449991544845229 1449991544845374 1449991544845419
1449991544895216 1449991544895308 1449991544895510 1449991544895588
1449991544945169 1449991544945202 1449991544945300 1449991544945335
1449991544995181 1449991544995267 1449991545034359 1449991544995491
1449991545045187 1449991545045289 1449991545082410 1449991545045476
1449991545095177 1449991545095263 1449991545134407 1449991545095525
1449991545145218 1449991545145322 1449991545182331 1449991545145566
1449991545195170 1449991545195233 1449991545234338 1449991545195347
1449991545245163 1449991545245220 1449991545282336 1449991545245327
1449991545295165 1449991545295224 1449991545334336 1449991545295353
1449991545345181 1449991545345249 1449991545382329 1449991545345363
1449991545395195 1449991545395243 1449991545434327 1449991545395367
1449991545445181 1449991545445280 1449991545482409 1449991545445514
1449991545495180 1449991545495247 1449991545534357 1449991545495489
1449991545545199 1449991545545236 1449991545582374 1449991545545345
1449991545595184 1449991545595269 1449991545634358 1449991545595447
1449991545645188 1449991545645274 1449991545682389 1449991545645391
1449991545695203 1449991545695295 1449991545734415 1449991545695519
1449991545745212 1449991545745328 1449991545782328 1449991545745567
1449991545795191 1449991545795278 1449991545834404 1449991545795505
1449991545845220 1449991545845312 1449991545882409 1449991545845573
1449991545895187 1449991545895249 1449991545934324 1449991545895510
1449991545945195 1449991545945300 1449991545982338 1449991545945473
1449991545995173 1449991545995226 1449991546034329 1449991545995332
1449991546045161 1449991546045223 1449991546082365 1449991546045345
1449991546095163 1449991546095236 1449991546134406 1449991546095348
1449991546145182 1449991546145263 1449991546182369 1449991546145485
1449991546195187 1449991546195325 1449991546234388 1449991546195509
1449991546245167 1449991546245228 1449991546282393 1449991546245343
1449991546295181 1449991546295267 1449991546334368 1449991546295435
1449991546345184 1449991546345267 1449991546382420 1449991546345470
1449991546395167 1449991546395225 1449991546434328 1449991546395344
1449991546445183 1449991546445281 1449991546482330 1449991546445497
1449991546495178 1449991546495263 1449991546534331 1449991546495452
1449991546545174 1449991546545254 1449991546582414 1449991546545464
1449991546595189 1449991546595278 1449991546634420 1449991546595529
1449991546645207 1449991546645299 1449991546682331 1449991546645548
1449991546695224 1449991546695381 1449991546734420 1449991546695548
1449991546745235 1449991546745332 1449991546782384 1449991546745586
1449991546795173 1449991546795240 1449991546834327 1449991546795346
1449991546845162 1449991546845216 1449991546882316 1449991546845311
1449991546895161 1449991546895193 1449991546934330 1449991546895291
1449991546945186 1449991546945221 1449991546982322 1449991546945334
1449991546995164 1449991546995227 1449991547034331 1449991546995338
1449991547045159 1449991547045217 1449991547082330 1449991547045325
1449991547095164 1449991547095217 1449991547134370 1449991547095313
1449991547145180 1449991547145281 1449991547182389 1449991547145469
1449991547195175 1449991547195256 1449991547234383 1449991547195437
1449991547245177 1449991547245235 1449991547282353 1449991547245426
1449991547295166 1449991547295203 1449991547334399 1449991547295313
1449991547345180 1449991547345243 1449991547382407 1449991547345439
1449991547395189 1449991547395249 1449991547434369 1449991547395468
1449991547445194 1449991547445271 1449991547482422 1449991547445498
1449991547495221 1449991547495311 1449991547534394 1449991547495561
1449991547545214 1449991547545279 1449991547582380 1449991547545532
1449991547595190 1449991547595271 1449991547634422 1449991547595455
1449991547645180 1449991547645250 1449991547682372 1449991547645519
1449991547695182 1449991547695246 1449991547734332 1449991547695496
1449991547745178 1449991547745264 1449991547782419 1449991547745503
1449991547795189 1449991547795281 1449991547834394 1449991547795555
1449991547845176 1449991547845292 1449991547882418 1449991547845576
1449991547895191 1449991547895282 1449991547934327 1449991547895535
1449991547945164 1449991547945221 1449991547982402 1449991547945331
1449991547995204 1449991547995296 1449991548034416 1449991547995577
1449991548045223 1449991548045315 1449991548082376 1449991548045568
1449991548095165 1449991548095196 1449991548134385 1449991548095290
1449991548145183 1449991548145218 1449991548182328 1449991548145319
1449991548195186 1449991548195297 1449991548234409 1449991548195541
1449991548245198 1449991548245294 1449991548282402 1449991548245553
1449991548295232 1449991548295322 1449991548334350 1449991548295568
1449991548345173 1449991548345233 1449991548382388 1449991548345411
1449991548395228 1449991548395319 1449991548434370 1449991548395570
1449991548445167 1449991548445222 1449991548482325 1449991548445332
1449991548495163 1449991548495218 1449991548534323 1449991548495360
1449991548545180 1449991548545255 1449991548582327 1449991548545392
1449991548595186 1449991548595272 1449991548634365 1449991548595480
1449991548645165 1449991548645194 1449991548682393 1449991548645305
1449991548695214 1449991548695304 1449991548734388 1449991548695533
1449991548745187 1449991548745277 1449991548782335 1449991548745528
1449991548795190 1449991548795262 1449991548834368 1449991548795524
1449991548845171 1449991548845234 1449991548882399 1449991548845466
1449991548895223 1449991548895353 1449991548934410 1449991548895625
1449991548945225 1449991548945313 1449991548982376 1449991548945564
1449991548995174 1449991548995237 1449991549034407 1449991548995357
1449991549045212 1449991549045304 1449991549082433 1449991549045561
1449991549095222 1449991549095312 1449991549134367 1449991549095590
1449991549145185 1449991549145258 1449991549182355 1449991549145445
1449991549195178 1449991549195246 1449991549234408 1449991549195425
1449991549245220 1449991549245343 1449991549282412 1449991549245595
1449991549295225 1449991549295315 1449991549334370 1449991549295561
1449991549345186 1449991549345261 1449991549382343 1449991549345443
1449991549395179 1449991549395242 1449991549434349 1449991549395407
1449991549445202 1449991549445265 1449991549482407 1449991549445544
1449991549495224 1449991549495315 1449991549534362 1449991549495560
1449991549545186 1449991549545257 1449991549582359 1449991549545437
1449991549595177 1449991549595271 1449991549634347 1449991549595446
1449991549645174 1449991549645237 1449991549682352 1449991549645410
1449991549695221 1449991549695312 1449991549734426 1449991549695547
1449991549745222 1449991549745313 1449991549782362 1449991549745548
1449991549795228 1449991549795319 1449991549834388 1449991549795563
1449991549845201 1449991549845291 1449991549882359 1449991549845544
1449991549895183 1449991549895253 1449991549934347 1449991549895421
1449991549945175 1449991549945255 1449991549982359 1449991549945415
1449991549995174 1449991549995246 1449991550034409 1449991549995416
1449991550045172 1449991550045239 1449991550082419 1449991550045520
1449991550095222 1449991550095312 1449991550134370 1449991550095569
1449991550145223 1449991550145314 1449991550182405 1449991550145564
1449991550195222 1449991550195314 1449991550234421 1449991550195545
1449991550245226 1449991550245317 1449991550282432 1449991550245605
1449991550295227 1449991550295342 1449991550334426 1449991550295644
1449991550345231 1449991550345323 1449991550382392 1449991550345554
1449991550395228 1449991550395326 1449991550434375 1449991550395572
1449991550445214 1449991550445305 1449991550482368 1449991550445567
1449991550495189 1449991550495269 1449991550534354 1449991550495470
1449991550545179 1449991550545215 1449991550582321 1449991550545382
1449991550595177 1449991550595247 1449991550634373 1449991550595407
1449991550645173 1449991550645570 1449991550682397 1449991550645833
1449991550695190 1449991550695274 1449991550734342 1449991550695474
1449991550745181 1449991550745244 1449991550782392 1449991550745441
1449991550795204 1449991550795296 1449991550834374 1449991550795533
1449991550845163 1449991550845221 1449991550882382 1449991550845315
1449991550895199 1449991550895289 1449991550934404 1449991550895573
1449991550945180 1449991550945269 1449991550982338 1449991550945476
1449991550995223 1449991550995314 1449991551034385 1449991550995599
1449991551045182 1449991551045266 1449991551082362 1449991551045460
1449991551095185 1449991551095270 1449991551134338 1449991551095511
1449991551145172 1449991551145229 1449991551182335 1449991551145339
1449991551195168 1449991551195243 1449991551234328 1449991551195405
1449991551245164 1449991551245216 1449991551282328 1449991551245336
1449991551295162 1449991551295217 1449991551334337 1449991551295356
1449991551345165 1449991551345216 1449991551382338 1449991551345337
1449991551395160 1449991551395213 1449991551434394 1449991551395316
1449991551445187 1449991551445278 1449991551482395 1449991551445561
1449991551495180 1449991551495270 1449991551534368 1449991551495518
1449991551545180 1449991551545252 1449991551582356 1449991551545439
1449991551595168 1449991551595254 1449991551634358 1449991551595445
1449991551645177 1449991551645243 1449991551682407 1449991551645452
1449991551695169 1449991551695257 1449991551734334 1449991551695483
1449991551745170 1449991551745225 1449991551782338 1449991551745335
1449991551795156 1449991551795218 1449991551834334 1449991551795334
1449991551845163 1449991551845218 1449991551882331 1449991551845329
1449991551895156 1449991551895211 1449991551934378 1449991551895352
1449991551945163 1449991551945241 1449991551982335 1449991551945350
1449991551995194 1449991551995259 1449991552034338 1449991551995475
1449991552045172 1449991552045229 1449991552082334 1449991552045351
1449991552095176 1449991552095251 1449991552134369 1449991552095431
1449991552145172 1449991552145240 1449991552182396 1449991552145404
1449991552195184 1449991552195266 1449991552234354 1449991552195478
1449991552245178 1449991552245242 1449991552282328 1449991552245415
1449991552295181 1449991552295288 1449991552334357 1449991552295479
1449991552345202 1449991552345293 1449991552382426 1449991552345558
1449991552395193 1449991552395269 1449991552434401 1449991552395484
1449991552445210 1449991552445278 1449991552482415 1449991552445520
1449991552495218 1449991552495319 1449991552534381 1449991552495587
1449991552545165 1449991552545224 1449991552582407 1449991552545333
1449991552595188 1449991552595244 1449991552634355 1449991552595426
1449991552645171 1449991552645238 1449991552682330 1449991552645367
1449991552695166 1449991552695222 1449991552734333 1449991552695331
1449991552745165 1449991552745221 1449991552782325 1449991552745333
1449991552795182 1449991552795270 1449991552834329 1449991552795475
1449991552845169 1449991552845225 1449991552882373 1449991552845343
1449991552895163 1449991552895222 1449991552934330 1449991552895339
1449991552945166 1449991552945221 1449991552982332 1449991552945329
1449991552995164 1449991552995230 1449991553034359 1449991552995346
1449991553045163 1449991553045218 1449991553082367 1449991553045330
1449991553095164 1449991553095200 1449991553134363 1449991553095313
1449991553145182 1449991553145265 1449991553182407 1449991553145436
1449991553195209 1449991553195301 1449991553234330 1449991553195578
1449991553245170 1449991553245204 1449991553282363 1449991553245314
1449991553295182 1449991553295265 1449991553334337 1449991553295425
1449991553345178 1449991553345279 1449991553382342 1449991553345465
1449991553395171 1449991553395235 1449991553434366 1449991553395356
1449991553445204 1449991553445280 1449991553482347 1449991553445430
1449991553495171 1449991553495228 1449991553534331 1449991553495346
1449991553545159 1449991553545216 1449991553582319 1449991553545331
1449991553595157 1449991553595194 1449991553634322 1449991553595298
1449991553645160 1449991553645221 1449991553682345 1449991553645374
1449991553695168 1449991553695238 1449991553734331 1449991553695365
1449991553745165 1449991553745224 1449991553782329 1449991553745352
1449991553795165 1449991553795197 1449991553834321 1449991553795294
1449991553845159 1449991553845216 1449991553882327 1449991553845318
1449991553895162 1449991553895217 1449991553934332 1449991553895322
1449991553945157 1449991553945216 1449991553982349 1449991553945321
1449991553995160 1449991553995218 1449991554034333 1449991553995327
1449991554045181 1449991554045227 1449991554082331 1449991554045363
1449991554095163 1449991554095200 1449991554134331 1449991554095310
1449991554145163 1449991554145200 1449991554182329 1449991554145336
1449991554195164 1449991554195219 1449991554234329 1449991554195324
1449991554245163 1449991554245219 1449991554282327 1449991554245324
1449991554295158 1449991554295212 1449991554334328 1449991554295325
1449991554345158 1449991554345219 1449991554382338 1449991554345331
1449991554395163 1449991554395235 1449991554434396 1449991554395344
1449991554445202 1449991554445288 1449991554482364 1449991554445523
1449991554495181 1449991554495253 1449991554534328 1449991554495414
1449991554545166 1449991554545203 1449991554582334 1449991554545315
1449991554595178 1449991554595220 1449991554634348 1449991554595360
1449991554645180 1449991554645223 1449991554682325 1449991554645385
1449991554695212 1449991554695302 1449991554734384 1449991554695561
1449991554745171 1449991554745248 1449991554782423 1449991554745352
1449991554795165 1449991554795223 1449991554834403 1449991554795337
1449991554845202 1449991554845276 1449991554882366 1449991554845500
1449991554895201 1449991554895290 1449991554934359 1449991554895481
1449991554945169 1449991554945223 1449991554982370 1449991554945327
1449991554995179 1449991554995265 1449991555034336 1449991554995459
1449991555045187 1449991555045236 1449991555082331 1449991555045440
1449991555095167 1449991555095212 1449991555134393 1449991555095326
1449991555145203 1449991555145297 1449991555182373 1449991555145556
1449991555195219 1449991555195311 1449991555234334 1449991555195572
1449991555245169 1449991555245203 1449991555282318 1449991555245352
1449991555295174 1449991555295213 1449991555334357 1449991555295378
1449991555345180 1449991555345234 1449991555382338 1449991555345408
1449991555395167 1449991555395224 1449991555434333 1449991555395367
1449991555445171 1449991555445275 1449991555482335 1449991555445464
1449991555495173 1449991555495233 1449991555534380 1449991555495350
1449991555545164 1449991555545216 1449991555582334 1449991555545331
1449991555595163 1449991555595211 1449991555634351 1449991555595349
1449991555645183 1449991555645220 1449991555682414 1449991555645360
1449991555695221 1449991555695290 1449991555734405 1449991555695508
1449991555745210 1449991555745300 1449991555782375 1449991555745453
1449991555795178 1449991555795227 1449991555834377 1449991555795348
1449991555845164 1449991555845207 1449991555882425 1449991555845366
1449991555895198 1449991555895265 1449991555934341 1449991555895516
1449991555945170 1449991555945209 1449991555982358 1449991555945326
1449991555995183 1449991555995240 1449991556034344 1449991555995424
1449991556045180 1449991556045243 1449991556082338 1449991556045406
1449991556095185 1449991556095218 1449991556134353 1449991556095319
1449991556145205 1449991556145321 1449991556182399 1449991556145574
1449991556195176 1449991556195264 1449991556234393 1449991556195433
1449991556245179 1449991556245220 1449991556282396 1449991556245385
1449991556295171 1449991556295230 1449991556334331 1449991556295350
1449991556345158 1449991556345191 1449991556382336 1449991556345296
1449991556395205 1449991556395300 1449991556434426 1449991556395569
1449991556445345 1449991556445440 1449991556482370 1449991556445710
1449991556495227 1449991556495349 1449991556534359 1449991556495492
1449991556545168 1449991556545240 1449991556582351 1449991556545416
1449991556595159 1449991556595192 1449991556634334 1449991556595334
1449991556645156 1449991556645185 1449991556682332 1449991556645330
1449991556695156 1449991556695188 1449991556734341 1449991556695367
1449991556745168 1449991556745213 1449991556782338 1449991556745407
1449991556795222 1449991556795330 1449991556834411 1449991556795614
1449991556845188 1449991556845308 1449991556882346 1449991556845538
1449991556895171 1449991556895212 1449991556934323 1449991556895374
1449991556945161 1449991556945226 1449991556982347 1449991556945439
1449991556995178 1449991556995268 1449991557034334 1449991556995480
1449991557045194 1449991557045226 1449991557082343 1449991557045348
1449991557095169 1449991557095236 1449991557134328 1449991557095404
1449991557145171 1449991557145237 1449991557182332 1449991557145376
1449991557195180 1449991557195224 1449991557234354 1449991557195348
1449991557245170 1449991557245228 1449991557282335 1449991557245359
1449991557295162 1449991557295217 1449991557334329 1449991557295322
1449991557345156 1449991557345220 1449991557382332 1449991557345327
1449991557395163 1449991557395217 1449991557434342 1449991557395322
1449991557445189 1449991557445228 1449991557482416 1449991557445359
1449991557495210 1449991557495278 1449991557534365 1449991557495546
1449991557545180 1449991557545262 1449991557582361 1449991557545459
1449991557595175 1449991557595243 1449991557634356 1449991557595424
1449991557645175 1449991557645243 1449991557682357 1449991557645424
1449991557695183 1449991557695248 1449991557734353 1449991557695436
1449991557745177 1449991557745247 1449991557782341 1449991557745433
1449991557795234 1449991557795323 1449991557834390 1449991557795575
1449991557845184 1449991557845234 1449991557882433 1449991557845403
1449991557895222 1449991557895318 1449991557934374 1449991557895581
1449991557945212 1449991557945302 1449991557982427 1449991557945559
1449991557995182 1449991557995273 1449991558034390 1449991557995507
1449991558045175 1449991558045257 1449991558082337 1449991558045465
1449991558095177 1449991558095257 1449991558134355 1449991558095446
1449991558145192 1449991558145282 1449991558182420 1449991558145534
1449991558195238 1449991558195329 1449991558234424 1449991558195575
1449991558245188 1449991558245281 1449991558282340 1449991558245500
1449991558295193 1449991558295284 1449991558334391 1449991558295534
1449991558345180 1449991558345265 1449991558382408 1449991558345467
1449991558395185 1449991558395272 1449991558434386 1449991558395490
1449991558445194 1449991558445286 1449991558482412 1449991558445546
1449991558495223 1449991558495311 1449991558534375 1449991558495544
1449991558545191 1449991558545268 1449991558582402 1449991558545438
1449991558595207 1449991558595279 1449991558634333 1449991558595533
1449991558645196 1449991558645277 1449991558682411 1449991558645483
1449991558695192 1449991558695284 1449991558734396 1449991558695538
1449991558745195 1449991558745283 1449991558782428 1449991558745496
1449991558795238 1449991558795327 1449991558834426 1449991558795587
1449991558845196 1449991558845287 1449991558882407 1449991558845548
1449991558895225 1449991558895316 1449991558934426 1449991558895558
1449991558945185 1449991558945282 1449991558982397 1449991558945540
1449991558995212 1449991558995302 1449991559034405 1449991558995547
1449991559045166 1449991559045201 1449991559082376 1449991559045315
1449991559095180 1449991559095231 1449991559134350 1449991559095387
1449991559145181 1449991559145246 1449991559182344 1449991559145429
1449991559195176 1449991559195240 1449991559234349 1449991559195380
1449991559245213 1449991559245280 1449991559282373 1449991559245503
1449991559295196 1449991559295292 1449991559334363 1449991559295547
1449991559345181 1449991559345254 1449991559382340 1449991559345436
1449991559395186 1449991559395249 1449991559434383 1449991559395420
1449991559445204 1449991559445289 1449991559482383 1449991559445532
1449991559495210 1449991559495297 1449991559534364 1449991559495542
1449991559545183 1449991559545254 1449991559582323 1449991559545429
1449991559595164 1449991559595204 1449991559634359 1449991559595335
1449991559645177 1449991559645267 1449991559682337 1449991559645467
1449991559695171 1449991559695229 1449991559734337 1449991559695351
1449991559745167 1449991559745228 1449991559782330 1449991559745338
1449991559795168 1449991559795228 1449991559834333 1449991559795373
1449991559845169 1449991559845232 1449991559882342 1449991559845356
1449991559895220 1449991559895309 1449991559934370 1449991559895554
1449991559945183 1449991559945223 1449991559982330 1449991559945374
1449991559995177 1449991559995213 1449991560034353 1449991559995368
1449991560045177 1449991560045245 1449991560082373 1449991560045422
1449991560095183 1449991560095262 1449991560134339 1449991560095451
1449991560145176 1449991560145257 1449991560182338 1449991560145458
1449991560195202 1449991560195288 1449991560234352 1449991560195421
1449991560245166 1449991560245202 1449991560282328 1449991560245302
1449991560295164 1449991560295220 1449991560334365 1449991560295334
1449991560345159 1449991560345195 1449991560382365 1449991560345304
1449991560395164 1449991560395199 1449991560434382 1449991560395351
1449991560445170 1449991560445235 1449991560482432 1449991560445471
1449991560495221 1449991560495288 1449991560534380 1449991560495541
1449991560545190 1449991560545246 1449991560582382 1449991560545438
1449991560595187 1449991560595243 1449991560634361 1449991560595454
1449991560645166 1449991560645200 1449991560682316 1449991560645311
1449991560695165 1449991560695222 1449991560734326 1449991560695338
1449991560745165 1449991560745199 1449991560782329 1449991560745310
1449991560795163 1449991560795196 1449991560834328 1449991560795304
1449991560845163 1449991560845196 1449991560882408 1449991560845309
1449991560895197 1449991560895265 1449991560934375 1449991560895515
1449991560945217 1449991560945286 1449991560982398 1449991560945432
1449991560995176 1449991560995229 1449991561034411 1449991560995363
1449991561045175 1449991561045239 1449991561082401 1449991561045399
1449991561095175 1449991561095224 1449991561134420 1449991561095335
1449991561145194 1449991561145257 1449991561182350 1449991561145517
1449991561195184 1449991561195225 1449991561234329 1449991561195386
1449991561245151 1449991561245193 1449991561282354 1449991561245281
1449991561295150 1449991561295201 1449991561334366 1449991561295301
1449991561345181 1449991561345249 1449991561382325 1449991561345427
1449991561395167 1449991561395205 1449991561434326 1449991561395313
1449991561445164 1449991561445197 1449991561482335 1449991561445305
1449991561495164 1449991561495229 1449991561534326 1449991561495378
1449991561545125 1449991561545162 1449991561582369 1449991561545333
1449991561595205 1449991561595295 1449991561634394 1449991561595528
1449991561645195 1449991561645284 1449991561682362 1449991561645536
1449991561695185 1449991561695266 1449991561734411 1449991561695476
1449991561745191 1449991561745278 1449991561782400 1449991561745501
1449991561795193 1449991561795247 1449991561834368 1449991561795427
1449991561845195 1449991561845274 1449991561882393 1449991561845535
1449991561895193 1449991561895243 1449991561934388 1449991561895377
1449991561945173 1449991561945209 1449991561982390 1449991561945313
1449991561995214 1449991561995302 1449991562034406 1449991561995546
1449991562045207 1449991562045303 1449991562082403 1449991562045538
1449991562095202 1449991562095300 1449991562134332 1449991562095514
1449991562145178 1449991562145216 1449991562182344 1449991562145361
1449991562195167 1449991562195230 1449991562234329 1449991562195352
1449991562245176 1449991562245246 1449991562282332 1449991562245373
1449991562295167 1449991562295231 1449991562334412 1449991562295344
1449991562345209 1449991562345305 1449991562382337 1449991562345529
1449991562395191 1449991562395278 1449991562434332 1449991562395478
1449991562445170 1449991562445236 1449991562482398 1449991562445356
1449991562495209 1449991562495304 1449991562534396 1449991562495546
1449991562545227 1449991562545316 1449991562582335 1449991562545561
1449991562595171 1449991562595235 1449991562634396 1449991562595350
1449991562645177 1449991562645244 1449991562682407 1449991562645403
1449991562695202 1449991562695294 1449991562734336 1449991562695573
1449991562745211 1449991562745301 1449991562782378 1449991562745530
1449991562795228 1449991562795331 1449991562834366 1449991562795581
1449991562845170 1449991562845204 1449991562882373 1449991562845316
1449991562895167 1449991562895224 1449991562934396 1449991562895332
1449991562945186 1449991562945265 1449991562982338 1449991562945477
1449991562995171 1449991562995233 1449991563034381 1449991562995350
1449991563045168 1449991563045204 1449991563082329 1449991563045375
1449991563095167 1449991563095224 1449991563134330 1449991563095341
1449991563145168 1449991563145207 1449991563182329 1449991563145318
1449991563195168 1449991563195206 1449991563234330 1449991563195313
1449991563245163 1449991563245199 1449991563282345 1449991563245340
1449991563295177 1449991563295265 1449991563334403 1449991563295439
1449991563345218 1449991563345306 1449991563382397 1449991563345512
1449991563395175 1449991563395241 1449991563434377 1449991563395368
1449991563445189 1449991563445277 1449991563482398 1449991563445455
1449991563495225 1449991563495300 1449991563534374 1449991563495570
1449991563545174 1449991563545238 1449991563582368 1449991563545350
1449991563595186 1449991563595267 1449991563634343 1449991563595425
1449991563645173 1449991563645239 1449991563682377 1449991563645383
1449991563695167 1449991563695230 1449991563734376 1449991563695340
1449991563745187 1449991563745267 1449991563782355 1449991563745423
1449991563795182 1449991563795247 1449991563834332 1449991563795385
