1449991655210023 1449991655210126 1449991655210397 1449991655210439
1449991655260022 1449991655260076 1449991655260208 1449991655260240
1449991655310029 1449991655310162 1449991655310448 1449991655310512
1449991655360032 1449991655360134 1449991655360280 1449991655360311
1449991655410023 1449991655410110 1449991655410368 1449991655410419
1449991655460022 1449991655460082 1449991655460196 1449991655460238
1449991655510008 1449991655510085 1449991655510213 1449991655510255
1449991655560066 1449991655560156 1449991655560484 1449991655560552
1449991655610065 1449991655610157 1449991655610489 1449991655610620
1449991655660008 1449991655660045 1449991655660200 1449991655660243
1449991655710027 1449991655710087 1449991655710370 1449991655710416
1449991655760037 1449991655760124 1449991655760370 1449991655760431
1449991655810069 1449991655810161 1449991655810479 1449991655810557
1449991655860071 1449991655860198 1449991655860503 1449991655860608
1449991655910072 1449991655910164 1449991655910444 1449991655910518
1449991655960071 1449991655960164 1449991655960489 1449991655960580
1449991656010070 1449991656010163 1449991656010489 1449991656010580
1449991656060063 1449991656060164 1449991656060475 1449991656060553
1449991656110038 1449991656110136 1449991656110483 1449991656110585
1449991656160022 1449991656160103 1449991656160242 1449991656160258
1449991656210031 1449991656210143 1449991656210284 1449991656210323
1449991656260021 1449991656260106 1449991656260256 1449991656260295
1449991656310028 1449991656310112 1449991656310268 1449991656310304
1449991656360015 1449991656360090 1449991656360264 1449991656360317
1449991656410066 1449991656410162 1449991656410462 1449991656410579
1449991656460037 1449991656460123 1449991656460343 1449991656460815
1449991656510080 1449991656510168 1449991656510505 1449991656510585
1449991656560075 1449991656560195 1449991656560429 1449991656560475
1449991656610037 1449991656610129 1449991656610380 1449991656610457
1449991656660036 1449991656660136 1449991656660482 1449991656660577
1449991656710072 1449991656710157 1449991656710355 1449991656710423
1449991656760025 1449991656760105 1449991656760316 1449991656760376
1449991656810037 1449991656810129 1449991656810459 1449991656810548
1449991656860024 1449991656860104 1449991656860317 1449991656860375
1449991656910038 1449991656910159 1449991656910457 1449991656910530
1449991656960072 1449991656960167 1449991656960432 1449991656960506
1449991657010029 1449991657010069 1449991657010302 1449991657010366
1449991657060009 1449991657060036 1449991657060218 1449991657060264
1449991657110023 1449991657110056 1449991657110223 1449991657110310
1449991657160070 1449991657160161 1449991657160439 1449991657160509
1449991657210080 1449991657210170 1449991657210507 1449991657210587
1449991657260073 1449991657260192 1449991657260481 1449991657260554
1449991657310012 1449991657310045 1449991657310237 1449991657310308
1449991657360002 1449991657360028 1449991657360211 1449991657360263
1449991657410023 1449991657410061 1449991657410264 1449991657410330
1449991657460066 1449991657460154 1449991657460423 1449991657460518
1449991657510034 1449991657510135 1449991657510388 1449991657510478
1449991657560040 1449991657560133 1449991657560381 1449991657560453
1449991657610038 1449991657610111 1449991657610234 1449991657610269
1449991657660027 1449991657660062 1449991657660216 1449991657660241
1449991657710066 1449991657710165 1449991657710474 1449991657710553
1449991657760072 1449991657760163 1449991657760434 1449991657760503
1449991657810029 1449991657810065 1449991657810227 1449991657810325
1449991657860024 1449991657860051 1449991657860216 1449991657860272
1449991657910021 1449991657910046 1449991657910209 1449991657910265
1449991657960002 1449991657960045 1449991657960218 1449991657960265
1449991658010008 1449991658010063 1449991658010209 1449991658010246
1449991658060024 1449991658060062 1449991658060263 1449991658060314
1449991658110068 1449991658110156 1449991658110481 1449991658110580
1449991658160014 1449991658160088 1449991658160312 1449991658160356
1449991658210018 1449991658210077 1449991658210229 1449991658210264
1449991658260068 1449991658260158 1449991658260494 1449991658260562
1449991658310012 1449991658310084 1449991658310235 1449991658310322
1449991658360021 1449991658360095 1449991658360299 1449991658360378
1449991658410066 1449991658410166 1449991658410499 1449991658410595
1449991658460034 1449991658460117 1449991658460325 1449991658460401
1449991658510016 1449991658510071 1449991658510208 1449991658510254
1449991658560010 1449991658560064 1449991658560200 1449991658560245
1449991658610023 1449991658610110 1449991658610361 1449991658610434
1449991658660013 1449991658660087 1449991658660226 1449991658660270
1449991658710061 1449991658710150 1449991658710465 1449991658710553
1449991658760026 1449991658760109 1449991658760355 1449991658760432
1449991658810034 1449991658810117 1449991658810358 1449991658810414
1449991658860029 1449991658860094 1449991658860299 1449991658860369
1449991658910041 1449991658910136 1449991658910438 1449991658910723
1449991658960033 1449991658960106 1449991658960343 1449991658960393
1449991659010023 1449991659010137 1449991659010400 1449991659010431
1449991659060031 1449991659060114 1449991659060360 1449991659060423
1449991659110072 1449991659110170 1449991659110490 1449991659110589
1449991659160029 1449991659160104 1449991659160290 1449991659160344
1449991659210070 1449991659210160 1449991659210488 1449991659210575
1449991659260020 1449991659260109 1449991659260401 1449991659260503
1449991659310073 1449991659310166 1449991659310469 1449991659310565
1449991659360037 1449991659360136 1449991659360383 1449991659360446
1449991659410037 1449991659410093 1449991659410221 1449991659410257
1449991659460011 1449991659460065 1449991659460164 1449991659460208
1449991659510011 1449991659510069 1449991659510189 1449991659510222
1449991659560010 1449991659560044 1449991659560190 1449991659560228
1449991659610008 1449991659610065 1449991659610197 1449991659610229
1449991659660016 1449991659660066 1449991659660210 1449991659660246
1449991659710027 1449991659710088 1449991659710318 1449991659710366
1449991659760008 1449991659760034 1449991659760236 1449991659760305
1449991659810005 1449991659810033 1449991659810220 1449991659810304
1449991659860027 1449991659860072 1449991659860268 1449991659860365
1449991659910073 1449991659910173 1449991659910484 1449991659910576
1449991659960034 1449991659960081 1449991659960295 1449991659960363
1449991660010032 1449991660010073 1449991660010259 1449991660010341
1449991660060028 1449991660060077 1449991660060250 1449991660060306
1449991660110021 1449991660110049 1449991660110199 1449991660110243
1449991660160025 1449991660160099 1449991660160308 1449991660160362
1449991660210021 1449991660210050 1449991660210233 1449991660210293
1449991660260029 1449991660260098 1449991660260268 1449991660260304
1449991660310014 1449991660310084 1449991660310250 1449991660310296
1449991660360036 1449991660360088 1449991660360327 1449991660360384
1449991660410069 1449991660410188 1449991660410535 1449991660410622
1449991660460038 1449991660460087 1449991660460266 1449991660460367
1449991660510071 1449991660510163 1449991660510510 1449991660510572
1449991660560031 1449991660560071 1449991660560297 1449991660560347
1449991660610013 1449991660610043 1449991660610250 1449991660610334
1449991660660023 1449991660660053 1449991660660272 1449991660660352
1449991660710032 1449991660710082 1449991660710369 1449991660710435
1449991660760028 1449991660760079 1449991660760301 1449991660760356
1449991660810018 1449991660810101 1449991660810357 1449991660810416
1449991660860024 1449991660860092 1449991660860307 1449991660860387
1449991660910014 1449991660910046 1449991660910255 1449991660910344
1449991660960013 1449991660960040 1449991660960224 1449991660960301
1449991661010006 1449991661010032 1449991661010191 1449991661010255
1449991661060023 1449991661060048 1449991661060220 1449991661060273
1449991661110012 1449991661110084 1449991661110235 1449991661110269
1449991661160007 1449991661160070 1449991661160290 1449991661160358
1449991661210029 1449991661210082 1449991661210205 1449991661210301
1449991661260030 1449991661260086 1449991661260307 1449991661260355
1449991661310034 1449991661310088 1449991661310316 1449991661310391
1449991661360033 1449991661360114 1449991661360308 1449991661360372
1449991661410039 1449991661410137 1449991661410446 1449991661410534
1449991661460075 1449991661460191 1449991661460433 1449991661461197
1449991661510015 1449991661510049 1449991661510164 1449991661510196
1449991661560023 1449991661560104 1449991661560342 1449991661560404
1449991661610068 1449991661610159 1449991661610536 1449991661610614
1449991661660013 1449991661660086 1449991661660316 1449991661660359
1449991661710026 1449991661710108 1449991661710368 1449991661710424
1449991661760019 1449991661760079 1449991661760236 1449991661760275
1449991661810028 1449991661810177 1449991661810448 1449991661810526
1449991661860039 1449991661860129 1449991661860417 1449991661860496
1449991661910070 1449991661910185 1449991661910502 1449991661910591
1449991661960063 1449991661960151 1449991661960423 1449991661960484
1449991662010028 1449991662010124 1449991662010416 1449991662010508
1449991662060016 1449991662060043 1449991662060164 1449991662060207
1449991662110001 1449991662110053 1449991662110159 1449991662110198
1449991662160025 1449991662160139 1449991662160277 1449991662160318
1449991662210026 1449991662210090 1449991662210223 1449991662210258
1449991662260012 1449991662260070 1449991662260209 1449991662260250
1449991662310008 1449991662310040 1449991662310159 1449991662310207
1449991662360029 1449991662360117 1449991662360365 1449991662360437
1449991662410032 1449991662410115 1449991662410373 1449991662410481
1449991662460032 1449991662460135 1449991662460344 1449991662460399
1449991662510028 1449991662510131 1449991662510349 1449991662510403
1449991662560031 1449991662560082 1449991662560324 1449991662560395
1449991662610013 1449991662610070 1449991662610209 1449991662610247
1449991662660009 1449991662660067 1449991662660206 1449991662660242
1449991662710029 1449991662710112 1449991662710364 1449991662710696
1449991662760023 1449991662760108 1449991662760350 1449991662760400
1449991662810030 1449991662810115 1449991662810376 1449991662810447
1449991662860027 1449991662860098 1449991662860307 1449991662860358
1449991662910135 1449991662910208 1449991662910494 1449991662910534
1449991662960025 1449991662960084 1449991662960323 1449991662960383
1449991663010068 1449991663010144 1449991663010406 1449991663010498
1449991663060034 1449991663060093 1449991663060336 1449991663060410
1449991663110030 1449991663110095 1449991663110418 1449991663110503
1449991663160039 1449991663160094 1449991663160312 1449991663160380
1449991663210021 1449991663210084 1449991663210248 1449991663210319
1449991663260065 1449991663260132 1449991663260437 1449991663260517
1449991663310016 1449991663310053 1449991663310180 1449991663310220
1449991663360051 1449991663360115 1449991663360356 1449991663360420
1449991663410048 1449991663410115 1449991663410430 1449991663410503
1449991663460073 1449991663460162 1449991663460415 1449991663460869
1449991663510024 1449991663510098 1449991663510316 1449991663510418
1449991663560011 1449991663560076 1449991663560217 1449991663560256
1449991663610054 1449991663610135 1449991663610403 1449991663610475
1449991663660075 1449991663660158 1449991663660466 1449991663660556
1449991663710019 1449991663710093 1449991663710316 1449991663710383
1449991663760071 1449991663760168 1449991663760485 1449991663760563
1449991663810073 1449991663810165 1449991663810467 1449991663810562
1449991663860016 1449991663860096 1449991663860349 1449991663860401
1449991663910006 1449991663910090 1449991663910325 1449991663910357
1449991663960001 1449991663960066 1449991663960275 1449991663960322
1449991664010002 1449991664010066 1449991664010285 1449991664010373
1449991664060002 1449991664060067 1449991664060273 1449991664060307
1449991664110000 1449991664110064 1449991664110252 1449991664110331
1449991664160001 1449991664160066 1449991664160299 1449991664160335
1449991664210001 1449991664210065 1449991664210287 1449991664210322
1449991664260021 1449991664260110 1449991664260328 1449991664260369
1449991664310064 1449991664310161 1449991664310492 1449991664310570
1449991664360077 1449991664360164 1449991664360455 1449991664360534
1449991664410030 1449991664410103 1449991664410306 1449991664410397
1449991664460025 1449991664460101 1449991664460262 1449991664460320
1449991664510067 1449991664510167 1449991664510513 1449991664510605
1449991664560036 1449991664560090 1449991664560269 1449991664560317
1449991664610063 1449991664610203 1449991664610523 1449991664610617
1449991664660028 1449991664660127 1449991664660434 1449991664660495
1449991664710050 1449991664710136 1449991664710392 1449991664710452
1449991664760072 1449991664760163 1449991664760425 1449991664760510
1449991664810054 1449991664810144 1449991664810404 1449991664810496
1449991664860073 1449991664860164 1449991664860460 1449991664860534
1449991664910077 1449991664910168 1449991664910506 1449991664910586
1449991664960071 1449991664960189 1449991664960452 1449991664960525
1449991665010039 1449991665010135 1449991665010386 1449991665010429
1449991665060074 1449991665060151 1449991665060424 1449991665060568
1449991665110074 1449991665110164 1449991665110459 1449991665110629
1449991665160035 1449991665160115 1449991665160313 1449991665160448
1449991665210025 1449991665210090 1449991665210341 1449991665210423
1449991665260032 1449991665260110 1449991665260301 1449991665260355
1449991665310072 1449991665310190 1449991665310495 1449991665310580
1449991665360041 1449991665360133 1449991665360383 1449991665360471
1449991665410016 1449991665410070 1449991665410293 1449991665410364
1449991665460010 1449991665460068 1449991665460184 1449991665460227
1449991665510027 1449991665510111 1449991665510357 1449991665510438
1449991665560074 1449991665560165 1449991665560476 1449991665560560
1449991665610034 1449991665610120 1449991665610371 1449991665610408
1449991665660034 1449991665660149 1449991665660404 1449991665660471
1449991665710072 1449991665710162 1449991665710489 1449991665710568
1449991665760029 1449991665760088 1449991665760368 1449991665760430
1449991665810021 1449991665810108 1449991665810336 1449991665810403
1449991665860039 1449991665860129 1449991665860442 1449991665860518
1449991665910069 1449991665910159 1449991665910484 1449991665910557
1449991665960037 1449991665960128 1449991665960519 1449991665960599
1449991666010075 1449991666010198 1449991666010514 1449991666010602
1449991666060071 1449991666060160 1449991666060472 1449991666060540
1449991666110033 1449991666110111 1449991666110336 1449991666110406
1449991666160025 1449991666160054 1449991666160244 1449991666160294
1449991666210022 1449991666210085 1449991666210310 1449991666210363
1449991666260021 1449991666260063 1449991666260263 1449991666260352
1449991666310023 1449991666310096 1449991666346402 1449991666310335
1449991666360072 1449991666360197 1449991666398457 1449991666360444
1449991666410072 1449991666410170 1449991666450391 1449991666410496
1449991666460020 1449991666460063 1449991666498456 1449991666460250
1449991666510067 1449991666510167 1449991666550419 1449991666510488
1449991666560013 1449991666560052 1449991666598403 1449991666560190
1449991666610026 1449991666610076 1449991666646365 1449991666610296
1449991666660011 1449991666660050 1449991666698342 1449991666660197
1449991666710004 1449991666710052 1449991666746392 1449991666710186
1449991666760031 1449991666760067 1449991666798458 1449991666760206
1449991666810056 1449991666810148 1449991666850400 1449991666810520
1449991666860031 1449991666860083 1449991666898444 1449991666860299
1449991666910032 1449991666910117 1449991666950414 1449991666910383
1449991666960057 1449991666960146 1449991666998407 1449991666960450
1449991667010039 1449991667010110 1449991667046453 1449991667010239
1449991667060071 1449991667060194 1449991667098359 1449991667060495
1449991667110040 1449991667110109 1449991667146403 1449991667110254
1449991667160023 1449991667160080 1449991667198365 1449991667160242
1449991667210018 1449991667210103 1449991667246352 1449991667210344
1449991667260027 1449991667260110 1449991667298361 1449991667260347
1449991667310048 1449991667310145 1449991667350397 1449991667310543
1449991667360022 1449991667360079 1449991667398399 1449991667360217
1449991667410027 1449991667410132 1449991667450387 1449991667410388
1449991667460075 1449991667460168 1449991667498391 1449991667460475
1449991667510027 1449991667510106 1449991667550407 1449991667510339
1449991667560041 1449991667560130 1449991667598460 1449991667560449
1449991667610066 1449991667610160 1449991667650363 1449991667610476
1449991667660033 1449991667660116 1449991667698464 1449991667660374
1449991667710071 1449991667710153 1449991667750397 1449991667710495
1449991667760049 1449991667760174 1449991667798457 1449991667760518
1449991667810071 1449991667810152 1449991667850459 1449991667810516
1449991667860074 1449991667860166 1449991667898422 1449991667860479
1449991667910030 1449991667910116 1449991667950446 1449991667910342
1449991667960036 1449991667960130 1449991667998444 1449991667960370
1449991668010058 1449991668010157 1449991668050364 1449991668010473
1449991668060028 1449991668060114 1449991668098452 1449991668060255
1449991668110058 1449991668110183 1449991668150462 1449991668110519
1449991668160074 1449991668160173 1449991668198426 1449991668160459
1449991668210072 1449991668210165 1449991668250405 1449991668210505
1449991668260033 1449991668260122 1449991668298442 1449991668260416
1449991668310070 1449991668310163 1449991668350363 1449991668310509
1449991668360056 1449991668360142 1449991668398353 1449991668360393
1449991668410027 1449991668410112 1449991668450423 1449991668410478
1449991668460038 1449991668460152 1449991668498436 1449991668460429
1449991668510076 1449991668510169 1449991668550358 1449991668510421
1449991668560043 1449991668560131 1449991668598365 1449991668560472
1449991668610038 1449991668610130 1449991668650418 1449991668610395
1449991668660077 1449991668660170 1449991668698386 1449991668660500
1449991668710031 1449991668710117 1449991668746449 1449991668710324
1449991668760073 1449991668760165 1449991668798410 1449991668760469
1449991668810073 1449991668810191 1449991668850398 1449991668810526
1449991668860017 1449991668860080 1449991668898468 1449991668860219
1449991668910021 1449991668910065 1449991668946380 1449991668910215
1449991668960069 1449991668960161 1449991668998457 1449991668960473
1449991669010070 1449991669010165 1449991669050396 1449991669010505
1449991669060073 1449991669060165 1449991669098454 1449991669060476
1449991669110030 1449991669110122 1449991669150462 1449991669110465
1449991669160037 1449991669160134 1449991669198446 1449991669160390
1449991669210064 1449991669210141 1449991669250376 1449991669210488
1449991669260025 1449991669260099 1449991669298407 1449991669260270
1449991669310018 1449991669310081 1449991669346433 1449991669310222
1449991669360074 1449991669360166 1449991669398442 1449991669360464
1449991669410038 1449991669410115 1449991669450404 1449991669410371
1449991669460015 1449991669460073 1449991669498443 1449991669460213
1449991669510022 1449991669510133 1449991669550443 1449991669510468
1449991669560024 1449991669560118 1449991669598464 1449991669560417
1449991669610034 1449991669610095 1449991669646424 1449991669610357
1449991669660045 1449991669660108 1449991669698425 1449991669660382
1449991669710078 1449991669710177 1449991669750455 1449991669710516
1449991669760074 1449991669760166 1449991669798470 1449991669760468
1449991669810037 1449991669810131 1449991669850399 1449991669810403
1449991669860059 1449991669860188 1449991669898453 1449991669860496
1449991669910075 1449991669910167 1449991669950397 1449991669910494
1449991669960031 1449991669960106 1449991669998385 1449991669960300
1449991670010071 1449991670010163 1449991670050462 1449991670010513
1449991670060076 1449991670060168 1449991670098451 1449991670060472
1449991670110075 1449991670110165 1449991670150407 1449991670110498
1449991670160077 1449991670160168 1449991670198399 1449991670160471
1449991670210034 1449991670210113 1449991670246326 1449991670210320
1449991670260011 1449991670260062 1449991670298328 1449991670260156
1449991670310006 1449991670310060 1449991670346350 1449991670310164
1449991670360014 1449991670360100 1449991670398333 1449991670360342
1449991670410012 1449991670410066 1449991670446400 1449991670410214
1449991670460067 1449991670460158 1449991670498357 1449991670460464
1449991670510070 1449991670510162 1449991670550386 1449991670510487
1449991670560016 1449991670560106 1449991670598415 1449991670560326
1449991670610067 1449991670610158 1449991670650453 1449991670610509
1449991670660038 1449991670660134 1449991670698445 1449991670660381
1449991670710042 1449991670710133 1449991670750462 1449991670710386
1449991670760044 1449991670760136 1449991670798455 1449991670760470
1449991670810025 1449991670810070 1449991670846379 1449991670810269
1449991670860031 1449991670860103 1449991670898365 1449991670860331
1449991670910029 1449991670910096 1449991670946364 1449991670910336
1449991670960070 1449991670960161 1449991670998421 1449991670960444
1449991671010033 1449991671010124 1449991671050401 1449991671010376
1449991671060038 1449991671060114 1449991671098461 1449991671060344
1449991671110026 1449991671110113 1449991671150455 1449991671110449
1449991671160042 1449991671160132 1449991671198354 1449991671160432
1449991671210049 1449991671210125 1449991671250426 1449991671210523
1449991671260016 1449991671260077 1449991671298441 1449991671260231
1449991671310062 1449991671310154 1449991671350373 1449991671310464
1449991671360036 1449991671360097 1449991671398338 1449991671360343
1449991671410126 1449991671410190 1449991671450452 1449991671410359
1449991671460076 1449991671460170 1449991671498396 1449991671460472
1449991671510015 1449991671510072 1449991671546328 1449991671510183
1449991671560023 1449991671560088 1449991671598417 1449991671560254
1449991671610024 1449991671610132 1449991671650402 1449991671610388
1449991671660011 1449991671660071 1449991671698356 1449991671660204
1449991671710053 1449991671710140 1449991671750390 1449991671710395
1449991671760049 1449991671760149 1449991671798338 1449991671760504
1449991671810046 1449991671810132 1449991671850438 1449991671810472
1449991671860070 1449991671860163 1449991671898353 1449991671860455
1449991671910041 1449991671910103 1449991671950444 1449991671910364
1449991671960025 1449991671960361 1449991671998452 1449991671960641
1449991672010027 1449991672010118 1449991672050406 1449991672010455
1449991672060074 1449991672060143 1449991672098451 1449991672060493
1449991672110069 1449991672110161 1449991672150463 1449991672110540
1449991672160041 1449991672160109 1449991672198450 1449991672160441
1449991672210072 1449991672210164 1449991672250396 1449991672210482
1449991672260075 1449991672260173 1449991672298457 1449991672260490
1449991672310072 1449991672310164 1449991672350446 1449991672310508
1449991672360029 1449991672360101 1449991672398421 1449991672360421
1449991672410033 1449991672410103 1449991672450445 1449991672410369
1449991672460075 1449991672460168 1449991672498443 1449991672460467
1449991672510034 1449991672510119 1449991672550440 1449991672510374
1449991672560072 1449991672560198 1449991672598401 1449991672560511
1449991672610022 1449991672610106 1449991672650455 1449991672610344
1449991672660072 1449991672660138 1449991672698366 1449991672660441
1449991672710015 1449991672710071 1449991672746438 1449991672710199
1449991672760059 1449991672760147 1449991672798460 1449991672760409
1449991672810066 1449991672810151 1449991672850395 1449991672810431
1449991672860016 1449991672860070 1449991672898445 1449991672860177
1449991672910065 1449991672910188 1449991672950383 1449991672910572
1449991672960034 1449991672960112 1449991672998325 1449991672960336
1449991673010009 1449991673010035 1449991673046408 1449991673010149
1449991673060006 1449991673060069 1449991673098457 1449991673060186
1449991673110048 1449991673110122 1449991673150454 1449991673110337
1449991673160065 1449991673160163 1449991673198411 1449991673160459
1449991673210040 1449991673210129 1449991673250437 1449991673210442
1449991673260071 1449991673260193 1449991673298390 1449991673260371
1449991673310061 1449991673310158 1449991673350384 1449991673310375
1449991673360072 1449991673360164 1449991673398387 1449991673360460
1449991673410008 1449991673410072 1449991673446439 1449991673410212
1449991673460074 1449991673460165 1449991673498462 1449991673460478
1449991673510067 1449991673510159 1449991673550467 1449991673510489
1449991673560035 1449991673560118 1449991673598380 1449991673560369
1449991673610070 1449991673610183 1449991673650385 1449991673610404
1449991673660044 1449991673660131 1449991673698459 1449991673660431
1449991673710068 1449991673710160 1449991673750450 1449991673710484
1449991673760075 1449991673760165 1449991673798459 1449991673760467
1449991673810072 1449991673810162 1449991673850411 1449991673810473
1449991673860014 1449991673860065 1449991673898445 1449991673860167
1449991673910061 1449991673910152 1449991673950449 1449991673910498
1449991673960079 1449991673960199 1449991673998399 1449991673960503
1449991674010073 1449991674010164 1449991674050447 1449991674010580
1449991674060071 1449991674060161 1449991674098437 1449991674060437
1449991674110069 1449991674110162 1449991674150446 1449991674110492
1449991674160042 1449991674160133 1449991674198424 1449991674160407
1449991674210034 1449991674210122 1449991674250379 1449991674210370
1449991674260024 1449991674260057 1449991674298463 1449991674260253
1449991674310045 1449991674310162 1449991674350392 1449991674310556
1449991674360017 1449991674360062 1449991674398358 1449991674360262
1449991674410021 1449991674410050 1449991674446356 1449991674410256
1449991674460023 1449991674460054 1449991674498450 1449991674460270
1449991674510024 1449991674510122 1449991674550397 1449991674510448
1449991674560077 1449991674560168 1449991674598384 1449991674560478
1449991674610018 1449991674610052 1449991674646343 1449991674610226
1449991674660025 1449991674660070 1449991674698341 1449991674660260
1449991674710009 1449991674710037 1449991674746381 1449991674710224
1449991674760069 1449991674760162 1449991674798567 1449991674760483
1449991674810023 1449991674810114 1449991674850458 1449991674810428
1449991674860043 1449991674860100 1449991674898465 1449991674860367
1449991674910022 1449991674910112 1449991674950339 1449991674910430
1449991674960012 1449991674960073 1449991674998339 1449991674960184
1449991675010023 1449991675010065 1449991675046346 1449991675010172
1449991675060023 1449991675060054 1449991675098323 1449991675060169
1449991675110003 1449991675110063 1449991675146348 1449991675110155
1449991675160012 1449991675160074 1449991675198393 1449991675160188
1449991675210032 1449991675210115 1449991675250435 1449991675210327
1449991675260018 1449991675260106 1449991675298407 1449991675260258
1449991675310036 1449991675310124 1449991675346403 1449991675310303
1449991675360068 1449991675360183 1449991675398349 1449991675360355
1449991675410031 1449991675410084 1449991675446441 1449991675410249
1449991675460036 1449991675460122 1449991675498337 1449991675460274
1449991675510021 1449991675510106 1449991675546430 1449991675510255
1449991675560102 1449991675560199 1449991675598329 1449991675560482
1449991675610061 1449991675610181 1449991675646426 1449991675610300
1449991675660029 1449991675660196 1449991675698401 1449991675660472
1449991675710076 1449991675710212 1449991675750466 1449991675710536
1449991675760059 1449991675760129 1449991675798403 1449991675760317
1449991675810070 1449991675810135 1449991675850449 1449991675810418
1449991675860071 1449991675860136 1449991675898388 1449991675860421
1449991675910069 1449991675910134 1449991675950374 1449991675910446
1449991675960072 1449991675960137 1449991675998383 1449991675960419
1449991676010033 1449991676010089 1449991676046440 1449991676010347
1449991676060070 1449991676060174 1449991676098343 1449991676060480
1449991676110011 1449991676110049 1449991676146340 1449991676110158
1449991676160024 1449991676160079 1449991676198345 1449991676160348
1449991676210067 1449991676210135 1449991676250356 1449991676210437
1449991676260034 1449991676260090 1449991676298450 1449991676260317
1449991676310036 1449991676310098 1449991676350380 1449991676310351
1449991676360005 1449991676360036 1449991676398468 1449991676360118
1449991676410010 1449991676410056 1449991676446402 1449991676410185
1449991676460066 1449991676460130 1449991676498347 1449991676460356
1449991676510012 1449991676510043 1449991676546453 1449991676510144
1449991676560063 1449991676560131 1449991676598430 1449991676560378
1449991676610033 1449991676610090 1449991676646346 1449991676610332
1449991676660033 1449991676660091 1449991676698450 1449991676660298
1449991676710032 1449991676710092 1449991676750404 1449991676710350
1449991676760065 1449991676760156 1449991676798396 1449991676760488
1449991676810007 1449991676810037 1449991676846404 1449991676810138
1449991676860017 1449991676860107 1449991676898396 1449991676860373
1449991676910036 1449991676910162 1449991676950373 1449991676910407
1449991676960054 1449991676960130 1449991676998343 1449991676960345
1449991677010003 1449991677010056 1449991677046395 1449991677010167
1449991677060065 1449991677060156 1449991677098412 1449991677060421
1449991677110014 1449991677110077 1449991677146340 1449991677110204
1449991677160049 1449991677160141 1449991677198428 1449991677160463
1449991677210011 1449991677210102 1449991677246425 1449991677210254
1449991677260045 1449991677260104 1449991677298328 1449991677260367
1449991677310008 1449991677310044 1449991677346337 1449991677310191
1449991677360008 1449991677360051 1449991677398395 1449991677360160
1449991677410074 1449991677410175 1449991677450447 1449991677410511
1449991677460067 1449991677460182 1449991677498454 1449991677460436
1449991677510070 1449991677510162 1449991677550385 1449991677510517
1449991677560071 1449991677560163 1449991677598334 1449991677560437
1449991677610043 1449991677610147 1449991677650457 1449991677610420
1449991677660034 1449991677660092 1449991677698451 1449991677660217
1449991677710073 1449991677710155 1449991677750451 1449991677710402
1449991677760073 1449991677760165 1449991677798465 1449991677760447
1449991677810070 1449991677810184 1449991677850439 1449991677810512
1449991677860070 1449991677860160 1449991677898400 1449991677860446
1449991677910069 1449991677910161 1449991677950396 1449991677910491
1449991677960032 1449991677960108 1449991677998441 1449991677960311
1449991678010061 1449991678010151 1449991678050400 1449991678010478
1449991678060018 1449991678060087 1449991678098461 1449991678060297
1449991678110066 1449991678110135 1449991678150468 1449991678110455
1449991678160072 1449991678160189 1449991678198389 1449991678160519
1449991678210029 1449991678210074 1449991678246461 1449991678210316
1449991678260070 1449991678260162 1449991678298441 1449991678260477
1449991678310073 1449991678310164 1449991678350401 1449991678310493
1449991678360022 1449991678360101 1449991678398321 1449991678360333
1449991678410028 1449991678410096 1449991678446451 1449991678410332
1449991678460063 1449991678460155 1449991678498466 1449991678460467
1449991678510035 1449991678510106 1449991678546368 1449991678510331
1449991678560070 1449991678560163 1449991678598418 1449991678560462
1449991678610010 1449991678610050 1449991678646412 1449991678610187
1449991678660057 1449991678660149 1449991678698370 1449991678660445
1449991678710029 1449991678710061 1449991678746352 1449991678710243
1449991678760007 1449991678760034 1449991678798396 1449991678760211
1449991678810025 1449991678810108 1449991678846435 1449991678810341
1449991678860035 1449991678860213 1449991678898360 1449991678860436
1449991678910027 1449991678910056 1449991678946358 1449991678910264
1449991678960022 1449991678960050 1449991678998349 1449991678960216
1449991679010020 1449991679010047 1449991679046342 1449991679010263
1449991679060066 1449991679060159 1449991679098380 1449991679060433
1449991679110030 1449991679110072 1449991679146315 1449991679110241
1449991679160072 1449991679160161 1449991679198382 1449991679160438
1449991679210028 1449991679210073 1449991679246357 1449991679210250
1449991679260021 1449991679260051 1449991679298450 1449991679260236
1449991679310019 1449991679310112 1449991679350451 1449991679310373
1449991679360023 1449991679360074 1449991679398369 1449991679360300
1449991679410026 1449991679410059 1449991679446352 1449991679410223
1449991679460033 1449991679460130 1449991679498419 1449991679460362
1449991679510074 1449991679510161 1449991679550475 1449991679510483
1449991679560039 1449991679560133 1449991679598390 1449991679560409
1449991679610045 1449991679610136 1449991679650327 1449991679610411
1449991679660031 1449991679660122 1449991679698371 1449991679660426
1449991679710026 1449991679710058 1449991679746366 1449991679710262
1449991679760024 1449991679760102 1449991679798393 1449991679760312
1449991679810055 1449991679810154 1449991679850373 1449991679810478
1449991679860031 1449991679860101 1449991679898350 1449991679860324
1449991679910020 1449991679910055 1449991679946389 1449991679910240
1449991679960072 1449991679960165 1449991679998381 1449991679960454
1449991680010031 1449991680010077 1449991680046457 1449991680010262
1449991680060073 1449991680060164 1449991680098382 1449991680060459
1449991680110072 1449991680110163 1449991680150464 1449991680110519
1449991680160072 1449991680160164 1449991680198456 1449991680160449
1449991680210048 1449991680210147 1449991680250430 1449991680210483
1449991680260075 1449991680260172 1449991680298460 1449991680260496
1449991680310029 1449991680310084 1449991680346354 1449991680310323
1449991680360026 1449991680360066 1449991680398366 1449991680360261
1449991680410013 1449991680410060 1449991680446414 1449991680410265
1449991680460069 1449991680460137 1449991680498465 1449991680460366
1449991680510072 1449991680510140 1449991680550446 1449991680510473
1449991680560072 1449991680560138 1449991680598450 1449991680560401
1449991680610060 1449991680610134 1449991680650432 1449991680610426
1449991680660077 1449991680660143 1449991680698390 1449991680660446
1449991680710078 1449991680710146 1449991680750395 1449991680710451
1449991680760033 1449991680760083 1449991680798434 1449991680760295
1449991680810062 1449991680810123 1449991680850387 1449991680810434
1449991680860077 1449991680860145 1449991680898459 1449991680860435
1449991680910074 1449991680910142 1449991680950398 1449991680910476
1449991680960033 1449991680960090 1449991680998377 1449991680960294
1449991681010021 1449991681010061 1449991681046376 1449991681010262
1449991681060070 1449991681060137 1449991681098390 1449991681060440
1449991681110076 1449991681110143 1449991681150392 1449991681110479
1449991681160030 1449991681160078 1449991681198392 1449991681160277
1449991681210038 1449991681210107 1449991681250428 1449991681210422
1449991681260069 1449991681260134 1449991681298342 1449991681260493
1449991681310033 1449991681310104 1449991681350462 1449991681310368
1449991681360076 1449991681360144 1449991681398392 1449991681360444
1449991681410073 1449991681410140 1449991681450451 1449991681410455
1449991681460070 1449991681460135 1449991681498473 1449991681460439
1449991681510072 1449991681510141 1449991681550398 1449991681510504
1449991681560058 1449991681560128 1449991681598387 1449991681560435
1449991681610069 1449991681610132 1449991681650455 1449991681610436
1449991681660058 1449991681660136 1449991681698388 1449991681660427
1449991681710061 1449991681710129 1449991681750445 1449991681710427
1449991681760040 1449991681760111 1449991681798380 1449991681760425
1449991681810035 1449991681810104 1449991681850461 1449991681810430
1449991681860074 1449991681860142 1449991681898451 1449991681860448
1449991681910073 1449991681910137 1449991681950406 1449991681910452
1449991681960017 1449991681960098 1449991681998370 1449991681960300
1449991682010007 1449991682010083 1449991682046464 1449991682010327
1449991682060071 1449991682060162 1449991682098438 1449991682060472
1449991682110076 1449991682110166 1449991682150348 1449991682110502
1449991682160012 1449991682160076 1449991682198442 1449991682160177
1449991682210048 1449991682210114 1449991682250412 1449991682210449
1449991682260013 1449991682260064 1449991682298414 1449991682260187
1449991682310024 1449991682310099 1449991682346397 1449991682310322
1449991682360028 1449991682360113 1449991682398450 1449991682360298
1449991682410070 1449991682410159 1449991682450357 1449991682410491
1449991682460025 1449991682460093 1449991682498408 1449991682460269
1449991682510037 1449991682510126 1449991682550348 1449991682510374
1449991682560077 1449991682560167 1449991682598448 1449991682560475
1449991682610070 1449991682610161 1449991682650443 1449991682610499
1449991682660071 1449991682660161 1449991682698406 1449991682660490
1449991682710069 1449991682710164 1449991682750446 1449991682710490
1449991682760033 1449991682760125 1449991682798446 1449991682760353
1449991682810073 1449991682810165 1449991682850462 1449991682810541
1449991682860071 1449991682860161 1449991682898450 1449991682860457
1449991682910037 1449991682910130 1449991682950449 1449991682910404
1449991682960042 1449991682960118 1449991682998423 1449991682960370
1449991683010069 1449991683010155 1449991683050458 1449991683010477
1449991683060035 1449991683060134 1449991683098424 1449991683060390
1449991683110077 1449991683110168 1449991683150404 1449991683110532
1449991683160011 1449991683160071 1449991683198458 1449991683160202
1449991683210068 1449991683210155 1449991683250394 1449991683210475
1449991683260033 1449991683260111 1449991683298346 1449991683260320
1449991683310009 1449991683310068 1449991683346325 1449991683310197
1449991683360006 1449991683360069 1449991683398344 1449991683360175
1449991683410024 1449991683410117 1449991683450324 1449991683410376
1449991683460010 1449991683460071 1449991683498390 1449991683460180
1449991683510027 1449991683510107 1449991683550396 1449991683510336
1449991683560033 1449991683560114 1449991683598376 1449991683560325
1449991683610003 1449991683610042 1449991683646452 1449991683610127
1449991683660029 1449991683660114 1449991683698439 1449991683660397
1449991683710071 1449991683710163 1449991683750454 1449991683710487
1449991683760071 1449991683760170 1449991683798386 1449991683760464
1449991683810013 1449991683810070 1449991683846436 1449991683810175
1449991683860066 1449991683860157 1449991683898455 1449991683860462
1449991683910075 1449991683910166 1449991683950403 1449991683910492
1449991683960071 1449991683960162 1449991683998429 1449991683960465
1449991684010068 1449991684010160 1449991684050445 1449991684010494
1449991684060068 1449991684060159 1449991684098440 1449991684060466
1449991684110032 1449991684110131 1449991684150457 1449991684110401
1449991684160031 1449991684160119 1449991684198417 1449991684160432
1449991684210070 1449991684210173 1449991684250389 1449991684210523
1449991684260083 1449991684260173 1449991684298459 1449991684260467
1449991684310073 1449991684310164 1449991684350441 1449991684310489
1449991684360075 1449991684360166 1449991684398386 1449991684360461
1449991684410072 1449991684410163 1449991684450433 1449991684410528
1449991684460074 1449991684460173 1449991684498385 1449991684460503
1449991684510033 1449991684510116 1449991684550456 1449991684510373
1449991684560044 1449991684560141 1449991684598382 1449991684560390
1449991684610032 1449991684610120 1449991684650382 1449991684610343
1449991684660024 1449991684660103 1449991684698451 1449991684660357
1449991684710074 1449991684710164 1449991684750465 1449991684710486
1449991684760073 1449991684760166 1449991684798418 1449991684760500
1449991684810030 1449991684810131 1449991684850392 1449991684810407
1449991684860076 1449991684860168 1449991684898353 1449991684860478
1449991684910021 1449991684910086 1449991684946435 1449991684910238
1449991684960037 1449991684960141 1449991684998412 1449991684960448
1449991685010077 1449991685010164 1449991685050405 1449991685010499
1449991685060074 1449991685060165 1449991685098433 1449991685060516
1449991685110071 1449991685110162 1449991685150394 1449991685110489
