1449991715876711 1449991715876775 1449991715876897 1449991715876914
1449991715926749 1449991715926849 1449991715927189 1449991715927265
1449991715976742 1449991715976829 1449991715977107 1449991715977177
1449991716026732 1449991716026795 1449991716026955 1449991716026979
1449991716076736 1449991716076808 1449991716076933 1449991716076957
1449991716126726 1449991716126780 1449991716126877 1449991716126904
1449991716176722 1449991716176785 1449991716176916 1449991716176947
1449991716226732 1449991716226802 1449991716227020 1449991716227080
1449991716276735 1449991716276800 1449991716276995 1449991716277036
1449991716326743 1449991716326808 1449991716327002 1449991716327050
1449991716376729 1449991716376761 1449991716376880 1449991716376910
1449991716426742 1449991716426809 1449991716426989 1449991716427036
1449991716476726 1449991716476766 1449991716476898 1449991716476930
1449991716526728 1449991716526777 1449991716526899 1449991716526930
1449991716576729 1449991716576768 1449991716576971 1449991716577013
1449991716626728 1449991716626788 1449991716626967 1449991716627018
1449991716676749 1449991716676819 1449991716677012 1449991716677061
1449991716726742 1449991716726813 1449991716727042 1449991716727102
1449991716776786 1449991716776852 1449991716777190 1449991716777280
1449991716826756 1449991716826822 1449991716827134 1449991716827171
1449991716876721 1449991716876764 1449991716876860 1449991716876902
1449991716926737 1449991716926801 1449991716926991 1449991716927047
1449991716976749 1449991716976833 1449991716977172 1449991716977234
1449991717026782 1449991717026875 1449991717027162 1449991717027292
1449991717076783 1449991717076872 1449991717077216 1449991717077305
1449991717126770 1449991717126860 1449991717127200 1449991717127301
1449991717176787 1449991717176877 1449991717177228 1449991717177308
1449991717226768 1449991717226885 1449991717227204 1449991717227296
1449991717276745 1449991717276824 1449991717277075 1449991717277143
1449991717326746 1449991717326836 1449991717327144 1449991717327285
1449991717376783 1449991717376873 1449991717377214 1449991717377294
1449991717426749 1449991717426836 1449991717427140 1449991717427326
1449991717476780 1449991717476872 1449991717477255 1449991717477372
1449991717526782 1449991717526874 1449991717527179 1449991717527264
1449991717576804 1449991717576969 1449991717577203 1449991717577235
1449991717626745 1449991717626795 1449991717627004 1449991717627042
1449991717676750 1449991717676835 1449991717677118 1449991717677174
1449991717726743 1449991717726836 1449991717727174 1449991717727251
1449991717776791 1449991717776882 1449991717777150 1449991717777193
1449991717826794 1449991717826923 1449991717827100 1449991717827126
1449991717876746 1449991717876834 1449991717877004 1449991717877036
1449991717926755 1449991717926879 1449991717927032 1449991717927062
1449991717976739 1449991717976824 1449991717977107 1449991717977164
1449991718026749 1449991718026831 1449991718027115 1449991718027182
1449991718076717 1449991718076765 1449991718076879 1449991718076907
1449991718126776 1449991718126866 1449991718127128 1449991718127173
1449991718176785 1449991718176877 1449991718177218 1449991718177300
1449991718226744 1449991718226784 1449991718227017 1449991718227080
1449991718276737 1449991718276783 1449991718276984 1449991718277029
1449991718326736 1449991718326770 1449991718326969 1449991718327017
1449991718376724 1449991718376788 1449991718377025 1449991718377041
1449991718426737 1449991718426780 1449991718426971 1449991718427000
1449991718476737 1449991718476770 1449991718477034 1449991718477080
1449991718526723 1449991718526757 1449991718526887 1449991718526931
1449991718576748 1449991718576830 1449991718577057 1449991718577129
1449991718626737 1449991718626837 1449991718627110 1449991718627175
1449991718676786 1449991718676915 1449991718677217 1449991718677345
1449991718726742 1449991718726795 1449991718726974 1449991718727044
1449991718776741 1449991718776790 1449991718777009 1449991718777112
1449991718826783 1449991718826874 1449991718827238 1449991718827320
1449991718876741 1449991718876780 1449991718876992 1449991718877046
1449991718926738 1449991718926765 1449991718926958 1449991718927006
1449991718976734 1449991718976780 1449991718976958 1449991718977001
1449991719026746 1449991719026835 1449991719027133 1449991719027196
1449991719076741 1449991719076775 1449991719076986 1449991719077028
1449991719126721 1449991719126783 1449991719126967 1449991719127005
1449991719176732 1449991719176795 1449991719177037 1449991719177073
1449991719226733 1449991719226763 1449991719226995 1449991719227036
1449991719276723 1449991719276747 1449991719276962 1449991719276997
1449991719326762 1449991719326880 1449991719327232 1449991719327327
1449991719376731 1449991719376763 1449991719376987 1449991719377026
1449991719426720 1449991719426781 1449991719427013 1449991719427061
1449991719476716 1449991719476742 1449991719476936 1449991719476985
1449991719526711 1449991719526768 1449991719526878 1449991719526909
1449991719576730 1449991719576776 1449991719577013 1449991719577078
1449991719626724 1449991719626766 1449991719627006 1449991719627061
1449991719676721 1449991719676784 1449991719676990 1449991719677055
1449991719726728 1449991719726779 1449991719727009 1449991719727062
1449991719776721 1449991719776753 1449991719776938 1449991719776985
1449991719826720 1449991719826787 1449991719827030 1449991719827081
1449991719876723 1449991719876756 1449991719876985 1449991719877032
1449991719926729 1449991719926810 1449991719927053 1449991719927108
1449991719976729 1449991719976813 1449991719977073 1449991719977129
1449991720026723 1449991720026774 1449991720026983 1449991720027026
1449991720076719 1449991720076753 1449991720076969 1449991720077014
1449991720126721 1449991720126757 1449991720126960 1449991720127055
1449991720176736 1449991720176764 1449991720176973 1449991720177052
1449991720226718 1449991720226744 1449991720226932 1449991720227012
1449991720276714 1449991720276737 1449991720276939 1449991720276984
1449991720326717 1449991720326741 1449991720326955 1449991720327004
1449991720376714 1449991720376752 1449991720376960 1449991720377008
1449991720426714 1449991720426736 1449991720426933 1449991720426991
1449991720476715 1449991720476776 1449991720477001 1449991720477043
1449991720526742 1449991720526831 1449991720527107 1449991720527145
1449991720576742 1449991720576775 1449991720576989 1449991720577112
1449991720626725 1449991720626753 1449991720626963 1449991720627042
1449991720676717 1449991720676741 1449991720676940 1449991720676995
1449991720726715 1449991720726757 1449991720726949 1449991720726972
1449991720776713 1449991720776736 1449991720776920 1449991720776978
1449991720826715 1449991720826743 1449991720826940 1449991720826959
1449991720876717 1449991720876742 1449991720876948 1449991720876986
1449991720926734 1449991720926798 1449991720927021 1449991720927068
1449991720976718 1449991720976744 1449991720976942 1449991720976976
1449991721026719 1449991721026745 1449991721026959 1449991721026993
1449991721076717 1449991721076798 1449991721077018 1449991721077049
1449991721126717 1449991721126743 1449991721126917 1449991721126961
1449991721176776 1449991721176868 1449991721177168 1449991721177246
1449991721226743 1449991721226776 1449991721226998 1449991721227056
1449991721276776 1449991721276868 1449991721277121 1449991721277182
1449991721326746 1449991721326783 1449991721326994 1449991721327030
1449991721376777 1449991721376869 1449991721377167 1449991721377239
1449991721426745 1449991721426801 1449991721427003 1449991721427047
1449991721476778 1449991721476868 1449991721477178 1449991721477244
1449991721526771 1449991721526860 1449991721527207 1449991721527280
1449991721576744 1449991721576818 1449991721577059 1449991721577099
1449991721626742 1449991721626778 1449991721627050 1449991721627123
1449991721676739 1449991721676807 1449991721677078 1449991721677137
1449991721726739 1449991721726766 1449991721727033 1449991721727088
1449991721776734 1449991721776823 1449991721777006 1449991721777039
1449991721826777 1449991721826871 1449991721827157 1449991721827220
1449991721876751 1449991721876838 1449991721877077 1449991721877130
1449991721926742 1449991721926772 1449991721926959 1449991721927007
1449991721976752 1449991721976849 1449991721977141 1449991721977224
1449991722026754 1449991722026838 1449991722027112 1449991722027199
1449991722076742 1449991722076776 1449991722077001 1449991722077067
1449991722126722 1449991722126811 1449991722127058 1449991722127108
1449991722176719 1449991722176790 1449991722177007 1449991722177055
1449991722226716 1449991722226791 1449991722227023 1449991722227064
1449991722276744 1449991722276833 1449991722277127 1449991722277191
1449991722326730 1449991722326769 1449991722326932 1449991722326972
1449991722376728 1449991722376770 1449991722376955 1449991722376995
1449991722426727 1449991722426764 1449991722426923 1449991722427016
1449991722476718 1449991722476765 1449991722476898 1449991722476934
1449991722526718 1449991722526763 1449991722526911 1449991722526939
1449991722576728 1449991722576762 1449991722576867 1449991722576895
1449991722626724 1449991722626760 1449991722626937 1449991722626969
1449991722676732 1449991722676779 1449991722676982 1449991722677024
1449991722726726 1449991722726763 1449991722726935 1449991722726967
1449991722776712 1449991722776741 1449991722776848 1449991722776882
1449991722826740 1449991722826822 1449991722827070 1449991722827130
1449991722876728 1449991722876760 1449991722876870 1449991722876900
1449991722926727 1449991722926772 1449991722926952 1449991722926994
1449991722976722 1449991722976752 1449991722976862 1449991722976888
1449991723026722 1449991723026758 1449991723026904 1449991723026942
1449991723076718 1449991723076747 1449991723076858 1449991723076889
1449991723126731 1449991723126781 1449991723126998 1449991723127070
1449991723176720 1449991723176763 1449991723176893 1449991723176923
1449991723226724 1449991723226763 1449991723226914 1449991723226945
1449991723276714 1449991723276742 1449991723276844 1449991723276870
1449991723326735 1449991723326790 1449991723326993 1449991723327039
1449991723376727 1449991723376766 1449991723376878 1449991723377044
1449991723426737 1449991723426788 1449991723427006 1449991723427062
1449991723476735 1449991723476781 1449991723476968 1449991723477087
1449991723526729 1449991723526792 1449991723527006 1449991723527051
1449991723576720 1449991723576754 1449991723576895 1449991723576937
1449991723626723 1449991723626759 1449991723626935 1449991723626974
1449991723676719 1449991723676750 1449991723676866 1449991723676894
1449991723726729 1449991723726772 1449991723726991 1449991723727034
1449991723776741 1449991723776799 1449991723777045 1449991723777651
1449991723826733 1449991723826868 1449991723827074 1449991723827114
1449991723876725 1449991723876797 1449991723877054 1449991723877113
1449991723926723 1449991723926795 1449991723927015 1449991723927136
1449991723976720 1449991723976795 1449991723977036 1449991723977086
1449991724026767 1449991724026858 1449991724027192 1449991724027284
1449991724076729 1449991724076761 1449991724076906 1449991724076949
1449991724126738 1449991724126810 1449991724127060 1449991724127115
1449991724176767 1449991724176857 1449991724177202 1449991724177273
1449991724226730 1449991724226782 1449991724226993 1449991724227031
1449991724276716 1449991724276740 1449991724276946 1449991724276980
1449991724326733 1449991724326762 1449991724326962 1449991724327009
1449991724376718 1449991724376745 1449991724376933 1449991724376955
1449991724426717 1449991724426741 1449991724426946 1449991724426987
1449991724476736 1449991724476778 1449991724477043 1449991724477093
1449991724526724 1449991724526797 1449991724527024 1449991724527062
1449991724576718 1449991724576780 1449991724576907 1449991724576947
1449991724626711 1449991724626761 1449991724626885 1449991724626911
1449991724676720 1449991724676773 1449991724676915 1449991724676947
1449991724726734 1449991724726818 1449991724727106 1449991724727162
1449991724776745 1449991724776828 1449991724777049 1449991724777079
1449991724826744 1449991724826825 1449991724827094 1449991724827145
1449991724876776 1449991724876866 1449991724877207 1449991724877274
1449991724926745 1449991724926805 1449991724927054 1449991724927110
1449991724976727 1449991724976801 1449991724977048 1449991724977123
1449991725026743 1449991725026828 1449991725027171 1449991725027277
1449991725076741 1449991725076777 1449991725077013 1449991725077145
1449991725126720 1449991725126781 1449991725127014 1449991725127051
1449991725176777 1449991725176868 1449991725177129 1449991725177180
1449991725226742 1449991725226778 1449991725227030 1449991725227054
1449991725276720 1449991725276779 1449991725277016 1449991725277073
1449991725326722 1449991725326789 1449991725327042 1449991725327136
1449991725376725 1449991725376755 1449991725376987 1449991725377047
1449991725426723 1449991725426796 1449991725427009 1449991725427095
1449991725476718 1449991725476790 1449991725477020 1449991725477082
1449991725526715 1449991725526746 1449991725526891 1449991725526927
1449991725576724 1449991725576759 1449991725576892 1449991725576930
1449991725626719 1449991725626756 1449991725626888 1449991725626922
1449991725676715 1449991725676746 1449991725676887 1449991725676921
1449991725726716 1449991725726756 1449991725726884 1449991725726920
1449991725776725 1449991725776765 1449991725776878 1449991725776914
1449991725826766 1449991725826837 1449991725827008 1449991725827043
1449991725876725 1449991725876778 1449991725876899 1449991725876924
1449991725926741 1449991725926830 1449991725927084 1449991725927139
1449991725976736 1449991725976815 1449991725976971 1449991725977008
1449991726026721 1449991726026789 1449991726026975 1449991726027018
1449991726076720 1449991726076777 1449991726076912 1449991726076942
1449991726126718 1449991726126772 1449991726126897 1449991726126936
1449991726176725 1449991726176783 1449991726176968 1449991726177008
1449991726226722 1449991726226752 1449991726226865 1449991726226922
1449991726276727 1449991726276772 1449991726276950 1449991726277064
1449991726326731 1449991726326843 1449991726327120 1449991726327187
1449991726376727 1449991726376757 1449991726376877 1449991726376912
1449991726426719 1449991726426771 1449991726426887 1449991726426924
1449991726476718 1449991726476771 1449991726476891 1449991726476925
1449991726526713 1449991726526775 1449991726526901 1449991726526962
1449991726576720 1449991726576774 1449991726576891 1449991726576924
1449991726626744 1449991726626809 1449991726627090 1449991726627184
1449991726676754 1449991726676840 1449991726677050 1449991726677103
1449991726726729 1449991726726791 1449991726726914 1449991726726990
1449991726776739 1449991726776810 1449991726776993 1449991726777043
1449991726826740 1449991726826818 1449991726827073 1449991726827132
1449991726876741 1449991726876819 1449991726877072 1449991726877127
1449991726926733 1449991726926773 1449991726926968 1449991726927017
1449991726976720 1449991726976771 1449991727014347 1449991726976897
1449991727026721 1449991727026769 1449991727066412 1449991727026909
1449991727076738 1449991727076793 1449991727114366 1449991727077054
1449991727126722 1449991727126751 1449991727166346 1449991727126861
1449991727176716 1449991727176745 1449991727214406 1449991727176854
1449991727226727 1449991727226790 1449991727266412 1449991727226954
1449991727276744 1449991727276818 1449991727314430 1449991727277125
1449991727326734 1449991727326789 1449991727366351 1449991727326972
1449991727376719 1449991727376765 1449991727414367 1449991727376899
1449991727426725 1449991727426786 1449991727466347 1449991727427022
1449991727476739 1449991727476811 1449991727514396 1449991727477020
1449991727526750 1449991727526872 1449991727566412 1449991727527046
1449991727576734 1449991727576786 1449991727614429 1449991727576941
1449991727626747 1449991727626785 1449991727666411 1449991727626951
1449991727676720 1449991727676797 1449991727714329 1449991727677043
1449991727726737 1449991727726844 1449991727766383 1449991727727114
1449991727776744 1449991727776787 1449991727814361 1449991727777015
1449991727826735 1449991727826823 1449991727866406 1449991727827070
1449991727876775 1449991727876874 1449991727914459 1449991727877220
1449991727926785 1449991727926890 1449991727966428 1449991727927233
1449991727976788 1449991727976882 1449991728014395 1449991727977220
1449991728026747 1449991728026791 1449991728066389 1449991728027001
1449991728076738 1449991728076835 1449991728114355 1449991728077051
1449991728126717 1449991728126777 1449991728166436 1449991728126877
1449991728176738 1449991728176805 1449991728214473 1449991728177003
1449991728226728 1449991728226819 1449991728266384 1449991728227092
1449991728276775 1449991728276854 1449991728314403 1449991728277185
1449991728326785 1449991728326868 1449991728366424 1449991728327237
1449991728376749 1449991728376831 1449991728414417 1449991728377073
1449991728426738 1449991728426821 1449991728466408 1449991728427016
1449991728476775 1449991728476859 1449991728514394 1449991728477175
1449991728526748 1449991728526829 1449991728566399 1449991728527191
1449991728576753 1449991728576845 1449991728614459 1449991728577220
1449991728626747 1449991728626810 1449991728666459 1449991728627121
1449991728676757 1449991728676828 1449991728714427 1449991728677132
1449991728726746 1449991728726841 1449991728766465 1449991728727083
1449991728776772 1449991728776890 1449991728814407 1449991728777241
1449991728826752 1449991728826849 1449991728866391 1449991728827212
1449991728876736 1449991728876839 1449991728914440 1449991728877071
1449991728926755 1449991728926850 1449991728966470 1449991728927125
1449991728976750 1449991728976806 1449991729014426 1449991728977041
1449991729026752 1449991729026849 1449991729066410 1449991729027271
1449991729076749 1449991729076835 1449991729114428 1449991729077100
1449991729126727 1449991729126807 1449991729166399 1449991729127050
1449991729176720 1449991729176780 1449991729214400 1449991729176890
1449991729226723 1449991729226776 1449991729266403 1449991729226886
1449991729276780 1449991729276814 1449991729314409 1449991729276964
1449991729326732 1449991729326807 1449991729366342 1449991729327044
1449991729376746 1449991729376779 1449991729414348 1449991729376935
1449991729426711 1449991729426740 1449991729466350 1449991729426863
1449991729476734 1449991729476786 1449991729514387 1449991729476936
1449991729526732 1449991729526789 1449991729566455 1449991729526925
1449991729576754 1449991729576826 1449991729614413 1449991729577023
1449991729626722 1449991729626751 1449991729666340 1449991729626855
1449991729676734 1449991729676766 1449991729714358 1449991729676873
1449991729726714 1449991729726777 1449991729766338 1449991729726907
1449991729776749 1449991729776806 1449991729814340 1449991729776937
1449991729826718 1449991729826777 1449991729866349 1449991729826905
1449991729876717 1449991729876766 1449991729914334 1449991729876890
1449991729926714 1449991729926772 1449991729966346 1449991729926926
1449991729976717 1449991729976766 1449991730014427 1449991729976884
1449991730026717 1449991730026765 1449991730066336 1449991730026887
1449991730076728 1449991730076795 1449991730114333 1449991730077005
1449991730126719 1449991730126769 1449991730166341 1449991730126888
1449991730176716 1449991730176776 1449991730214455 1449991730176882
1449991730226744 1449991730226835 1449991730266407 1449991730227173
1449991730276746 1449991730276819 1449991730314459 1449991730277060
1449991730326764 1449991730326855 1449991730366451 1449991730327204
1449991730376767 1449991730376858 1449991730414466 1449991730377241
1449991730426738 1449991730426827 1449991730466427 1449991730427180
1449991730476732 1449991730476818 1449991730514455 1449991730477072
1449991730526749 1449991730526870 1449991730566427 1449991730527189
1449991730576751 1449991730576840 1449991730614451 1449991730577057
1449991730626759 1449991730626855 1449991730666410 1449991730627167
1449991730676747 1449991730676787 1449991730714367 1449991730676928
1449991730726725 1449991730726807 1449991730766415 1449991730726998
1449991730776739 1449991730776823 1449991730814400 1449991730777062
1449991730826740 1449991730826815 1449991730866401 1449991730827056
1449991730876721 1449991730876828 1449991730914389 1449991730877065
1449991730926715 1449991730926780 1449991730966393 1449991730926971
1449991730976773 1449991730976864 1449991731014416 1449991730977206
1449991731026749 1449991731026839 1449991731066426 1449991731027164
1449991731076772 1449991731076863 1449991731114471 1449991731077218
1449991731126742 1449991731126836 1449991731166407 1449991731127092
1449991731176746 1449991731176824 1449991731214351 1449991731177057
1449991731226743 1449991731226812 1449991731266394 1449991731227047
1449991731276741 1449991731276777 1449991731314477 1449991731276987
1449991731326751 1449991731326839 1449991731366434 1449991731327209
1449991731376767 1449991731376857 1449991731414460 1449991731377203
1449991731426740 1449991731426827 1449991731466409 1449991731427157
1449991731476761 1449991731476851 1449991731514393 1449991731477194
1449991731526722 1449991731526804 1449991731566407 1449991731526954
1449991731576781 1449991731576890 1449991731614396 1449991731577179
1449991731626753 1449991731626793 1449991731666376 1449991731627017
1449991731676748 1449991731676774 1449991731714377 1449991731676981
1449991731726743 1449991731726818 1449991731766397 1449991731727067
1449991731776737 1449991731776799 1449991731814382 1449991731777000
1449991731826743 1449991731826846 1449991731866440 1449991731827190
1449991731876753 1449991731876847 1449991731914431 1449991731877170
1449991731926738 1449991731926906 1449991731966471 1449991731927154
1449991731976762 1449991731976828 1449991732014411 1449991731977013
1449991732026741 1449991732026801 1449991732066452 1449991732027047
1449991732076741 1449991732076817 1449991732114402 1449991732077135
1449991732126753 1449991732126831 1449991732166403 1449991732127191
1449991732176744 1449991732176820 1449991732214398 1449991732177069
1449991732226721 1449991732226761 1449991732266461 1449991732226870
1449991732276746 1449991732276868 1449991732314334 1449991732277224
1449991732326747 1449991732326835 1449991732366405 1449991732327158
1449991732376763 1449991732376864 1449991732414347 1449991732377186
1449991732426728 1449991732426771 1449991732466415 1449991732426899
1449991732476771 1449991732476853 1449991732514333 1449991732477215
1449991732526770 1449991732526852 1449991732566412 1449991732527198
1449991732576748 1449991732576781 1449991732614338 1449991732576906
1449991732626718 1449991732626892 1449991732666389 1449991732627034
1449991732676748 1449991732676807 1449991732714326 1449991732677038
1449991732726723 1449991732726755 1449991732766412 1449991732726865
1449991732776711 1449991732776738 1449991732814324 1449991732776838
1449991732826716 1449991732826767 1449991732866409 1449991732826875
1449991732876719 1449991732876770 1449991732914409 1449991732876885
1449991732926739 1449991732926818 1449991732966340 1449991732927056
1449991732976724 1449991732976747 1449991733014346 1449991732976870
1449991733026866 1449991733026925 1449991733066364 1449991733027032
1449991733076732 1449991733076839 1449991733114405 1449991733077102
1449991733126724 1449991733126797 1449991733166381 1449991733126993
1449991733176736 1449991733176791 1449991733214368 1449991733176959
1449991733226743 1449991733226858 1449991733266457 1449991733227172
1449991733276746 1449991733276832 1449991733314397 1449991733277091
1449991733326751 1449991733326847 1449991733366320 1449991733327110
1449991733376729 1449991733376806 1449991733414408 1449991733377012
1449991733426753 1449991733426841 1449991733466415 1449991733427151
1449991733476744 1449991733476826 1449991733514376 1449991733477069
1449991733526757 1449991733526856 1449991733566413 1449991733527204
1449991733576785 1449991733576901 1449991733614475 1449991733577271
1449991733626774 1449991733626864 1449991733666446 1449991733627245
1449991733676783 1449991733676871 1449991733714425 1449991733677204
1449991733726782 1449991733726872 1449991733766472 1449991733727256
1449991733776777 1449991733776869 1449991733814483 1449991733777203
1449991733826741 1449991733826828 1449991733866463 1449991733827091
1449991733876783 1449991733876874 1449991733914476 1449991733877203
1449991733926747 1449991733926838 1449991733966478 1449991733927080
1449991733976780 1449991733976868 1449991734014404 1449991733977188
1449991734026741 1449991734026780 1449991734066356 1449991734026998
1449991734076777 1449991734076869 1449991734114469 1449991734077191
1449991734126783 1449991734126869 1449991734166479 1449991734127215
1449991734176768 1449991734176858 1449991734214452 1449991734177193
1449991734226748 1449991734226835 1449991734266466 1449991734227093
1449991734276779 1449991734276893 1449991734314483 1449991734277217
1449991734326782 1449991734326872 1449991734366448 1449991734327236
1449991734376738 1449991734376825 1449991734414478 1449991734377165
1449991734426769 1449991734426861 1449991734466475 1449991734427178
1449991734476782 1449991734476871 1449991734514479 1449991734477201
1449991734526757 1449991734526854 1449991734566477 1449991734527207
1449991734576786 1449991734576876 1449991734614478 1449991734577183
1449991734626750 1449991734626863 1449991734666474 1449991734627184
1449991734676780 1449991734676872 1449991734714482 1449991734677224
1449991734726784 1449991734726875 1449991734766489 1449991734727191
1449991734776783 1449991734776873 1449991734814487 1449991734777196
1449991734826774 1449991734826865 1449991734866475 1449991734827193
1449991734876785 1449991734876878 1449991734914472 1449991734877201
1449991734926754 1449991734926821 1449991734966476 1449991734927161
1449991734976781 1449991734976896 1449991735014411 1449991734977215
1449991735026749 1449991735026839 1449991735066481 1449991735027155
1449991735076751 1449991735076846 1449991735114468 1449991735077165
1449991735126766 1449991735126855 1449991735166347 1449991735127185
1449991735176724 1449991735176787 1449991735214418 1449991735176905
1449991735226723 1449991735226781 1449991735266371 1449991735226929
1449991735276716 1449991735276754 1449991735314355 1449991735276863
1449991735326725 1449991735326780 1449991735366374 1449991735326954
1449991735376724 1449991735376761 1449991735414359 1449991735376933
1449991735426745 1449991735426829 1449991735466335 1449991735427090
1449991735476739 1449991735476836 1449991735514404 1449991735477108
1449991735526757 1449991735526856 1449991735566449 1449991735527211
1449991735576742 1449991735576838 1449991735614356 1449991735577150
1449991735626724 1449991735626785 1449991735666352 1449991735626895
1449991735676718 1449991735676755 1449991735714355 1449991735676863
1449991735726720 1449991735726783 1449991735766367 1449991735726916
1449991735776727 1449991735776781 1449991735814458 1449991735776897
1449991735826746 1449991735826844 1449991735866472 1449991735827195
1449991735876745 1449991735876843 1449991735914477 1449991735877191
1449991735926770 1449991735926868 1449991735966475 1449991735927229
1449991735976744 1449991735976840 1449991736014463 1449991735977168
1449991736026755 1449991736026877 1449991736066402 1449991736027174
1449991736076785 1449991736076884 1449991736114412 1449991736077215
1449991736126786 1449991736126879 1449991736166466 1449991736127206
1449991736176762 1449991736176860 1449991736214392 1449991736177150
1449991736226791 1449991736226890 1449991736266456 1449991736227190
1449991736276785 1449991736276885 1449991736314478 1449991736277205
1449991736326778 1449991736326870 1449991736366468 1449991736327171
1449991736376785 1449991736376900 1449991736414401 1449991736377242
1449991736426738 1449991736426831 1449991736466481 1449991736427177
1449991736476782 1449991736476882 1449991736514405 1449991736477238
1449991736526747 1449991736526824 1449991736566392 1449991736527054
1449991736576780 1449991736576880 1449991736614401 1449991736577209
1449991736626748 1449991736626824 1449991736666386 1449991736627070
1449991736676723 1449991736676788 1449991736714386 1449991736677005
1449991736726734 1449991736726839 1449991736766393 1449991736727045
1449991736776724 1449991736776783 1449991736814471 1449991736777042
1449991736826746 1449991736826827 1449991736866386 1449991736827138
1449991736876782 1449991736876875 1449991736914328 1449991736877225
1449991736926726 1449991736926755 1449991736966371 1449991736926856
1449991736976722 1449991736976764 1449991737014389 1449991736976882
1449991737026767 1449991737026867 1449991737066467 1449991737027222
1449991737076785 1449991737076908 1449991737114469 1449991737077172
1449991737126752 1449991737126848 1449991737166352 1449991737127115
1449991737176728 1449991737176785 1449991737214354 1449991737176928
1449991737226747 1449991737226835 1449991737266399 1449991737227098
1449991737276738 1449991737276803 1449991737314356 1449991737276928
1449991737326745 1449991737326822 1449991737366400 1449991737327027
1449991737376742 1449991737376814 1449991737414345 1449991737377082
1449991737426727 1449991737426808 1449991737466348 1449991737426929
1449991737476731 1449991737476782 1449991737514358 1449991737476903
1449991737526737 1449991737526795 1449991737566417 1449991737527033
1449991737576723 1449991737576784 1449991737614343 1449991737576904
1449991737626727 1449991737626779 1449991737666409 1449991737626904
1449991737676768 1449991737676858 1449991737714342 1449991737677133
1449991737726749 1449991737726811 1449991737766437 1449991737726932
1449991737776768 1449991737776890 1449991737814366 1449991737777204
1449991737826732 1449991737826797 1449991737866345 1449991737826962
1449991737876739 1449991737876797 1449991737914389 1449991737877021
1449991737926742 1449991737926791 1449991737966382 1449991737926976
1449991737976739 1449991737976791 1449991738014494 1449991737976980
1449991738026732 1449991738026784 1449991738066446 1449991738026959
1449991738076732 1449991738076786 1449991738114387 1449991738076984
1449991738126724 1449991738126773 1449991738166347 1449991738126958
1449991738176715 1449991738176755 1449991738214423 1449991738176929
1449991738226740 1449991738226831 1449991738266411 1449991738226990
1449991738276748 1449991738276836 1449991738314436 1449991738277085
1449991738326753 1449991738326852 1449991738366458 1449991738327152
1449991738376796 1449991738376896 1449991738414400 1449991738377183
1449991738426722 1449991738426784 1449991738466414 1449991738426903
1449991738476743 1449991738476857 1449991738514397 1449991738477137
1449991738526737 1449991738526818 1449991738566348 1449991738527056
1449991738576725 1449991738576789 1449991738614396 1449991738576904
1449991738626746 1449991738626829 1449991738666461 1449991738627024
1449991738676742 1449991738676855 1449991738714347 1449991738677126
1449991738726724 1449991738726753 1449991738766395 1449991738726856
1449991738776738 1449991738776785 1449991738814344 1449991738776988
1449991738826747 1449991738826833 1449991738866356 1449991738827120
1449991738876817 1449991738876890 1449991738914380 1449991738877025
1449991738926746 1449991738926801 1449991738966414 1449991738927033
1449991738976748 1449991738976794 1449991739014307 1449991738976995
1449991739026725 1449991739026754 1449991739066398 1449991739026871
1449991739076739 1449991739076787 1449991739114374 1449991739077020
1449991739126757 1449991739126849 1449991739166357 1449991739127144
1449991739176728 1449991739176793 1449991739214441 1449991739176918
1449991739226740 1449991739226827 1449991739266448 1449991739227049
1449991739276783 1449991739276878 1449991739314352 1449991739277313
1449991739326774 1449991739326868 1449991739366458 1449991739327215
1449991739376751 1449991739376809 1449991739414382 1449991739377127
1449991739426751 1449991739426835 1449991739466346 1449991739427130
1449991739476733 1449991739476785 1449991739514415 1449991739476938
1449991739526719 1449991739526779 1449991739566429 1449991739526969
1449991739576721 1449991739576776 1449991739614356 1449991739576910
1449991739626717 1449991739626774 1449991739666344 1449991739626896
1449991739676723 1449991739676773 1449991739714345 1449991739676897
1449991739726726 1449991739726781 1449991739766386 1449991739726922
1449991739776719 1449991739776776 1449991739814339 1449991739776910
1449991739826719 1449991739826775 1449991739866337 1449991739826903
1449991739876717 1449991739876772 1449991739914347 1449991739876900
1449991739926719 1449991739926754 1449991739966412 1449991739926877
1449991739976739 1449991739976788 1449991740014379 1449991739976983
1449991740026727 1449991740026782 1449991740066461 1449991740026906
1449991740076738 1449991740076790 1449991740114379 1449991740077003
1449991740126755 1449991740126842 1449991740166361 1449991740127184
1449991740176722 1449991740176750 1449991740214347 1449991740176895
1449991740226739 1449991740226778 1449991740266346 1449991740226917
1449991740276714 1449991740276745 1449991740314336 1449991740276861
1449991740326716 1449991740326748 1449991740366389 1449991740326862
1449991740376731 1449991740376777 1449991740414399 1449991740377067
1449991740426733 1449991740426772 1449991740466371 1449991740426935
1449991740476766 1449991740476834 1449991740514417 1449991740477162
1449991740526729 1449991740526766 1449991740566507 1449991740526916
1449991740576752 1449991740576821 1449991740614446 1449991740577073
1449991740626754 1449991740626820 1449991740666413 1449991740627097
1449991740676741 1449991740676789 1449991740714396 1449991740677000
1449991740726736 1449991740726775 1449991740766405 1449991740726966
1449991740776738 1449991740776789 1449991740814404 1449991740777032
1449991740826738 1449991740826786 1449991740866414 1449991740827010
1449991740876739 1449991740876794 1449991740914393 1449991740877020
1449991740926728 1449991740926775 1449991740966397 1449991740926980
1449991740976721 1449991740976759 1449991741014377 1449991740976965
1449991741026732 1449991741026771 1449991741066394 1449991741026975
1449991741076732 1449991741076772 1449991741114415 1449991741076969
1449991741126737 1449991741126784 1449991741166383 1449991741127013
1449991741176773 1449991741176836 1449991741214397 1449991741177176
1449991741226740 1449991741226788 1449991741266393 1449991741227007
1449991741276737 1449991741276791 1449991741314378 1449991741277015
1449991741326739 1449991741326787 1449991741366414 1449991741327021
1449991741376723 1449991741376756 1449991741414411 1449991741377049
1449991741426743 1449991741426799 1449991741466430 1449991741427051
1449991741476744 1449991741476802 1449991741514393 1449991741477044
1449991741526775 1449991741526845 1449991741566448 1449991741527215
1449991741576779 1449991741576845 1449991741614450 1449991741577185
1449991741626752 1449991741626823 1449991741666455 1449991741627096
1449991741676759 1449991741676828 1449991741714399 1449991741677153
1449991741726743 1449991741726795 1449991741766398 1449991741727013
1449991741776736 1449991741776783 1449991741814369 1449991741776996
1449991741826723 1449991741826759 1449991741866347 1449991741826906
1449991741876718 1449991741876750 1449991741914339 1449991741876859
1449991741926720 1449991741926756 1449991741966452 1449991741926919
1449991741976764 1449991741976838 1449991742014471 1449991741977107
1449991742026774 1449991742026844 1449991742066449 1449991742027183
1449991742076747 1449991742076808 1449991742114384 1449991742077071
1449991742126729 1449991742126763 1449991742166417 1449991742126888
1449991742176740 1449991742176799 1449991742214337 1449991742177023
1449991742226726 1449991742226763 1449991742266437 1449991742226935
1449991742276739 1449991742276796 1449991742314461 1449991742277050
1449991742326736 1449991742326805 1449991742366432 1449991742327102
1449991742376745 1449991742376808 1449991742414348 1449991742377101
1449991742426751 1449991742426788 1449991742466393 1449991742426940
1449991742476738 1449991742476821 1449991742514352 1449991742477060
1449991742526737 1449991742526789 1449991742566403 1449991742526996
1449991742576733 1449991742576775 1449991742614344 1449991742576935
1449991742626722 1449991742626776 1449991742666417 1449991742626940
1449991742676754 1449991742676855 1449991742714477 1449991742677244
1449991742726759 1449991742726850 1449991742766539 1449991742727134
1449991742776753 1449991742776849 1449991742814422 1449991742777147
1449991742826754 1449991742826851 1449991742866417 1449991742827167
1449991742876734 1449991742876818 1449991742914394 1449991742877060
1449991742926779 1449991742926877 1449991742966366 1449991742927230
1449991742976731 1449991742976789 1449991743014343 1449991742976918
1449991743026721 1449991743026760 1449991743066364 1449991743026924
1449991743076748 1449991743076785 1449991743114358 1449991743076950
1449991743126724 1449991743126843 1449991743166360 1449991743126951
1449991743176715 1449991743176769 1449991743214413 1449991743176910
1449991743226742 1449991743226819 1449991743266395 1449991743227166
1449991743276746 1449991743276797 1449991743314404 1449991743277058
1449991743326747 1449991743326803 1449991743366451 1449991743327004
1449991743376778 1449991743376858 1449991743414425 1449991743377182
1449991743426749 1449991743426813 1449991743466467 1449991743427085
1449991743476749 1449991743476814 1449991743514349 1449991743477111
1449991743526730 1449991743526767 1449991743566357 1449991743526923
1449991743576721 1449991743576762 1449991743614405 1449991743576933
1449991743626718 1449991743626789 1449991743666375 1449991743627032
1449991743676726 1449991743676782 1449991743714358 1449991743677050
1449991743726728 1449991743726789 1449991743766468 1449991743727016
1449991743776734 1449991743776817 1449991743814471 1449991743777195
1449991743826772 1449991743826855 1449991743866350 1449991743827170
1449991743876718 1449991743876769 1449991743914458 1449991743876884
1449991743926780 1449991743926862 1449991743966452 1449991743927280
1449991743976750 1449991743976820 1449991744014472 1449991743977150
1449991744026750 1449991744026856 1449991744066451 1449991744027223
1449991744076777 1449991744076884 1449991744114458 1449991744077215
1449991744126762 1449991744126852 1449991744166464 1449991744127206
1449991744176761 1449991744176852 1449991744214480 1449991744177228
1449991744226742 1449991744226884 1449991744266477 1449991744227170
1449991744276780 1449991744276872 1449991744314402 1449991744277226
1449991744326764 1449991744326815 1449991744366382 1449991744327050
1449991744376734 1449991744376772 1449991744414376 1449991744376979
1449991744426733 1449991744426779 1449991744466383 1449991744426989
1449991744476741 1449991744476798 1449991744514320 1449991744477027
1449991744526724 1449991744526766 1449991744566402 1449991744526994
1449991744576753 1449991744576799 1449991744614387 1449991744577111
1449991744626723 1449991744626765 1449991744666356 1449991744626982
1449991744676717 1449991744676750 1449991744714360 1449991744676894
1449991744726714 1449991744726777 1449991744766481 1449991744726961
1449991744776768 1449991744776873 1449991744814448 1449991744777184
1449991744826745 1449991744826842 1449991744866421 1449991744827115
1449991744876765 1449991744876863 1449991744914406 1449991744877189
1449991744926753 1449991744926851 1449991744966431 1449991744927179
1449991744976787 1449991744976886 1449991745014471 1449991744977143
1449991745026788 1449991745026886 1449991745066433 1449991745027274
1449991745076772 1449991745076871 1449991745114456 1449991745077185
1449991745126774 1449991745126872 1449991745166405 1449991745127210
1449991745176746 1449991745176824 1449991745214395 1449991745177058
1449991745226754 1449991745226847 1449991745266392 1449991745227168
1449991745276725 1449991745276765 1449991745314390 1449991745276899
1449991745326722 1449991745326762 1449991745366405 1449991745326906
1449991745376726 1449991745376756 1449991745414413 1449991745376883
1449991745426724 1449991745426766 1449991745466410 1449991745426963
1449991745476737 1449991745476818 1449991745514342 1449991745477047
1449991745526741 1449991745526772 1449991745566365 1449991745526882
1449991745576716 1449991745576765 1449991745614376 1449991745576882
1449991745626740 1449991745626792 1449991745666460 1449991745627026
1449991745676746 1449991745676801 1449991745714376 1449991745677057
1449991745726721 1449991745726772 1449991745766355 1449991745726931
1449991745776737 1449991745776788 1449991745814471 1449991745777037
