1449991412538522 1449991412538633 1449991412538781 1449991412538830
1449991412588533 1449991412588624 1449991412588764 1449991412588817
1449991412638495 1449991412638585 1449991412638714 1449991412638821
1449991412688528 1449991412688618 1449991412688750 1449991412688870
1449991412738529 1449991412738705 1449991412738837 1449991412738933
1449991412788534 1449991412788626 1449991412788768 1449991412788856
1449991412838530 1449991412838650 1449991412838793 1449991412838899
1449991412888469 1449991412888511 1449991412888583 1449991412888621
1449991412938532 1449991412938631 1449991412938783 1449991412938857
1449991412988532 1449991412988624 1449991412988762 1449991412988811
1449991413038485 1449991413038560 1449991413038668 1449991413038717
1449991413088524 1449991413088614 1449991413088758 1449991413088847
1449991413138524 1449991413138614 1449991413138744 1449991413138852
1449991413188529 1449991413188649 1449991413188790 1449991413188890
1449991413238534 1449991413238629 1449991413238770 1449991413238865
1449991413288536 1449991413288628 1449991413288794 1449991413288905
1449991413338529 1449991413338627 1449991413338800 1449991413338906
1449991413388531 1449991413388629 1449991413388799 1449991413388893
1449991413438483 1449991413438557 1449991413438660 1449991413438726
1449991413488524 1449991413488616 1449991413488771 1449991413488853
1449991413538531 1449991413538662 1449991413538803 1449991413538896
1449991413588527 1449991413588619 1449991413588749 1449991413588843
1449991413638488 1449991413638565 1449991413638674 1449991413638761
1449991413688479 1449991413688542 1449991413688638 1449991413688704
1449991413738492 1449991413738584 1449991413738721 1449991413738807
1449991413788487 1449991413788532 1449991413788632 1449991413788699
1449991413838479 1449991413838522 1449991413838607 1449991413838665
1449991413888477 1449991413888560 1449991413888655 1449991413888719
1449991413938523 1449991413938616 1449991413938767 1449991413938877
1449991413988490 1449991413988565 1449991413988665 1449991413988740
1449991414038479 1449991414038542 1449991414038638 1449991414038699
1449991414088465 1449991414088530 1449991414088588 1449991414088627
1449991414138516 1449991414138607 1449991414138743 1449991414138854
1449991414188491 1449991414188545 1449991414188654 1449991414188765
1449991414238464 1449991414238510 1449991414238554 1449991414238592
1449991414288482 1449991414288541 1449991414288646 1449991414288720
1449991414338475 1449991414338515 1449991414338608 1449991414338664
1449991414388466 1449991414388521 1449991414388573 1449991414388608
1449991414438486 1449991414438569 1449991414438675 1449991414438760
1449991414488526 1449991414488617 1449991414488774 1449991414488889
1449991414538527 1449991414538617 1449991414538784 1449991414538868
1449991414588528 1449991414588646 1449991414588769 1449991414588852
1449991414638492 1449991414638549 1449991414638660 1449991414638733
1449991414688491 1449991414688550 1449991414688661 1449991414688733
1449991414738485 1449991414738524 1449991414738616 1449991414738684
1449991414788462 1449991414788514 1449991414788566 1449991414788602
1449991414838484 1449991414838570 1449991414838693 1449991414838768
1449991414888484 1449991414888538 1449991414888640 1449991414888731
1449991414938467 1449991414938507 1449991414938561 1449991414938597
1449991414988469 1449991414988528 1449991414988624 1449991414988684
1449991415038511 1449991415038585 1449991415038696 1449991415038782
1449991415088471 1449991415088508 1449991415088555 1449991415088591
1449991415138507 1449991415138585 1449991415138704 1449991415138823
1449991415188495 1449991415188621 1449991415188760 1449991415188881
1449991415238482 1449991415238538 1449991415238591 1449991415238629
1449991415288521 1449991415288681 1449991415288824 1449991415288968
1449991415338544 1449991415338668 1449991415338817 1449991415338960
1449991415388540 1449991415388661 1449991415388825 1449991415388925
1449991415438546 1449991415438644 1449991415438773 1449991415438855
1449991415488502 1449991415488592 1449991415488703 1449991415488795
1449991415538488 1449991415538574 1449991415538672 1449991415538778
1449991415588525 1449991415588618 1449991415588774 1449991415588876
1449991415638469 1449991415638500 1449991415638553 1449991415638589
1449991415688649 1449991415688741 1449991415688895 1449991415689003
1449991415738526 1449991415738617 1449991415738758 1449991415738900
1449991415788469 1449991415788519 1449991415788568 1449991415788606
1449991415838484 1449991415838561 1449991415838679 1449991415838759
1449991415888481 1449991415888546 1449991415888637 1449991415888714
1449991415938461 1449991415938504 1449991415938557 1449991415938593
1449991415988470 1449991415988515 1449991415988571 1449991415988650
1449991416038483 1449991416038542 1449991416038648 1449991416038680
1449991416088489 1449991416088557 1449991416088661 1449991416088681
1449991416138490 1449991416138578 1449991416138678 1449991416138717
1449991416188487 1449991416188552 1449991416188659 1449991416188712
1449991416238516 1449991416238562 1449991416238600 1449991416238648
1449991416288486 1449991416288568 1449991416288680 1449991416288758
1449991416338484 1449991416338585 1449991416338668 1449991416338683
1449991416388484 1449991416388537 1449991416388640 1449991416388706
1449991416438498 1449991416438549 1449991416438648 1449991416438688
1449991416488614 1449991416488748 1449991416488876 1449991416488979
1449991416538475 1449991416538515 1449991416538564 1449991416538644
1449991416588467 1449991416588526 1449991416588580 1449991416588610
1449991416638478 1449991416638559 1449991416638672 1449991416638756
1449991416688525 1449991416688644 1449991416688738 1449991416688783
1449991416738469 1449991416738504 1449991416738552 1449991416738628
1449991416788519 1449991416788610 1449991416788716 1449991416788784
1449991416838525 1449991416838618 1449991416838727 1449991416838771
1449991416888470 1449991416888534 1449991416888595 1449991416888627
1449991416938461 1449991416938514 1449991416938571 1449991416938602
1449991416988463 1449991416988526 1449991416988588 1449991416988617
1449991417038462 1449991417038532 1449991417038590 1449991417038620
1449991417088468 1449991417088534 1449991417088596 1449991417088626
1449991417138474 1449991417138513 1449991417138562 1449991417138596
1449991417188467 1449991417188535 1449991417188598 1449991417188628
1449991417238462 1449991417238526 1449991417238590 1449991417238620
1449991417288465 1449991417288529 1449991417288587 1449991417288618
1449991417338487 1449991417338564 1449991417338677 1449991417338758
1449991417388491 1449991417388696 1449991417388821 1449991417388888
1449991417438526 1449991417438617 1449991417438757 1449991417438840
1449991417488468 1449991417488529 1449991417488584 1449991417488615
1449991417538488 1449991417538576 1449991417538713 1449991417538793
1449991417588518 1449991417588609 1449991417588770 1449991417588861
1449991417638522 1449991417638614 1449991417638786 1449991417638874
1449991417688510 1449991417688601 1449991417688782 1449991417688871
1449991417738494 1449991417738610 1449991417738789 1449991417738876
1449991417788521 1449991417788608 1449991417788771 1449991417788866
1449991417838468 1449991417838529 1449991417838580 1449991417838608
1449991417888472 1449991417888522 1449991417888577 1449991417888608
1449991417938491 1449991417938586 1449991417938723 1449991417938780
1449991417988496 1449991417988583 1449991417988706 1449991417988784
1449991418038522 1449991418038614 1449991418038775 1449991418038865
1449991418088522 1449991418088747 1449991418088889 1449991418088984
1449991418138470 1449991418138533 1449991418138584 1449991418138617
1449991418188524 1449991418188615 1449991418188780 1449991418188847
1449991418238513 1449991418238604 1449991418238785 1449991418238826
1449991418288523 1449991418288615 1449991418288751 1449991418288838
1449991418338527 1449991418338704 1449991418338841 1449991418338933
1449991418388478 1449991418388554 1449991418388673 1449991418388808
1449991418438522 1449991418438647 1449991418438800 1449991418438897
1449991418488526 1449991418488618 1449991418488766 1449991418488866
1449991418538498 1449991418538598 1449991418538736 1449991418538831
1449991418588513 1449991418588609 1449991418588745 1449991418588836
1449991418638487 1449991418638559 1449991418638668 1449991418638731
1449991418688520 1449991418688618 1449991418688754 1449991418688796
1449991418738529 1449991418738627 1449991418738742 1449991418738781
1449991418788487 1449991418788579 1449991418788661 1449991418788688
1449991418838491 1449991418838581 1449991418838695 1449991418838764
1449991418888529 1449991418888601 1449991418888689 1449991418888764
1449991418938529 1449991418938627 1449991418938790 1449991418938879
1449991418988511 1449991418988602 1449991418988726 1449991418988843
1449991419038531 1449991419038599 1449991419038723 1449991419038805
1449991419088529 1449991419088598 1449991419088768 1449991419088907
1449991419138463 1449991419138510 1449991419138570 1449991419138601
1449991419188469 1449991419188549 1449991419188666 1449991419188721
1449991419238477 1449991419238557 1449991419238681 1449991419238741
1449991419288520 1449991419288611 1449991419288769 1449991419288840
1449991419338485 1449991419338518 1449991419338578 1449991419338634
1449991419388494 1449991419388553 1449991419388696 1449991419388770
1449991419438524 1449991419438588 1449991419438731 1449991419438824
1449991419488529 1449991419488663 1449991419488794 1449991419488927
1449991419538467 1449991419538516 1449991419538568 1449991419538600
1449991419588477 1449991419588556 1449991419588666 1449991419588735
1449991419638483 1449991419638534 1449991419638636 1449991419638694
1449991419688488 1449991419688548 1449991419688686 1449991419688764
1449991419738482 1449991419738524 1449991419738619 1449991419738687
1449991419788473 1449991419788540 1449991419788672 1449991419788778
1449991419838526 1449991419838621 1449991419838791 1449991419838878
1449991419888483 1449991419888535 1449991419888644 1449991419888713
1449991419938523 1449991419938605 1449991419938734 1449991419938826
1449991419988483 1449991419988567 1449991419988665 1449991419988709
1449991420038534 1449991420038614 1449991420038734 1449991420039119
1449991420088521 1449991420088603 1449991420088771 1449991420088870
1449991420138527 1449991420138609 1449991420138710 1449991420138757
1449991420188490 1449991420188557 1449991420188641 1449991420188682
1449991420238482 1449991420238528 1449991420238625 1449991420238703
1449991420288477 1449991420288517 1449991420288621 1449991420288654
1449991420338524 1449991420338590 1449991420338728 1449991420338802
1449991420388488 1449991420388544 1449991420388652 1449991420388721
1449991420438526 1449991420438624 1449991420438774 1449991420438972
1449991420488523 1449991420488621 1449991420488781 1449991420488871
1449991420538491 1449991420538601 1449991420538720 1449991420538808
1449991420588524 1449991420588617 1449991420588789 1449991420588874
1449991420638529 1449991420638621 1449991420638766 1449991420638870
1449991420688485 1449991420688527 1449991420688628 1449991420688708
1449991420738479 1449991420738550 1449991420738648 1449991420738712
1449991420788473 1449991420788503 1449991420788587 1449991420788663
1449991420838478 1449991420838507 1449991420838595 1449991420838654
1449991420888476 1449991420888531 1449991420888619 1449991420888676
1449991420938527 1449991420938620 1449991420938763 1449991420938853
1449991420988527 1449991420988619 1449991420988751 1449991420988847
1449991421038527 1449991421038618 1449991421038748 1449991421038841
1449991421088510 1449991421088598 1449991421088727 1449991421088822
1449991421138493 1449991421138585 1449991421138714 1449991421138807
1449991421188485 1449991421188560 1449991421188673 1449991421188745
1449991421238483 1449991421238588 1449991421238719 1449991421238802
1449991421288523 1449991421288624 1449991421288771 1449991421288862
1449991421338473 1449991421338528 1449991421338627 1449991421338717
1449991421388527 1449991421388610 1449991421388771 1449991421388862
1449991421438484 1449991421438558 1449991421438666 1449991421438734
1449991421488480 1449991421488555 1449991421488654 1449991421488714
1449991421538524 1449991421538614 1449991421538753 1449991421538840
1449991421588531 1449991421588652 1449991421588821 1449991421588939
1449991421638484 1449991421638561 1449991421638660 1449991421638738
1449991421688476 1449991421688509 1449991421688594 1449991421688670
1449991421738521 1449991421738620 1449991421738743 1449991421738844
1449991421788528 1449991421788627 1449991421788791 1449991421788889
1449991421838531 1449991421838629 1449991421838801 1449991421838889
1449991421888523 1449991421888622 1449991421888798 1449991421888882
1449991421938486 1449991421938588 1449991421938691 1449991421938751
1449991421988480 1449991421988545 1449991421988653 1449991421988743
1449991422038479 1449991422038542 1449991422038650 1449991422038735
1449991422088519 1449991422088616 1449991422088783 1449991422088895
1449991422138528 1449991422138618 1449991422138773 1449991422138875
1449991422188484 1449991422188535 1449991422188638 1449991422188719
1449991422238483 1449991422238510 1449991422238588 1449991422238656
1449991422288488 1449991422288611 1449991422288740 1449991422288835
1449991422338484 1449991422338583 1449991422338722 1449991422338813
1449991422388529 1449991422388623 1449991422388767 1449991422388849
1449991422438532 1449991422438630 1449991422438765 1449991422438859
1449991422488487 1449991422488562 1449991422488664 1449991422488725
1449991422538526 1449991422538617 1449991422538783 1449991422538863
1449991422588533 1449991422588632 1449991422588780 1449991422588877
1449991422638491 1449991422638595 1449991422638702 1449991422638756
1449991422688527 1449991422688592 1449991422688733 1449991422688823
1449991422738513 1449991422738577 1449991422738726 1449991422738819
1449991422788526 1449991422788593 1449991422788742 1449991422788842
1449991422838486 1449991422838536 1449991422838647 1449991422838708
1449991422888531 1449991422888599 1449991422888751 1449991422888840
1449991422938526 1449991422938590 1449991422938731 1449991422938819
1449991422988526 1449991422988614 1449991422988756 1449991422988840
1449991423038523 1449991423038590 1449991423038732 1449991423038823
1449991423088510 1449991423088574 1449991423088720 1449991423088847
1449991423138526 1449991423138591 1449991423138759 1449991423138864
1449991423188485 1449991423188533 1449991423188627 1449991423188682
1449991423238479 1449991423238518 1449991423238605 1449991423238674
1449991423288474 1449991423288506 1449991423288594 1449991423288643
1449991423338492 1449991423338618 1449991423338783 1449991423338983
1449991423388470 1449991423388525 1449991423388582 1449991423388654
1449991423438479 1449991423438557 1449991423438666 1449991423438731
1449991423488479 1449991423488549 1449991423488644 1449991423488721
1449991423538475 1449991423538513 1449991423538609 1449991423538678
1449991423588476 1449991423588514 1449991423588613 1449991423588685
1449991423638477 1449991423638517 1449991423678328 1449991423638630
1449991423688524 1449991423688614 1449991423726395 1449991423688783
1449991423738517 1449991423738582 1449991423778363 1449991423738754
1449991423788518 1449991423788582 1449991423826380 1449991423788755
1449991423838530 1449991423838594 1449991423878363 1449991423838769
1449991423888529 1449991423888590 1449991423926373 1449991423888763
1449991423938528 1449991423938596 1449991423978364 1449991423938777
1449991423988530 1449991423988594 1449991424026362 1449991423988769
1449991424038513 1449991424038610 1449991424078363 1449991424038781
1449991424088525 1449991424088589 1449991424126357 1449991424088782
1449991424138529 1449991424138592 1449991424178365 1449991424138767
1449991424188505 1449991424188568 1449991424226352 1449991424188781
1449991424238492 1449991424238584 1449991424278366 1449991424238795
1449991424288497 1449991424288565 1449991424326367 1449991424288780
1449991424338529 1449991424338596 1449991424378361 1449991424338826
1449991424388526 1449991424388620 1449991424426386 1449991424388788
1449991424438497 1449991424438562 1449991424478363 1449991424438792
1449991424488532 1449991424488596 1449991424526365 1449991424488821
1449991424538496 1449991424538563 1449991424578371 1449991424538786
1449991424588528 1449991424588594 1449991424626369 1449991424588751
1449991424638528 1449991424638593 1449991424678353 1449991424638756
1449991424688529 1449991424688594 1449991424726367 1449991424688755
1449991424738530 1449991424738632 1449991424778329 1449991424738791
1449991424788522 1449991424788588 1449991424826356 1449991424788764
1449991424838529 1449991424838594 1449991424878351 1449991424838754
1449991424888529 1449991424888593 1449991424926383 1449991424888773
1449991424938472 1449991424938516 1449991424978371 1449991424938595
1449991424988498 1449991424988561 1449991425026376 1449991424988719
1449991425038528 1449991425038590 1449991425078355 1449991425038783
1449991425088485 1449991425088576 1449991425126377 1449991425088750
1449991425138519 1449991425138584 1449991425178333 1449991425138745
1449991425188475 1449991425188518 1449991425226367 1449991425188621
1449991425238492 1449991425238558 1449991425278356 1449991425238756
1449991425288524 1449991425288616 1449991425326362 1449991425288797
1449991425338529 1449991425338628 1449991425378358 1449991425338827
1449991425388511 1449991425388576 1449991425426356 1449991425388739
1449991425438486 1449991425438579 1449991425478354 1449991425438739
1449991425488529 1449991425488593 1449991425526390 1449991425488765
1449991425538528 1449991425538598 1449991425578345 1449991425538808
1449991425588484 1449991425588531 1449991425626322 1449991425588638
1449991425638524 1449991425638589 1449991425678340 1449991425638773
1449991425688531 1449991425688598 1449991425726368 1449991425688777
1449991425738524 1449991425738589 1449991425778334 1449991425738790
1449991425788483 1449991425788555 1449991425826372 1449991425788666
1449991425838526 1449991425838593 1449991425878358 1449991425838811
1449991425888529 1449991425888627 1449991425926367 1449991425888807
1449991425938526 1449991425938592 1449991425978360 1449991425938802
1449991425988529 1449991425988595 1449991426026358 1449991425988833
1449991426038529 1449991426038595 1449991426078371 1449991426038830
1449991426088528 1449991426088626 1449991426126382 1449991426088867
1449991426138515 1449991426138631 1449991426178345 1449991426138834
1449991426188496 1449991426188587 1449991426226384 1449991426188753
1449991426238528 1449991426238619 1449991426278346 1449991426238789
1449991426288527 1449991426288618 1449991426326368 1449991426288787
1449991426338484 1449991426338571 1449991426378342 1449991426338741
1449991426388509 1449991426388599 1449991426426359 1449991426388777
1449991426438530 1449991426438620 1449991426478346 1449991426438810
1449991426488528 1449991426488650 1449991426526354 1449991426488831
1449991426538531 1449991426538621 1449991426578346 1449991426538798
1449991426588530 1449991426588622 1449991426626350 1449991426588791
1449991426638489 1449991426638570 1449991426678316 1449991426638689
1449991426688481 1449991426688546 1449991426726325 1449991426688658
1449991426738525 1449991426738615 1449991426778351 1449991426738820
1449991426788533 1449991426788631 1449991426826373 1449991426788834
1449991426838535 1449991426838652 1449991426878355 1449991426838808
1449991426888532 1449991426888623 1449991426926360 1449991426888797
1449991426938532 1449991426938623 1449991426978353 1449991426938793
1449991426988528 1449991426988618 1449991427026330 1449991426988791
1449991427038486 1449991427038558 1449991427078321 1449991427038670
1449991427088523 1449991427088614 1449991427126364 1449991427088794
1449991427138480 1449991427138569 1449991427178334 1449991427138739
1449991427188486 1449991427188578 1449991427226312 1449991427188690
1449991427238479 1449991427238533 1449991427278317 1449991427238633
1449991427288523 1449991427288615 1449991427326359 1449991427288823
1449991427338531 1449991427338626 1449991427378333 1449991427338824
1449991427388531 1449991427388631 1449991427426394 1449991427388831
1449991427438500 1449991427438597 1449991427478326 1449991427438827
1449991427488531 1449991427488614 1449991427526387 1449991427488853
1449991427538530 1449991427538656 1449991427578363 1449991427538869
1449991427588533 1449991427588615 1449991427626374 1449991427588833
1449991427638532 1449991427638617 1449991427678355 1449991427638796
1449991427688524 1449991427688616 1449991427726368 1449991427688812
1449991427738529 1449991427738611 1449991427778369 1449991427738774
1449991427788505 1449991427788589 1449991427826331 1449991427788802
1449991427838525 1449991427838610 1449991427878351 1449991427838778
1449991427888524 1449991427888631 1449991427926336 1449991427888847
1449991427938528 1449991427938611 1449991427978351 1449991427938775
1449991427988529 1449991427988611 1449991428026373 1449991427988767
1449991428038529 1449991428038612 1449991428078351 1449991428038780
1449991428088529 1449991428088611 1449991428126353 1449991428088786
1449991428138529 1449991428138610 1449991428178355 1449991428138778
1449991428188497 1449991428188580 1449991428226376 1449991428188795
1449991428238519 1449991428238634 1449991428278363 1449991428238817
1449991428288526 1449991428288624 1449991428326357 1449991428288868
1449991428338489 1449991428338585 1449991428378344 1449991428338797
1449991428388489 1449991428388565 1449991428426319 1449991428388703
1449991428438479 1449991428438543 1449991428478329 1449991428438680
1449991428488523 1449991428488611 1449991428526368 1449991428488801
1449991428538530 1449991428538630 1449991428578339 1449991428538826
1449991428588488 1449991428588580 1449991428626338 1449991428588754
1449991428638480 1449991428638545 1449991428678325 1449991428638664
1449991428688477 1449991428688542 1449991428726385 1449991428688669
1449991428738508 1449991428738605 1449991428778334 1449991428738788
1449991428788485 1449991428788551 1449991428826325 1449991428788672
1449991428838477 1449991428838540 1449991428878325 1449991428838666
1449991428888468 1449991428888539 1449991428926368 1449991428888668
1449991428938525 1449991428938639 1449991428978354 1449991428938894
1449991428988502 1449991428988575 1449991429026355 1449991428988809
1449991429038531 1449991429038620 1449991429078336 1449991429038866
1449991429088527 1449991429088622 1449991429126354 1449991429088795
1449991429138477 1449991429138564 1449991429178357 1449991429138708
1449991429188525 1449991429188617 1449991429226335 1449991429188783
1449991429238485 1449991429238555 1449991429278323 1449991429238668
1449991429288477 1449991429288793 1449991429326381 1449991429288904
1449991429338522 1449991429338615 1449991429378348 1449991429338804
1449991429388478 1449991429388521 1449991429426367 1449991429388676
1449991429438526 1449991429438625 1449991429478332 1449991429438816
1449991429488485 1449991429488555 1449991429526364 1449991429488677
1449991429538493 1449991429538592 1449991429578335 1449991429538761
1449991429588488 1449991429588534 1449991429626329 1449991429588653
1449991429638477 1449991429638548 1449991429678329 1449991429638654
1449991429688525 1449991429688618 1449991429726356 1449991429688846
1449991429738527 1449991429738618 1449991429778336 1449991429738852
1449991429788483 1449991429788551 1449991429826369 1449991429788676
1449991429838524 1449991429838617 1449991429878351 1449991429838820
1449991429888530 1449991429888643 1449991429926372 1449991429888817
1449991429938529 1449991429938618 1449991429978353 1449991429938804
1449991429988530 1449991429988627 1449991430026368 1449991429988804
1449991430038537 1449991430038626 1449991430078355 1449991430038813
1449991430088529 1449991430088628 1449991430126345 1449991430088818
1449991430138532 1449991430138631 1449991430178352 1449991430138809
1449991430188522 1449991430188612 1449991430226332 1449991430188791
1449991430238489 1449991430238610 1449991430278356 1449991430238751
1449991430288527 1449991430288643 1449991430326349 1449991430288845
1449991430338514 1449991430338606 1449991430378329 1449991430338799
1449991430388530 1449991430388621 1449991430426395 1449991430388798
1449991430438498 1449991430438587 1449991430478358 1449991430438792
1449991430488528 1449991430488610 1449991430526371 1449991430488776
1449991430538513 1449991430538595 1449991430578311 1449991430538772
1449991430588465 1449991430588530 1449991430626363 1449991430588611
1449991430638526 1449991430638610 1449991430678353 1449991430638790
1449991430688530 1449991430688611 1449991430726343 1449991430688783
1449991430738497 1449991430738579 1449991430778354 1449991430738752
1449991430788527 1449991430788611 1449991430826317 1449991430788792
1449991430838528 1449991430838611 1449991430878325 1449991430838782
1449991430888522 1449991430888592 1449991430926347 1449991430888758
1449991430938530 1449991430938620 1449991430978366 1449991430938801
1449991430988528 1449991430988595 1449991431026322 1449991430988738
1449991431038498 1449991431038649 1449991431078319 1449991431038835
1449991431088530 1449991431088649 1449991431126370 1449991431088837
1449991431138531 1449991431138597 1449991431178357 1449991431138759
1449991431188525 1449991431188647 1449991431226371 1449991431188846
1449991431238502 1449991431238574 1449991431278359 1449991431238692
1449991431288525 1449991431288625 1449991431326352 1449991431288795
1449991431338498 1449991431338561 1449991431378407 1449991431338699
1449991431388483 1449991431388522 1449991431426356 1449991431388596
1449991431438524 1449991431438592 1449991431478356 1449991431438764
1449991431488527 1449991431488595 1449991431526353 1449991431488785
1449991431538518 1449991431538586 1449991431578354 1449991431538788
1449991431588501 1449991431588567 1449991431626367 1449991431588767
1449991431638511 1449991431638599 1449991431678352 1449991431638765
1449991431688528 1449991431688597 1449991431726383 1449991431688807
1449991431738517 1449991431738586 1449991431778349 1449991431738798
1449991431788528 1449991431788594 1449991431826363 1449991431788759
1449991431838532 1449991431838598 1449991431878350 1449991431838778
1449991431888530 1449991431888596 1449991431926363 1449991431888777
1449991431938528 1449991431938594 1449991431978344 1449991431938803
1449991431988526 1449991431988616 1449991432026350 1449991431988827
1449991432038529 1449991432038626 1449991432078364 1449991432038864
1449991432088494 1449991432088590 1449991432126351 1449991432088741
1449991432138529 1449991432138629 1449991432178361 1449991432138829
1449991432188529 1449991432188627 1449991432226378 1449991432188829
1449991432238497 1449991432238594 1449991432278356 1449991432238748
1449991432288497 1449991432288568 1449991432326364 1449991432288738
1449991432338530 1449991432338619 1449991432378365 1449991432338796
1449991432388495 1449991432388558 1449991432426374 1449991432388769
1449991432438528 1449991432438625 1449991432478356 1449991432438836
1449991432488513 1449991432488581 1449991432526369 1449991432488807
1449991432538527 1449991432538624 1449991432578358 1449991432538842
1449991432588526 1449991432588616 1449991432626357 1449991432588819
1449991432638529 1449991432638599 1449991432678365 1449991432638820
1449991432688502 1449991432688589 1449991432726346 1449991432688740
1449991432738513 1449991432738632 1449991432778353 1449991432738791
1449991432788525 1449991432788617 1449991432826389 1449991432788832
1449991432838532 1449991432838630 1449991432878357 1449991432838821
1449991432888499 1449991432888562 1449991432926355 1449991432888722
1449991432938530 1449991432938597 1449991432978356 1449991432938774
1449991432988494 1449991432988560 1449991433026361 1449991432988740
1449991433038525 1449991433038612 1449991433078359 1449991433038813
1449991433088521 1449991433088613 1449991433126370 1449991433088838
1449991433138531 1449991433138612 1449991433178346 1449991433138772
1449991433188501 1449991433188608 1449991433226348 1449991433188819
1449991433238501 1449991433238567 1449991433278355 1449991433238772
1449991433288526 1449991433288616 1449991433326358 1449991433288785
1449991433338530 1449991433338621 1449991433378357 1449991433338827
1449991433388493 1449991433388613 1449991433426384 1449991433388773
1449991433438493 1449991433438585 1449991433478360 1449991433438802
1449991433488524 1449991433488622 1449991433526388 1449991433488828
1449991433538535 1449991433538625 1449991433578358 1449991433538844
1449991433588532 1449991433588629 1449991433626350 1449991433588774
1449991433638530 1449991433638620 1449991433678359 1449991433638826
1449991433688527 1449991433688610 1449991433726373 1449991433688772
1449991433738516 1449991433738632 1449991433778363 1449991433738805
1449991433788530 1449991433788621 1449991433826356 1449991433788841
1449991433838531 1449991433838623 1449991433878348 1449991433838799
1449991433888530 1449991433888630 1449991433926366 1449991433888829
1449991433938532 1449991433938631 1449991433978360 1449991433938830
1449991433988528 1449991433988618 1449991434026362 1449991433988834
1449991434038528 1449991434038625 1449991434078360 1449991434038794
1449991434088529 1449991434088653 1449991434126361 1449991434088866
1449991434138533 1449991434138611 1449991434178364 1449991434138809
1449991434188532 1449991434188624 1449991434226366 1449991434188839
1449991434238515 1449991434238578 1449991434278364 1449991434238765
1449991434288525 1449991434288590 1449991434326347 1449991434288758
1449991434338479 1449991434338544 1449991434378354 1449991434338715
1449991434388523 1449991434388587 1449991434426345 1449991434388774
1449991434438529 1449991434438623 1449991434478355 1449991434438811
1449991434488530 1449991434488630 1449991434526362 1449991434488800
1449991434538513 1449991434538578 1449991434578355 1449991434538753
1449991434588530 1449991434588595 1449991434626366 1449991434588771
1449991434638530 1449991434638595 1449991434678359 1449991434638823
1449991434688532 1449991434688598 1449991434726382 1449991434688811
1449991434738529 1449991434738594 1449991434778361 1449991434738826
1449991434788528 1449991434788618 1449991434826363 1449991434788839
1449991434838529 1449991434838628 1449991434878345 1449991434838834
1449991434888530 1449991434888623 1449991434926366 1449991434888826
1449991434938529 1449991434938630 1449991434978343 1449991434938785
1449991434988527 1449991434988664 1449991435026350 1449991434988830
1449991435038522 1449991435038645 1449991435078341 1449991435038804
1449991435088497 1449991435088636 1449991435126346 1449991435088800
1449991435138531 1449991435138685 1449991435178322 1449991435138841
1449991435188485 1449991435188616 1449991435226319 1449991435188726
1449991435238476 1449991435238580 1449991435278340 1449991435238693
1449991435288488 1449991435288614 1449991435326367 1449991435288777
1449991435338530 1449991435338668 1449991435378352 1449991435338851
1449991435388534 1449991435388625 1449991435426369 1449991435388801
1449991435438530 1449991435438621 1449991435478358 1449991435438799
1449991435488529 1449991435488644 1449991435526369 1449991435488825
1449991435538527 1449991435538628 1449991435578346 1449991435538806
1449991435588529 1449991435588620 1449991435626356 1449991435588803
1449991435638529 1449991435638628 1449991435678352 1449991435638807
1449991435688531 1449991435688621 1449991435726358 1449991435688847
1449991435738513 1449991435738613 1449991435778358 1449991435738791
1449991435788529 1449991435788629 1449991435826349 1449991435788807
1449991435838530 1449991435838640 1449991435878359 1449991435838822
1449991435888526 1449991435888617 1449991435926380 1449991435888794
1449991435938532 1449991435938623 1449991435978353 1449991435938837
1449991435988493 1449991435988582 1449991436026310 1449991435988739
1449991436038495 1449991436038580 1449991436078350 1449991436038739
1449991436088530 1449991436088627 1449991436126369 1449991436088820
1449991436138500 1449991436138591 1449991436178320 1449991436138804
1449991436188526 1449991436188624 1449991436226354 1449991436188811
1449991436238498 1449991436238594 1449991436278322 1449991436238799
1449991436288492 1449991436288577 1449991436326351 1449991436288741
1449991436338529 1449991436338629 1449991436378357 1449991436338810
1449991436388528 1449991436388626 1449991436426317 1449991436388812
1449991436438474 1449991436438526 1449991436478344 1449991436438602
1449991436488525 1449991436488617 1449991436526388 1449991436488834
1449991436538531 1449991436538629 1449991436578312 1449991436538845
1449991436588468 1449991436588531 1449991436626365 1449991436588609
1449991436638533 1449991436638623 1449991436678358 1449991436638856
1449991436688527 1449991436688592 1449991436726313 1449991436688801
1449991436738470 1449991436738512 1449991436778352 1449991436738587
1449991436788496 1449991436788565 1449991436826364 1449991436788768
1449991436838530 1449991436838595 1449991436878307 1449991436838748
1449991436888528 1449991436888606 1449991436926342 1449991436888771
1449991436938531 1449991436938601 1449991436978353 1449991436938808
1449991436988470 1449991436988512 1449991437026353 1449991436988588
1449991437038515 1449991437038580 1449991437078349 1449991437038754
1449991437088495 1449991437088561 1449991437126337 1449991437088774
1449991437138469 1449991437138511 1449991437178359 1449991437138579
1449991437188529 1449991437188595 1449991437226385 1449991437188807
1449991437238504 1449991437238581 1449991437278317 1449991437238825
1449991437288469 1449991437288522 1449991437326376 1449991437288595
1449991437338488 1449991437338582 1449991437378360 1449991437338752
1449991437388532 1449991437388599 1449991437426320 1449991437388771
1449991437438472 1449991437438516 1449991437478340 1449991437438593
1449991437488488 1449991437488581 1449991437526358 1449991437488703
1449991437538534 1449991437538626 1449991437578336 1449991437538773
1449991437588474 1449991437588512 1449991437626352 1449991437588621
1449991437638526 1449991437638702 1449991437678342 1449991437638898
1449991437688532 1449991437688623 1449991437726310 1449991437688793
1449991437738529 1449991437738622 1449991437778362 1449991437738810
1449991437788486 1449991437788553 1449991437826368 1449991437788701
1449991437838472 1449991437838518 1449991437878316 1449991437838595
1449991437888479 1449991437888512 1449991437926314 1449991437888581
1449991437938482 1449991437938549 1449991437978314 1449991437938699
1449991437988483 1449991437988514 1449991438026365 1449991437988627
1449991438038493 1449991438038585 1449991438078345 1449991438038768
1449991438088521 1449991438088591 1449991438126371 1449991438088757
1449991438138530 1449991438138598 1449991438178320 1449991438138804
1449991438188472 1449991438188506 1449991438226346 1449991438188572
1449991438238488 1449991438238550 1449991438278345 1449991438238711
1449991438288524 1449991438288598 1449991438326341 1449991438288793
1449991438338513 1449991438338576 1449991438378319 1449991438338740
1449991438388487 1449991438388546 1449991438426330 1449991438388696
1449991438438516 1449991438438581 1449991438478362 1449991438438777
1449991438488492 1449991438488555 1449991438526387 1449991438488718
1449991438538527 1449991438538593 1449991438578357 1449991438538841
1449991438588531 1449991438588595 1449991438626370 1449991438588769
1449991438638531 1449991438638608 1449991438678353 1449991438638791
1449991438688528 1449991438688598 1449991438726350 1449991438688783
1449991438738528 1449991438738596 1449991438778356 1449991438738775
1449991438788526 1449991438788595 1449991438826356 1449991438788858
1449991438838528 1449991438838596 1449991438878357 1449991438838849
1449991438888541 1449991438888612 1449991438926356 1449991438888868
1449991438938492 1449991438938552 1449991438978357 1449991438938767
1449991438988530 1449991438988602 1449991439026407 1449991438988846
1449991439038500 1449991439038564 1449991439078358 1449991439038725
1449991439088526 1449991439088593 1449991439126384 1449991439088819
1449991439138527 1449991439138595 1449991439178356 1449991439138781
1449991439188482 1449991439188549 1449991439226356 1449991439188725
1449991439238498 1449991439238568 1449991439278337 1449991439238857
1449991439288528 1449991439288625 1449991439326359 1449991439288808
1449991439338532 1449991439338608 1449991439378346 1449991439338822
1449991439388530 1449991439388627 1449991439426305 1449991439388834
1449991439438476 1449991439438515 1449991439478320 1449991439438613
1449991439488484 1449991439488539 1449991439526375 1449991439488671
1449991439538497 1449991439538562 1449991439578352 1449991439538725
1449991439588530 1449991439588598 1449991439626348 1449991439588811
1449991439638531 1449991439638596 1449991439678352 1449991439638806
1449991439688512 1449991439688585 1449991439726353 1449991439688765
1449991439738531 1449991439738596 1449991439778333 1449991439738768
1449991439788522 1449991439788586 1449991439826354 1449991439788751
1449991439838529 1449991439838598 1449991439878353 1449991439838762
1449991439888530 1449991439888596 1449991439926351 1449991439888761
1449991439938471 1449991439938510 1449991439978350 1449991439938583
1449991439988523 1449991439988594 1449991440026368 1449991439988759
1449991440038531 1449991440038606 1449991440078356 1449991440038806
1449991440088529 1449991440088598 1449991440126368 1449991440088814
1449991440138530 1449991440138594 1449991440178356 1449991440138774
1449991440188495 1449991440188562 1449991440226356 1449991440188740
1449991440238495 1449991440238563 1449991440278357 1449991440238740
1449991440288529 1449991440288594 1449991440326363 1449991440288770
1449991440338530 1449991440338593 1449991440378356 1449991440338772
1449991440388527 1449991440388601 1449991440426332 1449991440388798
1449991440438493 1449991440438578 1449991440478347 1449991440438722
1449991440488490 1449991440488575 1449991440526350 1449991440488712
1449991440538529 1449991440538627 1449991440578329 1449991440538782
1449991440588532 1449991440588630 1449991440626337 1449991440588778
1449991440638486 1449991440638538 1449991440678323 1449991440638641
1449991440688527 1449991440688625 1449991440726364 1449991440688778
1449991440738532 1449991440738629 1449991440778329 1449991440738780
1449991440788488 1449991440788560 1449991440826322 1449991440788654
1449991440838484 1449991440838554 1449991440878322 1449991440838647
1449991440888522 1449991440888620 1449991440926351 1449991440888770
1449991440938532 1449991440938629 1449991440978338 1449991440938783
1449991440988492 1449991440988575 1449991441026326 1449991440988687
1449991441038485 1449991441038552 1449991441078323 1449991441038644
1449991441088521 1449991441088624 1449991441126382 1449991441088816
1449991441138531 1449991441138599 1449991441178335 1449991441138778
1449991441188525 1449991441188592 1449991441226330 1449991441188755
1449991441238484 1449991441238532 1449991441278352 1449991441238627
1449991441288489 1449991441288558 1449991441326351 1449991441288722
1449991441338530 1449991441338594 1449991441378339 1449991441338758
1449991441388488 1449991441388543 1449991441426351 1449991441388648
1449991441438467 1449991441438513 1449991441478356 1449991441438582
1449991441488474 1449991441488517 1449991441526356 1449991441488593
1449991441538516 1449991441538581 1449991441578353 1449991441538744
1449991441588528 1449991441588596 1449991441626360 1449991441588760
1449991441638531 1449991441638595 1449991441678354 1449991441638770
1449991441688498 1449991441688567 1449991441726381 1449991441688733
1449991441738527 1449991441738595 1449991441778335 1449991441738770
1449991441788526 1449991441788598 1449991441826336 1449991441788780
1449991441838486 1449991441838533 1449991441878322 1449991441838645
1449991441888522 1449991441888612 1449991441926376 1449991441888840
1449991441938533 1449991441938600 1449991441978344 1449991441938794
1449991441988486 1449991441988540 1449991442026375 1449991441988642
1449991442038498 1449991442038568 1449991442078357 1449991442038793
1449991442088528 1449991442088618 1449991442126358 1449991442088823
1449991442138499 1449991442138596 1449991442178336 1449991442138819
1449991442188525 1449991442188593 1449991442226301 1449991442188789
1449991442238487 1449991442238540 1449991442278354 1449991442238655
1449991442288486 1449991442288548 1449991442326396 1449991442288699
1449991442338535 1449991442338601 1449991442378360 1449991442338766
1449991442388536 1449991442388604 1449991442426381 1449991442388787
1449991442438530 1449991442438596 1449991442478349 1449991442438825
