1449997343490159 1449997343490251 1449997343490309 1449997343490337
1449997343540168 1449997343540220 1449997343540259 1449997343540310
1449997343590210 1449997343590353 1449997343590400 1449997343590513
1449997343640212 1449997343640309 1449997343640361 1449997343640466
1449997343690202 1449997343690346 1449997343690405 1449997343690492
1449997343740188 1449997343740575 1449997343740622 1449997343740707
1449997343790212 1449997343790349 1449997343790397 1449997343790475
1449997343840190 1449997343840268 1449997343840333 1449997343840425
1449997343890175 1449997343890261 1449997343890325 1449997343890401
1449997343940177 1449997343940209 1449997343940237 1449997343940286
1449997343990153 1449997343990337 1449997343990379 1449997343990450
1449997344040216 1449997344040331 1449997344040381 1449997344040462
1449997344090213 1449997344090336 1449997344090385 1449997344090464
1449997344140376 1449997344140477 1449997344140536 1449997344140625
1449997344190176 1449997344190238 1449997344190263 1449997344190315
1449997344240174 1449997344240230 1449997344240275 1449997344240344
1449997344290209 1449997344290349 1449997344290394 1449997344290472
1449997344340171 1449997344340261 1449997344340303 1449997344340368
1449997344390168 1449997344390225 1449997344390267 1449997344390339
1449997344440212 1449997344440305 1449997344440370 1449997344440423
1449997344490171 1449997344490260 1449997344490323 1449997344490396
1449997344540184 1449997344540274 1449997344540321 1449997344540387
1449997344590151 1449997344590208 1449997344590242 1449997344590294
1449997344640167 1449997344640254 1449997344640299 1449997344640363
1449997344690164 1449997344690336 1449997344690381 1449997344690463
1449997344740195 1449997344740292 1449997344740341 1449997344740421
1449997344790162 1449997344790259 1449997344790331 1449997344790415
1449997344840214 1449997344840306 1449997344840354 1449997344840435
1449997344890145 1449997344890197 1449997344890233 1449997344890267
1449997344940214 1449997344940307 1449997344940355 1449997344940436
1449997344990203 1449997344990331 1449997344990377 1449997344990479
1449997345040165 1449997345040266 1449997345040316 1449997345040394
1449997345090218 1449997345090348 1449997345090392 1449997345090498
1449997345140218 1449997345140300 1449997345140353 1449997345140461
1449997345190214 1449997345190346 1449997345190404 1449997345190503
1449997345240198 1449997345240262 1449997345240301 1449997345240378
1449997345290214 1449997345290321 1449997345290365 1449997345290453
1449997345340175 1449997345340234 1449997345340276 1449997345340359
1449997345390211 1449997345390341 1449997345390387 1449997345390482
1449997345440210 1449997345440276 1449997345440323 1449997345440414
1449997345490218 1449997345490328 1449997345490373 1449997345490461
1449997345540220 1449997345540288 1449997345540334 1449997345540421
1449997345590216 1449997345590323 1449997345590367 1449997345590457
1449997345640219 1449997345640286 1449997345640331 1449997345640421
1449997345690210 1449997345690316 1449997345690361 1449997345690450
1449997345740194 1449997345740286 1449997345740332 1449997345740417
1449997345790215 1449997345790320 1449997345790365 1449997345790451
1449997345840215 1449997345840281 1449997345840328 1449997345840419
1449997345890215 1449997345890323 1449997345890368 1449997345890454
1449997345940214 1449997345940281 1449997345940327 1449997345940416
1449997345990195 1449997345990263 1449997345990330 1449997345990416
1449997346040185 1449997346040255 1449997346040315 1449997346040398
1449997346090215 1449997346090355 1449997346090411 1449997346090517
1449997346140207 1449997346140274 1449997346140329 1449997346140438
1449997346190197 1449997346190268 1449997346190350 1449997346190457
1449997346240216 1449997346240308 1449997346240361 1449997346240466
1449997346290216 1449997346290350 1449997346290393 1449997346290498
1449997346340180 1449997346340256 1449997346340303 1449997346340369
1449997346390214 1449997346390337 1449997346390382 1449997346390489
1449997346440214 1449997346440340 1449997346440390 1449997346440496
1449997346490211 1449997346490344 1449997346490388 1449997346490494
1449997346540213 1449997346540296 1449997346540347 1449997346540447
1449997346590212 1449997346590344 1449997346590388 1449997346590500
1449997346640209 1449997346640292 1449997346640343 1449997346640450
1449997346690179 1449997346690260 1449997346690339 1449997346690445
1449997346740210 1449997346740277 1449997346740331 1449997346740437
1449997346790212 1449997346790351 1449997346790409 1449997346790515
1449997346840212 1449997346840281 1449997346840336 1449997346840440
1449997346890219 1449997346890326 1449997346890383 1449997346890489
1449997346940196 1449997346940278 1449997346940328 1449997346940434
1449997346990210 1449997346990348 1449997346990392 1449997346990498
1449997347040177 1449997347040259 1449997347040310 1449997347040419
1449997347090213 1449997347090344 1449997347090388 1449997347090494
1449997347140207 1449997347140327 1449997347140380 1449997347140487
1449997347190216 1449997347190343 1449997347190390 1449997347190499
1449997347240212 1449997347240295 1449997347240346 1449997347240453
1449997347290213 1449997347290344 1449997347290388 1449997347290494
1449997347340165 1449997347340227 1449997347340273 1449997347340373
1449997347390211 1449997347390341 1449997347390386 1449997347390493
1449997347440212 1449997347440295 1449997347440348 1449997347440454
1449997347490193 1449997347490357 1449997347490403 1449997347490512
1449997347540212 1449997347540295 1449997347540346 1449997347540453
1449997347590181 1449997347590261 1449997347590341 1449997347590447
1449997347640195 1449997347640265 1449997347640320 1449997347640427
1449997347690215 1449997347690323 1449997347690378 1449997347690485
1449997347740213 1449997347740294 1449997347740347 1449997347740452
1449997347790213 1449997347790345 1449997347790389 1449997347790496
1449997347840211 1449997347840320 1449997347840373 1449997347840481
1449997347890179 1449997347890260 1449997347890336 1449997347890442
1449997347940216 1449997347940284 1449997347940338 1449997347940442
1449997347990213 1449997347990324 1449997347990379 1449997347990486
1449997348040218 1449997348040299 1449997348040351 1449997348040459
1449997348090213 1449997348090340 1449997348090385 1449997348090490
1449997348140182 1449997348140263 1449997348140313 1449997348140419
1449997348190213 1449997348190364 1449997348190417 1449997348190524
1449997348240215 1449997348240297 1449997348240351 1449997348240458
1449997348290210 1449997348290339 1449997348290385 1449997348290489
1449997348340176 1449997348340232 1449997348340283 1449997348340381
1449997348390216 1449997348390355 1449997348390404 1449997348390510
1449997348440215 1449997348440307 1449997348440379 1449997348440484
1449997348490211 1449997348490349 1449997348490416 1449997348490521
1449997348540212 1449997348540339 1449997348540409 1449997348540513
1449997348590212 1449997348590354 1449997348590410 1449997348590519
1449997348640215 1449997348640299 1449997348640366 1449997348640465
1449997348690213 1449997348690336 1449997348690381 1449997348690486
1449997348740212 1449997348740291 1449997348740341 1449997348740444
1449997348790195 1449997348790308 1449997348790360 1449997348790465
1449997348840179 1449997348840258 1449997348840311 1449997348840416
1449997348890180 1449997348890333 1449997348890377 1449997348890482
1449997348940215 1449997348940296 1449997348940348 1449997348940455
1449997348990211 1449997348990340 1449997348990386 1449997348990491
1449997349040184 1449997349040258 1449997349040330 1449997349040441
1449997349090168 1449997349090256 1449997349090331 1449997349090436
1449997349140216 1449997349140298 1449997349140363 1449997349140470
1449997349190215 1449997349190350 1449997349190394 1449997349190502
1449997349240214 1449997349240338 1449997349240389 1449997349240495
1449997349290211 1449997349290340 1449997349290384 1449997349290492
1449997349340177 1449997349340235 1449997349340281 1449997349340378
1449997349390211 1449997349390340 1449997349390384 1449997349390492
1449997349440215 1449997349440298 1449997349440349 1449997349440457
1449997349490212 1449997349490338 1449997349490383 1449997349490491
1449997349540186 1449997349540261 1449997349540310 1449997349540410
1449997349590183 1449997349590343 1449997349590387 1449997349590493
1449997349640210 1449997349640293 1449997349640345 1449997349640451
1449997349690212 1449997349690337 1449997349690382 1449997349690484
1449997349740168 1449997349740246 1449997349740297 1449997349740404
1449997349790182 1449997349790266 1449997349790348 1449997349790462
1449997349840215 1449997349840298 1449997349840350 1449997349840457
1449997349890212 1449997349890338 1449997349890382 1449997349890488
1449997349940217 1449997349940326 1449997349940378 1449997349940485
1449997349990213 1449997349990340 1449997349990383 1449997349990490
1449997350040169 1449997350040252 1449997350040303 1449997350040411
1449997350090215 1449997350090347 1449997350090396 1449997350090502
1449997350140215 1449997350140301 1449997350140352 1449997350140459
1449997350190215 1449997350190350 1449997350190394 1449997350190501
1449997350240213 1449997350240296 1449997350240347 1449997350240454
1449997350290215 1449997350290368 1449997350290421 1449997350290528
1449997350340164 1449997350340225 1449997350340275 1449997350340376
1449997350390210 1449997350390335 1449997350390380 1449997350390483
1449997350440215 1449997350440298 1449997350440349 1449997350440454
1449997350490213 1449997350490340 1449997350490386 1449997350490494
1449997350540197 1449997350540277 1449997350540328 1449997350540436
1449997350590212 1449997350590342 1449997350590391 1449997350590518
1449997350640213 1449997350640338 1449997350640391 1449997350640507
1449997350690197 1449997350690369 1449997350690418 1449997350690616
1449997350740178 1449997350740320 1449997350740372 1449997350740483
1449997350790214 1449997350790338 1449997350790392 1449997350790501
1449997350840215 1449997350840335 1449997350840388 1449997350840501
1449997350890222 1449997350890339 1449997350890395 1449997350890497
1449997350940212 1449997350940337 1449997350940391 1449997350940500
1449997350990169 1449997350990389 1449997350990441 1449997350990544
1449997351040184 1449997351040263 1449997351040310 1449997351040390
1449997351090193 1449997351090328 1449997351090352 1449997351090393
1449997351140212 1449997351140304 1449997351140352 1449997351140458
1449997351190183 1449997351190325 1449997351190369 1449997351190477
1449997351240178 1449997351240229 1449997351240259 1449997351240317
1449997351290215 1449997351290353 1449997351290398 1449997351290505
1449997351340169 1449997351340268 1449997351340318 1449997351340415
1449997351390211 1449997351390340 1449997351390394 1449997351390508
1449997351440215 1449997351440339 1449997351440394 1449997351440497
1449997351490212 1449997351490343 1449997351490399 1449997351490504
1449997351540196 1449997351540321 1449997351540377 1449997351540483
1449997351590212 1449997351590341 1449997351590386 1449997351590491
1449997351640211 1449997351640289 1449997351640344 1449997351640451
1449997351690176 1449997351690337 1449997351690386 1449997351690509
1449997351740194 1449997351740276 1449997351740329 1449997351740436
1449997351790213 1449997351790347 1449997351790393 1449997351790498
1449997351840214 1449997351840296 1449997351840348 1449997351840454
1449997351890212 1449997351890341 1449997351890397 1449997351890488
1449997351940169 1449997351940235 1449997351940272 1449997351940342
1449997351990208 1449997351990341 1449997351990387 1449997351990476
1449997352040172 1449997352040295 1449997352040346 1449997352040435
1449997352090215 1449997352090346 1449997352090389 1449997352090476
1449997352140212 1449997352140292 1449997352140344 1449997352140433
1449997352190216 1449997352190349 1449997352190393 1449997352190481
1449997352240217 1449997352240299 1449997352240346 1449997352240438
1449997352290217 1449997352290345 1449997352290390 1449997352290478
1449997352340168 1449997352340246 1449997352340293 1449997352340369
1449997352390210 1449997352390371 1449997352390422 1449997352390516
1449997352440217 1449997352440300 1449997352440351 1449997352440440
1449997352490213 1449997352490348 1449997352490393 1449997352490480
1449997352540181 1449997352540264 1449997352540315 1449997352540404
1449997352590213 1449997352590341 1449997352590386 1449997352590464
1449997352640195 1449997352640279 1449997352640332 1449997352640439
1449997352690221 1449997352690324 1449997352690381 1449997352690464
1449997352740216 1449997352740341 1449997352740390 1449997352740469
1449997352790216 1449997352790353 1449997352790399 1449997352790476
1449997352840217 1449997352840316 1449997352840365 1449997352840443
1449997352890209 1449997352890345 1449997352890391 1449997352890466
1449997352940214 1449997352940313 1449997352940363 1449997352940443
1449997352990211 1449997352990351 1449997352990399 1449997352990472
1449997353040203 1449997353040273 1449997353040326 1449997353040429
1449997353090217 1449997353090348 1449997353090399 1449997353090509
1449997353140214 1449997353140284 1449997353140331 1449997353140417
1449997353190216 1449997353190316 1449997353190358 1449997353190447
1449997353240215 1449997353240280 1449997353240327 1449997353240413
1449997353290161 1449997353290218 1449997353290265 1449997353290341
1449997353340175 1449997353340237 1449997353340280 1449997353340350
1449997353390211 1449997353390316 1449997353390361 1449997353390448
1449997353440213 1449997353440310 1449997353440357 1449997353440436
1449997353490208 1449997353490321 1449997353490366 1449997353490444
1449997353540214 1449997353540313 1449997353540386 1449997353540471
1449997353590170 1449997353590237 1449997353590298 1449997353590403
1449997353640215 1449997353640291 1449997353640342 1449997353640455
1449997353690225 1449997353690332 1449997353690378 1449997353690481
1449997353740217 1449997353740285 1449997353740331 1449997353740437
1449997353790214 1449997353790352 1449997353790397 1449997353790501
1449997353840216 1449997353840283 1449997353840330 1449997353840434
1449997353890213 1449997353890320 1449997353890365 1449997353890468
1449997353940180 1449997353940246 1449997353940291 1449997353940394
1449997353990200 1449997353990269 1449997353990339 1449997353990448
1449997354040218 1449997354040287 1449997354040333 1449997354040439
1449997354090215 1449997354090320 1449997354090364 1449997354090468
1449997354140215 1449997354140313 1449997354140360 1449997354140466
1449997354190214 1449997354190321 1449997354190364 1449997354190469
1449997354240215 1449997354240283 1449997354240329 1449997354240435
1449997354290211 1449997354290315 1449997354290360 1449997354290464
1449997354340177 1449997354340240 1449997354340287 1449997354340387
1449997354390212 1449997354390319 1449997354390362 1449997354390452
1449997354440208 1449997354440276 1449997354440323 1449997354440404
1449997354490179 1449997354490301 1449997354490346 1449997354490431
1449997354540202 1449997354540292 1449997354540340 1449997354540418
1449997354590213 1449997354590348 1449997354630357 1449997354590466
1449997354640180 1449997354640271 1449997354678328 1449997354640390
1449997354690215 1449997354690346 1449997354730358 1449997354690464
1449997354740213 1449997354740304 1449997354778329 1449997354740427
1449997354790212 1449997354790340 1449997354830357 1449997354790457
1449997354840217 1449997354840346 1449997354878325 1449997354840470
1449997354890211 1449997354890347 1449997354930358 1449997354890463
1449997354940211 1449997354940309 1449997354978325 1449997354940433
1449997354990185 1449997354990269 1449997355030357 1449997354990423
1449997355040210 1449997355040291 1449997355078329 1449997355040452
1449997355090214 1449997355090341 1449997355130356 1449997355090483
1449997355140216 1449997355140299 1449997355178329 1449997355140448
1449997355190210 1449997355190359 1449997355230358 1449997355190504
1449997355240214 1449997355240296 1449997355278328 1449997355240445
1449997355290212 1449997355290342 1449997355330359 1449997355290485
1449997355340164 1449997355340239 1449997355378327 1449997355340380
1449997355390211 1449997355390336 1449997355430358 1449997355390481
1449997355440195 1449997355440276 1449997355478326 1449997355440426
1449997355490178 1449997355490293 1449997355530358 1449997355490444
1449997355540214 1449997355540323 1449997355578329 1449997355540475
1449997355590214 1449997355590347 1449997355630329 1449997355590492
1449997355640213 1449997355640306 1449997355678326 1449997355640452
1449997355690218 1449997355690349 1449997355730358 1449997355690492
1449997355740218 1449997355740310 1449997355778329 1449997355740456
1449997355790184 1449997355790319 1449997355830358 1449997355790460
1449997355840213 1449997355840305 1449997355878328 1449997355840452
1449997355890212 1449997355890375 1449997355930341 1449997355890519
1449997355940178 1449997355940270 1449997355978329 1449997355940416
1449997355990208 1449997355990341 1449997356030358 1449997355990487
1449997356040210 1449997356040301 1449997356078328 1449997356040447
1449997356090210 1449997356090342 1449997356130324 1449997356090485
1449997356140216 1449997356140308 1449997356178328 1449997356140456
1449997356190212 1449997356190340 1449997356230359 1449997356190484
1449997356240213 1449997356240328 1449997356278328 1449997356240475
1449997356290212 1449997356290346 1449997356330359 1449997356290490
1449997356340162 1449997356340248 1449997356378319 1449997356340384
1449997356390178 1449997356390269 1449997356430329 1449997356390444
1449997356440217 1449997356440285 1449997356478327 1449997356440417
1449997356490218 1449997356490348 1449997356530357 1449997356490494
1449997356540209 1449997356540298 1449997356578343 1449997356540445
1449997356590212 1449997356590366 1449997356630296 1449997356590508
1449997356640214 1449997356640306 1449997356678329 1449997356640453
1449997356690211 1449997356690344 1449997356730357 1449997356690490
1449997356740214 1449997356740305 1449997356778329 1449997356740453
1449997356790210 1449997356790348 1449997356830357 1449997356790494
1449997356840212 1449997356840310 1449997356878339 1449997356840459
1449997356890197 1449997356890330 1449997356930355 1449997356890471
1449997356940214 1449997356940586 1449997356978329 1449997356940732
1449997356990210 1449997356990336 1449997357030356 1449997356990481
1449997357040186 1449997357040278 1449997357078329 1449997357040408
1449997357090211 1449997357090339 1449997357130330 1449997357090460
1449997357140178 1449997357140267 1449997357178327 1449997357140377
1449997357190211 1449997357190341 1449997357230358 1449997357190459
1449997357240212 1449997357240301 1449997357278327 1449997357240420
1449997357290197 1449997357290333 1449997357330357 1449997357290454
1449997357340160 1449997357340248 1449997357378326 1449997357340353
1449997357390179 1449997357390316 1449997357430330 1449997357390436
1449997357440159 1449997357440212 1449997357478326 1449997357440326
1449997357490213 1449997357490347 1449997357530357 1449997357490470
1449997357540204 1449997357540297 1449997357578326 1449997357540424
1449997357590214 1449997357590342 1449997357630323 1449997357590463
1449997357640215 1449997357640307 1449997357678329 1449997357640432
1449997357690215 1449997357690349 1449997357730358 1449997357690471
1449997357740214 1449997357740304 1449997357778325 1449997357740425
1449997357790212 1449997357790342 1449997357830323 1449997357790461
1449997357840216 1449997357840307 1449997357878328 1449997357840431
1449997357890183 1449997357890328 1449997357930333 1449997357890447
1449997357940176 1449997357940254 1449997357978326 1449997357940350
1449997357990215 1449997357990346 1449997358030358 1449997357990467
1449997358040212 1449997358040302 1449997358078329 1449997358040428
1449997358090212 1449997358090344 1449997358130358 1449997358090464
1449997358140212 1449997358140303 1449997358178328 1449997358140428
1449997358190213 1449997358190344 1449997358230357 1449997358190465
1449997358240212 1449997358240341 1449997358278328 1449997358240466
1449997358290211 1449997358290341 1449997358330328 1449997358290460
1449997358340161 1449997358340248 1449997358378326 1449997358340355
1449997358390226 1449997358390351 1449997358430329 1449997358390484
1449997358440215 1449997358440305 1449997358478330 1449997358440430
1449997358490216 1449997358490351 1449997358530358 1449997358490472
1449997358540217 1449997358540309 1449997358578329 1449997358540433
1449997358590214 1449997358590366 1449997358630323 1449997358590492
1449997358640215 1449997358640305 1449997358678329 1449997358640429
1449997358690213 1449997358690343 1449997358730357 1449997358690466
1449997358740213 1449997358740304 1449997358778329 1449997358740473
1449997358790210 1449997358790341 1449997358830349 1449997358790464
1449997358840185 1449997358840274 1449997358878329 1449997358840399
1449997358890211 1449997358890344 1449997358930356 1449997358890467
1449997358940216 1449997358940330 1449997358978329 1449997358940458
1449997358990211 1449997358990345 1449997359030357 1449997358990471
1449997359040179 1449997359040278 1449997359078327 1449997359040402
1449997359090211 1449997359090341 1449997359130357 1449997359090507
1449997359140210 1449997359140301 1449997359178341 1449997359140426
1449997359190212 1449997359190343 1449997359230357 1449997359190464
1449997359240213 1449997359240305 1449997359278326 1449997359240432
1449997359290180 1449997359290339 1449997359330325 1449997359290459
1449997359340161 1449997359340247 1449997359378327 1449997359340358
1449997359390212 1449997359390342 1449997359430357 1449997359390465
1449997359440212 1449997359440301 1449997359478323 1449997359440428
1449997359490215 1449997359490344 1449997359530353 1449997359490467
1449997359540215 1449997359540304 1449997359578329 1449997359540428
1449997359590215 1449997359590352 1449997359630356 1449997359590474
1449997359640214 1449997359640336 1449997359678328 1449997359640462
1449997359690213 1449997359690343 1449997359730356 1449997359690468
1449997359740212 1449997359740302 1449997359778328 1449997359740426
1449997359790205 1449997359790336 1449997359830327 1449997359790464
1449997359840214 1449997359840304 1449997359878328 1449997359840430
1449997359890215 1449997359890349 1449997359930334 1449997359890473
1449997359940215 1449997359940305 1449997359978326 1449997359940432
1449997359990195 1449997359990366 1449997360030358 1449997359990491
1449997360040213 1449997360040303 1449997360078332 1449997360040428
1449997360090209 1449997360090338 1449997360130356 1449997360090463
1449997360140209 1449997360140301 1449997360178319 1449997360140429
1449997360190193 1449997360190330 1449997360230329 1449997360190454
1449997360240169 1449997360240258 1449997360278327 1449997360240383
1449997360290207 1449997360290350 1449997360330355 1449997360290500
1449997360340172 1449997360340260 1449997360378325 1449997360340392
1449997360390212 1449997360390332 1449997360430356 1449997360390484
1449997360440218 1449997360440311 1449997360478336 1449997360440472
1449997360490213 1449997360490342 1449997360530356 1449997360490488
1449997360540214 1449997360540305 1449997360578329 1449997360540454
1449997360590216 1449997360590346 1449997360630356 1449997360590494
1449997360640187 1449997360640264 1449997360678329 1449997360640427
1449997360690211 1449997360690363 1449997360730357 1449997360690511
1449997360740205 1449997360740295 1449997360778328 1449997360740443
1449997360790209 1449997360790340 1449997360830357 1449997360790466
1449997360840214 1449997360840307 1449997360878326 1449997360840439
1449997360890213 1449997360890345 1449997360930357 1449997360890497
1449997360940213 1449997360940306 1449997360978328 1449997360940459
1449997360990205 1449997360990339 1449997361030357 1449997360990491
1449997361040209 1449997361040338 1449997361078328 1449997361040488
1449997361090212 1449997361090341 1449997361130340 1449997361090492
1449997361140195 1449997361140286 1449997361178341 1449997361140439
1449997361190195 1449997361190329 1449997361230335 1449997361190480
1449997361240179 1449997361240271 1449997361278327 1449997361240424
1449997361290217 1449997361290348 1449997361330356 1449997361290498
1449997361340174 1449997361340246 1449997361378326 1449997361340388
1449997361390214 1449997361390369 1449997361430355 1449997361390521
1449997361440212 1449997361440303 1449997361478337 1449997361440458
1449997361490214 1449997361490344 1449997361530329 1449997361490495
1449997361540213 1449997361540303 1449997361578330 1449997361540458
1449997361590212 1449997361590344 1449997361630365 1449997361590496
1449997361640208 1449997361640300 1449997361678329 1449997361640454
1449997361690210 1449997361690340 1449997361730328 1449997361690493
1449997361740213 1449997361740328 1449997361778329 1449997361740482
1449997361790211 1449997361790345 1449997361830350 1449997361790498
1449997361840213 1449997361840306 1449997361878326 1449997361840459
1449997361890207 1449997361890339 1449997361930362 1449997361890491
1449997361940193 1449997361940285 1449997361978329 1449997361940438
1449997361990210 1449997361990343 1449997362030360 1449997361990496
1449997362040199 1449997362040294 1449997362078342 1449997362040461
1449997362090183 1449997362090357 1449997362130326 1449997362090507
1449997362140219 1449997362140310 1449997362178326 1449997362140464
1449997362190198 1449997362190332 1449997362230360 1449997362190481
1449997362240213 1449997362240305 1449997362278326 1449997362240458
1449997362290214 1449997362290342 1449997362330361 1449997362290493
1449997362340164 1449997362340220 1449997362378323 1449997362340359
1449997362390213 1449997362390344 1449997362430331 1449997362390495
1449997362440214 1449997362440331 1449997362478336 1449997362440485
1449997362490214 1449997362490345 1449997362530358 1449997362490496
1449997362540181 1449997362540258 1449997362578341 1449997362540416
1449997362590210 1449997362590334 1449997362630359 1449997362590487
1449997362640212 1449997362640296 1449997362678329 1449997362640453
1449997362690182 1449997362690266 1449997362730356 1449997362690468
1449997362740214 1449997362740297 1449997362778329 1449997362740461
1449997362790210 1449997362790354 1449997362830357 1449997362790506
1449997362840207 1449997362840289 1449997362878326 1449997362840446
1449997362890218 1449997362890346 1449997362930357 1449997362890461
1449997362940211 1449997362940293 1449997362978329 1449997362940441
1449997362990195 1449997362990320 1449997363030327 1449997362990466
1449997363040166 1449997363040237 1449997363078333 1449997363040382
1449997363090214 1449997363090347 1449997363130358 1449997363090491
1449997363140193 1449997363140314 1449997363178326 1449997363140461
1449997363190212 1449997363190342 1449997363230352 1449997363190487
1449997363240216 1449997363240307 1449997363278327 1449997363240453
1449997363290210 1449997363290338 1449997363330357 1449997363290484
1449997363340165 1449997363340237 1449997363378329 1449997363340374
1449997363390211 1449997363390344 1449997363430356 1449997363390487
1449997363440212 1449997363440304 1449997363478339 1449997363440449
1449997363490209 1449997363490362 1449997363530357 1449997363490508
1449997363540215 1449997363540306 1449997363578323 1449997363540458
1449997363590210 1449997363590343 1449997363630347 1449997363590497
1449997363640196 1449997363640289 1449997363678329 1449997363640443
1449997363690210 1449997363690342 1449997363730357 1449997363690492
1449997363740213 1449997363740305 1449997363778329 1449997363740457
1449997363790208 1449997363790339 1449997363830356 1449997363790493
1449997363840209 1449997363840339 1449997363878325 1449997363840495
1449997363890193 1449997363890327 1449997363930328 1449997363890478
1449997363940213 1449997363940304 1449997363978330 1449997363940457
1449997363990218 1449997363990350 1449997364030356 1449997363990503
1449997364040217 1449997364040309 1449997364078329 1449997364040463
1449997364090196 1449997364090331 1449997364130328 1449997364090483
1449997364140220 1449997364140312 1449997364178326 1449997364140469
1449997364190216 1449997364190370 1449997364230358 1449997364190525
1449997364240219 1449997364240312 1449997364278326 1449997364240466
1449997364290206 1449997364290340 1449997364330358 1449997364290494
1449997364340180 1449997364340252 1449997364378330 1449997364340352
1449997364390203 1449997364390338 1449997364430340 1449997364390489
1449997364440218 1449997364440310 1449997364478340 1449997364440462
1449997364490208 1449997364490341 1449997364530355 1449997364490492
1449997364540212 1449997364540326 1449997364578324 1449997364540480
1449997364590178 1449997364590269 1449997364630356 1449997364590451
1449997364640215 1449997364640307 1449997364678329 1449997364640460
1449997364690212 1449997364690347 1449997364730356 1449997364690497
1449997364740210 1449997364740301 1449997364778329 1449997364740455
1449997364790192 1449997364790326 1449997364830334 1449997364790477
1449997364840165 1449997364840258 1449997364878328 1449997364840411
1449997364890208 1449997364890358 1449997364930358 1449997364890488
1449997364940215 1449997364940306 1449997364978328 1449997364940457
1449997364990200 1449997364990341 1449997365030341 1449997364990488
1449997365040165 1449997365040242 1449997365078326 1449997365040414
1449997365090178 1449997365090268 1449997365130357 1449997365090444
1449997365140212 1449997365140304 1449997365178325 1449997365140455
1449997365190193 1449997365190328 1449997365230357 1449997365190478
1449997365240213 1449997365240329 1449997365278324 1449997365240481
1449997365290178 1449997365290270 1449997365330356 1449997365290450
1449997365340164 1449997365340220 1449997365378326 1449997365340317
1449997365390177 1449997365390265 1449997365430356 1449997365390441
1449997365440215 1449997365440308 1449997365478322 1449997365440462
1449997365490150 1449997365490197 1449997365526356 1449997365490329
1449997365540160 1449997365540249 1449997365578325 1449997365540367
1449997365590178 1449997365590349 1449997365630356 1449997365590470
1449997365640211 1449997365640301 1449997365678325 1449997365640425
1449997365690211 1449997365690340 1449997365730344 1449997365690470
1449997365740195 1449997365740287 1449997365778328 1449997365740408
1449997365790212 1449997365790347 1449997365830356 1449997365790468
1449997365840215 1449997365840306 1449997365878331 1449997365840429
1449997365890215 1449997365890344 1449997365930356 1449997365890466
1449997365940215 1449997365940331 1449997365978328 1449997365940459
1449997365990213 1449997365990344 1449997366030332 1449997365990463
1449997366040217 1449997366040312 1449997366078343 1449997366040447
1449997366090216 1449997366090341 1449997366130357 1449997366090467
1449997366140214 1449997366140293 1449997366178330 1449997366140442
1449997366190216 1449997366190340 1449997366230357 1449997366190484
1449997366240214 1449997366240297 1449997366278330 1449997366240450
1449997366290214 1449997366290370 1449997366330358 1449997366290523
1449997366340177 1449997366340234 1449997366378329 1449997366340369
1449997366390210 1449997366390333 1449997366430336 1449997366390479
1449997366440215 1449997366440295 1449997366478337 1449997366440444
1449997366490209 1449997366490338 1449997366530357 1449997366490483
1449997366540197 1449997366540277 1449997366578329 1449997366540426
1449997366590213 1449997366590339 1449997366630344 1449997366590486
1449997366640193 1449997366640282 1449997366678326 1449997366640438
1449997366690153 1449997366690205 1449997366726356 1449997366690306
1449997366740215 1449997366740307 1449997366778328 1449997366740426
1449997366790214 1449997366790345 1449997366830356 1449997366790489
1449997366840212 1449997366840283 1449997366878329 1449997366840404
1449997366890175 1449997366890255 1449997366930356 1449997366890436
1449997366940213 1449997366940294 1449997366978327 1449997366940446
1449997366990208 1449997366990337 1449997367030328 1449997366990486
1449997367040185 1449997367040258 1449997367078319 1449997367040419
1449997367090174 1449997367090231 1449997367126307 1449997367090356
1449997367140167 1449997367140231 1449997367178331 1449997367140349
1449997367190209 1449997367190338 1449997367230356 1449997367190490
1449997367240214 1449997367240312 1449997367278331 1449997367240466
1449997367290211 1449997367290343 1449997367330359 1449997367290472
1449997367340177 1449997367340255 1449997367378329 1449997367340361
1449997367390210 1449997367390343 1449997367430356 1449997367390467
1449997367440210 1449997367440302 1449997367478335 1449997367440431
1449997367490209 1449997367490347 1449997367530339 1449997367490472
1449997367540167 1449997367540259 1449997367578328 1449997367540387
1449997367590178 1449997367590269 1449997367630332 1449997367590420
1449997367640217 1449997367640309 1449997367678328 1449997367640439
1449997367690213 1449997367690350 1449997367730320 1449997367690473
1449997367740149 1449997367740197 1449997367778329 1449997367740277
1449997367790215 1449997367790342 1449997367830357 1449997367790490
1449997367840214 1449997367840306 1449997367878328 1449997367840457
1449997367890210 1449997367890342 1449997367930355 1449997367890492
1449997367940211 1449997367940303 1449997367978328 1449997367940453
1449997367990211 1449997367990339 1449997368030342 1449997367990490
1449997368040178 1449997368040275 1449997368078317 1449997368040426
1449997368090215 1449997368090349 1449997368130359 1449997368090499
1449997368140215 1449997368140307 1449997368178329 1449997368140459
1449997368190169 1449997368190262 1449997368230357 1449997368190438
1449997368240211 1449997368240303 1449997368278329 1449997368240455
1449997368290169 1449997368290262 1449997368330357 1449997368290438
1449997368340172 1449997368340228 1449997368378329 1449997368340364
1449997368390198 1449997368390339 1449997368430358 1449997368390490
1449997368440211 1449997368440303 1449997368478348 1449997368440455
1449997368490213 1449997368490348 1449997368530343 1449997368490496
1449997368540178 1449997368540268 1449997368578309 1449997368540419
1449997368590182 1449997368590300 1449997368630357 1449997368590447
1449997368640215 1449997368640306 1449997368678340 1449997368640458
1449997368690177 1449997368690243 1449997368730357 1449997368690409
1449997368740216 1449997368740322 1449997368778329 1449997368740474
1449997368790216 1449997368790347 1449997368830340 1449997368790496
1449997368840215 1449997368840306 1449997368878327 1449997368840458
1449997368890209 1449997368890344 1449997368930358 1449997368890496
1449997368940201 1449997368940294 1449997368978341 1449997368940448
1449997368990214 1449997368990345 1449997369030341 1449997368990494
1449997369040178 1449997369040270 1449997369078326 1449997369040409
1449997369090214 1449997369090350 1449997369130356 1449997369090473
1449997369140216 1449997369140314 1449997369178329 1449997369140439
1449997369190172 1449997369190257 1449997369230357 1449997369190374
1449997369240208 1449997369240297 1449997369278327 1449997369240416
1449997369290212 1449997369290346 1449997369330357 1449997369290465
1449997369340164 1449997369340252 1449997369378328 1449997369340357
1449997369390214 1449997369390344 1449997369430358 1449997369390464
1449997369440210 1449997369440307 1449997369478328 1449997369440428
1449997369490180 1449997369490270 1449997369530334 1449997369490435
1449997369540213 1449997369540304 1449997369578326 1449997369540424
1449997369590214 1449997369590343 1449997369630356 1449997369590487
1449997369640215 1449997369640304 1449997369678326 1449997369640463
1449997369690214 1449997369690345 1449997369730358 1449997369690491
1449997369740215 1449997369740305 1449997369778329 1449997369740458
1449997369790213 1449997369790347 1449997369830357 1449997369790498
1449997369840212 1449997369840305 1449997369878330 1449997369840455
1449997369890210 1449997369890339 1449997369930356 1449997369890493
1449997369940212 1449997369940303 1449997369978329 1449997369940457
1449997369990179 1449997369990269 1449997370030357 1449997369990445
1449997370040187 1449997370040279 1449997370078327 1449997370040436
1449997370090211 1449997370090344 1449997370130356 1449997370090492
1449997370140214 1449997370140309 1449997370178329 1449997370140459
1449997370190209 1449997370190337 1449997370230356 1449997370190489
1449997370240214 1449997370240308 1449997370278329 1449997370240461
1449997370290206 1449997370290340 1449997370330357 1449997370290491
1449997370340171 1449997370340257 1449997370378326 1449997370340400
1449997370390193 1449997370390323 1449997370430328 1449997370390473
1449997370440180 1449997370440271 1449997370478349 1449997370440425
1449997370490180 1449997370490318 1449997370530358 1449997370490437
1449997370540214 1449997370540303 1449997370578326 1449997370540433
1449997370590209 1449997370590340 1449997370630352 1449997370590473
1449997370640211 1449997370640303 1449997370678329 1449997370640438
1449997370690216 1449997370690348 1449997370730357 1449997370690482
1449997370740204 1449997370740292 1449997370778328 1449997370740416
1449997370790212 1449997370790341 1449997370830356 1449997370790484
1449997370840214 1449997370840310 1449997370878328 1449997370840441
1449997370890222 1449997370890340 1449997370930355 1449997370890473
1449997370940191 1449997370940284 1449997370978329 1449997370940433
1449997370990212 1449997370990357 1449997371030356 1449997370990515
1449997371040221 1449997371040312 1449997371078323 1449997371040462
1449997371090174 1449997371090259 1449997371130309 1449997371090477
1449997371140212 1449997371140303 1449997371178320 1449997371140454
1449997371190174 1449997371190264 1449997371230357 1449997371190407
1449997371240214 1449997371240306 1449997371278337 1449997371240456
1449997371290214 1449997371290347 1449997371330359 1449997371290493
1449997371340178 1449997371340266 1449997371378330 1449997371340404
1449997371390201 1449997371390333 1449997371430341 1449997371390480
1449997371440192 1449997371440283 1449997371478336 1449997371440431
1449997371490182 1449997371490249 1449997371530357 1449997371490392
1449997371540214 1449997371540311 1449997371578319 1449997371540486
1449997371590212 1449997371590334 1449997371630347 1449997371590488
1449997371640217 1449997371640330 1449997371678330 1449997371640490
1449997371690214 1449997371690323 1449997371730359 1449997371690475
1449997371740213 1449997371740323 1449997371778329 1449997371740473
1449997371790210 1449997371790343 1449997371830357 1449997371790496
1449997371840215 1449997371840319 1449997371878329 1449997371840477
1449997371890212 1449997371890332 1449997371930344 1449997371890510
1449997371940212 1449997371940310 1449997371978329 1449997371940455
1449997371990194 1449997371990301 1449997372030358 1449997371990458
1449997372040214 1449997372040298 1449997372078331 1449997372040447
1449997372090210 1449997372090332 1449997372130340 1449997372090477
1449997372140209 1449997372140290 1449997372178328 1449997372140440
1449997372190211 1449997372190336 1449997372230357 1449997372190484
1449997372240211 1449997372240299 1449997372278329 1449997372240450
1449997372290212 1449997372290340 1449997372330340 1449997372290483
1449997372340164 1449997372340240 1449997372378329 1449997372340336
1449997372390188 1449997372390269 1449997372430355 1449997372390447
1449997372440196 1449997372440278 1449997372478336 1449997372440427
1449997372490215 1449997372490341 1449997372530357 1449997372490486
1449997372540212 1449997372540294 1449997372578329 1449997372540444
1449997372590194 1449997372590327 1449997372630340 1449997372590474
1449997372640209 1449997372640287 1449997372678329 1449997372640434
1449997372690212 1449997372690336 1449997372730356 1449997372690478
1449997372740213 1449997372740294 1449997372778330 1449997372740448
1449997372790181 1449997372790259 1449997372830357 1449997372790435
1449997372840213 1449997372840294 1449997372878330 1449997372840446
1449997372890215 1449997372890337 1449997372930348 1449997372890478
1449997372940192 1449997372940283 1449997372978331 1449997372940436
1449997372990185 1449997372990248 1449997373030357 1449997372990394
1449997373040211 1449997373040283 1449997373078324 1449997373040410
1449997373090208 1449997373090314 1449997373130356 1449997373090429
1449997373140212 1449997373140282 1449997373178330 1449997373140400
1449997373190180 1449997373190245 1449997373230345 1449997373190393
1449997373240212 1449997373240281 1449997373278314 1449997373240400
1449997373290169 1449997373290225 1449997373326337 1449997373290337
1449997373340165 1449997373340228 1449997373378329 1449997373340327
1449997373390210 1449997373390316 1449997373430341 1449997373390433
