1449991351888227 1449991351888330 1449991351888420 1449991351888444
1449991351938254 1449991351938351 1449991351938441 1449991351938539
1449991351988233 1449991351988324 1449991351988436 1449991351988522
1449991352038312 1449991352038404 1449991352038518 1449991352038641
1449991352088232 1449991352088286 1449991352088370 1449991352088438
1449991352138232 1449991352138324 1449991352138403 1449991352138463
1449991352188239 1449991352188328 1449991352188423 1449991352188524
1449991352238224 1449991352238326 1449991352238393 1449991352238482
1449991352288225 1449991352288298 1449991352288387 1449991352288450
1449991352338218 1449991352338302 1449991352338378 1449991352338428
1449991352388267 1449991352388359 1449991352388462 1449991352388571
1449991352438242 1449991352438326 1449991352438425 1449991352438605
1449991352488235 1449991352488315 1449991352488407 1449991352488491
1449991352538236 1449991352538335 1449991352538427 1449991352538498
1449991352588235 1449991352588304 1449991352588363 1449991352588425
1449991352638246 1449991352638340 1449991352638404 1449991352638442
1449991352688243 1449991352688302 1449991352688366 1449991352688440
1449991352738318 1449991352738408 1449991352738506 1449991352738593
1449991352788275 1449991352788340 1449991352788403 1449991352788500
1449991352838322 1449991352838388 1449991352838505 1449991352838542
1449991352888254 1449991352888322 1449991352888399 1449991352888471
1449991352938262 1449991352938416 1449991352938489 1449991352938572
1449991352988289 1449991352988352 1449991352988416 1449991352988503
1449991353038216 1449991353038256 1449991353038295 1449991353038343
1449991353088238 1449991353088294 1449991353088384 1449991353088464
1449991353138231 1449991353138299 1449991353138379 1449991353138455
1449991353188241 1449991353188299 1449991353188394 1449991353188468
1449991353238217 1449991353238251 1449991353238311 1449991353238366
1449991353288232 1449991353288302 1449991353288374 1449991353288448
1449991353338238 1449991353338318 1449991353338411 1449991353338485
1449991353388257 1449991353388348 1449991353388461 1449991353388548
1449991353438233 1449991353438311 1449991353438400 1449991353438490
1449991353488259 1449991353488348 1449991353488472 1449991353488566
1449991353538260 1449991353538360 1449991353538513 1449991353538626
1449991353588314 1449991353588425 1449991353588541 1449991353588652
1449991353638331 1449991353638478 1449991353638596 1449991353638714
1449991353688243 1449991353688353 1449991353688500 1449991353688601
1449991353738243 1449991353738343 1449991353738483 1449991353738589
1449991353788245 1449991353788356 1449991353788442 1449991353788565
1449991353838258 1449991353838359 1449991353838515 1449991353838626
1449991353888299 1449991353888425 1449991353888542 1449991353888652
1449991353938263 1449991353938427 1449991353938578 1449991353938696
1449991353988331 1449991353988482 1449991353988611 1449991353988722
1449991354038236 1449991354038347 1449991354038436 1449991354038507
1449991354088235 1449991354088307 1449991354088400 1449991354088480
1449991354138246 1449991354138337 1449991354138448 1449991354138554
1449991354188235 1449991354188321 1449991354188422 1449991354188495
1449991354238231 1449991354238329 1449991354238415 1449991354238475
1449991354288219 1449991354288293 1449991354288381 1449991354288435
1449991354338218 1449991354338348 1449991354338430 1449991354338484
1449991354388211 1449991354388266 1449991354388322 1449991354388366
1449991354438213 1449991354438302 1449991354438407 1449991354438472
1449991354488218 1449991354488277 1449991354488329 1449991354488374
1449991354538215 1449991354538270 1449991354538323 1449991354538353
1449991354588229 1449991354588317 1449991354588420 1449991354588490
1449991354638239 1449991354638341 1449991354638396 1449991354638467
1449991354688247 1449991354688373 1449991354688462 1449991354688533
1449991354738259 1449991354738349 1449991354738423 1449991354738505
1449991354788295 1449991354788379 1449991354788447 1449991354788483
1449991354838316 1449991354838405 1449991354838509 1449991354838592
1449991354888253 1449991354888341 1449991354888413 1449991354888495
1449991354938238 1449991354938313 1449991354938403 1449991354938468
1449991354988271 1449991354988361 1449991354988435 1449991354988521
1449991355038326 1449991355038450 1449991355038520 1449991355038624
1449991355088244 1449991355088332 1449991355088428 1449991355088505
1449991355138235 1449991355138299 1449991355138349 1449991355138425
1449991355188232 1449991355188304 1449991355188365 1449991355188435
1449991355238228 1449991355238267 1449991355238333 1449991355238395
1449991355288244 1449991355288306 1449991355288370 1449991355288461
1449991355338255 1449991355338332 1449991355338396 1449991355338488
1449991355388272 1449991355388362 1449991355388426 1449991355388518
1449991355438221 1449991355438257 1449991355438314 1449991355438355
1449991355488218 1449991355488258 1449991355488313 1449991355488365
1449991355538217 1449991355538255 1449991355538316 1449991355538387
1449991355588231 1449991355588278 1449991355588343 1449991355588417
1449991355638260 1449991355638360 1449991355638444 1449991355638531
1449991355688270 1449991355688308 1449991355688370 1449991355688433
1449991355738216 1449991355738281 1449991355738343 1449991355738381
1449991355788213 1449991355788246 1449991355788294 1449991355788339
1449991355838213 1449991355838268 1449991355838333 1449991355838367
1449991355888235 1449991355888325 1449991355888407 1449991355888443
1449991355938222 1449991355938299 1449991355938363 1449991355938405
1449991355988209 1449991355988269 1449991355988318 1449991355988348
1449991356038223 1449991356038302 1449991356038363 1449991356038408
1449991356088208 1449991356088274 1449991356088324 1449991356088363
1449991356138219 1449991356138282 1449991356138325 1449991356138364
1449991356188264 1449991356188360 1449991356188469 1449991356188562
1449991356238326 1449991356238416 1449991356238524 1449991356238611
1449991356288266 1449991356288360 1449991356288475 1449991356288563
1449991356338236 1449991356338303 1449991356338388 1449991356338454
1449991356388235 1449991356388269 1449991356388323 1449991356388388
1449991356438239 1449991356438348 1449991356438447 1449991356438525
1449991356488226 1449991356488288 1449991356488345 1449991356488384
1449991356538211 1449991356538287 1449991356538354 1449991356538403
1449991356588237 1449991356588318 1449991356588405 1449991356588469
1449991356638213 1449991356638266 1449991356638319 1449991356638349
1449991356688219 1449991356688286 1449991356688346 1449991356688389
1449991356738217 1449991356738301 1449991356738351 1449991356738395
1449991356788214 1449991356788270 1449991356788311 1449991356788362
1449991356838224 1449991356838312 1449991356838400 1449991356838471
1449991356888262 1449991356888332 1449991356888411 1449991356888502
1449991356938221 1449991356938267 1449991356938316 1449991356938366
1449991356988213 1449991356988277 1449991356988315 1449991356988356
1449991357038224 1449991357038344 1449991357038445 1449991357038540
1449991357088226 1449991357088292 1449991357088382 1449991357088469
1449991357138219 1449991357138353 1449991357138434 1449991357138529
1449991357188237 1449991357188300 1449991357188400 1449991357188507
1449991357238253 1449991357238335 1449991357238426 1449991357238511
1449991357288272 1449991357288339 1449991357288458 1449991357288558
1449991357338322 1449991357338412 1449991357338521 1449991357338607
1449991357388236 1449991357388289 1449991357388351 1449991357388413
1449991357438269 1449991357438369 1449991357438435 1449991357438518
1449991357488519 1449991357488611 1449991357488687 1449991357488776
1449991357538219 1449991357538302 1449991357538346 1449991357538377
1449991357588229 1449991357588300 1449991357588372 1449991357588420
1449991357638216 1449991357638294 1449991357638348 1449991357638384
1449991357688230 1449991357688291 1449991357688403 1449991357688462
1449991357738221 1449991357738258 1449991357738307 1449991357738361
1449991357788298 1449991357788359 1449991357788418 1449991357788452
1449991357838257 1449991357838374 1449991357838438 1449991357838524
1449991357888323 1449991357888413 1449991357888479 1449991357888566
1449991357938317 1449991357938387 1449991357938451 1449991357938521
1449991357988272 1449991357988362 1449991357988462 1449991357988544
1449991358038269 1449991358038383 1449991358038488 1449991358038575
1449991358088323 1449991358088387 1449991358088468 1449991358088549
1449991358138237 1449991358138297 1449991358138402 1449991358138506
1449991358188213 1449991358188287 1449991358188330 1449991358188358
1449991358238218 1449991358238296 1449991358238340 1449991358238371
1449991358288222 1449991358288255 1449991358288310 1449991358288348
1449991358338221 1449991358338307 1449991358338367 1449991358338410
1449991358388215 1449991358388267 1449991358388310 1449991358388345
1449991358438265 1449991358438386 1449991358438504 1449991358438593
1449991358488330 1449991358488413 1449991358488516 1449991358488612
1449991358538251 1449991358538381 1449991358538498 1449991358538575
1449991358588273 1449991358588366 1449991358588480 1449991358588576
1449991358638329 1449991358638421 1449991358638539 1449991358638630
1449991358688250 1449991358688329 1449991358688429 1449991358688511
1449991358738230 1449991358738334 1449991358738431 1449991358738499
1449991358788242 1449991358788335 1449991358788433 1449991358788516
1449991358838221 1449991358838302 1449991358838362 1449991358838406
1449991358888212 1449991358888277 1449991358888321 1449991358888349
1449991358938208 1449991358938267 1449991358938321 1449991358938351
1449991358988233 1449991358988317 1449991358988422 1449991358988489
1449991359038220 1449991359038298 1449991359038354 1449991359038391
1449991359088217 1449991359088283 1449991359088355 1449991359088397
1449991359138210 1449991359138259 1449991359138309 1449991359138340
1449991359188207 1449991359188237 1449991359188278 1449991359188314
1449991359238206 1449991359238293 1449991359238332 1449991359238363
1449991359288215 1449991359288272 1449991359288317 1449991359288344
1449991359338215 1449991359338282 1449991359338312 1449991359338341
1449991359388214 1449991359388274 1449991359388322 1449991359388480
1449991359438211 1449991359438280 1449991359438330 1449991359438368
1449991359488207 1449991359488266 1449991359488305 1449991359488337
1449991359538214 1449991359538289 1449991359538329 1449991359538362
1449991359588210 1449991359588246 1449991359588287 1449991359588321
1449991359638202 1449991359638260 1449991359638309 1449991359638338
1449991359688216 1449991359688273 1449991359688316 1449991359688362
1449991359738218 1449991359738293 1449991359738338 1449991359738367
1449991359788228 1449991359788291 1449991359788350 1449991359788719
1449991359838216 1449991359838245 1449991359838282 1449991359838339
1449991359888215 1449991359888285 1449991359888351 1449991359888383
1449991359938240 1449991359938351 1449991359938391 1449991359938439
1449991359988285 1449991359988376 1449991359988478 1449991359988587
1449991360038256 1449991360038356 1449991360038426 1449991360038516
1449991360088257 1449991360088312 1449991360088357 1449991360088392
1449991360138234 1449991360138356 1449991360138443 1449991360138499
1449991360188240 1449991360188389 1449991360188466 1449991360188540
1449991360238219 1449991360238296 1449991360238331 1449991360238363
1449991360288217 1449991360288296 1449991360288344 1449991360288388
1449991360338216 1449991360338340 1449991360338440 1449991360338500
1449991360388257 1449991360388431 1449991360388537 1449991360388590
1449991360438255 1449991360438432 1449991360438486 1449991360438554
1449991360488252 1449991360488345 1449991360488410 1449991360488497
1449991360538261 1449991360538346 1449991360538454 1449991360538571
1449991360588284 1449991360588357 1449991360588414 1449991360588520
1449991360638233 1449991360638333 1449991360638391 1449991360638487
1449991360688257 1449991360688346 1449991360688432 1449991360688537
1449991360738239 1449991360738322 1449991360738386 1449991360738482
1449991360788230 1449991360788297 1449991360788359 1449991360788441
1449991360838210 1449991360838266 1449991360838325 1449991360838381
1449991360888223 1449991360888314 1449991360888410 1449991360888535
1449991360938237 1449991360938320 1449991360938376 1449991360938454
1449991360988228 1449991360988288 1449991360988336 1449991360988405
1449991361038230 1449991361038268 1449991361038320 1449991361038391
1449991361088232 1449991361088284 1449991361088341 1449991361088415
1449991361138239 1449991361138304 1449991361138365 1449991361138445
1449991361188231 1449991361188273 1449991361188318 1449991361188386
1449991361238248 1449991361238336 1449991361238441 1449991361238527
1449991361288259 1449991361288350 1449991361288416 1449991361288514
1449991361338247 1449991361338411 1449991361338475 1449991361338570
1449991361388235 1449991361388311 1449991361388367 1449991361388445
1449991361438228 1449991361438335 1449991361438373 1449991361438448
1449991361488231 1449991361488316 1449991361488382 1449991361488451
1449991361538233 1449991361538308 1449991361538362 1449991361538414
1449991361588238 1449991361588300 1449991361588356 1449991361588421
1449991361638324 1449991361638414 1449991361638493 1449991361638577
1449991361688235 1449991361688357 1449991361688427 1449991361688518
1449991361738247 1449991361738344 1449991361738424 1449991361738505
1449991361788223 1449991361788299 1449991361788383 1449991361788452
1449991361838228 1449991361838328 1449991361838380 1449991361838459
1449991361888223 1449991361888314 1449991361888386 1449991361888487
1449991361938323 1449991361938414 1449991361938489 1449991361938602
1449991361988245 1449991361988325 1449991361988387 1449991361988476
1449991362038240 1449991362038377 1449991362038465 1449991362038549
1449991362088259 1449991362088370 1449991362088438 1449991362088529
1449991362138223 1449991362138261 1449991362138324 1449991362138369
1449991362188211 1449991362188242 1449991362188284 1449991362188318
1449991362238214 1449991362238251 1449991362238317 1449991362238362
1449991362288213 1449991362288265 1449991362288311 1449991362288355
1449991362338206 1449991362338267 1449991362338335 1449991362338416
1449991362388275 1449991362388400 1449991362388507 1449991362388594
1449991362438232 1449991362438328 1449991362438369 1449991362438421
1449991362488268 1449991362488360 1449991362488472 1449991362488585
1449991362538239 1449991362538322 1449991362538410 1449991362538485
1449991362588230 1449991362588294 1449991362588348 1449991362588408
1449991362638232 1449991362638325 1449991362638384 1449991362638460
1449991362688268 1449991362688359 1449991362688471 1449991362688573
1449991362738266 1449991362738407 1449991362738489 1449991362738575
1449991362788263 1449991362788340 1449991362788396 1449991362788470
1449991362838227 1449991362838321 1449991362838365 1449991362838439
1449991362888255 1449991362888348 1449991362888459 1449991362888549
1449991362938309 1449991362938400 1449991362938511 1449991362938620
1449991362988236 1449991362988314 1449991363026319 1449991362988453
1449991363038226 1449991363038319 1449991363078314 1449991363038423
1449991363088267 1449991363088384 1449991363126348 1449991363088537
1449991363138309 1449991363138404 1449991363178324 1449991363138563
1449991363188236 1449991363188306 1449991363226314 1449991363188414
1449991363238224 1449991363238319 1449991363278339 1449991363238425
1449991363288269 1449991363288362 1449991363326324 1449991363288519
1449991363338232 1449991363338314 1449991363378314 1449991363338423
1449991363388225 1449991363388289 1449991363426317 1449991363388395
1449991363438224 1449991363438339 1449991363478342 1449991363438440
1449991363488249 1449991363488342 1449991363526320 1449991363488488
1449991363538223 1449991363538323 1449991363578314 1449991363538428
1449991363588217 1449991363588280 1449991363626313 1449991363588370
1449991363638224 1449991363638315 1449991363678340 1449991363638403
1449991363688239 1449991363688332 1449991363726326 1449991363688482
1449991363738235 1449991363738317 1449991363778312 1449991363738423
1449991363788228 1449991363788314 1449991363826313 1449991363788413
1449991363838226 1449991363838320 1449991363878314 1449991363838421
1449991363888270 1449991363888361 1449991363926340 1449991363888501
1449991363938317 1449991363938410 1449991363978323 1449991363938555
1449991363988238 1449991363988313 1449991364026321 1449991363988439
1449991364038228 1449991364038322 1449991364078318 1449991364038434
1449991364088270 1449991364088360 1449991364126349 1449991364088522
1449991364138326 1449991364138454 1449991364178358 1449991364138619
1449991364188278 1449991364188370 1449991364226331 1449991364188535
1449991364238237 1449991364238315 1449991364278311 1449991364238443
1449991364288271 1449991364288363 1449991364326355 1449991364288529
1449991364338327 1449991364338419 1449991364378328 1449991364338581
1449991364388237 1449991364388311 1449991364426290 1449991364388438
1449991364438228 1449991364438328 1449991364478345 1449991364438448
1449991364488264 1449991364488385 1449991364526324 1449991364488561
1449991364538232 1449991364538323 1449991364578327 1449991364538413
1449991364588226 1449991364588288 1449991364626345 1449991364588429
1449991364638266 1449991364638405 1449991364678341 1449991364638571
1449991364688321 1449991364688412 1449991364726325 1449991364688604
1449991364738232 1449991364738314 1449991364778317 1449991364738455
1449991364788224 1449991364788288 1449991364826325 1449991364788416
1449991364838222 1449991364838377 1449991364878347 1449991364838535
1449991364888235 1449991364888327 1449991364926328 1449991364888509
1449991364938229 1449991364938331 1449991364978318 1449991364938450
1449991364988223 1449991364988274 1449991365026307 1449991364988408
1449991365038215 1449991365038252 1449991365078309 1449991365038343
1449991365088233 1449991365088272 1449991365126300 1449991365088456
1449991365138217 1449991365138257 1449991365178310 1449991365138390
1449991365188216 1449991365188262 1449991365226308 1449991365188347
1449991365238209 1449991365238249 1449991365278353 1449991365238370
1449991365288256 1449991365288347 1449991365326322 1449991365288506
1449991365338235 1449991365338310 1449991365378323 1449991365338440
1449991365388226 1449991365388290 1449991365426340 1449991365388419
1449991365438329 1449991365438425 1449991365478353 1449991365438641
1449991365488271 1449991365488364 1449991365526347 1449991365488532
1449991365538264 1449991365538420 1449991365578321 1449991365538575
1449991365588277 1449991365588354 1449991365626312 1449991365588494
1449991365638229 1449991365638321 1449991365678322 1449991365638438
1449991365688265 1449991365688357 1449991365726358 1449991365688531
1449991365738254 1449991365738347 1449991365778332 1449991365738490
1449991365788238 1449991365788315 1449991365826315 1449991365788450
1449991365838228 1449991365838321 1449991365878315 1449991365838421
1449991365888271 1449991365888386 1449991365926343 1449991365888534
1449991365938316 1449991365938408 1449991365978322 1449991365938571
1449991365988220 1449991365988277 1449991366026299 1449991365988352
1449991366038241 1449991366038326 1449991366078326 1449991366038455
1449991366088259 1449991366088352 1449991366126318 1449991366088492
1449991366138226 1449991366138324 1449991366178331 1449991366138431
1449991366188240 1449991366188321 1449991366226316 1449991366188434
1449991366238230 1449991366238338 1449991366278318 1449991366238434
1449991366288217 1449991366288282 1449991366326369 1449991366288354
1449991366338328 1449991366338419 1449991366378347 1449991366338577
1449991366388234 1449991366388325 1449991366426331 1449991366388482
1449991366438221 1449991366438289 1449991366478309 1449991366438357
1449991366488209 1449991366488236 1449991366526327 1449991366488299
1449991366538230 1449991366538401 1449991366578316 1449991366538506
1449991366588218 1449991366588291 1449991366626328 1449991366588359
1449991366638240 1449991366638419 1449991366678315 1449991366638515
1449991366688268 1449991366688361 1449991366726309 1449991366688534
1449991366738236 1449991366738329 1449991366778317 1449991366738478
1449991366788236 1449991366788299 1449991366826319 1449991366788377
1449991366838197 1449991366838234 1449991366874311 1449991366838265
1449991366888270 1449991366888446 1449991366926325 1449991366888563
1449991366938234 1449991366938345 1449991366978317 1449991366938422
1449991366988219 1449991366988279 1449991367026367 1449991366988384
1449991367038270 1449991367038479 1449991367078340 1449991367038616
1449991367088318 1449991367088410 1449991367126330 1449991367088546
1449991367138218 1449991367138251 1449991367178329 1449991367138338
1449991367188232 1449991367188400 1449991367226314 1449991367188485
1449991367238228 1449991367238321 1449991367278303 1449991367238387
1449991367288209 1449991367288273 1449991367326338 1449991367288338
1449991367338260 1449991367338355 1449991367378341 1449991367338492
1449991367388321 1449991367388412 1449991367426302 1449991367388548
1449991367438215 1449991367438247 1449991367478333 1449991367438315
1449991367488212 1449991367488260 1449991367526300 1449991367488355
1449991367538233 1449991367538319 1449991367578314 1449991367538440
1449991367588217 1449991367588257 1449991367626310 1449991367588337
1449991367638222 1449991367638317 1449991367678301 1449991367638412
1449991367688210 1449991367688258 1449991367726303 1449991367688330
1449991367738217 1449991367738258 1449991367778304 1449991367738350
1449991367788218 1449991367788258 1449991367826321 1449991367788345
1449991367838224 1449991367838270 1449991367878320 1449991367838374
1449991367888265 1449991367888354 1449991367926333 1449991367888492
1449991367938253 1449991367938346 1449991367978324 1449991367938485
1449991367988238 1449991367988312 1449991368026304 1449991367988423
1449991368038220 1449991368038252 1449991368078302 1449991368038329
1449991368088206 1449991368088243 1449991368126331 1449991368088322
1449991368138254 1449991368138338 1449991368178351 1449991368138493
1449991368188229 1449991368188339 1449991368226303 1449991368188508
1449991368238216 1449991368238250 1449991368278339 1449991368238327
1449991368288257 1449991368288348 1449991368326339 1449991368288489
1449991368338258 1449991368338376 1449991368378317 1449991368338521
1449991368388269 1449991368388300 1449991368426362 1449991368388388
1449991368438261 1449991368438359 1449991368478303 1449991368438465
1449991368488264 1449991368488308 1449991368526299 1449991368488409
1449991368538268 1449991368538316 1449991368578324 1449991368538383
1449991368588221 1449991368588248 1449991368626304 1449991368588300
1449991368638210 1449991368638252 1449991368678336 1449991368638378
1449991368688267 1449991368688643 1449991368726355 1449991368688793
1449991368738260 1449991368738354 1449991368778328 1449991368738511
1449991368788274 1449991368788351 1449991368826319 1449991368788447
1449991368838217 1449991368838313 1449991368878317 1449991368838404
1449991368888237 1449991368888330 1449991368926346 1449991368888485
1449991368938228 1449991368938334 1449991368978328 1449991368938485
1449991368988236 1449991368988309 1449991369026319 1449991368988418
1449991369038226 1449991369038322 1449991369078310 1449991369038413
1449991369088265 1449991369088356 1449991369126368 1449991369088513
1449991369138322 1449991369138414 1449991369178302 1449991369138602
1449991369188276 1449991369188367 1449991369226323 1449991369188546
1449991369238237 1449991369238314 1449991369278336 1449991369238441
1449991369288268 1449991369288382 1449991369326325 1449991369288554
1449991369338237 1449991369338306 1449991369378336 1449991369338428
1449991369388241 1449991369388315 1449991369426354 1449991369388504
1449991369438242 1449991369438332 1449991369478339 1449991369438494
1449991369488259 1449991369488350 1449991369526321 1449991369488523
1449991369538234 1449991369538315 1449991369578343 1449991369538436
1449991369588268 1449991369588359 1449991369626331 1449991369588499
1449991369638216 1449991369638282 1449991369678352 1449991369638347
1449991369688214 1449991369688270 1449991369726341 1449991369688374
1449991369738248 1449991369738359 1449991369778340 1449991369738489
1449991369788271 1449991369788363 1449991369826326 1449991369788535
1449991369838223 1449991369838293 1449991369878354 1449991369838436
1449991369888268 1449991369888360 1449991369926357 1449991369888526
1449991369938247 1449991369938338 1449991369978306 1449991369938503
1449991369988217 1449991369988286 1449991370026330 1449991369988352
1449991370038227 1449991370038331 1449991370078313 1449991370038443
1449991370088225 1449991370088317 1449991370126318 1449991370088481
1449991370138237 1449991370138306 1449991370178294 1449991370138427
1449991370188271 1449991370188363 1449991370226340 1449991370188500
1449991370238245 1449991370238338 1449991370278338 1449991370238506
1449991370288275 1449991370288367 1449991370326343 1449991370288535
1449991370338270 1449991370338428 1449991370378338 1449991370338592
1449991370388319 1449991370388409 1449991370426377 1449991370388547
1449991370438243 1449991370438343 1449991370478335 1449991370438478
1449991370488241 1449991370488299 1449991370526363 1449991370488359
1449991370538243 1449991370538332 1449991370578353 1449991370538467
1449991370588274 1449991370588366 1449991370626346 1449991370588512
1449991370638325 1449991370638418 1449991370678353 1449991370638555
1449991370688242 1449991370688349 1449991370726327 1449991370688491
1449991370738320 1449991370738412 1449991370778340 1449991370738568
1449991370788253 1449991370788342 1449991370826333 1449991370788496
1449991370838256 1449991370838348 1449991370878314 1449991370838507
1449991370888287 1449991370888379 1449991370926331 1449991370888526
1449991370938374 1449991370938455 1449991370978354 1449991370938580
1449991370988277 1449991370988376 1449991371026371 1449991370988513
1449991371038317 1449991371038438 1449991371078331 1449991371038577
1449991371088243 1449991371088333 1449991371126355 1449991371088470
1449991371138325 1449991371138415 1449991371178339 1449991371138537
1449991371188241 1449991371188338 1449991371226331 1449991371188495
1449991371238259 1449991371238351 1449991371278343 1449991371238496
1449991371288316 1449991371288407 1449991371326364 1449991371288604
1449991371338316 1449991371338407 1449991371378341 1449991371338580
1449991371388246 1449991371388349 1449991371426335 1449991371388484
1449991371438322 1449991371438415 1449991371478339 1449991371438588
1449991371488273 1449991371488365 1449991371526340 1449991371488512
1449991371538220 1449991371538317 1449991371578334 1449991371538491
1449991371588278 1449991371588370 1449991371626347 1449991371588562
1449991371638321 1449991371638410 1449991371678341 1449991371638584
1449991371688278 1449991371688371 1449991371726367 1449991371688537
1449991371738239 1449991371738360 1449991371778354 1449991371738555
1449991371788243 1449991371788332 1449991371826329 1449991371788503
1449991371838236 1449991371838341 1449991371878330 1449991371838410
1449991371888215 1449991371888256 1449991371926316 1449991371888343
1449991371938238 1449991371938323 1449991371978331 1449991371938445
1449991371988242 1449991371988316 1449991372026305 1449991371988410
1449991372038214 1449991372038266 1449991372078304 1449991372038344
1449991372088229 1449991372088271 1449991372126305 1449991372088347
1449991372138226 1449991372138258 1449991372178298 1449991372138368
1449991372188209 1449991372188243 1449991372226342 1449991372188304
1449991372238226 1449991372238337 1449991372278342 1449991372238460
1449991372288241 1449991372288333 1449991372326333 1449991372288458
1449991372338270 1449991372338417 1449991372378326 1449991372338579
1449991372388276 1449991372388356 1449991372426318 1449991372388493
1449991372438210 1449991372438270 1449991372478309 1449991372438358
1449991372488236 1449991372488328 1449991372526331 1449991372488471
1449991372538239 1449991372538334 1449991372578344 1449991372538450
1449991372588260 1449991372588355 1449991372626335 1449991372588481
1449991372638244 1449991372638343 1449991372678314 1449991372638497
1449991372688254 1449991372688312 1449991372726320 1449991372688435
1449991372738225 1449991372738319 1449991372778309 1449991372738426
1449991372788221 1449991372788279 1449991372826321 1449991372788394
1449991372838228 1449991372838386 1449991372878294 1449991372838467
1449991372888210 1449991372888239 1449991372926304 1449991372888301
1449991372938202 1449991372938235 1449991372978325 1449991372938319
1449991372988230 1449991372988322 1449991373026373 1449991372988445
1449991373038215 1449991373038286 1449991373078341 1449991373038380
1449991373088271 1449991373088363 1449991373126340 1449991373088528
1449991373138245 1449991373138361 1449991373178340 1449991373138500
1449991373188276 1449991373188380 1449991373226343 1449991373188519
1449991373238255 1449991373238348 1449991373278332 1449991373238488
1449991373288265 1449991373288354 1449991373326353 1449991373288491
1449991373338262 1449991373338375 1449991373378329 1449991373338532
1449991373388273 1449991373388359 1449991373426343 1449991373388467
1449991373438245 1449991373438335 1449991373478345 1449991373438490
1449991373488259 1449991373488385 1449991373526335 1449991373488530
1449991373538263 1449991373538397 1449991373578339 1449991373538551
1449991373588318 1449991373588417 1449991373626371 1449991373588556
1449991373638317 1449991373638408 1449991373678354 1449991373638541
1449991373688277 1449991373688369 1449991373726338 1449991373688512
1449991373738243 1449991373738336 1449991373778339 1449991373738475
1449991373788258 1449991373788347 1449991373826325 1449991373788489
1449991373838237 1449991373838329 1449991373878313 1449991373838433
1449991373888256 1449991373888349 1449991373926336 1449991373888489
1449991373938322 1449991373938413 1449991373978338 1449991373938565
1449991373988278 1449991373988369 1449991374026342 1449991373988559
1449991374038315 1449991374038405 1449991374078328 1449991374038575
1449991374088275 1449991374088365 1449991374126300 1449991374088553
1449991374138216 1449991374138246 1449991374178327 1449991374138312
1449991374188266 1449991374188381 1449991374226340 1449991374188528
1449991374238263 1449991374238407 1449991374278332 1449991374238536
1449991374288328 1449991374288421 1449991374326369 1449991374288559
1449991374338319 1449991374338410 1449991374378331 1449991374338558
1449991374388279 1449991374388369 1449991374426312 1449991374388519
1449991374438215 1449991374438255 1449991374478316 1449991374438349
1449991374488223 1449991374488306 1449991374526310 1449991374488426
1449991374538217 1449991374538289 1449991374578308 1449991374538366
1449991374588214 1449991374588251 1449991374626318 1449991374588338
1449991374638233 1449991374638299 1449991374678301 1449991374638410
1449991374688216 1449991374688255 1449991374726335 1449991374688338
1449991374738270 1449991374738398 1449991374778327 1449991374738548
1449991374788328 1449991374788420 1449991374826301 1449991374788576
1449991374838220 1449991374838258 1449991374878328 1449991374838351
1449991374888278 1449991374888394 1449991374926342 1449991374888543
1449991374938315 1449991374938406 1449991374978299 1449991374938561
1449991374988277 1449991374988361 1449991375026374 1449991374988473
1449991375038323 1449991375038387 1449991375078341 1449991375038537
1449991375088241 1449991375088322 1449991375126297 1449991375088461
1449991375138311 1449991375138378 1449991375178339 1449991375138536
1449991375188276 1449991375188358 1449991375226334 1449991375188507
1449991375238215 1449991375238289 1449991375278353 1449991375238360
1449991375288274 1449991375288357 1449991375326353 1449991375288507
1449991375338321 1449991375338387 1449991375378332 1449991375338540
1449991375388217 1449991375388271 1449991375426373 1449991375388348
1449991375438320 1449991375438405 1449991375478340 1449991375438563
1449991375488249 1449991375488383 1449991375526301 1449991375488598
1449991375538214 1449991375538267 1449991375578353 1449991375538351
1449991375588261 1449991375588353 1449991375626354 1449991375588508
1449991375638254 1449991375638337 1449991375678310 1449991375638504
1449991375688278 1449991375688360 1449991375726364 1449991375688512
1449991375738318 1449991375738385 1449991375778338 1449991375738539
1449991375788245 1449991375788325 1449991375826333 1449991375788461
1449991375838321 1449991375838388 1449991375878306 1449991375838538
1449991375888228 1449991375888269 1449991375926328 1449991375888359
1449991375938220 1449991375938318 1449991375978332 1449991375938453
1449991375988235 1449991375988319 1449991376026330 1449991375988475
1449991376038214 1449991376038242 1449991376078324 1449991376038336
1449991376088215 1449991376088254 1449991376126340 1449991376088344
1449991376138266 1449991376138407 1449991376178340 1449991376138557
1449991376188300 1449991376188392 1449991376226302 1449991376188538
1449991376238216 1449991376238256 1449991376278328 1449991376238349
1449991376288274 1449991376288380 1449991376326366 1449991376288531
1449991376338324 1449991376338415 1449991376378301 1449991376338561
1449991376388226 1449991376388266 1449991376426357 1449991376388344
1449991376438320 1449991376438420 1449991376478331 1449991376438564
1449991376488262 1449991376488353 1449991376526337 1449991376488503
1449991376538320 1449991376538412 1449991376578332 1449991376538554
1449991376588219 1449991376588263 1449991376626331 1449991376588338
1449991376638228 1449991376638264 1449991376678298 1449991376638338
1449991376688208 1449991376688256 1449991376726302 1449991376688328
1449991376738241 1449991376738316 1449991376778296 1449991376738444
1449991376788258 1449991376788349 1449991376826331 1449991376788504
1449991376838216 1449991376838257 1449991376878299 1449991376838344
1449991376888222 1449991376888258 1449991376926310 1449991376888334
1449991376938232 1449991376938321 1449991376978308 1449991376938432
1449991376988214 1449991376988245 1449991377026308 1449991376988309
1449991377038208 1449991377038237 1449991377078297 1449991377038316
1449991377088209 1449991377088247 1449991377126298 1449991377088328
1449991377138213 1449991377138245 1449991377178319 1449991377138327
1449991377188209 1449991377188281 1449991377226315 1449991377188396
1449991377238199 1449991377238219 1449991377274332 1449991377238303
1449991377288259 1449991377288350 1449991377326356 1449991377288493
1449991377338251 1449991377338346 1449991377378340 1449991377338524
1449991377388247 1449991377388336 1449991377426334 1449991377388485
1449991377438324 1449991377438416 1449991377478335 1449991377438574
1449991377488273 1449991377488365 1449991377526331 1449991377488509
1449991377538246 1449991377538337 1449991377578343 1449991377538479
1449991377588270 1449991377588361 1449991377626335 1449991377588611
1449991377638260 1449991377638353 1449991377678332 1449991377638540
1449991377688255 1449991377688304 1449991377726357 1449991377688375
1449991377738250 1449991377738342 1449991377778352 1449991377738497
1449991377788241 1449991377788297 1449991377826355 1449991377788420
1449991377838320 1449991377838411 1449991377878340 1449991377838560
1449991377888261 1449991377888351 1449991377926330 1449991377888502
1449991377938261 1449991377938351 1449991377978307 1449991377938506
1449991377988260 1449991377988318 1449991378026300 1449991377988378
1449991378038217 1449991378038257 1449991378078306 1449991378038343
1449991378088209 1449991378088243 1449991378126307 1449991378088358
1449991378138231 1449991378138311 1449991378178319 1449991378138435
1449991378188237 1449991378188301 1449991378226321 1449991378188465
1449991378238220 1449991378238292 1449991378278301 1449991378238378
1449991378288231 1449991378288283 1449991378326363 1449991378288402
1449991378338255 1449991378338355 1449991378378329 1449991378338522
1449991378388301 1449991378388400 1449991378426332 1449991378388552
1449991378438265 1449991378438397 1449991378478331 1449991378438549
1449991378488304 1449991378488404 1449991378526309 1449991378488552
1449991378538323 1449991378538413 1449991378578322 1449991378538569
1449991378588233 1449991378588305 1449991378626296 1449991378588419
1449991378638212 1449991378638257 1449991378678334 1449991378638328
1449991378688214 1449991378688245 1449991378726331 1449991378688322
1449991378738228 1449991378738341 1449991378778315 1449991378738539
1449991378788225 1449991378788296 1449991378826304 1449991378788547
1449991378838215 1449991378838237 1449991378874305 1449991378838311
1449991378888322 1449991378888372 1449991378926327 1449991378888447
1449991378938221 1449991378938310 1449991378978297 1449991378938414
1449991378988236 1449991378988417 1449991379026329 1449991378988540
1449991379038217 1449991379038312 1449991379078340 1449991379038417
1449991379088222 1449991379088282 1449991379126335 1449991379088363
1449991379138264 1449991379138398 1449991379178343 1449991379138584
1449991379188320 1449991379188404 1449991379226298 1449991379188621
1449991379238220 1449991379238249 1449991379278313 1449991379238373
1449991379288208 1449991379288256 1449991379326327 1449991379288320
1449991379338214 1449991379338312 1449991379378329 1449991379338446
1449991379388206 1449991379388268 1449991379426298 1449991379388334
1449991379438224 1449991379438309 1449991379478307 1449991379438385
1449991379488211 1449991379488275 1449991379526337 1449991379488342
1449991379538219 1449991379538283 1449991379578310 1449991379538349
1449991379588213 1449991379588274 1449991379626299 1449991379588351
1449991379638209 1449991379638261 1449991379678292 1449991379638349
1449991379688210 1449991379688270 1449991379726294 1449991379688327
1449991379738218 1449991379738269 1449991379778303 1449991379738342
1449991379788209 1449991379788274 1449991379826300 1449991379788328
1449991379838220 1449991379838282 1449991379878309 1449991379838347
1449991379888210 1449991379888261 1449991379926299 1449991379888330
1449991379938213 1449991379938286 1449991379978293 1449991379938351
1449991379988218 1449991379988278 1449991380026291 1449991379988333
1449991380038216 1449991380038263 1449991380078298 1449991380038317
1449991380088208 1449991380088269 1449991380126292 1449991380088339
1449991380138211 1449991380138282 1449991380178292 1449991380138347
1449991380188207 1449991380188272 1449991380226294 1449991380188332
1449991380238209 1449991380238260 1449991380278291 1449991380238326
1449991380288206 1449991380288254 1449991380326290 1449991380288307
1449991380338212 1449991380338267 1449991380378307 1449991380338342
1449991380388208 1449991380388244 1449991380426318 1449991380388337
1449991380438229 1449991380438323 1449991380478339 1449991380438438
1449991380488264 1449991380488363 1449991380526327 1449991380488506
1449991380538230 1449991380538323 1449991380578318 1449991380538459
1449991380588222 1449991380588291 1449991380626313 1449991380588388
1449991380638218 1449991380638332 1449991380678316 1449991380638439
1449991380688263 1449991380688354 1449991380726337 1449991380688502
1449991380738238 1449991380738314 1449991380778357 1449991380738491
1449991380788231 1449991380788320 1449991380826344 1449991380788493
1449991380838228 1449991380838334 1449991380878342 1449991380838533
1449991380888266 1449991380888367 1449991380926362 1449991380888535
1449991380938257 1449991380938352 1449991380978342 1449991380938502
1449991380988321 1449991380988413 1449991381026361 1449991380988564
1449991381038311 1449991381038402 1449991381078342 1449991381038549
1449991381088272 1449991381088363 1449991381126355 1449991381088515
1449991381138225 1449991381138350 1449991381178353 1449991381138544
1449991381188271 1449991381188372 1449991381226339 1449991381188517
1449991381238254 1449991381238353 1449991381278341 1449991381238501
1449991381288275 1449991381288367 1449991381326339 1449991381288507
1449991381338309 1449991381338399 1449991381378338 1449991381338536
1449991381388273 1449991381388365 1449991381426350 1449991381388503
1449991381438269 1449991381438415 1449991381478338 1449991381438554
1449991381488330 1449991381488413 1449991381526369 1449991381488560
1449991381538266 1449991381538381 1449991381578355 1449991381538527
1449991381588285 1449991381588362 1449991381626338 1449991381588506
1449991381638263 1449991381638377 1449991381678342 1449991381638527
1449991381688307 1449991381688389 1449991381726344 1449991381688534
1449991381738247 1449991381738333 1449991381778343 1449991381738481
1449991381788233 1449991381788315 1449991381826342 1449991381788473
