1449991837211889 1449991837211936 1449991837212236 1449991837212257
1449991837261939 1449991837262031 1449991837262434 1449991837262533
1449991837311958 1449991837312050 1449991837312454 1449991837312543
1449991837361947 1449991837362040 1449991837362426 1449991837362508
1449991837411910 1449991837411981 1449991837412251 1449991837412326
1449991837461948 1449991837462039 1449991837462422 1449991837462546
1449991837511949 1449991837512067 1449991837512485 1449991837512610
1449991837561922 1449991837562011 1449991837562452 1449991837562535
1449991837611899 1449991837611970 1449991837612278 1449991837612337
1449991837661941 1449991837662033 1449991837662467 1449991837662572
1449991837711954 1449991837712047 1449991837712458 1449991837712537
1449991837761936 1449991837762028 1449991837762464 1449991837762535
1449991837811952 1449991837812046 1449991837812458 1449991837812542
1449991837861954 1449991837862070 1449991837862508 1449991837862583
1449991837911918 1449991837911989 1449991837912281 1449991837912345
1449991837961904 1449991837961968 1449991837962267 1449991837962313
1449991838011902 1449991838011967 1449991838012242 1449991838012291
1449991838061905 1449991838061974 1449991838062258 1449991838062346
1449991838111902 1449991838111974 1449991838112262 1449991838112520
1449991838161943 1449991838162033 1449991838162436 1449991838162469
1449991838211900 1449991838211975 1449991838212262 1449991838212329
1449991838261909 1449991838261942 1449991838262198 1449991838262252
1449991838311903 1449991838311983 1449991838312307 1449991838312362
1449991838361890 1449991838361924 1449991838362206 1449991838362243
1449991838411889 1449991838411916 1449991838412103 1449991838412130
1449991838461913 1449991838461978 1449991838462433 1449991838462574
1449991838511953 1449991838512016 1449991838512421 1449991838512498
1449991838561897 1449991838561950 1449991838562231 1449991838562316
1449991838611887 1449991838611914 1449991838612137 1449991838612186
1449991838661885 1449991838661912 1449991838662175 1449991838662209
1449991838711887 1449991838711914 1449991838712183 1449991838712232
1449991838761884 1449991838761910 1449991838762186 1449991838762228
1449991838811885 1449991838811913 1449991838812193 1449991838812241
1449991838861887 1449991838861918 1449991838862180 1449991838862217
1449991838911889 1449991838911939 1449991838912202 1449991838912246
1449991838961887 1449991838961913 1449991838962174 1449991838962211
1449991839011883 1449991839011908 1449991839012168 1449991839012206
1449991839061884 1449991839061910 1449991839062174 1449991839062225
1449991839111881 1449991839111906 1449991839112166 1449991839112245
1449991839161884 1449991839161910 1449991839162155 1449991839162207
1449991839211885 1449991839211911 1449991839212137 1449991839212176
1449991839261885 1449991839261926 1449991839262188 1449991839262231
1449991839311885 1449991839311909 1449991839312145 1449991839312181
1449991839361883 1449991839361909 1449991839362167 1449991839362206
1449991839411884 1449991839411908 1449991839412155 1449991839412205
1449991839461882 1449991839461907 1449991839462128 1449991839462175
1449991839511921 1449991839511988 1449991839512307 1449991839512364
1449991839561899 1449991839561937 1449991839562238 1449991839562348
1449991839611890 1449991839611943 1449991839612112 1449991839612147
1449991839661901 1449991839661948 1449991839662314 1449991839662377
1449991839711889 1449991839711917 1449991839712158 1449991839712196
1449991839761893 1449991839761928 1449991839762092 1449991839762126
1449991839811895 1449991839811943 1449991839812226 1449991839812299
1449991839861907 1449991839861972 1449991839862270 1449991839862387
1449991839911896 1449991839911929 1449991839912087 1449991839912118
1449991839961895 1449991839961996 1449991839962330 1449991839962386
1449991840011907 1449991840011937 1449991840012189 1449991840012233
1449991840061896 1449991840061929 1449991840062159 1449991840062216
1449991840111902 1449991840111972 1449991840112211 1449991840112267
1449991840161918 1449991840162007 1449991840162370 1449991840162409
1449991840211918 1449991840211966 1449991840212219 1449991840212306
1449991840261909 1449991840261936 1449991840262108 1449991840262141
1449991840311887 1449991840311932 1449991840312079 1449991840312112
1449991840361895 1449991840361940 1449991840362262 1449991840362307
1449991840411906 1449991840411935 1449991840412196 1449991840412242
1449991840461889 1449991840461947 1449991840462115 1449991840462152
1449991840511912 1449991840512006 1449991840512365 1449991840512437
1449991840561915 1449991840561945 1449991840562207 1449991840562251
1449991840611898 1449991840611927 1449991840612079 1449991840612114
1449991840661913 1449991840661981 1449991840662262 1449991840662347
1449991840711900 1449991840711985 1449991840712261 1449991840712320
1449991840761909 1449991840762000 1449991840762310 1449991840762406
1449991840811908 1449991840811971 1449991840812222 1449991840812299
1449991840861929 1449991840862018 1449991840862429 1449991840862510
1449991840911918 1449991840911971 1449991840912295 1449991840912357
1449991840961907 1449991840961933 1449991840962195 1449991840962233
1449991841011912 1449991841011991 1449991841012289 1449991841012341
1449991841061904 1449991841061952 1449991841062235 1449991841062263
1449991841111888 1449991841111949 1449991841112223 1449991841112277
1449991841161895 1449991841161952 1449991841162132 1449991841162180
1449991841211891 1449991841211924 1449991841212079 1449991841212110
1449991841261904 1449991841261932 1449991841262179 1449991841262216
1449991841311895 1449991841311930 1449991841312072 1449991841312111
1449991841361912 1449991841361982 1449991841362246 1449991841362346
1449991841411909 1449991841411936 1449991841412209 1449991841412269
1449991841461896 1449991841461928 1449991841462061 1449991841462300
1449991841511944 1449991841512040 1449991841512340 1449991841512443
1449991841561903 1449991841561947 1449991841562160 1449991841562193
1449991841611914 1449991841611972 1449991841612247 1449991841612308
1449991841661911 1449991841661944 1449991841662127 1449991841662147
1449991841711888 1449991841711913 1449991841712060 1449991841712084
1449991841761906 1449991841761956 1449991841762138 1449991841762168
1449991841811907 1449991841811970 1449991841812130 1449991841812152
1449991841861887 1449991841861937 1449991841862106 1449991841862144
1449991841911895 1449991841911954 1449991841912128 1449991841912163
1449991841961888 1449991841961930 1449991841962107 1449991841962142
1449991842011911 1449991842011997 1449991842012323 1449991842012380
1449991842061891 1449991842061915 1449991842062146 1449991842062188
1449991842111889 1449991842112016 1449991842112230 1449991842112306
1449991842161944 1449991842162035 1449991842162492 1449991842162572
1449991842211913 1449991842211992 1449991842212253 1449991842212318
1449991842261913 1449991842261959 1449991842262235 1449991842262322
1449991842311945 1449991842312035 1449991842312442 1449991842312508
1449991842361893 1449991842361925 1449991842362089 1449991842362132
1449991842411912 1449991842411988 1449991842412185 1449991842412226
1449991842461897 1449991842461934 1449991842462084 1449991842462140
1449991842511899 1449991842511960 1449991842512138 1449991842512176
1449991842561899 1449991842561940 1449991842562126 1449991842562161
1449991842611910 1449991842611967 1449991842612235 1449991842612267
1449991842661908 1449991842661947 1449991842662186 1449991842662226
1449991842711903 1449991842711941 1449991842712188 1449991842712220
1449991842761903 1449991842761960 1449991842762202 1449991842762223
1449991842811902 1449991842811940 1449991842812151 1449991842812328
1449991842861910 1449991842861967 1449991842862253 1449991842862327
1449991842911907 1449991842911945 1449991842912213 1449991842912244
1449991842961906 1449991842961975 1449991842962406 1449991842962525
1449991843011951 1449991843012015 1449991843012411 1449991843012491
1449991843061896 1449991843061929 1449991843062182 1449991843062237
1449991843111887 1449991843111933 1449991843112060 1449991843112103
1449991843161905 1449991843161945 1449991843162176 1449991843162211
1449991843211886 1449991843211915 1449991843212232 1449991843212288
1449991843261945 1449991843262011 1449991843262430 1449991843262519
1449991843311913 1449991843311973 1449991843312291 1449991843312363
1449991843361893 1449991843361928 1449991843362210 1449991843362267
1449991843411909 1449991843411962 1449991843412266 1449991843412330
1449991843461906 1449991843461964 1449991843462144 1449991843462170
1449991843511944 1449991843512009 1449991843512320 1449991843512369
1449991843561915 1449991843561976 1449991843562290 1449991843562332
1449991843611896 1449991843611934 1449991843612105 1449991843612148
1449991843661905 1449991843661958 1449991843662203 1449991843662254
1449991843711932 1449991843711997 1449991843712288 1449991843712326
1449991843761896 1449991843761938 1449991843762224 1449991843762260
1449991843811901 1449991843811974 1449991843812234 1449991843812283
1449991843861904 1449991843861943 1449991843862237 1449991843862324
1449991843911902 1449991843911942 1449991843912232 1449991843912276
1449991843961902 1449991843961942 1449991843962239 1449991843962319
1449991844011903 1449991844011941 1449991844012211 1449991844012270
1449991844061901 1449991844061939 1449991844062208 1449991844062260
1449991844111901 1449991844111940 1449991844112168 1449991844112221
1449991844161904 1449991844161969 1449991844162260 1449991844162334
1449991844211901 1449991844211941 1449991844212236 1449991844212286
1449991844261904 1449991844261943 1449991844262232 1449991844262315
1449991844311894 1449991844311936 1449991844312267 1449991844312349
1449991844361944 1449991844362011 1449991844362442 1449991844362520
1449991844411916 1449991844412001 1449991844412329 1449991844412383
1449991844461893 1449991844461959 1449991844462148 1449991844462363
1449991844511944 1449991844512061 1449991844512453 1449991844512530
1449991844561949 1449991844562042 1449991844562423 1449991844562502
1449991844611949 1449991844612040 1449991844612347 1449991844612394
1449991844661920 1449991844662012 1449991844662463 1449991844662544
1449991844711896 1449991844711949 1449991844712109 1449991844712321
1449991844761892 1449991844761948 1449991844762130 1449991844762163
1449991844811892 1449991844811976 1449991844812249 1449991844812309
1449991844861938 1449991844862063 1449991844862488 1449991844862564
1449991844911951 1449991844912043 1449991844912443 1449991844912521
1449991844961936 1449991844962019 1449991844962351 1449991844962401
1449991845011931 1449991845012022 1449991845012521 1449991845012615
1449991845061889 1449991845061927 1449991845062137 1449991845062170
1449991845111910 1449991845111974 1449991845112158 1449991845112294
1449991845161918 1449991845162011 1449991845162296 1449991845162355
1449991845211912 1449991845212012 1449991845212269 1449991845212295
1449991845261890 1449991845261985 1449991845262197 1449991845262218
1449991845311884 1449991845311958 1449991845312184 1449991845312211
1449991845361883 1449991845361956 1449991845362317 1449991845362361
1449991845411943 1449991845412034 1449991845412334 1449991845412374
1449991845461951 1449991845462042 1449991845462348 1449991845462414
1449991845511950 1449991845512042 1449991845512430 1449991845512498
1449991845561909 1449991845561963 1449991845562244 1449991845562324
1449991845611910 1449991845611959 1449991845612322 1449991845612376
1449991845661907 1449991845661939 1449991845662211 1449991845662249
1449991845711907 1449991845711938 1449991845712207 1449991845712241
1449991845761944 1449991845762027 1449991845762442 1449991845762520
1449991845811907 1449991845811955 1449991845812205 1449991845812390
1449991845861902 1449991845861941 1449991845862197 1449991845862241
1449991845911900 1449991845911958 1449991845912220 1449991845912252
1449991845961889 1449991845961924 1449991845962092 1449991845962122
1449991846011891 1449991846011935 1449991846012241 1449991846012285
1449991846061902 1449991846061944 1449991846062223 1449991846062332
1449991846111946 1449991846112010 1449991846112261 1449991846112346
1449991846161925 1449991846161992 1449991846162445 1449991846162528
1449991846211907 1449991846211955 1449991846212248 1449991846212301
1449991846261890 1449991846261932 1449991846262089 1449991846262118
1449991846311892 1449991846311950 1449991846312204 1449991846312250
1449991846361909 1449991846361953 1449991846362216 1449991846362266
1449991846411904 1449991846411946 1449991846412230 1449991846412279
1449991846461946 1449991846462011 1449991846462411 1449991846462491
1449991846511950 1449991846512015 1449991846512427 1449991846512508
1449991846561912 1449991846561960 1449991846562252 1449991846562340
1449991846611924 1449991846612033 1449991846612441 1449991846612511
1449991846661951 1449991846662017 1449991846662433 1449991846662511
1449991846711952 1449991846712016 1449991846712430 1449991846712503
1449991846761912 1449991846761959 1449991846762246 1449991846762327
1449991846811905 1449991846811950 1449991846812237 1449991846812318
1449991846861947 1449991846862011 1449991846862395 1449991846862474
1449991846911911 1449991846911958 1449991846912256 1449991846912300
1449991846961905 1449991846961964 1449991846962251 1449991846962320
1449991847011927 1449991847011993 1449991847012400 1449991847012472
1449991847061910 1449991847061955 1449991847062255 1449991847062333
1449991847111945 1449991847112009 1449991847112346 1449991847112424
1449991847161908 1449991847161958 1449991847162261 1449991847162329
1449991847211903 1449991847211943 1449991847212232 1449991847212272
1449991847261901 1449991847261941 1449991847262228 1449991847262321
1449991847311900 1449991847311993 1449991847312409 1449991847312485
1449991847361914 1449991847361969 1449991847362284 1449991847362341
1449991847411906 1449991847411947 1449991847412252 1449991847412311
1449991847461901 1449991847461941 1449991847462134 1449991847462195
1449991847511943 1449991847512011 1449991847512418 1449991847512502
1449991847561910 1449991847561958 1449991847562251 1449991847562338
1449991847611903 1449991847611969 1449991847612316 1449991847612393
1449991847661922 1449991847662014 1449991847662428 1449991847662510
1449991847711894 1449991847711931 1449991847712223 1449991847712277
1449991847761894 1449991847761926 1449991847762104 1449991847762144
1449991847811898 1449991847811936 1449991847812073 1449991847812112
1449991847861946 1449991847862015 1449991847862444 1449991847862518
1449991847911897 1449991847911937 1449991847912234 1449991847912294
1449991847961912 1449991847961974 1449991847962302 1449991847962373
1449991848011892 1449991848011942 1449991848012224 1449991848012278
1449991848061886 1449991848061922 1449991848062214 1449991848062316
1449991848111893 1449991848111939 1449991848112171 1449991848112231
1449991848161908 1449991848161948 1449991848162240 1449991848162311
1449991848211890 1449991848211925 1449991848212093 1449991848212121
1449991848261891 1449991848261930 1449991848262102 1449991848262136
1449991848311909 1449991848311970 1449991848350482 1449991848312284
1449991848361923 1449991848362015 1449991848402366 1449991848362407
1449991848411902 1449991848411942 1449991848450495 1449991848412114
1449991848461944 1449991848462010 1449991848502497 1449991848462416
1449991848511904 1449991848511957 1449991848550377 1449991848512263
1449991848561899 1449991848561936 1449991848598367 1449991848562117
1449991848611885 1449991848611916 1449991848650479 1449991848612077
1449991848661918 1449991848662003 1449991848702382 1449991848662388
1449991848711898 1449991848711946 1449991848750487 1449991848712102
1449991848761945 1449991848762037 1449991848802379 1449991848762486
1449991848811950 1449991848812040 1449991848850370 1449991848812428
1449991848861898 1449991848861956 1449991848898455 1449991848862120
1449991848911909 1449991848911995 1449991848950507 1449991848912273
1449991848961919 1449991848961970 1449991848998372 1449991848962240
1449991849011915 1449991849011967 1449991849050389 1449991849012307
1449991849061905 1449991849061959 1449991849098436 1449991849062170
1449991849111910 1449991849111976 1449991849150380 1449991849112307
1449991849161912 1449991849161964 1449991849198385 1449991849162179
1449991849211893 1449991849211922 1449991849250423 1449991849212111
1449991849261887 1449991849261923 1449991849298432 1449991849262093
1449991849311891 1449991849311937 1449991849350372 1449991849312216
1449991849361887 1449991849361915 1449991849398354 1449991849362143
1449991849411886 1449991849411938 1449991849450418 1449991849412089
1449991849461946 1449991849462039 1449991849502511 1449991849462466
1449991849511908 1449991849511963 1449991849550356 1449991849512283
1449991849561899 1449991849561930 1449991849598347 1449991849562088
1449991849611890 1449991849611924 1449991849650375 1449991849612103
1449991849661911 1449991849661995 1449991849698367 1449991849662245
1449991849711915 1449991849711999 1449991849750407 1449991849712252
1449991849761947 1449991849762066 1449991849802429 1449991849762363
1449991849811902 1449991849811964 1449991849850441 1449991849812145
1449991849861944 1449991849862035 1449991849902425 1449991849862422
1449991849911910 1449991849911988 1449991849950369 1449991849912249
1449991849961894 1449991849961949 1449991849998443 1449991849962111
1449991850011909 1449991850011992 1449991850050414 1449991850012284
1449991850061890 1449991850061934 1449991850098397 1449991850062069
1449991850111889 1449991850111959 1449991850150504 1449991850112116
1449991850161902 1449991850161987 1449991850198407 1449991850162267
1449991850211905 1449991850211976 1449991850250366 1449991850212242
1449991850261894 1449991850261932 1449991850298366 1449991850262095
1449991850311897 1449991850311957 1449991850350441 1449991850312173
1449991850361906 1449991850361956 1449991850398404 1449991850362204
1449991850411907 1449991850411979 1449991850450361 1449991850412230
1449991850461944 1449991850462061 1449991850502499 1449991850462496
1449991850511903 1449991850511991 1449991850550414 1449991850512351
1449991850561914 1449991850561999 1449991850598444 1449991850562333
1449991850611934 1449991850612025 1449991850650435 1449991850612411
1449991850661900 1449991850661980 1449991850698410 1449991850662239
1449991850711894 1449991850711952 1449991850750373 1449991850712154
1449991850761898 1449991850761936 1449991850798391 1449991850762111
1449991850811945 1449991850812062 1449991850850461 1449991850812421
1449991850861909 1449991850861960 1449991850898369 1449991850862254
1449991850911893 1449991850911952 1449991850950367 1449991850912122
1449991850961887 1449991850961947 1449991850998421 1449991850962112
1449991851011893 1449991851011990 1449991851050416 1449991851012222
1449991851061889 1449991851061921 1449991851098371 1449991851062104
1449991851111893 1449991851111937 1449991851150376 1449991851112079
1449991851161901 1449991851162017 1449991851198409 1449991851162331
1449991851211894 1449991851211927 1449991851250369 1449991851212121
1449991851261887 1449991851261952 1449991851298370 1449991851262138
1449991851311892 1449991851311951 1449991851350358 1449991851312125
1449991851361888 1449991851361923 1449991851398366 1449991851362090
1449991851411893 1449991851411951 1449991851450366 1449991851412122
1449991851461887 1449991851461927 1449991851498382 1449991851462080
1449991851511873 1449991851511940 1449991851550376 1449991851512132
1449991851561887 1449991851561951 1449991851598367 1449991851562129
1449991851611884 1449991851611937 1449991851650374 1449991851612105
1449991851661893 1449991851661953 1449991851698368 1449991851662128
1449991851711892 1449991851711935 1449991851750363 1449991851712078
1449991851761890 1449991851761929 1449991851798348 1449991851762069
1449991851811892 1449991851811950 1449991851850418 1449991851812126
1449991851861912 1449991851861975 1449991851898414 1449991851862163
1449991851911889 1449991851911943 1449991851950486 1449991851912122
1449991851961894 1449991851961934 1449991851998412 1449991851962164
1449991852011904 1449991852011953 1449991852050377 1449991852012178
1449991852061908 1449991852061955 1449991852098383 1449991852062163
1449991852111904 1449991852111943 1449991852150482 1449991852112228
1449991852161946 1449991852162014 1449991852202395 1449991852162421
1449991852211893 1449991852211964 1449991852250384 1449991852212207
1449991852261902 1449991852261940 1449991852298505 1449991852262202
1449991852311913 1449991852311973 1449991852350392 1449991852312306
1449991852361908 1449991852361946 1449991852398380 1449991852362214
1449991852411887 1449991852411914 1449991852450419 1449991852412162
1449991852461946 1449991852462011 1449991852502443 1449991852462474
1449991852511913 1449991852511964 1449991852550500 1449991852512260
1449991852561947 1449991852562041 1449991852602437 1449991852562457
1449991852611951 1449991852612016 1449991852650425 1449991852612406
1449991852661949 1449991852662016 1449991852702405 1449991852662416
1449991852711891 1449991852711924 1449991852750407 1449991852712172
1449991852761943 1449991852762008 1449991852802420 1449991852762406
1449991852811897 1449991852811935 1449991852850414 1449991852812197
1449991852861939 1449991852862003 1449991852902413 1449991852862436
1449991852911910 1449991852911975 1449991852950417 1449991852912278
1449991852961898 1449991852961939 1449991852998396 1449991852962181
1449991853011902 1449991853011940 1449991853050413 1449991853012189
1449991853061897 1449991853061962 1449991853102369 1449991853062402
1449991853111949 1449991853112013 1449991853150501 1449991853112433
1449991853161954 1449991853162021 1449991853202439 1449991853162433
1449991853211900 1449991853211944 1449991853250393 1449991853212189
1449991853261948 1449991853262043 1449991853302511 1449991853262443
1449991853311907 1449991853311962 1449991853350512 1449991853312302
1449991853361951 1449991853362014 1449991853402482 1449991853362411
1449991853411949 1449991853412016 1449991853450541 1449991853412371
1449991853461953 1449991853462016 1449991853502469 1449991853462436
1449991853511952 1449991853512015 1449991853550426 1449991853512382
1449991853561953 1449991853562017 1449991853602363 1449991853562462
1449991853611896 1449991853611939 1449991853650495 1449991853612090
1449991853661951 1449991853662015 1449991853702374 1449991853662398
1449991853711898 1449991853711932 1449991853750500 1449991853712092
1449991853761934 1449991853762000 1449991853802478 1449991853762419
1449991853811950 1449991853812016 1449991853850370 1449991853812380
1449991853861913 1449991853861968 1449991853898396 1449991853862256
1449991853911896 1449991853911931 1449991853950368 1449991853912082
1449991853961891 1449991853962065 1449991853998353 1449991853962228
1449991854011883 1449991854011918 1449991854050372 1449991854012099
1449991854061882 1449991854061911 1449991854098445 1449991854062071
1449991854111906 1449991854111959 1449991854150362 1449991854112189
1449991854161909 1449991854161964 1449991854198510 1449991854162239
1449991854211910 1449991854211970 1449991854250406 1449991854212270
1449991854261896 1449991854261938 1449991854298502 1449991854262196
1449991854311898 1449991854311954 1449991854350469 1449991854312241
1449991854361951 1449991854362046 1449991854402421 1449991854362459
1449991854411910 1449991854411949 1449991854450500 1449991854412195
1449991854461932 1449991854462019 1449991854502494 1449991854462437
1449991854511952 1449991854512045 1449991854550406 1449991854512423
1449991854561912 1449991854562008 1449991854598412 1449991854562298
1449991854611949 1449991854612041 1449991854650352 1449991854612424
1449991854661947 1449991854662039 1449991854702428 1449991854662443
1449991854711896 1449991854711935 1449991854750419 1449991854712192
1449991854761902 1449991854761934 1449991854798358 1449991854762176
1449991854811906 1449991854811974 1449991854850500 1449991854812243
1449991854861945 1449991854862037 1449991854902408 1449991854862445
1449991854911910 1449991854911965 1449991854950498 1449991854912229
1449991854961922 1449991854961976 1449991854998378 1449991854962265
1449991855011907 1449991855011934 1449991855050490 1449991855012174
1449991855061945 1449991855062033 1449991855102503 1449991855062451
1449991855111915 1449991855111969 1449991855150449 1449991855112342
1449991855161953 1449991855162044 1449991855202502 1449991855162454
1449991855211949 1449991855212040 1449991855250408 1449991855212418
1449991855261894 1449991855261999 1449991855298408 1449991855262255
1449991855311886 1449991855311947 1449991855350386 1449991855312190
1449991855361942 1449991855362033 1449991855402404 1449991855362427
1449991855411897 1449991855411963 1449991855450480 1449991855412220
1449991855461940 1449991855462029 1449991855502501 1449991855462469
1449991855511951 1449991855512042 1449991855550411 1449991855512419
1449991855561947 1449991855562038 1449991855602427 1449991855562442
1449991855611911 1449991855611995 1449991855650410 1449991855612245
1449991855661928 1449991855662018 1449991855702469 1449991855662424
1449991855711905 1449991855711991 1449991855750401 1449991855712336
1449991855761953 1449991855762041 1449991855802507 1449991855762430
1449991855811902 1449991855811988 1449991855850416 1449991855812335
1449991855861904 1449991855861974 1449991855898397 1449991855862336
1449991855911893 1449991855911922 1449991855950506 1449991855912168
1449991855961913 1449991855961982 1449991855998388 1449991855962342
1449991856011909 1449991856011936 1449991856050412 1449991856012179
1449991856061895 1449991856061956 1449991856098515 1449991856062229
1449991856111908 1449991856111991 1449991856150531 1449991856112357
1449991856161951 1449991856162065 1449991856202495 1449991856162533
1449991856211950 1449991856212040 1449991856250428 1449991856212405
1449991856261897 1449991856261935 1449991856298484 1449991856262186
1449991856311946 1449991856312062 1449991856350353 1449991856312431
1449991856361908 1449991856361995 1449991856402504 1449991856362424
1449991856411948 1449991856412039 1449991856450460 1449991856412434
1449991856461888 1449991856461921 1449991856498488 1449991856462086
1449991856511948 1449991856512038 1449991856550415 1449991856512347
1449991856561918 1449991856561971 1449991856598426 1449991856562325
1449991856611898 1449991856611942 1449991856650379 1449991856612187
1449991856661888 1449991856661935 1449991856698389 1449991856662132
1449991856711904 1449991856711931 1449991856750391 1449991856712145
1449991856761902 1449991856761928 1449991856798361 1449991856762122
1449991856811949 1449991856812040 1449991856850411 1449991856812410
1449991856861894 1449991856861971 1449991856898406 1449991856862230
1449991856911903 1449991856911973 1449991856950403 1449991856912234
1449991856961902 1449991856961972 1449991856998390 1449991856962237
1449991857011902 1449991857011982 1449991857050497 1449991857012246
1449991857061928 1449991857062016 1449991857102434 1449991857062427
1449991857111910 1449991857111955 1449991857150481 1449991857112234
1449991857161939 1449991857162030 1449991857202432 1449991857162440
1449991857211911 1449991857211987 1449991857250422 1449991857212241
1449991857261950 1449991857262042 1449991857302432 1449991857262411
1449991857311900 1449991857311970 1449991857350406 1449991857312237
1449991857361952 1449991857362065 1449991857402493 1449991857362443
1449991857411915 1449991857411974 1449991857450492 1449991857412310
1449991857461959 1449991857462054 1449991857502510 1449991857462475
1449991857511910 1449991857512001 1449991857550475 1449991857512359
1449991857561955 1449991857562049 1449991857602422 1449991857562449
1449991857611898 1449991857611932 1449991857650527 1449991857612176
1449991857661950 1449991857662044 1449991857702425 1449991857662386
1449991857711913 1449991857711968 1449991857750409 1449991857712207
1449991857761904 1449991857761967 1449991857798385 1449991857762231
1449991857811949 1449991857812039 1449991857850444 1449991857812410
1449991857861893 1449991857861943 1449991857898359 1449991857862128
1449991857911908 1449991857911982 1449991857950433 1449991857912270
1449991857961906 1449991857961968 1449991857998389 1449991857962243
1449991858011904 1449991858011934 1449991858050400 1449991858012160
1449991858061948 1449991858062071 1449991858102512 1449991858062472
1449991858111951 1449991858112041 1449991858150442 1449991858112425
1449991858161939 1449991858162031 1449991858202488 1449991858162440
1449991858211904 1449991858211991 1449991858250391 1449991858212345
1449991858261907 1449991858261973 1449991858298498 1449991858262246
1449991858311898 1449991858311985 1449991858350499 1449991858312258
1449991858361953 1449991858362044 1449991858402431 1449991858362444
1449991858411894 1449991858411985 1449991858450482 1449991858412288
1449991858461950 1449991858462041 1449991858502500 1449991858462484
1449991858511905 1449991858511992 1449991858550503 1449991858512349
1449991858561954 1449991858562046 1449991858602485 1449991858562453
1449991858611920 1449991858612009 1449991858650422 1449991858612420
1449991858661959 1449991858662053 1449991858702502 1449991858662449
1449991858711910 1449991858711997 1449991858750417 1449991858712346
1449991858761894 1449991858761951 1449991858798382 1449991858762186
1449991858811952 1449991858812046 1449991858850423 1449991858812407
1449991858861900 1449991858861973 1449991858898410 1449991858862221
1449991858911948 1449991858912039 1449991858950442 1449991858912422
1449991858961895 1449991858961938 1449991858998409 1449991858962177
1449991859011886 1449991859011948 1449991859050413 1449991859012188
1449991859061880 1449991859061921 1449991859098510 1449991859062166
1449991859111938 1449991859112050 1449991859150423 1449991859112460
1449991859161895 1449991859161966 1449991859198397 1449991859162222
1449991859211885 1449991859211948 1449991859250403 1449991859212203
1449991859261881 1449991859261910 1449991859298405 1449991859262149
1449991859311880 1449991859311941 1449991859350405 1449991859312200
1449991859361880 1449991859361943 1449991859398394 1449991859362202
1449991859411899 1449991859411927 1449991859450523 1449991859412168
1449991859461915 1449991859462035 1449991859502493 1449991859462457
1449991859511904 1449991859511990 1449991859550404 1449991859512317
1449991859561909 1449991859561941 1449991859598379 1449991859562183
1449991859611905 1449991859611932 1449991859650386 1449991859612162
1449991859661904 1449991859661930 1449991859698498 1449991859662179
1449991859711948 1449991859712040 1449991859750405 1449991859712428
1449991859761897 1449991859761930 1449991859798382 1449991859762165
1449991859811905 1449991859811955 1449991859850504 1449991859812201
1449991859861910 1449991859861964 1449991859898418 1449991859862260
1449991859911911 1449991859911975 1449991859950396 1449991859912229
1449991859961902 1449991859961930 1449991859998383 1449991859962167
1449991860011904 1449991860011930 1449991860050368 1449991860012163
1449991860061903 1449991860061931 1449991860098415 1449991860062156
1449991860111902 1449991860111967 1449991860150416 1449991860112221
1449991860161946 1449991860162061 1449991860202503 1449991860162452
1449991860211955 1449991860212048 1449991860250411 1449991860212414
1449991860261908 1449991860261942 1449991860298407 1449991860262166
1449991860311904 1449991860311966 1449991860350408 1449991860312219
1449991860361887 1449991860361948 1449991860398390 1449991860362227
1449991860411900 1449991860411927 1449991860450417 1449991860412160
1449991860461902 1449991860461964 1449991860498508 1449991860462251
1449991860511949 1449991860512060 1449991860550401 1449991860512427
1449991860561912 1449991860561988 1449991860598436 1449991860562260
1449991860611907 1449991860611976 1449991860650423 1449991860612260
1449991860661904 1449991860661974 1449991860698410 1449991860662249
1449991860711930 1449991860712022 1449991860750421 1449991860712398
1449991860761903 1449991860761967 1449991860798470 1449991860762300
1449991860811906 1449991860811996 1449991860850344 1449991860812309
1449991860861895 1449991860861967 1449991860898416 1449991860862235
1449991860911904 1449991860911968 1449991860950402 1449991860912226
1449991860961904 1449991860961936 1449991860998382 1449991860962170
1449991861011905 1449991861011934 1449991861050384 1449991861012189
1449991861061905 1449991861061933 1449991861098414 1449991861062161
1449991861111903 1449991861111967 1449991861150375 1449991861112237
1449991861161906 1449991861161974 1449991861198418 1449991861162249
1449991861211931 1449991861212030 1449991861250491 1449991861212411
1449991861261955 1449991861262047 1449991861302510 1449991861262454
1449991861311906 1449991861311959 1449991861350493 1449991861312265
1449991861361955 1449991861362045 1449991861402409 1449991861362442
1449991861411912 1449991861411979 1449991861450488 1449991861412235
1449991861461946 1449991861462038 1449991861502497 1449991861462471
1449991861511955 1449991861512049 1449991861550426 1449991861512423
1449991861561894 1449991861561976 1449991861598418 1449991861562242
1449991861611948 1449991861612040 1449991861650485 1449991861612419
1449991861661951 1449991861662043 1449991861702488 1449991861662427
1449991861711919 1449991861712006 1449991861750428 1449991861712357
1449991861761892 1449991861761965 1449991861798476 1449991861762232
1449991861811946 1449991861812056 1449991861850430 1449991861812440
1449991861861894 1449991861861970 1449991861898486 1449991861862239
1449991861911946 1449991861912063 1449991861950445 1449991861912445
1449991861961949 1449991861962060 1449991862002492 1449991861962452
1449991862011908 1449991862011993 1449991862050424 1449991862012339
1449991862061891 1449991862061956 1449991862098501 1449991862062209
1449991862111909 1449991862111997 1449991862150500 1449991862112384
1449991862161953 1449991862162046 1449991862202434 1449991862162438
1449991862211952 1449991862212043 1449991862250494 1449991862212409
1449991862261947 1449991862262047 1449991862302498 1449991862262444
1449991862311919 1449991862312003 1449991862350514 1449991862312355
1449991862361954 1449991862362044 1449991862402440 1449991862362452
1449991862411895 1449991862411963 1449991862450406 1449991862412213
1449991862461950 1449991862462041 1449991862502503 1449991862462477
1449991862511905 1449991862511994 1449991862550492 1449991862512350
1449991862561908 1449991862561963 1449991862598412 1449991862562238
1449991862611895 1449991862611968 1449991862650501 1449991862612217
1449991862661950 1449991862662044 1449991862702434 1449991862662437
1449991862711959 1449991862712071 1449991862750419 1449991862712436
1449991862761898 1449991862762033 1449991862798379 1449991862762340
1449991862811893 1449991862811958 1449991862850402 1449991862812213
1449991862861903 1449991862861974 1449991862898402 1449991862862244
1449991862911903 1449991862911966 1449991862950405 1449991862912223
1449991862961891 1449991862961962 1449991862998481 1449991862962249
1449991863011952 1449991863012045 1449991863050505 1449991863012399
1449991863061919 1449991863061974 1449991863098412 1449991863062240
1449991863111955 1449991863112046 1449991863150428 1449991863112476
1449991863161896 1449991863161969 1449991863198409 1449991863162262
1449991863211905 1449991863211938 1449991863250469 1449991863212196
1449991863261910 1449991863261962 1449991863298501 1449991863262223
1449991863311914 1449991863311996 1449991863350415 1449991863312270
1449991863361922 1449991863362002 1449991863402441 1449991863362402
1449991863411905 1449991863411953 1449991863450514 1449991863412223
1449991863461920 1449991863462012 1449991863502474 1449991863462439
1449991863511920 1449991863512004 1449991863550419 1449991863512364
1449991863561895 1449991863561969 1449991863598397 1449991863562202
1449991863611882 1449991863611945 1449991863650399 1449991863612175
1449991863661882 1449991863661919 1449991863698346 1449991863662134
1449991863711883 1449991863711916 1449991863750352 1449991863712090
1449991863761883 1449991863761925 1449991863798466 1449991863762083
1449991863811957 1449991863812046 1449991863850473 1449991863812395
1449991863861950 1449991863862042 1449991863902506 1449991863862352
1449991863911954 1449991863912046 1449991863950501 1449991863912414
1449991863961950 1449991863962043 1449991864002419 1449991863962431
1449991864011912 1449991864011957 1449991864050503 1449991864012207
1449991864061914 1449991864061998 1449991864102432 1449991864062353
1449991864111898 1449991864111946 1449991864150566 1449991864112173
1449991864161951 1449991864162043 1449991864202519 1449991864162496
1449991864211954 1449991864212046 1449991864250475 1449991864212463
1449991864261953 1449991864262045 1449991864302507 1449991864262440
1449991864311918 1449991864311971 1449991864350507 1449991864312305
1449991864361917 1449991864362009 1449991864398377 1449991864362332
1449991864411922 1449991864411990 1449991864450488 1449991864412374
1449991864461954 1449991864462044 1449991864502492 1449991864462444
1449991864511951 1449991864512030 1449991864550426 1449991864512382
1449991864561912 1449991864561950 1449991864598388 1449991864562177
1449991864611906 1449991864611935 1449991864650392 1449991864612159
1449991864661903 1449991864661931 1449991864698384 1449991864662142
1449991864711905 1449991864711959 1449991864750390 1449991864712184
1449991864761895 1449991864761924 1449991864798339 1449991864762169
1449991864811910 1449991864811991 1449991864850394 1449991864812278
1449991864861910 1449991864861949 1449991864898382 1449991864862201
1449991864911905 1449991864911936 1449991864950373 1449991864912167
1449991864961903 1449991864961932 1449991864998385 1449991864962183
1449991865011902 1449991865011930 1449991865050396 1449991865012141
1449991865061906 1449991865061960 1449991865098376 1449991865062314
1449991865111904 1449991865111961 1449991865150415 1449991865112232
1449991865161914 1449991865162050 1449991865202437 1449991865162351
1449991865211915 1449991865211998 1449991865250408 1449991865212326
1449991865261949 1449991865262037 1449991865302473 1449991865262442
1449991865311904 1449991865311984 1449991865350411 1449991865312290
1449991865361949 1449991865362041 1449991865402489 1449991865362452
1449991865411946 1449991865412041 1449991865450507 1449991865412427
1449991865461949 1449991865462040 1449991865502508 1449991865462429
1449991865511917 1449991865512004 1449991865550419 1449991865512377
1449991865561908 1449991865561982 1449991865598423 1449991865562233
1449991865611894 1449991865611960 1449991865650401 1449991865612209
1449991865661933 1449991865662006 1449991865698418 1449991865662345
1449991865711910 1449991865711961 1449991865750385 1449991865712243
1449991865761899 1449991865761935 1449991865798473 1449991865762165
1449991865811936 1449991865812046 1449991865850472 1449991865812472
1449991865861950 1449991865862042 1449991865902414 1449991865862458
1449991865911941 1449991865911994 1449991865950412 1449991865912285
1449991865961891 1449991865961921 1449991865998365 1449991865962080
1449991866011885 1449991866011924 1449991866050388 1449991866012089
1449991866061894 1449991866061918 1449991866098360 1449991866062043
1449991866111894 1449991866111936 1449991866150490 1449991866112153
1449991866161943 1449991866162035 1449991866202432 1449991866162354
1449991866211919 1449991866212011 1449991866250478 1449991866212388
1449991866261947 1449991866262038 1449991866302460 1449991866262460
1449991866311952 1449991866312043 1449991866350483 1449991866312411
1449991866361901 1449991866361989 1449991866398435 1449991866362319
1449991866411912 1449991866411969 1449991866450428 1449991866412258
1449991866461900 1449991866461951 1449991866498431 1449991866462179
1449991866511888 1449991866511915 1449991866550432 1449991866512039
1449991866561912 1449991866561955 1449991866598405 1449991866562180
1449991866611911 1449991866611952 1449991866650355 1449991866612214
1449991866661887 1449991866661913 1449991866698377 1449991866662007
1449991866711917 1449991866712073 1449991866750365 1449991866712263
1449991866761916 1449991866761972 1449991866798480 1449991866762234
1449991866811925 1449991866812022 1449991866850468 1449991866812409
1449991866861914 1449991866861962 1449991866898450 1449991866862232
1449991866911950 1449991866912041 1449991866950436 1449991866912352
1449991866961899 1449991866961936 1449991866998382 1449991866962107
1449991867011883 1449991867011921 1449991867050421 1449991867012101
1449991867061910 1449991867061993 1449991867098421 1449991867062181
1449991867111913 1449991867111993 1449991867150427 1449991867112297
