1449991685551691261 1449991685552046747
1449991685601715822 1449991685602048312
1449991685651717283 1449991685652056372
1449991685701710850 1449991685702008672
1449991685751694087 1449991685751996619
1449991685801697346 1449991685801879510
1449991685851694781 1449991685851994129
1449991685901708223 1449991685902162854
1449991685951699845 1449991685952081257
1449991686001715993 1449991686002056072
1449991686051715486 1449991686052073838
1449991686101695863 1449991686102030923
1449991686151685795 1449991686151857034
1449991686201693638 1449991686202027441
1449991686251698697 1449991686251963228
1449991686301695540 1449991686301907102
1449991686351750444 1449991686351960422
1449991686401722061 1449991686402177042
1449991686451722169 1449991686452074745
1449991686501726737 1449991686502225859
1449991686551752761 1449991686552216161
1449991686601690695 1449991686601955618
1449991686651723009 1449991686652072146
1449991686701718394 1449991686701973706
1449991686751720617 1449991686751939329
1449991686801713395 1449991686802033995
1449991686851711378 1449991686851957348
1449991686901708640 1449991686902058908
1449991686951706754 1449991686952038205
1449991687001712358 1449991687002068926
1449991687051702796 1449991687052000391
1449991687101683258 1449991687101893755
1449991687151701125 1449991687151871702
1449991687201712560 1449991687202083904
1449991687251699173 1449991687252052020
1449991687301692074 1449991687301911654
1449991687351728219 1449991687352212345
1449991687401727376 1449991687402217460
1449991687451708979 1449991687452060563
1449991687501751794 1449991687502343853
1449991687551716515 1449991687552123665
1449991687601736923 1449991687602154847
1449991687651697889 1449991687652105819
1449991687701738670 1449991687702328023
1449991687751756872 1449991687752318352
1449991687801699066 1449991687802068487
1449991687851690040 1449991687852028798
1449991687901687175 1449991687901960792
1449991687951724578 1449991687952222931
1449991688001701657 1449991688002066691
1449991688051710144 1449991688052055818
1449991688101706969 1449991688102017770
1449991688151708343 1449991688152007892
1449991688201706864 1449991688202031550
1449991688251705041 1449991688252002382
1449991688301706520 1449991688301972730
1449991688351707136 1449991688351991681
1449991688401739286 1449991688402235468
1449991688451717472 1449991688452077989
1449991688501717146 1449991688502095004
1449991688551723244 1449991688552113295
1449991688601716036 1449991688602107851
1449991688651713926 1449991688652132374
1449991688701711361 1449991688702013767
1449991688751706856 1449991688752027963
1449991688801750118 1449991688802228727
1449991688851712778 1449991688852245035
1449991688901717614 1449991688902113007
1449991688951709654 1449991688952024448
1449991689001708970 1449991689002074987
1449991689051706048 1449991689052004899
1449991689101752341 1449991689102261977
1449991689151714951 1449991689152031442
1449991689201699812 1449991689202023038
1449991689251714456 1449991689252136590
1449991689301706213 1449991689302062329
1449991689351700263 1449991689351994540
1449991689401692093 1449991689401923139
1449991689451698254 1449991689451900117
1449991689501690979 1449991689501908440
1449991689551687948 1449991689551898759
1449991689601711592 1449991689601986108
1449991689651712142 1449991689651956781
1449991689701708972 1449991689702073312
1449991689751707206 1449991689752037057
1449991689801707712 1449991689801997205
1449991689851706538 1449991689852083936
1449991689901720507 1449991689902227349
1449991689951719700 1449991689952151041
1449991690001715273 1449991690002151106
1449991690051708163 1449991690052034190
1449991690101703297 1449991690101974667
1449991690151705657 1449991690152036357
1449991690201706012 1449991690202036377
1449991690251748624 1449991690252245096
1449991690301717324 1449991690301992584
1449991690351692108 1449991690351920509
1449991690401735037 1449991690402114474
1449991690451737761 1449991690452262273
1449991690501758907 1449991690502354380
1449991690551741131 1449991690552250296
1449991690601718405 1449991690602132623
1449991690651712553 1449991690652112652
1449991690701707396 1449991690702011572
1449991690751749793 1449991690752166568
1449991690801716238 1449991690801886647
1449991690851737368 1449991690852205981
1449991690901716742 1449991690902028052
1449991690951710469 1449991690951866363
1449991691001706839 1449991691001868921
1449991691051688963 1449991691051863845
1449991691101703658 1449991691101859075
1449991691151735521 1449991691152256532
1449991691201746516 1449991691202149965
1449991691251694478 1449991691252109612
1449991691301710619 1449991691302069589
1449991691351729351 1449991691352223667
1449991691401750054 1449991691402206299
1449991691451734941 1449991691452280922
1449991691501736667 1449991691502266959
1449991691551714935 1449991691552106242
1449991691601738891 1449991691602257266
1449991691651760157 1449991691652296533
1449991691701723713 1449991691702076728
1449991691751722837 1449991691751986192
1449991691801693542 1449991691801871966
1449991691851702592 1449991691851951194
1449991691901711774 1449991691902122784
1449991691951756975 1449991691952252862
1449991692001718238 1449991692002110651
1449991692051715978 1449991692052088051
1449991692101704081 1449991692101997907
1449991692151706025 1449991692152042838
1449991692201710513 1449991692201990091
1449991692251703622 1449991692251975381
1449991692301716843 1449991692301989590
1449991692351703257 1449991692352065070
1449991692401701075 1449991692401968107
1449991692451694527 1449991692451913343
1449991692501711657 1449991692502127823
1449991692551696353 1449991692552081844
1449991692601684033 1449991692601879847
1449991692651720421 1449991692652066138
1449991692701751375 1449991692702193023
1449991692751703024 1449991692752045027
1449991692801690288 1449991692802006252
1449991692851693857 1449991692851924032
1449991692901716476 1449991692901917461
1449991692951691811 1449991692951895429
1449991693001692282 1449991693001906969
1449991693051692002 1449991693051897040
1449991693101691714 1449991693101863768
1449991693151689753 1449991693151932859
1449991693201692410 1449991693201905423
1449991693251708695 1449991693251931759
1449991693301742398 1449991693302129335
1449991693351717265 1449991693351945976
1449991693401708220 1449991693401916644
1449991693451712491 1449991693451978016
1449991693501748413 1449991693502108478
1449991693551715908 1449991693552048762
1449991693602123847 1449991693602597340
1449991693651819515 1449991693652215977
1449991693701690795 1449991693702044246
1449991693751696379 1449991693752050906
1449991693801709764 1449991693801996123
1449991693851703728 1449991693852148607
1449991693901699969 1449991693901958858
1449991693951689920 1449991693951904913
1449991694001696212 1449991694001885388
1449991694051699500 1449991694051963141
1449991694101695595 1449991694101903547
1449991694151692332 1449991694151894019
1449991694201691571 1449991694201913882
1449991694251701643 1449991694252071125
1449991694301744830 1449991694302239528
1449991694351716474 1449991694352093515
1449991694401710819 1449991694402069712
1449991694451728013 1449991694452600166
1449991694501720313 1449991694502131772
1449991694551707896 1449991694552077130
1449991694601710771 1449991694602094370
1449991694651712239 1449991694652103255
1449991694701709557 1449991694702082218
1449991694751708717 1449991694752052326
1449991694801741873 1449991694802256122
1449991694851732390 1449991694852237468
1449991694901752754 1449991694902367895
1449991694951753437 1449991694952248669
1449991695001714410 1449991695002129013
1449991695051750506 1449991695052261030
1449991695101715849 1449991695102089543
1449991695151710933 1449991695152074370
1449991695201705117 1449991695202074969
1449991695251705349 1449991695252085608
1449991695301709286 1449991695302090163
1449991695351706601 1449991695352045262
1449991695401693781 1449991695401912707
1449991695451698330 1449991695451968691
1449991695501714079 1449991695502161106
1449991695551727421 1449991695552243938
1449991695601719147 1449991695602156204
1449991695651754986 1449991695652339210
1449991695701698374 1449991695701916981
1449991695751691757 1449991695751918112
1449991695801748134 1449991695802139069
1449991695851704089 1449991695851946300
1449991695901926201 1449991695902491402
1449991695951725119 1449991695952178343
1449991696001718202 1449991696002164884
1449991696051758220 1449991696052319723
1449991696101702706 1449991696102092737
1449991696151711788 1449991696152075716
1449991696201736174 1449991696202226325
1449991696251699810 1449991696252103736
1449991696301689328 1449991696302000707
1449991696351685741 1449991696352048871
1449991696401687563 1449991696402047191
1449991696451683033 1449991696451873946
1449991696501724152 1449991696502243613
1449991696551754753 1449991696552230768
1449991696601725885 1449991696602227826
1449991696651720090 1449991696652098678
1449991696701751125 1449991696702236499
1449991696751731826 1449991696752291408
1449991696801746063 1449991696802133527
1449991696851727412 1449991696852257360
1449991696901718443 1449991696902091193
1449991696951696551 1449991696952055555
1449991697001749175 1449991697002349807
1449991697051723498 1449991697052016664
1449991697101720476 1449991697102169193
1449991697151758988 1449991697152258945
1449991697201705106 1449991697202122296
1449991697251752500 1449991697252301728
1449991697301721731 1449991697302149183
1449991697351703501 1449991697352124267
1449991697401698757 1449991697401927495
1449991697451752802 1449991697452291149
1449991697501760267 1449991697502365552
1449991697551723161 1449991697552255915
1449991697601752586 1449991697602338143
1449991697651699477 1449991697652163024
1449991697701751686 1449991697702415561
1449991697751716718 1449991697752113428
1449991697801708598 1449991697801960132
1449991697851752432 1449991697852288921
1449991697901715643 1449991697902075880
1449991697951709417 1449991697952016981
1449991698001707995 1449991698001985027
1449991698051707298 1449991698052286571
1449991698101689119 1449991698101968004
1449991698151709252 1449991698152188871
1449991698201758803 1449991698202346922
1449991698251710222 1449991698252001631
1449991698301718865 1449991698302173054
1449991698351707306 1449991698352047733
1449991698401692711 1449991698402022369
1449991698451742045 1449991698452253186
1449991698501762385 1449991698502343312
1449991698551698884 1449991698551890616
1449991698601705445 1449991698601993288
1449991698651725492 1449991698652195702
1449991698701718996 1449991698702138099
1449991698751720741 1449991698752120517
1449991698801754399 1449991698802973869
1449991698851756705 1449991698852246733
1449991698901697874 1449991698901900347
1449991698951750744 1449991698952206948
1449991699001717467 1449991699002123888
1449991699051738239 1449991699052240343
1449991699101755499 1449991699102350969
1449991699151702758 1449991699152512186
1449991699201753364 1449991699202247146
1449991699251699565 1449991699251902155
1449991699301737484 1449991699302265077
1449991699351785059 1449991699352044323
1449991699401706645 1449991699402001053
1449991699451689645 1449991699451867332
1449991699501690462 1449991699501863989
1449991699551747486 1449991699552309664
1449991699601709974 1449991699601975711
1449991699651712804 1449991699652085465
1449991699701702973 1449991699701958448
1449991699751715345 1449991699752163601
1449991699801757826 1449991699802207539
1449991699851717594 1449991699852097920
1449991699901750990 1449991699902029973
1449991699951710209 1449991699952097661
1449991700001735538 1449991700002240633
1449991700051704163 1449991700051909738
1449991700101760597 1449991700102237642
1449991700151765032 1449991700152155415
1449991700201761312 1449991700202362401
1449991700251748557 1449991700252168249
1449991700301695678 1449991700301886939
1449991700351714296 1449991700352238427
1449991700401721233 1449991700402143730
1449991700451762344 1449991700452180572
1449991700501755740 1449991700502196950
1449991700551717017 1449991700552058261
1449991700601694270 1449991700601999886
1449991700651711664 1449991700652197359
1449991700701760333 1449991700702161878
1449991700751704645 1449991700752056410
1449991700801690517 1449991700801949755
1449991700851707550 1449991700852042650
1449991700901690259 1449991700902108240
1449991700951706731 1449991700952027726
1449991701001705847 1449991701001994961
1449991701051693444 1449991701052048492
1449991701101734415 1449991701102184630
1449991701151761705 1449991701152329913
1449991701201755966 1449991701202326777
1449991701251753031 1449991701252344869
1449991701301727005 1449991701302027445
1449991701351752730 1449991701352297057
1449991701401714825 1449991701402084217
1449991701451709164 1449991701452320189
1449991701501741151 1449991701502322911
1449991701551715287 1449991701552100186
1449991701601707861 1449991701602058847
1449991701651697068 1449991701652085595
1449991701701747808 1449991701702233682
1449991701751757909 1449991701752203793
1449991701801707613 1449991701802146738
1449991701851710250 1449991701852162841
1449991701901751144 1449991701902241833
1449991701951726489 1449991701952207570
1449991702001720303 1449991702002270444
1449991702051706747 1449991702052206534
1449991702101755543 1449991702102203820
1449991702151748518 1449991702152194379
1449991702201760336 1449991702202320008
1449991702251753552 1449991702252295972
1449991702301761702 1449991702302320803
1449991702351768282 1449991702352252021
1449991702401701289 1449991702401913342
1449991702451714142 1449991702452548429
1449991702501756014 1449991702502364283
1449991702551722065 1449991702552148218
1449991702601717366 1449991702602141571
1449991702651722469 1449991702652152220
1449991702701696675 1449991702701933066
1449991702751703382 1449991702751957710
1449991702801719099 1449991702802090524
1449991702851696726 1449991702851910843
1449991702901688476 1449991702901874365
1449991702951696647 1449991702951860052
1449991703001689804 1449991703001903809
1449991703051688634 1449991703051895755
1449991703101695333 1449991703101937702
1449991703151743958 1449991703152135295
1449991703201717797 1449991703202138513
1449991703251692499 1449991703251900766
1449991703301901987 1449991703302195368
1449991703351720119 1449991703351971664
1449991703401719733 1449991703402060966
1449991703451705656 1449991703452022480
1449991703501696001 1449991703501917792
1449991703551752524 1449991703552074597
1449991703601716972 1449991703602029000
1449991703651759603 1449991703652295174
1449991703701721752 1449991703702219561
1449991703751696882 1449991703751887190
1449991703801712447 1449991703801960231
1449991703851758256 1449991703852200281
1449991703901717431 1449991703902078449
1449991703951701262 1449991703951981317
1449991704001714828 1449991704002012477
1449991704051724504 1449991704052128564
1449991704101760861 1449991704102239667
1449991704151726365 1449991704152304098
1449991704201747494 1449991704202208178
1449991704251757601 1449991704252250592
1449991704301733712 1449991704302162574
1449991704351759779 1449991704352210638
1449991704401755167 1449991704402121732
1449991704451753842 1449991704452148109
1449991704501719331 1449991704502122497
1449991704551716349 1449991704552074952
1449991704601702225 1449991704602014083
1449991704651694354 1449991704651891938
1449991704701695600 1449991704701897924
1449991704751710999 1449991704752053331
1449991704801754486 1449991704802136016
1449991704851703475 1449991704851948841
1449991704901749166 1449991704902161770
1449991704951723787 1449991704952101777
1449991705001704865 1449991705001978696
1449991705051726088 1449991705052170773
1449991705101720121 1449991705102071417
1449991705151699569 1449991705151899953
1449991705201706661 1449991705202137388
1449991705251713084 1449991705252173150
1449991705301710175 1449991705302138951
1449991705351712885 1449991705352051971
1449991705401722289 1449991705402134958
1449991705451719043 1449991705452127398
1449991705501699390 1449991705501913106
1449991705551707586 1449991705552108642
1449991705601698924 1449991705601970997
1449991705651699547 1449991705651975646
1449991705701692801 1449991705701887692
1449991705751689523 1449991705751910430
1449991705801689385 1449991705801890576
1449991705851690438 1449991705851902716
1449991705901690112 1449991705901904274
1449991705951715846 1449991705952050501
1449991706001725748 1449991706001930660
1449991706051695399 1449991706051946930
1449991706101706298 1449991706102054611
1449991706151699382 1449991706151973410
1449991706201691246 1449991706201878949
1449991706251698299 1449991706251908113
1449991706301700102 1449991706301915254
1449991706351699048 1449991706351905970
1449991706401700869 1449991706401908275
1449991706451701387 1449991706451885584
1449991706501694366 1449991706501920843
1449991706551692700 1449991706551887199
1449991706601717537 1449991706602146806
1449991706651696016 1449991706652059112
1449991706701714189 1449991706702129550
1449991706751703415 1449991706751952472
1449991706801738062 1449991706802224875
1449991706851750638 1449991706852218479
1449991706901716720 1449991706902070054
1449991706951710707 1449991706951995763
1449991707001705547 1449991707002010615
1449991707051692032 1449991707051859443
1449991707101689016 1449991707101870056
1449991707151746564 1449991707152137834
1449991707201697145 1449991707201963001
1449991707251696243 1449991707251917256
1449991707301698717 1449991707301932841
1449991707351691442 1449991707351888972
1449991707401716920 1449991707402166135
1449991707451739035 1449991707452010804
1449991707501693926 1449991707501948511
1449991707551701729 1449991707551862326
1449991707601696468 1449991707601894601
1449991707651745214 1449991707652284817
1449991707701712405 1449991707702110981
1449991707751702193 1449991707752100051
1449991707801699334 1449991707801981788
1449991707851724332 1449991707852247421
1449991707901710245 1449991707902051772
1449991707951701383 1449991707952015114
1449991708001696674 1449991708001992377
1449991708051693267 1449991708052045876
1449991708101694274 1449991708101975034
1449991708151699424 1449991708152117218
1449991708201695085 1449991708202095434
1449991708251689023 1449991708251989200
1449991708301698108 1449991708302012504
1449991708351697321 1449991708352005944
1449991708401693697 1449991708401975222
1449991708451695687 1449991708451966624
1449991708501748875 1449991708502342020
1449991708551715888 1449991708552125938
1449991708601710989 1449991708602014046
1449991708651697683 1449991708651998629
1449991708701693037 1449991708701965000
1449991708751698758 1449991708752082876
1449991708801705796 1449991708802007486
1449991708851741358 1449991708852243573
1449991708901727608 1449991708902211939
1449991708951716404 1449991708952118918
1449991709001708317 1449991709002050866
1449991709051753841 1449991709052256988
1449991709101757006 1449991709102246332
1449991709151702501 1449991709152069954
1449991709201708235 1449991709201966768
1449991709251707067 1449991709252005246
1449991709301737728 1449991709302227351
1449991709351716084 1449991709352087856
1449991709401706717 1449991709401980992
1449991709451707614 1449991709452027235
1449991709501749396 1449991709502329922
1449991709551718327 1449991709552084159
1449991709601709305 1449991709602049700
1449991709651709487 1449991709652046631
1449991709701706608 1449991709702034528
1449991709751708531 1449991709751987910
1449991709801707142 1449991709802338102
1449991709851708326 1449991709852108931
1449991709901705321 1449991709901978567
1449991709951709615 1449991709952018228
1449991710001708206 1449991710002001742
1449991710051708565 1449991710051967960
1449991710101709809 1449991710102027513
1449991710151707970 1449991710152308364
1449991710201706819 1449991710201975835
1449991710251697071 1449991710251967975
1449991710301711759 1449991710301997584
1449991710351698621 1449991710351980389
1449991710401685823 1449991710401937754
1449991710451690091 1449991710451957834
1449991710501742454 1449991710502223915
1449991710551697246 1449991710552031083
1449991710601699035 1449991710601917129
1449991710651708638 1449991710651898398
1449991710701716755 1449991710701945388
1449991710751710301 1449991710751986658
1449991710801718321 1449991710802414141
1449991710851709596 1449991710852025158
1449991710901718875 1449991710902008061
1449991710951729687 1449991710952077324
1449991711001698129 1449991711001903689
1449991711051751823 1449991711052240531
1449991711101730216 1449991711102204598
1449991711151708010 1449991711152440801
1449991711201698510 1449991711202056682
1449991711251753506 1449991711252158904
1449991711301718892 1449991711301998931
1449991711351696660 1449991711352093205
1449991711401708464 1449991711402092565
1449991711451692196 1449991711451947661
1449991711501750071 1449991711502345297
1449991711551709725 1449991711552178013
1449991711601713899 1449991711602119525
1449991711651692735 1449991711651915671
1449991711701756291 1449991711702368789
1449991711751724520 1449991711752183420
1449991711801720887 1449991711802177732
1449991711851719552 1449991711852148320
1449991711901754252 1449991711902257566
1449991711951721622 1449991711952183249
1449991712001705871 1449991712002079655
1449991712051691758 1449991712051909809
1449991712101745287 1449991712102268265
1449991712151698721 1449991712151908092
1449991712201716551 1449991712202085754
1449991712251691576 1449991712251867955
1449991712301701050 1449991712301877865
1449991712351689323 1449991712351868648
1449991712401688709 1449991712401880040
1449991712451724395 1449991712452452920
1449991712501714574 1449991712501919039
1449991712551779403 1449991712552008325
1449991712601702983 1449991712601912824
1449991712651706846 1449991712652035376
1449991712701714804 1449991712702189119
1449991712751695032 1449991712751930773
1449991712801753440 1449991712802247901
1449991712851706556 1449991712852034365
1449991712901711177 1449991712902224638
1449991712951749716 1449991712952280903
1449991713001723244 1449991713002190229
1449991713051714428 1449991713052070415
1449991713101716618 1449991713102136303
1449991713151715901 1449991713152883525
1449991713201754477 1449991713202197458
1449991713251720040 1449991713252056408
1449991713301714656 1449991713302050400
1449991713351698790 1449991713351966871
1449991713401711010 1449991713402112574
1449991713451712792 1449991713452043515
1449991713501751628 1449991713502349320
1449991713551696688 1449991713551907718
1449991713601719211 1449991713602107017
1449991713651696117 1449991713651972989
1449991713701697975 1449991713701871492
1449991713751692374 1449991713751952497
1449991713801710754 1449991713802089056
1449991713851694479 1449991713851923380
1449991713901743945 1449991713902207379
1449991713951715966 1449991713952153608
1449991714001723277 1449991714002241405
1449991714051720372 1449991714052128233
1449991714101710146 1449991714102021732
1449991714151706985 1449991714152103851
1449991714201696705 1449991714201901345
1449991714251745952 1449991714252319980
1449991714301743582 1449991714302222565
1449991714351744879 1449991714352303719
1449991714401742365 1449991714402140199
1449991714451700530 1449991714451890722
1449991714501745023 1449991714502297492
1449991714551727417 1449991714552154419
1449991714601717778 1449991714602338227
1449991714651724781 1449991714651984372
1449991714701718626 1449991714702160050
1449991714751740924 1449991714752133758
1449991714801727776 1449991714802103848
1449991714851755664 1449991714852222876
1449991714901703781 1449991714901924853
1449991714951755606 1449991714952247414
1449991715001720448 1449991715002100432
1449991715051756287 1449991715052264355
1449991715101700038 1449991715101920122
1449991715151752070 1449991715152294279
1449991715201755720 1449991715202250879
1449991715251713015 1449991715252059678
1449991715301752699 1449991715302351408
1449991715351757271 1449991715352250104
1449991715401726095 1449991715402181657
1449991715451725595 1449991715452135420
