1449991746221073616
1449991746271076375
1449991746321163185
1449991746371086345
1449991746421092671
1449991746471087841
1449991746521083850
1449991746571092996
1449991746621088336
1449991746671067341
1449991746721098141
1449991746771069383
1449991746821061128
1449991746871066191
1449991746921065464
1449991746971069596
1449991747021089353
1449991747071064361
1449991747121086927
1449991747171068829
1449991747221060029
1449991747271097875
1449991747321100927
1449991747371082720
1449991747421085518
1449991747471090337
1449991747521094501
1449991747571081389
1449991747621067846
1449991747671112259
1449991747721110683
1449991747771072745
1449991747821076004
1449991747871072696
1449991747921066263
1449991747971090945
1449991748021087876
1449991748071079575
1449991748121089369
1449991748171076287
1449991748221093618
1449991748271086837
1449991748321069538
1449991748371067072
1449991748421079869
1449991748471096147
1449991748521100020
1449991748571101996
1449991748621088801
1449991748671078673
1449991748721092896
1449991748771073213
1449991748821097982
1449991748871079350
1449991748921070444
1449991748971067321
1449991749021092477
1449991749071086531
1449991749121083268
1449991749171084924
1449991749221082820
1449991749271087161
1449991749321085004
1449991749371109277
1449991749421073052
1449991749471094968
1449991749521074399
1449991749571065671
1449991749621088891
1449991749671116649
1449991749721126563
1449991749771084529
1449991749821124076
1449991749871075020
1449991749921080073
1449991749971129937
1449991750021080992
1449991750071075296
1449991750121079253
1449991750171084514
1449991750221094273
1449991750271090018
1449991750321072996
1449991750371121796
1449991750421092457
1449991750471112314
1449991750521099192
1449991750571119264
1449991750621088223
1449991750671143932
1449991750721117713
1449991750771123933
1449991750821108915
1449991750871083768
1449991750921087486
1449991750971086382
1449991751021085962
1449991751071070766
1449991751121072063
1449991751171081679
1449991751221067730
1449991751271074170
1449991751321070815
1449991751371063796
1449991751421089020
1449991751471118301
1449991751521127419
1449991751571085656
1449991751621075464
1449991751671077875
1449991751721111873
1449991751771132608
1449991751821133571
1449991751871122083
1449991751921083925
1449991751971121204
1449991752021096128
1449991752071083765
1449991752121073917
1449991752171072913
1449991752221076836
1449991752271077902
1449991752321074551
1449991752371069502
1449991752421063346
1449991752471114211
1449991752521103291
1449991752571096631
1449991752621071990
1449991752671058285
1449991752721063857
1449991752771075670
1449991752821078071
1449991752871092750
1449991752921083006
1449991752971072091
1449991753021077710
1449991753071063016
1449991753121128505
1449991753171114147
1449991753221076446
1449991753271074089
1449991753321089538
1449991753371078381
1449991753421073155
1449991753471115625
1449991753521112619
1449991753571076086
1449991753621071873
1449991753671075545
1449991753721073158
1449991753771070826
1449991753821070269
1449991753871078174
1449991753921074752
1449991753971067078
1449991754021070197
1449991754071079848
1449991754121069563
1449991754171064959
1449991754221090966
1449991754271085242
1449991754321062302
1449991754371067253
1449991754421065389
1449991754471075174
1449991754521071552
1449991754571062700
1449991754621074422
1449991754671062308
1449991754721060619
1449991754771123266
1449991754821064155
1449991754871074917
1449991754921093092
1449991754971076519
1449991755021070416
1449991755071061116
1449991755121063550
1449991755171066903
1449991755221086893
1449991755271069831
1449991755321062081
1449991755371065750
1449991755421067414
1449991755471063359
1449991755521064900
1449991755571088486
1449991755621069321
1449991755671062603
1449991755721070907
1449991755771069482
1449991755821064812
1449991755871085641
1449991755921082726
1449991755971066487
1449991756021066822
1449991756071075199
1449991756121085531
1449991756171074975
1449991756221066764
1449991756271065105
1449991756321080812
1449991756371083352
1449991756421081456
1449991756471090598
1449991756521071725
1449991756571121508
1449991756621091865
1449991756671086685
1449991756721082012
1449991756771083423
1449991756821083411
1449991756871125605
1449991756921092434
1449991756971085500
1449991757021080824
1449991757071086034
1449991757121085704
1449991757171087283
1449991757221116427
1449991757271094766
1449991757321083722
1449991757371084154
1449991757421082121
1449991757471108205
1449991757521089230
1449991757571084183
1449991757621085160
1449991757671088051
1449991757721070807
1449991757771139256
1449991757821092021
1449991757871088788
1449991757921065470
1449991757971064970
1449991758021067400
1449991758071065427
1449991758121124015
1449991758171132011
1449991758221093438
1449991758271092801
1449991758321116473
1449991758371078532
1449991758421063512
1449991758471094126
1449991758521129217
1449991758571094690
1449991758621114323
1449991758671133117
1449991758721103083
1449991758771091358
1449991758821125894
1449991758871069464
1449991758921078863
1449991758971096184
1449991759021089063
1449991759071125617
1449991759121090041
1449991759171101659
1449991759221118107
1449991759271093172
1449991759321073148
1449991759371066554
1449991759421064982
1449991759471065655
1449991759521111948
1449991759571092071
1449991759621068091
1449991759671086454
1449991759721068274
1449991759771064076
1449991759821070038
1449991759871090064
1449991759921068641
1449991759971066834
1449991760021066639
1449991760071066957
1449991760121064684
1449991760171124861
1449991760221092392
1449991760271082849
1449991760321082115
1449991760371080730
1449991760421082465
1449991760471128057
1449991760521131142
1449991760571133321
1449991760621097578
1449991760671086551
1449991760721126670
1449991760771094382
1449991760821129052
1449991760871095032
1449991760921083728
1449991760971100467
1449991761021092504
1449991761071084838
1449991761121081178
1449991761171085756
1449991761221068493
1449991761271062974
1449991761321065302
1449991761371076925
1449991761421065851
1449991761471067690
1449991761521127614
1449991761571095054
1449991761621085220
1449991761671083017
1449991761721084578
1449991761771082745
1449991761821084788
1449991761871128715
1449991761921090263
1449991761971070266
1449991762021081315
1449991762071067288
1449991762121064032
1449991762171062363
1449991762221102399
1449991762271095467
1449991762321073486
1449991762371070029
1449991762421065975
1449991762471089312
1449991762521132765
1449991762571082666
1449991762621092280
1449991762671088693
1449991762721063886
1449991762771089912
1449991762821090341
1449991762871089931
1449991762921133200
1449991762971100407
1449991763021082999
1449991763071090374
1449991763121080259
1449991763171077195
1449991763221069116
1449991763271066666
1449991763321089646
1449991763371087415
1449991763421072745
1449991763471065588
1449991763521084980
1449991763571092338
1449991763621086169
1449991763671087216
1449991763721094414
1449991763771086073
1449991763821075193
1449991763871091037
1449991763921091332
1449991763971072357
1449991764021073949
1449991764071075418
1449991764121069261
1449991764171074274
1449991764221107427
1449991764271082264
1449991764321078013
1449991764371070938
1449991764421064557
1449991764471087869
1449991764521083542
1449991764571075657
1449991764621071563
1449991764671095194
1449991764721089399
1449991764771075942
1449991764821090992
1449991764871092377
1449991764921075907
1449991764971065238
1449991765021070317
1449991765071071916
1449991765121070036
1449991765171070194
1449991765221064778
1449991765271071249
1449991765321072164
1449991765371068725
1449991765421063837
1449991765471070445
1449991765521070147
1449991765571091727
1449991765621071503
1449991765671072361
1449991765721094113
1449991765771082936
1449991765821131424
1449991765871095393
1449991765921089491
1449991765971088761
1449991766021088559
1449991766071085095
1449991766121089939
1449991766171082335
1449991766221070289
1449991766271072424
1449991766321072377
1449991766371088201
1449991766421079846
1449991766471089727
1449991766521124724
1449991766571095118
1449991766621068743
1449991766671072383
1449991766721083479
1449991766771089685
1449991766821068615
1449991766871127894
1449991766921115885
1449991766971120430
1449991767021091592
1449991767071130579
1449991767121133730
1449991767171092325
1449991767221100955
1449991767271129765
1449991767321070451
1449991767371065412
1449991767421064248
1449991767471092954
1449991767521134109
1449991767571095392
1449991767621072996
1449991767671068070
1449991767721124562
1449991767771077596
1449991767821106705
1449991767871105921
1449991767921096527
1449991767971093900
1449991768021087276
1449991768071087524
1449991768121076227
1449991768171125420
1449991768221083453
1449991768271084890
1449991768321068037
1449991768371084519
1449991768421085092
1449991768471112889
1449991768521095665
1449991768571088660
1449991768621067564
1449991768671083184
1449991768721066835
1449991768771064534
1449991768821088249
1449991768871131175
1449991768921076318
1449991768971099703
1449991769021093069
1449991769071128086
1449991769121077159
1449991769171068581
1449991769221084786
1449991769271072913
1449991769321068775
1449991769371082875
1449991769421083882
1449991769471098039
1449991769521132652
1449991769571139365
1449991769621082327
1449991769671103537
1449991769721077282
1449991769771081457
1449991769821110385
1449991769871167978
1449991769921109935
1449991769971132972
1449991770021132813
1449991770071069697
1449991770121083465
1449991770171130034
1449991770221089303
1449991770271140208
1449991770321102727
1449991770371077456
1449991770421110205
1449991770471104273
1449991770521097800
1449991770571132520
1449991770621084402
1449991770671076357
1449991770721078712
1449991770771077048
1449991770821091701
1449991770871095474
1449991770921134995
1449991770971099112
1449991771021091569
1449991771071085570
1449991771121082448
1449991771171086087
1449991771221075987
1449991771271085462
1449991771321074863
1449991771371082865
1449991771421082372
1449991771471073853
1449991771521092331
1449991771571072267
1449991771621074702
1449991771671089659
1449991771721071509
1449991771771070745
1449991771821084895
1449991771871082468
1449991771921092412
1449991771971087278
1449991772021063596
1449991772071068602
1449991772121066164
1449991772171069174
1449991772221073838
1449991772271130157
1449991772321078738
1449991772371069821
1449991772421080518
1449991772471073701
1449991772521091178
1449991772571086776
1449991772621075783
1449991772671071276
1449991772721086662
1449991772771075770
1449991772821071525
1449991772871066500
1449991772921070824
1449991772971090091
1449991773021071677
1449991773071066943
1449991773121065100
1449991773171069725
1449991773221064253
1449991773271071203
1449991773321089598
1449991773371071962
1449991773421070257
1449991773471096008
1449991773521107726
1449991773571076045
1449991773621090961
1449991773671090170
1449991773721081358
1449991773771080832
1449991773821070814
1449991773871115918
1449991773921087978
1449991773971067627
1449991774021064738
1449991774071073672
1449991774121072644
1449991774171072605
1449991774221072247
1449991774271074128
1449991774321079569
1449991774371074184
1449991774421118484
1449991774471107885
1449991774521107014
1449991774571108753
1449991774621102052
1449991774671119864
1449991774721097583
1449991774771069965
1449991774821119875
1449991774871129962
1449991774921097276
1449991774971091829
1449991775021089708
1449991775071077355
1449991775121075749
1449991775171092409
1449991775221071452
1449991775271070438
1449991775321077777
1449991775371076765
1449991775421078266
1449991775471115549
1449991775521127220
1449991775571087284
1449991775621128158
1449991775671101653
1449991775721077349
1449991775771077247
1449991775821121746
1449991775871081964
1449991775921072530
1449991775971062739
1449991776021062911
1449991776071066988
1449991776121073578
