1449997373808806845 1449997373809093044
1449997373858811196 1449997373859063752
1449997373908785957 1449997373909045322
1449997373958780476 1449997373959022057
1449997374008796848 1449997374009078981
1449997374058775547 1449997374058981584
1449997374108808500 1449997374109028338
1449997374158787651 1449997374159100914
1449997374208786944 1449997374209063828
1449997374258774063 1449997374258993624
1449997374308765291 1449997374308951172
1449997374358776865 1449997374359010728
1449997374408807676 1449997374409111291
1449997374458820944 1449997374459074325
1449997374508819609 1449997374509135425
1449997374558821007 1449997374559145205
1449997374608820958 1449997374609156592
1449997374658816005 1449997374659131671
1449997374708815459 1449997374709075037
1449997374758789190 1449997374759085161
1449997374808822424 1449997374809108082
1449997374858816665 1449997374859053893
1449997374908784270 1449997374909051506
1449997374958806435 1449997374959072892
1449997375008814448 1449997375009090490
1449997375058816377 1449997375059069096
1449997375108813836 1449997375109085765
1449997375158807489 1449997375159051242
1449997375208780122 1449997375209051073
1449997375258815353 1449997375259071901
1449997375308811562 1449997375309063550
1449997375358773785 1449997375358968707
1449997375408793153 1449997375409072527
1449997375458816190 1449997375459106385
1449997375508812410 1449997375509084587
1449997375558814930 1449997375559091467
1449997375608807976 1449997375609102323
1449997375658814271 1449997375659082997
1449997375708814359 1449997375709087275
1449997375758816636 1449997375759090256
1449997375808815899 1449997375809165254
1449997375858816522 1449997375859068944
1449997375908777475 1449997375909025694
1449997375958786707 1449997375959099462
1449997376008811885 1449997376009102514
1449997376058780221 1449997376058996398
1449997376108813618 1449997376109082662
1449997376158780922 1449997376159083401
1449997376208815813 1449997376209100498
1449997376258817986 1449997376259068734
1449997376308812581 1449997376309064335
1449997376358816141 1449997376359064287
1449997376408782128 1449997376409079175
1449997376458817500 1449997376459077159
1449997376508812500 1449997376509095562
1449997376558785564 1449997376559052849
1449997376608818079 1449997376609115182
1449997376658816179 1449997376659073332
1449997376708766278 1449997376708940893
1449997376758798461 1449997376759085205
1449997376808814429 1449997376809125120
1449997376858816134 1449997376859129591
1449997376908780642 1449997376909095288
1449997376958816087 1449997376959100729
1449997377008814127 1449997377009124911
1449997377058817342 1449997377059106788
1449997377108798230 1449997377109083243
1449997377158789201 1449997377159067185
1449997377208796710 1449997377209132978
1449997377258817338 1449997377259194362
1449997377308817336 1449997377309105258
1449997377358815967 1449997377359103105
1449997377408783598 1449997377409100019
1449997377458818095 1449997377459103548
1449997377508812393 1449997377509100914
1449997377558816791 1449997377559137428
1449997377608817083 1449997377609151625
1449997377658817405 1449997377659105007
1449997377708813324 1449997377709109438
1449997377758815373 1449997377759100423
1449997377808811299 1449997377809124335
1449997377858798437 1449997377859084736
1449997377908772079 1449997377909092599
1449997377958815893 1449997377959069358
1449997378008813085 1449997378009097085
1449997378058772421 1449997378058948941
1449997378108777169 1449997378109026377
1449997378158815117 1449997378159094887
1449997378208786005 1449997378209065365
1449997378258814872 1449997378259115042
1449997378308771171 1449997378309009792
1449997378358766756 1449997378358918576
1449997378408807750 1449997378409083034
1449997378458784301 1449997378459029484
1449997378508776966 1449997378508969713
1449997378558768442 1449997378558917469
1449997378608807234 1449997378609100101
1449997378658817703 1449997378659072460
1449997378708774406 1449997378708956164
1449997378758743728 1449997378758817121
1449997378808802362 1449997378809095005
1449997378858815570 1449997378859064671
1449997378908772657 1449997378908950811
1449997378958765800 1449997378958938454
1449997379008802177 1449997379009078583
1449997379058813791 1449997379059065605
1449997379108773999 1449997379108957064
1449997379158766837 1449997379158914859
1449997379208810621 1449997379209084312
1449997379258822182 1449997379259076248
1449997379308776790 1449997379308979473
1449997379358814230 1449997379359060421
1449997379408814666 1449997379409094747
1449997379458773604 1449997379458948317
1449997379508766075 1449997379508911772
1449997379558810453 1449997379559068388
1449997379608814975 1449997379609090827
1449997379658815341 1449997379659087447
1449997379708776805 1449997379708975107
1449997379758768323 1449997379758926221
1449997379808791818 1449997379809069073
1449997379858816916 1449997379859068610
1449997379908773930 1449997379908949585
1449997379958766785 1449997379958917089
1449997380008783838 1449997380009075533
1449997380058816347 1449997380059067920
1449997380108774928 1449997380108947769
1449997380158788316 1449997380159119787
1449997380208784726 1449997380209095353
1449997380258809457 1449997380259094165
1449997380308783178 1449997380309055078
1449997380358818543 1449997380359144860
1449997380408817499 1449997380409113196
1449997380458816625 1449997380459074386
1449997380508811130 1449997380509075817
1449997380558817012 1449997380559081194
1449997380608817751 1449997380609115212
1449997380658821124 1449997380659078865
1449997380708817610 1449997380709108122
1449997380758781837 1449997380759027367
1449997380808818766 1449997380809136108
1449997380858813271 1449997380859031366
1449997380908784063 1449997380909005148
1449997380958816177 1449997380959068880
1449997381008813723 1449997381009067963
1449997381058817773 1449997381059080539
1449997381108799423 1449997381109012563
1449997381158814048 1449997381159034377
1449997381208812860 1449997381209060351
1449997381258784781 1449997381258995625
1449997381308814399 1449997381309059465
1449997381358771413 1449997381358957054
1449997381408815110 1449997381409088376
1449997381458817470 1449997381459042156
1449997381508814498 1449997381509036080
1449997381558818709 1449997381559044277
1449997381608818847 1449997381609064006
1449997381658817840 1449997381659038640
1449997381708814447 1449997381709053615
1449997381758805568 1449997381759086037
1449997381808814523 1449997381809091988
1449997381858781706 1449997381859009319
1449997381908780468 1449997381908979889
1449997381958818546 1449997381959073825
1449997382008813596 1449997382009087343
1449997382058780573 1449997382059008646
1449997382108812129 1449997382109083557
1449997382158816289 1449997382159065969
1449997382208813508 1449997382209079076
1449997382258773659 1449997382259009524
1449997382308813975 1449997382309112762
1449997382358777136 1449997382358954789
1449997382408813954 1449997382409064953
1449997382458817119 1449997382459076998
1449997382508783728 1449997382509013045
1449997382558817252 1449997382559054393
1449997382608814123 1449997382609077707
1449997382658819390 1449997382659054643
1449997382708812496 1449997382709052122
1449997382758784904 1449997382759040287
1449997382808814546 1449997382809067984
1449997382858820481 1449997382859078376
1449997382908816149 1449997382909074759
1449997382958779541 1449997382958990887
1449997383008811795 1449997383009099865
1449997383058819524 1449997383059080359
1449997383108812720 1449997383109073919
1449997383158816614 1449997383159100029
1449997383208799389 1449997383209071145
1449997383258783368 1449997383259043307
1449997383308816544 1449997383309072969
1449997383358774213 1449997383358992788
1449997383408813503 1449997383409093060
1449997383458817079 1449997383459071332
1449997383508774320 1449997383508998766
1449997383558768462 1449997383558937886
1449997383608792007 1449997383609067611
1449997383658818271 1449997383659076550
1449997383708772675 1449997383708963561
1449997383758811996 1449997383759070458
1449997383808781972 1449997383809064543
1449997383858817865 1449997383859127687
1449997383908800374 1449997383909124057
1449997383958779521 1449997383959008005
1449997384008789221 1449997384008998090
1449997384058817376 1449997384059090171
1449997384108814357 1449997384109074113
1449997384158777181 1449997384159010122
1449997384208817203 1449997384209115823
1449997384258801148 1449997384259053019
1449997384308783790 1449997384309038828
1449997384358784369 1449997384359015059
1449997384408817836 1449997384409091944
1449997384458797742 1449997384459046707
1449997384508813543 1449997384509063743
1449997384558817303 1449997384559098139
1449997384608819128 1449997384609093624
1449997384658816600 1449997384659081788
1449997384708818072 1449997384709087148
1449997384758778289 1449997384758990053
1449997384808812933 1449997384809103428
1449997384858798324 1449997384859063569
1449997384908772728 1449997384909014496
1449997384958766475 1449997384958960745
1449997385008808675 1449997385009104342
1449997385058820239 1449997385059086159
1449997385108774443 1449997385108989568
1449997385158767005 1449997385158949017
1449997385208809031 1449997385209082812
1449997385258817021 1449997385259118537
1449997385308772621 1449997385308973560
1449997385358765961 1449997385358968410
1449997385408793328 1449997385409070315
1449997385458782728 1449997385459071242
1449997385508776499 1449997385509035579
1449997385558769020 1449997385559000809
1449997385608811224 1449997385609096036
1449997385658822330 1449997385659068688
1449997385708774339 1449997385708960150
1449997385758812567 1449997385759058184
1449997385808820914 1449997385809090993
1449997385858821627 1449997385859069288
1449997385908787732 1449997385909090344
1449997385958781749 1449997385959025469
1449997386008795004 1449997386009092021
1449997386058781862 1449997386059017390
1449997386108820244 1449997386109085696
1449997386158777405 1449997386158993685
1449997386208818466 1449997386209108129
1449997386258818648 1449997386259081103
1449997386308814971 1449997386309131294
1449997386358783123 1449997386359046153
1449997386408783886 1449997386409066711
1449997386458782798 1449997386459039851
1449997386508810279 1449997386509071594
1449997386558786453 1449997386559051390
1449997386608818754 1449997386609103286
1449997386658817409 1449997386659406691
1449997386708816889 1449997386709073978
1449997386758818374 1449997386759077979
1449997386808776053 1449997386809022976
1449997386858814461 1449997386859038946
1449997386908775922 1449997386908986529
1449997386958766565 1449997386958960100
1449997387008811401 1449997387009097580
1449997387058818375 1449997387059083152
1449997387108773308 1449997387108985833
1449997387158767366 1449997387158967726
1449997387208764905 1449997387208976023
1449997387258811906 1449997387259123696
1449997387308819641 1449997387309086209
1449997387358775610 1449997387358949704
1449997387408811288 1449997387409123386
1449997387458816391 1449997387459082311
1449997387508814271 1449997387509078397
1449997387558773153 1449997387558983055
1449997387608775429 1449997387609081125
1449997387658773636 1449997387659041711
1449997387708779962 1449997387708951628
1449997387758814462 1449997387759054466
1449997387808819501 1449997387809096763
1449997387858817772 1449997387859077728
1449997387908800821 1449997387909031287
1449997387958819024 1449997387959081796
1449997388008816907 1449997388009079903
1449997388058818699 1449997388059062111
1449997388108815911 1449997388109057612
1449997388158815561 1449997388159058412
1449997388208822004 1449997388209094699
1449997388258801900 1449997388259040554
1449997388308808526 1449997388309113180
1449997388358770986 1449997388358916509
1449997388408808612 1449997388409104162
1449997388458815823 1449997388459100639
1449997388508798987 1449997388509087684
1449997388558774295 1449997388558995109
1449997388608796333 1449997388609100449
1449997388658816961 1449997388659111476
1449997388708783507 1449997388709065717
1449997388758765651 1449997388758989652
1449997388808773517 1449997388809048828
1449997388858817281 1449997388859105424
1449997388908816841 1449997388909103708
1449997388958759018 1449997388958998741
1449997389008812297 1449997389009132610
1449997389058806505 1449997389059092964
1449997389108816472 1449997389109097750
1449997389158775143 1449997389158998546
1449997389208758661 1449997389209023477
1449997389258813720 1449997389259102137
1449997389308817453 1449997389309096920
1449997389358772362 1449997389359011919
1449997389408813413 1449997389409109408
1449997389458818219 1449997389459098471
1449997389508816246 1449997389509125704
1449997389558817129 1449997389559101400
1449997389608800700 1449997389609105507
1449997389658795162 1449997389659072451
1449997389708782916 1449997389709091031
1449997389758816262 1449997389759091820
1449997389808818325 1449997389809127346
1449997389858812771 1449997389859093089
1449997389908770209 1449997389908987445
1449997389958814480 1449997389959091134
1449997390008797032 1449997390009099201
1449997390058761266 1449997390059038474
1449997390108770104 1449997390108968363
1449997390158809986 1449997390159094310
1449997390208813552 1449997390209117541
1449997390258818798 1449997390259087581
1449997390308815549 1449997390309075912
1449997390358772974 1449997390358987149
1449997390408817055 1449997390409156655
1449997390458819134 1449997390459113398
1449997390508812831 1449997390509101112
1449997390558771937 1449997390559008784
1449997390608807021 1449997390609117561
1449997390658801343 1449997390659089506
1449997390708764775 1449997390709049406
1449997390758796608 1449997390759126402
1449997390808789390 1449997390809523153
1449997390858818580 1449997390859105718
1449997390908817055 1449997390909107543
1449997390958806239 1449997390959104107
1449997391008784841 1449997391009071705
1449997391058814313 1449997391059113468
1449997391108816369 1449997391109112243
1449997391158816731 1449997391159112151
1449997391208814775 1449997391209106556
1449997391258796474 1449997391259084213
1449997391308818532 1449997391309108450
1449997391358772817 1449997391358979081
1449997391408812030 1449997391409109825
1449997391458815937 1449997391459129605
1449997391508781825 1449997391509076746
1449997391558818686 1449997391559122431
1449997391608813419 1449997391609118437
1449997391658799459 1449997391659098179
1449997391708814263 1449997391709094215
1449997391758800547 1449997391759056059
1449997391808820931 1449997391809104113
1449997391858759901 1449997391858946146
1449997391908747845 1449997391908904032
1449997391958744148 1449997391958890202
1449997392008804894 1449997392009058589
1449997392058766060 1449997392058985264
1449997392108750503 1449997392108898776
1449997392158743736 1449997392158910734
1449997392208810144 1449997392209064554
1449997392258756567 1449997392258940284
1449997392308747441 1449997392308889637
1449997392358810823 1449997392359058377
1449997392408784361 1449997392409036807
1449997392458758076 1449997392458886347
1449997392508809016 1449997392509103170
1449997392558756495 1449997392558930476
1449997392608811023 1449997392609063372
1449997392658818669 1449997392659066394
1449997392708755166 1449997392708927183
1449997392758745355 1449997392758891854
1449997392808807832 1449997392809066401
1449997392858802551 1449997392859079335
1449997392908756097 1449997392908926637
1449997392958748838 1449997392958898922
1449997393008786245 1449997393009035155
1449997393058819508 1449997393059069912
1449997393108821203 1449997393109067956
1449997393158820901 1449997393159068675
1449997393208821380 1449997393209104227
1449997393258821307 1449997393259070265
1449997393308760073 1449997393308943716
1449997393358817375 1449997393359063606
1449997393408819801 1449997393409078675
1449997393458758788 1449997393458940012
1449997393508747096 1449997393508896054
1449997393558745681 1449997393558911750
1449997393608808157 1449997393609063289
1449997393658786249 1449997393659057273
1449997393708758537 1449997393708938422
1449997393758748379 1449997393758902164
1449997393808807628 1449997393809064376
1449997393858821080 1449997393859071544
1449997393908757473 1449997393908954296
1449997393958793450 1449997393959007010
1449997394008764926 1449997394009046130
1449997394058815415 1449997394059100883
1449997394108781981 1449997394109009350
1449997394158768452 1449997394158977379
1449997394208795287 1449997394209083888
1449997394258819290 1449997394259154132
1449997394308776698 1449997394308995888
1449997394358767969 1449997394358945391
1449997394408807253 1449997394409091728
1449997394458817227 1449997394459101358
1449997394508773813 1449997394509003350
1449997394558768706 1449997394558966144
1449997394608810392 1449997394609111869
1449997394658816831 1449997394659093445
1449997394708773264 1449997394708987065
1449997394758767663 1449997394758965354
1449997394808790843 1449997394809070267
1449997394858816813 1449997394859093931
1449997394908771956 1449997394908992774
1449997394958795935 1449997394959095879
1449997395008812835 1449997395009087461
1449997395058773180 1449997395058994425
1449997395108764184 1449997395108959093
1449997395158762662 1449997395158961603
1449997395208759850 1449997395209028974
1449997395258817125 1449997395259107700
1449997395308771706 1449997395308994785
1449997395358765875 1449997395358962353
1449997395408784729 1449997395409071148
1449997395458817641 1449997395459097639
1449997395508774618 1449997395509010313
1449997395558769368 1449997395558966274
1449997395608811271 1449997395609086712
1449997395658818883 1449997395659097745
1449997395708774103 1449997395708989043
1449997395758766390 1449997395758963319
1449997395808808684 1449997395809091398
1449997395858817969 1449997395859089248
1449997395908799282 1449997395908982250
1449997395958767461 1449997395958910148
1449997396008792729 1449997396009063787
1449997396058817788 1449997396059052827
1449997396108815464 1449997396109051532
1449997396158819307 1449997396159053448
1449997396208815313 1449997396209074524
1449997396258801235 1449997396259033114
1449997396308816104 1449997396309053940
1449997396358819693 1449997396359047877
1449997396408815218 1449997396409066781
1449997396458819415 1449997396459039501
1449997396508783028 1449997396508997250
1449997396558816849 1449997396559032043
1449997396608797553 1449997396609045081
1449997396658819193 1449997396659043261
1449997396708819733 1449997396709055978
1449997396758819794 1449997396759042222
1449997396808818680 1449997396809067707
1449997396858818821 1449997396859039739
1449997396908795857 1449997396908962312
1449997396958814417 1449997396959037921
1449997397008817021 1449997397009092763
1449997397058818643 1449997397059056649
1449997397108815805 1449997397109043704
1449997397158800067 1449997397159025682
1449997397208782091 1449997397209039922
1449997397258819149 1449997397259044146
1449997397308818389 1449997397309046509
1449997397358777775 1449997397358992809
1449997397408813260 1449997397409084532
1449997397458803426 1449997397459035839
1449997397508812818 1449997397509039372
1449997397558818209 1449997397559047899
1449997397608813847 1449997397609065968
1449997397658818124 1449997397659050474
1449997397708818166 1449997397709046333
1449997397758818318 1449997397759119694
1449997397808820250 1449997397809078114
1449997397858818985 1449997397859047430
1449997397908810049 1449997397909039449
1449997397958770845 1449997397958999427
1449997398008810350 1449997398009051987
1449997398058812095 1449997398059037025
1449997398108799838 1449997398109040006
1449997398158798183 1449997398159031288
1449997398208824283 1449997398209080972
1449997398258817305 1449997398259047915
1449997398308821456 1449997398309054544
1449997398358765207 1449997398358980468
1449997398408813628 1449997398409069354
1449997398458817792 1449997398459084196
1449997398508817055 1449997398509038624
1449997398558818423 1449997398559049239
1449997398608819603 1449997398609071384
1449997398658817804 1449997398659048173
1449997398708817210 1449997398709047061
1449997398758774358 1449997398758941216
1449997398808814851 1449997398809076908
1449997398858782796 1449997398859030404
1449997398908773366 1449997398909021018
1449997398958799991 1449997398959036825
1449997399008816577 1449997399009077816
1449997399058763114 1449997399058952737
1449997399108798288 1449997399109014365
1449997399158819845 1449997399159055476
1449997399208776752 1449997399208996333
1449997399258816824 1449997399259034959
1449997399308819338 1449997399309038705
1449997399358817589 1449997399359035125
1449997399408798771 1449997399409053214
1449997399458816308 1449997399459030664
1449997399508815475 1449997399509038754
1449997399558802787 1449997399559020030
1449997399608798084 1449997399609035894
1449997399658812742 1449997399659042149
1449997399708830360 1449997399709056860
1449997399758816651 1449997399759039088
1449997399808819134 1449997399809067026
1449997399858820158 1449997399859053133
1449997399908799806 1449997399909023924
1449997399958818587 1449997399959040637
1449997400008814579 1449997400009055936
1449997400058801457 1449997400059020544
1449997400108823175 1449997400109040270
1449997400158816695 1449997400159029774
1449997400208816556 1449997400209069900
1449997400258816353 1449997400259027201
1449997400308813154 1449997400309031496
1449997400358777157 1449997400358978861
1449997400408810430 1449997400409073721
1449997400458819382 1449997400459082475
1449997400508817776 1449997400509074685
1449997400558799744 1449997400559057090
1449997400608819804 1449997400609108518
1449997400658802506 1449997400659072294
1449997400708815924 1449997400709076752
1449997400758797494 1449997400759101349
1449997400808814353 1449997400809101782
1449997400858768574 1449997400859055104
1449997400908798985 1449997400909070650
1449997400958764849 1449997400959046587
1449997401008797387 1449997401009098393
1449997401058764076 1449997401059037018
1449997401108814141 1449997401109101626
1449997401158803391 1449997401159019899
1449997401208809286 1449997401209166001
1449997401258816908 1449997401259088193
1449997401308813826 1449997401309087623
1449997401358772801 1449997401359039321
1449997401408804039 1449997401409095406
1449997401458815764 1449997401459074333
1449997401508810741 1449997401509066286
1449997401558815793 1449997401559076050
1449997401608814298 1449997401609097386
1449997401658816645 1449997401659067764
1449997401708815340 1449997401709069970
1449997401758822574 1449997401759090688
1449997401808814975 1449997401809105674
1449997401858807369 1449997401859060733
1449997401908786981 1449997401909071392
1449997401958815771 1449997401959091426
1449997402008783078 1449997402009071906
1449997402058771069 1449997402058993510
1449997402108765985 1449997402108963105
1449997402158764473 1449997402158961680
1449997402208765306 1449997402208963562
1449997402258764082 1449997402258962722
1449997402308764357 1449997402308960408
1449997402358747984 1449997402358930615
1449997402408802108 1449997402409089734
1449997402458816262 1449997402459101879
1449997402508780181 1449997402509070763
1449997402558809259 1449997402559098140
1449997402608819012 1449997402609117205
1449997402658816134 1449997402659122287
1449997402708770044 1449997402708975780
1449997402758814369 1449997402759103992
1449997402808816859 1449997402809113735
1449997402858771982 1449997402858985693
1449997402908765325 1449997402908969715
1449997402958764378 1449997402958965310
1449997403008807343 1449997403009109311
1449997403058772656 1449997403058989066
1449997403108793217 1449997403109078427
1449997403158808683 1449997403159102416
1449997403208765370 1449997403209054315
1449997403258770322 1449997403258984902
1449997403308763298 1449997403308947970
1449997403358769329 1449997403358953925
1449997403408813164 1449997403409062779
1449997403458816980 1449997403459062814
1449997403508777689 1449997403509019801
1449997403558814003 1449997403559060802
1449997403608813209 1449997403609057566
1449997403658779160 1449997403659019548
1449997403708796748 1449997403709051579
