1449991442881723728
1449991442931726602
1449991442981735304
1449991443031687971
1449991443081683201
1449991443131706365
1449991443181731220
1449991443231687756
1449991443281680527
1449991443331725334
1449991443381731629
1449991443431728206
1449991443481690636
1449991443531700990
1449991443581686683
1449991443631689871
1449991443681716867
1449991443731730319
1449991443781729836
1449991443831731618
1449991443881729180
1449991443931730678
1449991443981685878
1449991444031677557
1449991444081675634
1449991444131705259
1449991444181736575
1449991444231699516
1449991444281685502
1449991444331726630
1449991444381730954
1449991444431728948
1449991444481687074
1449991444531683053
1449991444581677806
1449991444631676842
1449991444681678186
1449991444731722561
1449991444781708681
1449991444831688343
1449991444881679461
1449991444931726148
1449991444981711229
1449991445031728469
1449991445081727933
1449991445131728258
1449991445181728189
1449991445231683690
1449991445281676041
1449991445331729824
1449991445381685735
1449991445431726329
1449991445481694528
1449991445531727696
1449991445581729625
1449991445631728833
1449991445681683448
1449991445731734300
1449991445781727086
1449991445831683806
1449991445881680457
1449991445931690421
1449991445981727496
1449991446031730761
1449991446081728995
1449991446131726872
1449991446181726185
1449991446231730058
1449991446281688319
1449991446331711365
1449991446381681646
1449991446431677451
1449991446481726801
1449991446531731934
1449991446581686519
1449991446631729241
1449991446681730288
1449991446731730376
1449991446781728202
1449991446831689519
1449991446881678840
1449991446931726636
1449991446981718078
1449991447031714404
1449991447081674438
1449991447131728699
1449991447181732262
1449991447231672057
1449991447281661942
1449991447331724946
1449991447381731633
1449991447431697393
1449991447481711226
1449991447531734717
1449991447581671024
1449991447631719923
1449991447681729823
1449991447731732862
1449991447781733518
1449991447831676784
1449991447881664781
1449991447931660042
1449991447981658413
1449991448031657118
1449991448081656461
1449991448131680627
1449991448181716333
1449991448231669010
1449991448281659156
1449991448331723112
1449991448381731843
1449991448431668701
1449991448481707791
1449991448531693728
1449991448581667869
1449991448631704054
1449991448681697316
1449991448731729778
1449991448781685683
1449991448831690261
1449991448881666889
1449991448931723426
1449991448981713261
1449991449031675750
1449991449081664159
1449991449131724590
1449991449181694303
1449991449231728869
1449991449281679145
1449991449331683563
1449991449381697559
1449991449431727211
1449991449481696827
1449991449531731744
1449991449581727679
1449991449631687780
1449991449681724562
1449991449731694164
1449991449781681072
1449991449831724763
1449991449881734245
1449991449931690628
1449991449981671601
1449991450031732582
1449991450081689406
1449991450131726277
1449991450181728992
1449991450231688778
1449991450281671614
1449991450331725174
1449991450381733106
1449991450431684778
1449991450481680339
1449991450531691853
1449991450581732373
1449991450631687560
1449991450681678808
1449991450731725665
1449991450781729509
1449991450831691905
1449991450881682284
1449991450931706220
1449991450981680560
1449991451031733491
1449991451081689175
1449991451131731666
1449991451181687220
1449991451231680212
1449991451281678440
1449991451331725107
1449991451381728305
1449991451431670436
1449991451481694528
1449991451531734022
1449991451581731458
1449991451631669809
1449991451681659474
1449991451731675625
1449991451781679158
1449991451831680055
1449991451881679552
1449991451931732029
1449991451981729060
1449991452031670361
1449991452081725304
1449991452131732041
1449991452181672921
1449991452231656586
1449991452281655010
1449991452331689242
1449991452381731830
1449991452431699291
1449991452481696065
1449991452531732927
1449991452581686910
1449991452631662730
1449991452681676219
1449991452731722214
1449991452781726302
1449991452831671850
1449991452881661304
1449991452931721308
1449991452981666274
1449991453031658114
1449991453081675317
1449991453131723003
1449991453181685911
1449991453231663401
1449991453281676165
1449991453331723132
1449991453381728710
1449991453431667539
1449991453481723106
1449991453531717321
1449991453581702051
1449991453631684717
1449991453681678123
1449991453731724005
1449991453781688358
1449991453831665809
1449991453881677170
1449991453931721144
1449991453981700168
1449991454031673616
1449991454081662776
1449991454131703135
1449991454181686302
1449991454231679508
1449991454281685653
1449991454331729186
1449991454381670738
1449991454431667269
1449991454481722301
1449991454531729095
1449991454581730486
1449991454631673404
1449991454681661916
1449991454731721560
1449991454781682994
1449991454831660815
1449991454881657348
1449991454931718555
1449991454981701280
1449991455031730518
1449991455081686944
1449991455131725960
1449991455181698245
1449991455231673942
1449991455281661899
1449991455331660223
1449991455381659112
1449991455431658158
1449991455481675719
1449991455531680642
1449991455581677589
1449991455631678707
1449991455681678197
1449991455731725783
1449991455781690380
1449991455831681605
1449991455881675907
1449991455931677615
1449991455981677393
1449991456031666620
1449991456081674750
1449991456131735014
1449991456181733412
1449991456231670451
1449991456281722373
1449991456331702807
1449991456381682161
1449991456431729450
1449991456481694659
1449991456531735730
1449991456581671108
1449991456631726846
1449991456681729673
1449991456731728482
1449991456781730946
1449991456831729464
1449991456881674123
1449991456931729179
1449991456981730954
1449991457031694446
1449991457081710200
1449991457131695902
1449991457181731174
1449991457231732271
1449991457281688099
1449991457331727128
1449991457381728058
1449991457431727462
1449991457481684155
1449991457531710152
1449991457581707835
1449991457631686324
1449991457681681585
1449991457731724734
1449991457781732202
1449991457831688454
1449991457881682899
1449991457931727833
1449991457981686958
1449991458031680037
1449991458081677640
1449991458131725169
1449991458181728604
1449991458231686263
1449991458281659458
1449991458331708142
1449991458381729602
1449991458431728929
1449991458481716121
1449991458531733742
1449991458581733035
1449991458631677992
1449991458681717312
1449991458731683540
1449991458781668751
1449991458831663277
1449991458881675005
1449991458931722851
1449991458981685107
1449991459031676609
1449991459081678715
1449991459131681346
1449991459181727986
1449991459231686390
1449991459281676021
1449991459331724927
1449991459381685449
1449991459431722982
1449991459481684977
1449991459531662538
1449991459581672187
1449991459631725827
1449991459681732751
1449991459731692010
1449991459781723963
1449991459831688568
1449991459881678576
1449991459931721575
1449991459981725516
1449991460031699718
1449991460081686042
1449991460131727628
1449991460181734625
1449991460231686661
1449991460281678624
1449991460331678431
1449991460381676856
1449991460431720864
1449991460481685294
1449991460531698362
1449991460581730800
1449991460631699644
1449991460681685497
1449991460731671333
1449991460781690678
1449991460831681645
1449991460881679031
1449991460931695426
1449991460981685137
1449991461031680445
1449991461081681515
1449991461131701168
1449991461181727425
1449991461231685779
1449991461281726082
1449991461331698186
1449991461381729649
1449991461431728274
1449991461481730139
1449991461531694781
1449991461581728301
1449991461631687677
1449991461681678695
1449991461731724523
1449991461781726863
1449991461831689186
1449991461881681363
1449991461931726353
1449991461981732418
1449991462031688543
1449991462081691678
1449991462131729576
1449991462181667258
1449991462231669399
1449991462281669904
1449991462331670460
1449991462381659938
1449991462431667901
1449991462481687921
1449991462531660782
1449991462581659313
1449991462631659951
1449991462681660223
1449991462731672505
1449991462781665669
1449991462831663747
1449991462881659998
1449991462931720102
1449991462981694378
1449991463031686158
1449991463081684880
1449991463131664618
1449991463181660443
1449991463231687747
1449991463281641219
1449991463331668586
1449991463381660359
1449991463431716307
1449991463481702253
1449991463531696702
1449991463581725866
1449991463631691843
1449991463681713400
1449991463731714120
1449991463781729349
1449991463831666741
1449991463881730838
1449991463931697407
1449991463981675863
1449991464031712073
1449991464081713819
1449991464131728450
1449991464181671540
1449991464231684530
1449991464281697387
1449991464331727269
1449991464381663016
1449991464431654854
1449991464481705975
1449991464531727308
1449991464581713368
1449991464631727498
1449991464681688120
1449991464731666811
1449991464781672354
1449991464831668021
1449991464881661471
1449991464931680937
1449991464981666059
1449991465031658930
1449991465081659522
1449991465131682900
1449991465181677474
1449991465231676349
1449991465281680035
1449991465331663325
1449991465381694847
1449991465431690943
1449991465481687680
1449991465531727996
1449991465581690175
1449991465631679228
1449991465681663811
1449991465731685291
1449991465781725153
1449991465831727353
1449991465881728199
1449991465931727192
1449991465981695738
1449991466031688904
1449991466081687071
1449991466131681079
1449991466181671572
1449991466231686651
1449991466281670790
1449991466331682331
1449991466381689896
1449991466431684565
1449991466481687199
1449991466531687441
1449991466581684983
1449991466631689311
1449991466681685649
1449991466731674066
1449991466781682516
1449991466831671434
1449991466881683261
1449991466931687485
1449991466981687520
1449991467031711916
1449991467081686991
1449991467131684514
1449991467181659900
1449991467231656853
1449991467281660935
1449991467331720594
1449991467381671474
1449991467431677917
1449991467481677978
1449991467531720302
1449991467581689497
1449991467631681467
1449991467681669803
1449991467731684239
1449991467781687334
1449991467831672351
1449991467881686010
1449991467931684041
1449991467981679967
1449991468031667800
1449991468081678372
1449991468131665666
1449991468181662101
1449991468231661173
1449991468281674756
1449991468331665904
1449991468381665448
1449991468431710666
1449991468481665807
1449991468531657457
1449991468581659488
1449991468631656960
1449991468681683770
1449991468731665186
1449991468781676224
1449991468831716902
1449991468881662029
1449991468931657630
1449991468981667063
1449991469031669327
1449991469081661411
1449991469131677118
1449991469181689951
1449991469231666691
1449991469281661739
1449991469331661370
1449991469381668099
1449991469431676681
1449991469481662693
1449991469531659402
1449991469581751817
1449991469631670933
1449991469681659660
1449991469731667570
1449991469781667875
1449991469831669214
1449991469881688456
1449991469931688060
1449991469981666132
1449991470031658911
1449991470081668750
1449991470131668100
1449991470181669007
1449991470231686361
1449991470281708729
1449991470331691802
1449991470381686929
1449991470431680847
1449991470481685766
1449991470531694400
1449991470581684990
1449991470631683842
1449991470681686513
1449991470731672005
1449991470781659772
1449991470831689457
1449991470881674716
1449991470931687737
1449991470981676221
1449991471031673669
1449991471081675579
1449991471131668666
1449991471181683864
1449991471231685292
1449991471281682762
1449991471331664709
1449991471381678691
1449991471431679964
1449991471481668276
1449991471531712287
1449991471581719191
1449991471631718030
1449991471681673134
1449991471731679248
1449991471781679590
1449991471831666527
1449991471881668538
1449991471931663346
1449991471981666264
1449991472031665206
1449991472081657713
1449991472131666394
1449991472181667298
1449991472231666395
1449991472281665187
1449991472331666076
1449991472381665720
1449991472431664872
1449991472481665868
1449991472531664925
1449991472581665757
1449991472631665768
1449991472681667001
1449991472731665689
1449991472781666118
