1449997373808806845
1449997373858811196
1449997373908785957
1449997373958780476
1449997374008796848
1449997374058775547
1449997374108808500
1449997374158787651
1449997374208786944
1449997374258774063
1449997374308765291
1449997374358776865
1449997374408807676
1449997374458820944
1449997374508819609
1449997374558821007
1449997374608820958
1449997374658816005
1449997374708815459
1449997374758789190
1449997374808822424
1449997374858816665
1449997374908784270
1449997374958806435
1449997375008814448
1449997375058816377
1449997375108813836
1449997375158807489
1449997375208780122
1449997375258815353
1449997375308811562
1449997375358773785
1449997375408793153
1449997375458816190
1449997375508812410
1449997375558814930
1449997375608807976
1449997375658814271
1449997375708814359
1449997375758816636
1449997375808815899
1449997375858816522
1449997375908777475
1449997375958786707
1449997376008811885
1449997376058780221
1449997376108813618
1449997376158780922
1449997376208815813
1449997376258817986
1449997376308812581
1449997376358816141
1449997376408782128
1449997376458817500
1449997376508812500
1449997376558785564
1449997376608818079
1449997376658816179
1449997376708766278
1449997376758798461
1449997376808814429
1449997376858816134
1449997376908780642
1449997376958816087
1449997377008814127
1449997377058817342
1449997377108798230
1449997377158789201
1449997377208796710
1449997377258817338
1449997377308817336
1449997377358815967
1449997377408783598
1449997377458818095
1449997377508812393
1449997377558816791
1449997377608817083
1449997377658817405
1449997377708813324
1449997377758815373
1449997377808811299
1449997377858798437
1449997377908772079
1449997377958815893
1449997378008813085
1449997378058772421
1449997378108777169
1449997378158815117
1449997378208786005
1449997378258814872
1449997378308771171
1449997378358766756
1449997378408807750
1449997378458784301
1449997378508776966
1449997378558768442
1449997378608807234
1449997378658817703
1449997378708774406
1449997378758743728
1449997378808802362
1449997378858815570
1449997378908772657
1449997378958765800
1449997379008802177
1449997379058813791
1449997379108773999
1449997379158766837
1449997379208810621
1449997379258822182
1449997379308776790
1449997379358814230
1449997379408814666
1449997379458773604
1449997379508766075
1449997379558810453
1449997379608814975
1449997379658815341
1449997379708776805
1449997379758768323
1449997379808791818
1449997379858816916
1449997379908773930
1449997379958766785
1449997380008783838
1449997380058816347
1449997380108774928
1449997380158788316
1449997380208784726
1449997380258809457
1449997380308783178
1449997380358818543
1449997380408817499
1449997380458816625
1449997380508811130
1449997380558817012
1449997380608817751
1449997380658821124
1449997380708817610
1449997380758781837
1449997380808818766
1449997380858813271
1449997380908784063
1449997380958816177
1449997381008813723
1449997381058817773
1449997381108799423
1449997381158814048
1449997381208812860
1449997381258784781
1449997381308814399
1449997381358771413
1449997381408815110
1449997381458817470
1449997381508814498
1449997381558818709
1449997381608818847
1449997381658817840
1449997381708814447
1449997381758805568
1449997381808814523
1449997381858781706
1449997381908780468
1449997381958818546
1449997382008813596
1449997382058780573
1449997382108812129
1449997382158816289
1449997382208813508
1449997382258773659
1449997382308813975
1449997382358777136
1449997382408813954
1449997382458817119
1449997382508783728
1449997382558817252
1449997382608814123
1449997382658819390
1449997382708812496
1449997382758784904
1449997382808814546
1449997382858820481
1449997382908816149
1449997382958779541
1449997383008811795
1449997383058819524
1449997383108812720
1449997383158816614
1449997383208799389
1449997383258783368
1449997383308816544
1449997383358774213
1449997383408813503
1449997383458817079
1449997383508774320
1449997383558768462
1449997383608792007
1449997383658818271
1449997383708772675
1449997383758811996
1449997383808781972
1449997383858817865
1449997383908800374
1449997383958779521
1449997384008789221
1449997384058817376
1449997384108814357
1449997384158777181
1449997384208817203
1449997384258801148
1449997384308783790
1449997384358784369
1449997384408817836
1449997384458797742
1449997384508813543
1449997384558817303
1449997384608819128
1449997384658816600
1449997384708818072
1449997384758778289
1449997384808812933
1449997384858798324
1449997384908772728
1449997384958766475
1449997385008808675
1449997385058820239
1449997385108774443
1449997385158767005
1449997385208809031
1449997385258817021
1449997385308772621
1449997385358765961
1449997385408793328
1449997385458782728
1449997385508776499
1449997385558769020
1449997385608811224
1449997385658822330
1449997385708774339
1449997385758812567
1449997385808820914
1449997385858821627
1449997385908787732
1449997385958781749
1449997386008795004
1449997386058781862
1449997386108820244
1449997386158777405
1449997386208818466
1449997386258818648
1449997386308814971
1449997386358783123
1449997386408783886
1449997386458782798
1449997386508810279
1449997386558786453
1449997386608818754
1449997386658817409
1449997386708816889
1449997386758818374
1449997386808776053
1449997386858814461
1449997386908775922
1449997386958766565
1449997387008811401
1449997387058818375
1449997387108773308
1449997387158767366
1449997387208764905
1449997387258811906
1449997387308819641
1449997387358775610
1449997387408811288
1449997387458816391
1449997387508814271
1449997387558773153
1449997387608775429
1449997387658773636
1449997387708779962
1449997387758814462
1449997387808819501
1449997387858817772
1449997387908800821
1449997387958819024
1449997388008816907
1449997388058818699
1449997388108815911
1449997388158815561
1449997388208822004
1449997388258801900
1449997388308808526
1449997388358770986
1449997388408808612
1449997388458815823
1449997388508798987
1449997388558774295
1449997388608796333
1449997388658816961
1449997388708783507
1449997388758765651
1449997388808773517
1449997388858817281
1449997388908816841
1449997388958759018
1449997389008812297
1449997389058806505
1449997389108816472
1449997389158775143
1449997389208758661
1449997389258813720
1449997389308817453
1449997389358772362
1449997389408813413
1449997389458818219
1449997389508816246
1449997389558817129
1449997389608800700
1449997389658795162
1449997389708782916
1449997389758816262
1449997389808818325
1449997389858812771
1449997389908770209
1449997389958814480
1449997390008797032
1449997390058761266
1449997390108770104
1449997390158809986
1449997390208813552
1449997390258818798
1449997390308815549
1449997390358772974
1449997390408817055
1449997390458819134
1449997390508812831
1449997390558771937
1449997390608807021
1449997390658801343
1449997390708764775
1449997390758796608
1449997390808789390
1449997390858818580
1449997390908817055
1449997390958806239
1449997391008784841
1449997391058814313
1449997391108816369
1449997391158816731
1449997391208814775
1449997391258796474
1449997391308818532
1449997391358772817
1449997391408812030
1449997391458815937
1449997391508781825
1449997391558818686
1449997391608813419
1449997391658799459
1449997391708814263
1449997391758800547
1449997391808820931
1449997391858759901
1449997391908747845
1449997391958744148
1449997392008804894
1449997392058766060
1449997392108750503
1449997392158743736
1449997392208810144
1449997392258756567
1449997392308747441
1449997392358810823
1449997392408784361
1449997392458758076
1449997392508809016
1449997392558756495
1449997392608811023
1449997392658818669
1449997392708755166
1449997392758745355
1449997392808807832
1449997392858802551
1449997392908756097
1449997392958748838
1449997393008786245
1449997393058819508
1449997393108821203
1449997393158820901
1449997393208821380
1449997393258821307
1449997393308760073
1449997393358817375
1449997393408819801
1449997393458758788
1449997393508747096
1449997393558745681
1449997393608808157
1449997393658786249
1449997393708758537
1449997393758748379
1449997393808807628
1449997393858821080
1449997393908757473
1449997393958793450
1449997394008764926
1449997394058815415
1449997394108781981
1449997394158768452
1449997394208795287
1449997394258819290
1449997394308776698
1449997394358767969
1449997394408807253
1449997394458817227
1449997394508773813
1449997394558768706
1449997394608810392
1449997394658816831
1449997394708773264
1449997394758767663
1449997394808790843
1449997394858816813
1449997394908771956
1449997394958795935
1449997395008812835
1449997395058773180
1449997395108764184
1449997395158762662
1449997395208759850
1449997395258817125
1449997395308771706
1449997395358765875
1449997395408784729
1449997395458817641
1449997395508774618
1449997395558769368
1449997395608811271
1449997395658818883
1449997395708774103
1449997395758766390
1449997395808808684
1449997395858817969
1449997395908799282
1449997395958767461
1449997396008792729
1449997396058817788
1449997396108815464
1449997396158819307
1449997396208815313
1449997396258801235
1449997396308816104
1449997396358819693
1449997396408815218
1449997396458819415
1449997396508783028
1449997396558816849
1449997396608797553
1449997396658819193
1449997396708819733
1449997396758819794
1449997396808818680
1449997396858818821
1449997396908795857
1449997396958814417
1449997397008817021
1449997397058818643
1449997397108815805
1449997397158800067
1449997397208782091
1449997397258819149
1449997397308818389
1449997397358777775
1449997397408813260
1449997397458803426
1449997397508812818
1449997397558818209
1449997397608813847
1449997397658818124
1449997397708818166
1449997397758818318
1449997397808820250
1449997397858818985
1449997397908810049
1449997397958770845
1449997398008810350
1449997398058812095
1449997398108799838
1449997398158798183
1449997398208824283
1449997398258817305
1449997398308821456
1449997398358765207
1449997398408813628
1449997398458817792
1449997398508817055
1449997398558818423
1449997398608819603
1449997398658817804
1449997398708817210
1449997398758774358
1449997398808814851
1449997398858782796
1449997398908773366
1449997398958799991
1449997399008816577
1449997399058763114
1449997399108798288
1449997399158819845
1449997399208776752
1449997399258816824
1449997399308819338
1449997399358817589
1449997399408798771
1449997399458816308
1449997399508815475
1449997399558802787
1449997399608798084
1449997399658812742
1449997399708830360
1449997399758816651
1449997399808819134
1449997399858820158
1449997399908799806
1449997399958818587
1449997400008814579
1449997400058801457
1449997400108823175
1449997400158816695
1449997400208816556
1449997400258816353
1449997400308813154
1449997400358777157
1449997400408810430
1449997400458819382
1449997400508817776
1449997400558799744
1449997400608819804
1449997400658802506
1449997400708815924
1449997400758797494
1449997400808814353
1449997400858768574
1449997400908798985
1449997400958764849
1449997401008797387
1449997401058764076
1449997401108814141
1449997401158803391
1449997401208809286
1449997401258816908
1449997401308813826
1449997401358772801
1449997401408804039
1449997401458815764
1449997401508810741
1449997401558815793
1449997401608814298
1449997401658816645
1449997401708815340
1449997401758822574
1449997401808814975
1449997401858807369
1449997401908786981
1449997401958815771
1449997402008783078
1449997402058771069
1449997402108765985
1449997402158764473
1449997402208765306
1449997402258764082
1449997402308764357
1449997402358747984
1449997402408802108
1449997402458816262
1449997402508780181
1449997402558809259
1449997402608819012
1449997402658816134
1449997402708770044
1449997402758814369
1449997402808816859
1449997402858771982
1449997402908765325
1449997402958764378
1449997403008807343
1449997403058772656
1449997403108793217
1449997403158808683
1449997403208765370
1449997403258770322
1449997403308763298
1449997403358769329
1449997403408813164
1449997403458816980
1449997403508777689
1449997403558814003
1449997403608813209
1449997403658779160
1449997403708796748
