1449991382201852337
1449991382251883647
1449991382301847577
1449991382351878017
1449991382401872980
1449991382451871822
1449991382501872532
1449991382551840922
1449991382601872211
1449991382651874734
1449991382701873616
1449991382751875265
1449991382801868708
1449991382851877018
1449991382901852066
1449991382951879563
1449991383001876534
1449991383051875059
1449991383101841558
1449991383151875346
1449991383201862157
1449991383251877774
1449991383301822228
1449991383351860337
1449991383401878279
1449991383451819137
1449991383501875632
1449991383551878711
1449991383601872705
1449991383651876909
1449991383701841333
1449991383751839748
1449991383801870970
1449991383851819086
1449991383901874644
1449991383951872594
1449991384001825298
1449991384051845977
1449991384101819592
1449991384151804803
1449991384201806899
1449991384251812484
1449991384301810022
1449991384351820109
1449991384401820344
1449991384451812526
1449991384501862783
1449991384551839709
1449991384601818234
1449991384651811426
1449991384701825741
1449991384751815184
1449991384801832426
1449991384851814578
1449991384901884790
1449991384951810140
1449991385001908983
1449991385051804808
1449991385101823363
1449991385151815322
1449991385201818010
1449991385251916767
1449991385301829339
1449991385351864236
1449991385401813790
1449991385451861549
1449991385501855534
1449991385551815239
1449991385601849326
1449991385651817440
1449991385701822524
1449991385751814436
1449991385801821758
1449991385851843937
1449991385901819149
1449991385951867613
1449991386001851351
1449991386051862968
1449991386101862001
1449991386151834821
1449991386201869247
1449991386251833093
1449991386301848365
1449991386351834495
1449991386401825389
1449991386451869100
1449991386501840523
1449991386551827268
1449991386601824493
1449991386651819469
1449991386701826255
1449991386751825713
1449991386801838019
1449991386851817801
1449991386901859052
1449991386951834154
1449991387001828994
1449991387051868264
1449991387101865703
1449991387151815221
1449991387201804860
1449991387251816011
1449991387301834504
1449991387351848340
1449991387401831930
1449991387451815597
1449991387501807014
1449991387551816323
1449991387601867443
1449991387651865530
1449991387701841120
1449991387751820485
1449991387801821680
1449991387851812537
1449991387901808843
1449991387951836810
1449991388001835415
1449991388051837928
1449991388101867497
1449991388151841616
1449991388201871161
1449991388251859429
1449991388301828958
1449991388351864570
1449991388401847987
1449991388451851994
1449991388501867658
1449991388551835650
1449991388601837866
1449991388651816899
1449991388701817505
1449991388751809560
1449991388801808435
1449991388851807808
1449991388901828720
1449991388951847197
1449991389001869733
1449991389051832186
1449991389101846887
1449991389151852387
1449991389201833309
1449991389251868730
1449991389301850069
1449991389351830346
1449991389401826910
1449991389451818512
1449991389501829281
1449991389551811332
1449991389601807777
1449991389651812450
1449991389701832951
1449991389751861066
1449991389801865237
1449991389851825468
1449991389901849324
1449991389951861977
1449991390001869061
1449991390051872153
1449991390101844097
1449991390151852287
1449991390201859625
1449991390251817534
1449991390301865772
1449991390351873728
1449991390401849123
1449991390451875401
1449991390501869589
1449991390551867125
1449991390601870831
1449991390651858752
1449991390701844852
1449991390751878710
1449991390801869096
1449991390851876942
1449991390901871173
1449991390951876380
1449991391001869886
1449991391051877031
1449991391101857708
1449991391151878239
1449991391201872511
1449991391251875556
1449991391301859531
1449991391351878118
1449991391401823552
1449991391451873480
1449991391501871590
1449991391551879433
1449991391601857735
1449991391651834176
1449991391701876256
1449991391751813262
1449991391801845803
1449991391851831736
1449991391901815435
1449991391951873914
1449991392001872593
1449991392051818963
1449991392101838201
1449991392151856176
1449991392201817367
1449991392251876889
1449991392301843668
1449991392351837459
1449991392401860760
1449991392451837391
1449991392501869389
1449991392551845222
1449991392601818945
1449991392651855485
1449991392701859011
1449991392751816477
1449991392801813953
1449991392851828893
1449991392901815812
1449991392951878976
1449991393001865059
1449991393051874204
1449991393101875465
1449991393151818605
1449991393201834916
1449991393251877627
1449991393301817126
1449991393351839721
1449991393401827187
1449991393451809485
1449991393501866489
1449991393551872497
1449991393601817026
1449991393651864512
1449991393701872043
1449991393751875656
1449991393801871645
1449991393851816755
1449991393901812762
1449991393951817881
1449991394001828486
1449991394051840120
1449991394101872101
1449991394151828925
1449991394201873861
1449991394251875205
1449991394301840037
1449991394351818562
1449991394401813707
1449991394451814059
1449991394501868694
1449991394551874886
1449991394601844839
1449991394651876455
1449991394701840953
1449991394751857632
1449991394801826037
1449991394851833169
1449991394901877234
1449991394951871947
1449991395001835108
1449991395051829764
1449991395101879381
1449991395151837086
1449991395201827168
1449991395251827460
1449991395301869380
1449991395351875856
1449991395401834888
1449991395451827529
1449991395501832532
1449991395551872297
1449991395601836848
1449991395651830077
1449991395701859505
1449991395751872673
1449991395801858582
1449991395851877019
1449991395901873676
1449991395951878612
1449991396001835769
1449991396051873640
1449991396101871911
1449991396151831337
1449991396201813310
1449991396251825062
1449991396301869223
1449991396351877092
1449991396401836254
1449991396451856274
1449991396501872857
1449991396551877422
1449991396601854271
1449991396651834016
1449991396701868435
1449991396751877454
1449991396801827749
1449991396851874510
1449991396901875507
1449991396951875388
1449991397001835676
1449991397051871819
1449991397101873214
1449991397151833385
1449991397201825615
1449991397251862864
1449991397301862201
1449991397351819478
1449991397401824080
1449991397451853201
1449991397501874477
1449991397551835440
1449991397601825171
1449991397651827284
1449991397701866444
1449991397751877588
1449991397801859652
1449991397851845895
1449991397901807754
1449991397951843900
1449991398001833835
1449991398051827602
1449991398101869311
1449991398151833832
1449991398201826804
1449991398251808504
1449991398301811112
1449991398351813771
1449991398401824414
1449991398451867236
1449991398501881052
1449991398551837134
1449991398601874767
1449991398651878474
1449991398701875084
1449991398751828984
1449991398801832463
1449991398851873758
1449991398901877508
1449991398951878087
1449991399001875773
1449991399051846843
1449991399101871643
1449991399151873786
1449991399201872531
1449991399251880501
1449991399301877141
1449991399351882555
1449991399401876773
1449991399451879751
1449991399501868203
1449991399551834465
1449991399601871072
1449991399651884491
1449991399701877867
1449991399751877023
1449991399801877926
1449991399851881883
1449991399901876439
1449991399951879130
1449991400001881319
1449991400051861158
1449991400101877764
1449991400151846084
1449991400201876828
1449991400251863269
1449991400301877516
1449991400351880099
1449991400401877157
1449991400451876501
1449991400501860709
1449991400551842449
1449991400601875111
1449991400651881400
1449991400701876901
1449991400751879298
1449991400801876844
1449991400851879100
1449991400901875400
1449991400951865917
1449991401001872583
1449991401051879754
1449991401101879261
1449991401151879944
1449991401201876354
1449991401251877908
1449991401301877282
1449991401351844966
1449991401401880969
1449991401451867056
1449991401501844376
1449991401551879490
1449991401601877377
1449991401651867148
1449991401701844194
1449991401751834794
1449991401801871599
1449991401851880965
1449991401901876693
1449991401951836931
1449991402001825744
1449991402051869985
1449991402101859332
1449991402151874812
1449991402201874750
1449991402251837554
1449991402301815332
1449991402351882929
1449991402401878343
1449991402451862339
1449991402501876512
1449991402551861296
1449991402601839701
1449991402651879362
1449991402701877363
1449991402751818489
1449991402801872321
1449991402851876328
1449991402901875838
1449991402951879190
1449991403001872303
1449991403051875454
1449991403101846443
1449991403151879543
1449991403201840439
1449991403251877361
1449991403301878408
1449991403351841459
1449991403401832566
1449991403451872772
1449991403501828333
1449991403551812796
1449991403601863458
1449991403651847039
1449991403701876761
1449991403751878440
1449991403801874636
1449991403851822399
1449991403901873840
1449991403951826878
1449991404001874297
1449991404051878465
1449991404101873722
1449991404151877739
1449991404201874867
1449991404251878193
1449991404301877415
1449991404351878680
1449991404401874388
1449991404451878038
1449991404501874247
1449991404551836693
1449991404601825359
1449991404651861409
1449991404701847064
1449991404751877240
1449991404801877238
1449991404851838773
1449991404901820222
1449991404951878285
1449991405001878453
1449991405051878849
1449991405101875696
1449991405151878187
1449991405201874008
1449991405251845091
1449991405301877035
1449991405351878777
1449991405401875317
1449991405451884439
1449991405501877802
1449991405551878521
1449991405601876421
1449991405651829309
1449991405701841896
1449991405751877481
1449991405801877359
1449991405851876792
1449991405901874298
1449991405951855520
1449991406001878009
1449991406051883002
1449991406101875556
1449991406151879316
1449991406201874653
1449991406251877889
1449991406301875902
1449991406351870855
1449991406401873256
1449991406451877647
1449991406501837838
1449991406551875040
1449991406601873942
1449991406651870680
1449991406701858527
1449991406751881981
1449991406801843018
1449991406851829769
1449991406901870860
1449991406951877356
1449991407001836659
1449991407051873904
1449991407101876715
1449991407151839182
1449991407201871072
1449991407251877615
1449991407301877105
1449991407351878700
1449991407401875567
1449991407451877887
1449991407501876940
1449991407551879968
1449991407601875212
1449991407651881143
1449991407701876063
1449991407751859858
1449991407801844812
1449991407851877858
1449991407901875116
1449991407951819722
1449991408001871097
1449991408051881000
1449991408101875032
1449991408151882520
1449991408201875699
1449991408251878607
1449991408301874997
1449991408351876468
1449991408401877392
1449991408451879595
1449991408501860092
1449991408551879123
1449991408601875974
1449991408651877873
1449991408701859382
1449991408751843220
1449991408801876464
1449991408851852170
1449991408901887304
1449991408951882812
1449991409001881510
1449991409051880423
1449991409101874688
1449991409151878584
1449991409201876374
1449991409251880324
1449991409301877860
1449991409351878480
1449991409401876967
1449991409451878051
1449991409501877251
1449991409551879931
1449991409601848685
1449991409651882333
1449991409701860956
1449991409751837524
1449991409801872982
1449991409851864929
1449991409901820325
1449991409951883520
1449991410001874638
1449991410051879577
1449991410101880210
1449991410151880105
1449991410201878519
1449991410251878286
1449991410301876053
1449991410351818055
1449991410401866246
1449991410451835324
1449991410501871671
1449991410551818927
1449991410601832141
1449991410651842836
1449991410701879154
1449991410751876940
1449991410801834084
1449991410851809607
1449991410901804041
1449991410951850783
1449991411001835777
1449991411051835183
1449991411101872439
1449991411151841343
1449991411201842427
1449991411251839732
1449991411301840699
1449991411351840878
1449991411401876126
1449991411451882411
1449991411501849902
1449991411551875161
1449991411601876592
1449991411651880699
1449991411701877139
1449991411751836094
1449991411801870012
1449991411851875433
1449991411901861376
1449991411951885365
1449991412001866129
1449991412051815317
1449991412101877133
