1449991503555130718 1449991503555456717
1449991503605190756 1449991503605550240
1449991503655139678 1449991503655418814
1449991503705172320 1449991503705445748
1449991503755144849 1449991503755376557
1449991503805137791 1449991503805439932
1449991503855103348 1449991503855235135
1449991503905145386 1449991503905392749
1449991503955114638 1449991503955253123
1449991504005151375 1449991504005366460
1449991504055129123 1449991504055284054
1449991504105136938 1449991504105542530
1449991504155114687 1449991504155288494
1449991504205111397 1449991504205271540
1449991504255110492 1449991504255263724
1449991504305116139 1449991504305325931
1449991504355120696 1449991504355354881
1449991504405135171 1449991504405477938
1449991504455116107 1449991504455259900
1449991504505131288 1449991504505467941
1449991504555127409 1449991504555282798
1449991504605125017 1449991504605487478
1449991504655131920 1449991504655428640
1449991504705112837 1449991504705233728
1449991504755174062 1449991504755564567
1449991504805173024 1449991504805555738
1449991504855138277 1449991504855522528
1449991504905200875 1449991504905423708
1449991504955129155 1449991504955275333
1449991505005193950 1449991505005376771
1449991505055142375 1449991505055336830
1449991505105118116 1449991505105330568
1449991505155110391 1449991505155315091
1449991505205119665 1449991505205328703
1449991505255118121 1449991505255328929
1449991505305117677 1449991505305305096
1449991505355117602 1449991505355272289
1449991505405108953 1449991505405313402
1449991505455112981 1449991505455306195
1449991505505130313 1449991505505468267
1449991505555115755 1449991505555300981
1449991505605117136 1449991505605277622
1449991505655117028 1449991505655305886
1449991505705137585 1449991505705440444
1449991505755139951 1449991505755382128
1449991505805135082 1449991505805431717
1449991505855114968 1449991505855310427
1449991505905164772 1449991505905612774
1449991505955136709 1449991505955421739
1449991506005129047 1449991506005349085
1449991506055122349 1449991506055329885
1449991506105123657 1449991506105371843
1449991506155111996 1449991506155289449
1449991506205110761 1449991506205255802
1449991506255107344 1449991506255279640
1449991506305112524 1449991506305269883
1449991506355122177 1449991506355347092
1449991506405115599 1449991506405265642
1449991506455111019 1449991506455279514
1449991506505125919 1449991506505385155
1449991506555134437 1449991506555445161
1449991506605119262 1449991506605308291
1449991506655110339 1449991506655259665
1449991506705110522 1449991506705247663
1449991506755133236 1449991506755431255
1449991506805115017 1449991506805244083
1449991506855110585 1449991506855335333
1449991506905120020 1449991506905342289
1449991506955117868 1449991506955305377
1449991507005110444 1449991507005253918
1449991507055126512 1449991507055468040
1449991507105128474 1449991507105397992
1449991507155120866 1449991507155341018
1449991507205111424 1449991507205269087
1449991507255124809 1449991507255397534
1449991507305118854 1449991507305311911
1449991507355134884 1449991507355403177
1449991507405173438 1449991507405561975
1449991507455173927 1449991507455613280
1449991507505125370 1449991507505325605
1449991507555171885 1449991507555617277
1449991507605142630 1449991507605473724
1449991507655174911 1449991507655631780
1449991507705172497 1449991507705527447
1449991507755141522 1449991507755472889
1449991507805133785 1449991507805431136
1449991507855167517 1449991507855602045
1449991507905171938 1449991507905536097
1449991507955140451 1449991507955463691
1449991508005131158 1449991508005447104
1449991508055122326 1449991508055370614
1449991508105111343 1449991508105304961
1449991508155128066 1449991508155352190
1449991508205110788 1449991508205324452
1449991508255128404 1449991508255459414
1449991508305130170 1449991508305405870
1449991508355133997 1449991508355476253
1449991508405129017 1449991508405376470
1449991508455128042 1449991508455379477
1449991508505115521 1449991508505306339
1449991508555144406 1449991508555489569
1449991508605135703 1449991508605415023
1449991508655114150 1449991508655305795
1449991508705118818 1449991508705323093
1449991508755128885 1449991508755367232
1449991508805112133 1449991508805326767
1449991508855134037 1449991508855473116
1449991508905171704 1449991508905551131
1449991508955176069 1449991508955571278
1449991509005135865 1449991509005398244
1449991509055131901 1449991509055384814
1449991509105166397 1449991509105585537
1449991509155177006 1449991509155498824
1449991509205170155 1449991509205549224
1449991509255176458 1449991509255567006
1449991509305107839 1449991509305225904
1449991509355152880 1449991509355554691
1449991509405148147 1449991509405573512
1449991509455168408 1449991509455594931
1449991509505143780 1449991509505458500
1449991509555127827 1449991509555350259
1449991509605127321 1449991509605368738
1449991509655120180 1449991509655303403
1449991509705123160 1449991509705283799
1449991509755134967 1449991509755470711
1449991509805129370 1449991509805322765
1449991509855125251 1449991509855341459
1449991509905114788 1449991509905279503
1449991509955116637 1449991509955314424
1449991510005116171 1449991510005309330
1449991510055131751 1449991510055467378
1449991510105126957 1449991510105347333
1449991510155134172 1449991510155453647
1449991510205117276 1449991510205294204
1449991510255118252 1449991510255271770
1449991510305130585 1449991510305440955
1449991510355139045 1449991510355477847
1449991510405173922 1449991510405561554
1449991510455138159 1449991510455443662
1449991510505115394 1449991510505289331
1449991510555154793 1449991510555561553
1449991510605139102 1449991510605448373
1449991510655134450 1449991510655429478
1449991510705117600 1449991510705374027
1449991510755128703 1449991510755368206
1449991510805127247 1449991510805299363
1449991510855136206 1449991510855506877
1449991510905170525 1449991510905553683
1449991510955177669 1449991510955587685
1449991511005143439 1449991511005479581
1449991511055124479 1449991511055364702
1449991511105135574 1449991511105446923
1449991511155133070 1449991511155426580
1449991511205112894 1449991511205287541
1449991511255130233 1449991511255464527
1449991511305135145 1449991511305426603
1449991511355134950 1449991511355385183
1449991511405114655 1449991511405298892
1449991511455123703 1449991511455300569
1449991511505113055 1449991511505281445
1449991511555133375 1449991511555447303
1449991511605129878 1449991511605351180
1449991511655123093 1449991511655345860
1449991511705112580 1449991511705306245
1449991511755129764 1449991511755364087
1449991511805113713 1449991511805311206
1449991511855129861 1449991511855459529
1449991511905172813 1449991511905584169
1449991511955163621 1449991511955575558
1449991512005126992 1449991512005478456
1449991512055133154 1449991512055454920
1449991512105129394 1449991512105412148
1449991512155136865 1449991512155530618
1449991512205134374 1449991512205445212
1449991512255130610 1449991512255444696
1449991512305110321 1449991512305233787
1449991512355184522 1449991512355575669
1449991512405177554 1449991512405577648
1449991512455182129 1449991512455595573
1449991512505145240 1449991512505477290
1449991512555132309 1449991512555372968
1449991512605288851 1449991512605473140
1449991512655121470 1449991512655354803
1449991512705314513 1449991512705630639
1449991512755144032 1449991512755417529
1449991512805147106 1449991512805470529
1449991512855127651 1449991512855360078
1449991512905114355 1449991512905287322
1449991512955130552 1449991512955608679
1449991513005132564 1449991513005438615
1449991513055132256 1449991513055446044
1449991513105117792 1449991513105284406
1449991513155135312 1449991513155446955
1449991513205120557 1449991513205282263
1449991513255133193 1449991513255512362
1449991513305115606 1449991513305272487
1449991513355132808 1449991513355446162
1449991513405172453 1449991513405509214
1449991513455179383 1449991513455610457
1449991513505149019 1449991513505521206
1449991513555177475 1449991513555579002
1449991513605136483 1449991513605510421
1449991513655137393 1449991513655409447
1449991513705169200 1449991513705530305
1449991513755177908 1449991513755567011
1449991513805175747 1449991513805599829
1449991513855124960 1449991513855471746
1449991513905131146 1449991513905430971
1449991513955171953 1449991513955630489
1449991514005141071 1449991514005472435
1449991514055129516 1449991514055388304
1449991514105132993 1449991514105471657
1449991514155132111 1449991514155311543
1449991514205107375 1449991514205260738
1449991514255160271 1449991514255458634
1449991514305142579 1449991514305484501
1449991514355122947 1449991514355329708
1449991514405112308 1449991514405258661
1449991514455249970 1449991514455416350
1449991514505117163 1449991514505292229
1449991514555134872 1449991514555420522
1449991514605127483 1449991514605442056
1449991514655126209 1449991514655396806
1449991514705112038 1449991514705277648
1449991514755132508 1449991514755450663
1449991514805119746 1449991514805312077
1449991514855135818 1449991514855469825
1449991514905139712 1449991514905498181
1449991514955176076 1449991514955575374
1449991515005137289 1449991515005482729
1449991515055140628 1449991515055476539
1449991515105141170 1449991515105423591
1449991515155144847 1449991515155442742
1449991515205174910 1449991515205489570
1449991515255139952 1449991515255473234
1449991515305119131 1449991515305266163
1449991515355156365 1449991515355532026
1449991515405175670 1449991515405543113
1449991515455145227 1449991515455360347
1449991515505122077 1449991515505313935
1449991515555118219 1449991515555326919
1449991515605127142 1449991515605387420
1449991515655118973 1449991515655324539
1449991515705133095 1449991515705456698
1449991515755169268 1449991515755466736
1449991515805133054 1449991515805357781
1449991515855115295 1449991515855282733
1449991515905110759 1449991515905270917
1449991515955129518 1449991515955450320
1449991516005114849 1449991516005468928
1449991516055131285 1449991516055744864
1449991516105121596 1449991516105350223
1449991516155123812 1449991516155354703
1449991516205123249 1449991516205371758
1449991516255173363 1449991516255348280
1449991516305110839 1449991516305254210
1449991516355135444 1449991516355525826
1449991516405179449 1449991516405577825
1449991516455139860 1449991516455432443
1449991516505149311 1449991516505311910
1449991516555143017 1449991516555455488
1449991516605175672 1449991516605582314
1449991516655174046 1449991516655625366
1449991516705176644 1449991516705574298
1449991516755182732 1449991516755570441
1449991516805177759 1449991516805587150
1449991516855147127 1449991516855577693
1449991516905176960 1449991516905580999
1449991516955201356 1449991516955617523
1449991517005125537 1449991517005390613
1449991517055115077 1449991517055331858
1449991517105118143 1449991517105289540
1449991517155118559 1449991517155328993
1449991517205132033 1449991517205492319
1449991517255126992 1449991517255469512
1449991517305127409 1449991517305432052
1449991517355122996 1449991517355353657
1449991517405116950 1449991517405320138
1449991517455165231 1449991517455457323
1449991517505125060 1449991517505333763
1449991517555138530 1449991517555420755
1449991517605130278 1449991517605397770
1449991517655121359 1449991517655409923
1449991517705112975 1449991517705329176
1449991517755115775 1449991517755326959
1449991517805117583 1449991517805330193
1449991517855131736 1449991517855520557
1449991517905133117 1449991517905425612
1449991517955138521 1449991517955488283
1449991518005133260 1449991518005341748
1449991518055131671 1449991518055396610
1449991518105130246 1449991518105312432
1449991518155130675 1449991518155398081
1449991518205127820 1449991518205306129
1449991518255130487 1449991518255396470
1449991518305110880 1449991518305220337
1449991518355129882 1449991518355403387
1449991518405119311 1449991518405358389
1449991518455134613 1449991518455398934
1449991518505116733 1449991518505355316
1449991518555135760 1449991518555469463
1449991518605151567 1449991518605384709
1449991518655151971 1449991518655402372
1449991518705131420 1449991518705356025
1449991518755118807 1449991518755295356
1449991518805134922 1449991518805737180
1449991518855123106 1449991518855328098
1449991518905111556 1449991518905308519
1449991518955117679 1449991518955296558
1449991519005126506 1449991519005347594
1449991519055113240 1449991519055276188
1449991519105118120 1449991519105330595
1449991519155121216 1449991519155362829
1449991519205113400 1449991519205256666
1449991519255124662 1449991519255305726
1449991519305110920 1449991519305255339
1449991519355115704 1449991519355259862
1449991519405118775 1449991519405254439
1449991519455119652 1449991519455302529
1449991519505121825 1449991519505286841
1449991519555106710 1449991519555245370
1449991519605149721 1449991519605461387
1449991519655129428 1449991519655387428
1449991519705122856 1449991519705331985
1449991519755115166 1449991519755284989
1449991519805100673 1449991519805233940
1449991519855108696 1449991519855286059
1449991519905103555 1449991519905237233
1449991519955105512 1449991519955280090
1449991520005109428 1449991520005355520
1449991520055112130 1449991520055271574
1449991520105120926 1449991520105277033
1449991520155115624 1449991520155323637
1449991520205111311 1449991520205278232
1449991520255108767 1449991520255303902
1449991520305132243 1449991520305457864
1449991520355148908 1449991520355567317
1449991520405141262 1449991520405487888
1449991520455155115 1449991520456071950
1449991520505140126 1449991520505499704
1449991520555135013 1449991520555316037
1449991520605118045 1449991520605332177
1449991520655119174 1449991520655338461
1449991520705116054 1449991520705291066
1449991520755210392 1449991520755533981
1449991520805118134 1449991520805306356
1449991520855162937 1449991520855594408
1449991520905171885 1449991520905512788
1449991520955131251 1449991520955518362
1449991521005120050 1449991521005425840
1449991521055129075 1449991521055414075
1449991521105118052 1449991521105440911
1449991521155132212 1449991521155451014
1449991521205161139 1449991521205518833
1449991521255114889 1449991521255327442
1449991521305112065 1449991521305306627
1449991521355137264 1449991521355381638
1449991521405118150 1449991521405331736
1449991521455132728 1449991521455346513
1449991521505150402 1449991521505563191
1449991521555179991 1449991521555591106
1449991521605169271 1449991521605578943
1449991521655133421 1449991521655411782
1449991521705125017 1449991521705400698
1449991521755116896 1449991521755264504
1449991521805149231 1449991521805507759
1449991521855142474 1449991521855479852
1449991521905133772 1449991521905540896
1449991521955135250 1449991521955444204
1449991522005138753 1449991522005465173
1449991522055116854 1449991522055289471
1449991522105126922 1449991522105414945
1449991522155133742 1449991522155452037
1449991522205140061 1449991522205434701
1449991522255132803 1449991522255496494
1449991522305126700 1449991522305377355
1449991522355170250 1449991522355510278
1449991522405163753 1449991522405602555
1449991522455125578 1449991522455356739
1449991522505145831 1449991522505437831
1449991522555170389 1449991522555551944
1449991522605158480 1449991522605566101
1449991522655126305 1449991522655404342
1449991522705143639 1449991522705550418
1449991522755182031 1449991522755593687
1449991522805123500 1449991522805395289
1449991522855158822 1449991522855446972
1449991522905136017 1449991522905403996
1449991522955125154 1449991522955451654
1449991523005118641 1449991523005366000
1449991523055111065 1449991523055365461
1449991523105110410 1449991523105270753
1449991523155112258 1449991523155318818
1449991523205117089 1449991523205304831
1449991523255117612 1449991523255314646
1449991523305117563 1449991523305362411
1449991523355134068 1449991523355451762
1449991523405161057 1449991523405606343
1449991523455158560 1449991523455539055
1449991523505158270 1449991523505533204
1449991523555124939 1449991523555446365
1449991523605119472 1449991523605304979
1449991523655142629 1449991523655399183
1449991523705115850 1449991523705318101
1449991523755120137 1449991523755368384
1449991523805124081 1449991523805362554
1449991523855118094 1449991523855323053
1449991523905116678 1449991523905315528
1449991523955128685 1449991523955497688
1449991524005144021 1449991524005574978
1449991524055135764 1449991524055408923
1449991524105157488 1449991524105363460
1449991524155130767 1449991524155329847
1449991524205113447 1449991524205319525
1449991524255124140 1449991524255348195
1449991524305126944 1449991524305444627
1449991524355145955 1449991524355588083
1449991524405129402 1449991524405334556
1449991524455118856 1449991524455314632
1449991524505130541 1449991524505431369
1449991524555132032 1449991524555483031
1449991524605116824 1449991524605295369
1449991524655119497 1449991524655404885
1449991524705132106 1449991524705410107
1449991524755132515 1449991524755423552
1449991524805127863 1449991524805403812
1449991524855131743 1449991524855311579
1449991524905113424 1449991524905321488
1449991524955116466 1449991524955309985
1449991525005108772 1449991525005285066
1449991525055108741 1449991525055295723
1449991525105131633 1449991525105494028
1449991525155162106 1449991525155530518
1449991525205176063 1449991525205538337
1449991525255115260 1449991525255289515
1449991525305116814 1449991525305387814
1449991525355119435 1449991525355309028
1449991525405118681 1449991525405316321
1449991525455114722 1449991525455263090
1449991525505113414 1449991525505272346
1449991525555114955 1449991525555291158
1449991525605149156 1449991525605376247
1449991525655121697 1449991525655288555
1449991525705112783 1449991525705290183
1449991525755115772 1449991525755301076
1449991525805116997 1449991525805343744
1449991525855117372 1449991525855309691
1449991525905135740 1449991525905492773
1449991525955145863 1449991525955333503
1449991526005112565 1449991526005277820
1449991526055116873 1449991526055297870
1449991526105168886 1449991526105347265
1449991526155119012 1449991526155321703
1449991526205119672 1449991526205321324
1449991526255118300 1449991526255303927
1449991526305137655 1449991526305374231
1449991526355128581 1449991526355369861
1449991526405121558 1449991526405344017
1449991526455138892 1449991526455434216
1449991526505176245 1449991526505581360
1449991526555170890 1449991526555594501
1449991526605128193 1449991526605373048
1449991526655136809 1449991526655480582
1449991526705127406 1449991526705335984
1449991526755116606 1449991526755331734
1449991526805116584 1449991526805305036
1449991526855117227 1449991526855311105
1449991526905122891 1449991526905394430
1449991526955122724 1449991526955336092
1449991527005118317 1449991527005330090
1449991527055117352 1449991527055323625
1449991527105116260 1449991527105298884
1449991527155137138 1449991527155363077
1449991527205118661 1449991527205298427
1449991527255117585 1449991527255326529
1449991527305117027 1449991527305317306
1449991527355114811 1449991527355315127
1449991527405126065 1449991527405313617
1449991527455112933 1449991527455268437
1449991527505117192 1449991527505305919
1449991527555111424 1449991527555314483
1449991527605134950 1449991527605458110
1449991527655118661 1449991527655367925
1449991527705113682 1449991527705316665
1449991527755123709 1449991527755362554
1449991527805130188 1449991527805408659
1449991527855117255 1449991527855307752
1449991527905135161 1449991527905299874
1449991527955167183 1449991527955523293
1449991528005134670 1449991528005393293
1449991528055163210 1449991528055497307
1449991528105136320 1449991528105510562
1449991528155121647 1449991528155321139
1449991528205120490 1449991528205436318
1449991528255117461 1449991528255313122
1449991528305116038 1449991528305316818
1449991528355116141 1449991528355322815
1449991528405125470 1449991528405311101
1449991528455115148 1449991528455484527
1449991528505127339 1449991528505308877
1449991528555137451 1449991528555594955
1449991528605131887 1449991528605485576
1449991528655121769 1449991528655345471
1449991528705118526 1449991528705315897
1449991528755137530 1449991528755463666
1449991528805128357 1449991528805368945
1449991528855120950 1449991528855392997
1449991528905145395 1449991528905431915
1449991528955130318 1449991528955399887
1449991529005119752 1449991529005340672
1449991529055118965 1449991529055332806
1449991529105117651 1449991529105347678
1449991529155116689 1449991529155364160
1449991529205140967 1449991529205535872
1449991529255173525 1449991529255546103
1449991529305171118 1449991529305474074
1449991529355173685 1449991529355612566
1449991529405138784 1449991529405416587
1449991529455136236 1449991529455400655
1449991529505169229 1449991529505514069
1449991529555176650 1449991529555526360
1449991529605136374 1449991529605449460
1449991529655136258 1449991529655347747
1449991529705131439 1449991529705391896
1449991529755133344 1449991529755382462
1449991529805117759 1449991529805299860
1449991529855114940 1449991529855321467
1449991529905134193 1449991529905467546
1449991529955120617 1449991529955346596
1449991530005116232 1449991530005308785
1449991530055114904 1449991530055317498
1449991530105117392 1449991530105308467
1449991530155137698 1449991530155354033
1449991530205115735 1449991530205306880
1449991530255117979 1449991530255337930
1449991530305114680 1449991530305336453
1449991530355161848 1449991530355399318
1449991530405129166 1449991530405328876
1449991530455125217 1449991530455373375
1449991530505120819 1449991530505336488
1449991530555132175 1449991530555412753
1449991530605172008 1449991530605528095
1449991530655177786 1449991530655554366
1449991530705176173 1449991530705570414
1449991530755180869 1449991530755578607
1449991530805127863 1449991530805383098
1449991530855134393 1449991530855380818
1449991530905123833 1449991530905390416
1449991530955175973 1449991530955551330
1449991531005177017 1449991531005528483
1449991531055130673 1449991531055391654
1449991531105130808 1449991531105477888
1449991531155176817 1449991531155480086
1449991531205139480 1449991531205393499
1449991531255120306 1449991531255309656
1449991531305112328 1449991531305303485
1449991531355125105 1449991531355508881
1449991531405121463 1449991531405314432
1449991531455117251 1449991531455364940
1449991531505125298 1449991531505373936
1449991531555117152 1449991531555306689
1449991531605111796 1449991531605297400
1449991531655115768 1449991531655287907
1449991531705115609 1449991531705292629
1449991531755116468 1449991531755300675
1449991531805120525 1449991531805296083
1449991531855123562 1449991531855344759
1449991531905124297 1449991531905343513
1449991531955117576 1449991531955392480
1449991532005115308 1449991532005291732
1449991532055108282 1449991532055275221
1449991532105117301 1449991532105285918
1449991532155108704 1449991532155292830
1449991532205111859 1449991532205271535
1449991532255109347 1449991532255374095
1449991532305122381 1449991532305336266
1449991532355112633 1449991532355407263
1449991532405117791 1449991532405286713
1449991532455116924 1449991532455279204
1449991532505110183 1449991532505321055
1449991532555108443 1449991532555311371
1449991532605116541 1449991532605334929
1449991532655112297 1449991532655306138
1449991532705114402 1449991532705317240
1449991532755132369 1449991532755501693
1449991532805126927 1449991532805363421
1449991532855120413 1449991532855346375
1449991532905293427 1449991532905587742
1449991532955126160 1449991532955364684
1449991533005112766 1449991533005292052
1449991533055125266 1449991533055335345
1449991533105124506 1449991533105329436
1449991533155126507 1449991533155344048
1449991533205131237 1449991533205423758
1449991533255137861 1449991533255453493
1449991533305127348 1449991533305356390
1449991533355127435 1449991533355402985
1449991533405116889 1449991533405287655
1449991533455128760 1449991533455393595
