1449991958552244005
1449991958602262398
1449991958652276875
1449991958702250764
1449991958752244175
1449991958802251038
1449991958852246789
1449991958902245708
1449991958952228792
1449991959002235943
1449991959052258692
1449991959102320690
1449991959152281286
1449991959202329356
1449991959252254999
1449991959302247343
1449991959352245533
1449991959402252985
1449991959452253791
1449991959502254280
1449991959552237581
1449991959602250130
1449991959652248562
1449991959702245426
1449991959752238845
1449991959802238109
1449991959852435391
1449991959902250336
1449991959952255432
1449991960002255757
1449991960052236700
1449991960102259171
1449991960152327611
1449991960202256755
1449991960252245631
1449991960302243858
1449991960352229587
1449991960402248538
1449991960452248012
1449991960502337312
1449991960552269830
1449991960602259418
1449991960652269248
1449991960702324976
1449991960752237209
1449991960802228804
1449991960852230215
1449991960902246139
1449991960952252218
1449991961002252867
1449991961052245141
1449991961102326898
1449991961152289351
1449991961202231990
1449991961252229882
1449991961302235033
1449991961352230130
1449991961402237490
1449991961452235540
1449991961502238007
1449991961552233881
1449991961602239109
1449991961652240333
1449991961702235510
1449991961752229742
1449991961802227772
1449991961852229113
1449991961902227130
1449991961952228481
1449991962002235334
1449991962052231323
1449991962102228014
1449991962152229154
1449991962202315655
1449991962252242187
1449991962302229078
1449991962352276991
1449991962402240530
1449991962452251308
1449991962502249009
1449991962552248701
1449991962602242583
1449991962652252671
1449991962702223497
1449991962752238431
1449991962802252241
1449991962852245848
1449991962902235554
1449991962952253972
1449991963002228861
1449991963052274368
1449991963102337325
1449991963152240878
1449991963202241577
1449991963252233149
1449991963302226556
1449991963352224787
1449991963402225249
1449991963452226079
1449991963502266959
1449991963552337821
1449991963602254668
1449991963652282147
1449991963702269666
1449991963752277707
1449991963802254837
1449991963852258075
1449991963902252835
1449991963952224473
1449991964002339634
1449991964052237066
1449991964102258279
1449991964152316730
1449991964202230980
1449991964252226571
1449991964302226122
1449991964352224546
1449991964402224210
1449991964452224866
1449991964502256446
1449991964552252909
1449991964602236864
1449991964652235071
1449991964702244076
1449991964752231640
1449991964802242803
1449991964852296913
1449991964902235494
1449991964952244267
1449991965002245822
1449991965052252485
1449991965102261219
1449991965152325570
1449991965202338190
1449991965252259202
1449991965302229870
1449991965352239974
1449991965402329639
1449991965452237929
1449991965502318486
1449991965552257770
1449991965602229982
1449991965652226295
1449991965702224555
1449991965752225365
1449991965802269717
1449991965852352543
1449991965902252568
1449991965952232380
1449991966002330651
1449991966052236435
1449991966102226410
1449991966152242675
1449991966202239650
1449991966252247495
1449991966302246037
1449991966352246229
1449991966402246230
1449991966452287702
1449991966502335375
1449991966552252064
1449991966602247705
1449991966652229094
1449991966702244327
1449991966752245875
1449991966802245863
1449991966852289022
1449991966902237099
1449991966952228007
1449991967002336901
1449991967052239084
1449991967102226664
1449991967152256924
1449991967202234725
1449991967252227109
1449991967302224204
1449991967352285638
1449991967402254051
1449991967452231084
1449991967502269392
1449991967552280375
1449991967602230680
1449991967652224501
1449991967702224262
1449991967752228105
1449991967802332272
1449991967852253542
1449991967902254525
1449991967952233513
1449991968002227534
1449991968052229680
1449991968102245370
1449991968152278530
1449991968202265567
1449991968252274336
1449991968302334360
1449991968352257528
1449991968402254746
1449991968452251179
1449991968502331065
1449991968552240798
1449991968602232835
1449991968652233742
1449991968702218372
1449991968752227106
1449991968802228641
1449991968852285865
1449991968902245178
1449991968952255994
1449991969002255828
1449991969052266293
1449991969102254979
1449991969152278537
1449991969202237595
1449991969252229956
1449991969302229032
1449991969352264103
1449991969402235419
1449991969452224969
1449991969502238367
1449991969552234793
1449991969602256200
1449991969652287878
1449991969702254674
1449991969752249039
1449991969802245790
1449991969852248009
1449991969902244583
1449991969952233984
1449991970002313388
1449991970052247885
1449991970102252493
1449991970152235900
1449991970202248720
1449991970252250158
1449991970302255569
1449991970352263929
1449991970402322971
1449991970452263474
1449991970502239638
1449991970552230813
1449991970602253231
1449991970652246661
1449991970702258914
1449991970752285168
1449991970802270589
1449991970852299556
1449991970902255498
1449991970952243215
1449991971002240430
1449991971052225308
1449991971102390328
1449991971152249357
1449991971202243806
1449991971252238949
1449991971302252936
1449991971352291348
1449991971402255638
1449991971452292727
1449991971502263786
1449991971552298553
1449991971602256225
1449991971652296294
1449991971702247702
1449991971752234951
1449991971802240966
1449991971852240957
1449991971902248499
1449991971952231298
1449991972002234523
1449991972052233746
1449991972102232244
1449991972152250787
1449991972202249035
1449991972252245271
1449991972302244784
1449991972352236210
1449991972402245575
1449991972452232992
1449991972502244248
1449991972552249178
1449991972602244939
1449991972652246918
1449991972702233446
1449991972752248418
1449991972802230892
1449991972852231843
1449991972902247353
1449991972952247264
1449991973002244509
1449991973052244694
1449991973102231442
1449991973152288135
1449991973202256218
1449991973252251186
1449991973302236238
1449991973352260926
1449991973402255730
1449991973452252305
1449991973502253897
1449991973552234521
1449991973602230700
1449991973652250714
1449991973702248483
1449991973752248699
1449991973802249301
1449991973852246005
1449991973902254653
1449991973952232837
1449991974002229344
1449991974052229970
1449991974102258460
1449991974152227582
1449991974202259047
1449991974252251317
1449991974302248210
1449991974352228141
1449991974402224481
1449991974452227779
1449991974502223273
1449991974552224019
1449991974602237513
1449991974652237027
1449991974702250877
1449991974752238061
1449991974802237844
1449991974852230481
1449991974902256804
1449991974952251410
1449991975002259740
1449991975052287855
1449991975102241871
1449991975152233689
1449991975202229664
1449991975252238354
1449991975302234765
1449991975352237544
1449991975402244917
1449991975452233679
1449991975502241036
1449991975552252920
1449991975602337382
1449991975652262985
1449991975702256635
1449991975752248318
1449991975802316099
1449991975852260679
1449991975902250270
1449991975952244043
1449991976002258003
1449991976052269404
1449991976102250873
1449991976152262882
1449991976202251574
1449991976252245946
1449991976302245413
1449991976352251638
1449991976402246053
1449991976452245965
1449991976502248933
1449991976552251603
1449991976602237937
1449991976652245546
1449991976702246436
1449991976752247008
1449991976802327746
1449991976852292133
1449991976902252431
1449991976952247899
1449991977002245221
1449991977052245165
1449991977102307488
1449991977152259467
1449991977202247889
1449991977252247392
1449991977302319761
1449991977352293934
1449991977402343581
1449991977452253017
1449991977502327377
1449991977552243949
1449991977602442942
1449991977652249024
1449991977702327610
1449991977752255127
1449991977802330161
1449991977852291104
1449991977902237274
1449991977952237312
1449991978002237787
1449991978052235764
1449991978102243446
1449991978152246154
1449991978202230490
1449991978252226061
1449991978302229072
1449991978352229551
1449991978402228798
1449991978452288474
1449991978502339027
1449991978552254650
1449991978602248521
1449991978652230541
1449991978702244956
1449991978752246648
1449991978802308977
1449991978852240941
1449991978902233873
1449991978952234789
1449991979002252960
1449991979052233769
1449991979102224041
1449991979152236255
1449991979202255166
1449991979252266379
1449991979302343502
1449991979352244258
1449991979402246695
1449991979452246586
1449991979502242792
1449991979552232050
1449991979602231794
1449991979652228617
1449991979702230808
1449991979752232484
1449991979802244511
1449991979852261046
1449991979902260680
1449991979952305707
1449991980002250647
1449991980052236312
1449991980102258724
1449991980152302879
1449991980202258740
1449991980252276462
1449991980302232298
1449991980352235151
1449991980402235110
1449991980452235439
1449991980502257234
1449991980552255726
1449991980602251164
1449991980652256427
1449991980702245748
1449991980752278887
1449991980802263801
1449991980852301077
1449991980902245225
1449991980952290706
1449991981002241230
1449991981052224513
1449991981102233494
1449991981152232059
1449991981202253903
1449991981252272179
1449991981302265752
1449991981352294215
1449991981402249385
1449991981452282531
1449991981502240604
1449991981552246034
1449991981602247783
1449991981652261358
1449991981702326771
1449991981752271641
1449991981802333436
1449991981852256235
1449991981902249959
1449991981952237222
1449991982002248789
1449991982052287318
1449991982102257595
1449991982152258105
1449991982202225452
1449991982252236192
1449991982302232756
1449991982352244816
1449991982402230122
1449991982452253466
1449991982502238470
1449991982552248263
1449991982602252849
1449991982652244433
1449991982702241084
1449991982752245936
1449991982802257146
1449991982852254684
1449991982902238283
1449991982952232675
1449991983002237209
1449991983052238251
1449991983102249133
1449991983152280495
1449991983202245466
1449991983252238295
1449991983302242244
1449991983352231137
1449991983402233911
1449991983452232982
1449991983502225193
1449991983552237036
1449991983602230075
1449991983652254102
1449991983702256870
1449991983752260779
1449991983802316948
1449991983852241494
1449991983902251476
1449991983952231709
1449991984002230700
1449991984052234845
1449991984102252073
1449991984152236835
1449991984202233102
1449991984252236477
1449991984302232294
1449991984352232565
1449991984402231933
1449991984452234493
1449991984502238047
1449991984552244024
1449991984602228548
1449991984652232887
1449991984702226895
1449991984752236157
1449991984802229653
1449991984852229119
1449991984902225306
1449991984952230235
1449991985002234046
1449991985052222233
1449991985102229770
1449991985152229348
1449991985202251768
1449991985252231918
1449991985302236332
1449991985352234702
1449991985402246999
1449991985452252286
1449991985502225413
1449991985552234308
1449991985602316225
1449991985652240416
1449991985702246280
1449991985752234791
1449991985802251462
1449991985852231737
1449991985902249722
1449991985952251751
1449991986002320348
1449991986052285574
1449991986102296216
1449991986152266821
1449991986202261707
1449991986252274174
1449991986302229475
1449991986352228200
1449991986402233711
1449991986452253599
1449991986502335944
1449991986552256428
1449991986602258036
1449991986652245245
1449991986702243636
1449991986752247306
1449991986802265535
1449991986852293052
1449991986902233116
1449991986952249283
1449991987002247185
1449991987052235935
1449991987102250245
1449991987152280689
1449991987202260531
1449991987252284888
1449991987302246335
1449991987352238970
1449991987402255632
1449991987452268733
1449991987502246347
1449991987552229240
1449991987602247379
1449991987652256725
1449991987702243399
1449991987752256200
1449991987802325645
1449991987852258995
1449991987902253163
1449991987952232040
1449991988002229786
1449991988052270143
1449991988102316158
1449991988152292282
1449991988202239156
1449991988252255391
1449991988302237178
1449991988352227096
1449991988402228334
1449991988452288214
