1449991837211889590 1449991837212257494
1449991837261939878 1449991837262533654
1449991837311958960 1449991837312543388
1449991837361947859 1449991837362508951
1449991837411910382 1449991837412326713
1449991837461948163 1449991837462546642
1449991837511949437 1449991837512610923
1449991837561922497 1449991837562535263
1449991837611899186 1449991837612337158
1449991837661941316 1449991837662572640
1449991837711954246 1449991837712537041
1449991837761936858 1449991837762535301
1449991837811952849 1449991837812542496
1449991837861954367 1449991837862583888
1449991837911918100 1449991837912345749
1449991837961904711 1449991837962313574
1449991838011902310 1449991838012291703
1449991838061905893 1449991838062346796
1449991838111902182 1449991838112520674
1449991838161943451 1449991838162469814
1449991838211900134 1449991838212329540
1449991838261909369 1449991838262252951
1449991838311903274 1449991838312362712
1449991838361890723 1449991838362243008
1449991838411889594 1449991838412130946
1449991838461913167 1449991838462574823
1449991838511953145 1449991838512498829
1449991838561897520 1449991838562316707
1449991838611887543 1449991838612186367
1449991838661885970 1449991838662209587
1449991838711887164 1449991838712232487
1449991838761884132 1449991838762228653
1449991838811885360 1449991838812241547
1449991838861887439 1449991838862217624
1449991838911889418 1449991838912246207
1449991838961887041 1449991838962211025
1449991839011883628 1449991839012206496
1449991839061884825 1449991839062225567
1449991839111881572 1449991839112245430
1449991839161884277 1449991839162207543
1449991839211885644 1449991839212176604
1449991839261885198 1449991839262231012
1449991839311885036 1449991839312181765
1449991839361883861 1449991839362206232
1449991839411884246 1449991839412205996
1449991839461882160 1449991839462175394
1449991839511921687 1449991839512364157
1449991839561899288 1449991839562348266
1449991839611890103 1449991839612147808
1449991839661901643 1449991839662377214
1449991839711889877 1449991839712196419
1449991839761893408 1449991839762126039
1449991839811895910 1449991839812299575
1449991839861907545 1449991839862387623
1449991839911896478 1449991839912118462
1449991839961895363 1449991839962386059
1449991840011907993 1449991840012233000
1449991840061896358 1449991840062216373
1449991840111902226 1449991840112267006
1449991840161918554 1449991840162409726
1449991840211918358 1449991840212306428
1449991840261909359 1449991840262141606
1449991840311887164 1449991840312112287
1449991840361895664 1449991840362307469
1449991840411906737 1449991840412242465
1449991840461889618 1449991840462152561
1449991840511912744 1449991840512437109
1449991840561915040 1449991840562251643
1449991840611898000 1449991840612114475
1449991840661913894 1449991840662347617
1449991840711900485 1449991840712320133
1449991840761909075 1449991840762406440
1449991840811908075 1449991840812299936
1449991840861929167 1449991840862510374
1449991840911918932 1449991840912357683
1449991840961907838 1449991840962233169
1449991841011912690 1449991841012341001
1449991841061904627 1449991841062263266
1449991841111888755 1449991841112277593
1449991841161895505 1449991841162180251
1449991841211891965 1449991841212110818
1449991841261904949 1449991841262216422
1449991841311895777 1449991841312111294
1449991841361912379 1449991841362346640
1449991841411909126 1449991841412269483
1449991841461896210 1449991841462300383
1449991841511944837 1449991841512443484
1449991841561903128 1449991841562193473
1449991841611914100 1449991841612308221
1449991841661911742 1449991841662147383
1449991841711888872 1449991841712084684
1449991841761906530 1449991841762168956
1449991841811907874 1449991841812152856
1449991841861887087 1449991841862144507
1449991841911895936 1449991841912163127
1449991841961888984 1449991841962142457
1449991842011911461 1449991842012380634
1449991842061891245 1449991842062188537
1449991842111889397 1449991842112306706
1449991842161944256 1449991842162572547
1449991842211913541 1449991842212318028
1449991842261913065 1449991842262322947
1449991842311945125 1449991842312508873
1449991842361893698 1449991842362132703
1449991842411912417 1449991842412226056
1449991842461897020 1449991842462140427
1449991842511899931 1449991842512176390
1449991842561899995 1449991842562161902
1449991842611910498 1449991842612267070
1449991842661908087 1449991842662226185
1449991842711903117 1449991842712220462
1449991842761903977 1449991842762223338
1449991842811902549 1449991842812328548
1449991842861910411 1449991842862327273
1449991842911907984 1449991842912244196
1449991842961906174 1449991842962525147
1449991843011951896 1449991843012491329
1449991843061896535 1449991843062237134
1449991843111887523 1449991843112103188
1449991843161905385 1449991843162211268
1449991843211886473 1449991843212288247
1449991843261945973 1449991843262519386
1449991843311913604 1449991843312363230
1449991843361893703 1449991843362267297
1449991843411909567 1449991843412330348
1449991843461906375 1449991843462170737
1449991843511944800 1449991843512369416
1449991843561915094 1449991843562332989
1449991843611896386 1449991843612148302
1449991843661905268 1449991843662254361
1449991843711932183 1449991843712326110
1449991843761896170 1449991843762260885
1449991843811901991 1449991843812283893
1449991843861904174 1449991843862324904
1449991843911902468 1449991843912276920
1449991843961902269 1449991843962319261
1449991844011903069 1449991844012270548
1449991844061901259 1449991844062260631
1449991844111901862 1449991844112221079
1449991844161904616 1449991844162334594
1449991844211901931 1449991844212286370
1449991844261904408 1449991844262315049
1449991844311894163 1449991844312349231
1449991844361944058 1449991844362520404
1449991844411916503 1449991844412383779
1449991844461893058 1449991844462363554
1449991844511944155 1449991844512530247
1449991844561949903 1449991844562502355
1449991844611949493 1449991844612394789
1449991844661920596 1449991844662544874
1449991844711896827 1449991844712321521
1449991844761892593 1449991844762163658
1449991844811892038 1449991844812309027
1449991844861938512 1449991844862564437
1449991844911951743 1449991844912521498
1449991844961936136 1449991844962401868
1449991845011931767 1449991845012615587
1449991845061889528 1449991845062170012
1449991845111910752 1449991845112294046
1449991845161918080 1449991845162355943
1449991845211912328 1449991845212295854
1449991845261890651 1449991845262218330
1449991845311884217 1449991845312211665
1449991845361883931 1449991845362361487
1449991845411943050 1449991845412374007
1449991845461951888 1449991845462414266
1449991845511950730 1449991845512498789
1449991845561909491 1449991845562324829
1449991845611910916 1449991845612376528
1449991845661907409 1449991845662249318
1449991845711907100 1449991845712241184
1449991845761944135 1449991845762520268
1449991845811907931 1449991845812390766
1449991845861902276 1449991845862241178
1449991845911900771 1449991845912252765
1449991845961889868 1449991845962122946
1449991846011891168 1449991846012285121
1449991846061902619 1449991846062332851
1449991846111946162 1449991846112346274
1449991846161925928 1449991846162528581
1449991846211907377 1449991846212301995
1449991846261890783 1449991846262118133
1449991846311892997 1449991846312250030
1449991846361909556 1449991846362266228
1449991846411904065 1449991846412279149
1449991846461946088 1449991846462491906
1449991846511950419 1449991846512508832
1449991846561912111 1449991846562340552
1449991846611924012 1449991846612511805
1449991846661951336 1449991846662511004
1449991846711952239 1449991846712503679
1449991846761912300 1449991846762327097
1449991846811905816 1449991846812318238
1449991846861947860 1449991846862474584
1449991846911911803 1449991846912300355
1449991846961905166 1449991846962320611
1449991847011927855 1449991847012472530
1449991847061910611 1449991847062333793
1449991847111945681 1449991847112424787
1449991847161908418 1449991847162329483
1449991847211903044 1449991847212272081
1449991847261901769 1449991847262321294
1449991847311900317 1449991847312485160
1449991847361914494 1449991847362341920
1449991847411906818 1449991847412311181
1449991847461901497 1449991847462195754
1449991847511943571 1449991847512502294
1449991847561910534 1449991847562338945
1449991847611903887 1449991847612393837
1449991847661922794 1449991847662510530
1449991847711894151 1449991847712277166
1449991847761894857 1449991847762144033
1449991847811898408 1449991847812112276
1449991847861946383 1449991847862518670
1449991847911897317 1449991847912294784
1449991847961912793 1449991847962373648
1449991848011892288 1449991848012278891
1449991848061886252 1449991848062316471
1449991848111893577 1449991848112231706
1449991848161908251 1449991848162311860
1449991848211890584 1449991848212121199
1449991848261891327 1449991848262136102
1449991848311909942 1449991848312284014
1449991848361923842 1449991848362407061
1449991848411902236 1449991848412114582
1449991848461944304 1449991848462416779
1449991848511904953 1449991848512263008
1449991848561899669 1449991848562117044
1449991848611885854 1449991848612077846
1449991848661918812 1449991848662388112
1449991848711898521 1449991848712102293
1449991848761945288 1449991848762486077
1449991848811950321 1449991848812428782
1449991848861898807 1449991848862120058
1449991848911909985 1449991848912273118
1449991848961919198 1449991848962240055
1449991849011915701 1449991849012307940
1449991849061905897 1449991849062170316
1449991849111910472 1449991849112307639
1449991849161912715 1449991849162179997
1449991849211893025 1449991849212111062
1449991849261887109 1449991849262093497
1449991849311891110 1449991849312216588
1449991849361887997 1449991849362143971
1449991849411886925 1449991849412089678
1449991849461946860 1449991849462466658
1449991849511908414 1449991849512283946
1449991849561899066 1449991849562088005
1449991849611890690 1449991849612103159
1449991849661911255 1449991849662245650
1449991849711915235 1449991849712252283
1449991849761947182 1449991849762363065
1449991849811902111 1449991849812145633
1449991849861944038 1449991849862422646
1449991849911910907 1449991849912249652
1449991849961894323 1449991849962111757
1449991850011909230 1449991850012284631
1449991850061890420 1449991850062069464
1449991850111889204 1449991850112116116
1449991850161902361 1449991850162267185
1449991850211905226 1449991850212242176
1449991850261894316 1449991850262095093
1449991850311897284 1449991850312173283
1449991850361906977 1449991850362204194
1449991850411907630 1449991850412230662
1449991850461944004 1449991850462496616
1449991850511903690 1449991850512351385
1449991850561914743 1449991850562333807
1449991850611934166 1449991850612411561
1449991850661900644 1449991850662239689
1449991850711894757 1449991850712154586
1449991850761898021 1449991850762111493
1449991850811945216 1449991850812421058
1449991850861909673 1449991850862254351
1449991850911893916 1449991850912122093
1449991850961887046 1449991850962112728
1449991851011893564 1449991851012222334
1449991851061889510 1449991851062104833
1449991851111893811 1449991851112079730
1449991851161901443 1449991851162331300
1449991851211894131 1449991851212121912
1449991851261887674 1449991851262138849
1449991851311892450 1449991851312125655
1449991851361888601 1449991851362090388
1449991851411893181 1449991851412122611
1449991851461887324 1449991851462080198
1449991851511873672 1449991851512132773
1449991851561887271 1449991851562129778
1449991851611884030 1449991851612105821
1449991851661893526 1449991851662128135
1449991851711892806 1449991851712078738
1449991851761890731 1449991851762069857
1449991851811892354 1449991851812126537
1449991851861912797 1449991851862163918
1449991851911889434 1449991851912122977
1449991851961894801 1449991851962164347
1449991852011904900 1449991852012178724
1449991852061908984 1449991852062163698
1449991852111904625 1449991852112228105
1449991852161946234 1449991852162421735
1449991852211893790 1449991852212207214
1449991852261902922 1449991852262202361
1449991852311913945 1449991852312306986
1449991852361908193 1449991852362214134
1449991852411887962 1449991852412162935
1449991852461946867 1449991852462474236
1449991852511913446 1449991852512260743
1449991852561947819 1449991852562457761
1449991852611951562 1449991852612406373
1449991852661949067 1449991852662416641
1449991852711891973 1449991852712172923
1449991852761943354 1449991852762406450
1449991852811897541 1449991852812197311
1449991852861939394 1449991852862436394
1449991852911910443 1449991852912278611
1449991852961898377 1449991852962181663
1449991853011902130 1449991853012189084
1449991853061897204 1449991853062402339
1449991853111949504 1449991853112433594
1449991853161954106 1449991853162433128
1449991853211900038 1449991853212189971
1449991853261948880 1449991853262443461
1449991853311907103 1449991853312302138
1449991853361951836 1449991853362411444
1449991853411949251 1449991853412371893
1449991853461953131 1449991853462436664
1449991853511952835 1449991853512382242
1449991853561953391 1449991853562462288
1449991853611896302 1449991853612090822
1449991853661951343 1449991853662398660
1449991853711898471 1449991853712092734
1449991853761934781 1449991853762419610
1449991853811950648 1449991853812380957
1449991853861913078 1449991853862256493
1449991853911896184 1449991853912082102
1449991853961891198 1449991853962228240
1449991854011883538 1449991854012099314
1449991854061882153 1449991854062071446
1449991854111906212 1449991854112189541
1449991854161909003 1449991854162239940
1449991854211910815 1449991854212270942
1449991854261896137 1449991854262196224
1449991854311898126 1449991854312241414
1449991854361951485 1449991854362459734
1449991854411910537 1449991854412195924
1449991854461932338 1449991854462437519
1449991854511952665 1449991854512423529
1449991854561912829 1449991854562298894
1449991854611949908 1449991854612424407
1449991854661947447 1449991854662443000
1449991854711896403 1449991854712192751
1449991854761902451 1449991854762176730
1449991854811906789 1449991854812243085
1449991854861945699 1449991854862445124
1449991854911910523 1449991854912229914
1449991854961922288 1449991854962265426
1449991855011907088 1449991855012174140
1449991855061945844 1449991855062451985
1449991855111915741 1449991855112342050
1449991855161953013 1449991855162454968
1449991855211949948 1449991855212418162
1449991855261894436 1449991855262255278
1449991855311886303 1449991855312190201
1449991855361942678 1449991855362427497
1449991855411897330 1449991855412220486
1449991855461940212 1449991855462469412
1449991855511951619 1449991855512419002
1449991855561947388 1449991855562442336
1449991855611911712 1449991855612245348
1449991855661928498 1449991855662424859
1449991855711905039 1449991855712336674
1449991855761953524 1449991855762430508
1449991855811902947 1449991855812335827
1449991855861904007 1449991855862336159
1449991855911893903 1449991855912168906
1449991855961913161 1449991855962342601
1449991856011909126 1449991856012179148
1449991856061895470 1449991856062229046
1449991856111908574 1449991856112357455
1449991856161951560 1449991856162533015
1449991856211950947 1449991856212405811
1449991856261897580 1449991856262186799
1449991856311946252 1449991856312431782
1449991856361908290 1449991856362424200
1449991856411948667 1449991856412434969
1449991856461888370 1449991856462086489
1449991856511948045 1449991856512347640
1449991856561918706 1449991856562325057
1449991856611898151 1449991856612187991
1449991856661888998 1449991856662132209
1449991856711904304 1449991856712145660
1449991856761902538 1449991856762122928
1449991856811949757 1449991856812410878
1449991856861894446 1449991856862230865
1449991856911903899 1449991856912234792
1449991856961902680 1449991856962237125
1449991857011902194 1449991857012246725
1449991857061928141 1449991857062427720
1449991857111910790 1449991857112234954
1449991857161939546 1449991857162440234
1449991857211911668 1449991857212241672
1449991857261950600 1449991857262411275
1449991857311900131 1449991857312237990
1449991857361952030 1449991857362443307
1449991857411915525 1449991857412310714
1449991857461959760 1449991857462475001
1449991857511910039 1449991857512359654
1449991857561955269 1449991857562449970
1449991857611898311 1449991857612176642
1449991857661950534 1449991857662386693
1449991857711913756 1449991857712207841
1449991857761904807 1449991857762231120
1449991857811949369 1449991857812410447
1449991857861893682 1449991857862128393
1449991857911908883 1449991857912270409
1449991857961906676 1449991857962243045
1449991858011904670 1449991858012160974
1449991858061948657 1449991858062472939
1449991858111951579 1449991858112425353
1449991858161939610 1449991858162440766
1449991858211904130 1449991858212345888
1449991858261907730 1449991858262246341
1449991858311898941 1449991858312258162
1449991858361953426 1449991858362444232
1449991858411894998 1449991858412288046
1449991858461950599 1449991858462484406
1449991858511905852 1449991858512349475
1449991858561954073 1449991858562453422
1449991858611920612 1449991858612420936
1449991858661959398 1449991858662449201
1449991858711910963 1449991858712346002
1449991858761894878 1449991858762186659
1449991858811952119 1449991858812407668
1449991858861900092 1449991858862221584
1449991858911948363 1449991858912422254
1449991858961895277 1449991858962177838
1449991859011886054 1449991859012188279
1449991859061880587 1449991859062166916
1449991859111938112 1449991859112460997
1449991859161895429 1449991859162222531
1449991859211885351 1449991859212203295
1449991859261881033 1449991859262149705
1449991859311880987 1449991859312200983
1449991859361880625 1449991859362202594
1449991859411899950 1449991859412168452
1449991859461915877 1449991859462457973
1449991859511904473 1449991859512317415
1449991859561909956 1449991859562183540
1449991859611905758 1449991859612162931
1449991859661904407 1449991859662179961
1449991859711948084 1449991859712428890
1449991859761897296 1449991859762165484
1449991859811905463 1449991859812201828
1449991859861910552 1449991859862260853
1449991859911911332 1449991859912229691
1449991859961902032 1449991859962167023
1449991860011904336 1449991860012163513
1449991860061903475 1449991860062156231
1449991860111902194 1449991860112221564
1449991860161946569 1449991860162452609
1449991860211955891 1449991860212414544
1449991860261908191 1449991860262166373
1449991860311904153 1449991860312219892
1449991860361887564 1449991860362227254
1449991860411900297 1449991860412160611
1449991860461902023 1449991860462251318
1449991860511949976 1449991860512427592
1449991860561912666 1449991860562260327
1449991860611907820 1449991860612260907
1449991860661904493 1449991860662249412
1449991860711930330 1449991860712398511
1449991860761903878 1449991860762300026
1449991860811906108 1449991860812309756
1449991860861895549 1449991860862235860
1449991860911904624 1449991860912226918
1449991860961904461 1449991860962170728
1449991861011905812 1449991861012189123
1449991861061905055 1449991861062161811
1449991861111903396 1449991861112237430
1449991861161906538 1449991861162249422
1449991861211931927 1449991861212411160
1449991861261955111 1449991861262454941
1449991861311906368 1449991861312265305
1449991861361955541 1449991861362442331
1449991861411912271 1449991861412235470
1449991861461946019 1449991861462471193
1449991861511955899 1449991861512423833
1449991861561894114 1449991861562242170
1449991861611948275 1449991861612419690
1449991861661951490 1449991861662427589
1449991861711919923 1449991861712357949
1449991861761892659 1449991861762232817
1449991861811946864 1449991861812440967
1449991861861894182 1449991861862239401
1449991861911946158 1449991861912445836
1449991861961949878 1449991861962452370
1449991862011908876 1449991862012339709
1449991862061891060 1449991862062209402
1449991862111909958 1449991862112384864
1449991862161953855 1449991862162438457
1449991862211952791 1449991862212409326
1449991862261947988 1449991862262444103
1449991862311919899 1449991862312355991
1449991862361954469 1449991862362452949
1449991862411895537 1449991862412213397
1449991862461950970 1449991862462477273
1449991862511905378 1449991862512350788
1449991862561908447 1449991862562238254
1449991862611895752 1449991862612217842
1449991862661950281 1449991862662437091
1449991862711959122 1449991862712436208
1449991862761898209 1449991862762340548
1449991862811893676 1449991862812213625
1449991862861903416 1449991862862244830
1449991862911903886 1449991862912223550
1449991862961891402 1449991862962249744
1449991863011952555 1449991863012399231
1449991863061919218 1449991863062240860
1449991863111955194 1449991863112476502
1449991863161896452 1449991863162262886
1449991863211905708 1449991863212196377
1449991863261910520 1449991863262223720
1449991863311914056 1449991863312270758
1449991863361922189 1449991863362402230
1449991863411905479 1449991863412223557
1449991863461920618 1449991863462439361
1449991863511920710 1449991863512364843
1449991863561895564 1449991863562202560
1449991863611882603 1449991863612175857
1449991863661882340 1449991863662134024
1449991863711883360 1449991863712090532
1449991863761883786 1449991863762083799
1449991863811957488 1449991863812395340
1449991863861950263 1449991863862352804
1449991863911954454 1449991863912414112
1449991863961950974 1449991863962431072
1449991864011912444 1449991864012207156
1449991864061914691 1449991864062353532
1449991864111898525 1449991864112173358
1449991864161951751 1449991864162496242
1449991864211954779 1449991864212463826
1449991864261953000 1449991864262440842
1449991864311918429 1449991864312305824
1449991864361917154 1449991864362332102
1449991864411922688 1449991864412374142
1449991864461954208 1449991864462444599
1449991864511951483 1449991864512382286
1449991864561912626 1449991864562177590
1449991864611906878 1449991864612159597
1449991864661903882 1449991864662142099
1449991864711905604 1449991864712184587
1449991864761895479 1449991864762169026
1449991864811910371 1449991864812278833
1449991864861910068 1449991864862201800
1449991864911905686 1449991864912167066
1449991864961903399 1449991864962183521
1449991865011902328 1449991865012141751
1449991865061906863 1449991865062314905
1449991865111904616 1449991865112232585
1449991865161914553 1449991865162351504
1449991865211915163 1449991865212326957
1449991865261949869 1449991865262442786
1449991865311904107 1449991865312290533
1449991865361949772 1449991865362452638
1449991865411946242 1449991865412427262
1449991865461949654 1449991865462429128
1449991865511917746 1449991865512377619
1449991865561908884 1449991865562233781
1449991865611894389 1449991865612209240
1449991865661933930 1449991865662345680
1449991865711910806 1449991865712243854
1449991865761899675 1449991865762165245
1449991865811936724 1449991865812472716
1449991865861950807 1449991865862458298
1449991865911941037 1449991865912285253
1449991865961891427 1449991865962080879
1449991866011885685 1449991866012089287
1449991866061894100 1449991866062043262
1449991866111894543 1449991866112153732
1449991866161943773 1449991866162354444
1449991866211919476 1449991866212388212
1449991866261947945 1449991866262460293
1449991866311952680 1449991866312411701
1449991866361901930 1449991866362319931
1449991866411912235 1449991866412258256
1449991866461900998 1449991866462179856
1449991866511888038 1449991866512039360
1449991866561912740 1449991866562180273
1449991866611911443 1449991866612214261
1449991866661887827 1449991866662007784
1449991866711917622 1449991866712263803
1449991866761916320 1449991866762234187
1449991866811925686 1449991866812409733
1449991866861914913 1449991866862232832
1449991866911950632 1449991866912352967
1449991866961899684 1449991866962107766
1449991867011883611 1449991867012101573
1449991867061910859 1449991867062181875
1449991867111913874 1449991867112297443
