1449991958552244005 1449991958552722856
1449991958602262398 1449991958602559855
1449991958652276875 1449991958652611264
1449991958702250764 1449991958702760974
1449991958752244175 1449991958752566005
1449991958802251038 1449991958802728129
1449991958852246789 1449991958852686242
1449991958902245708 1449991958902638843
1449991958952228792 1449991958952469106
1449991959002235943 1449991959002502728
1449991959052258692 1449991959052771551
1449991959102320690 1449991959103065432
1449991959152281286 1449991959152910926
1449991959202329356 1449991959203016490
1449991959252254999 1449991959252761864
1449991959302247343 1449991959302659440
1449991959352245533 1449991959352632120
1449991959402252985 1449991959402706206
1449991959452253791 1449991959452606384
1449991959502254280 1449991959502555261
1449991959552237581 1449991959552535103
1449991959602250130 1449991959602737198
1449991959652248562 1449991959652620896
1449991959702245426 1449991959702693364
1449991959752238845 1449991959752551564
1449991959802238109 1449991959802543376
1449991959852435391 1449991959852890098
1449991959902250336 1449991959902806637
1449991959952255432 1449991959952736499
1449991960002255757 1449991960002770828
1449991960052236700 1449991960052482971
1449991960102259171 1449991960102703752
1449991960152327611 1449991960152927614
1449991960202256755 1449991960202753675
1449991960252245631 1449991960252698828
1449991960302243858 1449991960302737066
1449991960352229587 1449991960352675779
1449991960402248538 1449991960402743300
1449991960452248012 1449991960452786315
1449991960502337312 1449991960502963685
1449991960552269830 1449991960552900042
1449991960602259418 1449991960602785578
1449991960652269248 1449991960652729542
1449991960702324976 1449991960702898493
1449991960752237209 1449991960752715740
1449991960802228804 1449991960802683605
1449991960852230215 1449991960852682016
1449991960902246139 1449991960902698675
1449991960952252218 1449991960952807600
1449991961002252867 1449991961002719635
1449991961052245141 1449991961052576499
1449991961102326898 1449991961102949756
1449991961152289351 1449991961152922275
1449991961202231990 1449991961202451750
1449991961252229882 1449991961252619681
1449991961302235033 1449991961302695841
1449991961352230130 1449991961352493961
1449991961402237490 1449991961402563210
1449991961452235540 1449991961452685704
1449991961502238007 1449991961502546070
1449991961552233881 1449991961552549800
1449991961602239109 1449991961602610776
1449991961652240333 1449991961652775073
1449991961702235510 1449991961702681655
1449991961752229742 1449991961752634673
1449991961802227772 1449991961802618521
1449991961852229113 1449991961852703441
1449991961902227130 1449991961902614934
1449991961952228481 1449991961952530267
1449991962002235334 1449991962002740035
1449991962052231323 1449991962052685299
1449991962102228014 1449991962102659351
1449991962152229154 1449991962152726288
1449991962202315655 1449991962202945543
1449991962252242187 1449991962252739333
1449991962302229078 1449991962302727408
1449991962352276991 1449991962352814674
1449991962402240530 1449991962402551752
1449991962452251308 1449991962453745032
1449991962502249009 1449991962502721060
1449991962552248701 1449991962552483330
1449991962602242583 1449991962602807066
1449991962652252671 1449991962652694626
1449991962702223497 1449991962702581013
1449991962752238431 1449991962752715910
1449991962802252241 1449991962802793695
1449991962852245848 1449991962852723190
1449991962902235554 1449991962902470917
1449991962952253972 1449991962952552507
1449991963002228861 1449991963002580711
1449991963052274368 1449991963053035377
1449991963102337325 1449991963102991160
1449991963152240878 1449991963152496048
1449991963202241577 1449991963202765121
1449991963252233149 1449991963252690646
1449991963302226556 1449991963302702087
1449991963352224787 1449991963352666254
1449991963402225249 1449991963402721277
1449991963452226079 1449991963453501496
1449991963502266959 1449991963502953703
1449991963552337821 1449991963552750146
1449991963602254668 1449991963602787362
1449991963652282147 1449991963652760364
1449991963702269666 1449991963702707650
1449991963752277707 1449991963752768435
1449991963802254837 1449991963802606181
1449991963852258075 1449991963852708488
1449991963902252835 1449991963902527590
1449991963952224473 1449991963952435770
1449991964002339634 1449991964002720242
1449991964052237066 1449991964052584817
1449991964102258279 1449991964103181756
1449991964152316730 1449991964152930324
1449991964202230980 1449991964202630419
1449991964252226571 1449991964252646373
1449991964302226122 1449991964302693123
1449991964352224546 1449991964352636069
1449991964402224210 1449991964402636618
1449991964452224866 1449991964452884388
1449991964502256446 1449991964502889250
1449991964552252909 1449991964552704219
1449991964602236864 1449991964602685992
1449991964652235071 1449991964652635940
1449991964702244076 1449991964702676630
1449991964752231640 1449991964752452595
1449991964802242803 1449991964802684489
1449991964852296913 1449991964852749055
1449991964902235494 1449991964902671607
1449991964952244267 1449991964952703995
1449991965002245822 1449991965002680941
1449991965052252485 1449991965052703758
1449991965102261219 1449991965102984328
1449991965152325570 1449991965153020876
1449991965202338190 1449991965202991380
1449991965252259202 1449991965252729578
1449991965302229870 1449991965302647163
1449991965352239974 1449991965352768362
1449991965402329639 1449991965402962861
1449991965452237929 1449991965452962451
1449991965502318486 1449991965503003489
1449991965552257770 1449991965552674401
1449991965602229982 1449991965602690419
1449991965652226295 1449991965652549116
1449991965702224555 1449991965702589563
1449991965752225365 1449991965752604117
1449991965802269717 1449991965803000427
1449991965852352543 1449991965853052259
1449991965902252568 1449991965902757201
1449991965952232380 1449991965952669507
1449991966002330651 1449991966002998999
1449991966052236435 1449991966053015641
1449991966102226410 1449991966102626101
1449991966152242675 1449991966152877564
1449991966202239650 1449991966202752318
1449991966252247495 1449991966252643817
1449991966302246037 1449991966302676790
1449991966352246229 1449991966352650893
1449991966402246230 1449991966402682409
1449991966452287702 1449991966452825678
1449991966502335375 1449991966503002938
1449991966552252064 1449991966552757941
1449991966602247705 1449991966602717290
1449991966652229094 1449991966652673529
1449991966702244327 1449991966702673583
1449991966752245875 1449991966752641843
1449991966802245863 1449991966802701265
1449991966852289022 1449991966852952236
1449991966902237099 1449991966902735890
1449991966952228007 1449991966952675899
1449991967002336901 1449991967002974858
1449991967052239084 1449991967052661616
1449991967102226664 1449991967102707153
1449991967152256924 1449991967152901753
1449991967202234725 1449991967202660063
1449991967252227109 1449991967252637576
1449991967302224204 1449991967302643210
1449991967352285638 1449991967352933142
1449991967402254051 1449991967402715534
1449991967452231084 1449991967452834391
1449991967502269392 1449991967502938515
1449991967552280375 1449991967552728591
1449991967602230680 1449991967602735448
1449991967652224501 1449991967652682930
1449991967702224262 1449991967702626477
1449991967752228105 1449991967752683774
1449991967802332272 1449991967803045532
1449991967852253542 1449991967852759876
1449991967902254525 1449991967902714856
1449991967952233513 1449991967952649316
1449991968002227534 1449991968002697713
1449991968052229680 1449991968052698716
1449991968102245370 1449991968102702703
1449991968152278530 1449991968152960248
1449991968202265567 1449991968202524674
1449991968252274336 1449991968252759850
1449991968302334360 1449991968303033803
1449991968352257528 1449991968352778980
1449991968402254746 1449991968402792923
1449991968452251179 1449991968452699946
1449991968502331065 1449991968502915794
1449991968552240798 1449991968552688370
1449991968602232835 1449991968602685715
1449991968652233742 1449991968652659961
1449991968702218372 1449991968702504450
1449991968752227106 1449991968752647983
1449991968802228641 1449991968802655879
1449991968852285865 1449991968852895136
1449991968902245178 1449991968902776111
1449991968952255994 1449991968952746789
1449991969002255828 1449991969002781479
1449991969052266293 1449991969052880412
1449991969102254979 1449991969103181111
1449991969152278537 1449991969152868440
1449991969202237595 1449991969202728605
1449991969252229956 1449991969252659683
1449991969302229032 1449991969302706203
1449991969352264103 1449991969352856308
1449991969402235419 1449991969402567178
1449991969452224969 1449991969452987835
1449991969502238367 1449991969502576590
1449991969552234793 1449991969552497581
1449991969602256200 1449991969602559425
1449991969652287878 1449991969652682813
1449991969702254674 1449991969702648109
1449991969752249039 1449991969752573067
1449991969802245790 1449991969802649461
1449991969852248009 1449991969852587375
1449991969902244583 1449991969902619129
1449991969952233984 1449991969952570359
1449991970002313388 1449991970002744091
1449991970052247885 1449991970052513163
1449991970102252493 1449991970102632969
1449991970152235900 1449991970152499501
1449991970202248720 1449991970202684735
1449991970252250158 1449991970252616051
1449991970302255569 1449991970302661679
1449991970352263929 1449991970352729284
1449991970402322971 1449991970402901993
1449991970452263474 1449991970452852903
1449991970502239638 1449991970502609954
1449991970552230813 1449991970552543501
1449991970602253231 1449991970602742657
1449991970652246661 1449991970652618387
1449991970702258914 1449991970702756906
1449991970752285168 1449991970752795033
1449991970802270589 1449991970802890174
1449991970852299556 1449991970852697321
1449991970902255498 1449991970902656891
1449991970952243215 1449991970952624763
1449991971002240430 1449991971002508329
1449991971052225308 1449991971052384451
1449991971102390328 1449991971102582893
1449991971152249357 1449991971152681467
1449991971202243806 1449991971202497646
1449991971252238949 1449991971252449120
1449991971302252936 1449991971302714479
1449991971352291348 1449991971352800572
1449991971402255638 1449991971402598198
1449991971452292727 1449991971452934365
1449991971502263786 1449991971502610691
1449991971552298553 1449991971552784678
1449991971602256225 1449991971602669622
1449991971652296294 1449991971652695425
1449991971702247702 1449991971702600150
1449991971752234951 1449991971752605123
1449991971802240966 1449991971802676476
1449991971852240957 1449991971852608650
1449991971902248499 1449991971902597450
1449991971952231298 1449991971952577098
1449991972002234523 1449991972002566034
1449991972052233746 1449991972052574679
1449991972102232244 1449991972102579337
1449991972152250787 1449991972152653554
1449991972202249035 1449991972202572267
1449991972252245271 1449991972252550269
1449991972302244784 1449991972302562548
1449991972352236210 1449991972352606602
1449991972402245575 1449991972402581093
1449991972452232992 1449991972452437318
1449991972502244248 1449991972502580868
1449991972552249178 1449991972552597507
1449991972602244939 1449991972602586781
1449991972652246918 1449991972652594807
1449991972702233446 1449991972702566341
1449991972752248418 1449991972752568199
1449991972802230892 1449991972802409128
1449991972852231843 1449991972852545497
1449991972902247353 1449991972902585579
1449991972952247264 1449991972952615622
1449991973002244509 1449991973002571173
1449991973052244694 1449991973052501366
1449991973102231442 1449991973102571617
1449991973152288135 1449991973152767769
1449991973202256218 1449991973202641491
1449991973252251186 1449991973252638335
1449991973302236238 1449991973302458783
1449991973352260926 1449991973352728275
1449991973402255730 1449991973402658142
1449991973452252305 1449991973452564525
1449991973502253897 1449991973502652247
1449991973552234521 1449991973552443703
1449991973602230700 1449991973602508202
1449991973652250714 1449991973652552838
1449991973702248483 1449991973702524692
1449991973752248699 1449991973752548504
1449991973802249301 1449991973802534721
1449991973852246005 1449991973852492217
1449991973902254653 1449991973902524538
1449991973952232837 1449991973952434810
1449991974002229344 1449991974002447840
1449991974052229970 1449991974052449287
1449991974102258460 1449991974102495697
1449991974152227582 1449991974152435057
1449991974202259047 1449991974202503414
1449991974252251317 1449991974252481783
1449991974302248210 1449991974302462120
1449991974352228141 1449991974352413905
1449991974402224481 1449991974402397198
1449991974452227779 1449991974452417858
1449991974502223273 1449991974502442605
1449991974552224019 1449991974552409450
1449991974602237513 1449991974602448522
1449991974652237027 1449991974652439218
1449991974702250877 1449991974702468270
1449991974752238061 1449991974752526373
1449991974802237844 1449991974802470044
1449991974852230481 1449991974852442491
1449991974902256804 1449991974902618865
1449991974952251410 1449991974952667684
1449991975002259740 1449991975002613813
1449991975052287855 1449991975052629319
1449991975102241871 1449991975102514885
1449991975152233689 1449991975152467997
1449991975202229664 1449991975202463026
1449991975252238354 1449991975252555051
1449991975302234765 1449991975302543377
1449991975352237544 1449991975352506509
1449991975402244917 1449991975402535957
1449991975452233679 1449991975452526750
1449991975502241036 1449991975502506420
1449991975552252920 1449991975552595459
1449991975602337382 1449991975602817751
1449991975652262985 1449991975652640955
1449991975702256635 1449991975702630362
1449991975752248318 1449991975752493824
1449991975802316099 1449991975802814145
1449991975852260679 1449991975852659820
1449991975902250270 1449991975902588523
1449991975952244043 1449991975952554507
1449991976002258003 1449991976002651374
1449991976052269404 1449991976052553928
1449991976102250873 1449991976102608413
1449991976152262882 1449991976152795332
1449991976202251574 1449991976202568225
1449991976252245946 1449991976252570338
1449991976302245413 1449991976302552048
1449991976352251638 1449991976352530794
1449991976402246053 1449991976402558482
1449991976452245965 1449991976452561296
1449991976502248933 1449991976502590343
1449991976552251603 1449991976552495702
1449991976602237937 1449991976602580816
1449991976652245546 1449991976652511894
1449991976702246436 1449991976702560811
1449991976752247008 1449991976752548811
1449991976802327746 1449991976802868799
1449991976852292133 1449991976852792811
1449991976902252431 1449991976902577151
1449991976952247899 1449991976952582715
1449991977002245221 1449991977002563582
1449991977052245165 1449991977052564516
1449991977102307488 1449991977102918573
1449991977152259467 1449991977152601289
1449991977202247889 1449991977202561764
1449991977252247392 1449991977252573592
1449991977302319761 1449991977302874549
1449991977352293934 1449991977352858891
1449991977402343581 1449991977402870596
1449991977452253017 1449991977452613404
1449991977502327377 1449991977502847052
1449991977552243949 1449991977552566086
1449991977602442942 1449991977602809960
1449991977652249024 1449991977652588760
1449991977702327610 1449991977702817914
1449991977752255127 1449991977752616289
1449991977802330161 1449991977802906548
1449991977852291104 1449991977852810669
1449991977902237274 1449991977902601603
1449991977952237312 1449991977952606572
1449991978002237787 1449991978002640420
1449991978052235764 1449991978052540211
1449991978102243446 1449991978102626100
1449991978152246154 1449991978152613279
1449991978202230490 1449991978202591625
1449991978252226061 1449991978252508087
1449991978302229072 1449991978302403780
1449991978352229551 1449991978352550997
1449991978402228798 1449991978402559688
1449991978452288474 1449991978452850999
1449991978502339027 1449991978502854716
1449991978552254650 1449991978552564018
1449991978602248521 1449991978602593239
1449991978652230541 1449991978652397491
1449991978702244956 1449991978702621329
1449991978752246648 1449991978752543798
1449991978802308977 1449991978802656695
1449991978852240941 1449991978852571894
1449991978902233873 1449991978902566456
1449991978952234789 1449991978952583510
1449991979002252960 1449991979002523638
1449991979052233769 1449991979052412063
1449991979102224041 1449991979102406106
1449991979152236255 1449991979152527942
1449991979202255166 1449991979202583695
1449991979252266379 1449991979252722887
1449991979302343502 1449991979302864336
1449991979352244258 1449991979352679909
1449991979402246695 1449991979402659467
1449991979452246586 1449991979452750004
1449991979502242792 1449991979502520512
1449991979552232050 1449991979552460189
1449991979602231794 1449991979602514337
1449991979652228617 1449991979652439213
1449991979702230808 1449991979702457153
1449991979752232484 1449991979752416841
1449991979802244511 1449991979802573800
1449991979852261046 1449991979852666318
1449991979902260680 1449991979902730849
1449991979952305707 1449991979952678348
1449991980002250647 1449991980002570913
1449991980052236312 1449991980052523273
1449991980102258724 1449991980102860138
1449991980152302879 1449991980152801179
1449991980202258740 1449991980202682147
1449991980252276462 1449991980252559483
1449991980302232298 1449991980302529465
1449991980352235151 1449991980352491484
1449991980402235110 1449991980402441059
1449991980452235439 1449991980452476088
1449991980502257234 1449991980502543597
1449991980552255726 1449991980552738865
1449991980602251164 1449991980602577814
1449991980652256427 1449991980652676085
1449991980702245748 1449991980702614874
1449991980752278887 1449991980752789488
1449991980802263801 1449991980802794856
1449991980852301077 1449991980852665252
1449991980902245225 1449991980902646471
1449991980952290706 1449991980952770287
1449991981002241230 1449991981002493663
1449991981052224513 1449991981052447666
1449991981102233494 1449991981102580343
1449991981152232059 1449991981152462212
1449991981202253903 1449991981202680727
1449991981252272179 1449991981252782192
1449991981302265752 1449991981302874659
1449991981352294215 1449991981352724387
1449991981402249385 1449991981402605612
1449991981452282531 1449991981452981188
1449991981502240604 1449991981502659540
1449991981552246034 1449991981552677185
1449991981602247783 1449991981602773184
1449991981652261358 1449991981652651944
1449991981702326771 1449991981702821780
1449991981752271641 1449991981752795726
1449991981802333436 1449991981802908513
1449991981852256235 1449991981852578990
1449991981902249959 1449991981902556614
1449991981952237222 1449991981952529361
1449991982002248789 1449991982002611842
1449991982052287318 1449991982052819137
1449991982102257595 1449991982102641950
1449991982152258105 1449991982152432806
1449991982202225452 1449991982202466713
1449991982252236192 1449991982252459430
1449991982302232756 1449991982302511073
1449991982352244816 1449991982352466396
1449991982402230122 1449991982402448285
1449991982452253466 1449991982452559962
1449991982502238470 1449991982502456454
1449991982552248263 1449991982552594952
1449991982602252849 1449991982602461691
1449991982652244433 1449991982652579620
1449991982702241084 1449991982702563424
1449991982752245936 1449991982752592649
1449991982802257146 1449991982802609351
1449991982852254684 1449991982852524360
1449991982902238283 1449991982902517546
1449991982952232675 1449991982952458647
1449991983002237209 1449991983002458196
1449991983052238251 1449991983052454714
1449991983102249133 1449991983102639073
1449991983152280495 1449991983152809882
1449991983202245466 1449991983202454607
1449991983252238295 1449991983252660683
1449991983302242244 1449991983302434937
1449991983352231137 1449991983352421078
1449991983402233911 1449991983402446040
1449991983452232982 1449991983452436501
1449991983502225193 1449991983502431112
1449991983552237036 1449991983552517737
1449991983602230075 1449991983602441814
1449991983652254102 1449991983652532005
1449991983702256870 1449991983702473003
1449991983752260779 1449991983752465199
1449991983802316948 1449991983802876312
1449991983852241494 1449991983852449116
1449991983902251476 1449991983902682303
1449991983952231709 1449991983952463861
1449991984002230700 1449991984002413632
1449991984052234845 1449991984052464860
1449991984102252073 1449991984102653981
1449991984152236835 1449991984152459337
1449991984202233102 1449991984202410184
1449991984252236477 1449991984252431621
1449991984302232294 1449991984302417950
1449991984352232565 1449991984352470349
1449991984402231933 1449991984402485119
1449991984452234493 1449991984452441134
1449991984502238047 1449991984502612621
1449991984552244024 1449991984552549372
1449991984602228548 1449991984602499701
1449991984652232887 1449991984652465974
1449991984702226895 1449991984702429888
1449991984752236157 1449991984752484412
1449991984802229653 1449991984802420193
1449991984852229119 1449991984852417219
1449991984902225306 1449991984902422090
1449991984952230235 1449991984952423310
1449991985002234046 1449991985002496611
1449991985052222233 1449991985052391087
1449991985102229770 1449991985102544726
1449991985152229348 1449991985152454437
1449991985202251768 1449991985202630827
1449991985252231918 1449991985252577127
1449991985302236332 1449991985302637963
1449991985352234702 1449991985352436652
1449991985402246999 1449991985402567295
1449991985452252286 1449991985452664566
1449991985502225413 1449991985502405363
1449991985552234308 1449991985552567359
1449991985602316225 1449991985602589110
1449991985652240416 1449991985652516717
1449991985702246280 1449991985702454592
1449991985752234791 1449991985752456883
1449991985802251462 1449991985802506654
1449991985852231737 1449991985852469768
1449991985902249722 1449991985902674191
1449991985952251751 1449991985952531629
1449991986002320348 1449991986002741740
1449991986052285574 1449991986052803131
1449991986102296216 1449991986102850346
1449991986152266821 1449991986152747952
1449991986202261707 1449991986202564393
1449991986252274174 1449991986252547841
1449991986302229475 1449991986302450822
1449991986352228200 1449991986352433392
1449991986402233711 1449991986402520463
1449991986452253599 1449991986452690980
1449991986502335944 1449991986502840013
1449991986552256428 1449991986552646619
1449991986602258036 1449991986602627517
1449991986652245245 1449991986652605071
1449991986702243636 1449991986702570447
1449991986752247306 1449991986752559885
1449991986802265535 1449991986802876016
1449991986852293052 1449991986852560545
1449991986902233116 1449991986902493779
1449991986952249283 1449991986952574124
1449991987002247185 1449991987002551293
1449991987052235935 1449991987052493063
1449991987102250245 1449991987102666750
1449991987152280689 1449991987152813934
1449991987202260531 1449991987202695043
1449991987252284888 1449991987252590330
1449991987302246335 1449991987302574426
1449991987352238970 1449991987352637724
1449991987402255632 1449991987402647898
1449991987452268733 1449991987452876611
1449991987502246347 1449991987502642208
1449991987552229240 1449991987552443955
1449991987602247379 1449991987602659099
1449991987652256725 1449991987652681828
1449991987702243399 1449991987702602650
1449991987752256200 1449991987752695713
1449991987802325645 1449991987802902341
1449991987852258995 1449991987852642495
1449991987902253163 1449991987902596295
1449991987952232040 1449991987952531726
1449991988002229786 1449991988002605535
1449991988052270143 1449991988052799783
1449991988102316158 1449991988102914234
1449991988152292282 1449991988152797808
1449991988202239156 1449991988202541027
1449991988252255391 1449991988252692295
1449991988302237178 1449991988302556966
1449991988352227096 1449991988352584824
1449991988402228334 1449991988402531434
1449991988452288214 1449991988452874216
