1449991655210023501 1449991655210439303
1449991655260022040 1449991655260240895
1449991655310029430 1449991655310512057
1449991655360032615 1449991655360311367
1449991655410023803 1449991655410419924
1449991655460022583 1449991655460238884
1449991655510008887 1449991655510255977
1449991655560066604 1449991655560552375
1449991655610065777 1449991655610620109
1449991655660008007 1449991655660243914
1449991655710027182 1449991655710416492
1449991655760037320 1449991655760431129
1449991655810069260 1449991655810557752
1449991655860071594 1449991655860608190
1449991655910072186 1449991655910518752
1449991655960071463 1449991655960580196
1449991656010070538 1449991656010580220
1449991656060063661 1449991656060553408
1449991656110038058 1449991656110585412
1449991656160022637 1449991656160258146
1449991656210031024 1449991656210323253
1449991656260021598 1449991656260295824
1449991656310028254 1449991656310304101
1449991656360015480 1449991656360317227
1449991656410066647 1449991656410579195
1449991656460037041 1449991656460815900
1449991656510080733 1449991656510585900
1449991656560075466 1449991656560475992
1449991656610037146 1449991656610457880
1449991656660036910 1449991656660577104
1449991656710072568 1449991656710423942
1449991656760025176 1449991656760376753
1449991656810037568 1449991656810548867
1449991656860024497 1449991656860375713
1449991656910038679 1449991656910530415
1449991656960072993 1449991656960506348
1449991657010029499 1449991657010366583
1449991657060009020 1449991657060264673
1449991657110023515 1449991657110310779
1449991657160070723 1449991657160509922
1449991657210080633 1449991657210587158
1449991657260073742 1449991657260554268
1449991657310012926 1449991657310308984
1449991657360002674 1449991657360263866
1449991657410023880 1449991657410330305
1449991657460066010 1449991657460518797
1449991657510034492 1449991657510478233
1449991657560040272 1449991657560453699
1449991657610038924 1449991657610269935
1449991657660027799 1449991657660241953
1449991657710066969 1449991657710553836
1449991657760072837 1449991657760503056
1449991657810029133 1449991657810325802
1449991657860024290 1449991657860272870
1449991657910021548 1449991657910265291
1449991657960002814 1449991657960265442
1449991658010008002 1449991658010246933
1449991658060024412 1449991658060314628
1449991658110068102 1449991658110580654
1449991658160014041 1449991658160356157
1449991658210018232 1449991658210264171
1449991658260068978 1449991658260562551
1449991658310012027 1449991658310322468
1449991658360021171 1449991658360378864
1449991658410066193 1449991658410595362
1449991658460034883 1449991658460401230
1449991658510016558 1449991658510254669
1449991658560010352 1449991658560245004
1449991658610023361 1449991658610434082
1449991658660013562 1449991658660270653
1449991658710061607 1449991658710553642
1449991658760026946 1449991658760432579
1449991658810034325 1449991658810414229
1449991658860029154 1449991658860369931
1449991658910041360 1449991658910723767
1449991658960033911 1449991658960393376
1449991659010023382 1449991659010431904
1449991659060031555 1449991659060423891
1449991659110072078 1449991659110589287
1449991659160029587 1449991659160344271
1449991659210070597 1449991659210575238
1449991659260020769 1449991659260503423
1449991659310073557 1449991659310565692
1449991659360037513 1449991659360446360
1449991659410037256 1449991659410257435
1449991659460011761 1449991659460208677
1449991659510011139 1449991659510222538
1449991659560010810 1449991659560228912
1449991659610008461 1449991659610229983
1449991659660016373 1449991659660246831
1449991659710027543 1449991659710366067
1449991659760008648 1449991659760305986
1449991659810005716 1449991659810304330
1449991659860027527 1449991659860365340
1449991659910073787 1449991659910576179
1449991659960034626 1449991659960363047
1449991660010032295 1449991660010341961
1449991660060028328 1449991660060306933
1449991660110021534 1449991660110243473
1449991660160025430 1449991660160362000
1449991660210021777 1449991660210293997
1449991660260029521 1449991660260304100
1449991660310014450 1449991660310296205
1449991660360036541 1449991660360384901
1449991660410069467 1449991660410622601
1449991660460038425 1449991660460367152
1449991660510071374 1449991660510572092
1449991660560031178 1449991660560347778
1449991660610013686 1449991660610334353
1449991660660023890 1449991660660352803
1449991660710032411 1449991660710435284
1449991660760028473 1449991660760356991
1449991660810018379 1449991660810416289
1449991660860024674 1449991660860387059
1449991660910014482 1449991660910344310
1449991660960013321 1449991660960301822
1449991661010006280 1449991661010255959
1449991661060023310 1449991661060273296
1449991661110012049 1449991661110269962
1449991661160007106 1449991661160358836
1449991661210029800 1449991661210301479
1449991661260030127 1449991661260355162
1449991661310034455 1449991661310391464
1449991661360033561 1449991661360372152
1449991661410039329 1449991661410534912
1449991661460075235 1449991661461197098
1449991661510015429 1449991661510196002
1449991661560023353 1449991661560404892
1449991661610068724 1449991661610614932
1449991661660013874 1449991661660359628
1449991661710026272 1449991661710424177
1449991661760019697 1449991661760275889
1449991661810028602 1449991661810526083
1449991661860039882 1449991661860496250
1449991661910070416 1449991661910591824
1449991661960063822 1449991661960484021
1449991662010028924 1449991662010508167
1449991662060016391 1449991662060207848
1449991662110001849 1449991662110198590
1449991662160025731 1449991662160318854
1449991662210026949 1449991662210258428
1449991662260012639 1449991662260250537
1449991662310008479 1449991662310207322
1449991662360029368 1449991662360437233
1449991662410032082 1449991662410481120
1449991662460032291 1449991662460399587
1449991662510028881 1449991662510403521
1449991662560031158 1449991662560395176
1449991662610013332 1449991662610247548
1449991662660009137 1449991662660242516
1449991662710029037 1449991662710696677
1449991662760023422 1449991662760400340
1449991662810030713 1449991662810447675
1449991662860027586 1449991662860358837
1449991662910135136 1449991662910534962
1449991662960025549 1449991662960383146
1449991663010068594 1449991663010498813
1449991663060034545 1449991663060410965
1449991663110030979 1449991663110503186
1449991663160039954 1449991663160380850
1449991663210021059 1449991663210319315
1449991663260065030 1449991663260517315
1449991663310016439 1449991663310220853
1449991663360051201 1449991663360420562
1449991663410048269 1449991663410503394
1449991663460073130 1449991663460869535
1449991663510024180 1449991663510418725
1449991663560011446 1449991663560256712
1449991663610054041 1449991663610475209
1449991663660075016 1449991663660556461
1449991663710019382 1449991663710383484
1449991663760071952 1449991663760563222
1449991663810073129 1449991663810562449
1449991663860016349 1449991663860401492
1449991663910006431 1449991663910357219
1449991663960001902 1449991663960322208
1449991664010002014 1449991664010373760
1449991664060002416 1449991664060307948
1449991664110000195 1449991664110331934
1449991664160001861 1449991664160335834
1449991664210001241 1449991664210322753
1449991664260021755 1449991664260369804
1449991664310064396 1449991664310570617
1449991664360077117 1449991664360534841
1449991664410030683 1449991664410397654
1449991664460025087 1449991664460320903
1449991664510067692 1449991664510605375
1449991664560036458 1449991664560317019
1449991664610063967 1449991664610617167
1449991664660028548 1449991664660495486
1449991664710050886 1449991664710452096
1449991664760072554 1449991664760510784
1449991664810054394 1449991664810496780
1449991664860073278 1449991664860534764
1449991664910077058 1449991664910586883
1449991664960071714 1449991664960525522
1449991665010039632 1449991665010429279
1449991665060074152 1449991665060568295
1449991665110074040 1449991665110629555
1449991665160035803 1449991665160448443
1449991665210025055 1449991665210423210
1449991665260032469 1449991665260355150
1449991665310072849 1449991665310580309
1449991665360041289 1449991665360471955
1449991665410016206 1449991665410364366
1449991665460010892 1449991665460227759
1449991665510027455 1449991665510438490
1449991665560074225 1449991665560560451
1449991665610034827 1449991665610408152
1449991665660034555 1449991665660471509
1449991665710072021 1449991665710568767
1449991665760029850 1449991665760430538
1449991665810021870 1449991665810403836
1449991665860039401 1449991665860518995
1449991665910069912 1449991665910557323
1449991665960037894 1449991665960599552
1449991666010075440 1449991666010602826
1449991666060071031 1449991666060540278
1449991666110033752 1449991666110406363
1449991666160025314 1449991666160294070
1449991666210022873 1449991666210363863
1449991666260021271 1449991666260352675
1449991666310023677 1449991666310335321
1449991666360072115 1449991666360444072
1449991666410072120 1449991666410496285
1449991666460020136 1449991666460250666
1449991666510067656 1449991666510488820
1449991666560013852 1449991666560190554
1449991666610026595 1449991666610296962
1449991666660011583 1449991666660197696
1449991666710004977 1449991666710186133
1449991666760031972 1449991666760206729
1449991666810056786 1449991666810520945
1449991666860031256 1449991666860299300
1449991666910032610 1449991666910383613
1449991666960057822 1449991666960450442
1449991667010039910 1449991667010239241
1449991667060071028 1449991667060495824
1449991667110040076 1449991667110254512
1449991667160023927 1449991667160242621
1449991667210018871 1449991667210344609
1449991667260027368 1449991667260347427
1449991667310048156 1449991667310543208
1449991667360022152 1449991667360217304
1449991667410027773 1449991667410388589
1449991667460075756 1449991667460475228
1449991667510027782 1449991667510339061
1449991667560041211 1449991667560449399
1449991667610066556 1449991667610476271
1449991667660033913 1449991667660374218
1449991667710071630 1449991667710495808
1449991667760049548 1449991667760518117
1449991667810071920 1449991667810516328
1449991667860074284 1449991667860479696
1449991667910030256 1449991667910342702
1449991667960036945 1449991667960370220
1449991668010058161 1449991668010473860
1449991668060028323 1449991668060255947
1449991668110058879 1449991668110519062
1449991668160074462 1449991668160459214
1449991668210072716 1449991668210505243
1449991668260033321 1449991668260416290
1449991668310070153 1449991668310509913
1449991668360056647 1449991668360393073
1449991668410027432 1449991668410478525
1449991668460038726 1449991668460429234
1449991668510076296 1449991668510421856
1449991668560043466 1449991668560472224
1449991668610038112 1449991668610395087
1449991668660077319 1449991668660500067
1449991668710031681 1449991668710324678
1449991668760073569 1449991668760469116
1449991668810073928 1449991668810526805
1449991668860017031 1449991668860219747
1449991668910021330 1449991668910215572
1449991668960069312 1449991668960473668
1449991669010070476 1449991669010505238
1449991669060073778 1449991669060476898
1449991669110030681 1449991669110465554
1449991669160037044 1449991669160390782
1449991669210064594 1449991669210488532
1449991669260025043 1449991669260270406
1449991669310018516 1449991669310222213
1449991669360074377 1449991669360464552
1449991669410038414 1449991669410371419
1449991669460015334 1449991669460213437
1449991669510022180 1449991669510468568
1449991669560024874 1449991669560417240
1449991669610034788 1449991669610357643
1449991669660045333 1449991669660382290
1449991669710078670 1449991669710516495
1449991669760074996 1449991669760468251
1449991669810037846 1449991669810403811
1449991669860059159 1449991669860496270
1449991669910075234 1449991669910494892
1449991669960031207 1449991669960300921
1449991670010071595 1449991670010513296
1449991670060076487 1449991670060472849
1449991670110075146 1449991670110498084
1449991670160077977 1449991670160471699
1449991670210034974 1449991670210320748
1449991670260011462 1449991670260156368
1449991670310006898 1449991670310164418
1449991670360014909 1449991670360342762
1449991670410012896 1449991670410214069
1449991670460067979 1449991670460464050
1449991670510070369 1449991670510487885
1449991670560016187 1449991670560326902
1449991670610067632 1449991670610509417
1449991670660038026 1449991670660381151
1449991670710042742 1449991670710386213
1449991670760044677 1449991670760470028
1449991670810025061 1449991670810269988
1449991670860031403 1449991670860331437
1449991670910029901 1449991670910336252
1449991670960070905 1449991670960444776
1449991671010033823 1449991671010376356
1449991671060038722 1449991671060344806
1449991671110026729 1449991671110449167
1449991671160042420 1449991671160432086
1449991671210049747 1449991671210523603
1449991671260016024 1449991671260231565
1449991671310062997 1449991671310464046
1449991671360036428 1449991671360343908
1449991671410126059 1449991671410359254
1449991671460076922 1449991671460472823
1449991671510015500 1449991671510183393
1449991671560023584 1449991671560254499
1449991671610024989 1449991671610388292
1449991671660011686 1449991671660204253
1449991671710053927 1449991671710395418
1449991671760049248 1449991671760504506
1449991671810046008 1449991671810472064
1449991671860070575 1449991671860455678
1449991671910041558 1449991671910364135
1449991671960025452 1449991671960641649
1449991672010027896 1449991672010455956
1449991672060074804 1449991672060493025
1449991672110069460 1449991672110540958
1449991672160041915 1449991672160441427
1449991672210072984 1449991672210482856
1449991672260075370 1449991672260490735
1449991672310072645 1449991672310508006
1449991672360029596 1449991672360421895
1449991672410033194 1449991672410369411
1449991672460075225 1449991672460467972
1449991672510034281 1449991672510374064
1449991672560072869 1449991672560511858
1449991672610022754 1449991672610344780
1449991672660072100 1449991672660441802
1449991672710015139 1449991672710199494
1449991672760059210 1449991672760409608
1449991672810066418 1449991672810431027
1449991672860016977 1449991672860177895
1449991672910065505 1449991672910572792
1449991672960034202 1449991672960336848
1449991673010009864 1449991673010149127
1449991673060006649 1449991673060186031
1449991673110048663 1449991673110337383
1449991673160065739 1449991673160459335
1449991673210040346 1449991673210442448
1449991673260071167 1449991673260371919
1449991673310061246 1449991673310375898
1449991673360072767 1449991673360460118
1449991673410008838 1449991673410212267
1449991673460074253 1449991673460478616
1449991673510067513 1449991673510489743
1449991673560035718 1449991673560369873
1449991673610070245 1449991673610404702
1449991673660044421 1449991673660431630
1449991673710068627 1449991673710484597
1449991673760075096 1449991673760467967
1449991673810072338 1449991673810473962
1449991673860014528 1449991673860167664
1449991673910061737 1449991673910498640
1449991673960079993 1449991673960503967
1449991674010073914 1449991674010580275
1449991674060071282 1449991674060437807
1449991674110069757 1449991674110492963
1449991674160042623 1449991674160407855
1449991674210034921 1449991674210370107
1449991674260024007 1449991674260253912
1449991674310045160 1449991674310556051
1449991674360017038 1449991674360262334
1449991674410021198 1449991674410256649
1449991674460023729 1449991674460270187
1449991674510024458 1449991674510448376
1449991674560077126 1449991674560478496
1449991674610018875 1449991674610226658
1449991674660025044 1449991674660260327
1449991674710009045 1449991674710224865
1449991674760069193 1449991674760483065
1449991674810023608 1449991674810428075
1449991674860043003 1449991674860367295
1449991674910022147 1449991674910430713
1449991674960012088 1449991674960184582
1449991675010023214 1449991675010172395
1449991675060023580 1449991675060169742
1449991675110003778 1449991675110155571
1449991675160012598 1449991675160188136
1449991675210032335 1449991675210327928
1449991675260018134 1449991675260258433
1449991675310036043 1449991675310303052
1449991675360068491 1449991675360355771
1449991675410031044 1449991675410249518
1449991675460036374 1449991675460274601
1449991675510021351 1449991675510255028
1449991675560102507 1449991675560482585
1449991675610061906 1449991675610300374
1449991675660029317 1449991675660472491
1449991675710076241 1449991675710536885
1449991675760059749 1449991675760317111
1449991675810070888 1449991675810418730
1449991675860071925 1449991675860421698
1449991675910069946 1449991675910446763
1449991675960072282 1449991675960419045
1449991676010033308 1449991676010347424
1449991676060070193 1449991676060480861
1449991676110011170 1449991676110158308
1449991676160024269 1449991676160348253
1449991676210067595 1449991676210437109
1449991676260034120 1449991676260317102
1449991676310036420 1449991676310351043
1449991676360005025 1449991676360118962
1449991676410010431 1449991676410185761
1449991676460066950 1449991676460356700
1449991676510012643 1449991676510144879
1449991676560063759 1449991676560378172
1449991676610033599 1449991676610332078
1449991676660033299 1449991676660298851
1449991676710032418 1449991676710350038
1449991676760065879 1449991676760488397
1449991676810007696 1449991676810138412
1449991676860017221 1449991676860373559
1449991676910036881 1449991676910407601
1449991676960054679 1449991676960345014
1449991677010003326 1449991677010167444
1449991677060065506 1449991677060421019
1449991677110014912 1449991677110204753
1449991677160049182 1449991677160463498
1449991677210011557 1449991677210254545
1449991677260045520 1449991677260367896
1449991677310008671 1449991677310191098
1449991677360008355 1449991677360160534
1449991677410074616 1449991677410511924
1449991677460067916 1449991677460436842
1449991677510070319 1449991677510517316
1449991677560071981 1449991677560437219
1449991677610043595 1449991677610420689
1449991677660034829 1449991677660217397
1449991677710073208 1449991677710402594
1449991677760073146 1449991677760447721
1449991677810070731 1449991677810512282
1449991677860070479 1449991677860446892
1449991677910069471 1449991677910491157
1449991677960032158 1449991677960311137
1449991678010061085 1449991678010478254
1449991678060018680 1449991678060297338
1449991678110066978 1449991678110455201
1449991678160072762 1449991678160519334
1449991678210029091 1449991678210316128
1449991678260070089 1449991678260477866
1449991678310073050 1449991678310493603
1449991678360022403 1449991678360333949
1449991678410028639 1449991678410332825
1449991678460063405 1449991678460467127
1449991678510035858 1449991678510331491
1449991678560070371 1449991678560462202
1449991678610010703 1449991678610187401
1449991678660057882 1449991678660445243
1449991678710029288 1449991678710243400
1449991678760007594 1449991678760211523
1449991678810025609 1449991678810341382
1449991678860035613 1449991678860436702
1449991678910027576 1449991678910264837
1449991678960022172 1449991678960216533
1449991679010020065 1449991679010263554
1449991679060066425 1449991679060433641
1449991679110030702 1449991679110241430
1449991679160072014 1449991679160438140
1449991679210028279 1449991679210250439
1449991679260021592 1449991679260236730
1449991679310019084 1449991679310373327
1449991679360023225 1449991679360300210
1449991679410026484 1449991679410223146
1449991679460033164 1449991679460362073
1449991679510074682 1449991679510483633
1449991679560039862 1449991679560409696
1449991679610045088 1449991679610411806
1449991679660031458 1449991679660426324
1449991679710026542 1449991679710262727
1449991679760024021 1449991679760312127
1449991679810055474 1449991679810478680
1449991679860031678 1449991679860324221
1449991679910020677 1449991679910240786
1449991679960072810 1449991679960454756
1449991680010031612 1449991680010262465
1449991680060073030 1449991680060459149
1449991680110072981 1449991680110519153
1449991680160072649 1449991680160449403
1449991680210048004 1449991680210483194
1449991680260075371 1449991680260496191
1449991680310029755 1449991680310323438
1449991680360026118 1449991680360261753
1449991680410013047 1449991680410265803
1449991680460069720 1449991680460366493
1449991680510072110 1449991680510473192
1449991680560072626 1449991680560401003
1449991680610060396 1449991680610426202
1449991680660077637 1449991680660446950
1449991680710078623 1449991680710451438
1449991680760033399 1449991680760295339
1449991680810062817 1449991680810434256
1449991680860077251 1449991680860435861
1449991680910074917 1449991680910476113
1449991680960033842 1449991680960294540
1449991681010021970 1449991681010262418
1449991681060070367 1449991681060440937
1449991681110076810 1449991681110479733
1449991681160030921 1449991681160277102
1449991681210038726 1449991681210422493
1449991681260069461 1449991681260493372
1449991681310033327 1449991681310368670
1449991681360076716 1449991681360444243
1449991681410073420 1449991681410455623
1449991681460070261 1449991681460439872
1449991681510072468 1449991681510504978
1449991681560058811 1449991681560435074
1449991681610069443 1449991681610436986
1449991681660058620 1449991681660427727
1449991681710061060 1449991681710427912
1449991681760040869 1449991681760425782
1449991681810035298 1449991681810430951
1449991681860074959 1449991681860448235
1449991681910073661 1449991681910452323
1449991681960017221 1449991681960300941
1449991682010007377 1449991682010327773
1449991682060071196 1449991682060472743
1449991682110076159 1449991682110502692
1449991682160012986 1449991682160177756
1449991682210048976 1449991682210449364
1449991682260013004 1449991682260187363
1449991682310024465 1449991682310322461
1449991682360028374 1449991682360298809
1449991682410070140 1449991682410491004
1449991682460025646 1449991682460269240
1449991682510037528 1449991682510374091
1449991682560077313 1449991682560475359
1449991682610070730 1449991682610499922
1449991682660071626 1449991682660490673
1449991682710069202 1449991682710490049
1449991682760033828 1449991682760353663
1449991682810073491 1449991682810541960
1449991682860071121 1449991682860457840
1449991682910037583 1449991682910404110
1449991682960042305 1449991682960370652
1449991683010069093 1449991683010477192
1449991683060035739 1449991683060390948
1449991683110077268 1449991683110532085
1449991683160011402 1449991683160202465
1449991683210068464 1449991683210475513
1449991683260033095 1449991683260320383
1449991683310009506 1449991683310197051
1449991683360006271 1449991683360175676
1449991683410024496 1449991683410376765
1449991683460010894 1449991683460180397
1449991683510027609 1449991683510336372
1449991683560033878 1449991683560325723
1449991683610003471 1449991683610127625
1449991683660029491 1449991683660397906
1449991683710071210 1449991683710487404
1449991683760071970 1449991683760464025
1449991683810013608 1449991683810175816
1449991683860066273 1449991683860462448
1449991683910075766 1449991683910492066
1449991683960071364 1449991683960465584
1449991684010068489 1449991684010494217
1449991684060068587 1449991684060466044
1449991684110032049 1449991684110401279
1449991684160031556 1449991684160432421
1449991684210070602 1449991684210523973
1449991684260083526 1449991684260467493
1449991684310073191 1449991684310489254
1449991684360075567 1449991684360461609
1449991684410072645 1449991684410528198
1449991684460074364 1449991684460503266
1449991684510033870 1449991684510373590
1449991684560044592 1449991684560390831
1449991684610032129 1449991684610343615
1449991684660024239 1449991684660357284
1449991684710074301 1449991684710486097
1449991684760073042 1449991684760500441
1449991684810030805 1449991684810407612
1449991684860076292 1449991684860478988
1449991684910021890 1449991684910238468
1449991684960037357 1449991684960448298
1449991685010077225 1449991685010499295
1449991685060074333 1449991685060516362
1449991685110071826 1449991685110489058
