1449991715876711296 1449991715876914633
1449991715926749184 1449991715927265849
1449991715976742698 1449991715977177734
1449991716026732723 1449991716026979711
1449991716076736135 1449991716076957019
1449991716126726530 1449991716126904515
1449991716176722344 1449991716176947761
1449991716226732824 1449991716227080224
1449991716276735561 1449991716277036569
1449991716326743318 1449991716327050482
1449991716376729321 1449991716376910894
1449991716426742369 1449991716427036150
1449991716476726462 1449991716476930257
1449991716526728022 1449991716526930795
1449991716576729473 1449991716577013756
1449991716626728733 1449991716627018467
1449991716676749238 1449991716677061816
1449991716726742350 1449991716727102390
1449991716776786639 1449991716777280194
1449991716826756234 1449991716827171646
1449991716876721282 1449991716876902340
1449991716926737289 1449991716927047244
1449991716976749326 1449991716977234671
1449991717026782930 1449991717027292698
1449991717076783479 1449991717077305366
1449991717126770962 1449991717127301592
1449991717176787027 1449991717177308582
1449991717226768055 1449991717227296560
1449991717276745883 1449991717277143016
1449991717326746579 1449991717327285578
1449991717376783247 1449991717377294706
1449991717426749395 1449991717427326152
1449991717476780062 1449991717477372181
1449991717526782850 1449991717527264696
1449991717576804714 1449991717577235560
1449991717626745812 1449991717627042289
1449991717676750948 1449991717677174402
1449991717726743115 1449991717727251775
1449991717776791961 1449991717777193323
1449991717826794157 1449991717827126533
1449991717876746704 1449991717877036174
1449991717926755896 1449991717927062773
1449991717976739263 1449991717977164090
1449991718026749839 1449991718027182018
1449991718076717230 1449991718076907807
1449991718126776635 1449991718127173941
1449991718176785644 1449991718177300905
1449991718226744398 1449991718227080437
1449991718276737598 1449991718277029339
1449991718326736359 1449991718327017084
1449991718376724364 1449991718377041187
1449991718426737859 1449991718427000773
1449991718476737623 1449991718477080262
1449991718526723954 1449991718526931243
1449991718576748621 1449991718577129247
1449991718626737821 1449991718627175127
1449991718676786025 1449991718677345426
1449991718726742261 1449991718727044089
1449991718776741804 1449991718777112227
1449991718826783393 1449991718827320169
1449991718876741803 1449991718877046751
1449991718926738166 1449991718927006645
1449991718976734269 1449991718977001845
1449991719026746384 1449991719027196538
1449991719076741835 1449991719077028588
1449991719126721637 1449991719127005812
1449991719176732580 1449991719177073015
1449991719226733600 1449991719227036624
1449991719276723141 1449991719276997734
1449991719326762372 1449991719327327195
1449991719376731523 1449991719377026204
1449991719426720122 1449991719427061596
1449991719476716234 1449991719476985251
1449991719526711106 1449991719526909492
1449991719576730025 1449991719577078946
1449991719626724751 1449991719627061137
1449991719676721522 1449991719677055502
1449991719726728342 1449991719727062780
1449991719776721945 1449991719776985453
1449991719826720089 1449991719827081448
1449991719876723308 1449991719877032265
1449991719926729567 1449991719927108740
1449991719976729274 1449991719977129815
1449991720026723566 1449991720027026730
1449991720076719982 1449991720077014423
1449991720126721470 1449991720127055097
1449991720176736102 1449991720177052352
1449991720226718820 1449991720227012139
1449991720276714088 1449991720276984086
1449991720326717219 1449991720327004046
1449991720376714037 1449991720377008331
1449991720426714526 1449991720426991427
1449991720476715089 1449991720477043790
1449991720526742375 1449991720527145563
1449991720576742366 1449991720577112004
1449991720626725155 1449991720627042111
1449991720676717646 1449991720676995931
1449991720726715650 1449991720726972636
1449991720776713423 1449991720776978530
1449991720826715492 1449991720826959831
1449991720876717197 1449991720876986274
1449991720926734976 1449991720927068642
1449991720976718556 1449991720976976959
1449991721026719136 1449991721026993541
1449991721076717604 1449991721077049032
1449991721126717151 1449991721126961361
1449991721176776380 1449991721177246789
1449991721226743440 1449991721227056636
1449991721276776883 1449991721277182824
1449991721326746242 1449991721327030547
1449991721376777928 1449991721377239050
1449991721426745316 1449991721427047548
1449991721476778486 1449991721477244936
1449991721526771728 1449991721527280244
1449991721576744695 1449991721577099646
1449991721626742064 1449991721627123395
1449991721676739135 1449991721677137251
1449991721726739033 1449991721727088415
1449991721776734083 1449991721777039059
1449991721826777854 1449991721827220895
1449991721876751448 1449991721877130765
1449991721926742269 1449991721927007493
1449991721976752296 1449991721977224300
1449991722026754062 1449991722027199491
1449991722076742624 1449991722077067377
1449991722126722403 1449991722127108468
1449991722176719307 1449991722177055619
1449991722226716839 1449991722227064424
1449991722276744650 1449991722277191323
1449991722326730757 1449991722326972481
1449991722376728892 1449991722376995749
1449991722426727105 1449991722427016571
1449991722476718083 1449991722476934061
1449991722526718748 1449991722526939539
1449991722576728686 1449991722576895681
1449991722626724636 1449991722626969210
1449991722676732615 1449991722677024913
1449991722726726650 1449991722726967178
1449991722776712502 1449991722776882132
1449991722826740010 1449991722827130912
1449991722876728418 1449991722876900007
1449991722926727161 1449991722926994459
1449991722976722732 1449991722976888987
1449991723026722706 1449991723026942078
1449991723076718077 1449991723076889797
1449991723126731718 1449991723127070711
1449991723176720961 1449991723176923846
1449991723226724724 1449991723226945100
1449991723276714416 1449991723276870930
1449991723326735425 1449991723327039279
1449991723376727350 1449991723377044607
1449991723426737091 1449991723427062508
1449991723476735374 1449991723477087780
1449991723526729840 1449991723527051777
1449991723576720879 1449991723576937075
1449991723626723174 1449991723626974957
1449991723676719488 1449991723676894774
1449991723726729983 1449991723727034065
1449991723776741764 1449991723777651874
1449991723826733135 1449991723827114724
1449991723876725216 1449991723877113670
1449991723926723911 1449991723927136112
1449991723976720264 1449991723977086554
1449991724026767549 1449991724027284370
1449991724076729108 1449991724076949070
1449991724126738686 1449991724127115430
1449991724176767904 1449991724177273366
1449991724226730023 1449991724227031950
1449991724276716821 1449991724276980522
1449991724326733246 1449991724327009232
1449991724376718096 1449991724376955013
1449991724426717313 1449991724426987192
1449991724476736624 1449991724477093871
1449991724526724204 1449991724527062120
1449991724576718290 1449991724576947796
1449991724626711588 1449991724626911541
1449991724676720209 1449991724676947795
1449991724726734937 1449991724727162931
1449991724776745816 1449991724777079441
1449991724826744428 1449991724827145497
1449991724876776883 1449991724877274113
1449991724926745690 1449991724927110901
1449991724976727053 1449991724977123073
1449991725026743030 1449991725027277612
1449991725076741171 1449991725077145597
1449991725126720836 1449991725127051530
1449991725176777429 1449991725177180157
1449991725226742975 1449991725227054432
1449991725276720255 1449991725277073349
1449991725326722117 1449991725327136721
1449991725376725496 1449991725377047313
1449991725426723527 1449991725427095861
1449991725476718276 1449991725477082585
1449991725526715155 1449991725526927607
1449991725576724027 1449991725576930699
1449991725626719496 1449991725626922530
1449991725676715584 1449991725676921477
1449991725726716550 1449991725726920115
1449991725776725216 1449991725776914858
1449991725826766779 1449991725827043718
1449991725876725665 1449991725876924944
1449991725926741925 1449991725927139503
1449991725976736212 1449991725977008733
1449991726026721899 1449991726027018168
1449991726076720504 1449991726076942000
1449991726126718153 1449991726126936724
1449991726176725930 1449991726177008076
1449991726226722410 1449991726226922921
1449991726276727047 1449991726277064798
1449991726326731572 1449991726327187953
1449991726376727171 1449991726376912392
1449991726426719866 1449991726426924558
1449991726476718245 1449991726476925603
1449991726526713142 1449991726526962089
1449991726576720045 1449991726576924010
1449991726626744941 1449991726627184303
1449991726676754123 1449991726677103835
1449991726726729549 1449991726726990047
1449991726776739371 1449991726777043493
1449991726826740262 1449991726827132696
1449991726876741253 1449991726877127645
1449991726926733418 1449991726927017861
1449991726976720607 1449991726976897388
1449991727026721963 1449991727026909969
1449991727076738371 1449991727077054364
1449991727126722350 1449991727126861434
1449991727176716039 1449991727176854156
1449991727226727609 1449991727226954149
1449991727276744013 1449991727277125123
1449991727326734892 1449991727326972903
1449991727376719770 1449991727376899164
1449991727426725125 1449991727427022123
1449991727476739728 1449991727477020468
1449991727526750501 1449991727527046481
1449991727576734957 1449991727576941366
1449991727626747139 1449991727626951606
1449991727676720807 1449991727677043649
1449991727726737253 1449991727727114047
1449991727776744377 1449991727777015611
1449991727826735982 1449991727827070998
1449991727876775580 1449991727877220549
1449991727926785935 1449991727927233322
1449991727976788676 1449991727977220745
1449991728026747561 1449991728027001847
1449991728076738892 1449991728077051518
1449991728126717574 1449991728126877168
1449991728176738820 1449991728177003802
1449991728226728269 1449991728227092043
1449991728276775370 1449991728277185841
1449991728326785090 1449991728327237716
1449991728376749207 1449991728377073659
1449991728426738754 1449991728427016591
1449991728476775503 1449991728477175449
1449991728526748967 1449991728527191086
1449991728576753024 1449991728577220253
1449991728626747329 1449991728627121721
1449991728676757210 1449991728677132016
1449991728726746798 1449991728727083638
1449991728776772039 1449991728777241283
1449991728826752958 1449991728827212887
1449991728876736347 1449991728877071798
1449991728926755032 1449991728927125926
1449991728976750356 1449991728977041506
1449991729026752178 1449991729027271939
1449991729076749202 1449991729077100535
1449991729126727429 1449991729127050921
1449991729176720324 1449991729176890330
1449991729226723064 1449991729226886440
1449991729276780310 1449991729276964546
1449991729326732341 1449991729327044348
1449991729376746915 1449991729376935272
1449991729426711315 1449991729426863703
1449991729476734661 1449991729476936567
1449991729526732827 1449991729526925477
1449991729576754551 1449991729577023196
1449991729626722231 1449991729626855381
1449991729676734453 1449991729676873560
1449991729726714435 1449991729726907288
1449991729776749682 1449991729776937849
1449991729826718853 1449991729826905004
1449991729876717629 1449991729876890408
1449991729926714834 1449991729926926024
1449991729976717888 1449991729976884597
1449991730026717437 1449991730026887731
1449991730076728658 1449991730077005550
1449991730126719055 1449991730126888799
1449991730176716021 1449991730176882934
1449991730226744402 1449991730227173695
1449991730276746502 1449991730277060046
1449991730326764584 1449991730327204264
1449991730376767993 1449991730377241941
1449991730426738792 1449991730427180129
1449991730476732796 1449991730477072646
1449991730526749692 1449991730527189670
1449991730576751742 1449991730577057538
1449991730626759470 1449991730627167537
1449991730676747889 1449991730676928254
1449991730726725179 1449991730726998617
1449991730776739987 1449991730777062124
1449991730826740623 1449991730827056125
1449991730876721274 1449991730877065551
1449991730926715816 1449991730926971960
1449991730976773221 1449991730977206162
1449991731026749502 1449991731027164456
1449991731076772285 1449991731077218927
1449991731126742619 1449991731127092529
1449991731176746155 1449991731177057414
1449991731226743149 1449991731227047987
1449991731276741881 1449991731276987331
1449991731326751655 1449991731327209188
1449991731376767285 1449991731377203637
1449991731426740008 1449991731427157260
1449991731476761093 1449991731477194536
1449991731526722813 1449991731526954223
1449991731576781139 1449991731577179054
1449991731626753739 1449991731627017900
1449991731676748073 1449991731676981442
1449991731726743317 1449991731727067528
1449991731776737181 1449991731777000090
1449991731826743764 1449991731827190737
1449991731876753701 1449991731877170455
1449991731926738511 1449991731927154688
1449991731976762684 1449991731977013080
1449991732026741981 1449991732027047735
1449991732076741134 1449991732077135194
1449991732126753711 1449991732127191426
1449991732176744909 1449991732177069605
1449991732226721208 1449991732226870168
1449991732276746522 1449991732277224599
1449991732326747332 1449991732327158423
1449991732376763079 1449991732377186241
1449991732426728494 1449991732426899799
1449991732476771494 1449991732477215457
1449991732526770179 1449991732527198825
1449991732576748178 1449991732576906391
1449991732626718501 1449991732627034119
1449991732676748744 1449991732677038301
1449991732726723766 1449991732726865335
1449991732776711436 1449991732776838962
1449991732826716722 1449991732826875924
1449991732876719530 1449991732876885525
1449991732926739463 1449991732927056308
1449991732976724459 1449991732976870784
1449991733026866034 1449991733027032807
1449991733076732288 1449991733077102357
1449991733126724598 1449991733126993879
1449991733176736343 1449991733176959812
1449991733226743330 1449991733227172359
1449991733276746816 1449991733277091950
1449991733326751441 1449991733327110097
1449991733376729787 1449991733377012922
1449991733426753231 1449991733427151460
1449991733476744422 1449991733477069449
1449991733526757881 1449991733527204587
1449991733576785585 1449991733577271349
1449991733626774672 1449991733627245509
1449991733676783102 1449991733677204608
1449991733726782746 1449991733727256323
1449991733776777966 1449991733777203144
1449991733826741746 1449991733827091348
1449991733876783021 1449991733877203103
1449991733926747127 1449991733927080560
1449991733976780972 1449991733977188933
1449991734026741440 1449991734026998633
1449991734076777423 1449991734077191539
1449991734126783031 1449991734127215010
1449991734176768041 1449991734177193720
1449991734226748208 1449991734227093233
1449991734276779072 1449991734277217102
1449991734326782241 1449991734327236764
1449991734376738526 1449991734377165648
1449991734426769481 1449991734427178612
1449991734476782465 1449991734477201833
1449991734526757320 1449991734527207841
1449991734576786019 1449991734577183397
1449991734626750864 1449991734627184945
1449991734676780997 1449991734677224269
1449991734726784149 1449991734727191299
1449991734776783740 1449991734777196037
1449991734826774497 1449991734827193911
1449991734876785854 1449991734877201964
1449991734926754307 1449991734927161413
1449991734976781223 1449991734977215821
1449991735026749669 1449991735027155930
1449991735076751585 1449991735077165446
1449991735126766867 1449991735127185924
1449991735176724185 1449991735176905091
1449991735226723824 1449991735226929170
1449991735276716452 1449991735276863774
1449991735326725442 1449991735326954600
1449991735376724278 1449991735376933067
1449991735426745804 1449991735427090088
1449991735476739080 1449991735477108768
1449991735526757296 1449991735527211025
1449991735576742100 1449991735577150068
1449991735626724792 1449991735626895177
1449991735676718206 1449991735676863775
1449991735726720018 1449991735726916024
1449991735776727549 1449991735776897936
1449991735826746309 1449991735827195404
1449991735876745041 1449991735877191607
1449991735926770641 1449991735927229641
1449991735976744436 1449991735977168571
1449991736026755278 1449991736027174920
1449991736076785595 1449991736077215055
1449991736126786195 1449991736127206751
1449991736176762666 1449991736177150315
1449991736226791022 1449991736227190170
1449991736276785323 1449991736277205132
1449991736326778813 1449991736327171132
1449991736376785139 1449991736377242445
1449991736426738401 1449991736427177052
1449991736476782743 1449991736477238817
1449991736526747173 1449991736527054677
1449991736576780955 1449991736577209078
1449991736626748175 1449991736627070148
1449991736676723410 1449991736677005389
1449991736726734343 1449991736727045218
1449991736776724258 1449991736777042075
1449991736826746426 1449991736827138779
1449991736876782219 1449991736877225073
1449991736926726688 1449991736926856967
1449991736976722036 1449991736976882615
1449991737026767486 1449991737027222117
1449991737076785067 1449991737077172420
1449991737126752325 1449991737127115653
1449991737176728164 1449991737176928675
1449991737226747924 1449991737227098442
1449991737276738620 1449991737276928989
1449991737326745280 1449991737327027923
1449991737376742288 1449991737377082302
1449991737426727868 1449991737426929201
1449991737476731965 1449991737476903918
1449991737526737094 1449991737527033005
1449991737576723407 1449991737576904615
1449991737626727838 1449991737626904183
1449991737676768289 1449991737677133755
1449991737726749771 1449991737726932301
1449991737776768171 1449991737777204632
1449991737826732024 1449991737826962812
1449991737876739191 1449991737877021261
1449991737926742430 1449991737926976154
1449991737976739324 1449991737976980342
1449991738026732497 1449991738026959835
1449991738076732562 1449991738076984359
1449991738126724107 1449991738126958137
1449991738176715021 1449991738176929546
1449991738226740921 1449991738226990755
1449991738276748320 1449991738277085066
1449991738326753683 1449991738327152667
1449991738376796795 1449991738377183515
1449991738426722353 1449991738426903358
1449991738476743203 1449991738477137664
1449991738526737746 1449991738527056124
1449991738576725167 1449991738576904713
1449991738626746652 1449991738627024082
1449991738676742534 1449991738677126995
1449991738726724880 1449991738726856990
1449991738776738130 1449991738776988046
1449991738826747776 1449991738827120795
1449991738876817362 1449991738877025483
1449991738926746770 1449991738927033203
1449991738976748165 1449991738976995329
1449991739026725620 1449991739026871295
1449991739076739758 1449991739077020261
1449991739126757971 1449991739127144793
1449991739176728972 1449991739176918620
1449991739226740571 1449991739227049011
1449991739276783259 1449991739277313126
1449991739326774079 1449991739327215774
1449991739376751887 1449991739377127315
1449991739426751828 1449991739427130376
1449991739476733461 1449991739476938753
1449991739526719919 1449991739526969550
1449991739576721983 1449991739576910038
1449991739626717203 1449991739626896022
1449991739676723441 1449991739676897110
1449991739726726153 1449991739726922072
1449991739776719891 1449991739776910746
1449991739826719894 1449991739826903863
1449991739876717748 1449991739876900373
1449991739926719778 1449991739926877228
1449991739976739264 1449991739976983047
1449991740026727959 1449991740026906504
1449991740076738652 1449991740077003760
1449991740126755545 1449991740127184404
1449991740176722452 1449991740176895384
1449991740226739244 1449991740226917262
1449991740276714591 1449991740276861307
1449991740326716595 1449991740326862511
1449991740376731006 1449991740377067593
1449991740426733303 1449991740426935141
1449991740476766279 1449991740477162216
1449991740526729649 1449991740526916068
1449991740576752200 1449991740577073110
1449991740626754784 1449991740627097196
1449991740676741582 1449991740677000121
1449991740726736859 1449991740726966396
1449991740776738163 1449991740777032250
1449991740826738532 1449991740827010028
1449991740876739135 1449991740877020138
1449991740926728696 1449991740926980517
1449991740976721661 1449991740976965170
1449991741026732173 1449991741026975485
1449991741076732475 1449991741076969111
1449991741126737478 1449991741127013276
1449991741176773985 1449991741177176404
1449991741226740658 1449991741227007362
1449991741276737214 1449991741277015769
1449991741326739484 1449991741327021978
1449991741376723874 1449991741377049552
1449991741426743446 1449991741427051908
1449991741476744296 1449991741477044343
1449991741526775064 1449991741527215412
1449991741576779438 1449991741577185619
1449991741626752645 1449991741627096826
1449991741676759038 1449991741677153816
1449991741726743721 1449991741727013082
1449991741776736302 1449991741776996472
1449991741826723577 1449991741826906354
1449991741876718157 1449991741876859407
1449991741926720760 1449991741926919386
1449991741976764933 1449991741977107807
1449991742026774556 1449991742027183688
1449991742076747987 1449991742077071006
1449991742126729249 1449991742126888206
1449991742176740052 1449991742177023310
1449991742226726924 1449991742226935121
1449991742276739493 1449991742277050531
1449991742326736127 1449991742327102527
1449991742376745643 1449991742377101850
1449991742426751800 1449991742426940342
1449991742476738045 1449991742477060743
1449991742526737350 1449991742526996342
1449991742576733128 1449991742576935148
1449991742626722316 1449991742626940969
1449991742676754972 1449991742677244612
1449991742726759467 1449991742727134945
1449991742776753912 1449991742777147000
1449991742826754896 1449991742827167675
1449991742876734164 1449991742877060560
1449991742926779675 1449991742927230503
1449991742976731411 1449991742976918954
1449991743026721299 1449991743026924948
1449991743076748052 1449991743076950524
1449991743126724453 1449991743126951945
1449991743176715142 1449991743176910785
1449991743226742024 1449991743227166840
1449991743276746937 1449991743277058022
1449991743326747900 1449991743327004964
1449991743376778421 1449991743377182380
1449991743426749239 1449991743427085194
1449991743476749063 1449991743477111488
1449991743526730503 1449991743526923602
1449991743576721993 1449991743576933736
1449991743626718978 1449991743627032821
1449991743676726534 1449991743677050811
1449991743726728370 1449991743727016194
1449991743776734338 1449991743777195670
1449991743826772289 1449991743827170221
1449991743876718346 1449991743876884080
1449991743926780123 1449991743927280413
1449991743976750447 1449991743977150694
1449991744026750699 1449991744027223079
1449991744076777430 1449991744077215189
1449991744126762047 1449991744127206591
1449991744176761116 1449991744177228626
1449991744226742552 1449991744227170027
1449991744276780072 1449991744277226704
1449991744326764631 1449991744327050486
1449991744376734217 1449991744376979162
1449991744426733510 1449991744426989143
1449991744476741957 1449991744477027678
1449991744526724974 1449991744526994712
1449991744576753997 1449991744577111110
1449991744626723312 1449991744626982156
1449991744676717544 1449991744676894515
1449991744726714355 1449991744726961367
1449991744776768128 1449991744777184849
1449991744826745919 1449991744827115497
1449991744876765528 1449991744877189008
1449991744926753920 1449991744927179855
1449991744976787821 1449991744977143176
1449991745026788601 1449991745027274189
1449991745076772392 1449991745077185673
1449991745126774843 1449991745127210741
1449991745176746744 1449991745177058180
1449991745226754950 1449991745227168204
1449991745276725358 1449991745276899964
1449991745326722218 1449991745326906143
1449991745376726070 1449991745376883817
1449991745426724159 1449991745426963552
1449991745476737278 1449991745477047934
1449991745526741458 1449991745526882644
1449991745576716882 1449991745576882455
1449991745626740331 1449991745627026249
1449991745676746710 1449991745677057845
1449991745726721942 1449991745726931140
1449991745776737723 1449991745777037713
