1449991351888227322
1449991351938254758
1449991351988233415
1449991352038312906
1449991352088232519
1449991352138232500
1449991352188239614
1449991352238224388
1449991352288225809
1449991352338218238
1449991352388267830
1449991352438242043
1449991352488235443
1449991352538236640
1449991352588235826
1449991352638246796
1449991352688243797
1449991352738318641
1449991352788275515
1449991352838322666
1449991352888254720
1449991352938262630
1449991352988289355
1449991353038216935
1449991353088238716
1449991353138231092
1449991353188241037
1449991353238217178
1449991353288232795
1449991353338238202
1449991353388257109
1449991353438233400
1449991353488259955
1449991353538260601
1449991353588314241
1449991353638331698
1449991353688243757
1449991353738243578
1449991353788245203
1449991353838258685
1449991353888299846
1449991353938263091
1449991353988331237
1449991354038236079
1449991354088235913
1449991354138246188
1449991354188235682
1449991354238231891
1449991354288219334
1449991354338218935
1449991354388211805
1449991354438213463
1449991354488218544
1449991354538215226
1449991354588229432
1449991354638239529
1449991354688247499
1449991354738259354
1449991354788295657
1449991354838316235
1449991354888253067
1449991354938238816
1449991354988271307
1449991355038326186
1449991355088244539
1449991355138235350
1449991355188232274
1449991355238228280
1449991355288244732
1449991355338255297
1449991355388272467
1449991355438221851
1449991355488218033
1449991355538217407
1449991355588231774
1449991355638260099
1449991355688270404
1449991355738216177
1449991355788213950
1449991355838213071
1449991355888235687
1449991355938222582
1449991355988209376
1449991356038223935
1449991356088208429
1449991356138219576
1449991356188264985
1449991356238326152
1449991356288266181
1449991356338236010
1449991356388235250
1449991356438239167
1449991356488226427
1449991356538211713
1449991356588237377
1449991356638213490
1449991356688219925
1449991356738217427
1449991356788214502
1449991356838224558
1449991356888262926
1449991356938221981
1449991356988213892
1449991357038224864
1449991357088226739
1449991357138219611
1449991357188237002
1449991357238253637
1449991357288272331
1449991357338322536
1449991357388236566
1449991357438269819
1449991357488519363
1449991357538219413
1449991357588229094
1449991357638216070
1449991357688230641
1449991357738221199
1449991357788298434
1449991357838257967
1449991357888323924
1449991357938317691
1449991357988272367
1449991358038269852
1449991358088323014
1449991358138237067
1449991358188213586
1449991358238218236
1449991358288222253
1449991358338221813
1449991358388215635
1449991358438265710
1449991358488330986
1449991358538251992
1449991358588273064
1449991358638329012
1449991358688250249
1449991358738230736
1449991358788242981
1449991358838221297
1449991358888212716
1449991358938208741
1449991358988233899
1449991359038220789
1449991359088217863
1449991359138210101
1449991359188207236
1449991359238206115
1449991359288215509
1449991359338215904
1449991359388214547
1449991359438211791
1449991359488207369
1449991359538214837
1449991359588210027
1449991359638202943
1449991359688216347
1449991359738218103
1449991359788228098
1449991359838216718
1449991359888215256
1449991359938240136
1449991359988285872
1449991360038256926
1449991360088257106
1449991360138234224
1449991360188240757
1449991360238219079
1449991360288217554
1449991360338216167
1449991360388257948
1449991360438255007
1449991360488252298
1449991360538261807
1449991360588284413
1449991360638233920
1449991360688257502
1449991360738239846
1449991360788230627
1449991360838210215
1449991360888223854
1449991360938237901
1449991360988228955
1449991361038230360
1449991361088232770
1449991361138239670
1449991361188231954
1449991361238248636
1449991361288259486
1449991361338247229
1449991361388235684
1449991361438228666
1449991361488231715
1449991361538233854
1449991361588238429
1449991361638324422
1449991361688235358
1449991361738247046
1449991361788223036
1449991361838228894
1449991361888223256
1449991361938323906
1449991361988245295
1449991362038240563
1449991362088259507
1449991362138223214
1449991362188211206
1449991362238214157
1449991362288213288
1449991362338206457
1449991362388275431
1449991362438232889
1449991362488268608
1449991362538239086
1449991362588230849
1449991362638232260
1449991362688268958
1449991362738266925
1449991362788263762
1449991362838227124
1449991362888255326
1449991362938309717
1449991362988236609
1449991363038226170
1449991363088267382
1449991363138309097
1449991363188236805
1449991363238224956
1449991363288269041
1449991363338232857
1449991363388225070
1449991363438224297
1449991363488249766
1449991363538223060
1449991363588217251
1449991363638224065
1449991363688239608
1449991363738235323
1449991363788228495
1449991363838226659
1449991363888270731
1449991363938317812
1449991363988238597
1449991364038228950
1449991364088270141
1449991364138326791
1449991364188278717
1449991364238237478
1449991364288271977
1449991364338327762
1449991364388237081
1449991364438228603
1449991364488264920
1449991364538232839
1449991364588226362
1449991364638266210
1449991364688321059
1449991364738232714
1449991364788224991
1449991364838222734
1449991364888235598
1449991364938229338
1449991364988223563
1449991365038215613
1449991365088233535
1449991365138217784
1449991365188216232
1449991365238209102
1449991365288256937
1449991365338235476
1449991365388226905
1449991365438329081
1449991365488271485
1449991365538264430
1449991365588277498
1449991365638229193
1449991365688265430
1449991365738254680
1449991365788238338
1449991365838228470
1449991365888271472
1449991365938316766
1449991365988220265
1449991366038241592
1449991366088259881
1449991366138226534
1449991366188240834
1449991366238230405
1449991366288217872
1449991366338328023
1449991366388234054
1449991366438221628
1449991366488209234
1449991366538230517
1449991366588218051
1449991366638240081
1449991366688268146
1449991366738236145
1449991366788236120
1449991366838197972
1449991366888270801
1449991366938234583
1449991366988219501
1449991367038270414
1449991367088318441
1449991367138218910
1449991367188232325
1449991367238228762
1449991367288209826
1449991367338260957
1449991367388321158
1449991367438215778
1449991367488212293
1449991367538233190
1449991367588217230
1449991367638222131
1449991367688210212
1449991367738217591
1449991367788218835
1449991367838224142
1449991367888265232
1449991367938253891
1449991367988238824
1449991368038220517
1449991368088206276
1449991368138254861
1449991368188229051
1449991368238216993
1449991368288257699
1449991368338258378
1449991368388269000
1449991368438261461
1449991368488264775
1449991368538268664
1449991368588221102
1449991368638210645
1449991368688267582
1449991368738260911
1449991368788274082
1449991368838217592
1449991368888237656
1449991368938228363
1449991368988236539
1449991369038226789
1449991369088265889
1449991369138322298
1449991369188276920
1449991369238237010
1449991369288268019
1449991369338237127
1449991369388241167
1449991369438242719
1449991369488259207
1449991369538234696
1449991369588268578
1449991369638216221
1449991369688214556
1449991369738248373
1449991369788271948
1449991369838223626
1449991369888268048
1449991369938247503
1449991369988217417
1449991370038227470
1449991370088225711
1449991370138237546
1449991370188271881
1449991370238245951
1449991370288275335
1449991370338270980
1449991370388319181
1449991370438243955
1449991370488241383
1449991370538243670
1449991370588274635
1449991370638325776
1449991370688242852
1449991370738320704
1449991370788253005
1449991370838256096
1449991370888287499
1449991370938374798
1449991370988277917
1449991371038317461
1449991371088243321
1449991371138325291
1449991371188241937
1449991371238259645
1449991371288316940
1449991371338316507
1449991371388246108
1449991371438322974
1449991371488273720
1449991371538220849
1449991371588278541
1449991371638321309
1449991371688278089
1449991371738239703
1449991371788243911
1449991371838236558
1449991371888215804
1449991371938238476
1449991371988242820
1449991372038214798
1449991372088229367
1449991372138226149
1449991372188209937
1449991372238226811
1449991372288241662
1449991372338270686
1449991372388276825
1449991372438210563
1449991372488236797
1449991372538239067
1449991372588260339
1449991372638244669
1449991372688254272
1449991372738225774
1449991372788221114
1449991372838228367
1449991372888210164
1449991372938202049
1449991372988230636
1449991373038215555
1449991373088271795
1449991373138245567
1449991373188276703
1449991373238255693
1449991373288265306
1449991373338262849
1449991373388273781
1449991373438245455
1449991373488259157
1449991373538263609
1449991373588318498
1449991373638317855
1449991373688277053
1449991373738243452
1449991373788258995
1449991373838237167
1449991373888256773
1449991373938322670
1449991373988278458
1449991374038315203
1449991374088275454
1449991374138216009
1449991374188266553
1449991374238263474
1449991374288328990
1449991374338319858
1449991374388279120
1449991374438215967
1449991374488223958
1449991374538217911
1449991374588214385
1449991374638233440
1449991374688216557
1449991374738270700
1449991374788328580
1449991374838220489
1449991374888278285
1449991374938315785
1449991374988277736
1449991375038323264
1449991375088241614
1449991375138311747
1449991375188276248
1449991375238215098
1449991375288274697
1449991375338321091
1449991375388217625
1449991375438320525
1449991375488249282
1449991375538214647
1449991375588261759
1449991375638254969
1449991375688278664
1449991375738318703
1449991375788245779
1449991375838321522
1449991375888228628
1449991375938220744
1449991375988235714
1449991376038214231
1449991376088215169
1449991376138266862
1449991376188300393
1449991376238216535
1449991376288274721
1449991376338324873
1449991376388226819
1449991376438320970
1449991376488262746
1449991376538320825
1449991376588219604
1449991376638228418
1449991376688208960
1449991376738241711
1449991376788258741
1449991376838216652
1449991376888222332
1449991376938232987
1449991376988214466
1449991377038208978
1449991377088209284
1449991377138213710
1449991377188209103
1449991377238199810
1449991377288259383
1449991377338251934
1449991377388247375
1449991377438324778
1449991377488273149
1449991377538246186
1449991377588270920
1449991377638260441
1449991377688255552
1449991377738250572
1449991377788241051
1449991377838320406
1449991377888261073
1449991377938261779
1449991377988260446
1449991378038217128
1449991378088209962
1449991378138231689
1449991378188237557
1449991378238220108
1449991378288231389
1449991378338255472
1449991378388301254
1449991378438265507
1449991378488304718
1449991378538323752
1449991378588233821
1449991378638212812
1449991378688214024
1449991378738228527
1449991378788225744
1449991378838215719
1449991378888322652
1449991378938221369
1449991378988236309
1449991379038217932
1449991379088222261
1449991379138264187
1449991379188320445
1449991379238220969
1449991379288208510
1449991379338214931
1449991379388206891
1449991379438224971
1449991379488211119
1449991379538219488
1449991379588213433
1449991379638209548
1449991379688210005
1449991379738218429
1449991379788209989
1449991379838220983
1449991379888210076
1449991379938213555
1449991379988218369
1449991380038216338
1449991380088208635
1449991380138211416
1449991380188207679
1449991380238209246
1449991380288206462
1449991380338212340
1449991380388208908
1449991380438229262
1449991380488264102
1449991380538230384
1449991380588222641
1449991380638218543
1449991380688263072
1449991380738238480
1449991380788231811
1449991380838228053
1449991380888266742
1449991380938257596
1449991380988321479
1449991381038311491
1449991381088272187
1449991381138225800
1449991381188271976
1449991381238254504
1449991381288275650
1449991381338309244
1449991381388273314
1449991381438269400
1449991381488330994
1449991381538266800
1449991381588285163
1449991381638263371
1449991381688307436
1449991381738247261
1449991381788233281
