1449991655210023501
1449991655260022040
1449991655310029430
1449991655360032615
1449991655410023803
1449991655460022583
1449991655510008887
1449991655560066604
1449991655610065777
1449991655660008007
1449991655710027182
1449991655760037320
1449991655810069260
1449991655860071594
1449991655910072186
1449991655960071463
1449991656010070538
1449991656060063661
1449991656110038058
1449991656160022637
1449991656210031024
1449991656260021598
1449991656310028254
1449991656360015480
1449991656410066647
1449991656460037041
1449991656510080733
1449991656560075466
1449991656610037146
1449991656660036910
1449991656710072568
1449991656760025176
1449991656810037568
1449991656860024497
1449991656910038679
1449991656960072993
1449991657010029499
1449991657060009020
1449991657110023515
1449991657160070723
1449991657210080633
1449991657260073742
1449991657310012926
1449991657360002674
1449991657410023880
1449991657460066010
1449991657510034492
1449991657560040272
1449991657610038924
1449991657660027799
1449991657710066969
1449991657760072837
1449991657810029133
1449991657860024290
1449991657910021548
1449991657960002814
1449991658010008002
1449991658060024412
1449991658110068102
1449991658160014041
1449991658210018232
1449991658260068978
1449991658310012027
1449991658360021171
1449991658410066193
1449991658460034883
1449991658510016558
1449991658560010352
1449991658610023361
1449991658660013562
1449991658710061607
1449991658760026946
1449991658810034325
1449991658860029154
1449991658910041360
1449991658960033911
1449991659010023382
1449991659060031555
1449991659110072078
1449991659160029587
1449991659210070597
1449991659260020769
1449991659310073557
1449991659360037513
1449991659410037256
1449991659460011761
1449991659510011139
1449991659560010810
1449991659610008461
1449991659660016373
1449991659710027543
1449991659760008648
1449991659810005716
1449991659860027527
1449991659910073787
1449991659960034626
1449991660010032295
1449991660060028328
1449991660110021534
1449991660160025430
1449991660210021777
1449991660260029521
1449991660310014450
1449991660360036541
1449991660410069467
1449991660460038425
1449991660510071374
1449991660560031178
1449991660610013686
1449991660660023890
1449991660710032411
1449991660760028473
1449991660810018379
1449991660860024674
1449991660910014482
1449991660960013321
1449991661010006280
1449991661060023310
1449991661110012049
1449991661160007106
1449991661210029800
1449991661260030127
1449991661310034455
1449991661360033561
1449991661410039329
1449991661460075235
1449991661510015429
1449991661560023353
1449991661610068724
1449991661660013874
1449991661710026272
1449991661760019697
1449991661810028602
1449991661860039882
1449991661910070416
1449991661960063822
1449991662010028924
1449991662060016391
1449991662110001849
1449991662160025731
1449991662210026949
1449991662260012639
1449991662310008479
1449991662360029368
1449991662410032082
1449991662460032291
1449991662510028881
1449991662560031158
1449991662610013332
1449991662660009137
1449991662710029037
1449991662760023422
1449991662810030713
1449991662860027586
1449991662910135136
1449991662960025549
1449991663010068594
1449991663060034545
1449991663110030979
1449991663160039954
1449991663210021059
1449991663260065030
1449991663310016439
1449991663360051201
1449991663410048269
1449991663460073130
1449991663510024180
1449991663560011446
1449991663610054041
1449991663660075016
1449991663710019382
1449991663760071952
1449991663810073129
1449991663860016349
1449991663910006431
1449991663960001902
1449991664010002014
1449991664060002416
1449991664110000195
1449991664160001861
1449991664210001241
1449991664260021755
1449991664310064396
1449991664360077117
1449991664410030683
1449991664460025087
1449991664510067692
1449991664560036458
1449991664610063967
1449991664660028548
1449991664710050886
1449991664760072554
1449991664810054394
1449991664860073278
1449991664910077058
1449991664960071714
1449991665010039632
1449991665060074152
1449991665110074040
1449991665160035803
1449991665210025055
1449991665260032469
1449991665310072849
1449991665360041289
1449991665410016206
1449991665460010892
1449991665510027455
1449991665560074225
1449991665610034827
1449991665660034555
1449991665710072021
1449991665760029850
1449991665810021870
1449991665860039401
1449991665910069912
1449991665960037894
1449991666010075440
1449991666060071031
1449991666110033752
1449991666160025314
1449991666210022873
1449991666260021271
1449991666310023677
1449991666360072115
1449991666410072120
1449991666460020136
1449991666510067656
1449991666560013852
1449991666610026595
1449991666660011583
1449991666710004977
1449991666760031972
1449991666810056786
1449991666860031256
1449991666910032610
1449991666960057822
1449991667010039910
1449991667060071028
1449991667110040076
1449991667160023927
1449991667210018871
1449991667260027368
1449991667310048156
1449991667360022152
1449991667410027773
1449991667460075756
1449991667510027782
1449991667560041211
1449991667610066556
1449991667660033913
1449991667710071630
1449991667760049548
1449991667810071920
1449991667860074284
1449991667910030256
1449991667960036945
1449991668010058161
1449991668060028323
1449991668110058879
1449991668160074462
1449991668210072716
1449991668260033321
1449991668310070153
1449991668360056647
1449991668410027432
1449991668460038726
1449991668510076296
1449991668560043466
1449991668610038112
1449991668660077319
1449991668710031681
1449991668760073569
1449991668810073928
1449991668860017031
1449991668910021330
1449991668960069312
1449991669010070476
1449991669060073778
1449991669110030681
1449991669160037044
1449991669210064594
1449991669260025043
1449991669310018516
1449991669360074377
1449991669410038414
1449991669460015334
1449991669510022180
1449991669560024874
1449991669610034788
1449991669660045333
1449991669710078670
1449991669760074996
1449991669810037846
1449991669860059159
1449991669910075234
1449991669960031207
1449991670010071595
1449991670060076487
1449991670110075146
1449991670160077977
1449991670210034974
1449991670260011462
1449991670310006898
1449991670360014909
1449991670410012896
1449991670460067979
1449991670510070369
1449991670560016187
1449991670610067632
1449991670660038026
1449991670710042742
1449991670760044677
1449991670810025061
1449991670860031403
1449991670910029901
1449991670960070905
1449991671010033823
1449991671060038722
1449991671110026729
1449991671160042420
1449991671210049747
1449991671260016024
1449991671310062997
1449991671360036428
1449991671410126059
1449991671460076922
1449991671510015500
1449991671560023584
1449991671610024989
1449991671660011686
1449991671710053927
1449991671760049248
1449991671810046008
1449991671860070575
1449991671910041558
1449991671960025452
1449991672010027896
1449991672060074804
1449991672110069460
1449991672160041915
1449991672210072984
1449991672260075370
1449991672310072645
1449991672360029596
1449991672410033194
1449991672460075225
1449991672510034281
1449991672560072869
1449991672610022754
1449991672660072100
1449991672710015139
1449991672760059210
1449991672810066418
1449991672860016977
1449991672910065505
1449991672960034202
1449991673010009864
1449991673060006649
1449991673110048663
1449991673160065739
1449991673210040346
1449991673260071167
1449991673310061246
1449991673360072767
1449991673410008838
1449991673460074253
1449991673510067513
1449991673560035718
1449991673610070245
1449991673660044421
1449991673710068627
1449991673760075096
1449991673810072338
1449991673860014528
1449991673910061737
1449991673960079993
1449991674010073914
1449991674060071282
1449991674110069757
1449991674160042623
1449991674210034921
1449991674260024007
1449991674310045160
1449991674360017038
1449991674410021198
1449991674460023729
1449991674510024458
1449991674560077126
1449991674610018875
1449991674660025044
1449991674710009045
1449991674760069193
1449991674810023608
1449991674860043003
1449991674910022147
1449991674960012088
1449991675010023214
1449991675060023580
1449991675110003778
1449991675160012598
1449991675210032335
1449991675260018134
1449991675310036043
1449991675360068491
1449991675410031044
1449991675460036374
1449991675510021351
1449991675560102507
1449991675610061906
1449991675660029317
1449991675710076241
1449991675760059749
1449991675810070888
1449991675860071925
1449991675910069946
1449991675960072282
1449991676010033308
1449991676060070193
1449991676110011170
1449991676160024269
1449991676210067595
1449991676260034120
1449991676310036420
1449991676360005025
1449991676410010431
1449991676460066950
1449991676510012643
1449991676560063759
1449991676610033599
1449991676660033299
1449991676710032418
1449991676760065879
1449991676810007696
1449991676860017221
1449991676910036881
1449991676960054679
1449991677010003326
1449991677060065506
1449991677110014912
1449991677160049182
1449991677210011557
1449991677260045520
1449991677310008671
1449991677360008355
1449991677410074616
1449991677460067916
1449991677510070319
1449991677560071981
1449991677610043595
1449991677660034829
1449991677710073208
1449991677760073146
1449991677810070731
1449991677860070479
1449991677910069471
1449991677960032158
1449991678010061085
1449991678060018680
1449991678110066978
1449991678160072762
1449991678210029091
1449991678260070089
1449991678310073050
1449991678360022403
1449991678410028639
1449991678460063405
1449991678510035858
1449991678560070371
1449991678610010703
1449991678660057882
1449991678710029288
1449991678760007594
1449991678810025609
1449991678860035613
1449991678910027576
1449991678960022172
1449991679010020065
1449991679060066425
1449991679110030702
1449991679160072014
1449991679210028279
1449991679260021592
1449991679310019084
1449991679360023225
1449991679410026484
1449991679460033164
1449991679510074682
1449991679560039862
1449991679610045088
1449991679660031458
1449991679710026542
1449991679760024021
1449991679810055474
1449991679860031678
1449991679910020677
1449991679960072810
1449991680010031612
1449991680060073030
1449991680110072981
1449991680160072649
1449991680210048004
1449991680260075371
1449991680310029755
1449991680360026118
1449991680410013047
1449991680460069720
1449991680510072110
1449991680560072626
1449991680610060396
1449991680660077637
1449991680710078623
1449991680760033399
1449991680810062817
1449991680860077251
1449991680910074917
1449991680960033842
1449991681010021970
1449991681060070367
1449991681110076810
1449991681160030921
1449991681210038726
1449991681260069461
1449991681310033327
1449991681360076716
1449991681410073420
1449991681460070261
1449991681510072468
1449991681560058811
1449991681610069443
1449991681660058620
1449991681710061060
1449991681760040869
1449991681810035298
1449991681860074959
1449991681910073661
1449991681960017221
1449991682010007377
1449991682060071196
1449991682110076159
1449991682160012986
1449991682210048976
1449991682260013004
1449991682310024465
1449991682360028374
1449991682410070140
1449991682460025646
1449991682510037528
1449991682560077313
1449991682610070730
1449991682660071626
1449991682710069202
1449991682760033828
1449991682810073491
1449991682860071121
1449991682910037583
1449991682960042305
1449991683010069093
1449991683060035739
1449991683110077268
1449991683160011402
1449991683210068464
1449991683260033095
1449991683310009506
1449991683360006271
1449991683410024496
1449991683460010894
1449991683510027609
1449991683560033878
1449991683610003471
1449991683660029491
1449991683710071210
1449991683760071970
1449991683810013608
1449991683860066273
1449991683910075766
1449991683960071364
1449991684010068489
1449991684060068587
1449991684110032049
1449991684160031556
1449991684210070602
1449991684260083526
1449991684310073191
1449991684360075567
1449991684410072645
1449991684460074364
1449991684510033870
1449991684560044592
1449991684610032129
1449991684660024239
1449991684710074301
1449991684760073042
1449991684810030805
1449991684860076292
1449991684910021890
1449991684960037357
1449991685010077225
1449991685060074333
1449991685110071826
