1449997343490159949 1449997343490337648
1449997343540168339 1449997343540310584
1449997343590210068 1449997343590513072
1449997343640212809 1449997343640466969
1449997343690202200 1449997343690492428
1449997343740188888 1449997343740707082
1449997343790212583 1449997343790475605
1449997343840190270 1449997343840425116
1449997343890175812 1449997343890401535
1449997343940177150 1449997343940286106
1449997343990153461 1449997343990450180
1449997344040216268 1449997344040462208
1449997344090213566 1449997344090464602
1449997344140376757 1449997344140625615
1449997344190176654 1449997344190315323
1449997344240174234 1449997344240344407
1449997344290209770 1449997344290472064
1449997344340171995 1449997344340368895
1449997344390168783 1449997344390339293
1449997344440212553 1449997344440423568
1449997344490171104 1449997344490396011
1449997344540184796 1449997344540387713
1449997344590151719 1449997344590294623
1449997344640167246 1449997344640363651
1449997344690164164 1449997344690463836
1449997344740195108 1449997344740421137
1449997344790162646 1449997344790415229
1449997344840214502 1449997344840435232
1449997344890145629 1449997344890267157
1449997344940214611 1449997344940436554
1449997344990203397 1449997344990479734
1449997345040165399 1449997345040394348
1449997345090218457 1449997345090498004
1449997345140218095 1449997345140461069
1449997345190214982 1449997345190503680
1449997345240198991 1449997345240378982
1449997345290214888 1449997345290453338
1449997345340175066 1449997345340359313
1449997345390211944 1449997345390482637
1449997345440210535 1449997345440414271
1449997345490218648 1449997345490461061
1449997345540220003 1449997345540421373
1449997345590216767 1449997345590457312
1449997345640219738 1449997345640421796
1449997345690210779 1449997345690450840
1449997345740194834 1449997345740417553
1449997345790215600 1449997345790451468
1449997345840215461 1449997345840419029
1449997345890215659 1449997345890454520
1449997345940214778 1449997345940416045
1449997345990195860 1449997345990416754
1449997346040185662 1449997346040398327
1449997346090215437 1449997346090517061
1449997346140207898 1449997346140438942
1449997346190197265 1449997346190457422
1449997346240216614 1449997346240466413
1449997346290216475 1449997346290498982
1449997346340180097 1449997346340369423
1449997346390214293 1449997346390489844
1449997346440214043 1449997346440496484
1449997346490211613 1449997346490494631
1449997346540213899 1449997346540447021
1449997346590212825 1449997346590500316
1449997346640209863 1449997346640450829
1449997346690179118 1449997346690445294
1449997346740210854 1449997346740437461
1449997346790212309 1449997346790515703
1449997346840212811 1449997346840440958
1449997346890219909 1449997346890489777
1449997346940196494 1449997346940434623
1449997346990210844 1449997346990498236
1449997347040177166 1449997347040419943
1449997347090213035 1449997347090494496
1449997347140207267 1449997347140487258
1449997347190216278 1449997347190499414
1449997347240212879 1449997347240453945
1449997347290213926 1449997347290494602
1449997347340165377 1449997347340373589
1449997347390211653 1449997347390493973
1449997347440212216 1449997347440454722
1449997347490193495 1449997347490512000
1449997347540212526 1449997347540453212
1449997347590181150 1449997347590447784
1449997347640195042 1449997347640427012
1449997347690215383 1449997347690485509
1449997347740213537 1449997347740452328
1449997347790213642 1449997347790496877
1449997347840211518 1449997347840481230
1449997347890179965 1449997347890442076
1449997347940216025 1449997347940442886
1449997347990213530 1449997347990486018
1449997348040218155 1449997348040459566
1449997348090213613 1449997348090490561
1449997348140182247 1449997348140419521
1449997348190213482 1449997348190524106
1449997348240215294 1449997348240458405
1449997348290210979 1449997348290489470
1449997348340176359 1449997348340381350
1449997348390216384 1449997348390510952
1449997348440215757 1449997348440484203
1449997348490211994 1449997348490521341
1449997348540212686 1449997348540513782
1449997348590212504 1449997348590519822
1449997348640215332 1449997348640465576
1449997348690213131 1449997348690486725
1449997348740212217 1449997348740444888
1449997348790195127 1449997348790465363
1449997348840179282 1449997348840416470
1449997348890180590 1449997348890482357
1449997348940215427 1449997348940455210
1449997348990211686 1449997348990491180
1449997349040184780 1449997349040441792
1449997349090168187 1449997349090436936
1449997349140216398 1449997349140470103
1449997349190215393 1449997349190502143
1449997349240214813 1449997349240495600
1449997349290211911 1449997349290492831
1449997349340177331 1449997349340378764
1449997349390211717 1449997349390492276
1449997349440215296 1449997349440457566
1449997349490212294 1449997349490491039
1449997349540186397 1449997349540410786
1449997349590183097 1449997349590493942
1449997349640210748 1449997349640451333
1449997349690212092 1449997349690484183
1449997349740168224 1449997349740404059
1449997349790182745 1449997349790462316
1449997349840215905 1449997349840457516
1449997349890212599 1449997349890488691
1449997349940217080 1449997349940485643
1449997349990213153 1449997349990490231
1449997350040169028 1449997350040411100
1449997350090215310 1449997350090502197
1449997350140215649 1449997350140459946
1449997350190215443 1449997350190501525
1449997350240213988 1449997350240454640
1449997350290215413 1449997350290528857
1449997350340164368 1449997350340376185
1449997350390210417 1449997350390483583
1449997350440215731 1449997350440454990
1449997350490213377 1449997350490494905
1449997350540197900 1449997350540436577
1449997350590212347 1449997350590518448
1449997350640213732 1449997350640507671
1449997350690197152 1449997350690616763
1449997350740178411 1449997350740483225
1449997350790214608 1449997350790501601
1449997350840215615 1449997350840501773
1449997350890222478 1449997350890497010
1449997350940212751 1449997350940500252
1449997350990169584 1449997350990544153
1449997351040184633 1449997351040390284
1449997351090193077 1449997351090393041
1449997351140212385 1449997351140458530
1449997351190183090 1449997351190477107
1449997351240178861 1449997351240317109
1449997351290215834 1449997351290505784
1449997351340169336 1449997351340415748
1449997351390211182 1449997351390508667
1449997351440215477 1449997351440497486
1449997351490212014 1449997351490504971
1449997351540196330 1449997351540483667
1449997351590212357 1449997351590491774
1449997351640211323 1449997351640451287
1449997351690176395 1449997351690509924
1449997351740194167 1449997351740436974
1449997351790213919 1449997351790498528
1449997351840214074 1449997351840454747
1449997351890212469 1449997351890488618
1449997351940169085 1449997351940342618
1449997351990208372 1449997351990476670
1449997352040172890 1449997352040435452
1449997352090215701 1449997352090476840
1449997352140212903 1449997352140433707
1449997352190216696 1449997352190481911
1449997352240217199 1449997352240438651
1449997352290217324 1449997352290478746
1449997352340168521 1449997352340369727
1449997352390210949 1449997352390516588
1449997352440217171 1449997352440440661
1449997352490213835 1449997352490480436
1449997352540181817 1449997352540404545
1449997352590213777 1449997352590464161
1449997352640195871 1449997352640439995
1449997352690221841 1449997352690464862
1449997352740216217 1449997352740469457
1449997352790216863 1449997352790476515
1449997352840217148 1449997352840443117
1449997352890209629 1449997352890466348
1449997352940214678 1449997352940443935
1449997352990211589 1449997352990472969
1449997353040203803 1449997353040429862
1449997353090217726 1449997353090509421
1449997353140214283 1449997353140417580
1449997353190216626 1449997353190447987
1449997353240215104 1449997353240413504
1449997353290161487 1449997353290341375
1449997353340175056 1449997353340350758
1449997353390211306 1449997353390448240
1449997353440213031 1449997353440436769
1449997353490208255 1449997353490444050
1449997353540214568 1449997353540471059
1449997353590170125 1449997353590403952
1449997353640215616 1449997353640455633
1449997353690225830 1449997353690481847
1449997353740217493 1449997353740437826
1449997353790214307 1449997353790501835
1449997353840216938 1449997353840434501
1449997353890213895 1449997353890468429
1449997353940180889 1449997353940394530
1449997353990200551 1449997353990448079
1449997354040218329 1449997354040439698
1449997354090215979 1449997354090468829
1449997354140215910 1449997354140466461
1449997354190214391 1449997354190469576
1449997354240215926 1449997354240435430
1449997354290211948 1449997354290464745
1449997354340177101 1449997354340387090
1449997354390212532 1449997354390452533
1449997354440208371 1449997354440404041
1449997354490179731 1449997354490431121
1449997354540202119 1449997354540418176
1449997354590213934 1449997354590466737
1449997354640180116 1449997354640390716
1449997354690215881 1449997354690464625
1449997354740213213 1449997354740427562
1449997354790212399 1449997354790457772
1449997354840217108 1449997354840470800
1449997354890211684 1449997354890463501
1449997354940211906 1449997354940433648
1449997354990185504 1449997354990423066
1449997355040210702 1449997355040452497
1449997355090214198 1449997355090483836
1449997355140216244 1449997355140448133
1449997355190210663 1449997355190504101
1449997355240214359 1449997355240445226
1449997355290212891 1449997355290485539
1449997355340164572 1449997355340380525
1449997355390211196 1449997355390481198
1449997355440195699 1449997355440426689
1449997355490178555 1449997355490444143
1449997355540214391 1449997355540475436
1449997355590214873 1449997355590492536
1449997355640213725 1449997355640452283
1449997355690218197 1449997355690492265
1449997355740218402 1449997355740456852
1449997355790184767 1449997355790460642
1449997355840213316 1449997355840452716
1449997355890212035 1449997355890519271
1449997355940178019 1449997355940416479
1449997355990208409 1449997355990487178
1449997356040210301 1449997356040447703
1449997356090210657 1449997356090485794
1449997356140216725 1449997356140456756
1449997356190212377 1449997356190484781
1449997356240213230 1449997356240475845
1449997356290212379 1449997356290490724
1449997356340162568 1449997356340384351
1449997356390178509 1449997356390444545
1449997356440217762 1449997356440417495
1449997356490218953 1449997356490494815
1449997356540209897 1449997356540445889
1449997356590212688 1449997356590508913
1449997356640214590 1449997356640453001
1449997356690211672 1449997356690490678
1449997356740214393 1449997356740453187
1449997356790210291 1449997356790494055
1449997356840212441 1449997356840459845
1449997356890197148 1449997356890471660
1449997356940214208 1449997356940732225
1449997356990210437 1449997356990481141
1449997357040186083 1449997357040408828
1449997357090211399 1449997357090460052
1449997357140178816 1449997357140377139
1449997357190211528 1449997357190459283
1449997357240212816 1449997357240420186
1449997357290197102 1449997357290454522
1449997357340160624 1449997357340353404
1449997357390179314 1449997357390436450
1449997357440159901 1449997357440326713
1449997357490213257 1449997357490470066
1449997357540204792 1449997357540424413
1449997357590214425 1449997357590463363
1449997357640215422 1449997357640432992
1449997357690215497 1449997357690471026
1449997357740214403 1449997357740425956
1449997357790212072 1449997357790461782
1449997357840216667 1449997357840431067
1449997357890183246 1449997357890447742
1449997357940176412 1449997357940350864
1449997357990215816 1449997357990467329
1449997358040212991 1449997358040428249
1449997358090212718 1449997358090464416
1449997358140212192 1449997358140428272
1449997358190213025 1449997358190465183
1449997358240212746 1449997358240466618
1449997358290211564 1449997358290460976
1449997358340161222 1449997358340355756
1449997358390226758 1449997358390484653
1449997358440215614 1449997358440430882
1449997358490216160 1449997358490472999
1449997358540217384 1449997358540433598
1449997358590214736 1449997358590492419
1449997358640215112 1449997358640429093
1449997358690213095 1449997358690466904
1449997358740213401 1449997358740473791
1449997358790210418 1449997358790464521
1449997358840185600 1449997358840399144
1449997358890211691 1449997358890467574
1449997358940216219 1449997358940458722
1449997358990211663 1449997358990471085
1449997359040179782 1449997359040402253
1449997359090211051 1449997359090507336
1449997359140210745 1449997359140426100
1449997359190212517 1449997359190464438
1449997359240213638 1449997359240432982
1449997359290180718 1449997359290459797
1449997359340161653 1449997359340358201
1449997359390212927 1449997359390465837
1449997359440212120 1449997359440428453
1449997359490215525 1449997359490467333
1449997359540215089 1449997359540428373
1449997359590215097 1449997359590474171
1449997359640214166 1449997359640462082
1449997359690213703 1449997359690468427
1449997359740212185 1449997359740426530
1449997359790205835 1449997359790464581
1449997359840214887 1449997359840430178
1449997359890215149 1449997359890473725
1449997359940215698 1449997359940432713
1449997359990195590 1449997359990491371
1449997360040213562 1449997360040428449
1449997360090209210 1449997360090463143
1449997360140209756 1449997360140429080
1449997360190193711 1449997360190454442
1449997360240169194 1449997360240383777
1449997360290207986 1449997360290500115
1449997360340172865 1449997360340392369
1449997360390212295 1449997360390484964
1449997360440218514 1449997360440472026
1449997360490213511 1449997360490488137
1449997360540214023 1449997360540454779
1449997360590216260 1449997360590494327
1449997360640187409 1449997360640427974
1449997360690211993 1449997360690511799
1449997360740205823 1449997360740443937
1449997360790209239 1449997360790466258
1449997360840214596 1449997360840439960
1449997360890213194 1449997360890497121
1449997360940213406 1449997360940459931
1449997360990205540 1449997360990491905
1449997361040209978 1449997361040488579
1449997361090212662 1449997361090492132
1449997361140195367 1449997361140439574
1449997361190195783 1449997361190480288
1449997361240179774 1449997361240424095
1449997361290217685 1449997361290498188
1449997361340174732 1449997361340388403
1449997361390214166 1449997361390521984
1449997361440212735 1449997361440458622
1449997361490214363 1449997361490495079
1449997361540213562 1449997361540458481
1449997361590212171 1449997361590496331
1449997361640208727 1449997361640454037
1449997361690210934 1449997361690493508
1449997361740213802 1449997361740482561
1449997361790211879 1449997361790498411
1449997361840213848 1449997361840459899
1449997361890207060 1449997361890491522
1449997361940193808 1449997361940438864
1449997361990210093 1449997361990496078
1449997362040199761 1449997362040461494
1449997362090183529 1449997362090507630
1449997362140219559 1449997362140464280
1449997362190198469 1449997362190481036
1449997362240213528 1449997362240458075
1449997362290214511 1449997362290493824
1449997362340164553 1449997362340359428
1449997362390213365 1449997362390495975
1449997362440214074 1449997362440485817
1449997362490214964 1449997362490496021
1449997362540181684 1449997362540416529
1449997362590210113 1449997362590487154
1449997362640212072 1449997362640453028
1449997362690182423 1449997362690468414
1449997362740214029 1449997362740461891
1449997362790210379 1449997362790506603
1449997362840207360 1449997362840446198
1449997362890218409 1449997362890461066
1449997362940211108 1449997362940441333
1449997362990195634 1449997362990466471
1449997363040166112 1449997363040382666
1449997363090214285 1449997363090491083
1449997363140193196 1449997363140461110
1449997363190212006 1449997363190487641
1449997363240216344 1449997363240453034
1449997363290210469 1449997363290484019
1449997363340165933 1449997363340374134
1449997363390211180 1449997363390487543
1449997363440212454 1449997363440449989
1449997363490209716 1449997363490508931
1449997363540215904 1449997363540458494
1449997363590210915 1449997363590497838
1449997363640196076 1449997363640443246
1449997363690210483 1449997363690492612
1449997363740213311 1449997363740457297
1449997363790208605 1449997363790493033
1449997363840209999 1449997363840495777
1449997363890193871 1449997363890478559
1449997363940213039 1449997363940457610
1449997363990218265 1449997363990503244
1449997364040217314 1449997364040463903
1449997364090196412 1449997364090483312
1449997364140220290 1449997364140469435
1449997364190216299 1449997364190525280
1449997364240219495 1449997364240466471
1449997364290206380 1449997364290494229
1449997364340180937 1449997364340352429
1449997364390203128 1449997364390489056
1449997364440218902 1449997364440462949
1449997364490208303 1449997364490492423
1449997364540212544 1449997364540480468
1449997364590178999 1449997364590451142
1449997364640215473 1449997364640460405
1449997364690212200 1449997364690497430
1449997364740210404 1449997364740455563
1449997364790192902 1449997364790477825
1449997364840165946 1449997364840411680
1449997364890208170 1449997364890488802
1449997364940215073 1449997364940457563
1449997364990200679 1449997364990488865
1449997365040165056 1449997365040414856
1449997365090178752 1449997365090444618
1449997365140212439 1449997365140455417
1449997365190193504 1449997365190478611
1449997365240213585 1449997365240481719
1449997365290178704 1449997365290450787
1449997365340164740 1449997365340317149
1449997365390177671 1449997365390441261
1449997365440215414 1449997365440462865
1449997365490150198 1449997365490329020
1449997365540160659 1449997365540367004
1449997365590178167 1449997365590470600
1449997365640211988 1449997365640425686
1449997365690211549 1449997365690470756
1449997365740195965 1449997365740408754
1449997365790212273 1449997365790468671
1449997365840215498 1449997365840429049
1449997365890215349 1449997365890466011
1449997365940215140 1449997365940459578
1449997365990213361 1449997365990463615
1449997366040217558 1449997366040447857
1449997366090216457 1449997366090467630
1449997366140214571 1449997366140442912
1449997366190216563 1449997366190484758
1449997366240214687 1449997366240450585
1449997366290214732 1449997366290523215
1449997366340177158 1449997366340369798
1449997366390210776 1449997366390479378
1449997366440215728 1449997366440444253
1449997366490209616 1449997366490483600
1449997366540197396 1449997366540426358
1449997366590213868 1449997366590486205
1449997366640193694 1449997366640438278
1449997366690153288 1449997366690306438
1449997366740215185 1449997366740426828
1449997366790214081 1449997366790489899
1449997366840212605 1449997366840404858
1449997366890175031 1449997366890436160
1449997366940213082 1449997366940446982
1449997366990208430 1449997366990486346
1449997367040185910 1449997367040419276
1449997367090174225 1449997367090356415
1449997367140167584 1449997367140349818
1449997367190209571 1449997367190490307
1449997367240214460 1449997367240466034
1449997367290211772 1449997367290472864
1449997367340177833 1449997367340361683
1449997367390210782 1449997367390467451
1449997367440210750 1449997367440431177
1449997367490209830 1449997367490472411
1449997367540167705 1449997367540387948
1449997367590178745 1449997367590420476
1449997367640217227 1449997367640439137
1449997367690213857 1449997367690473389
1449997367740149870 1449997367740277484
1449997367790215333 1449997367790490591
1449997367840214920 1449997367840457430
1449997367890210786 1449997367890492665
1449997367940211729 1449997367940453751
1449997367990211647 1449997367990490496
1449997368040178126 1449997368040426211
1449997368090215007 1449997368090499479
1449997368140215266 1449997368140459339
1449997368190169864 1449997368190438948
1449997368240211086 1449997368240455577
1449997368290169459 1449997368290438660
1449997368340172254 1449997368340364469
1449997368390198084 1449997368390490403
1449997368440211479 1449997368440455124
1449997368490213521 1449997368490496302
1449997368540178376 1449997368540419546
1449997368590182477 1449997368590447725
1449997368640215009 1449997368640458825
1449997368690177776 1449997368690409103
1449997368740216815 1449997368740474553
1449997368790216446 1449997368790496745
1449997368840215555 1449997368840458476
1449997368890209132 1449997368890496560
1449997368940201453 1449997368940448817
1449997368990214293 1449997368990494565
1449997369040178944 1449997369040409858
1449997369090214363 1449997369090473500
1449997369140216322 1449997369140439818
1449997369190172387 1449997369190374348
1449997369240208968 1449997369240416218
1449997369290212871 1449997369290465537
1449997369340164964 1449997369340357741
1449997369390214588 1449997369390464407
1449997369440210507 1449997369440428274
1449997369490180279 1449997369490435792
1449997369540213740 1449997369540424217
1449997369590214319 1449997369590487331
1449997369640215423 1449997369640463044
1449997369690214606 1449997369690491407
1449997369740215142 1449997369740458059
1449997369790213195 1449997369790498505
1449997369840212946 1449997369840455797
1449997369890210552 1449997369890493126
1449997369940212150 1449997369940457376
1449997369990179317 1449997369990445547
1449997370040187634 1449997370040436231
1449997370090211780 1449997370090492390
1449997370140214511 1449997370140459453
1449997370190209585 1449997370190489509
1449997370240214390 1449997370240461808
1449997370290206453 1449997370290491576
1449997370340171228 1449997370340400458
1449997370390193804 1449997370390473351
1449997370440180088 1449997370440425370
1449997370490180647 1449997370490437863
1449997370540214161 1449997370540433912
1449997370590209786 1449997370590473741
1449997370640211721 1449997370640438890
1449997370690216981 1449997370690482927
1449997370740204551 1449997370740416735
1449997370790212521 1449997370790484256
1449997370840214126 1449997370840441942
1449997370890222930 1449997370890473364
1449997370940191009 1449997370940433141
1449997370990212429 1449997370990515219
1449997371040221307 1449997371040462581
1449997371090174479 1449997371090477573
1449997371140212590 1449997371140454305
1449997371190174542 1449997371190407550
1449997371240214971 1449997371240456101
1449997371290214144 1449997371290493715
1449997371340178318 1449997371340404798
1449997371390201669 1449997371390480781
1449997371440192913 1449997371440431828
1449997371490182421 1449997371490392801
1449997371540214739 1449997371540486495
1449997371590212686 1449997371590488801
1449997371640217999 1449997371640490811
1449997371690214867 1449997371690475434
1449997371740213572 1449997371740473818
1449997371790210907 1449997371790496277
1449997371840215733 1449997371840477125
1449997371890212640 1449997371890510870
1449997371940212745 1449997371940455903
1449997371990194863 1449997371990458400
1449997372040214348 1449997372040447249
1449997372090210992 1449997372090477469
1449997372140209841 1449997372140440056
1449997372190211870 1449997372190484164
1449997372240211260 1449997372240450763
1449997372290212557 1449997372290483729
1449997372340164804 1449997372340336740
1449997372390188178 1449997372390447092
1449997372440196812 1449997372440427619
1449997372490215473 1449997372490486160
1449997372540212671 1449997372540444329
1449997372590194418 1449997372590474763
1449997372640209550 1449997372640434737
1449997372690212618 1449997372690478254
1449997372740213085 1449997372740448478
1449997372790181004 1449997372790435158
1449997372840213791 1449997372840446859
1449997372890215499 1449997372890478891
1449997372940192305 1449997372940436142
1449997372990185090 1449997372990394372
1449997373040211756 1449997373040410743
1449997373090208857 1449997373090429350
1449997373140212640 1449997373140400964
1449997373190180091 1449997373190393328
1449997373240212543 1449997373240400926
1449997373290169219 1449997373290337972
1449997373340165258 1449997373340327362
1449997373390210559 1449997373390433591
