1449991715876711296
1449991715926749184
1449991715976742698
1449991716026732723
1449991716076736135
1449991716126726530
1449991716176722344
1449991716226732824
1449991716276735561
1449991716326743318
1449991716376729321
1449991716426742369
1449991716476726462
1449991716526728022
1449991716576729473
1449991716626728733
1449991716676749238
1449991716726742350
1449991716776786639
1449991716826756234
1449991716876721282
1449991716926737289
1449991716976749326
1449991717026782930
1449991717076783479
1449991717126770962
1449991717176787027
1449991717226768055
1449991717276745883
1449991717326746579
1449991717376783247
1449991717426749395
1449991717476780062
1449991717526782850
1449991717576804714
1449991717626745812
1449991717676750948
1449991717726743115
1449991717776791961
1449991717826794157
1449991717876746704
1449991717926755896
1449991717976739263
1449991718026749839
1449991718076717230
1449991718126776635
1449991718176785644
1449991718226744398
1449991718276737598
1449991718326736359
1449991718376724364
1449991718426737859
1449991718476737623
1449991718526723954
1449991718576748621
1449991718626737821
1449991718676786025
1449991718726742261
1449991718776741804
1449991718826783393
1449991718876741803
1449991718926738166
1449991718976734269
1449991719026746384
1449991719076741835
1449991719126721637
1449991719176732580
1449991719226733600
1449991719276723141
1449991719326762372
1449991719376731523
1449991719426720122
1449991719476716234
1449991719526711106
1449991719576730025
1449991719626724751
1449991719676721522
1449991719726728342
1449991719776721945
1449991719826720089
1449991719876723308
1449991719926729567
1449991719976729274
1449991720026723566
1449991720076719982
1449991720126721470
1449991720176736102
1449991720226718820
1449991720276714088
1449991720326717219
1449991720376714037
1449991720426714526
1449991720476715089
1449991720526742375
1449991720576742366
1449991720626725155
1449991720676717646
1449991720726715650
1449991720776713423
1449991720826715492
1449991720876717197
1449991720926734976
1449991720976718556
1449991721026719136
1449991721076717604
1449991721126717151
1449991721176776380
1449991721226743440
1449991721276776883
1449991721326746242
1449991721376777928
1449991721426745316
1449991721476778486
1449991721526771728
1449991721576744695
1449991721626742064
1449991721676739135
1449991721726739033
1449991721776734083
1449991721826777854
1449991721876751448
1449991721926742269
1449991721976752296
1449991722026754062
1449991722076742624
1449991722126722403
1449991722176719307
1449991722226716839
1449991722276744650
1449991722326730757
1449991722376728892
1449991722426727105
1449991722476718083
1449991722526718748
1449991722576728686
1449991722626724636
1449991722676732615
1449991722726726650
1449991722776712502
1449991722826740010
1449991722876728418
1449991722926727161
1449991722976722732
1449991723026722706
1449991723076718077
1449991723126731718
1449991723176720961
1449991723226724724
1449991723276714416
1449991723326735425
1449991723376727350
1449991723426737091
1449991723476735374
1449991723526729840
1449991723576720879
1449991723626723174
1449991723676719488
1449991723726729983
1449991723776741764
1449991723826733135
1449991723876725216
1449991723926723911
1449991723976720264
1449991724026767549
1449991724076729108
1449991724126738686
1449991724176767904
1449991724226730023
1449991724276716821
1449991724326733246
1449991724376718096
1449991724426717313
1449991724476736624
1449991724526724204
1449991724576718290
1449991724626711588
1449991724676720209
1449991724726734937
1449991724776745816
1449991724826744428
1449991724876776883
1449991724926745690
1449991724976727053
1449991725026743030
1449991725076741171
1449991725126720836
1449991725176777429
1449991725226742975
1449991725276720255
1449991725326722117
1449991725376725496
1449991725426723527
1449991725476718276
1449991725526715155
1449991725576724027
1449991725626719496
1449991725676715584
1449991725726716550
1449991725776725216
1449991725826766779
1449991725876725665
1449991725926741925
1449991725976736212
1449991726026721899
1449991726076720504
1449991726126718153
1449991726176725930
1449991726226722410
1449991726276727047
1449991726326731572
1449991726376727171
1449991726426719866
1449991726476718245
1449991726526713142
1449991726576720045
1449991726626744941
1449991726676754123
1449991726726729549
1449991726776739371
1449991726826740262
1449991726876741253
1449991726926733418
1449991726976720607
1449991727026721963
1449991727076738371
1449991727126722350
1449991727176716039
1449991727226727609
1449991727276744013
1449991727326734892
1449991727376719770
1449991727426725125
1449991727476739728
1449991727526750501
1449991727576734957
1449991727626747139
1449991727676720807
1449991727726737253
1449991727776744377
1449991727826735982
1449991727876775580
1449991727926785935
1449991727976788676
1449991728026747561
1449991728076738892
1449991728126717574
1449991728176738820
1449991728226728269
1449991728276775370
1449991728326785090
1449991728376749207
1449991728426738754
1449991728476775503
1449991728526748967
1449991728576753024
1449991728626747329
1449991728676757210
1449991728726746798
1449991728776772039
1449991728826752958
1449991728876736347
1449991728926755032
1449991728976750356
1449991729026752178
1449991729076749202
1449991729126727429
1449991729176720324
1449991729226723064
1449991729276780310
1449991729326732341
1449991729376746915
1449991729426711315
1449991729476734661
1449991729526732827
1449991729576754551
1449991729626722231
1449991729676734453
1449991729726714435
1449991729776749682
1449991729826718853
1449991729876717629
1449991729926714834
1449991729976717888
1449991730026717437
1449991730076728658
1449991730126719055
1449991730176716021
1449991730226744402
1449991730276746502
1449991730326764584
1449991730376767993
1449991730426738792
1449991730476732796
1449991730526749692
1449991730576751742
1449991730626759470
1449991730676747889
1449991730726725179
1449991730776739987
1449991730826740623
1449991730876721274
1449991730926715816
1449991730976773221
1449991731026749502
1449991731076772285
1449991731126742619
1449991731176746155
1449991731226743149
1449991731276741881
1449991731326751655
1449991731376767285
1449991731426740008
1449991731476761093
1449991731526722813
1449991731576781139
1449991731626753739
1449991731676748073
1449991731726743317
1449991731776737181
1449991731826743764
1449991731876753701
1449991731926738511
1449991731976762684
1449991732026741981
1449991732076741134
1449991732126753711
1449991732176744909
1449991732226721208
1449991732276746522
1449991732326747332
1449991732376763079
1449991732426728494
1449991732476771494
1449991732526770179
1449991732576748178
1449991732626718501
1449991732676748744
1449991732726723766
1449991732776711436
1449991732826716722
1449991732876719530
1449991732926739463
1449991732976724459
1449991733026866034
1449991733076732288
1449991733126724598
1449991733176736343
1449991733226743330
1449991733276746816
1449991733326751441
1449991733376729787
1449991733426753231
1449991733476744422
1449991733526757881
1449991733576785585
1449991733626774672
1449991733676783102
1449991733726782746
1449991733776777966
1449991733826741746
1449991733876783021
1449991733926747127
1449991733976780972
1449991734026741440
1449991734076777423
1449991734126783031
1449991734176768041
1449991734226748208
1449991734276779072
1449991734326782241
1449991734376738526
1449991734426769481
1449991734476782465
1449991734526757320
1449991734576786019
1449991734626750864
1449991734676780997
1449991734726784149
1449991734776783740
1449991734826774497
1449991734876785854
1449991734926754307
1449991734976781223
1449991735026749669
1449991735076751585
1449991735126766867
1449991735176724185
1449991735226723824
1449991735276716452
1449991735326725442
1449991735376724278
1449991735426745804
1449991735476739080
1449991735526757296
1449991735576742100
1449991735626724792
1449991735676718206
1449991735726720018
1449991735776727549
1449991735826746309
1449991735876745041
1449991735926770641
1449991735976744436
1449991736026755278
1449991736076785595
1449991736126786195
1449991736176762666
1449991736226791022
1449991736276785323
1449991736326778813
1449991736376785139
1449991736426738401
1449991736476782743
1449991736526747173
1449991736576780955
1449991736626748175
1449991736676723410
1449991736726734343
1449991736776724258
1449991736826746426
1449991736876782219
1449991736926726688
1449991736976722036
1449991737026767486
1449991737076785067
1449991737126752325
1449991737176728164
1449991737226747924
1449991737276738620
1449991737326745280
1449991737376742288
1449991737426727868
1449991737476731965
1449991737526737094
1449991737576723407
1449991737626727838
1449991737676768289
1449991737726749771
1449991737776768171
1449991737826732024
1449991737876739191
1449991737926742430
1449991737976739324
1449991738026732497
1449991738076732562
1449991738126724107
1449991738176715021
1449991738226740921
1449991738276748320
1449991738326753683
1449991738376796795
1449991738426722353
1449991738476743203
1449991738526737746
1449991738576725167
1449991738626746652
1449991738676742534
1449991738726724880
1449991738776738130
1449991738826747776
1449991738876817362
1449991738926746770
1449991738976748165
1449991739026725620
1449991739076739758
1449991739126757971
1449991739176728972
1449991739226740571
1449991739276783259
1449991739326774079
1449991739376751887
1449991739426751828
1449991739476733461
1449991739526719919
1449991739576721983
1449991739626717203
1449991739676723441
1449991739726726153
1449991739776719891
1449991739826719894
1449991739876717748
1449991739926719778
1449991739976739264
1449991740026727959
1449991740076738652
1449991740126755545
1449991740176722452
1449991740226739244
1449991740276714591
1449991740326716595
1449991740376731006
1449991740426733303
1449991740476766279
1449991740526729649
1449991740576752200
1449991740626754784
1449991740676741582
1449991740726736859
1449991740776738163
1449991740826738532
1449991740876739135
1449991740926728696
1449991740976721661
1449991741026732173
1449991741076732475
1449991741126737478
1449991741176773985
1449991741226740658
1449991741276737214
1449991741326739484
1449991741376723874
1449991741426743446
1449991741476744296
1449991741526775064
1449991741576779438
1449991741626752645
1449991741676759038
1449991741726743721
1449991741776736302
1449991741826723577
1449991741876718157
1449991741926720760
1449991741976764933
1449991742026774556
1449991742076747987
1449991742126729249
1449991742176740052
1449991742226726924
1449991742276739493
1449991742326736127
1449991742376745643
1449991742426751800
1449991742476738045
1449991742526737350
1449991742576733128
1449991742626722316
1449991742676754972
1449991742726759467
1449991742776753912
1449991742826754896
1449991742876734164
1449991742926779675
1449991742976731411
1449991743026721299
1449991743076748052
1449991743126724453
1449991743176715142
1449991743226742024
1449991743276746937
1449991743326747900
1449991743376778421
1449991743426749239
1449991743476749063
1449991743526730503
1449991743576721993
1449991743626718978
1449991743676726534
1449991743726728370
1449991743776734338
1449991743826772289
1449991743876718346
1449991743926780123
1449991743976750447
1449991744026750699
1449991744076777430
1449991744126762047
1449991744176761116
1449991744226742552
1449991744276780072
1449991744326764631
1449991744376734217
1449991744426733510
1449991744476741957
1449991744526724974
1449991744576753997
1449991744626723312
1449991744676717544
1449991744726714355
1449991744776768128
1449991744826745919
1449991744876765528
1449991744926753920
1449991744976787821
1449991745026788601
1449991745076772392
1449991745126774843
1449991745176746744
1449991745226754950
1449991745276725358
1449991745326722218
1449991745376726070
1449991745426724159
1449991745476737278
1449991745526741458
1449991745576716882
1449991745626740331
1449991745676746710
1449991745726721942
1449991745776737723
