1449005770217755097 1449005770298048257
1449005770267765709 1449005770348051199
1449005770317757241 1449005770398064009
1449005770367746976 1449005770448024661
1449005770467753140 1449005770548055557
1449005770517752563 1449005770598016968
1449005770567739120 1449005770648007227
1449005770717750223 1449005770798026765
1449005770767752947 1449005770848036175
1449005770817753042 1449005770898055503
1449005770967753046 1449005771048050345
1449005771017750832 1449005771098025420
1449005770617702532 1449005771144884682
1449005770867749188 1449005771144931719
1449005771067751054 1449005771148042804
1449005770417748187 1449005771158208423
1449005770667751628 1449005771158257922
1449005770917756041 1449005771158269238
1449005771117733830 1449005771198034650
1449005771167751956 1449005771248043325
1449005771217747757 1449005771298018136
1449005771267754801 1449005771348028210
1449005771317749036 1449005771398048407
1449005771367748460 1449005771448024681
1449005771417753232 1449005771498025745
1449005771467748703 1449005771547988037
1449005771517734569 1449005771598047350
1449005771567775309 1449005771647980988
1449005771617737588 1449005771697975550
1449005771667755674 1449005771748003291
1449005771717744059 1449005771798019592
1449005771767746556 1449005771848000591
1449005771817752658 1449005771898003121
1449005771867752906 1449005771948034220
1449005771917751712 1449005771998027439
1449005771967752137 1449005772047997876
1449005772017747739 1449005772097993658
1449005772067753279 1449005772148000462
1449005772167751976 1449005772248019384
1449005772217749488 1449005772298028660
1449005772267748784 1449005772347992496
1449005772317750850 1449005772397998935
1449005772417734192 1449005772497985323
1449005772467703484 1449005772547947917
1449005772517751818 1449005772597959063
1449005772117754189 1449005772636942954
1449005772367750294 1449005772636990469
1449005772567749437 1449005772647989407
1449005772617710467 1449005772697915551
1449005772667750419 1449005772748003588
1449005772717751362 1449005772798049661
1449005772767754721 1449005772847976974
1449005772817754626 1449005772897968382
1449005772867753712 1449005772947988593
1449005772917755220 1449005772998059107
1449005772967751843 1449005773047988141
1449005773017753392 1449005773097957961
1449005773067748849 1449005773147998521
1449005773117747855 1449005773198023512
1449005773167750596 1449005773247999345
1449005773217750811 1449005773298063819
1449005773267749476 1449005773348025865
1449005773317749815 1449005773398006168
1449005773367754807 1449005773448010152
1449005773417718527 1449005773498147912
1449005773467732733 1449005773547984743
1449005773517751851 1449005773598027508
1449005773567719974 1449005773647978197
1449005773617752793 1449005773698048696
1449005773667712189 1449005773747959010
1449005773717748807 1449005773798021610
1449005773767732113 1449005773847979142
1449005773817752080 1449005773897996904
1449005773917752794 1449005773998003197
1449005773967751098 1449005774048049671
1449005774017745003 1449005774097990050
1449005774067749234 1449005774147994532
1449005774167747623 1449005774247986095
1449005774217749291 1449005774298008217
1449005774267751975 1449005774347951172
1449005774317717188 1449005774397992855
1449005774417753596 1449005774497980342
1449005773867750832 1449005774508837846
1449005774117748714 1449005774508851397
1449005774367751771 1449005774508855464
1449005774517751905 1449005774598000795
1449005774567748853 1449005774648021600
1449005774617751243 1449005774698002702
1449005774667747806 1449005774748021155
1449005774767734018 1449005774847985513
1449005774817752484 1449005774898025899
1449005774867754116 1449005774948001900
1449005774467751309 1449005774992924586
1449005774717747864 1449005774992974492
1449005774917752139 1449005774997987522
1449005774967748011 1449005775047992508
1449005775017751441 1449005775098035630
1449005775067750002 1449005775148006516
1449005775117745917 1449005775198020816
1449005775167751044 1449005775247991240
1449005775217738283 1449005775297990590
1449005775267701190 1449005775347932717
1449005775317752140 1449005775398023000
1449005775367748403 1449005775448041720
1449005775417759389 1449005775497901983
1449005775467759802 1449005775548009881
1449005775517718686 1449005775597982583
1449005775567748098 1449005775647983329
1449005775617690568 1449005775697892104
1449005775667728098 1449005775747970944
1449005775717706167 1449005775798022513
1449005775767749687 1449005775847986997
1449005775867750748 1449005775947999431
1449005775917750573 1449005775997998270
1449005775817702120 1449005776020923427
1449005775967747581 1449005776047994563
1449005776017749627 1449005776097953654
1449005776067752915 1449005776148017858
1449005776117747481 1449005776198003253
1449005776167702350 1449005776247946048
1449005776217741724 1449005776298018954
1449005776267752450 1449005776348014987
1449005776317750032 1449005776398032054
1449005776367751958 1449005776448022480
1449005776417750793 1449005776498044468
1449005776467750587 1449005776548015226
1449005776517753746 1449005776598045095
1449005776567717899 1449005776647947211
1449005776617749863 1449005776698000766
1449005776667751642 1449005776747992291
1449005776717747651 1449005776798048274
1449005776767752603 1449005776848039673
1449005776817750059 1449005776898011467
1449005776867747117 1449005776948018070
1449005776917745361 1449005776998029019
1449005776967748580 1449005777048022172
1449005777017753038 1449005777098016347
1449005777067751095 1449005777147981596
1449005777117738177 1449005777198062831
1449005777167743533 1449005777248008606
1449005777217745199 1449005777298021433
1449005777267750064 1449005777348013567
1449005777317751081 1449005777398048775
1449005777367750154 1449005777448032199
1449005777417752287 1449005777498037482
1449005777467748366 1449005777548089648
1449005777517749870 1449005777598019183
1449005777567748419 1449005777647913954
1449005777617750819 1449005777698032170
1449005777667711110 1449005777748006082
1449005777717746214 1449005777798068441
1449005777767752560 1449005777848035650
1449005777817748251 1449005777898040362
1449005777867746579 1449005777948022814
1449005777917749594 1449005777998046903
1449005777967745429 1449005778047990417
1449005778017743984 1449005778097973951
1449005778067702588 1449005778147968884
1449005778117753682 1449005778198044370
1449005778167734403 1449005778248047889
1449005778217750260 1449005778298028910
1449005778267754297 1449005778348014389
1449005778317749762 1449005778398045855
1449005778367752726 1449005778448017602
1449005778417717104 1449005778497991932
1449005778467752151 1449005778548025125
1449005778517753221 1449005778598071709
1449005778567752548 1449005778648017016
1449005778617754383 1449005778698019877
1449005778667735519 1449005778748017026
1449005778717753848 1449005778798075403
1449005778767747265 1449005778848010988
1449005778817750062 1449005778898010468
1449005778867748744 1449005778948039261
1449005778917752771 1449005778997999626
1449005778967732376 1449005779048046226
1449005779017702119 1449005779097961409
1449005779067748415 1449005779148011026
1449005779117752770 1449005779198025721
1449005779167750513 1449005779248024837
1449005779217745279 1449005779298044897
1449005779267753669 1449005779348011970
1449005779317750580 1449005779398036267
1449005779367750488 1449005779448012547
1449005779417755076 1449005779498029678
1449005779467751827 1449005779548027170
1449005779517753325 1449005779598039459
1449005779567749735 1449005779648034319
1449005779617752813 1449005779698016991
1449005779667746614 1449005779748003659
1449005779717748560 1449005779798047960
1449005779767748036 1449005779848002719
1449005779867747665 1449005779947976566
1449005779917704822 1449005779998000869
1449005779967750491 1449005780048052705
1449005780017750385 1449005780098005636
1449005780117721699 1449005780197925049
1449005780167737844 1449005780248000044
1449005780217750554 1449005780297995785
1449005780267752477 1449005780348032697
1449005779817748542 1449005780376880219
1449005780067753918 1449005780376927269
1449005780317754653 1449005780398118697
1449005780367733055 1449005780447977856
1449005780417754622 1449005780498010424
1449005780467753344 1449005780548016499
1449005780517750943 1449005780598022728
1449005780617751270 1449005780698012661
1449005780717731407 1449005780797996090
1449005780767716786 1449005780847952285
1449005780867700678 1449005780947961248
1449005780967751035 1449005781048066553
1449005781017751745 1449005781098006845
1449005780667748127 1449005781158211257
1449005780917759710 1449005781158261284
1449005781117757324 1449005781197982132
1449005781167752440 1449005781247980393
1449005781217755936 1449005781298024932
1449005780567733622 1449005781308202103
1449005780817738707 1449005781308250563
1449005781067748800 1449005781308261826
1449005781267751618 1449005781347966046
1449005781367757267 1449005781447979199
1449005781417758217 1449005781498025528
1449005781517756516 1449005781598012618
1449005781617748624 1449005781697987797
1449005781667751365 1449005781748077608
1449005781767737082 1449005781848014169
1449005781317735900 1449005781856880067
1449005781567752855 1449005781856935260
1449005781817720525 1449005781897989395
1449005781867757007 1449005781948042710
1449005781467761997 1449005782000928892
1449005781717752338 1449005782000972764
1449005781967756405 1449005782048053684
1449005782017756219 1449005782098045082
1449005782067758379 1449005782148033992
1449005782117750007 1449005782198021718
1449005782217750140 1449005782298043831
1449005782267752958 1449005782348006408
1449005782317750891 1449005782398022201
1449005781917767095 1449005782440938850
1449005782167749554 1449005782440988239
1449005782367751434 1449005782448031901
1449005782417734152 1449005782497997715
1449005782467745199 1449005782548007465
1449005782517732825 1449005782598013731
1449005782567750343 1449005782647982752
1449005782617734342 1449005782697972693
1449005782667737280 1449005782747965760
1449005782717702916 1449005782798037630
1449005782767732231 1449005782847950103
1449005782817715327 1449005782897958841
1449005782867750709 1449005782947951155
1449005782917717030 1449005782997987723
1449005783017748468 1449005783097983596
1449005783067751342 1449005783148026922
1449005783117758262 1449005783197996030
1449005783167748685 1449005783248018349
1449005783267753643 1449005783347986822
1449005783317752842 1449005783398001161
1449005783367753281 1449005783448000684
1449005782967753073 1449005783458101797
1449005783217749479 1449005783458150474
1449005783417751088 1449005783497980179
1449005783467749018 1449005783547998826
1449005783517749203 1449005783598007427
1449005783617749743 1449005783697952266
1449005783667705401 1449005783747956706
1449005783717752392 1449005783798006443
1449005783767753279 1449005783848048654
1449005783867752760 1449005783948004048
1449005783917752594 1449005783998002941
1449005783967753137 1449005784048056874
1449005784017752991 1449005784098014399
1449005783567748031 1449005784104920483
1449005783817754787 1449005784104970243
1449005784067753584 1449005784148001919
1449005784117750672 1449005784198060827
1449005784167753059 1449005784248001290
1449005784217749208 1449005784297999417
1449005784267753536 1449005784347991541
1449005784317707817 1449005784397977597
1449005784367750485 1449005784448003290
1449005784417718337 1449005784497969070
1449005784467754153 1449005784548014702
1449005784517760161 1449005784598004787
1449005784567752909 1449005784647951388
1449005784617717701 1449005784697965992
1449005784667754185 1449005784748000388
1449005784767753496 1449005784848031000
1449005784817740267 1449005784898299477
1449005784867751922 1449005784948000143
1449005784917722045 1449005784997972872
1449005785017722693 1449005785097986182
1449005785067754509 1449005785147991328
1449005785117718108 1449005785197969761
1449005784717739185 1449005785240930473
1449005784967735407 1449005785240980179
1449005785167752711 1449005785247972903
1449005785217750003 1449005785298000025
1449005785267752630 1449005785347990726
1449005785317738055 1449005785398014698
1449005785367753024 1449005785448009608
1449005785417749728 1449005785498024683
1449005785467749074 1449005785547963760
1449005785517737820 1449005785598323634
1449005785567707720 1449005785647956286
1449005785617750248 1449005785697987554
1449005785667752220 1449005785748026187
1449005785717710133 1449005785798028620
1449005785767753245 1449005785848074058
1449005785817755455 1449005785898057715
1449005785867751280 1449005785948046381
1449005785917752033 1449005785998051401
1449005785967751677 1449005786048057132
1449005786017754187 1449005786098057059
1449005786067747958 1449005786148065062
1449005786117734018 1449005786198067081
1449005786167752060 1449005786248053983
1449005786217748710 1449005786298044186
1449005786267749123 1449005786348053251
1449005786317752157 1449005786398059232
1449005786367710661 1449005786448027936
1449005786417731660 1449005786497983320
1449005786467715996 1449005786548012928
1449005786517750773 1449005786598006298
1449005786567750818 1449005786648025152
1449005786617752209 1449005786698021545
1449005786667756019 1449005786748025405
1449005786717744969 1449005786798020696
1449005786767754181 1449005786848009381
1449005786817753420 1449005786898073772
1449005786867753405 1449005786948026406
1449005786917751940 1449005786998012700
1449005786967751794 1449005787048020699
1449005787017752978 1449005787098025508
1449005787067751773 1449005787148026869
1449005787117753131 1449005787198023703
1449005787167748876 1449005787248039246
1449005787217747250 1449005787298029372
1449005787267748458 1449005787348012819
1449005787317750133 1449005787398007285
1449005787367733744 1449005787447997404
1449005787417700219 1449005787497969194
1449005787467751553 1449005787548027187
1449005787517733648 1449005787598024599
1449005787567751282 1449005787648027651
1449005787617752637 1449005787698019734
1449005787667752892 1449005787748009417
1449005787717763912 1449005787798028727
1449005787767760680 1449005787848032337
1449005787817751038 1449005787898031783
1449005787867746496 1449005787948040625
1449005787917749848 1449005787998017046
1449005787967749322 1449005788048024478
1449005788017756910 1449005788098027703
1449005788067753798 1449005788148029548
1449005788117752794 1449005788198018358
1449005788167750456 1449005788248011864
1449005788217732407 1449005788298028898
1449005788267748909 1449005788347976644
1449005788317731608 1449005788398007081
1449005788367755804 1449005788447996659
1449005788417754325 1449005788498029107
1449005788467754099 1449005788548033511
1449005788517739043 1449005788598003859
1449005788567751519 1449005788648049230
1449005788617711584 1449005788697979951
1449005788667753423 1449005788748018082
1449005788717725234 1449005788797989271
1449005788767752697 1449005788848014857
1449005788817721802 1449005788898003546
1449005788867753215 1449005788948018862
1449005788917749284 1449005788998042450
1449005788967751814 1449005789048014104
1449005789017750950 1449005789098017507
1449005789067751215 1449005789148026251
1449005789117750305 1449005789198015181
1449005789167748722 1449005789248008059
1449005789217751346 1449005789298002571
1449005789267736327 1449005789348025060
1449005789317753591 1449005789398031062
1449005789367733300 1449005789447999809
1449005789417754449 1449005789498038481
1449005789467753271 1449005789548014622
1449005789517752287 1449005789598015335
1449005789567753063 1449005789648025810
1449005789617753619 1449005789698086586
1449005789667752879 1449005789747971470
1449005789717735199 1449005789797997493
1449005789767750402 1449005789847982517
1449005789867748731 1449005789948004647
1449005789917750844 1449005789998012777
1449005789967750525 1449005790048032787
1449005790017751455 1449005790098019845
1449005790117722906 1449005790198000915
1449005790167734945 1449005790247987599
1449005790217737191 1449005790297990658
1449005789817752605 1449005790308186054
1449005790067751977 1449005790308234932
1449005790267752096 1449005790348012666
1449005790317752255 1449005790398029208
1449005790367740807 1449005790447990805
1449005790417747967 1449005790498007164
1449005790467720710 1449005790547961458
1449005790517747309 1449005790597997799
1449005790617748397 1449005790697972487
1449005790667760112 1449005790748036216
1449005790717788895 1449005790798017445
1449005790767719870 1449005790847955844
1449005790867732451 1449005790947955970
1449005790917725052 1449005790997984369
1449005790567738630 1449005791058056384
1449005790817733188 1449005791058102532
1449005791017748906 1449005791098008259
1449005791067749024 1449005791147990072
1449005791117736704 1449005791197967566
1449005791167727107 1449005791247969341
1449005791267715560 1449005791347933790
1449005791317727408 1449005791397882938
1449005791367702206 1449005791447916383
1449005791417696434 1449005791497838755
1449005790967732794 1449005791516963362
1449005791217712572 1449005791517013793
1449005791467717052 1449005791547912998
1449005791517727223 1449005791597943305
1449005791567717519 1449005791647949237
1449005791617717611 1449005791697975511
1449005791667715514 1449005791747929685
1449005791717716100 1449005791797971397
1449005791767711207 1449005791847922134
1449005791817727990 1449005791898019005
1449005791867749567 1449005791947965779
1449005791917716346 1449005791997938986
1449005791967749432 1449005792047968661
1449005792017731834 1449005792097985531
1449005792067752241 1449005792148005835
1449005792117734770 1449005792197951045
1449005792167748983 1449005792247968947
1449005792217731121 1449005792298008258
1449005792267731416 1449005792347961159
1449005792317752702 1449005792398006172
1449005792367752203 1449005792447963467
1449005792417752037 1449005792498046673
1449005792467744849 1449005792547990928
1449005792517751251 1449005792597999058
1449005792567749645 1449005792647970318
1449005792617750522 1449005792698008335
1449005792667750630 1449005792747986758
1449005792717717988 1449005792797969974
1449005792767751619 1449005792848025094
1449005792817751506 1449005792898020548
1449005792867751448 1449005792947989011
1449005792917731858 1449005792997970795
1449005792967749920 1449005793047999204
1449005793017748107 1449005793098018820
1449005793067749833 1449005793148020238
1449005793117750973 1449005793197994594
1449005793167733679 1449005793247981245
1449005793217718131 1449005793297988710
1449005793267751852 1449005793348001437
1449005793317751566 1449005793397999791
1449005793367749707 1449005793447998737
1449005793417753323 1449005793498014574
1449005793467753401 1449005793548019978
1449005793517751869 1449005793598000161
1449005793567747534 1449005793647988439
1449005793617751595 1449005793698019938
1449005793667749525 1449005793747951685
1449005793717750401 1449005793797918762
1449005793767704863 1449005793847914037
1449005793817732901 1449005793898021911
1449005793867740419 1449005793947974482
1449005793917732680 1449005793997938816
1449005793967734078 1449005794047988947
1449005794017751999 1449005794098012265
1449005794067749946 1449005794147954091
1449005794117743406 1449005794197997965
1449005794167751579 1449005794248000205
1449005794267753964 1449005794347984866
1449005794317750735 1449005794398001722
1449005794417749718 1449005794497998655
1449005794517700810 1449005794597967260
1449005794567725938 1449005794647979565
1449005794217749893 1449005794740880574
1449005794467752767 1449005794740928372
1449005794667747420 1449005794747972044
1449005794717749740 1449005794798045546
1449005794767750089 1449005794848011714
1449005794817752048 1449005794898017114
1449005794367748718 1449005794920935002
1449005794617770511 1449005794920983138
1449005794867707201 1449005794947994578
1449005794917750838 1449005794998011444
1449005794967743709 1449005795048002752
1449005795017747516 1449005795097981288
1449005795067732336 1449005795147969750
1449005795117747612 1449005795197980643
1449005795167704626 1449005795247959195
1449005795217749536 1449005795298044223
1449005795267748408 1449005795348002526
1449005795317750381 1449005795398016118
1449005795367750435 1449005795448013273
1449005795417753176 1449005795498034192
1449005795467752018 1449005795548018130
1449005795517752220 1449005795598011012
1449005795567751774 1449005795648016128
1449005795617753913 1449005795698042917
1449005795667752645 1449005795748010264
1449005795717749469 1449005795797983452
1449005795767750252 1449005795847928548
1449005795817689777 1449005795897840705
1449005795867710438 1449005795947911073
1449005795917743217 1449005795997990031
1449005795967747712 1449005796047951802
1449005796017727781 1449005796097968711
1449005796067748212 1449005796147963639
1449005796117703910 1449005796197959752
1449005796167736251 1449005796247982886
1449005796217747916 1449005796297983475
1449005796267732729 1449005796347981886
1449005796317752833 1449005796397997192
1449005796367717848 1449005796447963277
1449005796417751783 1449005796498009894
1449005796467719772 1449005796547980585
1449005796517750660 1449005796597992798
1449005796567750685 1449005796648001054
1449005796617750359 1449005796698028909
1449005796667748479 1449005796747978693
1449005796717747779 1449005796797998643
1449005796767752979 1449005796847993619
1449005796817754132 1449005796898020689
1449005796867747980 1449005796947994858
1449005796917754169 1449005796997998488
1449005796967749894 1449005797048007693
1449005797017748642 1449005797097974844
1449005797067732149 1449005797147980311
1449005797117702119 1449005797197947858
1449005797167749264 1449005797247990894
1449005797217801594 1449005797298073696
1449005797267749430 1449005797347989353
1449005797367748528 1449005797447998867
1449005797417742061 1449005797498009119
1449005797617753071 1449005797698043195
1449005797667747062 1449005797747992648
1449005797317749218 1449005797808131611
1449005797567750407 1449005797808186395
1449005797817686062 1449005797897880000
1449005797867748043 1449005797948050785
1449005797467749239 1449005797992858036
1449005797717748871 1449005797992907221
1449005797917750811 1449005797997970344
1449005797967722391 1449005798047922611
1449005797517749330 1449005798072928391
1449005797767749948 1449005798072978398
1449005798017719496 1449005798097977737
1449005798067699432 1449005798147933204
1449005798117748949 1449005798198023831
1449005798167733462 1449005798247997048
1449005798217748901 1449005798298041012
1449005798267753630 1449005798348004812
1449005798317723767 1449005798397984313
1449005798367740079 1449005798447970506
1449005798417752238 1449005798498034580
1449005798467750725 1449005798547969918
1449005798517744556 1449005798597979661
1449005798567725705 1449005798647943775
1449005798617754772 1449005798697994147
1449005798667718558 1449005798747939992
1449005798717720928 1449005798797977906
1449005798767714986 1449005798847999693
1449005798817731107 1449005798898024474
1449005798867713422 1449005798947957854
1449005798917714178 1449005798997945140
1449005799017725039 1449005799097900615
1449005799067689815 1449005799147943245
1449005799117845184 1449005799198017924
1449005799167729306 1449005799247979595
