1449005547611179154 1449005547771475734
1449005547661193254 1449005547821472181
1449005547711181916 1449005547871470044
1449005547761181540 1449005547921430325
1449005547811167055 1449005547971445651
1449005547861152407 1449005548021450851
1449005547911186265 1449005548071496686
1449005547961186921 1449005548121460886
1449005548011186511 1449005548171458796
1449005548061186266 1449005548221462473
1449005548111185362 1449005548271478544
1449005548161189118 1449005548321462799
1449005548211188294 1449005548371490931
1449005548261150777 1449005548421422380
1449005548311183897 1449005548471481289
1449005548361188672 1449005548521464879
1449005548411184588 1449005548571457701
1449005548461185164 1449005548621461484
1449005548561184462 1449005548721521627
1449005548611184029 1449005548771459394
1449005548661187154 1449005548821430192
1449005548711182882 1449005548871396253
1449005548811151667 1449005548971443563
1449005548861186153 1449005549021467415
1449005548911187124 1449005549071486851
1449005548961186624 1449005549121463653
1449005549061168419 1449005549221469799
1449005549111183424 1449005549271457543
1449005548511182679 1449005549320906351
1449005548761172376 1449005549320954668
1449005549161169313 1449005549321363688
1449005549211182367 1449005549371457679
1449005549311185651 1449005549471457024
1449005549361159246 1449005549521398539
1449005549411184514 1449005549571483339
1449005549461176728 1449005549621401154
1449005549561155279 1449005549721421583
1449005549011184002 1449005549741649935
1449005549261186234 1449005549741699657
1449005549511169934 1449005549741710920
1449005549611168243 1449005549771440294
1449005549661175988 1449005549821393526
1449005549711145166 1449005549871419195
1449005549761187270 1449005549921433175
1449005549811164623 1449005549971416004
1449005549861188275 1449005550021439064
1449005549961172622 1449005550121488973
1449005550061182584 1449005550221431335
1449005550111187269 1449005550271438981
1449005550211186293 1449005550371435643
1449005550311179641 1449005550471493099
1449005550361186334 1449005550521437354
1449005550461187168 1449005550621445682
1449005549911154423 1449005550720916682
1449005550161187314 1449005550720963168
1449005550411166193 1449005550720974457
1449005550611184440 1449005550771437070
1449005550011190150 1449005550820959869
1449005550261188165 1449005550821008817
1449005550511185152 1449005550821019712
1449005550661138153 1449005550821320377
1449005550711186547 1449005550871402160
1449005550761186321 1449005550921452726
1449005550861186955 1449005551021409270
1449005550911183723 1449005551071433249
1449005550961186280 1449005551121421708
1449005551011154609 1449005551171461513
1449005551111179979 1449005551271429837
1449005551211182558 1449005551371434761
1449005551261184313 1449005551421433312
1449005550561150822 1449005551452936123
1449005550811190930 1449005551452984028
1449005551061189216 1449005551452995531
1449005551311185143 1449005551471438174
1449005551361187266 1449005551521485647
1449005551461180303 1449005551621400530
1449005551511184577 1449005551671431882
1449005551561164363 1449005551721379658
1449005551811164236 1449005551971468196
1449005551161149148 1449005551984939083
1449005551411183131 1449005551984987079
1449005551661166684 1449005551984997539
1449005551911187645 1449005552071488327
1449005552061189510 1449005552221478112
1449005552161187772 1449005552321449807
1449005551611147202 1449005552341664303
1449005551861193574 1449005552341711059
1449005552111194262 1449005552341722596
1449005552311183663 1449005552471457024
1449005551761166279 1449005552491600012
1449005552011189462 1449005552491647907
1449005552261187090 1449005552491659984
1449005552361189291 1449005552521457637
1449005551711127253 1449005552528960784
1449005551961190149 1449005552529010410
1449005552211192146 1449005552529023757
1449005552411181748 1449005552571452984
1449005552461184857 1449005552621423696
1449005552561135434 1449005552721431128
1449005552611183768 1449005552771459574
1449005552661185179 1449005552821447685
1449005552711187048 1449005552871466473
1449005552811184966 1449005552971474266
1449005552861186391 1449005553021462207
1449005552911183171 1449005553071428529
1449005552961153993 1449005553121439087
1449005553061187702 1449005553221509282
1449005552511166012 1449005553241663148
1449005552761185767 1449005553241711979
1449005553011190578 1449005553241722509
1449005553111183414 1449005553271551496
1449005553161186482 1449005553321477874
1449005553211188231 1449005553371466349
1449005553311184338 1449005553471453663
1449005553361187413 1449005553521503133
1449005553411183850 1449005553571442898
1449005553461168797 1449005553621475119
1449005553611188459 1449005553771448666
1449005553661185777 1449005553821490840
1449005553711187573 1449005553871430631
1449005553861155668 1449005554021423793
1449005553261187056 1449005554064946803
1449005553511187958 1449005554064995774
1449005553911185189 1449005554071450445
1449005553961185852 1449005554121454552
1449005554111186144 1449005554271452154
1449005554161188327 1449005554321512806
1449005554211182849 1449005554371418070
1449005553561192256 1449005554384937588
1449005553811187101 1449005554384985436
1449005554361180795 1449005554521472437
1449005554411135213 1449005554571407073
1449005554461186210 1449005554621460092
1449005554611185769 1449005554771435934
1449005554061139921 1449005554791639964
1449005554311183570 1449005554791688033
1449005554561185494 1449005554791699703
1449005554661184725 1449005554821443817
1449005554711180226 1449005554871473502
1449005554811195978 1449005554971446209
1449005554861187092 1449005555021490528
1449005553761154489 1449005555025263256
1449005554011186886 1449005555025311308
1449005554261183809 1449005555025321839
1449005554511183107 1449005555025331220
1449005554761184347 1449005555025340150
1449005554911185554 1449005555071491558
1449005554961187519 1449005555121466239
1449005555061125634 1449005555221341733
1449005555011186238 1449005555241611311
1449005555111188539 1449005555271476753
1449005555161174773 1449005555321442824
1449005555211182729 1449005555371463917
1449005555311184325 1449005555471448334
1449005555261166296 1449005555561708600
1449005555411169788 1449005555571424319
1449005555461148909 1449005555621413513
1449005555511168391 1449005555671437097
1449005555561153361 1449005555721473568
1449005555661185788 1449005555821428953
1449005555711186263 1449005555871460690
1449005555761186378 1449005555921460494
1449005555811189891 1449005555971458083
1449005555911185778 1449005556071470798
1449005555961184716 1449005556121450570
1449005556061185491 1449005556221445755
1449005555361151271 1449005556228962841
1449005555611182629 1449005556229012390
1449005555861185876 1449005556229026184
1449005556161167169 1449005556321385314
1449005556211182314 1449005556371494145
1449005556311187579 1449005556471437717
1449005556411186249 1449005556571438735
1449005556461188281 1449005556621430491
1449005556561191130 1449005556721434423
1449005556661190896 1449005556821469555
1449005556711189715 1449005556871454689
1449005556811189644 1449005556971472713
1449005556911186820 1449005557071496550
1449005556961175696 1449005557121465912
1449005557061189430 1449005557221429094
1449005556011165478 1449005557240850452
1449005557161188300 1449005557321522261
1449005556111184266 1449005557341611090
1449005556361181590 1449005557341658471
1449005556611189488 1449005557341670194
1449005556861142538 1449005557341679558
1449005557111182723 1449005557341688388
1449005557311197124 1449005557471526024
1449005557361187911 1449005557521431544
1449005557411187625 1449005557571487295
1449005557561161523 1449005557721429184
1449005557611186759 1449005557771456120
1449005557661171515 1449005557821481068
1449005557811187014 1449005557971477537
1449005557861185616 1449005558021458068
1449005557911184094 1449005558071413027
1449005556261172159 1449005558100946741
1449005556511163804 1449005558100995471
1449005556761190013 1449005558101006303
1449005557011183625 1449005558101015567
1449005558061170895 1449005558221439818
1449005558111183150 1449005558271468455
1449005558161143351 1449005558321401461
1449005557211139841 1449005558441635394
1449005557461186988 1449005558441702924
1449005557711135722 1449005558441714350
1449005557961188462 1449005558441723594
1449005558211190102 1449005558441732528
1449005558311187308 1449005558471434336
1449005558361170158 1449005558521495874
1449005558411189115 1449005558571466943
1449005558461189588 1449005558621470175
1449005558561184282 1449005558721442611
1449005558611186465 1449005558771466831
1449005558661180659 1449005558821471516
1449005558711186090 1449005558871475066
1449005558811191936 1449005558971470946
1449005558861188168 1449005559021484869
1449005558911185617 1449005559071460882
1449005558961151839 1449005559121395178
1449005559061184539 1449005559221487941
1449005559111147784 1449005559271443522
1449005557261186158 1449005559277095977
1449005557511188463 1449005559277144220
1449005557761139392 1449005559277154299
1449005558011184745 1449005559277163707
1449005558261152241 1449005559277172414
1449005558511184310 1449005559277181200
1449005558761187979 1449005559277191196
1449005559011180047 1449005559277200832
1449005559161185377 1449005559321506783
1449005559211185415 1449005559371464552
1449005559311184358 1449005559471462152
1449005559261187451 1449005559491666777
1449005559361186909 1449005559521448690
1449005559411185891 1449005559571489667
1449005559461188529 1449005559621457827
1449005559511186866 1449005559671470066
1449005559561187188 1449005559721456937
1449005559611184731 1449005559771420473
1449005559661186222 1449005559821465139
1449005559711188191 1449005559871496828
1449005559761187371 1449005559921493983
1449005559811184024 1449005559971512527
1449005559861186184 1449005560021464379
1449005559911184344 1449005560071465693
1449005559961187286 1449005560121469463
1449005560011184224 1449005560171430977
1449005560061170300 1449005560221428172
1449005560111185720 1449005560271517636
1449005560161188247 1449005560321466191
1449005560211187426 1449005560371455695
1449005560261189582 1449005560421453562
1449005560311180370 1449005560471481977
1449005560361140517 1449005560521362080
1449005560411185511 1449005560571453008
1449005560461187941 1449005560621543441
1449005560511184758 1449005560671487585
1449005560561191391 1449005560721519820
1449005560661188086 1449005560821433149
1449005560711187296 1449005560871467906
1449005560811185468 1449005560971510502
1449005560911145380 1449005561071399921
1449005560961188178 1449005561121448305
1449005561061185992 1449005561221468166
1449005561161189837 1449005561321514734
1449005560611167692 1449005561341632429
1449005560861185135 1449005561341676101
1449005561111171641 1449005561341685612
1449005561211182893 1449005561371481894
1449005561311187997 1449005561471468554
1449005561361136475 1449005561521415024
1449005560761187708 1449005561568933026
1449005561011150942 1449005561568983403
1449005561261185266 1449005561568995053
1449005561411188634 1449005561571467407
1449005561461196183 1449005561621486057
1449005561511199892 1449005561671527453
1449005561561189754 1449005561721471617
1449005561611190237 1449005561771468692
1449005561661190632 1449005561821475098
1449005561761152398 1449005561921439778
1449005561811155667 1449005561971380023
1449005561861189956 1449005562021489734
1449005561911174723 1449005562071449114
1449005562011177007 1449005562171477469
1449005562061187309 1449005562221473502
1449005562111196818 1449005562271471686
1449005562161187084 1449005562321465486
1449005562261153584 1449005562421475278
1449005561711191652 1449005562441563264
1449005561961151949 1449005562441613378
1449005562211186618 1449005562441624319
1449005562311185304 1449005562471450459
1449005562361184998 1449005562521464055
1449005562411181772 1449005562571457197
1449005562461190009 1449005562621475377
1449005562511194373 1449005562671491722
1449005562561186641 1449005562721465540
1449005562611187029 1449005562771446084
1449005562711188141 1449005562871461291
1449005562761189596 1449005562921488799
1449005562861169543 1449005563021453424
1449005562961188138 1449005563121452491
1449005563011177916 1449005563171341431
1449005563111192398 1449005563271778959
1449005563211188536 1449005563371449227
1449005563261196324 1449005563421481001
1449005563361188970 1449005563521472975
1449005563461191803 1449005563621470623
1449005562811184569 1449005563624934424
1449005563061199700 1449005563624983034
1449005563311188645 1449005563624994196
1449005563511185630 1449005563671455941
1449005563561186183 1449005563721467070
1449005563611186689 1449005563771455165
1449005563711196828 1449005563871480188
1449005562661189356 1449005563884917275
1449005563761184528 1449005563921461259
1449005563811151404 1449005563971431112
1449005563861196955 1449005564021517650
1449005563961186872 1449005564121470562
1449005562911183012 1449005564141629022
1449005563161123592 1449005564141676854
1449005564011181027 1449005564171461243
1449005563411173804 1449005564205092548
1449005563661202065 1449005564205142067
1449005563911159736 1449005564205153509
1449005564061141294 1449005564221407749
1449005564111192903 1449005564271473316
1449005564211196918 1449005564371515468
1449005564261182353 1449005564421458303
1449005564161196766 1449005564461680838
1449005564311188545 1449005564471460826
1449005564361188586 1449005564521464546
1449005564411186256 1449005564571466542
1449005564461203646 1449005564621486732
1449005564511192823 1449005564671459375
1449005564561188091 1449005564721456503
1449005564611184647 1449005564771418057
1449005564661192938 1449005564821475973
1449005564711175820 1449005564871453196
1449005564761137104 1449005564921396870
1449005564811187045 1449005564971461244
1449005564911189704 1449005565071495648
1449005564961190447 1449005565121467359
1449005565011154971 1449005565171432601
1449005565061203769 1449005565221484209
1449005565161185858 1449005565321440638
1449005565211184513 1449005565371435909
1449005565261388169 1449005565421680119
1449005565311184793 1449005565471443968
1449005565411189029 1449005565571443607
1449005564861204168 1449005565591628901
1449005565111187871 1449005565591676522
1449005565361187741 1449005565591687503
1449005565461387423 1449005565621664676
1449005565511185744 1449005565671462633
1449005565561187065 1449005565721431707
1449005565611181520 1449005565771488210
1449005565661379885 1449005565821656112
1449005565711152277 1449005565871429556
1449005565811192491 1449005565971467081
1449005565861387721 1449005566021666561
1449005565911178602 1449005566071440139
1449005565961188713 1449005566121481504
1449005566061154515 1449005566221412854
1449005566111190354 1449005566271473774
1449005566161169819 1449005566321421423
1449005566211181199 1449005566371425798
1449005566311190423 1449005566471491750
1449005566411186663 1449005566571469686
1449005566461185064 1449005566621441390
1449005566561192010 1449005566721470234
1449005566711189264 1449005566871444220
1449005566811189070 1449005566971463199
1449005565761187528 1449005566991640872
1449005566011189873 1449005566991689475
1449005566261307560 1449005566991701977
1449005566511185848 1449005566991712267
1449005566761192005 1449005566991721899
1449005566961187707 1449005567121468217
1449005566361138132 1449005567168941675
1449005566611171444 1449005567168989881
1449005566861188309 1449005567169001731
1449005567011179319 1449005567171499446
1449005567061187416 1449005567221351942
1449005567111188032 1449005567271489316
1449005567211143677 1449005567371405913
1449005566661142079 1449005567391524342
1449005566911166692 1449005567391572207
1449005567161172551 1449005567391583369
1449005567261168244 1449005567421448243
1449005567311183627 1449005567471452240
1449005567361186970 1449005567521488624
1449005567411184609 1449005567571470732
1449005567461184456 1449005567621426977
1449005567511167653 1449005567671451294
1449005567561170738 1449005567721438466
1449005567611139759 1449005567771427609
1449005567661156816 1449005567821412389
1449005567711186535 1449005567871476539
1449005567761186974 1449005567921468914
1449005567811183657 1449005567971479459
1449005567861193631 1449005568021474145
1449005567911148487 1449005568071407786
1449005567961186013 1449005568121456591
1449005568011150635 1449005568171443964
1449005568061182348 1449005568221481921
1449005568111166319 1449005568271434866
1449005568161185852 1449005568321470692
1449005568211147646 1449005568371436850
1449005568261186546 1449005568421455109
1449005568311174076 1449005568471505327
1449005568361183261 1449005568521433108
1449005568411182380 1449005568571513746
1449005568461179649 1449005568621457714
1449005568511140598 1449005568671410799
1449005568561181619 1449005568721462834
1449005568611181754 1449005568771482073
1449005568661152429 1449005568821430400
1449005568711142030 1449005568871405505
1449005568761186185 1449005568921493235
1449005568811151508 1449005568971470542
1449005568911170002 1449005569071434844
1449005568961186755 1449005569121455739
1449005569011195002 1449005569171460224
1449005569061179130 1449005569221454990
1449005569161187823 1449005569321532258
1449005569211184684 1449005569371442920
1449005569261223717 1449005569421493112
1449005569311179117 1449005569471428423
1449005569411192340 1449005569571438178
1449005569461253510 1449005569621544804
1449005568861178370 1449005569668952156
1449005569111183829 1449005569669000108
1449005569361184938 1449005569669011630
1449005569511180614 1449005569671442798
1449005569561184279 1449005569721444062
1449005569661170751 1449005569821455410
1449005569711186518 1449005569871434498
1449005569761183693 1449005569921455871
1449005569811176565 1449005569971485158
1449005569911147959 1449005570071434503
1449005569961137423 1449005570121384427
1449005570011168609 1449005570171431676
1449005570061164738 1449005570221418043
1449005569611183645 1449005570416964240
1449005569861163179 1449005570417012452
1449005570111189813 1449005570417023952
1449005570261161643 1449005570421422214
1449005570311190994 1449005570471455154
1449005570361137421 1449005570521392096
1449005570511185206 1449005570671462035
1449005570561173812 1449005570721427962
1449005570611187300 1449005570771470684
1449005570761152960 1449005570921432494
1449005570811179334 1449005570971454850
1449005570861158956 1449005571021449392
1449005570211150633 1449005571068946771
1449005570461167672 1449005571068995361
1449005570711190774 1449005571069007428
1449005570961182115 1449005571121469270
1449005571011185330 1449005571171493058
1449005571061331653 1449005571221612808
1449005571211183174 1449005571371434007
1449005571311139391 1449005571471425286
1449005570161182761 1449005571641669345
1449005570411209886 1449005571641709867
1449005570661348851 1449005571641730342
1449005570911135207 1449005571641739917
1449005571161185818 1449005571641748724
1449005571411186463 1449005571641757774
1449005571661334549 1449005571821614174
1449005571111184217 1449005571916952663
1449005571361183559 1449005571917001247
1449005571611188917 1449005571917013618
1449005571261145410 1449005571991620469
1449005571511186252 1449005571991669457
1449005571761186459 1449005571991680712
1449005571861327294 1449005572021609796
1449005571911133343 1449005572071436752
1449005572011157240 1449005572171435374
1449005572111185159 1449005572271464891
1449005572161186841 1449005572321456941
1449005572361187367 1449005572521421522
1449005572411187432 1449005572571463880
1449005572611154964 1449005572771455169
1449005572661315696 1449005572821601535
1449005571461332743 1449005572941880885
1449005571711188295 1449005572941931713
1449005571961186769 1449005572941943483
1449005572211150670 1449005572941953770
1449005572461312397 1449005572941963870
1449005572711169573 1449005572941974079
1449005572261296586 1449005572991605970
1449005572511141010 1449005572991656207
1449005572761188718 1449005572991668438
1449005571561173137 1449005573041664687
1449005571811189738 1449005573041722986
1449005572061323992 1449005573041735157
1449005572311184626 1449005573041745461
1449005572561187443 1449005573041755440
1449005572811185599 1449005573041766194
1449005572961187717 1449005573121471709
1449005573011187017 1449005573171444131
1449005573061294008 1449005573221528734
1449005573211185576 1449005573371474118
1449005573311181840 1449005573471437374
1449005573461287487 1449005573621556534
1449005572861310777 1449005573664940239
1449005573111182480 1449005573664988675
1449005573361166487 1449005573665018319
1449005573561184570 1449005573721456851
1449005573611186268 1449005573771454795
1449005573711184908 1449005573871475845
1449005573811187246 1449005573971459931
1449005573861193117 1449005574021465145
