1449005456292116178 1449005456372397414
1449005456342142603 1449005456422421614
1449005456392106506 1449005456472389068
1449005456492138279 1449005456572370191
1449005456592149799 1449005456672400479
1449005456642149319 1449005456722398550
1449005456742131933 1449005456822406614
1449005456842131367 1449005456922381683
1449005456442149818 1449005456968844637
1449005456692133164 1449005456968893839
1449005456892125044 1449005456972430489
1449005456942152755 1449005457022407087
1449005456542144639 1449005457068882135
1449005456792132829 1449005457068930234
1449005456992115428 1449005457072396458
1449005457042133768 1449005457122381903
1449005457092146866 1449005457172398545
1449005457142112439 1449005457222349706
1449005457192149461 1449005457272422018
1449005457242150054 1449005457322414181
1449005457292132201 1449005457372377960
1449005457342150344 1449005457422401522
1449005457392131746 1449005457472361803
1449005457442151225 1449005457522402634
1449005457492131425 1449005457572369610
1449005457542118791 1449005457622353468
1449005457592125658 1449005457672360375
1449005457642151721 1449005457722405572
1449005457692141890 1449005457772390987
1449005457742152970 1449005457822405959
1449005457792148304 1449005457872421629
1449005457842089550 1449005457922304078
1449005457892137182 1449005457972383138
1449005457942153884 1449005458022433998
1449005458092129136 1449005458172383120
1449005458142153743 1449005458222388357
1449005458192118203 1449005458272349426
1449005458342147511 1449005458422427902
1449005458392152386 1449005458472422504
1449005457992148483 1449005458512912696
1449005458242134692 1449005458512961694
1449005458442121267 1449005458522357829
1449005458042152551 1449005458560909063
1449005458292127714 1449005458560956253
1449005458492125408 1449005458572390120
1449005458542155274 1449005458622423808
1449005458592128063 1449005458672387119
1449005458642152801 1449005458722477185
1449005458692121635 1449005458772399313
1449005458742154233 1449005458822486485
1449005458792120254 1449005458872464126
1449005458842158656 1449005458922442301
1449005458892148214 1449005458972422487
1449005458942153577 1449005459022431730
1449005458992143148 1449005459072470349
1449005459042152367 1449005459122423360
1449005459092121979 1449005459172398933
1449005459142148878 1449005459222379193
1449005459192141209 1449005459272442768
1449005459242118202 1449005459322396087
1449005459292122994 1449005459372425428
1449005459342153929 1449005459422451739
1449005459392115282 1449005459472496856
1449005459442113647 1449005459522384446
1449005459492125912 1449005459572404736
1449005459542152407 1449005459622417731
1449005459592153608 1449005459672453693
1449005459642151798 1449005459722425735
1449005459692133518 1449005459772435712
1449005459742122665 1449005459822403808
1449005459842151329 1449005459922432275
1449005459892118289 1449005459972393024
1449005459942149715 1449005460022384189
1449005459992118218 1449005460072394293
1449005460092152642 1449005460172393430
1449005460142133808 1449005460222372060
1449005460192143658 1449005460272402066
1449005459792138736 1449005460312889114
1449005460042152030 1449005460312936348
1449005460242150859 1449005460322407466
1449005460292136808 1449005460372409963
1449005460342146011 1449005460422389765
1449005460392135942 1449005460472459251
1449005460442149628 1449005460522427814
1449005460492118238 1449005460572398252
1449005460592118846 1449005460672371464
1449005460642135137 1449005460722398871
1449005460692152571 1449005460772398301
1449005460842124502 1449005460922398087
1449005460892100900 1449005460972374555
1449005460942139074 1449005461022409837
1449005460542132479 1449005461060884734
1449005460792147159 1449005461060932843
1449005461042177274 1449005461122379895
1449005461092127619 1449005461172425486
1449005461192118354 1449005461272359970
1449005461292156740 1449005461372404664
1449005461342151583 1449005461422391422
1449005460742114340 1449005461482574372
1449005460992136744 1449005461482622033
1449005461242154761 1449005461482633770
1449005461442117522 1449005461522403957
1449005461492150221 1449005461572423075
1449005461542150189 1449005461622401895
1449005461142103552 1449005461664922242
1449005461392142010 1449005461664971440
1449005461592133101 1449005461672394867
1449005461642150696 1449005461722408105
1449005461692117970 1449005461772367538
1449005461742158984 1449005461822412314
1449005461842152716 1449005461922406722
1449005461892114209 1449005461972330548
1449005461942151619 1449005462022397937
1449005461992130834 1449005462072393351
1449005462092100033 1449005462172387046
1449005462142145858 1449005462222400454
1449005462192104212 1449005462272352724
1449005461792118794 1449005462320943718
1449005462042130508 1449005462320991854
1449005462242148554 1449005462322402184
1449005462292100229 1449005462372334335
1449005462392102460 1449005462472377258
1449005462442150243 1449005462522431630
1449005462492154177 1449005462572451984
1449005462542150409 1449005462622445778
1449005462692134738 1449005462772397613
1449005462742129641 1449005462822437437
1449005462792130334 1449005462872402256
1449005462342150788 1449005462904929124
1449005462592131548 1449005462904977774
1449005462842147354 1449005462922478019
1449005462942147584 1449005463022396807
1449005462992130887 1449005463072407550
1449005463042102721 1449005463122382812
1449005462642150125 1449005463160949490
1449005462892118844 1449005463160997957
1449005463092129296 1449005463172393317
1449005463142149109 1449005463222402703
1449005463192115417 1449005463272418737
1449005463242145798 1449005463322404700
1449005463292123482 1449005463372395798
1449005463342150745 1449005463422421207
1449005463392144766 1449005463472440138
1449005463442149872 1449005463522413382
1449005463492131966 1449005463572409053
1449005463592149221 1449005463672450085
1449005463642147442 1449005463722444434
1449005463692131086 1449005463772394806
1449005463742148561 1449005463822423797
1449005463842148516 1449005463922381737
1449005463892115693 1449005463972378789
1449005463942085376 1449005464022287774
1449005463542150262 1449005464072872317
1449005463792114715 1449005464072919928
1449005464042132699 1449005464122428211
1449005464142146791 1449005464222410704
1449005464192132349 1449005464272393380
1449005464292138088 1449005464372347709
1449005464392106356 1449005464472373530
1449005463992101768 1449005464482608785
1449005464242130222 1449005464482653443
1449005464442145974 1449005464522388301
1449005464492118867 1449005464572415244
1449005464542100510 1449005464622376578
1449005464092150705 1449005464632880701
1449005464342131077 1449005464632925713
1449005464592121094 1449005464672440835
1449005464642157000 1449005464722429119
1449005464692154346 1449005464772417815
1449005464792153466 1449005464872414945
1449005464842151984 1449005464922449351
1449005464892132365 1449005464972416945
1449005464942114997 1449005465022407789
1449005464742151704 1449005465061052107
1449005464992106398 1449005465072400547
1449005465042151732 1449005465122421904
1449005465092101426 1449005465172374541
1449005465142150315 1449005465222452482
1449005465192150614 1449005465272412810
1449005465242152246 1449005465322401653
1449005465292152367 1449005465372424252
1449005465342100274 1449005465422344433
1449005465392133283 1449005465472402312
1449005465442159003 1449005465522429809
1449005465492136082 1449005465572414960
1449005465542155351 1449005465622432481
1449005465592118495 1449005465672418778
1449005465692120917 1449005465772389083
1449005465742153161 1449005465822374892
1449005465792122353 1449005465872381769
1449005465842089757 1449005465922365100
1449005465942152338 1449005466022420070
1449005465992136801 1449005466072439592
1449005466042154793 1449005466122374523
1449005465642136250 1449005466160929783
1449005465892095565 1449005466160978810
1449005466092138023 1449005466172416650
1449005466142088950 1449005466222314262
1449005466192108315 1449005466272400279
1449005466242149636 1449005466322423105
1449005466292118785 1449005466372394502
1449005466342155937 1449005466422460389
1449005466392156486 1449005466472399826
1449005466442154523 1449005466522415847
1449005466492151835 1449005466572439322
1449005466592136299 1449005466672378624
1449005466642155153 1449005466722467547
1449005466742152994 1449005466822411539
1449005466842120276 1449005466922399792
1449005466892121587 1449005466972366785
1449005466542157272 1449005467080881388
1449005466792120959 1449005467080929223
1449005467092145697 1449005467172423803
1449005467142153192 1449005467222430496
1449005467342156137 1449005467422460493
1449005466692134895 1449005467432590885
1449005466942134461 1449005467432638627
1449005467192150911 1449005467432648559
1449005467392107949 1449005467472384993
1449005466992157588 1449005467482540071
1449005467242153205 1449005467482588548
1449005467442153113 1449005467522433307
1449005467492122652 1449005467572423777
1449005467592147331 1449005467672423977
1449005467642154341 1449005467722434361
1449005467692150390 1449005467772411738
1449005467042153774 1449005467782625239
1449005467292118591 1449005467782673114
1449005467542156002 1449005467782683755
1449005467742149189 1449005467822454944
1449005467792110833 1449005467872413408
1449005467842157457 1449005467922496174
1449005467892137707 1449005467972388244
1449005467942155178 1449005468022435124
1449005467992138251 1449005468072454583
1449005468042155160 1449005468122432187
1449005468092120660 1449005468172412815
1449005468142156306 1449005468222437442
1449005468192157009 1449005468272373655
1449005468242154858 1449005468322433255
1449005468292113165 1449005468372333320
1449005468342151681 1449005468422420145
1449005468492136397 1449005468572435844
1449005468742117417 1449005468822374087
1449005468392133370 1449005468912891566
1449005468642150630 1449005468912940123
1449005468892152460 1449005468972440442
1449005468442155990 1449005468984885615
1449005468692116296 1449005468984933627
1449005468992149737 1449005469072403457
1449005468542115063 1449005469076932283
1449005468792149655 1449005469076981448
1449005468592118338 1449005469120902914
1449005468842153090 1449005469120948477
1449005469042148652 1449005469122429401
1449005469092131468 1449005469172392876
1449005469142151799 1449005469222446232
1449005469242152162 1449005469322415742
1449005469342152105 1449005469422437354
1449005469392150807 1449005469472413454
1449005468942151048 1449005469480876297
1449005469192114659 1449005469480921108
1449005469442148202 1449005469522436307
1449005469492144164 1449005469572434508
1449005469592137345 1449005469672371982
1449005469642141923 1449005469722416835
1449005469692137952 1449005469772423485
1449005469742155299 1449005469822419046
1449005469292115354 1449005469824891567
1449005469542133077 1449005469824940164
1449005469792135346 1449005469872422465
1449005469842151764 1449005469922466316
1449005469892119686 1449005469972385397
1449005469942148626 1449005470022413559
1449005469992128997 1449005470072407343
1449005470042152912 1449005470122423691
1449005470092137879 1449005470172404299
1449005470142118821 1449005470222384846
1449005470192135460 1449005470272451655
1449005470242150890 1449005470322414469
1449005470342148353 1449005470422414372
1449005470392115898 1449005470472378121
1449005470442148677 1449005470522433802
1449005470492118209 1449005470572349612
1449005470592151624 1449005470672413189
1449005470642150443 1449005470722414760
1449005470692135714 1449005470772371196
1449005470742150288 1449005470822413958
1449005470292130628 1449005470824897735
1449005470542106490 1449005470824946291
1449005470792132422 1449005470872428686
1449005470842152295 1449005470922421879
1449005470942150731 1449005471022417181
1449005470992118586 1449005471072366794
1449005471042153373 1449005471122444986
1449005471092138959 1449005471172384280
1449005471192148366 1449005471272367749
1449005471242149009 1449005471322417088
1449005471292118324 1449005471372412366
1449005471342150658 1449005471422418808
1449005470892096123 1449005471428926148
1449005471142152374 1449005471428974201
1449005471392139996 1449005471472419685
1449005471492112399 1449005471572397130
1449005471542150667 1449005471622417257
1449005471592143906 1449005471672403647
1449005471642151445 1449005471722741408
1449005471742153151 1449005471822415348
1449005471792149204 1449005471872413545
1449005471842151965 1449005471922445769
1449005471892133006 1449005471972399954
1449005471992132989 1449005472072367975
1449005471442140207 1449005472112878629
1449005471692113313 1449005472112926508
1449005471942152819 1449005472112937366
1449005472092116287 1449005472172382860
1449005472142151682 1449005472222418252
1449005472192117389 1449005472272411538
1449005472242151762 1449005472322419537
1449005472342148981 1449005472422406968
1449005472392150272 1449005472472384261
1449005472442120526 1449005472522385957
1449005472042149184 1449005472564927712
1449005472292119841 1449005472564975644
1449005472492113709 1449005472572356017
1449005472592140485 1449005472672402595
1449005472642151425 1449005472722418693
1449005472692119056 1449005472772375546
1449005472742148798 1449005472822423136
1449005472842151841 1449005472922394326
1449005472892125109 1449005472972430399
1449005472942117339 1449005473022330538
1449005472542149398 1449005473060915782
1449005472792117084 1449005473060963614
1449005472992098461 1449005473072362622
1449005473042150884 1449005473122416445
1449005473092133757 1449005473172403490
1449005473142148662 1449005473222415960
1449005473192133562 1449005473272397356
1449005473242149667 1449005473322438741
1449005473342132347 1449005473422449161
1449005473392104068 1449005473472366638
1449005473292118267 1449005473476893780
1449005473442145439 1449005473522379325
1449005473492127420 1449005473572385430
1449005473542150330 1449005473636979041
1449005473592134301 1449005473672423913
1449005473642151084 1449005473722422087
1449005473692127405 1449005473772395866
1449005473742152143 1449005473822412121
1449005473792133381 1449005473872396477
1449005473842118536 1449005473922383843
1449005473892119736 1449005473972396242
1449005473942152108 1449005474022443741
1449005473992117571 1449005474072364783
1449005474042121601 1449005474122373900
1449005474092153575 1449005474172385495
1449005474142150693 1449005474222404853
1449005474192137688 1449005474272443771
1449005474242147896 1449005474322367149
1449005474292131534 1449005474372331396
1449005474342147765 1449005474422432790
1449005474392124658 1449005474472397401
1449005474492116047 1449005474572379714
1449005474542147878 1449005474622415946
1449005474592139039 1449005474672459338
1449005474642152648 1449005474722453372
1449005474742152727 1449005474822427100
1449005474792133819 1449005474872411935
1449005474842150117 1449005474922416313
1449005474892137320 1449005474972401287
1449005474442149251 1449005474980887940
1449005474692152268 1449005474980936216
1449005474942151543 1449005475022427538
1449005474992115834 1449005475072422838
1449005475042151222 1449005475122435786
1449005475092114714 1449005475172392158
1449005475142150343 1449005475222415770
1449005475192144357 1449005475272384821
1449005475242131736 1449005475322401236
1449005475292147868 1449005475372393904
1449005475342153508 1449005475422439191
1449005475442152021 1449005475522430668
1449005475492134272 1449005475572398380
1449005475392097743 1449005475604899039
1449005475542149321 1449005475622424420
1449005475592115753 1449005475672390354
1449005475692101042 1449005475772421380
1449005475792140043 1449005475872440126
1449005475842101541 1449005475922368989
1449005476042155284 1449005476122403379
1449005476092088721 1449005476172256988
1449005475742150479 1449005476232484720
1449005475992113559 1449005476232531900
1449005476242151174 1449005476322402389
1449005476292135630 1449005476372387987
1449005476342153492 1449005476422398262
1449005475642152274 1449005476444895115
1449005475892116559 1449005476444943786
1449005476142148615 1449005476444953641
1449005476392118023 1449005476472412983
1449005475942151740 1449005476480880276
1449005476192129179 1449005476480928576
1449005476492151992 1449005476572401964
1449005476542136502 1449005476622401368
1449005476642152979 1449005476722398050
1449005476742153382 1449005476822422782
1449005476792134267 1449005476872375342
1449005476442151914 1449005476976929060
1449005476692136753 1449005476976977182
1449005476942151660 1449005477022398348
1449005476992119713 1449005477072363855
1449005477042116827 1449005477122359673
1449005476592136767 1449005477160922313
1449005476842152783 1449005477160971478
1449005477092133867 1449005477172406872
1449005477192145172 1449005477272411368
1449005477242147255 1449005477322406211
1449005477292116456 1449005477372345027
1449005477342152069 1449005477422403126
1449005476892118404 1449005477452920694
1449005477142117689 1449005477452969534
1449005477392145976 1449005477472395921
1449005477442125070 1449005477522385098
1449005477492115389 1449005477572412047
1449005477542117987 1449005477622364364
1449005477592118786 1449005477672365344
1449005477692154744 1449005477772406761
1449005477792143401 1449005477872428022
1449005477942119778 1449005478022372707
1449005478042117786 1449005478122344575
1449005477642147921 1449005478192890772
1449005477892132369 1449005478192938658
1449005478142134684 1449005478222437342
1449005478192150511 1449005478272415504
1449005478292150006 1449005478372414097
1449005478392132258 1449005478472428746
1449005477742145137 1449005478482570878
1449005477992122552 1449005478482619138
1449005478242150953 1449005478482629424
1449005478442150738 1449005478522444807
1449005478492133841 1449005478572446876
1449005478542150203 1449005478622419045
1449005477842152546 1449005478648951382
1449005478092136059 1449005478648999491
1449005478342153438 1449005478649010770
1449005478642149320 1449005478722427413
1449005478692119855 1449005478772399762
1449005478742131169 1449005478822427218
1449005478792145422 1449005478872402694
1449005478892149598 1449005478972425144
1449005478942151039 1449005479022395041
1449005478992103787 1449005479072385801
1449005479042151700 1449005479122422185
1449005479142131577 1449005479222406041
1449005479192114028 1449005479272387557
1449005479292115461 1449005479372346938
1449005479392148044 1449005479472529648
1449005479442150043 1449005479522413568
1449005478592114767 1449005479582608724
1449005478842150782 1449005479582656749
1449005479542149395 1449005479622429528
1449005479642144496 1449005479722409439
1449005479242149848 1449005479780874678
1449005479492147045 1449005479780906858
1449005479742148284 1449005479822413274
1449005479792115641 1449005479872347432
1449005479892116817 1449005479972399997
1449005479092133373 1449005480016953326
1449005479342150959 1449005480017002093
1449005479592136123 1449005480017013118
1449005479842146620 1449005480017022182
1449005479992140767 1449005480072439637
1449005480042154152 1449005480122377203
1449005480142147597 1449005480222415225
1449005479692129671 1449005480228938415
1449005479942106976 1449005480228987319
1449005480192134786 1449005480272415230
1449005480242152076 1449005480322442192
1449005480292106304 1449005480372356406
1449005480392103156 1449005480472423254
1449005480442148867 1449005480522372991
1449005480492106830 1449005480572371875
1449005480542151299 1449005480622405362
1449005480092136473 1449005480628919515
1449005480342151414 1449005480628945154
1449005480592153836 1449005480672439617
1449005480642146113 1449005480722412599
1449005480692145299 1449005480772437925
1449005480742147339 1449005480822412656
1449005480792131210 1449005480872370381
1449005480842130677 1449005480922383462
1449005480892094393 1449005480972385237
1449005480992115744 1449005481072384983
1449005481042150116 1449005481122409129
1449005481092117086 1449005481172384291
1449005481242151081 1449005481322421586
1449005481292144019 1449005481372400423
1449005481342149059 1449005481422369858
1449005480942153404 1449005481432599268
1449005481192149870 1449005481432647200
1449005481442148590 1449005481522394182
1449005481492130601 1449005481572396729
1449005481542142112 1449005481622365550
1449005481592115660 1449005481672408786
1449005481692117169 1449005481772381567
1449005481742147419 1449005481822375241
1449005481142113259 1449005481882593724
1449005481392130718 1449005481882642859
1449005481642144580 1449005481882655063
1449005481842149697 1449005481922377395
1449005481892131934 1449005481972393867
1449005481942117637 1449005482022407235
1449005481992134049 1449005482072408202
1449005482092115376 1449005482172359101
1449005482142136909 1449005482222373436
1449005482192099659 1449005482272643220
1449005482242146544 1449005482322410801
1449005482342107621 1449005482422372815
1449005482392130895 1449005482472387780
1449005482442116952 1449005482522410205
1449005482492133537 1449005482572408763
1449005482592131021 1449005482672391591
1449005482642147797 1449005482722410531
1449005482692116150 1449005482772388516
1449005481792132126 1449005482782558582
1449005482042131330 1449005482782605879
1449005482292154373 1449005482782617295
1449005482542119674 1449005482782626362
1449005482742104071 1449005482822381609
1449005482792117055 1449005482872350506
1449005482842158507 1449005482922417800
1449005482892146825 1449005482972416178
1449005482942156605 1449005483022431975
1449005482992133107 1449005483072370430
1449005483142152361 1449005483222428021
1449005483192114677 1449005483272407195
1449005483242154565 1449005483322426183
