1449005393173063856 1449005393253344207
1449005393223083255 1449005393303325774
1449005393273069121 1449005393353291805
1449005393323032235 1449005393713426443
1449005393373067076 1449005393713491026
1449005393423066466 1449005393713521796
1449005393473031077 1449005393713540835
1449005393523067290 1449005393713556381
1449005393573065678 1449005393713577575
1449005393623063765 1449005393713605649
1449005393673061742 1449005393753289219
1449005393723060741 1449005393803326572
1449005393773031606 1449005393853300070
1449005393823063850 1449005394413498562
1449005393873062465 1449005394413566890
1449005393923062493 1449005394413596126
1449005393973061068 1449005394413615136
1449005394023063154 1449005394413630504
1449005394073065808 1449005394413650349
1449005394123063464 1449005394413678967
1449005394173063008 1449005394413697242
1449005394223059632 1449005394413712152
1449005394273064875 1449005394413727668
1449005394323065073 1449005394413754472
1449005394373064309 1449005394453365905
1449005394423062647 1449005394503323577
1449005394473031164 1449005394553283665
1449005394523060101 1449005394603322010
1449005394573064308 1449005394663460469
1449005394623045159 1449005394703313710
1449005394673064665 1449005394753338705
1449005394723049345 1449005394803339699
1449005394773064952 1449005395163486531
1449005394823065147 1449005395163543711
1449005394873063805 1449005395163562834
1449005394923065099 1449005395163578593
1449005394973065221 1449005395473545246
1449005395023063298 1449005395663496276
1449005395073063747 1449005395663554171
1449005395123064396 1449005395663572272
1449005395173063519 1449005395663589471
1449005395223061212 1449005395663607004
1449005395273064143 1449005395823615120
1449005395323064288 1449005395823673710
1449005395373066421 1449005395823693461
1449005395423068895 1449005395823709183
1449005395473046919 1449005395823726229
1449005395523045611 1449005395823744971
1449005395573028497 1449005395823760917
1449005395623069936 1449005395823776152
1449005395673066984 1449005395823792369
1449005395723067229 1449005395823809564
1449005395773065423 1449005395983796940
1449005395823061732 1449005395983853729
1449005395873065141 1449005395983873627
1449005395923061735 1449005396003320641
1449005395973065298 1449005396143945093
1449005396023061962 1449005396144002714
1449005396073045666 1449005396523589721
1449005396123061476 1449005396523651538
1449005396173062133 1449005396523671854
1449005396223034234 1449005396523702353
1449005396273063555 1449005396523720588
1449005396323057974 1449005396523735976
1449005396373066565 1449005396523752417
1449005396423049601 1449005396624350158
1449005396473027462 1449005396624407170
1449005396523062342 1449005396624426377
1449005396573063366 1449005396784493203
1449005396623063157 1449005396784550873
1449005396673063195 1449005396784570692
1449005396723061092 1449005396803311441
1449005396773062500 1449005396944820442
1449005396823066553 1449005396944878858
1449005396873062643 1449005396953315638
1449005396923064815 1449005397003317714
1449005396973067824 1449005397104903398
1449005397023062306 1449005397104960955
1449005397073062090 1449005397153305861
1449005397123063805 1449005397203313944
1449005397173063175 1449005397265034145
1449005397223030780 1449005397313449214
1449005397273061030 1449005397353308747
1449005397323063647 1449005397403265323
1449005397373046085 1449005397453301132
1449005397423062694 1449005397503300181
1449005397473061145 1449005397553266453
1449005397523043403 1449005397603320116
1449005397573062681 1449005397653249083
1449005397623062258 1449005397763457117
1449005397673062694 1449005397763514467
1449005397723061269 1449005398173582105
1449005397773064056 1449005398173638954
1449005397823061298 1449005398173658191
1449005397873063354 1449005398263469021
1449005397923058481 1449005398263526187
1449005397973063637 1449005398263544318
1449005398023058290 1449005398263560261
1449005398073026870 1449005398263577837
1449005398123057227 1449005398263595401
1449005398173062617 1449005398263611146
1449005398223031708 1449005398333751383
1449005398273051191 1449005398423546360
1449005398323011636 1449005398423629983
1449005398373062365 1449005398453309551
1449005398423026502 1449005398503286390
1449005398473061068 1449005398553309540
1449005398523026876 1449005398603274232
1449005398573061692 1449005398653338302
1449005398623042794 1449005398703287748
1449005398673062450 1449005398753316024
1449005398723027101 1449005398803321898
1449005398773061263 1449005398853311974
1449005398823060770 1449005398903310448
1449005398873061644 1449005399332904380
1449005398923062256 1449005399332960223
1449005398973061563 1449005399332978477
1449005399023061137 1449005399413326321
1449005399073063309 1449005399413383504
1449005399123058176 1449005399413401889
1449005399173061765 1449005399413417478
1449005399223015001 1449005399740902570
1449005399273061243 1449005399740960949
1449005399323069737 1449005399740979347
1449005399373064671 1449005399740995066
1449005399423062303 1449005399741012141
1449005399473063374 1449005399741030533
1449005399523061975 1449005399741046476
1449005399573063654 1449005399741061757
1449005399623062108 1449005399741078255
1449005399673062096 1449005399813405147
1449005399723059084 1449005399813462581
1449005399773064892 1449005399901072051
1449005399823059668 1449005399973463962
1449005399873028843 1449005399973519047
1449005399923065009 1449005400003298888
1449005399973063337 1449005400473549756
1449005400023060756 1449005400473608042
1449005400073070088 1449005400473627068
1449005400123055099 1449005400473643602
1449005400173028503 1449005400473661586
1449005400223061406 1449005400473679447
1449005400273064885 1449005400864863849
1449005400323067122 1449005400864920955
1449005400373065272 1449005400864940993
1449005400423059594 1449005400864957227
1449005400473062171 1449005400864974182
1449005400523059229 1449005400864992777
1449005400573034812 1449005400865008757
1449005400623028275 1449005400865024713
1449005400673062814 1449005400865336761
1449005400723062371 1449005401024975152
1449005400773062396 1449005401025032017
1449005400823066230 1449005401025050773
1449005400873063588 1449005401025066790
1449005400923060018 1449005401025084256
1449005400973064105 1449005401053315811
1449005401023060732 1449005401103289443
1449005401073047153 1449005401185110874
1449005401123063341 1449005401213434445
1449005401173028233 1449005401263452811
1449005401223062963 1449005401345192657
1449005401273061862 1449005401373533500
1449005401323062875 1449005401423499117
1449005401373064547 1449005401453297103
1449005401423018955 1449005401505352881
1449005401473021806 1449005401553246083
1449005401523061858 1449005401603316845
1449005401573064923 1449005401963493458
1449005401623063321 1449005401963551209
1449005401673029773 1449005401963569758
1449005401723062529 1449005401963585487
1449005401773063288 1449005401963601981
1449005401823062668 1449005401963619875
1449005401873062549 1449005401963636272
1449005401923059895 1449005402073517666
1449005401973062649 1449005402073577388
1449005402023027517 1449005402113455095
1449005402073063557 1449005402153358905
1449005402123062315 1449005402233636460
1449005402173062891 1449005402253319032
1449005402223062929 1449005402303317763
1449005402273063953 1449005402393751663
1449005402323063687 1449005402403310083
1449005402373024296 1449005402453274625
1449005402423064669 1449005402503349702
1449005402473062936 1449005402553282463
1449005402523062947 1449005402603320106
1449005402573067566 1449005402653311458
1449005402623064203 1449005402703311446
1449005402673063119 1449005402753294281
1449005402723030349 1449005402803267903
1449005402773066205 1449005402853321806
1449005402823054974 1449005402903306603
1449005402873033918 1449005402953284271
1449005402923039873 1449005403003288365
1449005402973043064 1449005403113389483
1449005403023076124 1449005403113448053
1449005403073031143 1449005403153275309
1449005403123064734 1449005403203338340
1449005403173064559 1449005403253323571
1449005403223074178 1449005403613486994
1449005403273064037 1449005403613544431
1449005403323060239 1449005403613562900
1449005403373066558 1449005403613579364
1449005403423073689 1449005403613621062
1449005403473064964 1449005403613638645
1449005403523046737 1449005403613654270
1449005403573045790 1449005403773551989
1449005403623072679 1449005403773609025
1449005403673065287 1449005403773628563
1449005403723060688 1449005403803316440
1449005403773064735 1449005403853306204
1449005403823057730 1449005403963439499
1449005403873029023 1449005403963499552
1449005403923070873 1449005404003327851
1449005403973070383 1449005404053327845
1449005404023073187 1449005404103314814
1449005404073069460 1449005404153321507
1449005404123065797 1449005404203322872
1449005404173068989 1449005404253319322
1449005404223065412 1449005404303328437
1449005404273069489 1449005404353334435
1449005404323066397 1449005404403325880
1449005404373068463 1449005404453327606
1449005404423065127 1449005404503310117
1449005404473067363 1449005404553320990
1449005404523063469 1449005404603348310
1449005404573066534 1449005404653315854
1449005404623062563 1449005404703317780
1449005404673065056 1449005404753313421
1449005404723048129 1449005404803287945
1449005404773048418 1449005405213484251
1449005404823029223 1449005405213540635
1449005404873065757 1449005405213559198
1449005404923063730 1449005405213575341
1449005404973064413 1449005405213594267
1449005405023060639 1449005405213612134
1449005405073064472 1449005405213628080
1449005405123061494 1449005405213644414
1449005405173067318 1449005405263435996
1449005405223060765 1449005405373606656
1449005405273063729 1449005405373666943
1449005405323063684 1449005406143867471
1449005405373062332 1449005406143925737
1449005405423046254 1449005406143945141
1449005405473063478 1449005406143961207
1449005405523045702 1449005406143979321
1449005405573065077 1449005406143997446
1449005405623049319 1449005406144014565
1449005405673068187 1449005406144030364
1449005405723028321 1449005406144046744
1449005405773065350 1449005406144065366
1449005405823027769 1449005406144081941
1449005405873064233 1449005406144098037
1449005405923044219 1449005406144113699
1449005405973065011 1449005406144130133
1449005406023064331 1449005406144148712
1449005406073064409 1449005406304004656
1449005406123063665 1449005406304063326
1449005406173057082 1449005406304082105
1449005406223056385 1449005406304100116
1449005406273047192 1449005406353316491
1449005406323061115 1449005406403294155
1449005406373045918 1449005406464161844
1449005406423016861 1449005406513462914
1449005406473042837 1449005406563484959
1449005406523061879 1449005406624293396
1449005406573011496 1449005406673556771
1449005406623042451 1449005406833654777
1449005406673027197 1449005406833712351
1449005406723068960 1449005406833732684
1449005406773065266 1449005406853250709
1449005406823069290 1449005406903332024
1449005406873042968 1449005406953303354
1449005406923063513 1449005407003266873
1449005406973030089 1449005407053317091
1449005407023064595 1449005407103315389
1449005407073062425 1449005407163364228
1449005407123065102 1449005407203337742
1449005407173001315 1449005407253221894
1449005407223052139 1449005407303313824
1449005407273054639 1449005407363430079
1449005407323061499 1449005407403348542
1449005407373001107 1449005407453223480
1449005407423060192 1449005407503323284
1449005407473032414 1449005407553257540
1449005407523045902 1449005407603284131
1449005407573053130 1449005407653254566
1449005407623048140 1449005407703307520
1449005407673063366 1449005408113452476
1449005407723061286 1449005408113510411
1449005407773064698 1449005408113528850
1449005407823060928 1449005408113545648
1449005407873065784 1449005408113564430
1449005407923065635 1449005408113582147
1449005407973001704 1449005408323611683
1449005408023055227 1449005408323668341
1449005408073065051 1449005408323688210
1449005408123065443 1449005408660870950
1449005408173065451 1449005408660930969
1449005408223064052 1449005408660949444
1449005408273001326 1449005408660965324
1449005408323055676 1449005408660983959
1449005408373065556 1449005408661001663
1449005408423060466 1449005408661018026
1449005408473066912 1449005408661033809
1449005408523061281 1449005408661049528
1449005408573053658 1449005408663465861
1449005408623059018 1449005408821044354
1449005408673063009 1449005408821101423
1449005408723061196 1449005408821121057
1449005408773066315 1449005408853294261
1449005408823064332 1449005408903327127
1449005408873067838 1449005408981151875
1449005408923067816 1449005409063444290
1449005408973067751 1449005409063503608
1449005409023066369 1449005409103325291
1449005409073067974 1449005409153265497
1449005409123061911 1449005409223520540
1449005409173002101 1449005409263444927
1449005409223055660 1449005409313445757
1449005409273063446 1449005409353266090
1449005409323062324 1449005409403362289
1449005409373001518 1449005409453216252
1449005409423052268 1449005409563437388
1449005409473064373 1449005409563480880
1449005409523048983 1449005409603231843
1449005409573002813 1449005409653230839
1449005409623067077 1449005409703321338
1449005409673067181 1449005409760849353
1449005409723068021 1449005409803330482
1449005409773005404 1449005409863464173
1449005409823059996 1449005409903324070
1449005409873066255 1449005409953264406
1449005409923065611 1449005410003324908
1449005409973001728 1449005410053190077
1449005410023060212 1449005410413245499
1449005410073067259 1449005410413292091
1449005410123065089 1449005410413307700
1449005410173002976 1449005410413322503
1449005410223057277 1449005410413336522
1449005410273038239 1449005410413350503
1449005410323066126 1449005410413364311
1449005410373004538 1449005410523540924
1449005410423055445 1449005410523571919
1449005410473066308 1449005410563355098
1449005410523059597 1449005410603309663
1449005410573003428 1449005410683596762
1449005410623057061 1449005410703268325
1449005410673060202 1449005411063476834
1449005410723061356 1449005411063535280
1449005410773060883 1449005411063553832
1449005410823061105 1449005411063570673
1449005410873057505 1449005411063590535
1449005410923063690 1449005411223604511
1449005410973061604 1449005411223662479
1449005411023061461 1449005411588882160
1449005411073059979 1449005411588939804
1449005411123062109 1449005411588959315
1449005411173057302 1449005411588975622
1449005411223060578 1449005411588993409
1449005411273031627 1449005411589010955
1449005411323062916 1449005411589027142
1449005411373066442 1449005411589043673
1449005411423058853 1449005411589059565
1449005411473062235 1449005411589077055
1449005411523015804 1449005411704052239
1449005411573043559 1449005411704117092
1449005411623061848 1449005411704146185
1449005411673062902 1449005411753316656
1449005411723062309 1449005411864207815
1449005411773061247 1449005411864268887
1449005411823062692 1449005411903318036
1449005411873063038 1449005411953318629
1449005411923062979 1449005412024360389
1449005411973062275 1449005412063465154
1449005412023061605 1449005412113472776
1449005412073061793 1449005412463421900
1449005412123062961 1449005412463480049
1449005412173062404 1449005412463499469
1449005412223060117 1449005412463516347
1449005412273063974 1449005412463534465
1449005412323059628 1449005412463576794
1449005412373065142 1449005412623569145
1449005412423042208 1449005412623625780
1449005412473034215 1449005412623644633
1449005412523056610 1449005412623662383
1449005412573024923 1449005412653279125
1449005412623060899 1449005412783706651
1449005412673063016 1449005412783771862
1449005412723061807 1449005412803284417
1449005412773062607 1449005412853318740
1449005412823059248 1449005412943858720
1449005412873062436 1449005412953319812
1449005412923060640 1449005413003316870
1449005412973064681 1449005413103987793
1449005413023058471 1449005413104076755
1449005413073062532 1449005413153320001
1449005413123062146 1449005413203317423
1449005413173064823 1449005413253343193
1449005413223059445 1449005413303315889
1449005413273061912 1449005413353298644
1449005413323053632 1449005413403264799
1449005413373027474 1449005413453273774
1449005413423005414 1449005413503237436
1449005413473055229 1449005413553302973
1449005413523058291 1449005413603341034
1449005413573065953 1449005413663376412
1449005413623057973 1449005414083676958
1449005413673063246 1449005414083760267
1449005413723055056 1449005414083780576
1449005413773062049 1449005414083797782
1449005413823061229 1449005414083814610
1449005413873063449 1449005414083829925
1449005413923064512 1449005414083845985
1449005413973062810 1449005414083863371
1449005414023060382 1449005414163484096
1449005414073062792 1449005414163542906
1449005414123061471 1449005414213453756
1449005414173063563 1449005414253326161
1449005414223058547 1449005414413388103
1449005414273042752 1449005414413426103
1449005414323077051 1449005414413440029
1449005414373066058 1449005414453315484
1449005414423060577 1449005414503327220
1449005414473060077 1449005414553327154
1449005414523065073 1449005414603323862
1449005414573065572 1449005414653347583
1449005414623052634 1449005414703306919
1449005414673062872 1449005414753321824
1449005414723061246 1449005414803319323
1449005414773064799 1449005414853324029
1449005414823044651 1449005414903303019
1449005414873062951 1449005414953314486
1449005414923064322 1449005415313431247
1449005414973063505 1449005415313488544
1449005415023044590 1449005415313507266
1449005415073035243 1449005415313523770
1449005415123061367 1449005415313541621
1449005415173063356 1449005415313559852
1449005415223016649 1449005415313578966
1449005415273062681 1449005415413438036
1449005415323065803 1449005415413468685
1449005415373065497 1449005415463425819
1449005415423034017 1449005415813534765
1449005415473066535 1449005415813591631
1449005415523060723 1449005415813610791
1449005415573063711 1449005415813629410
1449005415623042899 1449005415813645637
1449005415673065314 1449005415813661950
1449005415723044528 1449005415923604366
1449005415773066483 1449005415923662505
1449005415823022224 1449005415923682253
1449005415873057646 1449005415973659970
1449005415923056989 1449005416083771880
1449005415973064948 1449005416083830603
1449005416023059403 1449005416103315814
1449005416073062642 1449005416153306250
1449005416123052360 1449005416243872519
1449005416173013711 1449005416263454582
1449005416223042541 1449005416313460309
1449005416273061735 1449005416404012364
1449005416323005164 1449005416404072380
1449005416373074561 1449005416453293980
1449005416423024218 1449005416503259450
1449005416473060812 1449005416553313507
1449005416523062260 1449005416603292444
1449005416573062472 1449005416653276335
1449005416623070548 1449005416703315175
1449005416673072019 1449005417063472080
1449005416723074022 1449005417063529828
1449005416773039144 1449005417063548266
1449005416823062983 1449005417063564055
1449005416873063288 1449005417063580098
1449005416923059588 1449005417063597250
1449005416973063886 1449005417063639964
1449005417023059120 1449005417163427522
1449005417073046803 1449005417163486268
1449005417123013118 1449005417213430851
1449005417173043869 1449005417253283294
1449005417223065292 1449005417323542198
1449005417273063389 1449005417353326404
1449005417323063397 1449005417403326125
1449005417373061875 1449005417483597332
1449005417423062845 1449005417813445931
1449005417473062950 1449005417813503120
1449005417523027060 1449005417813521091
1449005417573063340 1449005417813536970
1449005417623062012 1449005417813555994
1449005417673064195 1449005417813573256
1449005417723063141 1449005418244853135
1449005417773062167 1449005418244912563
1449005417823062442 1449005418244931005
1449005417873064414 1449005418244946337
1449005417923060497 1449005418613477534
1449005417973063762 1449005418613533213
1449005418023043127 1449005418613551638
1449005418073062649 1449005418613567638
1449005418123043724 1449005418613584470
1449005418173061589 1449005418613601241
1449005418223061834 1449005418613617277
1449005418273062982 1449005418613632428
1449005418323044788 1449005418613648100
1449005418373065189 1449005418613664798
1449005418423062926 1449005418613682281
1449005418473066475 1449005418613697496
1449005418523060897 1449005418725314808
1449005418573063107 1449005418725373147
1449005418623063248 1449005418725393887
1449005418673062668 1449005418773583228
1449005418723058083 1449005418885444910
1449005418773062063 1449005418885503169
1449005418823061503 1449005418903316243
1449005418873029044 1449005418953263595
1449005418923044855 1449005419383679840
1449005418973028292 1449005419383735950
1449005419023062674 1449005419383755057
1449005419073063721 1449005419383770552
1449005419123061595 1449005419383789491
1449005419173063570 1449005419383808718
1449005419223064932 1449005419433680766
1449005419273047734 1449005419433738591
1449005419323060070 1449005419433758573
1449005419373060081 1449005419543799869
1449005419423064566 1449005419543858753
1449005419473025743 1449005419593834666
1449005419523060717 1449005419603321811
1449005419573062385 1449005419703938558
1449005419623062533 1449005419703997091
1449005419673038631 1449005419753953657
1449005419723064985 1449005420172901861
1449005419773031243 1449005420554667296
1449005419823043846 1449005420554725127
1449005419873013412 1449005420554743963
1449005419923061870 1449005420554760667
1449005419973062185 1449005420554778615
1449005420023062230 1449005420554795092
1449005420073062646 1449005420554809959
1449005420123065373 1449005420554824893
1449005420173024726 1449005420554840843
1449005420223064314 1449005420554857747
1449005420273063673 1449005420554875518
1449005420323064981 1449005420554890916
1449005420373063245 1449005420554906301
1449005420423060126 1449005420554921619
1449005420473064631 1449005420554939092
1449005420523059481 1449005420714823695
1449005420573023801 1449005420714878826
1449005420623060282 1449005420714897909
1449005420673064025 1449005420753324858
1449005420723060345 1449005420803284000
1449005420773048045 1449005420874942562
1449005420823066872 1449005420913453972
1449005420873065854 1449005420963443139
1449005420923063146 1449005421073590506
1449005420973065536 1449005421073649944
1449005421023062244 1449005421103280069
1449005421073064500 1449005421463488228
1449005421123068193 1449005421463544946
1449005421173065020 1449005421463563575
1449005421223066853 1449005421463607120
1449005421273063399 1449005421463626531
1449005421323065131 1449005421932872160
1449005421373064374 1449005421932934665
1449005421423061025 1449005421932954978
1449005421473062667 1449005421932973991
1449005421523057032 1449005421932993836
1449005421573062358 1449005422317004019
1449005421623071414 1449005422317071546
1449005421673048613 1449005422317101851
1449005421723062503 1449005422317128762
1449005421773050337 1449005422317155449
1449005421823060578 1449005422317181275
1449005421873064759 1449005422317207454
1449005421923053825 1449005422317232190
1449005421973029719 1449005422317257451
1449005422023044002 1449005422317285257
1449005422073066054 1449005422317310808
1449005422123065029 1449005422317337318
1449005422173031601 1449005422317364333
1449005422223075245 1449005422423552225
1449005422273070576 1449005422423612448
1449005422323062061 1449005422423632173
