1449005709122077593 1449005709202310022
1449005709172093727 1449005709252341177
1449005709222067048 1449005709302276705
1449005709272079431 1449005709352337638
1449005709322063112 1449005709402318329
1449005709372081916 1449005709452606450
1449005709422046861 1449005709502298093
1449005709472080154 1449005709552336150
1449005709522046292 1449005709602298329
1449005709572078016 1449005709652323992
1449005709622050080 1449005709702309183
1449005709672047325 1449005709752265018
1449005709722061569 1449005709802329883
1449005709772066097 1449005709852330505
1449005709822081236 1449005709902323337
1449005709872056244 1449005709952290183
1449005709922052895 1449005710002304704
1449005709972065765 1449005710052333127
1449005710022050836 1449005710412368293
1449005710072049929 1449005710412439090
1449005710122052108 1449005710412456429
1449005710172051461 1449005710412470925
1449005710222086890 1449005710412485585
1449005710272080804 1449005710412500038
1449005710322057265 1449005710412514116
1449005710372031835 1449005710452238760
1449005710422037112 1449005710502254313
1449005710472081795 1449005710552320545
1449005710522083811 1449005710602337491
1449005710572073849 1449005710652311357
1449005710622080205 1449005710702314452
1449005710672081426 1449005710752346572
1449005710722056728 1449005710802297232
1449005710772058206 1449005710852298062
1449005710822080892 1449005710902329324
1449005710872067363 1449005710952287267
1449005710922048404 1449005711002314246
1449005710972047494 1449005711052278650
1449005711022067263 1449005711102336726
1449005711072080668 1449005711152327396
1449005711122056846 1449005711202302885
1449005711172058491 1449005711252266979
1449005711222062394 1449005711302255558
1449005711272047811 1449005711352242376
1449005711322024572 1449005711402224978
1449005711372045450 1449005711452322896
1449005711422063459 1449005711502278642
1449005711472050587 1449005711552284446
1449005711522053398 1449005711602276757
1449005711572059510 1449005711652286814
1449005711622085895 1449005711702293513
1449005711672035966 1449005711752257090
1449005711722049281 1449005711802283778
1449005711772064697 1449005711852295309
1449005711822084871 1449005711902309015
1449005711872085380 1449005711952280605
1449005711922068293 1449005712002294160
1449005711972081718 1449005712052311685
1449005712022083624 1449005712102308529
1449005712072075827 1449005712512392701
1449005712122079283 1449005712512450371
1449005712172048054 1449005712512470557
1449005712222084668 1449005712512488054
1449005712272050803 1449005712512507715
1449005712322081594 1449005712512524850
1449005712372084228 1449005712512570186
1449005712422081987 1449005712512592002
1449005712472048362 1449005712562480297
1449005712522047615 1449005712612441387
1449005712572050814 1449005712652269295
1449005712622066815 1449005712702280542
1449005712672043794 1449005712752275685
1449005712722052996 1449005712802270715
1449005712772051063 1449005712852271435
1449005712822046638 1449005712902257678
1449005712872048387 1449005712952281277
1449005712922083571 1449005713002213083
1449005712972079947 1449005713052286961
1449005713022084865 1449005713102287322
1449005713072086844 1449005713152280463
1449005713122055402 1449005713202278133
1449005713172081672 1449005713252296957
1449005713222085062 1449005713302328613
1449005713272084175 1449005713352312815
1449005713322076910 1449005713912393918
1449005713372079327 1449005713912453753
1449005713422084035 1449005713912475873
1449005713472081848 1449005713912496123
1449005713522060956 1449005713912514962
1449005713572064585 1449005713912531850
1449005713622082664 1449005714012403285
1449005713672042725 1449005714012460057
1449005713722082550 1449005714012480339
1449005713772083493 1449005714012497756
1449005713822081160 1449005714012575612
1449005713872062495 1449005714012596683
1449005713922032021 1449005714012616635
1449005713972080305 1449005714072514422
1449005714022086931 1449005714102320663
1449005714072085175 1449005714152321326
1449005714122047515 1449005714202274110
1449005714172085185 1449005714252340569
1449005714222087718 1449005714302318611
1449005714272085384 1449005714662409555
1449005714322048599 1449005714662439139
1449005714372083941 1449005714662445854
1449005714422050546 1449005714662451909
1449005714472070269 1449005714662458088
1449005714522083069 1449005714662466683
1449005714572081494 1449005714662479131
1449005714622081001 1449005714712418301
1449005714672079435 1449005714762496640
1449005714722081197 1449005714812493985
1449005714772078285 1449005714852384147
1449005714822047390 1449005714902282709
1449005714872046552 1449005714952330772
1449005714922081864 1449005715002340345
1449005714972078401 1449005715052334680
1449005715022020325 1449005715102215178
1449005715072079559 1449005715152335448
1449005715122078959 1449005715202296658
1449005715172078470 1449005715252306899
1449005715222084294 1449005715302388810
1449005715272052206 1449005715352302693
1449005715322082884 1449005715402334656
1449005715372081886 1449005715452295726
1449005715422083454 1449005715502348784
1449005715472047841 1449005715552310539
1449005715522081746 1449005715602347955
1449005715572078427 1449005715652322886
1449005715622077974 1449005715702316993
1449005715672077531 1449005715752325234
1449005715722080095 1449005715802330190
1449005715772066452 1449005715852257460
1449005715822041991 1449005715902291539
1449005715872079197 1449005715952317953
1449005715922081346 1449005716002359893
1449005715972079470 1449005716052319940
1449005716022080320 1449005716102325852
1449005716072079449 1449005716152315834
1449005716122064249 1449005716202301001
1449005716172078433 1449005716252312549
1449005716222080622 1449005716302329966
1449005716272048845 1449005716352233097
1449005716322059257 1449005716402231255
1449005716372029493 1449005716452189495
1449005716422022151 1449005716502180394
1449005716472020697 1449005716552205892
1449005716522071724 1449005716602292383
1449005716572064144 1449005716962416995
1449005716622083543 1449005717012748207
1449005716672078473 1449005717012806068
1449005716722081605 1449005717012826003
1449005716772048601 1449005717012842176
1449005716822049074 1449005717012859756
1449005716872046579 1449005717012878368
1449005716922078159 1449005717012895394
1449005716972082500 1449005717062302312
1449005717022053248 1449005717112406802
1449005717072016131 1449005717172518504
1449005717122056836 1449005717202301523
1449005717172079565 1449005717252318205
1449005717222063527 1449005717302323188
1449005717272062844 1449005717352360875
1449005717322070572 1449005717712460239
1449005717372069408 1449005717712518074
1449005717422079505 1449005717712537244
1449005717472078912 1449005717712555188
1449005717522056466 1449005717712573025
1449005717572057179 1449005717872566658
1449005717622055613 1449005717872623160
1449005717672079900 1449005717872642119
1449005717722082470 1449005717872657965
1449005717772078228 1449005717872714714
1449005717822064445 1449005717922553553
1449005717872043783 1449005717952276149
1449005717922032232 1449005718022509773
1449005717972078017 1449005718052315029
1449005718022065830 1449005718102365595
1449005718072056674 1449005718152289805
1449005718122059345 1449005718202317509
1449005718172065487 1449005718252308737
1449005718222066918 1449005718302306570
1449005718272078656 1449005718352313240
1449005718322058903 1449005718402317731
1449005718372055483 1449005718452296969
1449005718422062544 1449005718502309085
1449005718472078648 1449005718552333267
1449005718522047669 1449005718602262769
1449005718572062728 1449005718652311491
1449005718622046883 1449005718702298432
1449005718672057699 1449005718752292975
1449005718722064446 1449005718802326218
1449005718772078529 1449005718852318652
1449005718822079857 1449005718902330049
1449005718872063909 1449005718952296111
1449005718922045629 1449005719002297826
1449005718972080051 1449005719052321254
1449005719022079100 1449005719102221972
1449005719072078637 1449005719162408878
1449005719122085768 1449005719202319457
1449005719172082572 1449005719252323891
1449005719222086346 1449005719302335539
1449005719272081646 1449005719352317941
1449005719322083652 1449005719402334556
1449005719372081081 1449005719452321909
1449005719422083207 1449005719502364767
1449005719472049562 1449005719552281383
1449005719522084426 1449005719602317777
1449005719572079349 1449005719652320107
1449005719622079741 1449005719702329800
1449005719672078289 1449005719752318132
1449005719722083603 1449005719802332492
1449005719772079511 1449005719852331846
1449005719822063603 1449005719902319599
1449005719872061761 1449005719952294657
1449005719922086328 1449005720002344031
1449005719972080312 1449005720052234788
1449005720022029524 1449005720102229119
1449005720072075881 1449005720152324788
1449005720122080242 1449005720202367619
1449005720172078720 1449005720252330623
1449005720222079336 1449005720302340604
1449005720272078362 1449005720352330272
1449005720322082496 1449005720402327851
1449005720372078876 1449005720452331858
1449005720422078436 1449005720502312947
1449005720472080663 1449005720552363950
1449005720522049427 1449005720602308005
1449005720572080301 1449005720652332886
1449005720622080854 1449005720702325494
1449005720672063102 1449005720752320818
1449005720722055616 1449005720802286147
1449005720772039467 1449005720852251196
1449005720822111743 1449005720902417294
1449005720872086824 1449005720952322347
1449005720922082646 1449005721002345785
1449005720972078207 1449005721362359893
1449005721022076515 1449005721362408710
1449005721072078140 1449005721362425351
1449005721122042256 1449005721362440228
1449005721172085793 1449005721362454785
1449005721222064389 1449005721362470497
1449005721272079251 1449005721362485180
1449005721322072714 1449005721402285809
1449005721372033724 1449005721452206511
1449005721422059236 1449005721502288902
1449005721472079336 1449005721552311859
1449005721522047392 1449005721602306431
1449005721572081821 1449005721652317929
1449005721622041852 1449005721702265080
1449005721672082071 1449005721752310187
1449005721722080723 1449005721802290040
1449005721772047325 1449005721852279397
1449005721822080585 1449005721902269519
1449005721872078552 1449005721952276520
1449005721922040738 1449005722002252710
1449005721972032684 1449005722052240848
1449005722022033417 1449005722102222565
1449005722072081534 1449005722152309336
1449005722122080253 1449005722202297394
1449005722172080060 1449005722252303973
1449005722222080556 1449005722302321153
1449005722272080247 1449005722662411244
1449005722322082159 1449005722662479549
1449005722372078893 1449005722662503998
1449005722422089161 1449005722662523569
1449005722472069444 1449005722662544332
1449005722522039782 1449005722662564538
1449005722572062798 1449005722662588098
1449005722622081342 1449005722702287537
1449005722672062931 1449005722752267907
1449005722722062969 1449005722802256989
1449005722772033046 1449005722852246619
1449005722822035152 1449005722902214625
1449005722872063946 1449005722952271846
1449005722922033812 1449005723002309359
1449005722972048680 1449005723052258832
1449005723022082589 1449005723102313531
1449005723072043197 1449005723152230170
1449005723122035852 1449005723202268993
1449005723172041506 1449005723252259355
1449005723222043652 1449005723302277779
1449005723272033050 1449005723352273467
1449005723322063827 1449005723402283999
1449005723372080376 1449005723452303668
1449005723422082272 1449005723812367409
1449005723472052539 1449005723812436295
1449005723522079281 1449005723812477792
1449005723572078360 1449005723812509153
1449005723622040863 1449005723812534117
1449005723672077732 1449005723812562979
1449005723722042196 1449005723812591804
1449005723772041820 1449005723862381736
1449005723822045024 1449005723912373081
1449005723872077583 1449005724312430862
1449005723922061796 1449005724312522039
1449005723972079542 1449005724312546237
1449005724022053354 1449005724312566423
1449005724072081763 1449005724312585961
1449005724122080162 1449005724312606167
1449005724172041540 1449005724312626877
1449005724222089957 1449005724422500597
1449005724272065015 1449005724422559033
1449005724322038807 1449005724422579569
1449005724372087389 1449005724472536910
1449005724422082279 1449005724582666153
1449005724472054844 1449005724582725087
1449005724522079218 1449005724602340145
1449005724572063931 1449005724652303710
1449005724622084011 1449005724742772485
1449005724672076883 1449005724762449025
1449005724722081020 1449005725180862852
1449005724772050459 1449005725180921067
1449005724822080529 1449005725180942596
1449005724872087506 1449005725180960296
1449005724922082603 1449005725180979706
1449005724972080366 1449005725180997420
1449005725022079281 1449005725181016072
1449005725072049538 1449005725223207843
1449005725122080573 1449005725223252401
1449005725172021320 1449005725340989109
1449005725222077877 1449005725341061222
1449005725272080106 1449005725383312790
1449005725322081939 1449005725402343283
1449005725372082110 1449005725501117631
1449005725422081190 1449005725543396120
1449005725472080750 1449005725562402281
1449005725522045481 1449005725661261020
1449005725572079186 1449005725661320385
1449005725622081656 1449005725703569718
1449005725672082048 1449005725752317621
1449005725722035885 1449005725821385944
1449005725772052186 1449005725852313080
1449005725822034668 1449005725912433946
1449005725872083844 1449005725952344126
1449005725922086816 1449005726002328405
1449005725972086262 1449005726052362390
1449005726022085846 1449005726412504399
1449005726072085413 1449005726412562748
1449005726122094669 1449005726412583197
1449005726172085185 1449005726412601352
1449005726222085588 1449005726412621076
1449005726272053536 1449005726412638245
1449005726322090565 1449005726412654916
1449005726372085057 1449005726512419518
1449005726422077578 1449005726512462738
1449005726472083580 1449005726562535670
1449005726522088128 1449005726602327233
1449005726572081479 1449005726672502444
1449005726622053186 1449005726702272436
1449005726672077091 1449005726752298398
1449005726722040576 1449005726802281694
1449005726772080096 1449005726852339567
1449005726822080118 1449005726902342538
1449005726872038669 1449005726952275965
1449005726922087153 1449005727002297997
1449005726972083376 1449005727052343167
1449005727022088235 1449005727102382604
1449005727072082640 1449005727152308509
1449005727122051394 1449005727512404988
1449005727172084330 1449005727512437314
1449005727222051711 1449005727512445506
1449005727272086828 1449005727512453020
1449005727322087434 1449005727512460433
1449005727372088381 1449005727512468012
1449005727422086736 1449005727512475411
1449005727472032531 1449005727612387748
1449005727522068767 1449005727612437382
1449005727572030528 1449005728022340083
1449005727622026727 1449005728022388580
1449005727672042278 1449005728022399039
1449005727722079561 1449005728022408385
1449005727772052531 1449005728022417760
1449005727822090141 1449005728022426829
1449005727872086330 1449005728092763170
1449005727922087300 1449005728092815417
1449005727972022140 1449005728092824854
1449005728022006991 1449005728182558853
1449005728072073924 1449005728182616580
1449005728122054658 1449005728252894589
1449005728172082706 1449005728252950726
1449005728222053605 1449005728302316256
1449005728272072215 1449005728352317747
1449005728322083756 1449005728782722627
1449005728372082485 1449005728782780498
1449005728422081203 1449005728782801646
1449005728472081786 1449005728782819125
1449005728522077140 1449005728782841529
1449005728572081261 1449005728782860071
1449005728622081984 1449005728832650284
1449005728672081407 1449005728832747755
1449005728722074770 1449005728832768609
1449005728772048936 1449005728942899669
1449005728822084598 1449005728942957827
1449005728872099804 1449005728992834001
1449005728922082990 1449005729002310602
1449005728972082030 1449005729103057401
1449005729022038095 1449005729103117079
1449005729072078708 1449005729152946374
1449005729122114106 1449005729202401446
1449005729172082813 1449005729263193774
1449005729222042721 1449005729313157333
1449005729272079522 1449005729362559719
1449005729322080719 1449005729402346624
1449005729372079274 1449005729452342971
1449005729422073907 1449005729502338990
1449005729472081679 1449005729552379777
1449005729522080471 1449005729602310357
1449005729572078678 1449005729652333531
1449005729622047970 1449005729702295085
1449005729672061228 1449005729752307418
1449005729722034195 1449005729802289018
1449005729772038272 1449005729852228619
1449005729822063935 1449005729902363065
1449005729872082762 1449005729952330168
1449005729922067322 1449005730002294138
1449005729972044718 1449005730052286312
1449005730022051639 1449005730102307083
1449005730072081799 1449005730152329672
1449005730122039394 1449005730202278384
1449005730172062855 1449005730252301966
1449005730222078866 1449005730302325597
1449005730272078089 1449005730352397929
1449005730322079570 1449005730402352738
1449005730372084777 1449005730452290732
1449005730422036184 1449005730502199424
1449005730472020408 1449005730552156796
1449005730522021097 1449005730602144052
1449005730572021055 1449005730652140159
1449005730622021082 1449005730702125699
1449005730672016844 1449005730752120930
1449005730722012070 1449005730802099837
1449005730772010253 1449005730852102772
1449005730822013356 1449005730902186526
1449005730872026738 1449005730952266880
1449005730922024602 1449005731002254459
1449005730972039336 1449005731362522044
1449005731022044696 1449005731362580139
1449005731072077225 1449005731362600038
1449005731122077433 1449005731362618252
1449005731172010379 1449005731362637857
1449005731222053144 1449005731362655467
1449005731272053747 1449005731362671847
1449005731322051851 1449005731412425006
1449005731372053623 1449005731462472628
1449005731422050981 1449005731512466496
1449005731472078843 1449005731552337484
1449005731522165577 1449005731602410147
1449005731572093846 1449005731962454013
1449005731622083066 1449005731962511042
1449005731672074598 1449005731962529674
1449005731722078766 1449005731962547207
1449005731772077882 1449005731962566738
1449005731822063821 1449005731962584255
1449005731872063926 1449005731962601320
1449005731922078808 1449005732012468220
1449005731972078796 1449005732062456845
1449005732022079469 1449005732112535354
1449005732072079216 1449005732152339592
1449005732122080226 1449005732202340348
1449005732172078798 1449005732252332692
1449005732222082364 1449005732612499032
1449005732272080434 1449005732612555590
1449005732322081007 1449005732612575358
1449005732372087479 1449005732612592080
1449005732422050487 1449005732612609696
1449005732472057300 1449005732612626331
1449005732522057639 1449005732612641692
1449005732572031521 1449005732712454627
1449005732622084987 1449005732712513294
1449005732672063707 1449005732762456286
1449005732722085361 1449005732802350120
1449005732772043788 1449005732872533758
1449005732822062047 1449005732902287213
1449005732872084449 1449005732952325655
1449005732922085039 1449005733622546888
1449005732972082648 1449005733622603890
1449005733022083962 1449005733622623812
1449005733072084364 1449005733622640152
1449005733122085201 1449005733622660041
1449005733172025727 1449005733622679762
1449005733222036647 1449005733622697068
1449005733272031859 1449005733622712359
1449005733322078057 1449005733622728282
1449005733372081880 1449005733622745150
1449005733422076539 1449005733622762379
1449005733472078659 1449005733622778302
1449005733522044720 1449005733622793971
1449005733572079878 1449005733652306306
1449005733622085164 1449005733782680505
1449005733672078534 1449005733782739037
1449005733722083533 1449005733802323904
1449005733772080565 1449005733852323120
1449005733822070881 1449005733902286578
1449005733872033187 1449005733952291928
1449005733922083315 1449005734312459057
1449005733972076464 1449005734312511773
1449005734022082940 1449005734312530342
1449005734072082133 1449005734312546475
1449005734122083156 1449005734312563657
1449005734172063610 1449005734312582587
1449005734222082274 1449005734312598874
1449005734272078089 1449005734412453621
1449005734322081665 1449005734412511792
1449005734372080955 1449005734462498056
1449005734422084434 1449005734502319145
1449005734472081221 1449005734572524001
1449005734522087260 1449005734602344335
1449005734572077990 1449005734662470325
1449005734622083624 1449005734702325475
1449005734672081651 1449005734752320197
1449005734722081004 1449005734802349615
1449005734772063442 1449005734852322285
1449005734822070991 1449005734902332292
1449005734872080551 1449005734952328585
1449005734922081654 1449005735002343213
1449005734972082110 1449005735052342586
1449005735022082088 1449005735102328589
1449005735072079490 1449005735152350557
1449005735122064130 1449005735512403146
1449005735172080823 1449005735512454983
1449005735222083193 1449005735512470157
1449005735272043247 1449005735512484664
1449005735322081080 1449005735512499053
1449005735372081409 1449005735512513048
1449005735422083485 1449005735512527200
1449005735472072141 1449005735612458721
1449005735522082947 1449005735612517631
1449005735572046833 1449005735662464001
1449005735622074316 1449005735702316324
1449005735672065321 1449005735772520669
1449005735722057959 1449005735802316166
1449005735772079639 1449005735852343874
1449005735822082597 1449005735902337283
1449005735872081443 1449005735952338902
1449005735922082316 1449005736002341098
1449005735972081813 1449005736052339262
1449005736022083154 1449005736102341692
1449005736072080633 1449005736152322650
1449005736122079605 1449005736202354073
1449005736172080896 1449005736252342428
1449005736222083657 1449005736302330462
1449005736272078634 1449005736352328369
1449005736322079380 1449005736402339422
1449005736372079411 1449005736452329123
1449005736422081087 1449005736502339762
1449005736472078512 1449005736912416921
1449005736522080140 1449005736912485877
1449005736572080619 1449005736912505859
1449005736622064755 1449005737072754978
1449005736672075925 1449005737072805960
1449005736722084432 1449005737072821285
1449005736772083398 1449005737072835648
1449005736822059615 1449005737072849436
1449005736872060422 1449005737072863778
1449005736922044758 1449005737072877492
1449005736972049252 1449005737072891638
1449005737022054018 1449005737102331983
1449005737072043836 1449005737232877119
1449005737122068320 1449005737232941181
1449005737172080532 1449005737252328944
1449005737222059669 1449005737302321188
1449005737272055815 1449005737352313819
1449005737322068836 1449005737402303363
1449005737372075593 1449005737452326718
1449005737422081635 1449005737502338843
1449005737472060822 1449005737552327428
1449005737522066860 1449005737602276544
1449005737572064593 1449005737652247771
1449005737622033728 1449005737702261994
1449005737672086502 1449005737752285305
1449005737722084255 1449005737802306177
1449005737772084260 1449005737852322732
1449005737822064075 1449005737902282877
1449005737872079031 1449005737952328087
1449005737922082834 1449005738002304839
1449005737972081225 1449005738462475742
1449005738022081290 1449005738462530253
1449005738072080212 1449005738562477228
1449005738122085235 1449005738562535681
1449005738172082306 1449005738562557400
1449005738222077019 1449005738562575491
1449005738272081477 1449005738562592730
1449005738322082948 1449005738562611369
1449005738372078683 1449005738562631090
1449005738422084391 1449005738562649135
1449005738472079615 1449005738562668225
1449005738522044871 1449005738622587203
1449005738572047104 1449005738722539714
1449005738622083036 1449005738722596476
1449005738672083850 1449005738752329098
1449005738722086450 1449005738802346806
