1449005800044735359 1449005800204956736
1449005800094686206 1449005800254882194
1449005800144702548 1449005800304934337
1449005800194648303 1449005800354854494
1449005800244659498 1449005800404937581
1449005800294773603 1449005800455397134
1449005800344725325 1449005800504995107
1449005800394676893 1449005800554912304
1449005800444737164 1449005800604990202
1449005800494683604 1449005800654886645
1449005800544727518 1449005800704979584
1449005800594692811 1449005800754903794
1449005800644702347 1449005800804916978
1449005800694689874 1449005800854925793
1449005800744707401 1449005800904922517
1449005800794689115 1449005800954916772
1449005800844722037 1449005801004991462
1449005800894689141 1449005801054982974
1449005800944737575 1449005801104960909
1449005800994688639 1449005801154951482
1449005801044726446 1449005801204933730
1449005801094692617 1449005801254955030
1449005801144722558 1449005801305002004
1449005801194690161 1449005801355021520
1449005801244737737 1449005801404948292
1449005801294688971 1449005801454898387
1449005801344725686 1449005801504987467
1449005801394693481 1449005801554945359
1449005801444729273 1449005801604989564
1449005801494692715 1449005801654898212
1449005801544726112 1449005801704942089
1449005801594690579 1449005801754925850
1449005801644734327 1449005801804953491
1449005801694689219 1449005801854919826
1449005801744727390 1449005801904959080
1449005801794688199 1449005801955065405
1449005801844654083 1449005802004900326
1449005801894723422 1449005802054925454
1449005801944730529 1449005802104940005
1449005801994692631 1449005802154951816
1449005802044734264 1449005802204996870
1449005802094695026 1449005802254936454
1449005802144711238 1449005802304974856
1449005802194663547 1449005802354877670
1449005802244719870 1449005802404970385
1449005802294673650 1449005802454927179
1449005802344728726 1449005802504929208
1449005802394674177 1449005802554888083
1449005802444683643 1449005802604912800
1449005802494654619 1449005803525052137
1449005802544708723 1449005803525113623
1449005802594690001 1449005803525134781
1449005802644733237 1449005803525153296
1449005802694688056 1449005803525173756
1449005802744723886 1449005803525190654
1449005802794688260 1449005803525208241
1449005802844639504 1449005803525225530
1449005802894651963 1449005803525243043
1449005802944735992 1449005803525262033
1449005802994702968 1449005803525279041
1449005803044765238 1449005803525295495
1449005803094668900 1449005803525312815
1449005803144738977 1449005803525333328
1449005803194686844 1449005803525352000
1449005803244725663 1449005803525368053
1449005803294676657 1449005803924928028
1449005803344732221 1449005803924954835
1449005803394671982 1449005803924963070
1449005803444722050 1449005803924969460
1449005803494676044 1449005803924974826
1449005803544675416 1449005803924980694
1449005803594641435 1449005803924986114
1449005803644638390 1449005803924991507
1449005803694637263 1449005803924997245
1449005803744655738 1449005803925002819
1449005803794652680 1449005803974918333
1449005803844634044 1449005804145129641
1449005803894637078 1449005804145161015
1449005803944637737 1449005804145168732
1449005803994658638 1449005804174911753
1449005804044700945 1449005804224853917
1449005804094657923 1449005804785148305
1449005804144731484 1449005804785174709
1449005804194680590 1449005804785180358
1449005804244730537 1449005804785185490
1449005804294695309 1449005804785190794
1449005804344698467 1449005804785196038
1449005804394695983 1449005804785201084
1449005804444728685 1449005804785206258
1449005804494651659 1449005804785211226
1449005804544653514 1449005804874989112
1449005804594702313 1449005804875012884
1449005804644665633 1449005804875018530
1449005804694680134 1449005804875024344
1449005804744651204 1449005804945090211
1449005804794644737 1449005804995059173
1449005804844638926 1449005805105220904
1449005804894687821 1449005805105252823
1449005804944734208 1449005805105261602
1449005804994688168 1449005805195166026
1449005805044726850 1449005805204932658
1449005805094685264 1449005805265268875
1449005805144721872 1449005805315213788
1449005805194655673 1449005805425310083
1449005805244724140 1449005805425370109
1449005805294692255 1449005805454952035
1449005805344727072 1449005805515282566
1449005805394687521 1449005805554917122
1449005805444722247 1449005805604981232
1449005805494688810 1449005805745413198
1449005805544724759 1449005805745472873
1449005805594691665 1449005805754951766
1449005805644723409 1449005806275054603
1449005805694690829 1449005806275111088
1449005805744733725 1449005806275130134
1449005805794685647 1449005806275146598
1449005805844723434 1449005806275163991
1449005805894645392 1449005806275183572
1449005805944719842 1449005806275199749
1449005805994687614 1449005806275215447
1449005806044726593 1449005806275232038
1449005806094672549 1449005806425094297
1449005806144656691 1449005806425152853
1449005806194705994 1449005806425171602
1449005806244730307 1449005806425189783
1449005806294687531 1449005806545174602
1449005806344723016 1449005806545234812
1449005806394687755 1449005806554924823
1449005806444710103 1449005806604941910
1449005806494688977 1449005806745171788
1449005806544704233 1449005806745232198
1449005806594691351 1449005806754924207
1449005806644701359 1449005806865307679
1449005806694687873 1449005806865360332
1449005806744710883 1449005806904956760
1449005806794689346 1449005806954932162
1449005806844728319 1449005807005069406
1449005806894649018 1449005807065237201
1449005806944737111 1449005807104964446
1449005806994687817 1449005807185479898
1449005807044718301 1449005807225086507
1449005807094704334 1449005807275071769
1449005807144740778 1449005807325219835
1449005807194690198 1449005807385278199
1449005807244715380 1449005807425112448
1449005807294694016 1449005807505601512
1449005807344727039 1449005807505666449
1449005807394694403 1449005808075073601
1449005807444712449 1449005808075133253
1449005807494687704 1449005808075152904
1449005807544720770 1449005808075492814
1449005807594690132 1449005808075526230
1449005807644725607 1449005808075546977
1449005807694688785 1449005808075564296
1449005807744718083 1449005808075579808
1449005807794692583 1449005808075594264
1449005807844734145 1449005808075612125
1449005807894669490 1449005808075632043
1449005807944733399 1449005808175062515
1449005807994675493 1449005808175122234
1449005808044737655 1449005808345700382
1449005808094695695 1449005808345758427
1449005808144707813 1449005808345779328
1449005808194677887 1449005808375100009
1449005808244707305 1449005808404984357
1449005808294696782 1449005808495169232
1449005808344703048 1449005808504964054
1449005808394677298 1449005808665839706
1449005808444720651 1449005808665897661
1449005808494688720 1449005808665918642
1449005808544731635 1449005808704990396
1449005808594693523 1449005808754979298
1449005808644740838 1449005808804992366
1449005808694690161 1449005808854912229
1449005808744726799 1449005808904938410
1449005808794688430 1449005808985982819
1449005808844735368 1449005809025153821
1449005808894646739 1449005809075053492
1449005808944726891 1449005809125107035
1449005808994704886 1449005809175062598
1449005809044730967 1449005809225083460
1449005809094689671 1449005809306129654
1449005809144739956 1449005809306188684
1449005809194690529 1449005809354952851
1449005809244733167 1449005809432968031
1449005809294691460 1449005809495147069
1449005809344734306 1449005809505046127
1449005809394690892 1449005809626274384
1449005809444726885 1449005809626334767
1449005809494692535 1449005809654951386
1449005809544735143 1449005809704988127
1449005809594687787 1449005809815193830
1449005809644726162 1449005809815253127
1449005809694688117 1449005809854944359
1449005809744733474 1449005809908932734
1449005809794681662 1449005809975068249
1449005809844717431 1449005810004968287
1449005809894697614 1449005810135256624
1449005809944729066 1449005810135314258
1449005809994690580 1449005810154987481
1449005810044735163 1449005810204969939
1449005810094691829 1449005810295160266
1449005810144732894 1449005810304986526
1449005810194690439 1449005810354954963
1449005810244734059 1449005810475121891
1449005810294692606 1449005810475205841
1449005810344724831 1449005810504990761
1449005810394691941 1449005810554945737
1449005810444725101 1449005810615342521
1449005810494689682 1449005810654943588
1449005810544732824 1449005810704997829
1449005810594689658 1449005810754945475
1449005810644724772 1449005810825106462
1449005810694689807 1449005810854965881
1449005810744665651 1449005811025138436
1449005810794741998 1449005811025195446
1449005810844727510 1449005811025216096
1449005810894696795 1449005811054980459
1449005810944727867 1449005811104899647
1449005810994691239 1449005811154955318
1449005811044665201 1449005811204983513
1449005811094709012 1449005811254957900
1449005811144659862 1449005811304950722
1449005811194723270 1449005811375119212
1449005811244724524 1449005811404922270
1449005811294689199 1449005811475111494
1449005811344733310 1449005811504970044
1449005811394693344 1449005811554964790
1449005811444729173 1449005811604983494
1449005811494686331 1449005811654915391
1449005811544727285 1449005811704967227
1449005811594686875 1449005811754916657
1449005811644729443 1449005811804946195
1449005811694678265 1449005811854919142
1449005811744726094 1449005811904978213
1449005811794691307 1449005811954859033
1449005811844713863 1449005812004922340
1449005811894689846 1449005812054921556
1449005811944716722 1449005812104917421
1449005811994689137 1449005812625164071
1449005812044727709 1449005812625228584
1449005812094688405 1449005812625247797
1449005812144738580 1449005812625268003
1449005812194689761 1449005812625287941
1449005812244705431 1449005812925182955
1449005812294691704 1449005812925241364
1449005812344737089 1449005812925260250
1449005812394689923 1449005812925277670
1449005812444722879 1449005812925299142
1449005812494686425 1449005812925316952
1449005812544727860 1449005812925332581
1449005812594677540 1449005812925348540
1449005812644715571 1449005812925365873
1449005812694690182 1449005812925384512
1449005812744724778 1449005812925401326
1449005812794689256 1449005812954979063
1449005812844733056 1449005813004983441
1449005812894687919 1449005813054951754
1449005812944722268 1449005813145246411
1449005812994661087 1449005813245278627
1449005813044733650 1449005813245338516
1449005813094692067 1449005813254955465
1449005813144726663 1449005813305001718
1449005813194662907 1449005813354925413
1449005813244725647 1449005813404993087
1449005813294707851 1449005813454964711
1449005813344737032 1449005813504976152
1449005813394679423 1449005813554874619
1449005813444720771 1449005813604940513
1449005813494671464 1449005813654917877
1449005813544658172 1449005813704932732
1449005813594709570 1449005813754947173
1449005813644732179 1449005813804931331
1449005813694690696 1449005813854939167
1449005813744723773 1449005813904980886
1449005813794691411 1449005813954923060
1449005813844733875 1449005814005017599
1449005813894689940 1449005814054940576
1449005813944723120 1449005814105056810
1449005813994687584 1449005814154948022
1449005814044729547 1449005814204990262
1449005814094690640 1449005814254943618
1449005814144720493 1449005814304983339
1449005814194690229 1449005814825118419
1449005814244734393 1449005814825176190
1449005814294685905 1449005814825196226
1449005814344727076 1449005814825214079
1449005814394688981 1449005814825233570
1449005814444716344 1449005814825251735
1449005814494658936 1449005814825268536
1449005814544727710 1449005814825284188
1449005814594687102 1449005814825300395
1449005814644734481 1449005814825320604
1449005814694685257 1449005814875107663
1449005814744704873 1449005814925144651
1449005814794677112 1449005814975081947
1449005814844732696 1449005815025160737
1449005814894659595 1449005815075087432
1449005814944730510 1449005815575075275
1449005814994688573 1449005815575134616
1449005815044731167 1449005815575154217
1449005815094676719 1449005815575170227
1449005815144730626 1449005815575188585
1449005815194679641 1449005815575205400
1449005815244729141 1449005815575221540
1449005815294671111 1449005815575237583
1449005815344720715 1449005815575254271
1449005815394658926 1449005815575274172
1449005815444731803 1449005815675105573
1449005815494674177 1449005815675167751
1449005815544729554 1449005815725422760
1449005815594688485 1449005815775087732
1449005815644735740 1449005815825103659
1449005815694689129 1449005815875055575
1449005815744724922 1449005815904987481
1449005815794690432 1449005815995218548
1449005815844729943 1449005816004895006
1449005815894691400 1449005816054953939
1449005815944724433 1449005816104958772
1449005815994667261 1449005816154894581
1449005816044725117 1449005816204960792
1449005816094690310 1449005816315262148
1449005816144738881 1449005816315321957
1449005816194688077 1449005816354925677
1449005816244733505 1449005816404913634
1449005816294669297 1449005816454890480
1449005816344731760 1449005816504972380
1449005816394679516 1449005816554906909
1449005816444742467 1449005816604913252
1449005816494689472 1449005816654884221
1449005816544706395 1449005816704977988
1449005816594690193 1449005816764945122
1449005816644704830 1449005816825122769
1449005816694689617 1449005816854914348
1449005816744734320 1449005816904955810
1449005816794689730 1449005816954912987
1449005816844725580 1449005817004958492
1449005816894686278 1449005817054944371
1449005816944734907 1449005817104915798
1449005816994690908 1449005817154914209
1449005817044723741 1449005817204944251
1449005817094673919 1449005817254940474
1449005817144740598 1449005817304973053
1449005817194674881 1449005817354902330
1449005817244723455 1449005817404980920
1449005817294691234 1449005817454921326
1449005817344734196 1449005817504971077
1449005817394687448 1449005817554912653
1449005817444724894 1449005817604943297
1449005817494662878 1449005817654836098
1449005817544735868 1449005817704925245
1449005817594690958 1449005817754941383
1449005817644709204 1449005817804944465
1449005817694689110 1449005817854912093
1449005817744728139 1449005817904927549
1449005817794693465 1449005817954920331
1449005817844731139 1449005818004929129
1449005817894691734 1449005818054916217
1449005817944725846 1449005818105003156
1449005817994673118 1449005818154863427
1449005818044731151 1449005818204984032
1449005818094688425 1449005819075010308
1449005818144661479 1449005819075070217
1449005818194779357 1449005819075089163
1449005818244717739 1449005819075105440
1449005818294674152 1449005819075123892
1449005818344717231 1449005819075142965
1449005818394686138 1449005819075159747
1449005818444739123 1449005819075175549
1449005818494673312 1449005819075193597
1449005818544711777 1449005819075213308
1449005818594676064 1449005819075230714
1449005818644713377 1449005819075247619
1449005818694688816 1449005819075264467
1449005818744728661 1449005819075283540
1449005818794673854 1449005819075302560
1449005818844717779 1449005819075319265
1449005818894675845 1449005819075335281
1449005818944719739 1449005819575005895
1449005818994687714 1449005819575067801
1449005819044720791 1449005819575087373
1449005819094677474 1449005819575104485
1449005819144666651 1449005819575124263
1449005819194713438 1449005819825063879
1449005819244701927 1449005819825116769
1449005819294666870 1449005819825132525
1449005819344666115 1449005819825147562
1449005819394724271 1449005819825162466
1449005819444733824 1449005820156849031
1449005819494688219 1449005820156907410
1449005819544720891 1449005820156935206
1449005819594674648 1449005820156954617
1449005819644663727 1449005820156973106
1449005819694714070 1449005820156989840
1449005819744716650 1449005820157007450
1449005819794688067 1449005820157028645
1449005819844726722 1449005820157050792
1449005819894686766 1449005820157103237
1449005819944724968 1449005820157126764
1449005819994689094 1449005820157144187
1449005820044724994 1449005820225086197
1449005820094676976 1449005820475080481
1449005820144717526 1449005820475137467
1449005820194657919 1449005820475157977
1449005820244733595 1449005820475174985
1449005820294707972 1449005820475193711
1449005820344730631 1449005820504935797
1449005820394689302 1449005820554926056
1449005820444733594 1449005820604889278
1449005820494681654 1449005820825065637
1449005820544719759 1449005820825152447
1449005820594643511 1449005820825173164
1449005820644644046 1449005820825192264
1449005820694676471 1449005820854849818
1449005820744733809 1449005820905012552
1449005820794676941 1449005820954915824
1449005820844721377 1449005821004951272
1449005820894674011 1449005821145163490
1449005820944730383 1449005821145228327
1449005820994672841 1449005821174945705
1449005821044727376 1449005821225149735
1449005821094674110 1449005821275032313
1449005821144713838 1449005821325084877
1449005821194656476 1449005821465330611
1449005821244723228 1449005821465403095
1449005821294681358 1449005821465437396
1449005821344738212 1449005821504971171
1449005821394688397 1449005821554898457
1449005821444715429 1449005821604967789
1449005821494684093 1449005821684946092
1449005821544721513 1449005821825079284
1449005821594689692 1449005821825137570
1449005821644690528 1449005821825157655
1449005821694676909 1449005821854828154
1449005821744712374 1449005822484852180
1449005821794674065 1449005822484906697
1449005821844656979 1449005822484925032
1449005821894691957 1449005822484941530
1449005821944694542 1449005822484959741
1449005821994682530 1449005822484978306
1449005822044723978 1449005822484995064
1449005822094667826 1449005822485011191
1449005822144720977 1449005822815258951
1449005822194681623 1449005822815327062
1449005822244658391 1449005822815369475
1449005822294687766 1449005822815400810
1449005822344709650 1449005822815425923
1449005822394688801 1449005822815454114
1449005822444831098 1449005822815481376
1449005822494678794 1449005822815497405
1449005822544722946 1449005822815512185
1449005822594669890 1449005822815528850
1449005822644701403 1449005822815547716
1449005822694692551 1449005822854941864
1449005822744702071 1449005823135392706
1449005822794676197 1449005823135450668
1449005822844701839 1449005823135470112
1449005822894666594 1449005823135485617
1449005822944711618 1449005823135506421
1449005822994669584 1449005823154928007
1449005823044706990 1449005823740866814
1449005823094684360 1449005823740926513
1449005823144719521 1449005823740960212
1449005823194660127 1449005823740982700
1449005823244711659 1449005823740999710
1449005823294692514 1449005823741017192
1449005823344721527 1449005823741044751
1449005823394687943 1449005823741064953
1449005823444710024 1449005823825118289
1449005823494688433 1449005823825177073
1449005823544703335 1449005823825197302
1449005823594689415 1449005823825214237
1449005823644707430 1449005823825233567
1449005823694694024 1449005824061045207
1449005823744713186 1449005824061102914
1449005823794690846 1449005824061122499
1449005823844715948 1449005824061167454
1449005823894688637 1449005824061188545
1449005823944712807 1449005824145254894
1449005823994690204 1449005824154919401
1449005824044728121 1449005824381195028
1449005824094676717 1449005824381253578
1449005824144651487 1449005824381274087
1449005824194690737 1449005824381292336
1449005824244713630 1449005824465366195
1449005824294664764 1449005824465426398
1449005824344719820 1449005824504980829
1449005824394690345 1449005824555004494
1449005824444721046 1449005824701321654
1449005824494688079 1449005824701382245
1449005824544710865 1449005824785537796
1449005824594687844 1449005824785596633
1449005824644725114 1449005824825090807
1449005824694693309 1449005824875112919
1449005824744705866 1449005825021477783
1449005824794691518 1449005825021535804
1449005824844714341 1449005825021557320
1449005824894690228 1449005825105672921
1449005824944713729 1449005825105732075
1449005824994690595 1449005825154950622
1449005825044705587 1449005825204955374
1449005825094689194 1449005825341601926
1449005825144711219 1449005825341662136
1449005825194687373 1449005825925052410
1449005825244721448 1449005825925111600
1449005825294690222 1449005825925131626
1449005825344707459 1449005825925147936
1449005825394683279 1449005825925168022
1449005825444658574 1449005825925186490
1449005825494696131 1449005825925202470
1449005825544720821 1449005825925218139
1449005825594660960 1449005825925234285
1449005825644710103 1449005825925252650
1449005825694687573 1449005825925293159
1449005825744721795 1449005826125061592
1449005825794690953 1449005826125106117
1449005825844709557 1449005826125120049
1449005825894669865 1449005826125130869
1449005825944696784 1449005826125142513
1449005825994673646 1449005826205169957
1449005826044692835 1449005826205214964
1449005826094653299 1449005826254913149
1449005826144709639 1449005826445187724
1449005826194684800 1449005826445248044
1449005826244723339 1449005826445268707
1449005826294688444 1449005826454963596
1449005826344706781 1449005826525329617
1449005826394701012 1449005826575059266
1449005826444706129 1449005826765369103
1449005826494690150 1449005826765427526
1449005826544730754 1449005826765446796
1449005826594695532 1449005826765464339
1449005826644716337 1449005826805002276
1449005826694693303 1449005826854969029
1449005826744730205 1449005827440901805
1449005826794690533 1449005827440958243
1449005826844712370 1449005827440977297
1449005826894674218 1449005827440993720
1449005826944656937 1449005827441011397
1449005826994708258 1449005827441030347
1449005827044710217 1449005827441046280
1449005827094689117 1449005827441061491
1449005827144741207 1449005827441077474
1449005827194676702 1449005827441094850
1449005827244660750 1449005827441113659
1449005827294710177 1449005827454948378
1449005827344724511 1449005827504956568
1449005827394690819 1449005828225112992
1449005827444723007 1449005828225173502
1449005827494691042 1449005828225193250
1449005827544731850 1449005828225209541
1449005827594690220 1449005828225230548
1449005827644732016 1449005828225247901
1449005827694693694 1449005828225264171
1449005827744729169 1449005828225279997
1449005827794688982 1449005828225297099
1449005827844716513 1449005828225315648
1449005827894689597 1449005828225332175
1449005827944725419 1449005828225347938
1449005827994688123 1449005828225363496
1449005828044727329 1449005828496260707
1449005828094689351 1449005828496345653
1449005828144717059 1449005828496368946
1449005828194688008 1449005828496387625
1449005828244724612 1449005828496403902
1449005828294690155 1449005828496420927
1449005828344724187 1449005828545240610
1449005828394689734 1449005828816395364
1449005828444733738 1449005828816462724
1449005828494690765 1449005828816493249
1449005828544728171 1449005828816511718
1449005828594688219 1449005828816527945
1449005828644733058 1449005828816553533
1449005828694689792 1449005828854909745
1449005828744720262 1449005828904945951
1449005828794662115 1449005829136512862
1449005828844733909 1449005829136568201
1449005828894687114 1449005829136588310
1449005828944724330 1449005829136605583
1449005828994693578 1449005829175048167
1449005829044730306 1449005829225044233
1449005829094689208 1449005829456629903
1449005829144742012 1449005829456726261
1449005829194687550 1449005829456747226
1449005829244724789 1449005829456763770
1449005829294690205 1449005829456785446
1449005829344730855 1449005829504967262
