1449005739194538551 1449005739274807887
1449005739244543280 1449005739324787449
1449005739294578564 1449005739374857472
1449005739344585421 1449005739424845249
1449005739394583054 1449005739474853619
1449005739444585197 1449005739524857636
1449005739494584677 1449005739574855483
1449005739544584170 1449005739624882783
1449005739594586600 1449005739674850457
1449005739644568758 1449005739724892010
1449005739694553030 1449005739774834026
1449005739744551842 1449005739824807922
1449005739794553360 1449005739874866102
1449005739844552961 1449005739924835143
1449005739894584527 1449005739974859125
1449005739944587823 1449005740024895208
1449005739994584994 1449005740074853405
1449005740044586162 1449005740124903827
1449005740094584265 1449005740174851854
1449005740144583107 1449005740224884102
1449005740194585307 1449005740274858485
1449005740244583982 1449005740324890369
1449005740294585781 1449005740374862373
1449005740344568443 1449005740424838524
1449005740394568404 1449005740474844378
1449005740444553822 1449005740524828895
1449005740494553165 1449005740574826313
1449005740544554540 1449005740624829251
1449005740594576912 1449005740674834789
1449005740644588917 1449005740724898417
1449005740694553451 1449005740774815374
1449005740744570866 1449005740824848567
1449005740794544176 1449005740874815407
1449005740894583050 1449005740974855854
1449005740944587662 1449005741024856043
1449005740994567217 1449005741074841167
1449005741044588995 1449005741124906734
1449005741094580019 1449005741174853190
1449005741144587775 1449005741224853923
1449005741194568399 1449005741274838884
1449005741244569376 1449005741324740097
1449005741344568376 1449005741424823854
1449005741394552505 1449005741474825098
1449005741444585073 1449005741524832155
1449005741494567084 1449005741574804848
1449005741544583582 1449005741624833377
1449005741594550616 1449005741674799325
1449005741644583448 1449005741724784189
1449005741694566558 1449005741774838276
1449005741744583274 1449005741824841939
1449005741794596214 1449005741874847429
1449005741844558938 1449005741924777786
1449005741894588824 1449005741974842651
1449005741944587933 1449005742024805675
1449005741994588823 1449005742074841976
1449005742044589606 1449005742124844583
1449005742094581499 1449005742174834618
1449005742144590290 1449005742224843777
1449005742194587111 1449005742274836819
1449005742244552761 1449005742324787365
1449005742294584655 1449005742374837353
1449005742344584897 1449005742424840174
1449005742394584517 1449005742474837489
1449005742444585738 1449005742524804616
1449005742494585302 1449005742574834041
1449005742544587171 1449005742624841513
1449005742594578806 1449005742674792733
1449005742644552161 1449005742724801428
1449005742694584709 1449005742774831223
1449005742744585305 1449005742824837736
1449005742794589339 1449005742874824050
1449005742844554869 1449005742924802081
1449005742894586371 1449005742974833698
1449005742994581874 1449005743074818386
1449005743044584017 1449005743124839251
1449005743094588639 1449005743174839312
1449005743144584855 1449005743224835695
1449005743194589386 1449005743274821478
1449005743244586297 1449005743324838347
1449005743294585777 1449005743374835345
1449005743344583891 1449005743424831571
1449005743394585767 1449005743474815921
1449005743494586411 1449005743574821526
1449005743544575718 1449005743624824086
1449005743594556506 1449005743674785186
1449005743644584394 1449005743724869479
1449005743694587726 1449005743774856905
1449005743794586222 1449005743874814351
1449005743844583373 1449005743924876904
1449005743894569142 1449005743974809155
1449005743994587213 1449005744074838672
1449005744044586619 1449005744124875550
1449005744144587300 1449005744224883387
1449005744194584038 1449005744274863667
1449005744244586257 1449005744324884362
1449005744294585567 1449005744374853737
1449005744344584753 1449005744424882547
1449005744394582369 1449005744474818426
1449005744444579447 1449005744524845613
1449005744494541519 1449005744574811437
1449005744544559612 1449005744624810399
1449005744594593186 1449005744674860043
1449005744644552632 1449005744724824433
1449005744694583830 1449005744774861739
1449005744744586919 1449005744824857478
1449005744794586065 1449005744874862019
1449005744844548852 1449005744924789352
1449005744894582763 1449005744974857826
1449005744944587716 1449005745024901439
1449005744994587587 1449005745074863191
1449005745044587565 1449005745124904238
1449005745094592678 1449005745174873690
1449005745144583625 1449005745224880203
1449005745194588180 1449005745274863303
1449005745244584680 1449005745324908226
1449005745294585724 1449005745374862928
1449005745344563923 1449005745424846452
1449005745394540651 1449005745474816449
1449005745444585848 1449005745524919627
1449005745494585349 1449005745574858540
1449005745544588848 1449005745624888850
1449005745594585612 1449005745674856996
1449005745644586906 1449005745724886568
1449005745694585073 1449005745774865351
1449005745744581183 1449005745824903766
1449005745794585203 1449005745874865577
1449005745844582755 1449005745924910774
1449005745894587675 1449005745974861531
1449005745944584419 1449005746024888794
1449005746044584595 1449005746124883618
1449005746094586758 1449005746174838213
1449005746144587959 1449005746224864945
1449005746194585280 1449005746274861529
1449005746244583949 1449005746324887683
1449005746294578341 1449005746374857188
1449005746344554040 1449005746424827008
1449005746394586151 1449005746474864160
1449005746444590355 1449005746524910403
1449005746544585196 1449005746624902755
1449005746594584159 1449005746674865462
1449005746644584644 1449005746724910435
1449005746694587496 1449005746774863827
1449005746744586110 1449005746824890513
1449005746794585069 1449005746874863038
1449005746844586434 1449005746924906538
1449005746894589095 1449005746974867387
1449005746944581612 1449005747024882236
1449005746994586458 1449005747074861089
1449005747094584894 1449005747174856769
1449005747144539642 1449005747224794963
1449005747194579621 1449005747274818244
1449005747244552882 1449005747324806736
1449005747294584040 1449005747374764031
1449005747394585623 1449005747474861528
1449005747444588578 1449005747524910156
1449005747494585753 1449005747574862369
1449005747544568144 1449005747624865407
1449005747594585194 1449005747674863424
1449005747644587521 1449005747724869576
1449005747694587151 1449005747774863490
1449005747744587457 1449005747824897809
1449005747794581465 1449005747874862861
1449005747844553195 1449005747924829794
1449005747894585009 1449005747974863746
1449005747944586894 1449005748024906083
1449005747994583067 1449005748074848554
1449005748044555796 1449005748124841075
1449005748094584466 1449005748174823410
1449005748144568782 1449005748224843340
1449005748194583239 1449005748274844357
1449005748244587587 1449005748324883393
1449005748294585464 1449005748374858695
1449005748344590096 1449005748424889844
1449005748394586586 1449005748474835565
1449005748444585735 1449005748524891032
1449005748494583718 1449005748574850208
1449005748544584715 1449005748624860960
1449005748594596290 1449005748674864660
1449005748644600841 1449005748724913803
1449005748694548253 1449005748774811155
1449005748744583411 1449005748824880784
1449005748794590552 1449005748874807586
1449005748844583785 1449005748924884846
1449005748894586422 1449005748974851051
1449005748944539169 1449005749024799041
1449005748994585252 1449005749074838972
1449005749044557507 1449005749124791814
1449005749094554381 1449005749174824836
1449005749194542457 1449005749274816524
1449005749244553714 1449005749324823815
1449005749294587204 1449005749374857519
1449005749344552617 1449005749424824893
1449005749394524482 1449005749474759490
1449005749444588642 1449005749524907333
1449005749494584397 1449005749574851023
1449005749544587097 1449005749624899598
1449005749594585458 1449005749674854059
1449005749644586926 1449005749724898926
1449005749694583787 1449005749774851627
1449005749744582496 1449005749824888856
1449005749794591862 1449005749874864749
1449005749844585228 1449005749924898620
1449005749894583586 1449005749974836277
1449005749944591485 1449005750024877559
1449005749994567712 1449005750074840840
1449005750044585183 1449005750124814879
1449005750094582682 1449005750174837144
1449005750144588219 1449005750224907388
1449005750244588743 1449005750324909850
1449005750294588527 1449005750374843407
1449005750444581338 1449005750524866383
1449005750494589655 1449005750574854899
1449005750544588955 1449005750624906594
1449005750594588956 1449005750674866164
1449005750644585834 1449005750724898375
1449005750694582394 1449005750774857213
1449005750744584637 1449005750824899473
1449005750794578775 1449005750874848459
1449005750844582836 1449005750924889921
1449005750894566777 1449005750974853162
1449005750944552259 1449005751024804486
1449005750994590106 1449005751074860328
1449005751044587168 1449005751124903681
1449005751094584563 1449005751174856832
1449005751144583375 1449005751224906252
1449005751194569051 1449005751274847567
1449005751244546982 1449005751324826474
1449005751294585450 1449005751374861963
1449005751344536474 1449005751424859308
1449005751394574659 1449005751474849270
1449005751444551351 1449005751524831782
1449005751494587300 1449005751574818252
1449005751544585624 1449005751624907803
1449005751644586282 1449005751724894172
1449005751694584469 1449005751774812050
1449005751744588068 1449005751824906576
1449005751794583630 1449005751874824140
1449005751844569005 1449005751924869000
1449005751894585724 1449005751974870231
1449005751944589086 1449005752024909094
1449005752044584361 1449005752124909567
1449005752094585930 1449005752174861162
1449005752144587618 1449005752224905574
1449005752194585839 1449005752274830987
1449005752244589422 1449005752324905069
1449005752294582634 1449005752374854569
1449005752344586274 1449005752424907030
1449005752394587077 1449005752474864662
1449005752444584362 1449005752524915401
1449005752494588042 1449005752574861170
1449005752544587352 1449005752624852314
1449005752594547359 1449005752674797374
1449005752644582276 1449005752724899928
1449005752694583630 1449005752774842048
1449005752744586903 1449005752824877016
1449005752794548450 1449005752874819142
1449005752844587149 1449005752924903435
1449005752894586409 1449005752974861568
1449005752944589029 1449005753024903010
1449005752994585940 1449005753074863655
1449005753044589443 1449005753124900848
1449005753094585021 1449005753174858369
1449005753144584681 1449005753224902147
1449005753194588735 1449005753274862825
1449005753244585155 1449005753324895865
1449005753294586730 1449005753374864372
1449005753344587941 1449005753424878224
1449005753394584124 1449005753474859453
1449005753444585401 1449005753524898236
1449005753494539017 1449005753574806132
1449005753544583533 1449005753624915464
1449005753594568577 1449005753674829190
1449005753644574612 1449005753724877932
1449005753694582130 1449005753774862869
1449005753744593631 1449005753824913779
1449005753794586172 1449005753874840207
1449005753844589264 1449005753924900816
1449005753894586733 1449005753974862019
1449005753944589474 1449005754024912207
1449005753994584023 1449005754074861895
1449005754044588150 1449005754124910302
1449005754094563546 1449005754174844344
1449005754144583292 1449005754224885225
1449005754194587399 1449005754274857103
1449005754244587200 1449005754324897509
1449005754294585370 1449005754374857723
1449005754344584503 1449005754424908633
1449005754444584419 1449005754524900718
1449005754494586308 1449005754574842858
1449005754544571623 1449005754624830642
1449005754594552965 1449005754674845681
1449005754644587896 1449005754724874197
1449005754744583842 1449005754824865570
1449005754794585010 1449005754874858752
1449005754844563883 1449005754924827656
1449005754894589152 1449005754974861428
1449005754994586853 1449005755074851915
1449005755044580944 1449005755124877121
1449005755094581249 1449005755174836186
1449005755144583258 1449005755224891599
1449005755194587372 1449005755274847153
1449005755244571428 1449005755324841308
1449005755294587582 1449005755374827775
1449005755344585532 1449005755424884298
1449005755394586218 1449005755474804405
1449005755444545501 1449005755524752893
1449005755494566152 1449005755574794803
1449005755544588578 1449005755624910590
1449005755594591372 1449005755674871773
1449005755644527872 1449005755724782255
1449005755694576862 1449005755774851994
1449005755744586879 1449005755824899914
1449005755794583720 1449005755874856210
1449005755844587330 1449005755924911406
1449005755894583589 1449005755974856523
1449005755944585879 1449005756024899639
1449005755994586923 1449005756074861791
1449005756044586897 1449005756124910720
1449005756094586190 1449005756174860234
1449005756144572688 1449005756224866810
1449005756194585331 1449005756274862391
1449005756244583452 1449005756324905220
1449005756294585588 1449005756374859471
1449005756344583855 1449005756424885605
1449005756394579781 1449005756474816085
1449005756444553740 1449005756524829380
1449005756494585596 1449005756574857241
1449005756544589036 1449005756624899795
1449005756644582113 1449005756724903954
1449005756694590533 1449005756774866270
1449005756744588136 1449005756824901906
1449005756794587355 1449005756874819791
1449005756844586922 1449005756924897608
1449005756894581715 1449005756974856567
1449005756944587740 1449005757024900818
1449005756994573603 1449005757074848364
1449005757044586814 1449005757124902054
1449005757094586672 1449005757174869645
1449005757144568615 1449005757224841653
1449005757194584436 1449005757274853327
1449005757244584577 1449005757324897175
1449005757294531893 1449005757374783228
1449005757344566566 1449005757424841602
1449005757394565852 1449005757474732048
1449005757444587443 1449005757524901934
1449005757494582803 1449005757574851678
1449005757544587338 1449005757624902665
1449005757594546116 1449005757674811994
1449005757644583760 1449005757724889161
1449005757694582395 1449005757774850828
1449005757744551706 1449005757824822439
1449005757794632287 1449005757874910904
1449005757844591720 1449005757924912238
1449005757894589750 1449005757974866666
1449005757944592270 1449005758024907838
1449005757994584103 1449005758074863332
1449005758044587031 1449005758124878100
1449005758094587306 1449005758174862449
1449005758144583930 1449005758224902458
1449005758194586033 1449005758274854787
1449005758244580488 1449005758324850923
1449005758294552232 1449005758374823686
1449005758344587002 1449005758424905249
1449005758394585276 1449005758474862063
1449005758444588141 1449005758524904604
1449005758544586523 1449005758624902826
1449005758594583855 1449005758674853659
1449005758644585139 1449005758724904415
1449005758694573885 1449005758774821462
1449005758744584497 1449005758824909112
1449005758794589236 1449005758874861238
1449005758844587400 1449005758924903435
1449005758894560093 1449005758974839047
1449005758944589170 1449005759024860554
1449005758994588005 1449005759074857879
1449005759044587265 1449005759124900310
1449005759094587066 1449005759174800218
1449005759144549064 1449005759224782202
1449005759194583815 1449005759274818418
1449005759244570526 1449005759324862209
1449005759294585093 1449005759374858769
1449005759344586541 1449005759424916391
1449005759394586102 1449005759474855645
1449005759444563398 1449005759524838237
1449005759494567576 1449005759574841048
1449005759544587008 1449005759624901710
1449005759594579312 1449005759674849660
1449005759694572108 1449005759774851450
1449005759744585937 1449005759824879702
1449005759794598029 1449005759874872310
1449005759844595946 1449005759924913090
1449005759894584699 1449005759974860503
1449005759944587105 1449005760024907971
1449005759994585807 1449005760074852414
1449005760044582077 1449005760124885466
1449005760094583040 1449005760174840536
1449005760144588053 1449005760224858424
1449005760194550155 1449005760274820727
1449005760244586652 1449005760324902554
1449005760294586894 1449005760374860510
1449005760344589111 1449005760424905710
1449005760394588003 1449005760474856046
1449005760444583447 1449005760524898938
1449005760494586763 1449005760574869202
1449005760544587552 1449005760624918177
1449005760594586899 1449005760674858263
1449005760644573804 1449005760724867315
1449005760694587346 1449005760774870490
1449005760744586863 1449005760824901882
1449005760794588715 1449005760874860456
1449005760844585061 1449005760924883256
1449005760894583432 1449005760974854522
1449005760944572679 1449005761024861890
1449005760994586622 1449005761074825035
1449005761094545635 1449005761174765837
1449005761144586960 1449005761224909246
1449005761194587169 1449005761274839386
1449005761244585991 1449005761324853890
1449005761294587065 1449005761374863507
1449005761344587771 1449005761424890773
1449005761394587629 1449005761474854061
1449005761444587540 1449005761524910233
1449005761494588664 1449005761574866639
1449005761544587659 1449005761624913380
1449005761594590698 1449005761674862626
1449005761644588661 1449005761724905949
1449005761744585176 1449005761824886367
1449005761794589477 1449005761874858599
1449005761844585519 1449005761924909071
1449005761894588250 1449005761974850737
1449005761944586340 1449005762024898356
1449005761994564693 1449005762074784750
1449005762044552540 1449005762124822447
1449005762094585920 1449005762174857060
1449005762144588942 1449005762224883488
1449005762194531696 1449005762274794758
1449005762244589927 1449005762324922078
1449005762294587035 1449005762374861943
1449005762344584250 1449005762424891081
1449005762394588651 1449005762474859938
1449005762444589377 1449005762524913908
1449005762494583532 1449005762574858979
1449005762544586941 1449005762624891975
1449005762594589515 1449005762674862085
1449005762644588775 1449005762724909925
1449005762694597963 1449005762774869224
1449005762744595643 1449005762824920288
1449005762794587115 1449005762874865528
1449005762844594135 1449005762924929043
1449005762894585190 1449005762974808608
1449005762944558654 1449005763024822094
1449005762994563951 1449005763074802871
1449005763044585017 1449005763124900611
1449005763094587250 1449005763174859385
1449005763144582764 1449005763224832790
1449005763194587226 1449005763274858606
1449005763244591400 1449005763324851979
1449005763294588094 1449005763374854226
1449005763344586592 1449005763424913655
1449005763394586035 1449005763474860984
1449005763444584226 1449005763524873370
1449005763494587424 1449005763574855263
1449005763544570220 1449005763624899355
1449005763594589274 1449005763674861029
1449005763644588284 1449005763724911963
1449005763694587453 1449005763774857524
1449005763744545670 1449005763824806095
1449005763794585825 1449005763874841290
1449005763844584123 1449005763924885338
1449005763894539683 1449005763974809056
1449005763944586551 1449005764024865910
1449005763994586522 1449005764074860953
1449005764044579865 1449005764124849104
1449005764094586164 1449005764174857698
1449005764144554407 1449005764224819998
1449005764194586444 1449005764274858343
1449005764244586756 1449005764324889301
1449005764344587788 1449005764424893005
1449005764444588235 1449005764524873534
1449005764494580428 1449005764574853062
1449005764544585892 1449005764624831090
1449005764594586662 1449005764674852567
1449005764644579617 1449005764724852859
1449005764694583581 1449005764774855777
1449005764744583205 1449005764824846504
1449005764794538084 1449005764874765421
1449005764844583775 1449005764924896881
1449005764894585040 1449005764974857576
1449005764944584770 1449005765024908186
1449005764994588457 1449005765074827634
1449005765044587589 1449005765124900735
1449005765094587424 1449005765174861978
1449005765144584171 1449005765224909203
1449005765194586812 1449005765274853545
1449005765244587054 1449005765324906540
1449005765294582261 1449005765374845977
1449005765344583856 1449005765424902584
1449005765394568602 1449005765474844022
1449005765444584557 1449005765524866091
1449005765494552642 1449005765574835602
1449005765544583440 1449005765624844317
1449005765594565584 1449005765674841345
1449005765644583934 1449005765724889796
1449005765694554368 1449005765774812793
1449005765744559080 1449005765824837380
1449005765794586590 1449005765874854961
1449005765844592101 1449005765924886644
1449005765894570440 1449005765974850510
1449005765944583558 1449005766024889734
1449005765994586763 1449005766074856436
1449005766044588131 1449005766124889493
1449005766094583548 1449005766174854702
1449005766144567269 1449005766224862033
1449005766194583497 1449005766274848236
1449005766244587157 1449005766324889595
1449005766294589751 1449005766374852238
1449005766394589520 1449005766474861655
1449005766444569178 1449005766524838812
1449005766494584454 1449005766574841115
1449005766544575211 1449005766624822982
1449005766594552545 1449005766674831041
1449005766644586490 1449005766724908034
1449005766694586010 1449005766774865385
1449005766844530628 1449005766924798705
1449005766894583389 1449005766974856203
1449005766944578366 1449005767024842453
1449005766994586980 1449005767074867324
1449005767044584994 1449005767124898784
1449005767094582473 1449005767174852687
1449005767144586182 1449005767224897376
1449005767194569122 1449005767274808947
1449005767244582727 1449005767324878683
1449005767294584272 1449005767374853685
1449005767344585145 1449005767424893126
1449005767394582263 1449005767474807503
1449005767444566315 1449005767524791895
1449005767494569734 1449005767574841639
1449005767544583798 1449005767624836051
1449005767594582339 1449005767674852383
1449005767644587185 1449005767724908422
1449005767694585489 1449005767774817634
1449005767744592369 1449005767824911665
1449005767794587179 1449005767874860928
1449005767844586933 1449005767924906974
1449005767894585832 1449005767974858679
1449005767944585095 1449005768024887866
1449005767994587391 1449005768074858942
1449005768044591158 1449005768124909538
1449005768094584681 1449005768174854859
1449005768144585601 1449005768224878567
1449005768194588382 1449005768274863264
1449005768244584160 1449005768324863031
1449005768294569271 1449005768374837749
1449005768344586341 1449005768424870474
1449005768394569311 1449005768474845562
1449005768444537884 1449005768524813748
1449005768494574749 1449005768574850403
1449005768544591345 1449005768624916741
1449005768594591353 1449005768674865212
1449005768644591458 1449005768724908485
1449005768694542662 1449005768774813127
1449005768744570018 1449005768824844456
1449005768794593413 1449005768874867824
1449005768844537795 1449005768924787556
1449005768894540713 1449005768974813623
1449005768944588830 1449005769024921997
