1449014890223257569
1449014890273268465
1449014890373253607
1449014890423228264
1449014890473250289
1449014890523222521
1449014890573257341
1449014890623256778
1449014890673258790
1449014890723196400
1449014890773250725
1449014890823258487
1449014890873261381
1449014890923240061
1449014890973257382
1449014891023223757
1449014891073234175
1449014891123260757
1449014891173234251
1449014891223256550
1449014891273257316
1449014891323257221
1449014891373229593
1449014891423218963
1449014891473202029
1449014891523197455
1449014891573217634
1449014891623256053
1449014891673193910
1449014891723231904
1449014891773247808
1449014891823195955
1449014891873225129
1449014891923261293
1449014891973196533
1449014892023210263
1449014892073256148
1449014892123257042
1449014892173223684
1449014892223204322
1449014892273248536
1449014892323255143
1449014892373198930
1449014892423231976
1449014892473260589
1449014892523200610
1449014892573281639
1449014892623207899
1449014892673227032
1449014892723195946
1449014892773255826
1449014892823267648
1449014892873263744
1449014892923252376
1449014892973258922
1449014893023260494
1449014893073244652
1449014893123263650
1449014893173214193
1449014893223263152
1449014893273262030
1449014893323260141
1449014893373263520
1449014893423228569
1449014893473264481
1449014893523260778
1449014893573229645
1449014893623253991
1449014893673215693
1449014893723198455
1449014893773254634
1449014893823227216
1449014893873261756
1449014893923264283
1449014893973263583
1449014894023262471
1449014894073262974
1449014894123263577
1449014894173263772
1449014894223223525
1449014894273208573
1449014894323206339
1449014894373203878
1449014894423248059
1449014894473258905
1449014894523254507
1449014894573213659
1449014894623213096
1449014894673242256
1449014894723207161
1449014894773256424
1449014894823259316
1449014894873211432
1449014894923251775
1449014894973256493
1449014895023258352
1449014895073251885
1449014895123254352
1449014895173256218
1449014895223257041
1449014895273232694
1449014895323196240
1449014895373238219
1449014895423224135
1449014895473241790
1449014895523209772
1449014895573208771
1449014895623210921
1449014895673232818
1449014895723216362
1449014895773241026
1449014895823209212
1449014895873227274
1449014895923247562
1449014895973223579
1449014896023238053
1449014896073209533
1449014896123236165
1449014896173205192
1449014896223189544
1449014896273213708
1449014896323242818
1449014896373223232
1449014896423242240
1449014896473224244
1449014896523225585
1449014896573198211
1449014896623214382
1449014896673234075
1449014896723227037
1449014896773198476
1449014896823233083
1449014896873257105
1449014896923258764
1449014896973256406
1449014897023255228
1449014897073238185
1449014897123253567
1449014897173258380
1449014897223253807
1449014897273253815
1449014897323248264
1449014897373260256
1449014897423226524
1449014897473262474
1449014897523247103
1449014897573238869
1449014897623254576
1449014897673239126
1449014897723224133
1449014897773257069
1449014897823255350
1449014897873257376
1449014897923258036
1449014897973257155
1449014898023257911
1449014898073256135
1449014898123258549
1449014898173255122
1449014898223220462
1449014898273243896
1449014898323217935
1449014898373212792
1449014898423218660
1449014898473237925
1449014898523256134
1449014898573236624
1449014898623255225
1449014898673205650
1449014898723226201
1449014898773209248
1449014898823258180
1449014898873205980
1449014898923256586
1449014898973250216
1449014899023259522
1449014899073254745
1449014899123258428
1449014899173256442
1449014899223257990
1449014899273259406
1449014899323256170
1449014899373209210
1449014899423221900
1449014899473257375
1449014899523255713
1449014899573255160
1449014899623253410
1449014899673237573
1449014899723254419
1449014899773257166
1449014899823229528
1449014899873260891
1449014899923256495
1449014899973237918
1449014900023256301
1449014900073254705
1449014900123257483
1449014900173198015
1449014900223249561
1449014900273195837
1449014900323190369
1449014900373207727
1449014900423221028
1449014900473255672
1449014900523252402
1449014900573214424
1449014900623248994
1449014900673251020
1449014900723193953
1449014900773201697
1449014900823252975
1449014900873197358
1449014900923253987
1449014900973251091
1449014901023194909
1449014901073234099
1449014901123249061
1449014901173255493
1449014901223252511
1449014901273206565
1449014901323253316
1449014901373254871
1449014901423195153
1449014901473221120
1449014901523247525
1449014901573214685
1449014901623250985
1449014901673255891
1449014901723223972
1449014901773255222
1449014901823238031
1449014901873206285
1449014901923203825
1449014901973219760
1449014902023238264
1449014902073205042
1449014902123251162
1449014902173261113
1449014902223269009
1449014902273194779
1449014902323215039
1449014902373206531
1449014902423221145
1449014902473224000
1449014902523254277
1449014902573255811
1449014902623245272
1449014902673256933
1449014902723255288
1449014902773257153
1449014902823232702
1449014902873239800
1449014902923224106
1449014902973255411
1449014903023230543
1449014903073239281
1449014903123222083
1449014903173224076
1449014903223237985
1449014903273227282
1449014903323225289
1449014903373225741
1449014903423251952
1449014903473210997
1449014903523226791
1449014903573223755
1449014903623224288
1449014903673229862
1449014903723223349
1449014903773237101
1449014903823236247
1449014903873214112
1449014903923226054
1449014903973259935
1449014904023217366
1449014904073229572
1449014904123206047
1449014904173213054
1449014904223208772
1449014904273211830
1449014904323223552
1449014904373223045
1449014904423228151
1449014904473224117
1449014904523221713
1449014904573222259
1449014904623236690
1449014904673224383
1449014904723224621
1449014904773225916
1449014904823210111
1449014904873226954
1449014904923225118
1449014904973228527
1449014905023230282
1449014905073222730
1449014905123233202
1449014905173237068
1449014905223239335
1449014905273224269
1449014905323223191
1449014905373222578
1449014905423228997
1449014905473223746
1449014905523225061
1449014905573222821
1449014905623214793
1449014905673240028
1449014905723256200
1449014905773238701
1449014905823250590
1449014905873261282
1449014905923255631
1449014905973215972
1449014906023249603
1449014906073256466
1449014906123254006
1449014906173260498
1449014906223256754
1449014906273257006
1449014906323255334
1449014906373255051
1449014906423223698
1449014906473258645
1449014906523256819
1449014906573256213
1449014906623255362
1449014906673255985
1449014906723237227
1449014906773193227
1449014906823208317
1449014906873255285
1449014906923214945
1449014906973256731
1449014907023218686
1449014907073252374
1449014907123256732
1449014907173256760
1449014907223254593
1449014907273256248
1449014907323255331
1449014907373255452
1449014907423253890
1449014907473256060
1449014907523257467
1449014907573250122
1449014907623253431
1449014907673257161
1449014907723210393
1449014907773249088
1449014907823209196
1449014907873256017
1449014907923257659
1449014907973256494
1449014908023254805
1449014908073230655
1449014908123254871
1449014908173258230
1449014908223255124
1449014908273257812
1449014908323198637
1449014908373253464
1449014908423252684
1449014908473257222
1449014908523255470
1449014908573258822
1449014908623248877
1449014908673254542
1449014908723251589
1449014908773256525
1449014908823239127
1449014908873209805
1449014908923251100
1449014908973255492
1449014909023246032
1449014909073227317
1449014909123254387
1449014909173256219
1449014909223238089
1449014909273256342
1449014909323256690
1449014909373228708
1449014909423232799
1449014909473265063
1449014909523260277
1449014909573261074
1449014909623262839
1449014909673264200
1449014909723257383
1449014909773243900
1449014909823211080
1449014909873257103
1449014909923254755
1449014909973257416
1449014910023248511
1449014910073255855
1449014910123259137
1449014910173257532
1449014910223257059
1449014910273258817
1449014910323244760
1449014910373186618
1449014910423231857
1449014910473215825
1449014910523211012
1449014910573256837
1449014910623218941
1449014910673211317
1449014910723222236
1449014910773239326
1449014910823220425
1449014910873195598
1449014910923192060
1449014910973210543
1449014911023219749
1449014911073225162
1449014911123224987
1449014911173254174
1449014911223258669
1449014911273197302
1449014911323196356
1449014911373223974
1449014911423254765
1449014911473233542
1449014911523220551
1449014911573230780
1449014911623200181
1449014911673233385
1449014911723257002
1449014911773259078
1449014911823237155
1449014911873222124
1449014911923237132
1449014911973190938
1449014912023192373
1449014912073190492
1449014912123220285
1449014912173195940
1449014912223223232
1449014912273228940
1449014912323249979
1449014912373195615
1449014912423251979
1449014912473214372
1449014912523221128
1449014912573249949
1449014912623223864
1449014912673254602
1449014912723212976
1449014912773254147
1449014912823202728
1449014912873255526
1449014912923201829
1449014912973256781
1449014913023212205
1449014913073222984
1449014913123225267
1449014913173255992
1449014913223253424
1449014913273256840
1449014913323254790
1449014913373257290
1449014913423254568
1449014913473211539
1449014913523255570
1449014913573257051
1449014913623253271
1449014913673218470
1449014913723253254
1449014913773258924
1449014913823252020
1449014913873238307
1449014913923237590
1449014913973226927
1449014914023225008
1449014914073237113
1449014914123246038
1449014914173263642
1449014914223254102
1449014914273256038
1449014914323238603
1449014914373264139
1449014914423253553
1449014914473253548
1449014914523248611
1449014914573255291
1449014914623253588
1449014914673257345
1449014914723254242
1449014914773255857
1449014914823252017
1449014914873255800
1449014914923252901
1449014914973239786
1449014915023184653
1449014915073256263
1449014915123256585
1449014915173255654
1449014915223252455
1449014915273237118
1449014915323253711
1449014915373213962
1449014915423252053
1449014915473252803
1449014915523251959
1449014915573237668
1449014915623255820
1449014915673258491
1449014915723254146
1449014915773257047
1449014915823254947
1449014915873252596
1449014915923192318
1449014915973223840
1449014916023204160
1449014916073251332
1449014916123234074
1449014916173241035
1449014916223219290
1449014916273229100
1449014916323241600
1449014916373223463
1449014916423243981
1449014916473246976
1449014916523233367
1449014916573212935
1449014916623207110
1449014916673224407
1449014916723255161
1449014916773232728
1449014916823241613
1449014916873226069
1449014916923224407
1449014916973221919
1449014917023211153
1449014917073220502
1449014917123209729
1449014917173222823
1449014917223210691
1449014917273220320
1449014917323211024
1449014917373225475
1449014917423244576
1449014917473213106
1449014917523253826
1449014917573256945
1449014917623256261
1449014917673256283
1449014917723252502
1449014917773256703
1449014917823252615
1449014917873253395
1449014917923205748
1449014917973238380
1449014918023221804
1449014918073257890
1449014918123213314
1449014918173206907
1449014918223219928
1449014918273255694
