1449015163838638663
1449015163888653699
1449015163938608110
1449015163988594517
1449015164038643854
1449015164088612621
1449015164138643392
1449015164188627237
1449015164238640518
1449015164288613538
1449015164338624518
1449015164388608439
1449015164438647289
1449015164488627943
1449015164538592227
1449015164588634677
1449015164638644244
1449015164688643550
1449015164738644541
1449015164788593326
1449015164838644212
1449015164888627018
1449015164938639304
1449015164988598129
1449015165038645127
1449015165088612708
1449015165138642884
1449015165188642398
1449015165238602134
1449015165288613471
1449015165338640725
1449015165388645149
1449015165438611448
1449015165488644116
1449015165538640837
1449015165588610105
1449015165638642948
1449015165688612386
1449015165738642626
1449015165788647980
1449015165838608834
1449015165888652362
1449015165938623294
1449015165988627980
1449015166038635983
1449015166088610028
1449015166138638521
1449015166188627143
1449015166238615886
1449015166288597853
1449015166338645151
1449015166388643375
1449015166438622777
1449015166488643218
1449015166538640543
1449015166588654830
1449015166638644799
1449015166688608888
1449015166738646575
1449015166788644636
1449015166838610058
1449015166888645340
1449015166938643627
1449015166988641347
1449015167038644278
1449015167088643394
1449015167138642406
1449015167188610091
1449015167238646161
1449015167288645407
1449015167338621571
1449015167388645694
1449015167438640323
1449015167488643729
1449015167538645477
1449015167588628350
1449015167638612412
1449015167688643370
1449015167738652997
1449015167788641034
1449015167838640501
1449015167888623160
1449015167938640828
1449015167988632804
1449015168038640787
1449015168088645422
1449015168138625328
1449015168188669175
1449015168238644173
1449015168288642324
1449015168338640447
1449015168388646359
1449015168438643079
1449015168488643452
1449015168538618884
1449015168588642211
1449015168638642330
1449015168688601809
1449015168738645760
1449015168788643583
1449015168838645222
1449015168888643689
1449015168938642799
1449015168988612518
1449015169038641442
1449015169088687285
1449015169138619805
1449015169188641987
1449015169238642730
1449015169288641919
1449015169338638917
1449015169388645367
1449015169438641386
1449015169488644377
1449015169538641512
1449015169588699371
1449015169638647612
1449015169688610055
1449015169738645700
1449015169788644796
1449015169838641557
1449015169888667380
1449015169938641336
1449015169988629827
1449015170038679986
1449015170088629633
1449015170138610331
1449015170188646731
1449015170238643151
1449015170288650329
1449015170338641173
1449015170388644795
1449015170438638416
1449015170488626911
1449015170538643263
1449015170588645502
1449015170638644465
1449015170688599624
1449015170738644715
1449015170788644054
1449015170838640254
1449015170888639002
1449015170938649681
1449015170988614560
1449015171038643366
1449015171088626867
1449015171138592233
1449015171188643327
1449015171238641928
1449015171288642334
1449015171338623696
1449015171388641832
1449015171438642936
1449015171488643151
1449015171538641502
1449015171588595746
1449015171638644014
1449015171688608682
1449015171738599836
1449015171788636410
1449015171838607176
1449015171888642153
1449015171938638526
1449015171988642035
1449015172038640510
1449015172088597848
1449015172138639610
1449015172188605541
1449015172238621632
1449015172288643019
1449015172338642068
1449015172388651557
1449015172438608999
1449015172488638932
1449015172538608551
1449015172588643184
1449015172638641425
1449015172688641613
1449015172738641771
1449015172788597038
1449015172838644898
1449015172888643646
1449015172938644322
1449015172988641644
1449015173038622696
1449015173088642152
1449015173138642213
1449015173188641209
1449015173238634157
1449015173288641956
1449015173338625390
1449015173388607939
1449015173438642151
1449015173488640996
1449015173538640410
1449015173588636656
1449015173638642724
1449015173688644526
1449015173738582272
1449015173788644369
1449015173838638894
1449015173888643382
1449015173938640327
1449015173988609799
1449015174038628696
1449015174088608736
1449015174138623588
1449015174188603503
1449015174238642530
1449015174288625646
1449015174338608963
1449015174388609285
1449015174438642198
1449015174488620410
1449015174538613198
1449015174588612915
1449015174638609095
1449015174688610359
1449015174738624843
1449015174788598294
1449015174838609762
1449015174888614256
1449015174938623943
1449015174988613183
1449015175038618664
1449015175088608475
1449015175138647432
1449015175188612247
1449015175238625317
1449015175288625212
1449015175338642636
1449015175388634332
1449015175438609687
1449015175488607380
1449015175538651999
1449015175588635183
1449015175638612519
1449015175688598943
1449015175738641608
1449015175788584167
1449015175838604316
1449015175888614968
1449015175938609804
1449015175988613574
1449015176038637162
1449015176088625918
1449015176138626822
1449015176188624919
1449015176238643412
1449015176288608838
1449015176338611248
1449015176388615115
1449015176438643878
1449015176488612278
1449015176538609229
1449015176588610209
1449015176638610301
1449015176688607563
1449015176738608189
1449015176788617174
1449015176838640725
1449015176888609987
1449015176938609647
1449015176988641745
1449015177038612092
1449015177088625972
1449015177138609679
1449015177188610369
1449015177238640806
1449015177288627992
1449015177338609083
1449015177388610017
1449015177438643491
1449015177488607367
1449015177538609112
1449015177588605175
1449015177638615466
1449015177688610927
1449015177738625495
1449015177788597704
1449015177838637060
1449015177888600883
1449015177938598021
1449015177988614119
1449015178038599176
1449015178088595807
1449015178138640940
1449015178188595018
1449015178238602713
1449015178288595695
1449015178338624027
1449015178388601354
1449015178438638997
1449015178488610050
1449015178538647169
1449015178588609842
1449015178638609302
1449015178688610088
1449015178738641384
1449015178788610572
1449015178838598075
1449015178888639273
1449015178938611465
1449015178988609886
1449015179038596931
1449015179088612488
1449015179138605577
1449015179188597122
1449015179238604169
1449015179288597344
1449015179338603257
1449015179388628382
1449015179438609881
1449015179488641852
1449015179538598134
1449015179588639262
1449015179638627106
1449015179688609480
1449015179738635842
1449015179788614107
1449015179838610851
1449015179888647241
1449015179938613597
1449015179988617553
1449015180038636488
1449015180088611011
1449015180138645444
1449015180188606283
1449015180238610918
1449015180288615961
1449015180338622180
1449015180388629905
1449015180438612865
1449015180488621586
1449015180538607495
1449015180588627121
1449015180638639384
1449015180688613627
1449015180738597391
1449015180788642134
1449015180838609318
1449015180888609633
1449015180938612691
1449015180988611253
1449015181038612497
1449015181088605713
1449015181138609536
1449015181188647781
1449015181238645243
1449015181288614050
1449015181338644701
1449015181388644445
1449015181438642983
1449015181488643051
1449015181538643046
1449015181588612121
1449015181638640236
1449015181688607229
1449015181738644765
1449015181788621247
1449015181838644116
1449015181888644746
1449015181938646581
1449015181988644869
1449015182038640584
1449015182088644751
1449015182138646056
1449015182188644931
1449015182238646188
1449015182288632095
1449015182338646191
1449015182388643329
1449015182438645295
1449015182488645497
1449015182538639739
1449015182588643522
1449015182638627427
1449015182688625991
1449015182738645303
1449015182788597226
1449015182838646846
1449015182888643704
1449015182938643678
1449015182988591438
1449015183038645512
1449015183088643148
1449015183138644980
1449015183188614515
1449015183238646432
1449015183288643096
1449015183338645840
1449015183388644439
1449015183438637521
1449015183488652376
1449015183538641599
1449015183588631064
1449015183638610401
1449015183688612267
1449015183738641618
1449015183788614024
1449015183838649195
1449015183888611387
1449015183938653474
1449015183988637930
1449015184038639505
1449015184088644003
1449015184138642227
1449015184188646341
1449015184238641986
1449015184288608788
1449015184338644768
1449015184388645281
1449015184438642713
1449015184488639089
1449015184538642375
1449015184588611262
1449015184638645919
1449015184688638607
1449015184738639510
1449015184788587851
1449015184838642299
1449015184888629872
1449015184938640381
1449015184988611981
1449015185038645639
1449015185088645583
1449015185138641415
1449015185188644607
1449015185238644739
1449015185288647099
1449015185338644277
1449015185388643069
1449015185438646204
1449015185488644421
1449015185538604255
1449015185588583516
1449015185638638141
1449015185688606434
1449015185738644922
1449015185788645569
1449015185838642029
1449015185888609403
1449015185938642641
1449015185988615069
1449015186038641670
1449015186088641638
1449015186138647462
1449015186188643809
1449015186238643148
1449015186288643624
1449015186338639279
1449015186388642501
1449015186438641600
1449015186488643670
1449015186538627712
1449015186588642847
1449015186638625058
1449015186688607510
1449015186738643205
1449015186788603059
1449015186838644668
1449015186888643350
1449015186938631571
1449015186988609148
1449015187038643547
1449015187088611997
1449015187138642087
1449015187188628477
1449015187238642053
1449015187288610626
1449015187338640625
1449015187388643600
1449015187438639603
1449015187488608470
1449015187538613663
1449015187588644374
1449015187638643507
1449015187688608001
1449015187738641762
1449015187788644737
1449015187838643549
1449015187888642768
1449015187938617933
1449015187988602239
1449015188038646200
1449015188088645513
1449015188138644699
1449015188188642659
1449015188238639500
1449015188288643026
1449015188338636994
1449015188388644379
1449015188438636158
1449015188488608751
1449015188538610526
1449015188588614192
1449015188638639254
1449015188688609194
1449015188738641077
1449015188788643875
1449015188838633382
1449015188888644522
1449015188938641093
1449015188988607748
1449015189038597607
1449015189088629076
1449015189138599945
1449015189188630786
1449015189238637807
1449015189288644443
1449015189338640843
1449015189388600048
1449015189438635938
1449015189488595928
1449015189538645906
1449015189588603308
1449015189638638960
1449015189688646288
1449015189738644462
1449015189788646020
1449015189838608919
1449015189888623936
1449015189938627355
1449015189988612038
1449015190038644346
1449015190088644638
1449015190138645561
1449015190188601279
1449015190238641418
1449015190288645215
1449015190338640696
