1449014798543767260
1449014798593776669
1449014798643772046
1449014798693767917
1449014798743766794
1449014798793777418
1449014798843784119
1449014798893766095
1449014798943771544
1449014798993767221
1449014799043769837
1449014799093872000
1449014799143775564
1449014799193773859
1449014799243774542
1449014799293787098
1449014799343786783
1449014799393774863
1449014799443793565
1449014799493770255
1449014799543785242
1449014799593779692
1449014799643763718
1449014799693767327
1449014799743763877
1449014799793768846
1449014799843769572
1449014799893771264
1449014799943765748
1449014799993765995
1449014800043764411
1449014800093764198
1449014800143768718
1449014800193770180
1449014800243779490
1449014800293771002
1449014800343783385
1449014800393796224
1449014800443772517
1449014800493772207
1449014800543775169
1449014800593774442
1449014800643767480
1449014800693778383
1449014800743777531
1449014800793813499
1449014800843773579
1449014800893775691
1449014800943774333
1449014800993767870
1449014801043775016
1449014801093783322
1449014801143783297
1449014801193773509
1449014801243787632
1449014801293770773
1449014801343770704
1449014801393778795
1449014801443777365
1449014801493776131
1449014801543791229
1449014801593800682
1449014801643803964
1449014801693820446
1449014801743792507
1449014801793775566
1449014801843765882
1449014801893764785
1449014801943770361
1449014801993768081
1449014802043768832
1449014802093768923
1449014802143771581
1449014802193767347
1449014802243767501
1449014802293766250
1449014802343766299
1449014802393773732
1449014802443767885
1449014802493822886
1449014802543869062
1449014802593814704
1449014802643802835
1449014802693798623
1449014802743821830
1449014802793816055
1449014802843832711
1449014802893794506
1449014802943808091
1449014802993780757
1449014803043810179
1449014803093800915
1449014803143783026
1449014803193791778
1449014803243790389
1449014803293789632
1449014803343796071
1449014803393790166
1449014803443796659
1449014803493790055
1449014803543788473
1449014803593793562
1449014803643795648
1449014803693802515
1449014803743780614
1449014803793801065
1449014803843782699
1449014803893770836
1449014803943798804
1449014803993775611
1449014804043775433
1449014804093776739
1449014804143779084
1449014804193775226
1449014804243770852
1449014804293777353
1449014804343768948
1449014804393768662
1449014804443778728
1449014804493772523
1449014804543765434
1449014804593802013
1449014804643775466
1449014804693773917
1449014804743767099
1449014804793774265
1449014804843770565
1449014804893771846
1449014804943771117
1449014804993770924
1449014805043780644
1449014805093781078
1449014805143769944
1449014805193773252
1449014805243770552
1449014805293756252
1449014805343765053
1449014805393796384
1449014805443802983
1449014805493803113
1449014805543786535
1449014805593783707
1449014805643779119
1449014805693783145
1449014805743853106
1449014805793775612
1449014805843782574
1449014805893775142
1449014805943776646
1449014805993783176
1449014806043778819
1449014806093776893
1449014806143773953
1449014806193772198
1449014806243771921
1449014806293772463
1449014806343790486
1449014806393772651
1449014806443770162
1449014806493768068
1449014806543771783
1449014806593758166
1449014806643768974
1449014806693776462
1449014806743774000
1449014806793787678
1449014806843767166
1449014806893769960
1449014806943777624
1449014806993812591
1449014807043767477
1449014807093773788
1449014807143778465
1449014807193763949
1449014807243771459
1449014807293778588
1449014807343806448
1449014807393773398
1449014807443785380
1449014807493787810
1449014807543785898
1449014807593798150
1449014807643776985
1449014807693764625
1449014807743772034
1449014807793764801
1449014807843768955
1449014807893768310
1449014807943773192
1449014807993764857
1449014808043768010
1449014808093776258
1449014808143800549
1449014808193772861
1449014808243777430
1449014808293770964
1449014808343778643
1449014808393770700
1449014808443773238
1449014808493771752
1449014808543783291
1449014808593767954
1449014808643768934
1449014808693769813
1449014808743778376
1449014808793794042
1449014808843777799
1449014808893775580
1449014808943827933
1449014808993833968
1449014809043832737
1449014809093833086
1449014809143826826
1449014809193832457
1449014809243820785
1449014809293832830
1449014809343818242
1449014809393844503
1449014809443812575
1449014809493840557
1449014809543840575
1449014809593838869
1449014809643840357
1449014809693839566
1449014809743836694
1449014809793833973
1449014809843821529
1449014809893798759
1449014809943782300
1449014809993794960
1449014810043776247
1449014810093793125
1449014810143778846
1449014810193774811
1449014810243800960
1449014810293836956
1449014810343837248
1449014810393821537
1449014810443838771
1449014810493839150
1449014810543834297
1449014810593825749
1449014810643839184
1449014810693838738
1449014810743834713
1449014810793825978
1449014810843837880
1449014810893780944
1449014810943824689
1449014810993839204
1449014811043820666
1449014811093840105
1449014811143836177
1449014811193837074
1449014811243835529
1449014811293836465
1449014811343821877
1449014811393839358
1449014811443836981
1449014811493827420
1449014811543838122
1449014811593839173
1449014811643834905
1449014811693828936
1449014811743804662
1449014811793829896
1449014811843773968
1449014811893778752
1449014811943771708
1449014811993822733
1449014812043824351
1449014812093788294
1449014812143803873
1449014812193796784
1449014812243764413
1449014812293775230
1449014812343791700
1449014812393778034
1449014812443771154
1449014812493790226
1449014812543816206
1449014812593826898
1449014812643800360
1449014812693778815
1449014812743799043
1449014812793775725
1449014812843774118
1449014812893794954
1449014812943768856
1449014812993788004
1449014813043778216
1449014813093824837
1449014813143778430
1449014813193770353
1449014813243783815
1449014813293804163
1449014813343773440
1449014813393763634
1449014813443761526
1449014813493772597
1449014813543772853
1449014813593775239
1449014813643773612
1449014813693807942
1449014813743819426
1449014813793820640
1449014813843822388
1449014813893792358
1449014813943816491
1449014813993802026
1449014814043808582
1449014814093822007
1449014814143820081
1449014814193822625
1449014814243810228
1449014814293815732
1449014814343818940
1449014814393838286
1449014814443839837
1449014814493839732
1449014814543818361
1449014814593805821
1449014814643798957
1449014814693800966
1449014814743799220
1449014814793792292
1449014814843790386
1449014814893790681
1449014814943819428
1449014814993784112
1449014815043778434
1449014815093777126
1449014815143782406
1449014815193782556
1449014815243798451
1449014815293820406
1449014815343776894
1449014815393770826
1449014815443769456
1449014815493796410
1449014815543771075
1449014815593800502
1449014815643833789
1449014815693815572
1449014815743773862
1449014815793787164
1449014815843789038
1449014815893767735
1449014815943769484
1449014815993769976
1449014816043773161
1449014816093788538
1449014816143775278
1449014816193770433
1449014816243767810
1449014816293764599
1449014816343768789
1449014816393783498
1449014816443769452
1449014816493779557
1449014816543771744
1449014816593773401
1449014816643771422
1449014816693777888
1449014816743766904
1449014816793767783
1449014816843767436
1449014816893768061
1449014816943766389
1449014816993764398
1449014817043768667
1449014817093783276
1449014817143791403
1449014817193803371
1449014817243835405
1449014817293771121
1449014817343821025
1449014817393835132
1449014817443771723
1449014817493769124
1449014817543801413
1449014817593792271
1449014817643790277
1449014817693789306
1449014817743771686
1449014817793774508
1449014817843764218
1449014817893773537
1449014817943781245
1449014817993775048
1449014818043772957
1449014818093776429
1449014818143772350
1449014818193779256
1449014818243785308
1449014818293775954
1449014818343769910
1449014818393773173
1449014818443799663
1449014818493771791
1449014818543772222
1449014818593775942
1449014818643778888
1449014818693794757
1449014818743832666
1449014818793823825
1449014818843795982
1449014818893768375
1449014818943764906
1449014818993793911
1449014819043773502
1449014819093778471
1449014819143777081
1449014819193767952
1449014819243777024
1449014819293772764
1449014819343776937
1449014819393778681
1449014819443778578
1449014819493767039
1449014819543780903
1449014819593770847
1449014819643770438
1449014819693769860
1449014819743770472
1449014819793767849
1449014819843837022
1449014819893769024
1449014819943773553
1449014819993764890
1449014820043778204
1449014820093780315
1449014820143823028
1449014820193813117
1449014820243776745
1449014820293824318
1449014820343774609
1449014820393778870
1449014820443805710
1449014820493814926
1449014820543788111
1449014820593818406
1449014820643805645
1449014820693834419
1449014820743821694
1449014820793777179
1449014820843812002
1449014820893833134
1449014820943767545
1449014820993789197
1449014821043813708
1449014821093779515
1449014821143769002
1449014821193812405
1449014821243777637
1449014821293829874
1449014821343786229
1449014821393774329
1449014821443813022
1449014821493784405
1449014821543781800
1449014821593783527
1449014821643798775
1449014821693776090
1449014821743774391
1449014821793781264
1449014821843775935
1449014821893776996
1449014821943772598
1449014821993791085
1449014822043834425
1449014822093813669
1449014822143808418
1449014822193836984
1449014822243815928
1449014822293841564
1449014822343818844
1449014822393839121
1449014822443823464
1449014822493835669
1449014822543843916
1449014822593806583
1449014822643834578
1449014822693819411
1449014822743838262
1449014822793839393
1449014822843837914
1449014822893820893
1449014822943825311
1449014822993809029
1449014823043846198
1449014823093839488
1449014823143840341
1449014823193839904
1449014823243837243
1449014823293839546
1449014823343833243
1449014823393795608
1449014823443834736
1449014823493841620
1449014823543839490
1449014823593839244
1449014823643837554
1449014823693818700
1449014823743850269
1449014823793832256
1449014823843787279
1449014823893774278
1449014823943786676
1449014823993782920
1449014824043826323
1449014824093793917
1449014824143796762
1449014824193797044
1449014824243777321
1449014824293828354
1449014824343802514
1449014824393795186
1449014824443777936
1449014824493728376
1449014824543788921
1449014824593771102
1449014824643779214
1449014824693796055
1449014824743791084
1449014824793793654
1449014824843771887
1449014824893770466
1449014824943780225
1449014824993783054
1449014825043806886
1449014825093832111
1449014825143843842
1449014825193807829
1449014825243822386
1449014825293805235
1449014825343795712
1449014825393788263
1449014825443784305
1449014825493781777
1449014825543798313
1449014825593766636
1449014825643775093
1449014825693792938
1449014825743786991
1449014825793796489
1449014825843814805
1449014825893775136
1449014825943806409
1449014825993821598
1449014826043839316
1449014826093794860
1449014826143804259
1449014826193774535
1449014826243778142
1449014826293782096
1449014826343833250
1449014826393785664
1449014826443789206
1449014826493804750
1449014826543839309
1449014826593840670
1449014826643799254
1449014826693841154
1449014826743795696
1449014826793786297
1449014826843791489
1449014826893795773
1449014826943827436
1449014826993836485
1449014827043834853
1449014827093832896
1449014827143836656
1449014827193818940
1449014827243818915
1449014827293826484
1449014827343794402
1449014827393794998
1449014827443801868
1449014827493812587
1449014827543796111
1449014827593785639
