1449015257026607626 1449015257186854249
1449015257076627730 1449015257236849921
1449015257126610799 1449015257286858842
1449015257176612217 1449015257336836473
1449015257226618386 1449015257386870378
1449015257276613436 1449015257436898580
1449015257326614850 1449015257486894074
1449015257376632672 1449015257536902962
1449015257476617403 1449015257636838175
1449015257526645398 1449015257686864686
1449015257576617236 1449015257736849022
1449015257626606877 1449015257786870111
1449015257726622144 1449015257886897830
1449015257776610787 1449015257936875237
1449015257826611543 1449015257986878923
1449015257876614147 1449015258036884457
1449015257976613815 1449015258136881677
1449015258026645926 1449015258186884444
1449015258076617486 1449015258236899774
1449015258126613542 1449015258286897874
1449015258226636924 1449015258386914929
1449015258276648218 1449015258436908873
1449015258326647160 1449015258486931603
1449015258376639568 1449015258536924748
1449015257426618007 1449015258616445050
1449015257676617613 1449015258616494579
1449015257926616904 1449015258616508053
1449015258176596881 1449015258616517721
1449015258476649419 1449015258636927197
1449015258526625249 1449015258686903982
1449015258576620857 1449015258736883898
1449015258626653342 1449015258786887357
1449015258426629703 1449015258797143571
1449015258726643402 1449015258886877978
1449015258776649197 1449015258936939740
1449015258826646673 1449015258986916555
1449015258876635485 1449015259036904904
1449015258676614983 1449015259117271687
1449015258926613203 1449015259117322656
1449015258976649393 1449015259136902604
1449015259026604907 1449015259186903615
1449015259126649373 1449015259286936993
1449015259176618645 1449015259336925137
1449015259226649476 1449015259386883725
1449015259276657492 1449015259436962622
1449015259426648519 1449015259586911543
1449015259476605032 1449015259636915701
1449015259526647276 1449015259686920753
1449015259676611853 1449015259836882815
1449015259076613711 1449015259884462984
1449015259326650465 1449015259884513943
1449015259576615245 1449015259884527898
1449015259726648447 1449015259886919506
1449015259776647059 1449015259936896468
1449015259826629611 1449015259986928933
1449015259926620088 1449015260086890599
1449015259976616378 1449015260136864969
1449015259376605641 1449015260184441704
1449015259626652273 1449015260184488253
1449015259876614972 1449015260184498082
1449015260026645936 1449015260186828228
1449015260076615338 1449015260236848057
1449015260126650947 1449015260286942371
1449015260176588058 1449015260336736597
1449015260276649621 1449015260436871684
1449015260376648478 1449015260536882064
1449015260426648530 1449015260586933754
1449015260526649097 1449015260686881675
1449015260626613449 1449015260786915317
1449015260776614696 1449015260936910707
1449015260226639170 1449015261096476895
1449015260476648554 1449015261096526364
1449015260726648594 1449015261096540396
1449015260326597773 1449015261136461421
1449015260576616534 1449015261136512346
1449015260826623921 1449015261136526261
1449015260976638431 1449015261136817107
1449015261026621374 1449015261186829861
1449015261076622157 1449015261236864287
1449015261226651427 1449015261386926826
1449015261276648315 1449015261436917797
1449015261326646572 1449015261486912312
1449015260676615017 1449015261488461444
1449015260926619180 1449015261488510873
1449015261176632811 1449015261488523902
1449015261426651179 1449015261586887756
1449015261476652002 1449015261636978119
1449015261526633528 1449015261686861122
1449015261576647979 1449015261736874276
1449015261676617426 1449015261836881732
1449015261726613679 1449015261886902908
1449015261776646387 1449015261936905583
1449015261976654371 1449015262136930541
1449015261926620192 1449015262156951743
1449015262026650450 1449015262186915111
1449015262176620152 1449015262336891852
1449015262226642063 1449015262386901525
1449015262276614108 1449015262436878645
1449015262426654664 1449015262586965489
1449015262476652216 1449015262636929673
1449015261826629975 1449015262652439468
1449015262076631011 1449015262652489301
1449015262326654233 1449015262652503096
1449015262526646451 1449015262686892727
1449015262576648497 1449015262736945808
1449015262676612217 1449015262836883817
1449015260876654365 1449015262857133136
1449015261126655581 1449015262857189775
1449015261376617698 1449015262857209092
1449015261626621895 1449015262857219535
1449015261876649524 1449015262857229207
1449015262126648675 1449015262857238652
1449015262376649310 1449015262857247769
1449015262626645976 1449015262857260127
1449015262726642714 1449015262886953520
1449015262776649120 1449015262936912375
1449015262826615769 1449015262986920962
1449015262876648014 1449015263036948964
1449015262926648830 1449015263086962673
1449015262976615299 1449015263136819961
1449015263026649565 1449015263186940508
1449015263076656525 1449015263236910308
1449015263126644546 1449015263286971575
1449015263176617259 1449015263336832030
1449015263226648264 1449015263386971060
1449015263376649734 1449015263536907904
1449015263426645600 1449015263586938023
1449015263476613164 1449015263636861879
1449015263626612861 1449015263786882460
1449015263726617137 1449015263886867595
1449015263876649524 1449015264036918117
1449015263276649812 1449015264100454147
1449015263526649104 1449015264100504411
1449015263776650002 1449015264100516789
1449015263976648591 1449015264136954663
1449015263326648941 1449015264140418417
1449015263576642026 1449015264140468958
1449015263826648069 1449015264140480254
1449015264076649001 1449015264236943842
1449015264126649357 1449015264286917573
1449015264226645234 1449015264386844860
1449015263676618391 1449015264407082692
1449015263926615351 1449015264407108923
1449015264176633456 1449015264407113623
1449015264326641805 1449015264486942708
1449015264476616766 1449015264636970385
1449015264426646021 1449015264657069340
1449015264676613697 1449015264836864587
1449015264026648362 1449015264844432013
1449015264276649759 1449015264844480851
1449015264526633959 1449015264844493783
1449015264726645564 1449015264886909036
1449015264776648365 1449015264936907985
1449015264976612175 1449015265136934413
1449015265026615775 1449015265186901914
1449015264376647904 1449015265192445731
1449015264626643196 1449015265192504136
1449015264876650155 1449015265192519621
1449015265126646661 1449015265286939516
1449015265226645775 1449015265386880819
1449015264576612302 1449015265388409079
1449015264826648878 1449015265388450627
1449015265076614634 1449015265388462581
1449015265276615327 1449015265436861493
1449015265326648353 1449015265486947205
1449015265376653012 1449015265536888133
1449015265476636414 1449015265636918056
1449015265526618037 1449015265686880065
1449015265576600789 1449015265736809483
1449015265626649410 1449015265786937100
1449015265726638612 1449015265886926693
1449015265776653858 1449015265936935163
1449015265826650605 1449015265986931065
1449015265876652210 1449015266036880983
1449015265976620053 1449015266136921080
1449015264926646766 1449015266157141146
1449015265176645222 1449015266157196204
1449015265426617573 1449015266157210346
1449015265676619561 1449015266157222604
1449015265926647802 1449015266157234628
1449015266026652468 1449015266186958847
1449015266076648818 1449015266236925305
1449015266126645535 1449015266286960216
1449015266226612393 1449015266386871802
1449015266276621541 1449015266436877025
1449015266176615719 1449015266477134182
1449015266326650836 1449015266486916175
1449015266476614845 1449015266636902875
1449015266526649882 1449015266686929661
1449015266576648995 1449015266736912430
1449015266726643593 1449015266886956978
1449015266826648290 1449015266986922903
1449015266976649283 1449015267136955308
1449015266376648124 1449015267188456749
1449015266626648589 1449015267188516929
1449015266876648271 1449015267188529698
1449015267076613231 1449015267236943323
1449015266426637575 1449015267244480010
1449015266676629490 1449015267244536364
1449015266926652105 1449015267244548739
1449015267126645281 1449015267286924993
1449015267176649699 1449015267336896573
1449015267226645788 1449015267386931918
1449015267326646285 1449015267486923154
1449015266776653066 1449015267592470043
1449015267026648332 1449015267592542801
1449015267276648459 1449015267592555677
1449015267476647619 1449015267636875430
1449015267526648776 1449015267686926848
1449015267576643356 1449015267736895882
1449015267726646437 1449015267886936468
1449015267776613436 1449015267936931064
1449015267826649473 1449015267986928793
1449015267976613402 1449015268136876295
1449015267376626646 1449015268184467380
1449015267626650152 1449015268184517349
1449015267876648218 1449015268184530920
1449015268026646294 1449015268186922485
1449015268126646815 1449015268286982754
1449015268226644038 1449015268386863266
1449015268376605932 1449015268607094402
1449015268476615506 1449015268636910670
1449015267426604149 1449015268727195190
1449015268626655935 1449015268786939155
1449015268726646036 1449015268886913880
1449015268876649741 1449015269036929694
1449015268276612625 1449015269104462169
1449015268526630569 1449015269104512410
1449015268776651743 1449015269104526812
1449015268976651692 1449015269136966159
1449015269026645963 1449015269186945430
1449015269126644804 1449015269286926640
1449015268076615997 1449015269307252322
1449015268326632785 1449015269307302723
1449015268576648654 1449015269307314316
1449015268826649433 1449015269307323273
1449015269076648684 1449015269307331959
1449015269226646884 1449015269386897046
1449015269276617950 1449015269436927870
1449015269326619358 1449015269486899150
1449015269376651853 1449015269536918151
1449015269476653001 1449015269636915972
1449015267676616768 1449015269672405542
1449015267926646743 1449015269672454276
1449015268176610434 1449015269672466825
1449015269526650965 1449015269686956228
1449015269576652359 1449015269736929635
1449015269626661057 1449015269786940672
1449015269726650827 1449015269886906009
1449015269776652361 1449015269936933807
1449015269826653228 1449015269986955487
1449015268426648390 1449015269992584771
1449015268676632293 1449015269992634420
1449015268926649586 1449015269992646293
1449015269176652198 1449015269992655681
1449015269426653515 1449015269992664869
1449015269676615772 1449015269992673769
1449015269876619286 1449015270036927839
1449015269926623831 1449015270086928870
1449015269976650790 1449015270136896314
1449015270026648573 1449015270186926206
1449015270076652276 1449015270236865605
1449015270126633819 1449015270286919674
1449015270176613484 1449015270336897813
1449015270226611234 1449015270386873619
1449015270276618465 1449015270436888468
1449015270326656362 1449015270487277584
1449015270376624561 1449015270536848082
1449015270476623204 1449015270636883933
1449015270526654426 1449015270686926945
1449015270576650027 1449015270736934580
1449015270626649608 1449015270786902305
1449015270726641505 1449015270886908291
1449015270776613092 1449015270936884819
1449015270826612102 1449015270986878065
1449015270876642391 1449015271036920095
1449015270976629248 1449015271136866035
1449015270426625675 1449015271156972611
1449015270676615622 1449015271157022404
1449015270926648981 1449015271157034685
1449015271026648987 1449015271186917259
1449015271126632285 1449015271286902789
1449015271226615276 1449015271386880912
1449015271176630743 1449015271407071829
1449015271276619614 1449015271436922551
1449015271376650196 1449015271536929583
1449015271426648102 1449015271586925475
1449015271476630654 1449015271636852241
1449015271526641614 1449015271686924807
1449015271626649027 1449015271787388504
1449015271076648050 1449015271807108991
1449015271326658811 1449015271807160317
1449015271576648170 1449015271807174279
1449015271676614276 1449015271836891562
1449015271726645598 1449015271886922944
1449015271776619126 1449015271936894204
1449015271826609041 1449015271986881049
1449015271876656811 1449015272036882751
1449015271926647611 1449015272086919769
1449015271976624019 1449015272136901954
1449015272026646077 1449015272186909776
1449015272076637011 1449015272236902256
1449015272126645469 1449015272286924716
1449015272176619711 1449015272336952356
1449015272276651994 1449015272436918175
1449015272326649593 1449015272486925186
1449015272376645642 1449015272536934418
1449015272426649509 1449015272587007846
1449015272526653227 1449015272687018903
1449015272576653495 1449015272736951856
1449015272626652915 1449015272786939185
1449015272676633155 1449015272836909636
1449015272776634127 1449015272936876186
1449015272826652590 1449015272986939124
1449015272876614418 1449015273036896702
1449015272226625068 1449015273048406959
1449015272476653052 1449015273048457280
1449015272726650062 1449015273048470286
1449015272926654377 1449015273086945331
1449015272976611584 1449015273136846271
1449015273026647397 1449015273186890018
1449015273076628211 1449015273236899046
1449015273126633228 1449015273286914272
1449015273176614226 1449015273336842300
1449015273226649300 1449015273386953881
1449015273276650875 1449015273436950635
1449015273376633779 1449015273536918866
1449015273426651163 1449015273586936577
1449015273476640106 1449015273636944340
1449015273526648884 1449015273686933553
1449015273676618626 1449015273836901044
1449015273926648998 1449015274086927290
1449015274176636747 1449015274336936744
1449015273776616621 1449015274596453984
1449015274026652091 1449015274596503199
1449015274276652709 1449015274596514444
1449015274526648516 1449015274686984976
1449015273326650228 1449015274807165349
1449015273576638010 1449015274807216505
1449015273826649810 1449015274807228502
1449015274076619255 1449015274807237358
1449015274326649186 1449015274807245801
1449015274576618015 1449015274807254791
1449015273626649648 1449015274857079619
1449015274776595095 1449015274936860140
1449015273726650068 1449015274956964537
1449015273976618250 1449015274957015530
1449015274226647108 1449015274957028329
1449015274476616255 1449015274957037707
1449015274826628933 1449015274986898923
1449015273876637928 1449015275107078480
1449015274126615153 1449015275107128470
1449015274376661883 1449015275107140717
1449015274626650951 1449015275107149614
1449015274876621691 1449015275107158578
1449015275026614025 1449015275186896200
1449015275076616612 1449015275236892722
1449015275126616303 1449015275286881809
1449015275276612498 1449015275436896700
1449015274726635773 1449015275457102807
1449015274976636722 1449015275457154057
1449015275226616101 1449015275457168149
1449015275326651317 1449015275486911161
1449015275376622092 1449015275536918392
1449015274426649726 1449015275657110788
1449015274676618586 1449015275657162491
1449015274926633500 1449015275657175427
1449015275176653629 1449015275657184635
1449015275426652563 1449015275657193432
1449015275526655195 1449015275686882297
1449015275576612466 1449015275736887023
1449015275626630431 1449015275786903976
1449015275676617470 1449015275836896620
1449015275776648563 1449015275936894742
1449015275826646403 1449015275986892779
1449015275876615561 1449015276036854650
1449015275926646406 1449015276086901922
1449015276026630536 1449015276186855807
1449015276076651474 1449015276236947944
1449015276126653423 1449015276286919228
1449015275476624841 1449015276300480319
1449015275726651973 1449015276300530075
1449015275976611531 1449015276300541705
1449015276176651811 1449015276336892143
1449015276226645882 1449015276386945406
1449015276276646041 1449015276436894538
1449015276326647843 1449015276486925844
1449015276426648544 1449015276586964695
1449015276476650342 1449015276636947661
1449015276526649412 1449015276686905413
1449015276576659142 1449015276736925470
1449015276676614610 1449015276836891355
1449015276726626926 1449015276886932386
1449015276776654991 1449015276936920845
1449015276826646460 1449015276986902698
1449015276926647431 1449015277086908698
1449015276376649107 1449015277107102945
1449015276626648750 1449015277107152675
1449015276876623175 1449015277107165928
1449015276976634714 1449015277136921625
1449015277026624081 1449015277186947221
1449015277076649019 1449015277236922239
1449015277126647634 1449015277286956989
1449015277176649466 1449015277336897289
1449015277226647466 1449015277386946648
1449015277276646088 1449015277436907708
1449015277326647282 1449015277486923883
1449015277376651208 1449015277536929590
1449015277426629811 1449015277586932168
1449015277476587478 1449015277636829787
1449015277526651486 1449015277686922736
1449015277576612930 1449015277736880849
1449015277626652692 1449015277786944314
1449015277676614256 1449015277836802101
1449015277776639987 1449015277936964043
1449015277826609907 1449015277986864882
1449015277876651763 1449015278036907838
1449015277926588857 1449015278086838462
1449015278026614559 1449015278186871145
1449015278076616358 1449015278236854372
1449015278126649605 1449015278286918372
1449015278176613828 1449015278336882263
1449015278276596607 1449015278436837155
1449015278326642611 1449015278486914411
1449015278376650119 1449015278536941354
1449015277726645201 1449015278548453609
1449015277976606600 1449015278548502787
1449015278226643851 1449015278548514640
1449015278426648941 1449015278586938355
1449015278476644446 1449015278636897394
1449015278526649402 1449015278686936741
1449015278576609753 1449015278736875005
1449015278626649802 1449015278786930456
1449015278676614223 1449015278836850499
1449015278776617880 1449015278936827343
1449015278826646737 1449015278986847704
1449015278876649161 1449015279036967670
1449015278926629380 1449015279086895181
1449015279026649756 1449015279186937365
1449015279076659703 1449015279236923198
1449015279126648496 1449015279286956288
1449015279176631923 1449015279336897512
1449015279276650073 1449015279436914119
1449015279326649543 1449015279486887480
1449015279376649344 1449015279536904109
1449015279426648728 1449015279586927317
1449015279526648266 1449015279686926461
1449015279576633023 1449015279736931557
1449015279626648329 1449015279786949723
1449015279676616561 1449015279836895969
1449015279776648754 1449015279936890610
1449015279826645651 1449015279986910803
1449015279876632433 1449015280036902663
1449015279926612258 1449015280086895378
1449015280026647441 1449015280186925646
1449015280126612023 1449015280286860661
1449015280176631071 1449015280336937426
1449015280276648714 1449015280436946897
1449015280376652124 1449015280536887569
1449015280426616197 1449015280586830424
1449015280526651089 1449015280686943115
1449015280626649174 1449015280786923310
1449015280676615068 1449015280836859386
1449015280076613124 1449015280908449716
1449015280326640369 1449015280908499532
1449015280576610478 1449015280908513708
1449015280776649232 1449015280936932177
1449015280826636080 1449015280986905608
