1449010102460181485 1449010102500477286
1449010102510203439 1449010102550481150
1449010102560187504 1449010102600485070
1449010102610190145 1449010102650409015
1449010102660146237 1449010102700410550
1449010102710181652 1449010102750481349
1449010102760181690 1449010102800481915
1449010102810154947 1449010102850425996
1449010102860190208 1449010102900431547
1449010102910122694 1449010102950356408
1449010102960185754 1449010103000486734
1449010103010188836 1449010103050458806
1449010103060151940 1449010103100429028
1449010103110186173 1449010103150460923
1449010103160149775 1449010103200426116
1449010103210142867 1449010103250385221
1449010103260193279 1449010103300419156
1449010103310154409 1449010103350415350
1449010103360189193 1449010103400415147
1449010103410174050 1449010103450317973
1449010103460124711 1449010103500239060
1449010103510134457 1449010103550344056
1449010103560181312 1449010103600450765
1449010103610158540 1449010103650407602
1449010103660187440 1449010103700435220
1449010103710157153 1449010103750387225
1449010103760190680 1449010103800490013
1449010103810161425 1449010103850417420
1449010103860193760 1449010103900445441
1449010103910180227 1449010103950424215
1449010103960186950 1449010104000460047
1449010104010189167 1449010104050442930
1449010104060187792 1449010104100408423
1449010104110191662 1449010104150465871
1449010104160186993 1449010104200463270
1449010104210177656 1449010104250398641
1449010104260158765 1449010104300404764
1449010104310190187 1449010104350433202
1449010104360183804 1449010104400442147
1449010104410152494 1449010104450414857
1449010104460168124 1449010104500340468
1449010104510131321 1449010104550337638
1449010104560170583 1449010104600413124
1449010104610134225 1449010104650257447
1449010104660124945 1449010104700245979
1449010104710127436 1449010104750221750
1449010104760114958 1449010104800222752
1449010104810116012 1449010104850250753
1449010104860118203 1449010104900237229
1449010104910152852 1449010104950336195
1449010104960149043 1449010105000258318
1449010105010181845 1449010105050319964
1449010105060142997 1449010105100373161
1449010105110119614 1449010105150337965
1449010105160196335 1449010105200446555
1449010105210153131 1449010105250265554
1449010105260116612 1449010105300203046
1449010105310135813 1449010105350223508
1449010105360127577 1449010105400371577
1449010105410171344 1449010105450412655
1449010105460188086 1449010105500498314
1449010105510153222 1449010105550422413
1449010105560185263 1449010105600439380
1449010105610190225 1449010105650453637
1449010105660188593 1449010105700350704
1449010105710125259 1449010105750329364
1449010105760186802 1449010105800463037
1449010105810168058 1449010105850393245
1449010105860168476 1449010105900329256
1449010105910124835 1449010105950326577
1449010105960182003 1449010106000389881
1449010106010132886 1449010106050332344
1449010106060139760 1449010106100348196
1449010106110184132 1449010106150409898
1449010106160165407 1449010106200458232
1449010106210171205 1449010106250466251
1449010106260181045 1449010106300437456
1449010106310194447 1449010106350383675
1449010106360148437 1449010106400440374
1449010106410170094 1449010106450448104
1449010106460157754 1449010106500465714
1449010106510166506 1449010106550405929
1449010106560175858 1449010106600490512
1449010106610168018 1449010106650417959
1449010106660156484 1449010106700402177
1449010106710173490 1449010106750381556
1449010106760145954 1449010106800303144
1449010106810120250 1449010106850234138
1449010106860113967 1449010106900261735
1449010106910126459 1449010106950285918
1449010106960126853 1449010107000260325
1449010107010118072 1449010107050253499
1449010107060117987 1449010107100250098
1449010107110131560 1449010107150260242
1449010107160114119 1449010107200275230
1449010107210126841 1449010107250270120
1449010107260125279 1449010107300270892
1449010107310127557 1449010107350259303
1449010107360120773 1449010107400266392
1449010107410119899 1449010107450250078
1449010107460119342 1449010107500256479
1449010107510118815 1449010107550250433
1449010107560115244 1449010107600238286
1449010107610120831 1449010107650292474
1449010107660118710 1449010107700258822
1449010107710119410 1449010107750248794
1449010107760129172 1449010107800254073
1449010107810120487 1449010107850223438
1449010107860119736 1449010107900264986
1449010107910119454 1449010107950251800
1449010107960095349 1449010108000209727
1449010108010119431 1449010108050231487
1449010108060126922 1449010108100218793
1449010108110133534 1449010108150226205
1449010108160117007 1449010108200238432
1449010108210111535 1449010108250275723
1449010108260131870 1449010108300259744
1449010108310119320 1449010108350219111
1449010108360113393 1449010108400212100
1449010108410116953 1449010108450275880
1449010108460125106 1449010108500289487
1449010108510126888 1449010108550306167
1449010108560127074 1449010108600339183
1449010108610126494 1449010108650236279
1449010108660122105 1449010108700253231
1449010108710123831 1449010108750257433
1449010108760120035 1449010108800281614
1449010108810145810 1449010108850282050
1449010108860151961 1449010108900266719
1449010108910139317 1449010108950273594
1449010108960122733 1449010109000276975
1449010109010120291 1449010109050241481
1449010109060143223 1449010109100298070
1449010109110126221 1449010109150250152
1449010109160122356 1449010109200274896
1449010109210118335 1449010109250272965
1449010109260136074 1449010109300259243
1449010109310114130 1449010109350247376
1449010109360123895 1449010109400294084
1449010109410118592 1449010109450315946
1449010109460127374 1449010109500307077
1449010109510128101 1449010109550261513
1449010109560121246 1449010109600252819
1449010109610118332 1449010109650257858
1449010109660128653 1449010109700238635
1449010109710118306 1449010109750294160
1449010109760150770 1449010109800319951
1449010109810124322 1449010109850280518
1449010109860129876 1449010109900280872
1449010109910118022 1449010109950261905
1449010109960120031 1449010110000276344
1449010110010125504 1449010110050210351
1449010110060143425 1449010110100330144
1449010110110125703 1449010110150257900
1449010110160120604 1449010110200289009
1449010110210114844 1449010110250266406
1449010110260127907 1449010110300260312
1449010110310117722 1449010110350240044
1449010110360117424 1449010110400257883
1449010110410114681 1449010110450254332
1449010110460138090 1449010110500309339
1449010110510128316 1449010110550273752
1449010110560123418 1449010110600264108
1449010110610126720 1449010110650271391
1449010110660118174 1449010110700241945
1449010110710167280 1449010110750447700
1449010110760196056 1449010110800465271
1449010110810155756 1449010110850350225
1449010110860170568 1449010110900406697
1449010110910153036 1449010110950321617
1449010110960130795 1449010111000268649
1449010111010124492 1449010111050332406
1449010111060147287 1449010111100315705
1449010111110133549 1449010111150302976
1449010111160132885 1449010111200351991
1449010111210180921 1449010111250401645
1449010111260160078 1449010111300343369
1449010111310149798 1449010111350275345
1449010111360122482 1449010111400283289
1449010111410126810 1449010111450276686
1449010111460125685 1449010111500282582
1449010111510111297 1449010111550258300
1449010111560124190 1449010111600261727
1449010111610125460 1449010111650245636
1449010111660124197 1449010111700214966
1449010111710123736 1449010111750327253
1449010111760174484 1449010111800420583
1449010111810140812 1449010111850388104
1449010111860174894 1449010111900409484
1449010111910144273 1449010111950293399
1449010111960131983 1449010112000276183
1449010112010124536 1449010112050245232
1449010112060125481 1449010112100268553
1449010112110124879 1449010112150250812
1449010112160123152 1449010112200286455
1449010112210123183 1449010112250271198
1449010112260122591 1449010112300271101
1449010112310126124 1449010112350282717
1449010112360129196 1449010112400290431
1449010112410125983 1449010112450265801
1449010112460121843 1449010112500246423
1449010112510124646 1449010112550280522
1449010112560118712 1449010112600264009
1449010112610114608 1449010112650235950
1449010112660122640 1449010112700262332
1449010112710123659 1449010112750249880
1449010112760122688 1449010112800278170
1449010112810124287 1449010112850252492
1449010112860124622 1449010112900288884
1449010112910123327 1449010112950283411
1449010112960127177 1449010113000283364
1449010113010125744 1449010113050257356
1449010113060128229 1449010113100276182
1449010113110127326 1449010113150283924
1449010113160126055 1449010113200284804
1449010113210125929 1449010113250282859
1449010113260126821 1449010113300273683
1449010113310125508 1449010113350274640
1449010113360125803 1449010113400284100
1449010113410125888 1449010113450250425
1449010113460125811 1449010113500272499
1449010113510127195 1449010113550238017
1449010113560119521 1449010113600269664
1449010113610137941 1449010113650269826
1449010113660120614 1449010113700241192
1449010113710126075 1449010113750280392
1449010113760127777 1449010113800250975
1449010113810124178 1449010113850270758
1449010113860119340 1449010113900233834
1449010113910126045 1449010113950251764
1449010113960128475 1449010114000285278
1449010114010126646 1449010114050289830
1449010114060127250 1449010114100245848
1449010114110120603 1449010114150267542
1449010114160124206 1449010114200277317
1449010114210126235 1449010114250258337
1449010114260122449 1449010114300256050
1449010114310123964 1449010114350244295
1449010114360125115 1449010114400256941
1449010114410123496 1449010114450240257
1449010114460124259 1449010114500247277
1449010114510125947 1449010114550258293
1449010114560125145 1449010114600259795
1449010114610126194 1449010114650262917
1449010114660126401 1449010114700237721
1449010114710125206 1449010114750247134
1449010114760124145 1449010114800248490
1449010114810119785 1449010114850250863
1449010114860117952 1449010114900247640
1449010114910123329 1449010114950234811
1449010114960126258 1449010115000446860
1449010115010117373 1449010115050263011
1449010115060124612 1449010115100250910
1449010115110125674 1449010115150272729
1449010115160119246 1449010115200262604
1449010115210126379 1449010115250275910
1449010115260134009 1449010115300261118
1449010115310122611 1449010115350270698
1449010115360125533 1449010115400290599
1449010115410127031 1449010115450278522
1449010115460123267 1449010115500269715
1449010115510123375 1449010115550267272
1449010115560122922 1449010115600241963
1449010115610165480 1449010115650332770
1449010115660123860 1449010115700265676
1449010115710149996 1449010115750299190
1449010115760116164 1449010115800403147
1449010115810119127 1449010115850237999
1449010115860124375 1449010115900285618
1449010115910130866 1449010115950286767
1449010115960123638 1449010116000263327
1449010116010121045 1449010116050262391
1449010116060121445 1449010116100233415
1449010116110122780 1449010116150242693
1449010116160115660 1449010116200234058
1449010116210115624 1449010116250230434
1449010116260116626 1449010116300236006
1449010116310116467 1449010116350250404
1449010116360119409 1449010116400234766
1449010116410121395 1449010116450266079
1449010116460121259 1449010116500270346
1449010116510118402 1449010116550295434
1449010116560125175 1449010116600322021
1449010116610133748 1449010116650290581
1449010116660148752 1449010116700281256
1449010116710138394 1449010116750299252
1449010116760141541 1449010116800261436
1449010116810122773 1449010116850277985
1449010116860147416 1449010116900368372
1449010116910181280 1449010116950400096
1449010116960149381 1449010117000247349
1449010117010139061 1449010117050291683
1449010117060123338 1449010117100222125
1449010117110127382 1449010117150240877
1449010117160117011 1449010117200223821
1449010117210117348 1449010117250251014
1449010117260123908 1449010117300292229
1449010117310133257 1449010117350268139
1449010117360127143 1449010117400275006
1449010117410129032 1449010117450270761
1449010117460126501 1449010117500284520
1449010117510125296 1449010117550356077
1449010117560168091 1449010117600346682
1449010117610128593 1449010117650271104
1449010117660122918 1449010117700353973
1449010117710139089 1449010117750379228
1449010117760128363 1449010117800260684
1449010117810134158 1449010117850256652
1449010117860156692 1449010117900347980
1449010117910157754 1449010117950291227
1449010117960188795 1449010118000407042
1449010118010172166 1449010118050334034
1449010118060129096 1449010118100275130
1449010118110132071 1449010118150353547
1449010118160173302 1449010118200407827
1449010118210187279 1449010118250378643
1449010118260154549 1449010118300339633
1449010118310158643 1449010118350330046
1449010118360143731 1449010118400385007
1449010118410129692 1449010118450286533
1449010118460137733 1449010118500361281
1449010118510138419 1449010118550447334
1449010118560185594 1449010118600434110
1449010118610184807 1449010118650431160
1449010118660178902 1449010118700462288
1449010118710174633 1449010118750417481
1449010118760186779 1449010118800398553
1449010118810149529 1449010118850381231
1449010118860159120 1449010118900399757
1449010118910184391 1449010118950438060
1449010118960186206 1449010119000384547
1449010119010137604 1449010119050378631
1449010119060138213 1449010119100421450
1449010119110146276 1449010119150377094
1449010119160153464 1449010119200319121
1449010119210132297 1449010119250262311
1449010119260121945 1449010119300260133
1449010119310124253 1449010119350256797
1449010119360123470 1449010119400253609
1449010119410118674 1449010119450256527
1449010119460123173 1449010119500253119
1449010119510123479 1449010119550247640
1449010119560123665 1449010119600249594
1449010119610122599 1449010119650246326
1449010119660121752 1449010119700250597
1449010119710122432 1449010119750245574
1449010119760144403 1449010119800296158
1449010119810123275 1449010119850298238
1449010119860120388 1449010119900287940
1449010119910154326 1449010119950351694
1449010119960159726 1449010120000332303
1449010120010133473 1449010120050265425
1449010120060125551 1449010120100319220
1449010120110180982 1449010120150404304
1449010120160186499 1449010120200461961
1449010120210187646 1449010120250344538
1449010120260130876 1449010120300252922
1449010120310123510 1449010120350245276
1449010120360124404 1449010120400254226
1449010120410126229 1449010120450284292
1449010120460164908 1449010120500443501
1449010120510187885 1449010120550387024
1449010120560164062 1449010120600349711
1449010120610132926 1449010120650351650
1449010120660158479 1449010120700320447
1449010120710131268 1449010120750314241
1449010120760125403 1449010120800294756
1449010120810124905 1449010120850276332
1449010120860124998 1449010120900325080
1449010120910124505 1449010120950289313
1449010120960180139 1449010121000407512
1449010121010129098 1449010121050261097
1449010121060118033 1449010121100295084
1449010121110186307 1449010121150371939
1449010121160138958 1449010121200266107
1449010121210151468 1449010121250373385
1449010121260151860 1449010121300366449
1449010121310187007 1449010121350356297
1449010121360131874 1449010121400297677
1449010121410124422 1449010121450325906
1449010121460181512 1449010121500416302
1449010121510189656 1449010121550405526
1449010121560154654 1449010121600361882
1449010121610192865 1449010121650425420
1449010121660189135 1449010121700486630
1449010121710146196 1449010121750309814
1449010121760134533 1449010121800313611
1449010121810130456 1449010121850296428
1449010121860147292 1449010121900363747
1449010121910131499 1449010121950324105
1449010121960181068 1449010122000430204
1449010122010188897 1449010122050411717
1449010122060187138 1449010122100441300
1449010122110143851 1449010122150340033
1449010122160145670 1449010122200335233
1449010122210153053 1449010122250315559
1449010122260121154 1449010122300268849
1449010122310116656 1449010122350271487
1449010122360136982 1449010122400362134
1449010122410181511 1449010122450378945
1449010122460152677 1449010122500381336
1449010122510134641 1449010122550293609
1449010122560134569 1449010122600291257
1449010122610139902 1449010122650278958
1449010122660138901 1449010122700316443
1449010122710156726 1449010122750356657
1449010122760182002 1449010122800360297
1449010122810135823 1449010122850280815
1449010122860125867 1449010122900326576
1449010122910127973 1449010122950290401
1449010122960124321 1449010123000271252
1449010123010123430 1449010123050280184
1449010123060180910 1449010123100466853
1449010123110195077 1449010123150397205
1449010123160136723 1449010123200356886
1449010123210183390 1449010123250452043
1449010123260190538 1449010123300403615
1449010123310137649 1449010123350312936
1449010123360185095 1449010123400392639
1449010123410143720 1449010123450270324
1449010123460123723 1449010123500265626
1449010123510128891 1449010123550322207
1449010123560168967 1449010123600434259
1449010123610132492 1449010123650323534
1449010123660129913 1449010123700282185
1449010123710178863 1449010123750376901
1449010123760134247 1449010123800279111
1449010123810145205 1449010123850298319
1449010123860125570 1449010123900273382
1449010123910124362 1449010123950274722
1449010123960125359 1449010124000278953
1449010124010122848 1449010124050271762
1449010124060120336 1449010124100264041
1449010124110137158 1449010124150315356
1449010124160157697 1449010124200339887
1449010124210138602 1449010124250318848
1449010124260164565 1449010124300406441
1449010124310123545 1449010124350330778
1449010124360183802 1449010124400421834
1449010124410183519 1449010124450433975
1449010124460182926 1449010124500387400
1449010124510138175 1449010124550272881
1449010124560117240 1449010124600255779
1449010124610125814 1449010124650321616
1449010124660153130 1449010124700460501
1449010124710163816 1449010124750405688
1449010124760152448 1449010124800390886
1449010124810161854 1449010124850402387
1449010124860137564 1449010124900369390
1449010124910180452 1449010124950367636
1449010124960149757 1449010125000330411
1449010125010131096 1449010125050282856
1449010125060119080 1449010125100284529
1449010125110120934 1449010125150258165
1449010125160124897 1449010125200257970
1449010125210118060 1449010125250254650
1449010125260128515 1449010125300352092
1449010125310126410 1449010125350261524
1449010125360147795 1449010125400262076
1449010125410166808 1449010125450325385
1449010125460133323 1449010125500399818
1449010125510142609 1449010125550397735
1449010125560140202 1449010125600399587
1449010125610157105 1449010125650400747
1449010125660146148 1449010125700401802
1449010125710154121 1449010125750361372
1449010125760125323 1449010125800270298
1449010125810127297 1449010125850278590
1449010125860125582 1449010125900283398
1449010125910126914 1449010125950283845
1449010125960128137 1449010126000283362
1449010126010127227 1449010126050271955
1449010126060118871 1449010126100364964
1449010126110154091 1449010126150391898
1449010126160179707 1449010126200445456
1449010126210189350 1449010126250410436
1449010126260187387 1449010126300451664
1449010126310151734 1449010126350383050
1449010126360144556 1449010126400377154
1449010126410152328 1449010126450403619
1449010126460159403 1449010126500391162
1449010126510156424 1449010126550398460
1449010126560185377 1449010126600420488
1449010126610188656 1449010126650431384
1449010126660186386 1449010126700441702
1449010126710181052 1449010126750405341
1449010126760179416 1449010126800414694
1449010126810172087 1449010126850393888
1449010126860148772 1449010126900346993
1449010126910124983 1449010126950258001
1449010126960127520 1449010127000244746
1449010127010128177 1449010127050264037
1449010127060127959 1449010127100274237
1449010127110133099 1449010127150267067
1449010127160120553 1449010127200295340
1449010127210178011 1449010127250403216
1449010127260179099 1449010127300397114
1449010127310173678 1449010127350398966
1449010127360171962 1449010127400403668
1449010127410156040 1449010127450387670
1449010127460203840 1449010127500445526
1449010127510165869 1449010127550391638
1449010127560162696 1449010127600383985
1449010127610161144 1449010127650417219
1449010127660174248 1449010127700416355
1449010127710186404 1449010127750437598
1449010127760165955 1449010127800384716
1449010127810190502 1449010127850391810
1449010127860181801 1449010127900441183
1449010127910188785 1449010127950405921
1449010127960156072 1449010128000415107
1449010128010192185 1449010128050437302
1449010128060159058 1449010128100382038
1449010128110173001 1449010128150419490
1449010128160185905 1449010128200465920
1449010128210190172 1449010128250453911
1449010128260156070 1449010128300408961
1449010128310181986 1449010128350422392
1449010128360157676 1449010128400386255
1449010128410192309 1449010128450350414
1449010128460187703 1449010128500461395
1449010128510189318 1449010128550441431
1449010128560193783 1449010128600464020
1449010128610185092 1449010128650377435
1449010128660146208 1449010128700376274
1449010128710186380 1449010128750411839
1449010128760158064 1449010128800424175
1449010128810191281 1449010128850464321
1449010128860156817 1449010128900435484
1449010128910192333 1449010128950459843
1449010128960191606 1449010129000458121
1449010129010188082 1449010129050459101
1449010129060188615 1449010129100461080
1449010129110189157 1449010129150452502
1449010129160189583 1449010129200453462
1449010129210191489 1449010129250436752
1449010129260148797 1449010129300407823
1449010129310176123 1449010129350428393
1449010129360155301 1449010129400385811
1449010129410191127 1449010129450458514
1449010129460187433 1449010129500457286
1449010129510160416 1449010129550425037
1449010129560183710 1449010129600450135
1449010129610190447 1449010129650451423
1449010129660187138 1449010129700394689
1449010129710189959 1449010129750456541
1449010129760156320 1449010129800409462
1449010129810186657 1449010129850394880
1449010129860145609 1449010129900308329
1449010129910139282 1449010129950380550
1449010129960180928 1449010130000446585
1449010130010162063 1449010130050435006
1449010130060192196 1449010130100412487
1449010130110135803 1449010130150375498
1449010130160184575 1449010130200529361
1449010130210190249 1449010130250457272
1449010130260179460 1449010130300485698
1449010130310177229 1449010130350354375
1449010130360126824 1449010130400274215
1449010130410138851 1449010130450327561
1449010130460187146 1449010130500361648
1449010130510145031 1449010130550378866
1449010130560139567 1449010130600325379
1449010130610146717 1449010130650284719
1449010130660128525 1449010130700279869
1449010130710189254 1449010130750444881
1449010130760176145 1449010130800332880
1449010130810131845 1449010130850273061
1449010130860174795 1449010130900429520
1449010130910165879 1449010130950342772
1449010130960172917 1449010131000398502
1449010131010177565 1449010131050398143
1449010131060139300 1449010131100293083
1449010131110160773 1449010131150383720
1449010131160150421 1449010131200300119
1449010131210123866 1449010131250244036
1449010131260118602 1449010131300245674
1449010131310119339 1449010131350234613
1449010131360117021 1449010131400233142
1449010131410117272 1449010131450247910
1449010131460124966 1449010131500254512
1449010131510121722 1449010131550238805
1449010131560119092 1449010131600248892
1449010131610118933 1449010131650243324
1449010131660117470 1449010131700244107
1449010131710113794 1449010131750216627
1449010131760115674 1449010131800236453
1449010131810118930 1449010131850231278
1449010131860127469 1449010131900263262
1449010131910122761 1449010131950247813
