1449010102460181485
1449010102510203439
1449010102560187504
1449010102610190145
1449010102660146237
1449010102710181652
1449010102760181690
1449010102810154947
1449010102860190208
1449010102910122694
1449010102960185754
1449010103010188836
1449010103060151940
1449010103110186173
1449010103160149775
1449010103210142867
1449010103260193279
1449010103310154409
1449010103360189193
1449010103410174050
1449010103460124711
1449010103510134457
1449010103560181312
1449010103610158540
1449010103660187440
1449010103710157153
1449010103760190680
1449010103810161425
1449010103860193760
1449010103910180227
1449010103960186950
1449010104010189167
1449010104060187792
1449010104110191662
1449010104160186993
1449010104210177656
1449010104260158765
1449010104310190187
1449010104360183804
1449010104410152494
1449010104460168124
1449010104510131321
1449010104560170583
1449010104610134225
1449010104660124945
1449010104710127436
1449010104760114958
1449010104810116012
1449010104860118203
1449010104910152852
1449010104960149043
1449010105010181845
1449010105060142997
1449010105110119614
1449010105160196335
1449010105210153131
1449010105260116612
1449010105310135813
1449010105360127577
1449010105410171344
1449010105460188086
1449010105510153222
1449010105560185263
1449010105610190225
1449010105660188593
1449010105710125259
1449010105760186802
1449010105810168058
1449010105860168476
1449010105910124835
1449010105960182003
1449010106010132886
1449010106060139760
1449010106110184132
1449010106160165407
1449010106210171205
1449010106260181045
1449010106310194447
1449010106360148437
1449010106410170094
1449010106460157754
1449010106510166506
1449010106560175858
1449010106610168018
1449010106660156484
1449010106710173490
1449010106760145954
1449010106810120250
1449010106860113967
1449010106910126459
1449010106960126853
1449010107010118072
1449010107060117987
1449010107110131560
1449010107160114119
1449010107210126841
1449010107260125279
1449010107310127557
1449010107360120773
1449010107410119899
1449010107460119342
1449010107510118815
1449010107560115244
1449010107610120831
1449010107660118710
1449010107710119410
1449010107760129172
1449010107810120487
1449010107860119736
1449010107910119454
1449010107960095349
1449010108010119431
1449010108060126922
1449010108110133534
1449010108160117007
1449010108210111535
1449010108260131870
1449010108310119320
1449010108360113393
1449010108410116953
1449010108460125106
1449010108510126888
1449010108560127074
1449010108610126494
1449010108660122105
1449010108710123831
1449010108760120035
1449010108810145810
1449010108860151961
1449010108910139317
1449010108960122733
1449010109010120291
1449010109060143223
1449010109110126221
1449010109160122356
1449010109210118335
1449010109260136074
1449010109310114130
1449010109360123895
1449010109410118592
1449010109460127374
1449010109510128101
1449010109560121246
1449010109610118332
1449010109660128653
1449010109710118306
1449010109760150770
1449010109810124322
1449010109860129876
1449010109910118022
1449010109960120031
1449010110010125504
1449010110060143425
1449010110110125703
1449010110160120604
1449010110210114844
1449010110260127907
1449010110310117722
1449010110360117424
1449010110410114681
1449010110460138090
1449010110510128316
1449010110560123418
1449010110610126720
1449010110660118174
1449010110710167280
1449010110760196056
1449010110810155756
1449010110860170568
1449010110910153036
1449010110960130795
1449010111010124492
1449010111060147287
1449010111110133549
1449010111160132885
1449010111210180921
1449010111260160078
1449010111310149798
1449010111360122482
1449010111410126810
1449010111460125685
1449010111510111297
1449010111560124190
1449010111610125460
1449010111660124197
1449010111710123736
1449010111760174484
1449010111810140812
1449010111860174894
1449010111910144273
1449010111960131983
1449010112010124536
1449010112060125481
1449010112110124879
1449010112160123152
1449010112210123183
1449010112260122591
1449010112310126124
1449010112360129196
1449010112410125983
1449010112460121843
1449010112510124646
1449010112560118712
1449010112610114608
1449010112660122640
1449010112710123659
1449010112760122688
1449010112810124287
1449010112860124622
1449010112910123327
1449010112960127177
1449010113010125744
1449010113060128229
1449010113110127326
1449010113160126055
1449010113210125929
1449010113260126821
1449010113310125508
1449010113360125803
1449010113410125888
1449010113460125811
1449010113510127195
1449010113560119521
1449010113610137941
1449010113660120614
1449010113710126075
1449010113760127777
1449010113810124178
1449010113860119340
1449010113910126045
1449010113960128475
1449010114010126646
1449010114060127250
1449010114110120603
1449010114160124206
1449010114210126235
1449010114260122449
1449010114310123964
1449010114360125115
1449010114410123496
1449010114460124259
1449010114510125947
1449010114560125145
1449010114610126194
1449010114660126401
1449010114710125206
1449010114760124145
1449010114810119785
1449010114860117952
1449010114910123329
1449010114960126258
1449010115010117373
1449010115060124612
1449010115110125674
1449010115160119246
1449010115210126379
1449010115260134009
1449010115310122611
1449010115360125533
1449010115410127031
1449010115460123267
1449010115510123375
1449010115560122922
1449010115610165480
1449010115660123860
1449010115710149996
1449010115760116164
1449010115810119127
1449010115860124375
1449010115910130866
1449010115960123638
1449010116010121045
1449010116060121445
1449010116110122780
1449010116160115660
1449010116210115624
1449010116260116626
1449010116310116467
1449010116360119409
1449010116410121395
1449010116460121259
1449010116510118402
1449010116560125175
1449010116610133748
1449010116660148752
1449010116710138394
1449010116760141541
1449010116810122773
1449010116860147416
1449010116910181280
1449010116960149381
1449010117010139061
1449010117060123338
1449010117110127382
1449010117160117011
1449010117210117348
1449010117260123908
1449010117310133257
1449010117360127143
1449010117410129032
1449010117460126501
1449010117510125296
1449010117560168091
1449010117610128593
1449010117660122918
1449010117710139089
1449010117760128363
1449010117810134158
1449010117860156692
1449010117910157754
1449010117960188795
1449010118010172166
1449010118060129096
1449010118110132071
1449010118160173302
1449010118210187279
1449010118260154549
1449010118310158643
1449010118360143731
1449010118410129692
1449010118460137733
1449010118510138419
1449010118560185594
1449010118610184807
1449010118660178902
1449010118710174633
1449010118760186779
1449010118810149529
1449010118860159120
1449010118910184391
1449010118960186206
1449010119010137604
1449010119060138213
1449010119110146276
1449010119160153464
1449010119210132297
1449010119260121945
1449010119310124253
1449010119360123470
1449010119410118674
1449010119460123173
1449010119510123479
1449010119560123665
1449010119610122599
1449010119660121752
1449010119710122432
1449010119760144403
1449010119810123275
1449010119860120388
1449010119910154326
1449010119960159726
1449010120010133473
1449010120060125551
1449010120110180982
1449010120160186499
1449010120210187646
1449010120260130876
1449010120310123510
1449010120360124404
1449010120410126229
1449010120460164908
1449010120510187885
1449010120560164062
1449010120610132926
1449010120660158479
1449010120710131268
1449010120760125403
1449010120810124905
1449010120860124998
1449010120910124505
1449010120960180139
1449010121010129098
1449010121060118033
1449010121110186307
1449010121160138958
1449010121210151468
1449010121260151860
1449010121310187007
1449010121360131874
1449010121410124422
1449010121460181512
1449010121510189656
1449010121560154654
1449010121610192865
1449010121660189135
1449010121710146196
1449010121760134533
1449010121810130456
1449010121860147292
1449010121910131499
1449010121960181068
1449010122010188897
1449010122060187138
1449010122110143851
1449010122160145670
1449010122210153053
1449010122260121154
1449010122310116656
1449010122360136982
1449010122410181511
1449010122460152677
1449010122510134641
1449010122560134569
1449010122610139902
1449010122660138901
1449010122710156726
1449010122760182002
1449010122810135823
1449010122860125867
1449010122910127973
1449010122960124321
1449010123010123430
1449010123060180910
1449010123110195077
1449010123160136723
1449010123210183390
1449010123260190538
1449010123310137649
1449010123360185095
1449010123410143720
1449010123460123723
1449010123510128891
1449010123560168967
1449010123610132492
1449010123660129913
1449010123710178863
1449010123760134247
1449010123810145205
1449010123860125570
1449010123910124362
1449010123960125359
1449010124010122848
1449010124060120336
1449010124110137158
1449010124160157697
1449010124210138602
1449010124260164565
1449010124310123545
1449010124360183802
1449010124410183519
1449010124460182926
1449010124510138175
1449010124560117240
1449010124610125814
1449010124660153130
1449010124710163816
1449010124760152448
1449010124810161854
1449010124860137564
1449010124910180452
1449010124960149757
1449010125010131096
1449010125060119080
1449010125110120934
1449010125160124897
1449010125210118060
1449010125260128515
1449010125310126410
1449010125360147795
1449010125410166808
1449010125460133323
1449010125510142609
1449010125560140202
1449010125610157105
1449010125660146148
1449010125710154121
1449010125760125323
1449010125810127297
1449010125860125582
1449010125910126914
1449010125960128137
1449010126010127227
1449010126060118871
1449010126110154091
1449010126160179707
1449010126210189350
1449010126260187387
1449010126310151734
1449010126360144556
1449010126410152328
1449010126460159403
1449010126510156424
1449010126560185377
1449010126610188656
1449010126660186386
1449010126710181052
1449010126760179416
1449010126810172087
1449010126860148772
1449010126910124983
1449010126960127520
1449010127010128177
1449010127060127959
1449010127110133099
1449010127160120553
1449010127210178011
1449010127260179099
1449010127310173678
1449010127360171962
1449010127410156040
1449010127460203840
1449010127510165869
1449010127560162696
1449010127610161144
1449010127660174248
1449010127710186404
1449010127760165955
1449010127810190502
1449010127860181801
1449010127910188785
1449010127960156072
1449010128010192185
1449010128060159058
1449010128110173001
1449010128160185905
1449010128210190172
1449010128260156070
1449010128310181986
1449010128360157676
1449010128410192309
1449010128460187703
1449010128510189318
1449010128560193783
1449010128610185092
1449010128660146208
1449010128710186380
1449010128760158064
1449010128810191281
1449010128860156817
1449010128910192333
1449010128960191606
1449010129010188082
1449010129060188615
1449010129110189157
1449010129160189583
1449010129210191489
1449010129260148797
1449010129310176123
1449010129360155301
1449010129410191127
1449010129460187433
1449010129510160416
1449010129560183710
1449010129610190447
1449010129660187138
1449010129710189959
1449010129760156320
1449010129810186657
1449010129860145609
1449010129910139282
1449010129960180928
1449010130010162063
1449010130060192196
1449010130110135803
1449010130160184575
1449010130210190249
1449010130260179460
1449010130310177229
1449010130360126824
1449010130410138851
1449010130460187146
1449010130510145031
1449010130560139567
1449010130610146717
1449010130660128525
1449010130710189254
1449010130760176145
1449010130810131845
1449010130860174795
1449010130910165879
1449010130960172917
1449010131010177565
1449010131060139300
1449010131110160773
1449010131160150421
1449010131210123866
1449010131260118602
1449010131310119339
1449010131360117021
1449010131410117272
1449010131460124966
1449010131510121722
1449010131560119092
1449010131610118933
1449010131660117470
1449010131710113794
1449010131760115674
1449010131810118930
1449010131860127469
1449010131910122761
1449010131960123979
