1449015694259846733
1449015694309851188
1449015694359887839
1449015694409895896
1449015694459892589
1449015694509871416
1449015694559844557
1449015694609891571
1449015694659888141
1449015694709891814
1449015694759889567
1449015694809893417
1449015694859898858
1449015694909894359
1449015694959895068
1449015695009893516
1449015695059893698
1449015695109893078
1449015695159894984
1449015695209893478
1449015695259896399
1449015695309893561
1449015695359889597
1449015695409875279
1449015695459877505
1449015695509887863
1449015695559892589
1449015695609892861
1449015695659892151
1449015695709891708
1449015695759891351
1449015695809893401
1449015695859876183
1449015695909893357
1449015695959893625
1449015696009892153
1449015696059891707
1449015696109892874
1449015696159895575
1449015696209893558
1449015696259892210
1449015696309894203
1449015696359895012
1449015696409863412
1449015696459863243
1449015696509892701
1449015696559890578
1449015696609876941
1449015696659892959
1449015696709857042
1449015696759876284
1449015696809893932
1449015696859894227
1449015696909894690
1449015696959877799
1449015697009895220
1449015697059892666
1449015697109893927
1449015697159877751
1449015697209893732
1449015697259891204
1449015697309894183
1449015697359849569
1449015697409892234
1449015697459878548
1449015697509855664
1449015697559845629
1449015697609893459
1449015697659862133
1449015697709893452
1449015697759878913
1449015697809894847
1449015697859880373
1449015697909895856
1449015697959892977
1449015698009896306
1449015698059879175
1449015698109895296
1449015698159893915
1449015698209892907
1449015698259860856
1449015698309864398
1449015698359860882
1449015698409891670
1449015698459863938
1449015698509893199
1449015698559877625
1449015698609891337
1449015698659860268
1449015698709864463
1449015698759891899
1449015698809892118
1449015698859893081
1449015698909892381
1449015698959890739
1449015699009891305
1449015699059891423
1449015699109891982
1449015699159891339
1449015699209877646
1449015699259896162
1449015699309893625
1449015699359894812
1449015699409891509
1449015699459887672
1449015699509891108
1449015699559876937
1449015699609892861
1449015699659892816
1449015699709893171
1449015699759892163
1449015699809895352
1449015699859888344
1449015699909891770
1449015699959891290
1449015700009876662
1449015700059891811
1449015700109892373
1449015700159848442
1449015700209863591
1449015700259891549
1449015700309896996
1449015700359891130
1449015700409860482
1449015700459890418
1449015700509893587
1449015700559891109
1449015700609888337
1449015700659889872
1449015700709891487
1449015700759893202
1449015700809892195
1449015700859888100
1449015700909891369
1449015700959887916
1449015701009871543
1449015701059885039
1449015701109847502
1449015701159891940
1449015701209892620
1449015701259891155
1449015701309890077
1449015701359876133
1449015701409891376
1449015701459882357
1449015701509893293
1449015701559892222
1449015701609853382
1449015701659889979
1449015701709892967
1449015701759876361
1449015701809895997
1449015701859896436
1449015701909853777
1449015701959846235
1449015702009889327
1449015702059895953
1449015702109899489
1449015702159878891
1449015702209863303
1449015702259852591
1449015702309845763
1449015702359888815
1449015702409839124
1449015702459885100
1449015702509877109
1449015702559893000
1449015702609892193
1449015702659892198
1449015702709891885
1449015702759890774
1449015702809952555
1449015702859877513
1449015702909895258
1449015702959893382
1449015703009851779
1449015703059888914
1449015703109894071
1449015703159893400
1449015703209893789
1449015703259874975
1449015703309892426
1449015703359894201
1449015703409845435
1449015703459895376
1449015703509893991
1449015703559894781
1449015703609893964
1449015703659876673
1449015703709893158
1449015703759896046
1449015703809894340
1449015703859893486
1449015703909893878
1449015703959896830
1449015704009853930
1449015704059887812
1449015704109897178
1449015704159894500
1449015704209895056
1449015704259871487
1449015704309889973
1449015704359890857
1449015704409893564
1449015704459893104
1449015704509853727
1449015704559888994
1449015704609891973
1449015704659892458
1449015704709891538
1449015704759850406
1449015704809868765
1449015704859890509
1449015704909893788
1449015704959850264
1449015705009889728
1449015705059894093
1449015705109895180
1449015705159892388
1449015705209892380
1449015705259892638
1449015705309876867
1449015705359892280
1449015705409851255
1449015705459873113
1449015705509891706
1449015705559840398
1449015705609887696
1449015705659891870
1449015705709891628
1449015705759839930
1449015705809886024
1449015705859892651
1449015705909892141
1449015705959849422
1449015706009836898
1449015706059888320
1449015706109893289
1449015706159862444
1449015706209894261
1449015706259897609
1449015706309862351
1449015706359852867
1449015706409858695
1449015706459894484
1449015706509893614
1449015706559852245
1449015706609888876
1449015706659894216
1449015706709893616
1449015706759851725
1449015706809889218
1449015706859894859
1449015706909894089
1449015706959851941
1449015707009887824
1449015707059864676
1449015707109893867
1449015707159893882
1449015707209894742
1449015707259877731
1449015707309851590
1449015707359845892
1449015707409885887
1449015707459893462
1449015707509881543
1449015707559854052
1449015707609891124
1449015707659894005
1449015707709878488
1449015707759875078
1449015707809853558
1449015707859858714
1449015707909862517
1449015707959897642
1449015708009898441
1449015708059867065
1449015708109840827
1449015708159828687
1449015708209887836
1449015708259900436
1449015708309838580
1449015708359890707
1449015708409898612
1449015708459897555
1449015708509900937
1449015708559891945
1449015708609849824
1449015708659889325
1449015708709900645
1449015708759859144
1449015708809897851
1449015708859895487
1449015708909894650
1449015708959896486
1449015709009892264
1449015709059891464
1449015709109892541
1449015709159891149
1449015709209892497
1449015709259893099
1449015709309891283
1449015709359891168
1449015709409891303
1449015709459891631
1449015709509891606
1449015709559850200
1449015709609871951
1449015709659879546
1449015709709896656
1449015709759858514
1449015709809901209
1449015709859865757
1449015709909836031
1449015709959824997
1449015710009881800
1449015710059898029
1449015710109837780
1449015710159889706
1449015710209896850
1449015710259897199
1449015710309897999
1449015710359896811
1449015710409835018
1449015710459883884
1449015710509896544
1449015710559837251
1449015710609887656
1449015710659896986
1449015710709835775
1449015710759842331
1449015710809897000
1449015710859874112
1449015710909838259
1449015710959827666
1449015711009886845
1449015711059897902
1449015711109839952
1449015711159890748
1449015711209898293
1449015711259838205
1449015711309889626
1449015711359896851
1449015711409895783
1449015711459897368
1449015711509839942
1449015711559828274
1449015711609891074
1449015711659897590
1449015711709837242
1449015711759886384
1449015711809896886
1449015711859838462
1449015711909876319
1449015711959900605
1449015712009898291
1449015712059898216
1449015712109899276
1449015712159900039
1449015712209893927
1449015712259896661
1449015712309837735
1449015712359890810
1449015712409896267
1449015712459898467
1449015712509839682
1449015712559875985
1449015712609898645
1449015712659897667
1449015712709897999
1449015712759836040
1449015712809890752
1449015712859889708
1449015712909886970
1449015712959866150
1449015713009835820
1449015713059875955
1449015713109898107
1449015713159900150
1449015713209898634
1449015713259854392
1449015713309837094
1449015713359858113
1449015713409897129
1449015713459876290
1449015713509888299
1449015713559891938
1449015713609891749
1449015713659893538
1449015713709891779
1449015713759892478
1449015713809896288
1449015713859898257
1449015713909886606
1449015713959886901
1449015714009849237
1449015714059890515
1449015714109851665
1449015714159886739
1449015714209891976
1449015714259892395
1449015714309850932
1449015714359847572
1449015714409885506
1449015714459875929
1449015714509891630
1449015714559850408
1449015714609886738
1449015714659892703
1449015714709887860
1449015714759850015
1449015714809888825
1449015714859890420
1449015714909892195
1449015714959850325
1449015715009886485
1449015715059892252
1449015715109875760
1449015715159867883
1449015715209876855
1449015715259894453
1449015715309850839
1449015715359843146
1449015715409888383
1449015715459892938
1449015715509876850
1449015715559896626
1449015715609893617
1449015715659898446
1449015715709892517
1449015715759891546
1449015715809854620
1449015715859868026
1449015715909894430
1449015715959863645
1449015716009893621
1449015716059892366
1449015716109850426
1449015716159897233
1449015716209893863
1449015716259893905
1449015716309851871
1449015716359843741
1449015716409884858
1449015716459892333
1449015716509850871
1449015716559843676
1449015716609886294
1449015716659890104
1449015716709872675
1449015716759851886
1449015716809821829
1449015716859881950
1449015716909895239
1449015716959893225
1449015717009889996
1449015717059894217
1449015717109893173
1449015717159873864
1449015717209847151
1449015717259892702
1449015717309895366
1449015717359892210
1449015717409893050
1449015717459893673
1449015717509889558
1449015717559848523
1449015717609886444
1449015717659891694
1449015717709868920
1449015717759893725
1449015717809894514
1449015717859876562
1449015717909892098
1449015717959892143
1449015718009894339
1449015718059892306
1449015718109833172
1449015718159834127
1449015718209832216
1449015718259894002
1449015718309893652
1449015718359893838
1449015718409893555
1449015718459891137
1449015718509892515
1449015718559889503
1449015718609877527
1449015718659891814
1449015718709893413
1449015718759892375
1449015718809893485
1449015718859873057
1449015718909889252
1449015718959892744
1449015719009890370
1449015719059885471
1449015719109858304
1449015719159830692
1449015719209894311
1449015719259858836
1449015719309894782
1449015719359858848
1449015719410003481
1449015719459899934
1449015719509839405
1449015719559827920
1449015719609856784
1449015719659898172
1449015719709896794
1449015719759836889
1449015719809889760
1449015719859878957
1449015719909862622
1449015719959852570
1449015720009894810
1449015720059881381
1449015720109841025
1449015720159826677
