1449010193117425279
1449010193167422789
1449010193217430768
1449010193267472280
1449010193317422709
1449010193367466409
1449010193417434575
1449010193467406790
1449010193517430352
1449010193567432578
1449010193617430628
1449010193667462712
1449010193717427287
1449010193767469804
1449010193817472462
1449010193867469176
1449010193917408997
1449010193967407966
1449010194017402698
1449010194067456993
1449010194117421498
1449010194167436440
1449010194217467588
1449010194267417836
1449010194317423284
1449010194367471250
1449010194417416453
1449010194467448411
1449010194517471478
1449010194567430584
1449010194617469490
1449010194667470453
1449010194717468925
1449010194767464182
1449010194817432408
1449010194867468601
1449010194917420109
1449010194967431840
1449010195017435868
1449010195067466579
1449010195117408727
1449010195167440231
1449010195217427304
1449010195267406198
1449010195317428369
1449010195367462263
1449010195417429704
1449010195467469957
1449010195517408273
1449010195567468670
1449010195617407627
1449010195667427422
1449010195717454385
1449010195767466484
1449010195817428529
1449010195867443534
1449010195917469872
1449010195967471220
1449010196017425713
1449010196067461353
1449010196117406473
1449010196167462018
1449010196217459740
1449010196267431725
1449010196317435004
1449010196367467669
1449010196417438000
1449010196467469753
1449010196517473379
1449010196567431903
1449010196617445606
1449010196667477473
1449010196717458832
1449010196767469050
1449010196817412980
1449010196867414318
1449010196917425542
1449010196967406278
1449010197017420402
1449010197067463261
1449010197117473639
1449010197167409281
1449010197217438232
1449010197267410663
1449010197317402904
1449010197367457757
1449010197417478528
1449010197467475570
1449010197517430405
1449010197567472749
1449010197617407974
1449010197667474880
1449010197717465607
1449010197767430980
1449010197817469318
1449010197867470048
1449010197917473844
1449010197967414054
1449010198017460216
1449010198067470768
1449010198117427847
1449010198167468703
1449010198217407088
1449010198267419887
1449010198317469078
1449010198367424922
1449010198417452409
1449010198467438870
1449010198517429537
1449010198567466866
1449010198617429723
1449010198667474169
1449010198717425563
1449010198767414533
1449010198817471109
1449010198867466670
1449010198917452282
1449010198967429896
1449010199017466938
1449010199067457398
1449010199117421638
1449010199167406850
1449010199217424451
1449010199267461005
1449010199317431800
1449010199367459213
1449010199417434592
1449010199467448579
1449010199517408918
1449010199567441412
1449010199617446859
1449010199667448664
1449010199717450303
1449010199767427278
1449010199817451762
1449010199867433074
1449010199917445450
1449010199967517003
1449010200017462208
1449010200067407106
1449010200117467636
1449010200167472298
1449010200217429051
1449010200267469270
1449010200317433407
1449010200367468665
1449010200417472472
1449010200467469015
1449010200517434655
1449010200567470177
1449010200617469106
1449010200667434459
1449010200717464705
1449010200767442486
1449010200817408463
1449010200867470977
1449010200917473333
1449010200967453961
1449010201017414525
1449010201067461708
1449010201117430525
1449010201167442664
1449010201217412123
1449010201267464129
1449010201317419255
1449010201367465137
1449010201417470634
1449010201467452047
1449010201517409234
1449010201567433397
1449010201617470325
1449010201667442864
1449010201717422246
1449010201767430646
1449010201817412957
1449010201867396161
1449010201917464086
1449010201967428911
1449010202017412108
1449010202067473819
1449010202117472669
1449010202167403700
1449010202217430712
1449010202267480143
1449010202317426648
1449010202367470867
1449010202417472756
1449010202467416242
1449010202517463618
1449010202567428870
1449010202617423132
1449010202667434723
1449010202717428974
1449010202767457510
1449010202817437556
1449010202867438490
1449010202917468670
1449010202967471070
1449010203017417878
1449010203067463552
1449010203117429393
1449010203167426852
1449010203217446150
1449010203267473076
1449010203317437800
1449010203367431692
1449010203417400563
1449010203467431233
1449010203517473959
1449010203567408352
1449010203617413637
1449010203667465011
1449010203717468875
1449010203767469514
1449010203817434660
1449010203867434942
1449010203917471363
1449010203967472583
1449010204017473206
1449010204067471096
1449010204117468974
1449010204167468636
1449010204217453797
1449010204267473861
1449010204317411565
1449010204367398565
1449010204417471941
1449010204467472079
1449010204517429789
1449010204567453469
1449010204617471762
1449010204667470491
1449010204717454272
1449010204767416289
1449010204817467127
1449010204867409503
1449010204917397759
1449010204967460272
1449010205017437328
1449010205067470047
1449010205117411947
1449010205167407610
1449010205217402905
1449010205267452706
1449010205317412468
1449010205367404742
1449010205417429110
1449010205467437771
1449010205517471806
1449010205567472486
1449010205617415603
1449010205667429905
1449010205717454459
1449010205767472187
1449010205817478336
1449010205867475060
1449010205917472215
1449010205967432539
1449010206017452178
1449010206067423874
1449010206117433409
1449010206167473026
1449010206217453260
1449010206267471729
1449010206317407661
1449010206367470536
1449010206417472094
1449010206467409610
1449010206517472030
1449010206567437480
1449010206617468702
1449010206667411397
1449010206717446327
1449010206767412940
1449010206817399875
1449010206867477131
1449010206917405635
1449010206967433538
1449010207017478187
1449010207067411332
1449010207117421725
1449010207167421982
1449010207217404806
1449010207267422241
1449010207317420090
1449010207367406487
1449010207417433567
1449010207467433171
1449010207517431291
1449010207567434376
1449010207617425521
1449010207667472275
1449010207717404678
1449010207767400411
1449010207817454385
1449010207867407704
1449010207917425195
1449010207967471658
1449010208017431512
1449010208067427818
1449010208117468789
1449010208167435792
1449010208217451105
1449010208267417253
1449010208317436187
1449010208367471853
1449010208417471583
1449010208467472363
1449010208517459084
1449010208567470775
1449010208617471645
1449010208667473865
1449010208717447209
1449010208767476156
1449010208817469880
1449010208867408598
1449010208917431900
1449010208967427471
1449010209017405511
1449010209067406642
1449010209117405863
1449010209167404274
1449010209217402714
1449010209267425488
1449010209317418711
1449010209367463971
1449010209417443787
1449010209467464849
1449010209517470240
1449010209567473345
1449010209617472347
1449010209667444258
1449010209717475323
1449010209767472107
1449010209817513887
1449010209867456508
1449010209917471319
1449010209967409229
1449010210017465178
1449010210067430818
1449010210117412064
1449010210167423585
1449010210217404711
1449010210267468920
1449010210317421982
1449010210367415760
1449010210417467056
1449010210467433131
1449010210517441865
1449010210567408964
1449010210617463911
1449010210667474634
1449010210717456818
1449010210767470143
1449010210817473412
1449010210867433786
1449010210917440039
1449010210967458184
1449010211017436603
1449010211067459326
1449010211118531117
1449010211167441615
1449010211217440117
1449010211267413418
1449010211317436294
1449010211367440485
1449010211417457602
1449010211467457032
1449010211517416241
1449010211567417117
1449010211617438831
1449010211667433360
1449010211717469283
1449010211767472742
1449010211817433648
1449010211867472845
1449010211917472512
1449010211967472233
1449010212017417828
1449010212067468761
1449010212117472698
1449010212167426525
1449010212217411161
1449010212267422618
1449010212317457833
1449010212367433084
1449010212417449841
1449010212467410001
1449010212517415434
1449010212567458578
1449010212617470466
1449010212667432044
1449010212717459297
1449010212767437810
1449010212817470769
1449010212867461302
1449010212917466649
1449010212967470562
1449010213017469017
1449010213067429412
1449010213117466992
1449010213167422993
1449010213217462935
1449010213267413236
1449010213317427765
1449010213367450969
1449010213417431352
1449010213467466901
1449010213517471833
1449010213567438446
1449010213617475371
1449010213667470047
1449010213717456694
1449010213767452907
1449010213817473415
1449010213867474509
1449010213917471490
1449010213967424628
1449010214017430724
1449010214067450683
1449010214117409224
1449010214167409533
1449010214217422383
1449010214267424058
1449010214317427274
1449010214367467757
1449010214417403337
1449010214467453313
1449010214517436958
1449010214567467051
1449010214617424509
1449010214667469118
1449010214717437174
1449010214767469094
1449010214817411730
1449010214867419928
1449010214917419419
1449010214967430916
1449010215017467413
1449010215067459006
1449010215117428511
1449010215167467514
1449010215217440003
1449010215267465923
1449010215317470098
1449010215367469170
1449010215417440667
1449010215467467155
1449010215517418399
1449010215567463379
1449010215617421295
1449010215667471320
1449010215717468291
1449010215767469953
1449010215817435613
1449010215867460571
1449010215917450947
1449010215967474492
1449010216017471209
1449010216067474013
1449010216117435818
1449010216167475994
1449010216217460978
1449010216267470905
1449010216317406427
1449010216367433155
1449010216417470675
1449010216467431952
1449010216517406605
1449010216567469176
1449010216617472758
1449010216667432034
1449010216717423456
1449010216767408116
1449010216817434006
1449010216867466992
1449010216917460089
1449010216967427819
1449010217017466398
1449010217067473258
1449010217117461797
1449010217167469699
1449010217217452224
1449010217267468620
1449010217317472470
1449010217367472381
1449010217417456129
1449010217467470703
1449010217517436109
1449010217567447730
1449010217617451694
1449010217667413357
1449010217717456010
1449010217767407895
1449010217817469871
1449010217867474101
1449010217917472065
1449010217967436796
1449010218017436908
1449010218067471965
1449010218117471175
1449010218167430801
1449010218217466764
1449010218267457568
1449010218317406518
1449010218367461730
1449010218417473795
1449010218467469300
1449010218517428171
1449010218567468384
1449010218617470132
1449010218667427076
1449010218717463390
1449010218767415242
1449010218817433174
1449010218867467410
1449010218917467855
1449010218967469888
1449010219017450943
1449010219067449912
1449010219117459792
1449010219167465797
1449010219217468044
1449010219267468864
1449010219317433558
1449010219367427566
1449010219417470391
1449010219467428621
1449010219517465142
1449010219567427655
1449010219617467266
1449010219667450476
1449010219717441671
1449010219767468306
1449010219817440297
1449010219867454116
1449010219917426331
1449010219967427889
1449010220017427543
1449010220067468544
1449010220117422698
1449010220167431830
1449010220217451717
1449010220267471643
1449010220317436582
1449010220367472765
1449010220417464167
1449010220467439526
1449010220517441665
1449010220567471785
1449010220617475959
1449010220667470682
1449010220717454907
1449010220767473431
1449010220817472771
1449010220867468866
1449010220917476428
1449010220967435326
1449010221017470427
1449010221067452298
1449010221117419134
1449010221167470521
1449010221217458552
1449010221267471917
1449010221317471631
1449010221367471192
1449010221417471911
1449010221467416304
1449010221517473016
1449010221567471548
1449010221617470784
1449010221667467141
1449010221717450518
1449010221767470224
1449010221817470034
1449010221867468790
1449010221917470956
1449010221967468131
1449010222017453101
1449010222067454235
1449010222117477967
1449010222167409082
1449010222217454356
1449010222267472632
1449010222317417730
1449010222367401231
1449010222417431072
1449010222467469571
1449010222517422988
1449010222567401540
1449010222617457290
