1449010193117425279 1449010193157644511
1449010193167422789 1449010193207637677
1449010193217430768 1449010193257692474
1449010193267472280 1449010193307716862
1449010193367466409 1449010193407777790
1449010193417434575 1449010193457662807
1449010193467406790 1449010193507561076
1449010193517430352 1449010193557687292
1449010193617430628 1449010193657661362
1449010193317422709 1449010193704911514
1449010193567432578 1449010193704959777
1449010193667462712 1449010193707738298
1449010193717427287 1449010193757729777
1449010193767469804 1449010193807748213
1449010193817472462 1449010193857780765
1449010193867469176 1449010193907663942
1449010193917408997 1449010193957638253
1449010193967407966 1449010194007656297
1449010194017402698 1449010194057656870
1449010194067456993 1449010194107713820
1449010194217467588 1449010194257651261
1449010194267417836 1449010194307635742
1449010194117421498 1449010194500930124
1449010194367471250 1449010194500986519
1449010194467448411 1449010194507685076
1449010194517471478 1449010194557693630
1449010194167436440 1449010194560899723
1449010194417416453 1449010194560949019
1449010194617469490 1449010194657720657
1449010194667470453 1449010194707720231
1449010194317423284 1449010194736873141
1449010194567430584 1449010194736896734
1449010194717468925 1449010194757638231
1449010194767464182 1449010194807707296
1449010194817432408 1449010194857704993
1449010194867468601 1449010194907641903
1449010194967431840 1449010195007647447
1449010195017435868 1449010195057697411
1449010195067466579 1449010195107728727
1449010195117408727 1449010195157599232
1449010195217427304 1449010195257673449
1449010195267406198 1449010195307645561
1449010194917420109 1449010195308858637
1449010195167440231 1449010195308904959
1449010195317428369 1449010195357697814
1449010195367462263 1449010195407696612
1449010195417429704 1449010195457725138
1449010195467469957 1449010195507753950
1449010195517408273 1449010195557643429
1449010195567468670 1449010195607721735
1449010195617407627 1449010195657688028
1449010195667427422 1449010195707657199
1449010195717454385 1449010195757651692
1449010195767466484 1449010195807720470
1449010195817428529 1449010195857705668
1449010195867443534 1449010195907740368
1449010195917469872 1449010195957633177
1449010195967471220 1449010196007640003
1449010196017425713 1449010196057637843
1449010196067461353 1449010196107710184
1449010196117406473 1449010196157553942
1449010196167462018 1449010196207732938
1449010196217459740 1449010196257737557
1449010196267431725 1449010196307642916
1449010196317435004 1449010196357711912
1449010196367467669 1449010196407739359
1449010196467469753 1449010196507767713
1449010196517473379 1449010196557718600
1449010196567431903 1449010196607671407
1449010196617445606 1449010196657689607
1449010196717458832 1449010196757760971
1449010196767469050 1449010196807754387
1449010196417438000 1449010196812931733
1449010196667477473 1449010196812989564
1449010196817412980 1449010196857644981
1449010196867414318 1449010196907624548
1449010196917425542 1449010196957569963
1449010196967406278 1449010197007550668
1449010197017420402 1449010197057664417
1449010197067463261 1449010197107734804
1449010197117473639 1449010197157701931
1449010197217438232 1449010197257660350
1449010197267410663 1449010197307556947
1449010197317402904 1449010197357531691
1449010197367457757 1449010197407715044
1449010197467475570 1449010197507712094
1449010197517430405 1449010197557642290
1449010197167409281 1449010197560881529
1449010197417478528 1449010197560930570
1449010197567472749 1449010197607717235
1449010197617407974 1449010197657649582
1449010197667474880 1449010197707735579
1449010197717465607 1449010197757732591
1449010197767430980 1449010197807669480
1449010197817469318 1449010197857728271
1449010197867470048 1449010197907734288
1449010197917473844 1449010197957703715
1449010197967414054 1449010198007613432
1449010198017460216 1449010198057714894
1449010198067470768 1449010198107699965
1449010198117427847 1449010198157680796
1449010198167468703 1449010198207674075
1449010198267419887 1449010198307633640
1449010198317469078 1449010198357694707
1449010198367424922 1449010198407668222
1449010198417452409 1449010198457663101
1449010198517429537 1449010198557727396
1449010198217407088 1449010198604809378
1449010198467438870 1449010198604839998
1449010198567466866 1449010198607615489
1449010198617429723 1449010198657772698
1449010198667474169 1449010198707740226
1449010198717425563 1449010198757643254
1449010198767414533 1449010198807658159
1449010198817471109 1449010198857677381
1449010198917452282 1449010198957626476
1449010198967429896 1449010199007676034
1449010199017466938 1449010199057672709
1449010199067457398 1449010199107707916
1449010199167406850 1449010199207625206
1449010198867466670 1449010199256825103
1449010199117421638 1449010199256857555
1449010199217424451 1449010199257656279
1449010199267461005 1449010199307730771
1449010199317431800 1449010199357701639
1449010199367459213 1449010199407639268
1449010199417434592 1449010199457665411
1449010199467448579 1449010199507631392
1449010199517408918 1449010199557599921
1449010199567441412 1449010199607682052
1449010199617446859 1449010199657660657
1449010199667448664 1449010199707641510
1449010199717450303 1449010199757665653
1449010199767427278 1449010199807645064
1449010199817451762 1449010199857735152
1449010199867433074 1449010199907693395
1449010199917445450 1449010199957630167
1449010199967517003 1449010200007723693
1449010200017462208 1449010200057699559
1449010200067407106 1449010200107616316
1449010200117467636 1449010200157718990
1449010200167472298 1449010200207649660
1449010200217429051 1449010200257572398
1449010200267469270 1449010200307671921
1449010200317433407 1449010200357712046
1449010200367468665 1449010200407740963
1449010200417472472 1449010200457749330
1449010200517434655 1449010200557674142
1449010200567470177 1449010200607715294
1449010200617469106 1449010200657673300
1449010200667434459 1449010200707701201
1449010200467469015 1449010200852868761
1449010200717464705 1449010200852918738
1449010200817408463 1449010200857574999
1449010200867470977 1449010200907653924
1449010200917473333 1449010200957716188
1449010200967453961 1449010201007666277
1449010201067461708 1449010201107771321
1449010200767442486 1449010201156855977
1449010201017414525 1449010201156884244
1449010201117430525 1449010201157580487
1449010201167442664 1449010201207601520
1449010201267464129 1449010201307647727
1449010201317419255 1449010201357616401
1449010201367465137 1449010201407666262
1449010201417470634 1449010201457760769
1449010201517409234 1449010201557656228
1449010201217412123 1449010201600860479
1449010201467452047 1449010201600892196
1449010201567433397 1449010201607612137
1449010201617470325 1449010201657843400
1449010201667442864 1449010201707662235
1449010201717422246 1449010201757681347
1449010201767430646 1449010201807591771
1449010201817412957 1449010201857589577
1449010201867396161 1449010201907554935
1449010201917464086 1449010201957731015
1449010201967428911 1449010202007665435
1449010202017412108 1449010202057602273
1449010202067473819 1449010202107700914
1449010202117472669 1449010202157714791
1449010202167403700 1449010202207551520
1449010202217430712 1449010202257681134
1449010202267480143 1449010202307691696
1449010202317426648 1449010202357648927
1449010202467416242 1449010202507650965
1449010202517463618 1449010202557705684
1449010202567428870 1449010202607665117
1449010202717428974 1449010202757697738
1449010202767457510 1449010202807620705
1449010202417472756 1449010202808826117
1449010202667434723 1449010202808839524
1449010202367470867 1449010202812818869
1449010202617423132 1449010202812838286
1449010202817437556 1449010202857767686
1449010202867438490 1449010202907680951
1449010202917468670 1449010202957734401
1449010202967471070 1449010203007706751
1449010203017417878 1449010203057639691
1449010203067463552 1449010203107647734
1449010203117429393 1449010203157621185
1449010203167426852 1449010203207579920
1449010203217446150 1449010203257734962
1449010203267473076 1449010203307749941
1449010203317437800 1449010203357666456
1449010203367431692 1449010203407616596
1449010203417400563 1449010203457637170
1449010203467431233 1449010203507650141
1449010203517473959 1449010203557714771
1449010203567408352 1449010203607538256
1449010203617413637 1449010203657654745
1449010203667465011 1449010203707693995
1449010203717468875 1449010203757738414
1449010203767469514 1449010203807704508
1449010203817434660 1449010203857633742
1449010203867434942 1449010203907698784
1449010203917471363 1449010203957745532
1449010203967472583 1449010204007747123
1449010204017473206 1449010204057763482
1449010204067471096 1449010204107733619
1449010204117468974 1449010204157704123
1449010204167468636 1449010204207747008
1449010204217453797 1449010204257777779
1449010204267473861 1449010204307656551
1449010204317411565 1449010204357512961
1449010204367398565 1449010204407590572
1449010204467472079 1449010204507745405
1449010204567453469 1449010204607750143
1449010204617471762 1449010204657747485
1449010204417471941 1449010204820964237
1449010204667470491 1449010204821024370
1449010204817467127 1449010204857655451
1449010204867409503 1449010204907637479
1449010204517429789 1449010204948874267
1449010204767416289 1449010204948900018
1449010204917397759 1449010204957589628
1449010205017437328 1449010205057632027
1449010204717454272 1449010205100824835
1449010204967460272 1449010205100852553
1449010205067470047 1449010205107664258
1449010205117411947 1449010205157527591
1449010205167407610 1449010205207537600
1449010205217402905 1449010205257618372
1449010205267452706 1449010205307634312
1449010205317412468 1449010205357558567
1449010205367404742 1449010205407590462
1449010205417429110 1449010205457585517
1449010205467437771 1449010205507624956
1449010205567472486 1449010205607690107
1449010205617415603 1449010205657685097
1449010205667429905 1449010205707679726
1449010205817478336 1449010205857675099
1449010205517471806 1449010205900796051
1449010205767472187 1449010205900824606
1449010205867475060 1449010205907674947
1449010205917472215 1449010205957729936
1449010206017452178 1449010206057680931
1449010206067423874 1449010206107645546
1449010206117433409 1449010206157613543
1449010206167473026 1449010206207734298
1449010206267471729 1449010206307652640
1449010205717454459 1449010206337859497
1449010205967432539 1449010206337904656
1449010206217453260 1449010206337914171
1449010206317407661 1449010206357561244
1449010206367470536 1449010206407695741
1449010206417472094 1449010206457746781
1449010206467409610 1449010206507638939
1449010206517472030 1449010206557721213
1449010206567437480 1449010206607704513
1449010206617468702 1449010206657649761
1449010206667411397 1449010206707641245
1449010206717446327 1449010206757637560
1449010206767412940 1449010206807593136
1449010206817399875 1449010206857641931
1449010206867477131 1449010206907681556
1449010206917405635 1449010206957574244
1449010207017478187 1449010207057738793
1449010207067411332 1449010207107617147
1449010207117421725 1449010207157637717
1449010207167421982 1449010207207655842
1449010207267422241 1449010207307676428
1449010206967433538 1449010207352850111
1449010207217404806 1449010207352892316
1449010207317420090 1449010207357754401
1449010207367406487 1449010207407640585
1449010207417433567 1449010207457694369
1449010207467433171 1449010207507695714
1449010207567434376 1449010207607675851
1449010207617425521 1449010207657693937
1449010207667472275 1449010207707671908
1449010207717404678 1449010207757760778
1449010207817454385 1449010207857669801
1449010207867407704 1449010207907531225
1449010207517431291 1449010207944814618
1449010207767400411 1449010207944842705
1449010207917425195 1449010207957640460
1449010207967471658 1449010208007700108
1449010208017431512 1449010208057676876
1449010208067427818 1449010208107630687
1449010208117468789 1449010208157744943
1449010208167435792 1449010208207631747
1449010208217451105 1449010208257707248
1449010208267417253 1449010208307715724
1449010208317436187 1449010208357731608
1449010208367471853 1449010208407745611
1449010208417471583 1449010208458088890
1449010208467472363 1449010208507750431
1449010208517459084 1449010208557733193
1449010208567470775 1449010208607696785
1449010208617471645 1449010208657716060
1449010208667473865 1449010208707745255
1449010208717447209 1449010208757721920
1449010208767476156 1449010208807709690
1449010208817469880 1449010208857690815
1449010208867408598 1449010208907628535
1449010208917431900 1449010208957621357
1449010208967427471 1449010209007650044
1449010209017405511 1449010209057594679
1449010209067406642 1449010209107563346
1449010209167404274 1449010209207579065
1449010209217402714 1449010209257520444
1449010209267425488 1449010209307664688
1449010209317418711 1449010209357600712
1449010209417443787 1449010209457681354
1449010209117405863 1449010209504889924
1449010209367463971 1449010209504938330
1449010209467464849 1449010209507662104
1449010209517470240 1449010209557754194
1449010209567473345 1449010209607748346
1449010209617472347 1449010209657647442
1449010209667444258 1449010209707679322
1449010209717475323 1449010209757748751
1449010209767472107 1449010209807744158
1449010209817513887 1449010209857725175
1449010209867456508 1449010209907701718
1449010209917471319 1449010209957743591
1449010209967409229 1449010210007637622
1449010210017465178 1449010210057662759
1449010210067430818 1449010210107593438
1449010210117412064 1449010210157551931
1449010210167423585 1449010210207588874
1449010210217404711 1449010210257645423
1449010210267468920 1449010210307673177
1449010210317421982 1449010210357592924
1449010210367415760 1449010210407617885
1449010210417467056 1449010210457757897
1449010210467433131 1449010210507668920
1449010210517441865 1449010210557665637
1449010210567408964 1449010210607631172
1449010210617463911 1449010210657743139
1449010210667474634 1449010210707696501
1449010210767470143 1449010210807772907
1449010210817473412 1449010210857703521
1449010210867433786 1449010210907630151
1449010210917440039 1449010210957668534
1449010211017436603 1449010211057694248
1449010210717456818 1449010211100853450
1449010210967458184 1449010211100897854
1449010211067459326 1449010211107719093
1449010211118531117 1449010211158775897
1449010211167441615 1449010211207684597
1449010211217440117 1449010211257630031
1449010211267413418 1449010211307612272
1449010211317436294 1449010211357683485
1449010211367440485 1449010211407692805
1449010211417457602 1449010211457704883
1449010211467457032 1449010211507649776
1449010211517416241 1449010211557617819
1449010211567417117 1449010211607660707
1449010211617438831 1449010211657659272
1449010211667433360 1449010211707682235
1449010211717469283 1449010211757746696
1449010211767472742 1449010211807711909
1449010211817433648 1449010211857686591
1449010211867472845 1449010211907744706
1449010211917472512 1449010211957742004
1449010211967472233 1449010212007697277
1449010212017417828 1449010212057647944
1449010212067468761 1449010212107713781
1449010212117472698 1449010212157646108
1449010212167426525 1449010212207656637
1449010212217411161 1449010212257614533
1449010212267422618 1449010212307675910
1449010212317457833 1449010212357627836
1449010212367433084 1449010212407558325
1449010212417449841 1449010212457685723
1449010212467410001 1449010212507548023
1449010212517415434 1449010212557677668
1449010212567458578 1449010212607778417
1449010212617470466 1449010212657785161
1449010212667432044 1449010212707632205
1449010212717459297 1449010212757661613
1449010212767437810 1449010212807667000
1449010212817470769 1449010212857696308
1449010212867461302 1449010212907653948
1449010212917466649 1449010212957716663
1449010212967470562 1449010213007724355
1449010213017469017 1449010213057641109
1449010213067429412 1449010213107608429
1449010213117466992 1449010213157697512
1449010213167422993 1449010213207645378
1449010213217462935 1449010213257667587
1449010213267413236 1449010213307605554
1449010213317427765 1449010213357656902
1449010213367450969 1449010213407703489
1449010213417431352 1449010213457666937
1449010213467466901 1449010213507740820
1449010213517471833 1449010213557754081
1449010213567438446 1449010213607730863
1449010213617475371 1449010213657735749
1449010213667470047 1449010213707642911
1449010213717456694 1449010213757721301
1449010213767452907 1449010213807698117
1449010213817473415 1449010213857743201
1449010213867474509 1449010213907740546
1449010213917471490 1449010213957693048
1449010213967424628 1449010214007689770
1449010214017430724 1449010214057661621
1449010214067450683 1449010214107719628
1449010214117409224 1449010214157614270
1449010214267424058 1449010214307612685
1449010214317427274 1449010214357639344
1449010214367467757 1449010214407685187
1449010214517436958 1449010214557706179
1449010214167409533 1449010214576905902
1449010214417403337 1449010214576960142
1449010214567467051 1449010214607727940
1449010214217422383 1449010214648878014
1449010214467453313 1449010214648921780
1449010214667469118 1449010214707723681
1449010214717437174 1449010214757693106
1449010214767469094 1449010214807671916
1449010214817411730 1449010214857570238
1449010214917419419 1449010214957616985
1449010214617424509 1449010214987781815
1449010214867419928 1449010214987821702
1449010215017467413 1449010215057720769
1449010215067459006 1449010215107705003
1449010215117428511 1449010215157703766
1449010215167467514 1449010215207656173
1449010215267465923 1449010215307720445
1449010215317470098 1449010215357775097
1449010214967430916 1449010215396879675
1449010215217440003 1449010215396984532
1449010215367469170 1449010215407709022
1449010215417440667 1449010215457713149
1449010215517418399 1449010215557665457
1449010215567463379 1449010215607737705
1449010215617421295 1449010215657696453
1449010215667471320 1449010215707746865
1449010215767469953 1449010215807698124
1449010215467467155 1449010215852896789
1449010215717468291 1449010215852945890
1449010215817435613 1449010215857700371
1449010215867460571 1449010215907720872
1449010215917450947 1449010215957722844
1449010215967474492 1449010216007762419
1449010216017471209 1449010216057721070
1449010216067474013 1449010216107740164
1449010216117435818 1449010216157727163
1449010216167475994 1449010216207753140
1449010216217460978 1449010216257731756
1449010216267470905 1449010216307721718
1449010216317406427 1449010216357610614
1449010216367433155 1449010216407724944
1449010216417470675 1449010216457667960
1449010216567469176 1449010216607735991
1449010216617472758 1449010216657657343
1449010216667432034 1449010216707574465
1449010216467431952 1449010216852864903
1449010216717423456 1449010216852891759
1449010216817434006 1449010216857649134
1449010216517406605 1449010216904863727
1449010216767408116 1449010216904897896
1449010216867466992 1449010216907630243
1449010216917460089 1449010216957699458
1449010216967427819 1449010217007613618
1449010217017466398 1449010217057711772
1449010217067473258 1449010217107667324
1449010217117461797 1449010217157675729
1449010217167469699 1449010217207650878
1449010217217452224 1449010217257695003
1449010217267468620 1449010217307734464
1449010217317472470 1449010217357739448
1449010217367472381 1449010217407749938
1449010217417456129 1449010217457758542
1449010217467470703 1449010217507686623
1449010217517436109 1449010217557696942
1449010217567447730 1449010217607709448
1449010217617451694 1449010217657634795
1449010217667413357 1449010217707659060
1449010217717456010 1449010217757707083
1449010217767407895 1449010217807578694
1449010217817469871 1449010217857757250
1449010217867474101 1449010217907731680
1449010217917472065 1449010217957738777
1449010217967436796 1449010218007681432
1449010218017436908 1449010218057724604
1449010218067471965 1449010218107725411
1449010218117471175 1449010218157704934
1449010218167430801 1449010218207775589
1449010218217466764 1449010218257739065
1449010218267457568 1449010218307649784
1449010218317406518 1449010218357609578
1449010218367461730 1449010218407760839
1449010218417473795 1449010218457730692
1449010218467469300 1449010218507643242
1449010218517428171 1449010218557594124
1449010218567468384 1449010218607686179
1449010218617470132 1449010218657706346
1449010218667427076 1449010218707737434
1449010218767415242 1449010218807619486
1449010218817433174 1449010218857636917
1449010218867467410 1449010218907597240
1449010218917467855 1449010218957709661
1449010219017450943 1449010219057618601
1449010218717463390 1449010219100828062
1449010218967469888 1449010219100860076
1449010219067449912 1449010219107643412
1449010219117459792 1449010219157710114
1449010219167465797 1449010219207696064
1449010219267468864 1449010219307709206
1449010219317433558 1449010219357622206
1449010219367427566 1449010219407649908
1449010219417470391 1449010219457648405
1449010219517465142 1449010219557645840
1449010219217468044 1449010219600832679
1449010219467428621 1449010219600864524
1449010219567427655 1449010219607597374
1449010219617467266 1449010219657708156
1449010219667450476 1449010219707661576
1449010219717441671 1449010219757728930
1449010219767468306 1449010219807738506
1449010219817440297 1449010219857655671
1449010219867454116 1449010219907696543
1449010219917426331 1449010219957654961
1449010219967427889 1449010220007670861
1449010220017427543 1449010220057628430
1449010220067468544 1449010220107681117
1449010220117422698 1449010220157653015
1449010220167431830 1449010220207668164
1449010220217451717 1449010220257717400
1449010220267471643 1449010220307769172
1449010220317436582 1449010220357733957
1449010220367472765 1449010220407737239
1449010220417464167 1449010220457635493
1449010220467439526 1449010220507689407
1449010220517441665 1449010220557718698
1449010220567471785 1449010220607766805
1449010220617475959 1449010220657741472
1449010220667470682 1449010220707736004
1449010220717454907 1449010220757737426
1449010220767473431 1449010220807752200
1449010220817472771 1449010220857718900
1449010220867468866 1449010220907732959
1449010220917476428 1449010220957765304
1449010220967435326 1449010221007702266
1449010221017470427 1449010221057747206
1449010221067452298 1449010221107709649
1449010221117419134 1449010221157696032
1449010221167470521 1449010221207733763
1449010221217458552 1449010221257734425
1449010221267471917 1449010221307758561
1449010221317471631 1449010221357740295
1449010221367471192 1449010221407738044
1449010221417471911 1449010221457740712
1449010221467416304 1449010221507662666
1449010221517473016 1449010221557755999
1449010221567471548 1449010221607750511
1449010221667467141 1449010221707734437
1449010221717450518 1449010221757730610
1449010221767470224 1449010221807753904
1449010221817470034 1449010221857746953
1449010221917470956 1449010221957706621
1449010221967468131 1449010222007734569
1449010222017453101 1449010222057698485
1449010222067454235 1449010222107731505
1449010222167409082 1449010222207646856
1449010222217454356 1449010222257696359
1449010222267472632 1449010222307698716
1449010221617470784 1449010222332863059
1449010221867468790 1449010222332912548
1449010222117477967 1449010222332923078
1449010222317417730 1449010222357627142
1449010222417431072 1449010222457696522
1449010222467469571 1449010222507700132
1449010222517422988 1449010222557615444
1449010222567401540 1449010222607623107
