1449014737438711580 1449014737518906379
1449014737488739223 1449014737569012622
1449014737538755044 1449014737619020708
1449014737588754671 1449014737669023272
1449014737638754515 1449014737718983418
1449014737688751319 1449014737769320264
1449014737738751384 1449014737819004891
1449014737788720422 1449014737868964577
1449014737838755910 1449014737918936124
1449014737888701765 1449014737968827689
1449014737938691519 1449014738018840833
1449014737988697118 1449014738068934665
1449014738038720151 1449014738118980838
1449014738088739473 1449014738168960389
1449014738138742631 1449014738218978361
1449014738188745072 1449014738269002400
1449014738238731506 1449014738318941073
1449014738288745144 1449014738369040606
1449014738338742811 1449014738419008722
1449014738388756279 1449014738468996983
1449014738438723299 1449014738518984704
1449014738488730346 1449014738568954841
1449014738538756240 1449014738618946145
1449014738588754831 1449014738668926020
1449014738638705501 1449014738718823200
1449014738688708529 1449014738768874928
1449014738738678457 1449014738818827405
1449014738788676233 1449014738868798100
1449014738838719254 1449014738918936709
1449014738888746347 1449014738968925191
1449014738938721294 1449014739018933157
1449014738988755507 1449014739068950474
1449014739038711552 1449014739118875921
1449014739088705823 1449014739168892796
1449014739138679837 1449014739218814311
1449014739188709478 1449014739268862269
1449014739238718964 1449014739318896171
1449014739288728189 1449014739368901154
1449014739338728618 1449014739418968815
1449014739388708658 1449014739468871041
1449014739438690902 1449014739518859587
1449014739488701421 1449014739568829253
1449014739538717425 1449014739618913469
1449014739588682488 1449014739668800931
1449014739638696550 1449014739718833833
1449014739688705338 1449014739768921043
1449014739738719582 1449014739818948850
1449014739788729626 1449014739868894368
1449014739838731742 1449014739918929310
1449014739888731941 1449014739968897927
1449014739938725908 1449014740018866271
1449014739988684251 1449014740068783785
1449014740038673301 1449014740118809047
1449014740088675544 1449014740168779960
1449014740138674925 1449014740218811797
1449014740188675117 1449014740268787310
1449014740238674658 1449014740318813627
1449014740288692575 1449014740368822251
1449014740338683570 1449014740418812290
1449014740388697566 1449014740468878401
1449014740438697841 1449014740518887916
1449014740488694610 1449014740568875798
1449014740538710656 1449014740618888649
1449014740588743395 1449014740668990778
1449014740638721123 1449014740718969992
1449014740688715027 1449014740768923455
1449014740738720040 1449014740818971635
1449014740788743952 1449014740868945401
1449014740838723126 1449014740918979730
1449014740888707739 1449014740968867878
1449014740938744945 1449014741018929886
1449014740988682277 1449014741068825097
1449014741038687289 1449014741118810273
1449014741088682898 1449014741168807464
1449014741138676032 1449014741218828407
1449014741188689786 1449014741268832461
1449014741238677865 1449014741318822039
1449014741288683738 1449014741368834772
1449014741338690594 1449014741418806704
1449014741388677872 1449014741468797833
1449014741438669714 1449014741518845562
1449014741488689960 1449014741568823366
1449014741538677160 1449014741618801730
1449014741588675339 1449014741668791456
1449014741638677922 1449014741718889657
1449014741688727271 1449014741768935993
1449014741738727049 1449014741818903786
1449014741788745024 1449014741868967825
1449014741838705523 1449014741918853241
1449014741888693182 1449014741968892638
1449014741938679604 1449014742018961555
1449014741988709399 1449014742068936021
1449014742038709437 1449014742118884242
1449014742088708984 1449014742168817569
1449014742138698909 1449014742218883269
1449014742188693122 1449014742268873275
1449014742238731486 1449014742318962909
1449014742288722801 1449014742368921754
1449014742338718425 1449014742418888939
1449014742388706978 1449014742468891154
1449014742438692536 1449014742518830498
1449014742488689346 1449014742568836381
1449014742538711976 1449014742618835129
1449014742588681379 1449014742668844931
1449014742638679739 1449014742718789508
1449014742688677469 1449014742768792599
1449014742738680878 1449014742818860183
1449014742788693396 1449014742868919078
1449014742838757327 1449014742919029940
1449014742888741355 1449014742968984479
1449014742938730622 1449014743018955758
1449014742988732732 1449014743068961242
1449014743038746227 1449014743118992912
1449014743088732551 1449014743168962257
1449014743138705566 1449014743218945871
1449014743188747608 1449014743268988055
1449014743238733303 1449014743318977268
1449014743288689168 1449014743368863579
1449014743338694916 1449014743418938172
1449014743388699988 1449014743468906088
1449014743438721853 1449014743519014441
1449014743488729501 1449014743568889527
1449014743538730194 1449014743618971534
1449014743588687738 1449014743668859517
1449014743638743380 1449014743718954157
1449014743688710714 1449014743768900994
1449014743738705423 1449014743818957058
1449014743788723880 1449014743868953202
1449014743838733025 1449014743918984948
1449014743888744797 1449014743969024680
1449014743938743839 1449014744018969062
1449014743988744846 1449014744068964560
1449014744038743621 1449014744118963619
1449014744088744351 1449014744168981932
1449014744138726121 1449014744218959362
1449014744188724365 1449014744268903273
1449014744238702487 1449014744318965599
1449014744288717228 1449014744368871241
1449014744338703107 1449014744418868132
1449014744388679971 1449014744468807111
1449014744438686494 1449014744518910385
1449014744488680958 1449014744568893189
1449014744538718043 1449014744618930761
1449014744588683401 1449014744668888453
1449014744638743995 1449014744718949169
1449014744688744474 1449014744768945536
1449014744738707341 1449014744818904042
1449014744788683579 1449014744868829383
1449014744838678133 1449014744918832384
1449014744888685885 1449014744968892281
1449014744938690639 1449014745019215073
1449014744988679104 1449014745068840248
1449014745038714208 1449014745118986708
1449014745088746693 1449014745168981106
1449014745138712617 1449014745219001654
1449014745188726306 1449014745268998335
1449014745238722793 1449014745318942172
1449014745288686372 1449014745368881920
1449014745338678302 1449014745418775019
1449014745388692351 1449014745468901523
1449014745438689298 1449014745518785633
1449014745488689388 1449014745568838628
1449014745538686348 1449014745618848748
1449014745588676765 1449014745668798295
1449014745638677968 1449014745718850402
1449014745688719484 1449014745768927194
1449014745738686596 1449014745818871054
1449014745788719928 1449014745868954024
1449014745838712559 1449014745918952759
1449014745888715940 1449014745968874616
1449014745938681878 1449014746018841927
1449014745988703913 1449014746068820122
1449014746038686419 1449014746118830836
1449014746088675673 1449014746168796078
1449014746138703685 1449014746218840209
1449014746188711646 1449014746268885587
1449014746238678475 1449014746318861758
1449014746288672889 1449014746368845817
1449014746338736991 1449014746418999458
1449014746388709012 1449014746468952286
1449014746438721963 1449014746518974578
1449014746488745418 1449014746568986800
1449014746538722383 1449014746618988940
1449014746588731856 1449014746668970756
1449014746638711107 1449014746718965663
1449014746688719080 1449014746768976596
1449014746738727116 1449014746818970717
1449014746788727665 1449014746868995277
1449014746838712653 1449014746918956695
1449014746888742659 1449014746968980757
1449014746938745480 1449014747019017118
1449014746988719562 1449014747068962191
1449014747038744250 1449014747118994405
1449014747088745928 1449014747168980103
1449014747138686456 1449014747218906526
1449014747188722768 1449014747268901093
1449014747238747158 1449014747319008896
1449014747288684039 1449014747368882665
1449014747338745634 1449014747418931305
1449014747388751472 1449014747469033891
1449014747438722264 1449014747518981306
1449014747488745334 1449014747568936366
1449014747538708796 1449014747618960634
1449014747588744695 1449014747668979192
1449014747638744132 1449014747719007720
1449014747688693550 1449014747768856260
1449014747738743309 1449014747818997607
1449014747788710841 1449014747868976304
1449014747838682540 1449014747918883372
1449014747888719115 1449014747968879903
1449014747938702719 1449014748018967806
1449014747988719442 1449014748068914777
1449014748038731016 1449014748118923702
1449014748088684843 1449014748168793722
1449014748138696905 1449014748218843720
1449014748188698326 1449014748268831188
1449014748238679342 1449014748318936134
1449014748288716186 1449014748368921544
1449014748338734766 1449014748418976309
1449014748388715804 1449014748468969986
1449014748438712368 1449014748518989512
1449014748488697492 1449014748568905052
1449014748538740829 1449014748618943420
1449014748588725592 1449014748668944170
1449014748638728908 1449014748718969395
1449014748688715886 1449014748768895529
1449014748738742093 1449014748818970811
1449014748788710359 1449014748868968022
1449014748838726811 1449014748918961665
1449014748888735479 1449014748968962292
1449014748938731665 1449014749018960643
1449014748988715416 1449014749068942958
1449014749038710416 1449014749118954649
1449014749088745173 1449014749168993545
1449014749138711872 1449014749218952461
1449014749188707487 1449014749268924904
1449014749238743233 1449014749318905192
1449014749288743889 1449014749368891014
1449014749338725415 1449014749418921814
1449014749388701669 1449014749468867417
1449014749438703916 1449014749518877872
1449014749488693058 1449014749568882962
1449014749538702682 1449014749618877053
1449014749588705757 1449014749668852014
1449014749638687677 1449014749718900539
1449014749688716063 1449014749768946023
1449014749738732555 1449014749818914680
1449014749788682724 1449014749868855768
1449014749838708724 1449014749918937172
1449014749888724174 1449014749968887189
1449014749938709127 1449014750018913483
1449014749988711771 1449014750068940893
1449014750038711860 1449014750118909336
1449014750088729885 1449014750168947009
1449014750138756828 1449014750218958257
1449014750188705483 1449014750268933104
1449014750238710909 1449014750318929561
1449014750288728233 1449014750368966609
1449014750338745384 1449014750418973702
1449014750388691109 1449014750468831907
1449014750438677396 1449014750518839642
1449014750488743714 1449014750568946753
1449014750538696509 1449014750618951211
1449014750588683495 1449014750668782540
1449014750638683700 1449014750718871760
1449014750688677428 1449014750768817894
1449014750738689678 1449014750818872181
1449014750788683951 1449014750868855497
1449014750838713672 1449014750918944156
1449014750888695622 1449014750968936226
1449014750938738935 1449014751018969931
1449014750988725005 1449014751068961730
1449014751038721622 1449014751118917839
1449014751088705928 1449014751168934033
1449014751138691297 1449014751218845152
1449014751188683025 1449014751268833491
1449014751238685940 1449014751318870493
1449014751288688904 1449014751368836558
1449014751338684856 1449014751418848095
1449014751388698111 1449014751468875061
1449014751438687370 1449014751518831300
1449014751488693981 1449014751568875829
1449014751538703721 1449014751618924300
1449014751588687502 1449014751668894938
1449014751638732933 1449014751718957361
1449014751688726173 1449014751768940284
1449014751738725907 1449014751818956007
1449014751788718996 1449014751868943754
1449014751838747101 1449014751919014967
1449014751888737784 1449014751968963154
1449014751938743051 1449014752019040113
1449014751988695665 1449014752068971646
1449014752038737862 1449014752118930784
1449014752088690101 1449014752168846642
1449014752138676917 1449014752218831985
1449014752188701001 1449014752268851481
1449014752238681870 1449014752318828521
1449014752288683233 1449014752368841886
1449014752338682363 1449014752418834336
1449014752388681887 1449014752468807162
1449014752438686684 1449014752518847483
1449014752488699166 1449014752568839863
1449014752538680809 1449014752618830748
1449014752588704977 1449014752668878616
1449014752638678522 1449014752718932798
1449014752688672571 1449014752768837715
1449014752738684299 1449014752818859188
1449014752788692252 1449014752868893009
1449014752838740897 1449014752918981361
1449014752888744453 1449014752968897895
1449014752938711317 1449014753018823145
1449014752988668458 1449014753068779749
1449014753038680181 1449014753118832552
1449014753088682946 1449014753168827245
1449014753138704349 1449014753218857832
1449014753188703087 1449014753268846895
1449014753238696734 1449014753318850014
1449014753288701587 1449014753368842932
1449014753338702142 1449014753418907383
1449014753388709270 1449014753468880490
1449014753438797203 1449014753518915698
1449014753488693046 1449014753568839964
1449014753538696939 1449014753618901377
1449014753588722408 1449014753668956999
1449014753638740576 1449014753718974685
1449014753688737606 1449014753768924075
1449014753738745742 1449014753818977460
1449014753788697908 1449014753868859874
1449014753838737108 1449014753918900975
1449014753888745900 1449014753968928910
1449014753938730139 1449014754018911201
1449014753988710950 1449014754068871585
1449014754038684214 1449014754118814171
1449014754088670421 1449014754168779984
1449014754138725482 1449014754218892722
1449014754188721867 1449014754268909283
1449014754238745281 1449014754318962365
1449014754288727769 1449014754368930284
1449014754338734994 1449014754418949241
1449014754388764315 1449014754468976591
1449014754438745340 1449014754518920596
1449014754488738141 1449014754568867586
1449014754538688654 1449014754618826911
1449014754588704414 1449014754668835553
1449014754638674309 1449014754718885094
1449014754688680755 1449014754768826295
1449014754738737857 1449014754818932391
1449014754788687695 1449014754868839538
1449014754838722943 1449014754918886810
1449014754888745479 1449014754968909495
1449014754938694651 1449014755018823119
1449014754988682935 1449014755068806633
1449014755038680161 1449014755118864211
1449014755088699854 1449014755168847234
1449014755138704609 1449014755218861002
1449014755188702008 1449014755268853560
1449014755238681704 1449014755318766840
1449014755288679341 1449014755368799451
1449014755338683990 1449014755418832363
1449014755388690419 1449014755468868480
1449014755438692196 1449014755518799627
1449014755488678480 1449014755568836938
1449014755538697918 1449014755618920596
1449014755588742481 1449014755668978494
1449014755638717779 1449014755718981787
1449014755688711216 1449014755768944393
1449014755738702691 1449014755818920106
1449014755788743027 1449014755868965948
1449014755838684447 1449014755918820438
1449014755888714208 1449014755968910893
1449014755938739336 1449014756018918397
1449014755988710977 1449014756068868469
1449014756038681093 1449014756118805291
1449014756088674021 1449014756168780545
1449014756138678834 1449014756218878088
1449014756188700034 1449014756268847707
1449014756238699090 1449014756318846299
1449014756288702716 1449014756368858900
1449014756338710672 1449014756418925057
1449014756388731437 1449014756468969342
1449014756438724479 1449014756518905993
1449014756488691045 1449014756568818148
1449014756538680042 1449014756618807855
1449014756588757384 1449014756668898085
1449014756638679297 1449014756718827060
1449014756688673149 1449014756768783331
1449014756738713683 1449014756819015585
1449014756788680833 1449014756868775678
1449014756838696563 1449014756918858367
1449014756888719236 1449014756968889035
1449014756938683035 1449014757018860233
1449014756988679253 1449014757068801815
1449014757038675720 1449014757118839281
1449014757088679284 1449014757168857644
1449014757138675648 1449014757218872292
1449014757188686034 1449014757268843608
1449014757238720134 1449014757318964848
1449014757288701463 1449014757368936749
1449014757338722305 1449014757418980162
1449014757388742415 1449014757468976742
1449014757438744351 1449014757518956845
1449014757488720802 1449014757568895814
1449014757538690356 1449014757618804934
1449014757588699543 1449014757668876804
1449014757638678783 1449014757718798863
1449014757688671802 1449014757768803282
1449014757738683432 1449014757818834342
1449014757788684279 1449014757868895001
1449014757838686180 1449014757918872013
1449014757888722089 1449014757968946326
1449014757938688109 1449014758018905969
1449014757988719215 1449014758068926167
1449014758038740552 1449014758118989411
1449014758088718861 1449014758168941674
1449014758138741353 1449014758219039183
1449014758188724807 1449014758268937772
1449014758238742458 1449014758318959187
1449014758288745242 1449014758368967462
1449014758338743660 1449014758418994147
1449014758388745282 1449014758468968677
1449014758438743315 1449014758518997607
1449014758488743267 1449014758568961256
1449014758538741210 1449014758618994894
1449014758588682142 1449014758668792840
1449014758638708161 1449014758718883904
1449014758688683154 1449014758768851339
1449014758738738001 1449014758818974258
1449014758788744357 1449014758868959854
1449014758838725756 1449014758919026964
1449014758888748947 1449014758968955975
1449014758938743619 1449014759019002011
1449014758988726171 1449014759068956101
1449014759038745637 1449014759119003874
1449014759088724864 1449014759168958803
1449014759138743214 1449014759219004575
1449014759188697127 1449014759268904730
1449014759238736999 1449014759318998243
1449014759288709678 1449014759368943147
1449014759338728539 1449014759418980262
1449014759388742980 1449014759468972195
1449014759438744261 1449014759519007339
1449014759488743237 1449014759568981669
1449014759538744360 1449014759619025216
1449014759588743045 1449014759668975976
1449014759638739799 1449014759718998381
1449014759688742600 1449014759768974468
1449014759738725039 1449014759818967841
1449014759788694648 1449014759868927130
1449014759838744609 1449014759919010798
1449014759888743885 1449014759969013051
1449014759938742464 1449014760019002498
1449014759988742037 1449014760068972164
1449014760038711142 1449014760118972242
1449014760088742648 1449014760168998223
1449014760138745452 1449014760219001532
1449014760188743656 1449014760268975888
1449014760238743611 1449014760319026040
1449014760288744878 1449014760368975366
1449014760338744913 1449014760419013698
1449014760388744878 1449014760468983193
1449014760438755019 1449014760519012327
1449014760488746157 1449014760568986213
1449014760538726480 1449014760618966971
1449014760588743122 1449014760669012392
1449014760638741617 1449014760718970488
1449014760688727089 1449014760768979533
1449014760738744904 1449014760818994401
1449014760788745560 1449014760868915333
1449014760838712697 1449014760918968312
1449014760888698742 1449014760968863111
1449014760938730513 1449014761019005285
1449014760988744446 1449014761068960845
1449014761038744554 1449014761118991890
1449014761088744382 1449014761168975909
1449014761138753597 1449014761218991833
1449014761188754147 1449014761268957246
1449014761238743678 1449014761318997405
1449014761288754998 1449014761369012597
1449014761338739170 1449014761418989092
1449014761388745369 1449014761468959603
1449014761438750448 1449014761519000838
1449014761488754472 1449014761568972001
1449014761538751831 1449014761618979720
1449014761588729411 1449014761668930015
1449014761638693678 1449014761718969803
1449014761688754457 1449014761768959040
1449014761738743968 1449014761818916638
1449014761788745767 1449014761868942495
1449014761838746697 1449014761918976289
1449014761888709549 1449014761968849224
1449014761938702794 1449014762018960362
1449014761988747219 1449014762069008964
1449014762038745092 1449014762119003195
1449014762088684890 1449014762168895533
1449014762138737411 1449014762218985225
1449014762188742303 1449014762268985979
1449014762238683381 1449014762318901236
1449014762288737118 1449014762368917341
1449014762338683142 1449014762418915658
1449014762388677318 1449014762468876021
1449014762438736554 1449014762518930118
1449014762488744586 1449014762568990954
1449014762538741267 1449014762618999257
1449014762588705487 1449014762668931645
1449014762638706938 1449014762718951899
1449014762688745601 1449014762768974365
1449014762738744720 1449014762818940245
1449014762788685607 1449014762868828564
1449014762838698869 1449014762918867893
1449014762888697133 1449014762968903593
1449014762938702937 1449014763018978394
1449014762988745555 1449014763069004745
1449014763038745894 1449014763118985258
1449014763088687579 1449014763168889022
1449014763138713261 1449014763218922653
1449014763188738024 1449014763268949572
1449014763238745438 1449014763318994382
1449014763288743378 1449014763368963667
1449014763338744325 1449014763418994578
1449014763388745275 1449014763469011434
1449014763438744522 1449014763518994170
1449014763488743691 1449014763568964390
1449014763538741274 1449014763618989201
1449014763588742084 1449014763668966123
1449014763638741133 1449014763718952638
1449014763688695638 1449014763768913901
1449014763738733087 1449014763818912628
1449014763788733256 1449014763868971207
1449014763838726719 1449014763918914411
1449014763888682506 1449014763968848368
1449014763938699663 1449014764018849212
1449014763988677243 1449014764068809064
1449014764038683378 1449014764118815291
1449014764088677762 1449014764168891461
1449014764138702766 1449014764218907760
1449014764188681303 1449014764268829981
1449014764238722587 1449014764318942978
1449014764288688269 1449014764368807726
1449014764338719556 1449014764418961336
1449014764388718391 1449014764468912998
1449014764438713912 1449014764518957112
1449014764488740968 1449014764568976655
1449014764538696713 1449014764618898182
1449014764588729973 1449014764668904047
1449014764638679369 1449014764718814700
1449014764688695243 1449014764768827029
1449014764738675733 1449014764818807891
1449014764788672515 1449014764868854175
1449014764838680367 1449014764918800597
1449014764888676583 1449014764968802988
1449014764938668910 1449014765018823778
1449014764988695789 1449014765068876043
1449014765038733008 1449014765118975057
1449014765088687886 1449014765168882183
1449014765138735333 1449014765219027364
1449014765188708193 1449014765268900678
1449014765238744256 1449014765318987533
1449014765288719992 1449014765368943554
1449014765338726338 1449014765418962866
1449014765388742940 1449014765469037771
1449014765438720858 1449014765518926747
1449014765488727575 1449014765568937336
1449014765538733977 1449014765618955490
1449014765588721093 1449014765668893169
1449014765638685343 1449014765718818027
1449014765688674122 1449014765768809044
1449014765738681878 1449014765818813419
1449014765788696831 1449014765868825104
1449014765838694355 1449014765918781300
1449014765888672335 1449014765968779030
1449014765938640453 1449014766018737627
1449014765988674113 1449014766068787673
1449014766038682512 1449014766118796413
1449014766088682952 1449014766168848701
1449014766138683929 1449014766218871143
1449014766188685735 1449014766268875875
1449014766238703293 1449014766318934890
1449014766288715579 1449014766368867409
1449014766338691858 1449014766418827997
1449014766388674189 1449014766468779435
1449014766438741999 1449014766518964730
1449014766488703798 1449014766568865600
1449014766538713805 1449014766618855562
1449014766588684555 1449014766668810210
1449014766638669713 1449014766718810539
1449014766688675486 1449014766768792837
1449014766738701924 1449014766818912580
1449014766788689824 1449014766868869951
1449014766838704188 1449014766918891102
1449014766888690640 1449014766968879702
1449014766938676598 1449014767018847654
1449014766988695689 1449014767068870401
1449014767038684651 1449014767118879698
