1449010041693687712 1449010041733914995
1449010041743718713 1449010041783957663
1449010041793709243 1449010041833957731
1449010041843706438 1449010041883955036
1449010041893704773 1449010041933960934
1449010041943713587 1449010041984276100
1449010041993704712 1449010042033956407
1449010042043668077 1449010042083918840
1449010042093710621 1449010042133962396
1449010042143702300 1449010042183960279
1449010042193712665 1449010042233974857
1449010042243711450 1449010042283971477
1449010042293685065 1449010042333947080
1449010042343667032 1449010042383925329
1449010042393710105 1449010042433970055
1449010042443706992 1449010042483966749
1449010042493707067 1449010042533968568
1449010042543705328 1449010042583992139
1449010042593688762 1449010042633937697
1449010042643672834 1449010042683897604
1449010042693706488 1449010042733954755
1449010042743706947 1449010042783949110
1449010042793707339 1449010042833966959
1449010042843709452 1449010042883958254
1449010042893706102 1449010042933997648
1449010042943704851 1449010042983953429
1449010042993704501 1449010043033950433
1449010043043684066 1449010043083932878
1449010043093708156 1449010043133969152
1449010043143705628 1449010043183949816
1449010043193709845 1449010043233938902
1449010043243706827 1449010043283977378
1449010043293706985 1449010043333961941
1449010043343706849 1449010043383953700
1449010043393707943 1449010043433964693
1449010043443707159 1449010043483952513
1449010043493706152 1449010043533962611
1449010043543706063 1449010043583936366
1449010043593678535 1449010043633972526
1449010043643708875 1449010043683954647
1449010043693708462 1449010043733968042
1449010043743704919 1449010043783953630
1449010043793705796 1449010043833919708
1449010043843709171 1449010043883942044
1449010043893706396 1449010043933965104
1449010043943704964 1449010043983928308
1449010043993705941 1449010044033946307
1449010044043707018 1449010044083914416
1449010044093691013 1449010044133895545
1449010044143643480 1449010044183832857
1449010044193706702 1449010044233967083
1449010044243710532 1449010044283955572
1449010044293710052 1449010044333995510
1449010044343706442 1449010044383953954
1449010044393705985 1449010044433934160
1449010044443707063 1449010044483953402
1449010044493690623 1449010044533929790
1449010044543676312 1449010044583931796
1449010044593707310 1449010044633966028
1449010044643711013 1449010044683955966
1449010044693707316 1449010044733966739
1449010044743706817 1449010044783935443
1449010044793708031 1449010044833965826
1449010044843712265 1449010044883959496
1449010044893681430 1449010044933949084
1449010044943715472 1449010044983963381
1449010044993704926 1449010045033984267
1449010045043706290 1449010045083955202
1449010045093709850 1449010045133964925
1449010045143660252 1449010045183884070
1449010045193708442 1449010045233966395
1449010045243705641 1449010045283952996
1449010045293707226 1449010045333965616
1449010045343705075 1449010045383977534
1449010045393703233 1449010045433956825
1449010045443693689 1449010045483903739
1449010045493710158 1449010045533946347
1449010045543709457 1449010045583948263
1449010045593707651 1449010045633945662
1449010045643708107 1449010045683936339
1449010045693709324 1449010045733993957
1449010045743691632 1449010045783938503
1449010045793706628 1449010045833963628
1449010045843708553 1449010045883955260
1449010045893709617 1449010045933970479
1449010045943691233 1449010045983937930
1449010045993710528 1449010046033969507
1449010046043706571 1449010046083979628
1449010046093707768 1449010046133965046
1449010046143705755 1449010046183951830
1449010046193707200 1449010046233935114
1449010046243702607 1449010046283948806
1449010046293708649 1449010046333944758
1449010046343705029 1449010046383934112
1449010046393675663 1449010046433922624
1449010046443709084 1449010046483956780
1449010046493708173 1449010046533963864
1449010046543705522 1449010046583952022
1449010046593708009 1449010046633954699
1449010046643673442 1449010046683889696
1449010046693709114 1449010046733967821
1449010046743710512 1449010046783979162
1449010046793705816 1449010046833969491
1449010046843695754 1449010046883948943
1449010046893715023 1449010046933968913
1449010046943711650 1449010046983962783
1449010046993713923 1449010047033976796
1449010047043712404 1449010047083962532
1449010047093715055 1449010047134002183
1449010047143706761 1449010047183953611
1449010047193709562 1449010047233965232
1449010047243709690 1449010047283959013
1449010047293692021 1449010047333933834
1449010047343678766 1449010047383930528
1449010047393710593 1449010047433973102
1449010047443710076 1449010047483960896
1449010047493713265 1449010047533978931
1449010047543715063 1449010047583963227
1449010047593711296 1449010047633975653
1449010047643714431 1449010047683930278
1449010047693710163 1449010047733972105
1449010047743711504 1449010047783960459
1449010047793709444 1449010047834012843
1449010047843713792 1449010047883952133
1449010047893714071 1449010047933968565
1449010047943695326 1449010047983937393
1449010047993713572 1449010048033932523
1449010048043711255 1449010048083963543
1449010048093715860 1449010048133886084
1449010048143669991 1449010048183832914
1449010048193645754 1449010048233831997
1449010048243681479 1449010048283896150
1449010048293678955 1449010048333964888
1449010048343715489 1449010048383967458
1449010048393710038 1449010048433937117
1449010048443712996 1449010048483960836
1449010048493708621 1449010048533994092
1449010048543711161 1449010048583963959
1449010048593708106 1449010048633971607
1449010048643707897 1449010048683901396
1449010048693708757 1449010048733943099
1449010048743704916 1449010048783931323
1449010048793709882 1449010048833946346
1449010048843688618 1449010048883939742
1449010048893708595 1449010048933945450
1449010048943705797 1449010048983898894
1449010048993706179 1449010049033852577
1449010049043704135 1449010049083931995
1449010049093707511 1449010049133941569
1449010049143694246 1449010049183887361
1449010049193657694 1449010049234227109
1449010049243681847 1449010049283906561
1449010049293708121 1449010049333942343
1449010049343708096 1449010049383923535
1449010049393687681 1449010049433904858
1449010049443709582 1449010049483932157
1449010049493706616 1449010049533940478
1449010049543707991 1449010049583956539
1449010049593672532 1449010049633907736
1449010049643706834 1449010049683928962
1449010049693706796 1449010049733942003
1449010049743711047 1449010049783940397
1449010049793708178 1449010049833913414
1449010049843678535 1449010049883905925
1449010049893707182 1449010049933968645
1449010049943705463 1449010049983931048
1449010049993706032 1449010050033934658
1449010050043644990 1449010050083810919
1449010050093653445 1449010050133835349
1449010050143704466 1449010050183932617
1449010050193705620 1449010050233939935
1449010050243703620 1449010050283953825
1449010050293708175 1449010050333942624
1449010050343707832 1449010050383931888
1449010050393708478 1449010050433944895
1449010050443687883 1449010050483908784
1449010050493688876 1449010050533927859
1449010050543705325 1449010050583900445
1449010050593706850 1449010050633980311
1449010050643705595 1449010050683936773
1449010050693706542 1449010050733938579
1449010050743704381 1449010050783931781
1449010050793709274 1449010050833942283
1449010050843676307 1449010050883896888
1449010050893688797 1449010050933926998
1449010050943705055 1449010050983956419
1449010050993704559 1449010051033924732
1449010051043697009 1449010051083905516
1449010051093690162 1449010051133939899
1449010051143709039 1449010051183958493
1449010051193708469 1449010051233967067
1449010051243708928 1449010051283963243
1449010051293674552 1449010051333937897
1449010051343709142 1449010051383956928
1449010051393707031 1449010051433964616
1449010051443709662 1449010051483962874
1449010051493674514 1449010051533925153
1449010051543708242 1449010051583953712
1449010051593706365 1449010051633964258
1449010051643677919 1449010051683961596
1449010051693679500 1449010051733906907
1449010051743709152 1449010051783958833
1449010051793706942 1449010051833963926
1449010051843708534 1449010051883957302
1449010051893712988 1449010051933952669
1449010051943692276 1449010051983904816
1449010051993711534 1449010052033977097
1449010052043711238 1449010052083923467
1449010052093707722 1449010052133968604
1449010052143709674 1449010052183941828
1449010052193707217 1449010052233930353
1449010052243643646 1449010052283828220
1449010052293697046 1449010052333956054
1449010052343708290 1449010052383981938
1449010052393708378 1449010052433964753
1449010052443709559 1449010052483953432
1449010052493651779 1449010052533896121
1449010052543709013 1449010052583942661
1449010052593707044 1449010052633967067
1449010052643711515 1449010052683924579
1449010052693710434 1449010052733992554
1449010052743706974 1449010052783951416
1449010052793709060 1449010052833963428
1449010052843706111 1449010052883937941
1449010052893690347 1449010052933897187
1449010052943668085 1449010052983908397
1449010052993701869 1449010053033942359
1449010053043709518 1449010053083963662
1449010053093689126 1449010053133922523
1449010053143707112 1449010053183930663
1449010053193706826 1449010053233942000
1449010053243672646 1449010053283896612
1449010053293706147 1449010053333940038
1449010053343708731 1449010053383935857
1449010053393705725 1449010053433981819
1449010053443704207 1449010053483928336
1449010053493707756 1449010053533946889
1449010053543707594 1449010053583928328
1449010053593706937 1449010053633943090
1449010053643704710 1449010053683929210
1449010053693706552 1449010053733944940
1449010053743705230 1449010053783952308
1449010053793687468 1449010053833918910
1449010053843710007 1449010053883931360
1449010053893705769 1449010053933937141
1449010053943708877 1449010053983945645
1449010053993707699 1449010054033943845
1449010054043706598 1449010054083933106
1449010054093708524 1449010054133963249
1449010054143706781 1449010054183933032
1449010054193701240 1449010054233931383
1449010054243688339 1449010054283913721
1449010054293703762 1449010054333934960
1449010054343706456 1449010054383931975
1449010054393707690 1449010054433948256
1449010054443706572 1449010054483954605
1449010054493717665 1449010054533953437
1449010054543700771 1449010054583923120
1449010054593714063 1449010054633944045
1449010054643686639 1449010054683909796
1449010054693703475 1449010054733921914
1449010054743660335 1449010054783880916
1449010054793706598 1449010054833965028
1449010054843708434 1449010054883928861
1449010054893705351 1449010054933929367
1449010054943704471 1449010054983912827
1449010054993704579 1449010055033942890
1449010055043675498 1449010055083901143
1449010055093705300 1449010055133935676
1449010055143670375 1449010055183925675
1449010055193707076 1449010055233938836
1449010055243706694 1449010055283935754
1449010055293707430 1449010055333947338
1449010055343707151 1449010055383936241
1449010055393706718 1449010055433939824
1449010055443707985 1449010055483933043
1449010055493707191 1449010055533964983
1449010055543703882 1449010055583932835
1449010055593705353 1449010055633938677
1449010055643659701 1449010055683845393
1449010055693705186 1449010055733926365
1449010055743708568 1449010055783934571
1449010055793709274 1449010055833941689
1449010055843709399 1449010055883956604
1449010055893706891 1449010055933941050
1449010055943708834 1449010055983931680
1449010055993707980 1449010056033941504
1449010056043704353 1449010056083933521
1449010056093706650 1449010056133939178
1449010056143688657 1449010056183910130
1449010056193708533 1449010056233982455
1449010056243707031 1449010056283897638
1449010056293643577 1449010056333721629
1449010056343638976 1449010056383807513
1449010056393703584 1449010056433937793
1449010056443705693 1449010056483929916
1449010056493706654 1449010056533942332
1449010056543704981 1449010056583951180
1449010056593688034 1449010056633889709
1449010056643657259 1449010056683876243
1449010056693708039 1449010056733938840
1449010056743708274 1449010056783925791
1449010056793704904 1449010056833936874
1449010056843707151 1449010056883878821
1449010056893676566 1449010056934152489
1449010056943707942 1449010056983935018
1449010056993707288 1449010057033938818
1449010057043707260 1449010057083935121
1449010057093706389 1449010057133935369
1449010057143708194 1449010057183927616
1449010057193707023 1449010057233926365
1449010057243706787 1449010057283928775
1449010057293706601 1449010057333920571
1449010057343702447 1449010057383922460
1449010057393704152 1449010057433889530
1449010057443703836 1449010057483925596
1449010057493704662 1449010057533888634
1449010057543687441 1449010057583873020
1449010057593710782 1449010057633890270
1449010057643709908 1449010057683934161
1449010057693708991 1449010057734041542
1449010057743709490 1449010057783933873
1449010057793708259 1449010057833949216
1449010057843707906 1449010057883946247
1449010057893706938 1449010057933942657
1449010057943709582 1449010057983931560
1449010057993707125 1449010058033946766
1449010058043707564 1449010058083890135
1449010058093709202 1449010058133951552
1449010058143716199 1449010058183943937
1449010058193706816 1449010058233970695
1449010058243703811 1449010058283928314
1449010058293706685 1449010058333922435
1449010058343704498 1449010058383930388
1449010058393704666 1449010058433941387
1449010058443706562 1449010058483920137
1449010058493661361 1449010058533843989
1449010058543707851 1449010058584012543
1449010058593706169 1449010058633905134
1449010058643708188 1449010058683931475
1449010058693707321 1449010058733941532
1449010058743704429 1449010058783923025
1449010058793705720 1449010058833936357
1449010058843705029 1449010058883932092
1449010058893706197 1449010058933962569
1449010058943710257 1449010058983934059
1449010058993711772 1449010059033954340
1449010059043703762 1449010059083880717
1449010059093709717 1449010059133945288
1449010059143708986 1449010059183931619
1449010059193708423 1449010059233946216
1449010059243703206 1449010059283949585
1449010059293705593 1449010059333938973
1449010059343703619 1449010059383929275
1449010059393707216 1449010059433936627
1449010059443671209 1449010059483883848
1449010059493716202 1449010059533954126
1449010059543704534 1449010059583932692
1449010059593706312 1449010059633977438
1449010059643708836 1449010059683938404
1449010059693707097 1449010059733939769
1449010059743710763 1449010059783935584
1449010059793659872 1449010059833897589
1449010059843707201 1449010059883927117
1449010059893705572 1449010059933941695
1449010059943707698 1449010059983956580
1449010059993708525 1449010060033942139
1449010060043708032 1449010060083922178
1449010060093671567 1449010060133902568
1449010060143704212 1449010060183926881
1449010060193711751 1449010060233947620
1449010060243710683 1449010060283934782
1449010060293716066 1449010060333976725
1449010060343669369 1449010060383838757
1449010060393675784 1449010060433912686
1449010060443706970 1449010060483930401
1449010060493710422 1449010060533943866
1449010060543711740 1449010060583936150
1449010060593709563 1449010060633945486
1449010060643710877 1449010060683956502
1449010060693708102 1449010060733935709
1449010060743709413 1449010060783890592
1449010060793708015 1449010060833943089
1449010060843709804 1449010060883931584
1449010060893681327 1449010060933909916
1449010060943708076 1449010060983914782
1449010060993707325 1449010061033971739
1449010061043708536 1449010061083929224
1449010061093702571 1449010061133937381
1449010061143706280 1449010061183899466
1449010061193691107 1449010061233931750
1449010061243707479 1449010061283918064
1449010061293686302 1449010061333884700
1449010061343707786 1449010061383959557
1449010061393707794 1449010061433945798
1449010061443706997 1449010061483895662
1449010061493705057 1449010061533919818
1449010061543708139 1449010061583963802
1449010061593659687 1449010061633888984
1449010061643709371 1449010061683938825
1449010061693707377 1449010061733960756
1449010061743706350 1449010061783932387
1449010061793707033 1449010061833944181
1449010061843706763 1449010061883929987
1449010061893705291 1449010061933938535
1449010061943705500 1449010061983931570
1449010061993708475 1449010062033942800
1449010062043706632 1449010062083950866
1449010062093667999 1449010062133891857
1449010062143709167 1449010062183932528
1449010062193705697 1449010062233927698
1449010062243671658 1449010062283864222
1449010062293708743 1449010062333943386
1449010062343707876 1449010062383851933
1449010062393644235 1449010062433854942
1449010062443706957 1449010062483929733
1449010062493706888 1449010062533942593
1449010062543707607 1449010062583931419
1449010062593707889 1449010062633943835
1449010062643708662 1449010062683935518
1449010062693691201 1449010062733928226
1449010062743704820 1449010062783952342
1449010062793708396 1449010062833930310
1449010062843706884 1449010062883931952
1449010062893706888 1449010062933939263
1449010062943704397 1449010062983929642
1449010062993660636 1449010063033895844
1449010063043702529 1449010063083917658
1449010063093674293 1449010063133916156
1449010063143689225 1449010063183893011
1449010063193656947 1449010063233850800
1449010063243673582 1449010063283896088
1449010063293704714 1449010063333922272
1449010063343704017 1449010063383931100
1449010063393708693 1449010063433943175
1449010063443673765 1449010063483915517
1449010063493700991 1449010063533933536
1449010063543670911 1449010063583884653
1449010063593703783 1449010063633939586
1449010063643694400 1449010063683916919
1449010063693708724 1449010063733941249
1449010063743675831 1449010063783894882
1449010063793711236 1449010063833969482
1449010063843708972 1449010063883927318
1449010063893707182 1449010063933938752
1449010063943706780 1449010063983931463
1449010063993670950 1449010064033895911
1449010064043704831 1449010064083925462
1449010064093689915 1449010064133905913
1449010064143657794 1449010064183902653
1449010064193704230 1449010064233940571
1449010064243707472 1449010064283927596
1449010064293705396 1449010064333937212
1449010064343707626 1449010064383930134
1449010064393707169 1449010064433928843
1449010064443705216 1449010064483928236
1449010064493705057 1449010064533958596
1449010064543706221 1449010064583915714
1449010064593705006 1449010064633903006
1449010064643704710 1449010064683924446
1449010064693707120 1449010064733939983
1449010064743703868 1449010064783924349
1449010064793708132 1449010064833942301
1449010064843687410 1449010064883922357
1449010064893704750 1449010064933918255
1449010064943704307 1449010064983928066
1449010064993705368 1449010065033926029
1449010065043692530 1449010065083897405
1449010065093707001 1449010065133905168
1449010065143693612 1449010065183899516
1449010065193705610 1449010065233975877
1449010065243689265 1449010065283905068
1449010065293707384 1449010065333923214
1449010065343672379 1449010065383891827
1449010065393706752 1449010065433941184
1449010065443671169 1449010065483894099
1449010065493705749 1449010065533941471
1449010065543672779 1449010065583919746
1449010065593705223 1449010065633937832
1449010065643708542 1449010065683933978
1449010065693707378 1449010065733938736
1449010065743705060 1449010065783925408
1449010065793688414 1449010065833917848
1449010065843706850 1449010065883924037
1449010065893673012 1449010065933923975
1449010065943692781 1449010065983897627
1449010065993672126 1449010066033909074
1449010066043711807 1449010066083935936
1449010066093705066 1449010066133940491
1449010066143710483 1449010066183935267
1449010066193705032 1449010066233936538
1449010066243704713 1449010066283955168
1449010066293705817 1449010066333935966
1449010066343688085 1449010066383910824
1449010066393704460 1449010066433845097
1449010066443643579 1449010066483821291
1449010066493698770 1449010066533934371
1449010066543707511 1449010066583913819
1449010066593708110 1449010066633966888
1449010066643706979 1449010066683924189
1449010066693707177 1449010066733939338
1449010066743704402 1449010066783924569
1449010066793704925 1449010066833891526
1449010066843664231 1449010066883788747
1449010066893656461 1449010066933839180
1449010066943654404 1449010066983922443
1449010066993707924 1449010067033941307
1449010067043707845 1449010067083910622
1449010067093699277 1449010067133956668
1449010067143708472 1449010067183955032
1449010067193710739 1449010067233969326
1449010067243707413 1449010067283952279
1449010067293708226 1449010067333963368
1449010067343709650 1449010067383957065
1449010067393675878 1449010067433942597
1449010067443711771 1449010067483958067
1449010067493707356 1449010067533967600
1449010067543706676 1449010067583915827
1449010067593707285 1449010067633964202
1449010067643703695 1449010067683975445
1449010067693705443 1449010067733963870
1449010067743703430 1449010067783932671
1449010067793705964 1449010067833931072
1449010067843691011 1449010067883921699
1449010067893718939 1449010067933974333
1449010067943703222 1449010067983955979
1449010067993710693 1449010068033976791
1449010068043675355 1449010068083912159
1449010068093706049 1449010068133965424
1449010068143707617 1449010068183954000
1449010068193708066 1449010068233969095
1449010068243709197 1449010068283948547
1449010068293706191 1449010068333971550
1449010068343704278 1449010068383957660
1449010068393705833 1449010068433962817
1449010068443707836 1449010068483956544
1449010068493708599 1449010068533968469
1449010068543704467 1449010068583948004
1449010068593705651 1449010068633964085
1449010068643703160 1449010068683945831
1449010068693708741 1449010068733970809
1449010068743705405 1449010068783936997
1449010068793660842 1449010068833889023
1449010068843708965 1449010068883958967
1449010068893706515 1449010068933965449
1449010068943708794 1449010068983953894
1449010068993679874 1449010069033949486
1449010069043708820 1449010069083976769
1449010069093706363 1449010069133980629
1449010069143713417 1449010069183978529
1449010069193705226 1449010069233962925
1449010069243689328 1449010069283938437
1449010069293703665 1449010069333964043
1449010069343708608 1449010069383955542
1449010069393709668 1449010069433976742
1449010069443709473 1449010069483895779
1449010069493665143 1449010069533894404
1449010069543699840 1449010069583943697
1449010069593709553 1449010069633970369
1449010069643706167 1449010069683894789
1449010069693708110 1449010069733963456
1449010069743689191 1449010069783923126
1449010069793658957 1449010069833860873
1449010069843662734 1449010069883803424
1449010069893655930 1449010069933881556
1449010069943698357 1449010069983944717
1449010069993676436 1449010070033929684
1449010070043712071 1449010070083896380
1449010070093664568 1449010070133863811
1449010070143700812 1449010070183950776
1449010070193707862 1449010070233970983
1449010070243708288 1449010070283894057
1449010070293664363 1449010070333895261
1449010070343701626 1449010070383942633
1449010070393712966 1449010070433972275
1449010070443712439 1449010070483891952
1449010070493707052 1449010070533970423
1449010070543707651 1449010070583956503
1449010070593711361 1449010070633970302
1449010070643703481 1449010070683949052
1449010070693708507 1449010070733966951
1449010070743679032 1449010070783930306
1449010070793697355 1449010070833929996
1449010070843715841 1449010070883966467
1449010070893713166 1449010070933977714
1449010070943695037 1449010070983947253
1449010070993712584 1449010071033975785
1449010071043713491 1449010071083903596
1449010071093647079 1449010071133842179
1449010071143653140 1449010071183914450
1449010071193713245 1449010071233978169
1449010071243713269 1449010071283905356
1449010071293647722 1449010071333882435
1449010071343695405 1449010071383922594
1449010071393707784 1449010071433932996
1449010071443710248 1449010071483897330
