1449010132367057005
1449010132417068744
1449010132467060923
1449010132517060480
1449010132567061378
1449010132617062504
1449010132667056596
1449010132717051672
1449010132767073131
1449010132817081526
1449010132867080943
1449010132917084993
1449010132967093570
1449010133017088537
1449010133067104895
1449010133117089666
1449010133167077874
1449010133217087714
1449010133267092379
1449010133317061011
1449010133367098011
1449010133417062384
1449010133467110920
1449010133517120560
1449010133567105965
1449010133617123382
1449010133667120226
1449010133717077026
1449010133767087101
1449010133817119562
1449010133867118214
1449010133917120908
1449010133967121384
1449010134017121716
1449010134067118216
1449010134117122620
1449010134167091428
1449010134217073706
1449010134267121432
1449010134317122111
1449010134367100677
1449010134417087118
1449010134467074864
1449010134517117272
1449010134567115637
1449010134617121722
1449010134667120844
1449010134717084744
1449010134767080656
1449010134817086096
1449010134867092014
1449010134917096900
1449010134967128092
1449010135017094574
1449010135067125596
1449010135117090210
1449010135167128542
1449010135217108932
1449010135267128177
1449010135317086303
1449010135367126342
1449010135417065743
1449010135467121608
1449010135517124870
1449010135567121834
1449010135617093451
1449010135667104220
1449010135717093624
1449010135767127643
1449010135817123374
1449010135867122253
1449010135917126835
1449010135967123448
1449010136017124218
1449010136067125265
1449010136117125611
1449010136167120928
1449010136217089408
1449010136267121031
1449010136317124721
1449010136367120887
1449010136417124222
1449010136467119600
1449010136517122107
1449010136567121821
1449010136617108161
1449010136667087659
1449010136717089451
1449010136767117115
1449010136817124660
1449010136867121174
1449010136917108373
1449010136967073343
1449010137017125999
1449010137067116716
1449010137117124501
1449010137167119368
1449010137217089278
1449010137267122123
1449010137317121924
1449010137367062507
1449010137417115249
1449010137467122025
1449010137517116825
1449010137567119161
1449010137617106621
1449010137667119348
1449010137717091740
1449010137767119200
1449010137817083621
1449010137867101733
1449010137917060157
1449010137967060476
1449010138017054796
1449010138067068037
1449010138117089622
1449010138167119966
1449010138217062909
1449010138267117109
1449010138317107528
1449010138367120469
1449010138417131926
1449010138467066139
1449010138517090786
1449010138567061025
1449010138617067121
1449010138667060595
1449010138717056264
1449010138767091380
1449010138817062332
1449010138867091607
1449010138917084913
1449010138967083755
1449010139017066591
1449010139067093792
1449010139117105843
1449010139167115793
1449010139217088466
1449010139267086760
1449010139317095802
1449010139367095913
1449010139417123344
1449010139467101492
1449010139517110581
1449010139567067424
1449010139617114709
1449010139667117811
1449010139717060098
1449010139767061217
1449010139817060954
1449010139867068331
1449010139917068685
1449010139967067216
1449010140017117891
1449010140067118964
1449010140117109775
1449010140167089330
1449010140217090093
1449010140267091842
1449010140317121988
1449010140367105889
1449010140417078550
1449010140467072911
1449010140517100034
1449010140567105638
1449010140617107557
1449010140667059043
1449010140717078804
1449010140767102369
1449010140817098929
1449010140867074866
1449010140917122281
1449010140967097988
1449010141017079577
1449010141067086710
1449010141117064527
1449010141167116141
1449010141217073248
1449010141267115175
1449010141317087226
1449010141367092446
1449010141417088548
1449010141467087805
1449010141517069478
1449010141567098742
1449010141617091076
1449010141667093636
1449010141717091439
1449010141767067436
1449010141817055233
1449010141867063168
1449010141917052638
1449010141967062942
1449010142017063246
1449010142067062264
1449010142117062876
1449010142167061731
1449010142217048317
1449010142267076861
1449010142317084294
1449010142367107393
1449010142417095949
1449010142467083135
1449010142517054937
1449010142567039745
1449010142617066701
1449010142667079514
1449010142717078651
1449010142767105757
1449010142817116342
1449010142867118839
1449010142917084997
1449010142967066707
1449010143017075839
1449010143067113482
1449010143117100898
1449010143167105926
1449010143217092448
1449010143267117173
1449010143317132342
1449010143367116764
1449010143417088258
1449010143467093204
1449010143517109428
1449010143567062631
1449010143617110948
1449010143667074941
1449010143717071468
1449010143767071923
1449010143817093647
1449010143867121893
1449010143917088882
1449010143967100440
1449010144017117744
1449010144067073448
1449010144117075524
1449010144167119906
1449010144217091085
1449010144267127082
1449010144317109433
1449010144367094357
1449010144417078195
1449010144467083745
1449010144517107193
1449010144567066270
1449010144617052787
1449010144667113037
1449010144717082536
1449010144767103719
1449010144817096120
1449010144867062924
1449010144917054536
1449010144967046638
1449010145017052488
1449010145067053788
1449010145117047295
1449010145167053969
1449010145217062648
1449010145267062046
1449010145317057683
1449010145367107650
1449010145417071720
1449010145467065459
1449010145517066148
1449010145567061287
1449010145617119744
1449010145667063775
1449010145717080558
1449010145767062206
1449010145817115343
1449010145867092409
1449010145917084777
1449010145967117656
1449010146017060632
1449010146067085900
1449010146117058209
1449010146167053550
1449010146217092946
1449010146267068180
1449010146317061443
1449010146367055141
1449010146417060248
1449010146467079510
1449010146517072114
1449010146567051488
1449010146617111546
1449010146667111096
1449010146717107209
1449010146767098380
1449010146817078450
1449010146867113788
1449010146917095240
1449010146967112264
1449010147017118218
1449010147067060653
1449010147117061019
1449010147167062759
1449010147217059541
1449010147267050812
1449010147317059539
1449010147367053960
1449010147417060041
1449010147467058964
1449010147517049921
1449010147567061109
1449010147617061884
1449010147667058556
1449010147717052762
1449010147767066012
1449010147817054410
1449010147867062003
1449010147917117698
1449010147967118708
1449010148017100321
1449010148067113419
1449010148117116009
1449010148167097759
1449010148217082289
1449010148267120310
1449010148317104676
1449010148367118475
1449010148417082568
1449010148467104449
1449010148517118192
1449010148567103309
1449010148617090953
1449010148667079371
1449010148717075467
1449010148767120584
1449010148817122022
1449010148867119524
1449010148917118861
1449010148967119995
1449010149017122385
1449010149067117221
1449010149117121395
1449010149167120077
1449010149217089074
1449010149267086958
1449010149317119583
1449010149367122608
1449010149417123484
1449010149467123472
1449010149517121820
1449010149567121160
1449010149617125531
1449010149667118640
1449010149717105325
1449010149767123267
1449010149817124240
1449010149867120800
1449010149917095060
1449010149967086353
1449010150017063384
1449010150067063270
1449010150117062846
1449010150167064604
1449010150217063306
1449010150267054436
1449010150317085669
1449010150367119518
1449010150417085178
1449010150467073543
1449010150517061296
1449010150567059971
1449010150617120941
1449010150667119429
1449010150717091026
1449010150767075278
1449010150817108060
1449010150867078862
1449010150917079040
1449010150967080057
1449010151017074296
1449010151067083652
1449010151117080068
1449010151167094038
1449010151217080629
1449010151267134205
1449010151317131183
1449010151367123056
1449010151417109627
1449010151467106330
1449010151517058159
1449010151567099163
1449010151617122695
1449010151667062385
1449010151717057252
1449010151767061015
1449010151817059739
1449010151867089339
1449010151917079755
1449010151967053920
1449010152017050404
1449010152067052266
1449010152117079968
1449010152167070198
1449010152217062273
1449010152267053179
1449010152317065685
1449010152367054191
1449010152417048792
1449010152467049472
1449010152517050682
1449010152567062011
1449010152617054404
1449010152667081066
1449010152717069494
1449010152767113455
1449010152817118841
1449010152867113972
1449010152917093924
1449010152967055986
1449010153017073200
1449010153067089301
1449010153117084505
1449010153167112770
1449010153217062399
1449010153267067093
1449010153317090855
1449010153367061912
1449010153417110175
1449010153467109494
1449010153517078950
1449010153567114131
1449010153617067841
1449010153667079041
1449010153717076606
1449010153767076628
1449010153817120819
1449010153867108466
1449010153917120825
1449010153967089342
1449010154017105670
1449010154067089645
1449010154117055954
1449010154167105691
1449010154217091303
1449010154267085398
1449010154317060873
1449010154367061297
1449010154417079758
1449010154467063148
1449010154517059369
1449010154567053857
1449010154617060481
1449010154667114451
1449010154717072699
1449010154767064973
1449010154817116025
1449010154867107491
1449010154917067840
1449010154967059518
1449010155017053562
1449010155067061028
1449010155117083633
1449010155167083087
1449010155217059419
1449010155267049931
1449010155317114473
1449010155367071944
1449010155417107407
1449010155467081979
1449010155517073755
1449010155567077722
1449010155617056003
1449010155667097887
1449010155717065722
1449010155767053859
1449010155817060924
1449010155867062489
1449010155917062148
1449010155967062971
1449010156017068471
1449010156067060683
1449010156117051744
1449010156167096113
1449010156217092890
1449010156267097963
1449010156317086421
1449010156367123380
1449010156417124467
1449010156467083953
1449010156517057561
1449010156567059347
1449010156617111029
1449010156667098515
1449010156717102098
1449010156767120213
1449010156817120469
1449010156867062144
1449010156917061735
1449010156967083734
1449010157017062676
1449010157067071027
1449010157117116742
1449010157167117712
1449010157217106745
1449010157267105356
1449010157317081908
1449010157367061478
1449010157417059573
1449010157467090772
1449010157517065777
1449010157567074478
1449010157617098129
1449010157667090821
1449010157717057632
1449010157767102149
1449010157817120085
1449010157867116030
1449010157917088683
1449010157967118107
1449010158017121730
1449010158067118277
1449010158117116267
1449010158167065073
1449010158217076937
1449010158267078178
1449010158317059057
1449010158367061464
1449010158417062034
1449010158467061990
1449010158517049008
1449010158567052514
1449010158617057568
1449010158667053218
1449010158717060129
1449010158767061374
1449010158817124140
1449010158867098721
1449010158917097536
1449010158967119795
1449010159017066579
1449010159067054763
1449010159117057433
1449010159167110085
1449010159217068168
1449010159267110949
1449010159317113510
1449010159367066786
1449010159417109604
1449010159467073809
1449010159517064729
1449010159567107960
1449010159617076066
1449010159667061968
1449010159717069056
1449010159767079684
1449010159817089315
1449010159867109712
1449010159917119225
1449010159967115588
1449010160017119395
1449010160067088443
1449010160117120584
1449010160167123545
1449010160217059364
1449010160267072121
1449010160317074692
1449010160367086641
1449010160417121848
1449010160467120580
1449010160517077594
1449010160567072063
1449010160617070146
1449010160667054996
1449010160717056979
1449010160767077059
1449010160817072705
1449010160867054196
1449010160917082917
1449010160967047802
1449010161017085495
1449010161067112377
1449010161117060608
1449010161167099247
1449010161217082009
1449010161267065054
1449010161317053427
1449010161367050695
1449010161417114214
1449010161467062521
1449010161517054978
1449010161567057506
1449010161617055531
1449010161667061951
1449010161717067508
1449010161767066397
1449010161817059230
1449010161867108934
1449010161917055329
1449010161967047748
1449010162017081015
1449010162067108158
1449010162117089617
1449010162167110215
