1449009769549088603
1449009769599146749
1449009769649146770
1449009769699127244
1449009769749147097
1449009769799142107
1449009769849147464
1449009769899128369
1449009769949146227
1449009769999145200
1449009770049146267
1449009770099148186
1449009770149113615
1449009770199146962
1449009770249145985
1449009770299147433
1449009770349146281
1449009770399126084
1449009770449110383
1449009770499112753
1449009770549115363
1449009770599140799
1449009770649116742
1449009770699080866
1449009770749112930
1449009770799119239
1449009770849133182
1449009770899124984
1449009770949117054
1449009770999122922
1449009771049119914
1449009771099118869
1449009771149123471
1449009771199135987
1449009771249132624
1449009771299146177
1449009771349110674
1449009771399087631
1449009771449087143
1449009771499089157
1449009771549139064
1449009771599121702
1449009771649146249
1449009771699120980
1449009771749144475
1449009771799110569
1449009771849112191
1449009771899141425
1449009771949145623
1449009771999098517
1449009772049129850
1449009772099142570
1449009772149128703
1449009772199144677
1449009772249144622
1449009772299141726
1449009772349083974
1449009772399137029
1449009772449140628
1449009772499138862
1449009772549141646
1449009772599119307
1449009772649134112
1449009772699134972
1449009772749139036
1449009772799118691
1449009772849106939
1449009772899129405
1449009772949121374
1449009772999096376
1449009773049111521
1449009773099150411
1449009773149145488
1449009773199145977
1449009773249110568
1449009773299145121
1449009773349111633
1449009773399148662
1449009773449146274
1449009773499145163
1449009773549147002
1449009773599147077
1449009773649146560
1449009773699146485
1449009773749144735
1449009773799142074
1449009773849144033
1449009773899134493
1449009773949093612
1449009773999145250
1449009774049145582
1449009774099138527
1449009774149144526
1449009774199150273
1449009774249143847
1449009774299128834
1449009774349118185
1449009774399119328
1449009774449118906
1449009774499094244
1449009774549126896
1449009774599125802
1449009774649118877
1449009774699142706
1449009774749107250
1449009774799126278
1449009774849144795
1449009774899107572
1449009774949095907
1449009774999105299
1449009775049148729
1449009775099125662
1449009775149147900
1449009775199119554
1449009775249128325
1449009775299146046
1449009775349127726
1449009775399125168
1449009775449135814
1449009775499110137
1449009775549133004
1449009775599148146
1449009775649118149
1449009775699109902
1449009775749144358
1449009775799118233
1449009775849128688
1449009775899138689
1449009775949097220
1449009775999142233
1449009776049144901
1449009776099144561
1449009776149112112
1449009776199093338
1449009776249145404
1449009776299144563
1449009776349121028
1449009776399082938
1449009776449103808
1449009776499142233
1449009776549143795
1449009776599081688
1449009776649123271
1449009776699143117
1449009776749082593
1449009776799136612
1449009776849144975
1449009776899141405
1449009776949146391
1449009776999081582
1449009777049102087
1449009777099141123
1449009777149144355
1449009777199141300
1449009777249104441
1449009777299144526
1449009777349145032
1449009777399107384
1449009777449079690
1449009777499114163
1449009777549144246
1449009777599126744
1449009777649125767
1449009777699117102
1449009777749142895
1449009777799126449
1449009777849113437
1449009777899116806
1449009777949123797
1449009777999100145
1449009778049113028
1449009778099142590
1449009778149118266
1449009778199117964
1449009778249142454
1449009778299124104
1449009778349117530
1449009778399086329
1449009778449124716
1449009778499130340
1449009778549118384
1449009778599122772
1449009778649144830
1449009778699143061
1449009778749144522
1449009778799135012
1449009778849144000
1449009778899118346
1449009778949139011
1449009778999115536
1449009779049121471
1449009779099226353
1449009779149153292
1449009779199150434
1449009779249109730
1449009779299129760
1449009779349123216
1449009779399094853
1449009779449139192
1449009779499129591
1449009779549124217
1449009779599147455
1449009779649153480
1449009779699146191
1449009779749097743
1449009779799139388
1449009779849151567
1449009779899140407
1449009779949146251
1449009779999140192
1449009780049108104
1449009780099111242
1449009780149149210
1449009780199090896
1449009780249094575
1449009780299146521
1449009780349132608
1449009780399111621
1449009780449078482
1449009780499116572
1449009780549149885
1449009780599142941
1449009780649139558
1449009780699113433
1449009780749128272
1449009780799081089
1449009780849149790
1449009780899120478
1449009780949120423
1449009780999126568
1449009781049128717
1449009781099142056
1449009781149151345
1449009781199146335
1449009781249148331
1449009781299143180
1449009781349131926
1449009781399146534
1449009781449150731
1449009781499151983
1449009781549140404
1449009781599141404
1449009781649118494
1449009781699137662
1449009781749117193
1449009781799118314
1449009781849119538
1449009781899102551
1449009781949110032
1449009781999108153
1449009782049135473
1449009782099098099
1449009782149122189
1449009782199132677
1449009782249133611
1449009782299146909
1449009782349148734
1449009782399148552
1449009782449149839
1449009782499120795
1449009782549124130
1449009782599131415
1449009782649151164
1449009782699143806
1449009782749128880
1449009782799146992
1449009782849148734
1449009782899147710
1449009782949147825
1449009782999146770
1449009783049149137
1449009783099101754
1449009783149150740
1449009783199143241
1449009783249148377
1449009783299148305
1449009783349146803
1449009783399146658
1449009783449149900
1449009783499086825
1449009783549077712
1449009783599139072
1449009783649148201
1449009783699086031
1449009783749136133
1449009783799147620
1449009783849086410
1449009783899075697
1449009783949137986
1449009783999144512
1449009784049146712
1449009784099103198
1449009784149125293
1449009784199141511
1449009784249147609
1449009784299099722
1449009784349143235
1449009784399138549
1449009784449104834
1449009784499093440
1449009784549138142
1449009784599106265
1449009784649140046
1449009784699141564
1449009784749145210
1449009784799145937
1449009784849106332
1449009784899098769
1449009784949138143
1449009784999145284
1449009785049095021
1449009785099100214
1449009785149132927
1449009785199136155
1449009785249129792
1449009785299148696
1449009785349145313
1449009785399146768
1449009785449099225
1449009785499091972
1449009785549140210
1449009785599145079
1449009785649146063
1449009785699126754
1449009785749107695
1449009785799149438
1449009785849145664
1449009785899145067
1449009785949110561
1449009785999143229
1449009786049143632
1449009786099125258
1449009786149091616
1449009786199109949
1449009786249126982
1449009786299146675
1449009786349144191
1449009786399146758
1449009786449109665
1449009786499145307
1449009786549135978
1449009786599147796
1449009786649146547
1449009786699102081
1449009786749144155
1449009786799145994
1449009786849146600
1449009786899102364
1449009786949144477
1449009786999142845
1449009787049141433
1449009787099101611
1449009787149145505
1449009787199142129
1449009787249146711
1449009787299103594
1449009787349143028
1449009787399148709
1449009787449145807
1449009787499095244
1449009787549145195
1449009787599139447
1449009787649145348
1449009787699103581
1449009787749126334
1449009787799147126
1449009787849149376
1449009787899104305
1449009787949144314
1449009787999144840
1449009788049147163
1449009788099102804
1449009788149116249
1449009788199143325
1449009788249147269
1449009788299101058
1449009788349129524
1449009788399147316
1449009788449146442
1449009788499145872
1449009788549147373
1449009788599141702
1449009788649146948
1449009788699144140
1449009788749148234
1449009788799147106
1449009788849147629
1449009788899099788
1449009788949097164
1449009788999139868
1449009789049146348
1449009789099101417
1449009789149141670
1449009789199110554
1449009789249147275
1449009789299147130
1449009789349146951
1449009789399142482
1449009789449131552
1449009789499147773
1449009789549148997
1449009789599147121
1449009789649145529
1449009789699101590
1449009789749140196
1449009789799142850
1449009789849113471
1449009789899101088
1449009789949139136
1449009789999148134
1449009790049146154
1449009790099101514
1449009790149110636
1449009790199130032
1449009790249140994
1449009790299150537
1449009790349147288
1449009790399147022
1449009790449146539
1449009790499148405
1449009790549141704
1449009790599146937
1449009790649147356
1449009790699147959
1449009790749146771
1449009790799146308
1449009790849141695
1449009790899100694
1449009790949088598
1449009790999146033
1449009791049146465
1449009791099102981
1449009791149144486
1449009791199126884
1449009791249111638
1449009791299102843
1449009791349143416
1449009791399147293
1449009791449146195
1449009791499145077
1449009791549146478
1449009791599145140
1449009791649148556
1449009791699103314
1449009791749144041
1449009791799148991
1449009791849147656
1449009791899147243
1449009791949146115
1449009791999146774
1449009792049145382
1449009792099098885
1449009792149142064
1449009792199138474
1449009792249095822
1449009792299101176
1449009792349141091
1449009792399148549
1449009792449140840
1449009792499109770
1449009792549146482
1449009792599127152
1449009792649145896
1449009792699143405
1449009792749145461
1449009792799147434
1449009792849146162
1449009792899099194
1449009792949141314
1449009792999141355
1449009793049143749
1449009793099102086
1449009793149142188
1449009793199149556
1449009793249134066
1449009793299112571
1449009793349147836
1449009793399150941
1449009793449156385
1449009793499099911
1449009793549141955
1449009793599149076
1449009793649148549
1449009793699102813
1449009793749142067
1449009793799149342
1449009793849147652
1449009793899102278
1449009793949145814
1449009793999145197
1449009794049148015
1449009794099100679
1449009794149145058
1449009794199144187
1449009794249144623
1449009794299099462
1449009794349139467
1449009794399150240
1449009794449147264
1449009794499102738
1449009794549143939
1449009794599148675
1449009794649147393
1449009794699101554
1449009794749141222
1449009794799149124
1449009794849103629
1449009794899101365
1449009794949142129
1449009794999083480
1449009795049112568
1449009795099146313
1449009795149147126
1449009795199142059
1449009795249100356
1449009795299127953
1449009795349095878
1449009795399148188
1449009795449128943
1449009795499145752
1449009795549147751
1449009795599148565
1449009795649148135
1449009795699148804
1449009795749147169
1449009795799148286
1449009795849150372
1449009795899147179
1449009795949147983
1449009795999145852
1449009796049103334
1449009796099139126
1449009796149148108
1449009796199144966
1449009796249149173
1449009796299084163
1449009796349118927
1449009796399146518
1449009796449100976
1449009796499090965
1449009796549147437
1449009796599146974
1449009796649149595
1449009796699145093
1449009796749147546
1449009796799145219
1449009796849147492
1449009796899148680
1449009796949147498
1449009796999129542
1449009797049102796
1449009797099130801
1449009797149148412
1449009797199099733
1449009797249132385
1449009797299085574
1449009797349151321
1449009797399143304
1449009797449148811
1449009797499142077
1449009797549146636
1449009797599147272
1449009797649146632
1449009797699146406
1449009797749146167
1449009797799148443
1449009797849143827
1449009797899145025
1449009797949146255
1449009797999142592
1449009798049146382
1449009798099144612
1449009798149145940
1449009798199129912
1449009798249148769
1449009798299147267
1449009798349147519
1449009798399147978
1449009798449147131
1449009798499147356
1449009798549149288
1449009798599146928
1449009798649146986
1449009798699147218
1449009798749145622
1449009798799146729
1449009798849145581
1449009798899146976
1449009798949144829
1449009798999126823
1449009799049081294
1449009799099140393
1449009799149109310
1449009799199147585
1449009799249108772
1449009799299146860
1449009799349096280
1449009799399144333
1449009799449146025
