1449009860242554161
1449009860292569955
1449009860342559041
1449009860392536094
1449009860442555727
1449009860492540250
1449009860542557360
1449009860592507849
1449009860642556497
1449009860692505997
1449009860742556283
1449009860792538888
1449009860842555430
1449009860892535924
1449009860942555576
1449009860992524337
1449009861042551977
1449009861092540162
1449009861142530004
1449009861192536914
1449009861242557512
1449009861292507069
1449009861342539103
1449009861392535583
1449009861442558049
1449009861492535135
1449009861542567105
1449009861592548524
1449009861642558909
1449009861692535244
1449009861742563198
1449009861792535894
1449009861842561220
1449009861892491324
1449009861942548881
1449009861992536588
1449009862042540715
1449009862092523862
1449009862142561442
1449009862192548915
1449009862242561651
1449009862292535811
1449009862342558123
1449009862392507720
1449009862442556782
1449009862492505427
1449009862542560935
1449009862592554899
1449009862642555695
1449009862692554958
1449009862742536190
1449009862792540291
1449009862842532575
1449009862892534875
1449009862942550953
1449009862992505604
1449009863042556905
1449009863092552029
1449009863142555782
1449009863192553679
1449009863242557262
1449009863292534742
1449009863342557348
1449009863392536098
1449009863442555894
1449009863492535970
1449009863542555536
1449009863592508123
1449009863642558695
1449009863692551728
1449009863742553717
1449009863792552034
1449009863842530116
1449009863892538376
1449009863942535772
1449009863992536204
1449009864042557079
1449009864092511891
1449009864142553748
1449009864192505379
1449009864242551622
1449009864292551460
1449009864342555935
1449009864392553407
1449009864442558563
1449009864492537487
1449009864542558690
1449009864592538756
1449009864642556207
1449009864692508393
1449009864742554652
1449009864792546983
1449009864842548100
1449009864892522430
1449009864942557441
1449009864992520852
1449009865042557246
1449009865092519829
1449009865142557306
1449009865192514824
1449009865242555945
1449009865292508382
1449009865342559382
1449009865392552872
1449009865442558226
1449009865492552264
1449009865542556872
1449009865592552864
1449009865642557964
1449009865692541030
1449009865742553834
1449009865792537679
1449009865842554248
1449009865892505391
1449009865942553772
1449009865992551636
1449009866042556855
1449009866092551685
1449009866142557854
1449009866192537713
1449009866242557883
1449009866292537502
1449009866342556827
1449009866392507216
1449009866442555844
1449009866492550346
1449009866542555025
1449009866592551024
1449009866642556851
1449009866692542604
1449009866742537073
1449009866792537178
1449009866842554679
1449009866892535587
1449009866942541595
1449009866992507903
1449009867042560039
1449009867092550676
1449009867142538152
1449009867192554110
1449009867242525289
1449009867292548824
1449009867342542648
1449009867392542893
1449009867442555797
1449009867492507459
1449009867542556164
1449009867592504067
1449009867642520496
1449009867692519979
1449009867742555571
1449009867792551273
1449009867842556389
1449009867892517432
1449009867942529050
1449009867992525827
1449009868042558299
1449009868092508684
1449009868142553304
1449009868192535030
1449009868242552030
1449009868292551904
1449009868342553546
1449009868392551914
1449009868442556716
1449009868492552785
1449009868542552977
1449009868592536117
1449009868642554483
1449009868692508163
1449009868742557442
1449009868792552940
1449009868842558527
1449009868892550818
1449009868942556302
1449009868992541620
1449009869042556699
1449009869092535448
1449009869142556264
1449009869192507768
1449009869242552835
1449009869292504574
1449009869342554712
1449009869392553130
1449009869442552921
1449009869492521277
1449009869542519347
1449009869592540440
1449009869642554533
1449009869692547245
1449009869742556911
1449009869792508580
1449009869842556606
1449009869892506377
1449009869942555918
1449009869992537049
1449009870042555042
1449009870092551194
1449009870142559150
1449009870192541993
1449009870242558618
1449009870292508109
1449009870342495388
1449009870392502552
1449009870442555156
1449009870492521731
1449009870542559381
1449009870592551735
1449009870642556815
1449009870692553098
1449009870742556504
1449009870792534776
1449009870842553112
1449009870892512889
1449009870942555463
1449009870992507492
1449009871042552145
1449009871092551852
1449009871142555175
1449009871192551655
1449009871242557359
1449009871292535070
1449009871342553459
1449009871392533940
1449009871442519538
1449009871492535149
1449009871542536723
1449009871592524504
1449009871642519116
1449009871692510712
1449009871742504780
1449009871792541040
1449009871842556700
1449009871892551055
1449009871942551190
1449009871992537213
1449009872042517961
1449009872092505497
1449009872142503501
1449009872192502537
1449009872242556995
1449009872292535036
1449009872342555501
1449009872392535280
1449009872442519686
1449009872492550356
1449009872542555159
1449009872592535262
1449009872642554082
1449009872692535171
1449009872742554235
1449009872792516324
1449009872842556787
1449009872892525564
1449009872942555838
1449009872992537454
1449009873042552907
1449009873092532154
1449009873142552956
1449009873192534756
1449009873242556991
1449009873292539931
1449009873342538950
1449009873392516861
1449009873442556416
1449009873492551392
1449009873542555132
1449009873592539545
1449009873642549716
1449009873692520127
1449009873742554422
1449009873792518893
1449009873842557034
1449009873892523536
1449009873942558965
1449009873992508381
1449009874042558366
1449009874092496363
1449009874142550033
1449009874192522729
1449009874242556183
1449009874292535822
1449009874342521704
1449009874392545907
1449009874442557548
1449009874492541400
1449009874542556659
1449009874592507185
1449009874642553728
1449009874692553736
1449009874742551857
1449009874792552479
1449009874842556704
1449009874892551894
1449009874942556426
1449009874992535924
1449009875042556412
1449009875092536254
1449009875142553992
1449009875192509536
1449009875242537835
1449009875292546840
1449009875342556764
1449009875392551400
1449009875442557648
1449009875492553801
1449009875542557541
1449009875592536745
1449009875642540752
1449009875692536738
1449009875742539829
1449009875792509913
1449009875842544229
1449009875892550120
1449009875942543095
1449009875992516239
1449009876042531238
1449009876092543945
1449009876142527011
1449009876192540005
1449009876242521027
1449009876292509816
1449009876342560783
1449009876392509475
1449009876442559800
1449009876492522387
1449009876542561887
1449009876592553824
1449009876642557520
1449009876692522145
1449009876742524110
1449009876792541180
1449009876842560425
1449009876892514022
1449009876942560415
1449009876992523743
1449009877042557655
1449009877092554679
1449009877142552549
1449009877192522980
1449009877242525991
1449009877292549683
1449009877342543116
1449009877392510634
1449009877442496214
1449009877492504570
1449009877542556458
1449009877592524658
1449009877642518081
1449009877692533240
1449009877742500109
1449009877792514908
1449009877842528680
1449009877892531399
1449009877942543012
1449009877992526493
1449009878042521336
1449009878092546848
1449009878142554380
1449009878192522843
1449009878242544497
1449009878292509235
1449009878342538710
1449009878392564426
1449009878442559439
1449009878492551018
1449009878542556619
1449009878592521160
1449009878642556027
1449009878692524630
1449009878742539258
1449009878792522358
1449009878842560790
1449009878892500013
1449009878942536526
1449009878992531905
1449009879042529040
1449009879092550573
1449009879142526151
1449009879192522359
1449009879242545222
1449009879292522017
1449009879342527606
1449009879392522544
1449009879442524129
1449009879492534681
1449009879542535944
1449009879592533401
1449009879642525767
1449009879692551546
1449009879742527458
1449009879792528164
1449009879842540739
1449009879892535794
1449009879942549993
1449009879992522423
1449009880042517831
1449009880092542435
1449009880142524282
1449009880192552228
1449009880242545315
1449009880292519301
1449009880342551064
1449009880392537084
1449009880442559055
1449009880492539055
1449009880542558894
1449009880592519232
1449009880642537856
1449009880692555781
1449009880742556260
1449009880792553676
1449009880842556303
1449009880892550651
1449009880942555210
1449009880992535286
1449009881042553158
1449009881092518668
1449009881142551544
1449009881192518400
1449009881242511726
1449009881292533944
1449009881342540096
1449009881392551062
1449009881442507846
1449009881492534668
1449009881542529130
1449009881592550276
1449009881642557009
1449009881692535382
1449009881742555716
1449009881792519308
1449009881842520475
1449009881892552676
1449009881942521574
1449009881992551336
1449009882042553061
1449009882092537875
1449009882142553251
1449009882192519405
1449009882242535978
1449009882292538110
1449009882342556009
1449009882392516347
1449009882442514798
1449009882492537448
1449009882542520724
1449009882592537704
1449009882642544618
1449009882692517965
1449009882742536579
1449009882792537175
1449009882842539482
1449009882892523199
1449009882942521711
1449009882992521071
1449009883042552503
1449009883092535743
1449009883142546412
1449009883192528142
1449009883242520957
1449009883292508868
1449009883342534076
1449009883392554390
1449009883442543667
1449009883492542800
1449009883542529685
1449009883592519346
1449009883642548931
1449009883692534573
1449009883742537421
1449009883792535545
1449009883842537454
1449009883892544681
1449009883942538325
1449009883992525380
1449009884042534365
1449009884092524501
1449009884142494047
1449009884192517043
1449009884242523306
1449009884292522569
1449009884342551987
1449009884392526788
1449009884442522105
1449009884492554319
1449009884542555731
1449009884592519266
1449009884642552142
1449009884692519215
1449009884742514646
1449009884792536313
1449009884842490650
1449009884892531398
1449009884942553787
1449009884992549552
1449009885042556960
1449009885092550804
1449009885142551707
1449009885192534316
1449009885242555692
1449009885292537516
1449009885342518598
1449009885392517771
1449009885442521246
1449009885492523961
1449009885542522438
1449009885592522861
1449009885642555169
1449009885692555414
1449009885742554440
1449009885792530260
1449009885842553083
1449009885892522906
1449009885942540567
1449009885992521689
1449009886042546860
1449009886092526699
1449009886142527886
1449009886192504148
1449009886242551887
1449009886292506339
1449009886342524956
1449009886392523574
1449009886442538659
1449009886492520489
1449009886542545080
1449009886592541820
1449009886642554831
1449009886692537637
1449009886742512254
1449009886792511502
1449009886842509681
1449009886892536172
1449009886942556780
1449009886992505368
1449009887042513468
1449009887092525463
1449009887142553067
1449009887192553563
1449009887242554841
1449009887292554565
1449009887342545606
1449009887392522715
1449009887442555928
1449009887492522003
1449009887542554381
1449009887592492341
1449009887642493707
1449009887692495338
1449009887742483977
1449009887792486536
1449009887842520094
1449009887892487133
1449009887942499881
1449009887992516316
1449009888042478964
1449009888092507242
1449009888142506088
1449009888192537473
1449009888242521960
1449009888292537713
1449009888342521438
1449009888392493094
1449009888442508013
1449009888492516888
1449009888542507815
1449009888592519386
1449009888642503398
1449009888692523792
1449009888742507827
1449009888792552580
1449009888842516901
1449009888892545006
1449009888942552948
1449009888992521619
1449009889042518556
1449009889092490514
1449009889142517457
1449009889192508354
1449009889242525932
1449009889292539992
1449009889342556557
1449009889392555867
1449009889442526331
1449009889492518151
1449009889542556753
1449009889592496743
1449009889642481129
1449009889692535309
1449009889742516511
1449009889792516806
1449009889842489794
1449009889892484185
1449009889942519573
1449009889992506107
1449009890042503793
1449009890092523071
1449009890142517532
