1449015191118880129 1449015191749243162
1449015191168881039 1449015191749338869
1449015191218900939 1449015191749359583
1449015191268884988 1449015191749375185
1449015191318898607 1449015191749395628
1449015191368884022 1449015191749422419
1449015191418854883 1449015191749439441
1449015191468867129 1449015191749454889
1449015191518893400 1449015192069337669
1449015191568886776 1449015192069383055
1449015191618877928 1449015192069408726
1449015191668883675 1449015192069434849
1449015191718885812 1449015192069452328
1449015191768886588 1449015192069466811
1449015191818872842 1449015192069483716
1449015191868861443 1449015192069513524
1449015191918899311 1449015192119393329
1449015191968896523 1449015192129151963
1449015192018884714 1449015193229674079
1449015192068887070 1449015193229737259
1449015192118902944 1449015193229766538
1449015192168883305 1449015193229785361
1449015192218898387 1449015193229800592
1449015192268869533 1449015193229817838
1449015192318885804 1449015193229844966
1449015192368850519 1449015193229864601
1449015192418900958 1449015193229880273
1449015192468871519 1449015193229895514
1449015192518902431 1449015193229919345
1449015192568887799 1449015193229942982
1449015192618903897 1449015193229958109
1449015192668904115 1449015193229972823
1449015192718906355 1449015193229990379
1449015192768891309 1449015193230020146
1449015192818900204 1449015193796425447
1449015192868870945 1449015193796484327
1449015192918903968 1449015193796502943
1449015192968871523 1449015193796519894
1449015193018900356 1449015193796538276
1449015193068867961 1449015193796554463
1449015193118899878 1449015193796569938
1449015193168880525 1449015193796585687
1449015193218893105 1449015194219376076
1449015193268882823 1449015194219420046
1449015193318906505 1449015194219438835
1449015193368906593 1449015194219455971
1449015193418903374 1449015194219473090
1449015193468904404 1449015194219492958
1449015193518904395 1449015194219510227
1449015193568885310 1449015194219525863
1449015193618903122 1449015194219541311
1449015193668891550 1449015194219556669
1449015193718904387 1449015194219574483
1449015193768866954 1449015194219590883
1449015193818900264 1449015194219607304
1449015193868903890 1449015194219623203
1449015193918901640 1449015194219639934
1449015193968871279 1449015194219657434
1449015194018903243 1449015194219674710
1449015194068867069 1449015194539548365
1449015194118913078 1449015194539604513
1449015194168905418 1449015194539622968
1449015194218894248 1449015194539639355
1449015194268872804 1449015194539658057
1449015194318906120 1449015194539674986
1449015194368870738 1449015194539720499
1449015194418869794 1449015194579170677
1449015194468902860 1449015194629117237
1449015194518902735 1449015194679139776
1449015194568870510 1449015195299309872
1449015194618904628 1449015195299366296
1449015194668887414 1449015195299385924
1449015194718903963 1449015195299403344
1449015194768886127 1449015195539576282
1449015194818900200 1449015195539632737
1449015194868885812 1449015195539651536
1449015194918898011 1449015195539669072
1449015194968904217 1449015195539687046
1449015195018901312 1449015195539704185
1449015195068870062 1449015195539721080
1449015195118906135 1449015195539736789
1449015195168869263 1449015195539752896
1449015195218861864 1449015195539770659
1449015195268903233 1449015195539786616
1449015195318904223 1449015195539803293
1449015195368904127 1449015195539819624
1449015195418904967 1449015195619381940
1449015195468891735 1449015195859659541
1449015195518903183 1449015195859703744
1449015195568895309 1449015195859717911
1449015195618900653 1449015195859729624
1449015195668883629 1449015195859741005
1449015195718903171 1449015195939528795
1449015195768887163 1449015195939583345
1449015195818901306 1449015195979194188
1449015195868869362 1449015196619430531
1449015195918903080 1449015196649232045
1449015195968872655 1449015196649287905
1449015196018900670 1449015196649307198
1449015196068868816 1449015196649324745
1449015196118898037 1449015196649343507
1449015196168868304 1449015196649361007
1449015196218900007 1449015196649377030
1449015196268893156 1449015196649418975
1449015196318901463 1449015196649437925
1449015196368867150 1449015196649453971
1449015196418868171 1449015196649469436
1449015196468865927 1449015196899947203
1449015196518902798 1449015196900003146
1449015196568904948 1449015196900021204
1449015196618901294 1449015196900037176
1449015196668870232 1449015196900053213
1449015196718905921 1449015196900071695
1449015196768906340 1449015196939605228
1449015196818906966 1449015197560420543
1449015196868908915 1449015197560475721
1449015196918902943 1449015197560493749
1449015196968904317 1449015197560509889
1449015197018901442 1449015197560527492
1449015197068904544 1449015197560544838
1449015197118870635 1449015197560560554
1449015197168869701 1449015197560575531
1449015197218902092 1449015197560590238
1449015197268871882 1449015197560606174
1449015197318905299 1449015197560622330
1449015197368873291 1449015197560638684
1449015197418902482 1449015197599277864
1449015197468905029 1449015197880535273
1449015197518903647 1449015197880572593
1449015197568904704 1449015197880583017
1449015197618901608 1449015197880592416
1449015197668886980 1449015197880600675
1449015197718903642 1449015197880609707
1449015197768870338 1449015197929081872
1449015197818887214 1449015197979072293
1449015197868879181 1449015198200699330
1449015197918895750 1449015198200735942
1449015197968905380 1449015198200746651
1449015198018907105 1449015198200756817
1449015198068884772 1449015198249203379
1449015198118903797 1449015198279179359
1449015198168904570 1449015198329131168
1449015198218886189 1449015198520882937
1449015198268904763 1449015198520941590
1449015198318907016 1449015198520960265
1449015198368903402 1449015198569282701
1449015198418883856 1449015198599305781
1449015198468905864 1449015198649233471
1449015198518906420 1449015198889438847
1449015198568902803 1449015198889492455
1449015198618872198 1449015198889801499
1449015198668904854 1449015198889829158
1449015198718904585 1449015198889847239
1449015198768904449 1449015198929169060
1449015198818880112 1449015198979127604
1449015198868877504 1449015199029073656
1449015198918898172 1449015199209518255
1449015198968868503 1449015199209574359
1449015199018874257 1449015199209593479
1449015199068869982 1449015199249300677
1449015199118905875 1449015199336486072
1449015199168904403 1449015199336555750
1449015199218897692 1449015200544351416
1449015199268904619 1449015200544427248
1449015199318890913 1449015200544451222
1449015199368868069 1449015200544468518
1449015199418904737 1449015200864464157
1449015199468903492 1449015200864519299
1449015199518903831 1449015200864537440
1449015199568869835 1449015200864553563
1449015199618905227 1449015200864570612
1449015199668904316 1449015200864585903
1449015199718904675 1449015200864603456
1449015199768887784 1449015200864619826
1449015199818886770 1449015200864635719
1449015199868872402 1449015200864651916
1449015199918901102 1449015200864669636
1449015199968886487 1449015200864685509
1449015200018898840 1449015200864700904
1449015200068881408 1449015200864717658
1449015200118907114 1449015200864733564
1449015200168868993 1449015200864750342
1449015200218903880 1449015200864766756
1449015200268913803 1449015200864782696
1449015200318908038 1449015200864798214
1449015200368914291 1449015200864813201
1449015200418905258 1449015200864827551
1449015200468902313 1449015200864843036
1449015200518904676 1449015200864859246
1449015200568872114 1449015200864875436
1449015200618911448 1449015200864889922
1449015200668913350 1449015200864905243
1449015200718900388 1449015201184616487
1449015200768903888 1449015201184671131
1449015200818871025 1449015201184688614
1449015200868903236 1449015201184704510
1449015200918870108 1449015201184723286
1449015200968902253 1449015201184741200
1449015201018902919 1449015201184758620
1449015201068869966 1449015201229116365
1449015201118902681 1449015201279159160
1449015201168903357 1449015201329165419
1449015201218904595 1449015201504718310
1449015201268903911 1449015201504772971
1449015201318904277 1449015201504792482
1449015201368870755 1449015201549287428
1449015201418906110 1449015201599309589
1449015201468887753 1449015202249277551
1449015201518903350 1449015202249334089
1449015201568904547 1449015202249351736
1449015201618906914 1449015202249369015
1449015201668904359 1449015202299297685
1449015201718901775 1449015202299352779
1449015201768904386 1449015202299370369
1449015201818902890 1449015202299386623
1449015201868876259 1449015202299405666
1449015201918898232 1449015202299423510
1449015201968918453 1449015202299439262
1449015202018852351 1449015202299454617
1449015202068862555 1449015202519347243
1449015202118904358 1449015202519389311
1449015202168867496 1449015202519408782
1449015202218900462 1449015202519425400
1449015202268871103 1449015202519440000
1449015202318903498 1449015202519457837
1449015202368904442 1449015202569389139
1449015202418904249 1449015202619400844
1449015202468899817 1449015204108416606
1449015202518903948 1449015204108472733
1449015202568905352 1449015204108490994
1449015202618903967 1449015204108507602
1449015202668905860 1449015204108524935
1449015202718902751 1449015204108544502
1449015202768899207 1449015204108561000
1449015202818886363 1449015204108576094
1449015202868892418 1449015204108590837
1449015202918903341 1449015204108609480
1449015202968903800 1449015204108626134
1449015203018904533 1449015204108640971
1449015203068906706 1449015204108655450
1449015203118901719 1449015204428571819
1449015203168866925 1449015204428627790
1449015203218868717 1449015204428647284
1449015203268903694 1449015204428664573
1449015203318877456 1449015204428682637
1449015203368907011 1449015204428698176
1449015203418905004 1449015204428713040
1449015203468904411 1449015204428728271
1449015203518913513 1449015204428743168
1449015203568873069 1449015204428759819
1449015203618904786 1449015204428776403
1449015203668878037 1449015204428792289
1449015203718906038 1449015204428806692
1449015203768885239 1449015204428821231
1449015203818904293 1449015204428838093
1449015203868913810 1449015204428853919
1449015203918906611 1449015204428868596
1449015203968904191 1449015204428883035
1449015204018901212 1449015204428897327
1449015204068891782 1449015204428912926
1449015204118905431 1449015204428932026
1449015204168872848 1449015204428949212
1449015204218912543 1449015204428965923
1449015204268885393 1449015204429045657
1449015204318905399 1449015204748713402
1449015204368886655 1449015204748768601
1449015204418904824 1449015204748786034
1449015204468867985 1449015204748803968
1449015204518899939 1449015204748819687
1449015204568865262 1449015204748835773
1449015204618901772 1449015204779129373
1449015204668869263 1449015204829133276
1449015204718886517 1449015205068813083
1449015204768869938 1449015205068871188
1449015204818904163 1449015205068890128
1449015204868903957 1449015205068912629
1449015204918903595 1449015205632388306
1449015204968902133 1449015205632443688
1449015205018899501 1449015205632462330
1449015205068869314 1449015205632478483
1449015205118901201 1449015205632496785
1449015205168904069 1449015205632513703
1449015205218869973 1449015205632529222
1449015205268905769 1449015205632543995
1449015205318904965 1449015205632558368
1449015205368901198 1449015205709009663
1449015205418883506 1449015205709069990
1449015205468903476 1449015205709090346
1449015205518902077 1449015205709110077
1449015205568869775 1449015205952505151
1449015205618901211 1449015205952542522
1449015205668887197 1449015205952552993
1449015205718905687 1449015205952562556
1449015205768888740 1449015205952572089
1449015205818900702 1449015206029135350
1449015205868886434 1449015206699270881
1449015205918866310 1449015206699327019
1449015205968852316 1449015206699345193
1449015206018899468 1449015206699361483
1449015206068879207 1449015206699378642
1449015206118907365 1449015206699396456
1449015206168891220 1449015206699412015
1449015206218905073 1449015206699427409
1449015206268906050 1449015206699442190
1449015206318904845 1449015206699457972
1449015206368887868 1449015206699476150
1449015206418903200 1449015206699492109
1449015206468907902 1449015206699507294
1449015206518905351 1449015206989505280
1449015206568885177 1449015206989564481
1449015206618894266 1449015206989583565
1449015206668869935 1449015206989601595
1449015206718903606 1449015206989621444
1449015206768901152 1449015206989639571
1449015206818901728 1449015206989657342
1449015206868888920 1449015207029117523
1449015206918906434 1449015207309610103
1449015206968899400 1449015207309669254
1449015207018905518 1449015207309690168
1449015207068905049 1449015207309711109
1449015207118904255 1449015207309734983
1449015207168905055 1449015207329159897
1449015207218910866 1449015207379172269
1449015207268906988 1449015207629679218
1449015207318907751 1449015207629734290
1449015207368908815 1449015207629753179
1449015207418901847 1449015207629769797
1449015207468910231 1449015207629789245
1449015207518906357 1449015207679167577
1449015207568875244 1449015207729116292
1449015207618872937 1449015207779167783
1449015207668904036 1449015207949808403
1449015207718904682 1449015207949836385
1449015207768869353 1449015207949845379
1449015207818904778 1449015207999301853
1449015207868868340 1449015208049235126
1449015207918871943 1449015208269889155
1449015207968846536 1449015208269936298
1449015208018914566 1449015208269954857
1449015208068871372 1449015208269971518
1449015208118902621 1449015208279162692
1449015208168903772 1449015208329154782
1449015208218905029 1449015208379154803
1449015208268873239 1449015208590000429
1449015208318904528 1449015208590055253
1449015208368888700 1449015208590073170
1449015208418901864 1449015208590091078
1449015208468868152 1449015208629087076
1449015208518896912 1449015208688463261
1449015208568872121 1449015208784434251
1449015208618873813 1449015208784492633
1449015208668904253 1449015208949200171
1449015208718903843 1449015208949256298
1449015208768902381 1449015208949276925
1449015208818903078 1449015208979170562
1449015208868891683 1449015209029107797
1449015208918902225 1449015209104537914
1449015208968877647 1449015209700432615
1449015209018909234 1449015209700488892
1449015209068865863 1449015209700507237
1449015209118909189 1449015209700524309
1449015209168903849 1449015209700543005
1449015209218905220 1449015210259704653
1449015209268857186 1449015210259762544
1449015209318838294 1449015210259782189
1449015209368851906 1449015210259800373
1449015209418897434 1449015210259818922
1449015209468867491 1449015210579845718
1449015209518873138 1449015210579901027
1449015209568869926 1449015210579931262
1449015209618890293 1449015210579950335
1449015209668850350 1449015210579966732
1449015209718871109 1449015210579984245
1449015209768905295 1449015210580006396
1449015209818903155 1449015210580023381
1449015209868900450 1449015210580039106
1449015209918866845 1449015210580054638
1449015209968898244 1449015210580072104
1449015210018900267 1449015210580089427
1449015210068890897 1449015210580105671
1449015210118905508 1449015210580121657
1449015210168872708 1449015210580137062
1449015210218905918 1449015210580155821
1449015210268872931 1449015210580173250
1449015210318906392 1449015210580230089
1449015210368870308 1449015210580252547
1449015210418882587 1449015210580268516
1449015210468867491 1449015210629136144
1449015210518903444 1449015210900001603
1449015210568895704 1449015210900058739
1449015210618904719 1449015210900084511
1449015210668904216 1449015210900101600
1449015210718904037 1449015210900120523
1449015210768871077 1449015210929133172
1449015210818902336 1449015210979151719
1449015210868905294 1449015211029157657
1449015210918904858 1449015211220131242
1449015210968899377 1449015211220267434
1449015211018900905 1449015211220294836
1449015211068905640 1449015211249212818
1449015211118904596 1449015211299303274
1449015211168900080 1449015211888391393
1449015211218896086 1449015211888451326
1449015211268904720 1449015211888473656
1449015211318903993 1449015211888493585
1449015211368881333 1449015211888513901
1449015211418870490 1449015211888533021
1449015211468885899 1449015211888551830
1449015211518864532 1449015211888568939
1449015211568866174 1449015211888587297
1449015211618841454 1449015211888633886
1449015211668898680 1449015211888651860
1449015211718866596 1449015211899187247
1449015211768892843 1449015211949221476
1449015211818877186 1449015212208573565
1449015211868878724 1449015212208616956
1449015211918872391 1449015212208632051
1449015211968886564 1449015212208646007
1449015212018875187 1449015212208662051
1449015212068873307 1449015212229157479
1449015212118898185 1449015212279116744
1449015212168861660 1449015212868376993
1449015212218885692 1449015212868427398
1449015212268864656 1449015212868445769
1449015212318875235 1449015212868461114
1449015212368869159 1449015212868477254
1449015212418910534 1449015212868494837
1449015212468872128 1449015212868510108
1449015212518882339 1449015212868524438
1449015212568872896 1449015212868538433
1449015212618868050 1449015212868553266
1449015212668885845 1449015212868570813
1449015212718872743 1449015212899221221
1449015212768870032 1449015213704421984
1449015212818875883 1449015213704479451
1449015212868861709 1449015213704497596
1449015212918883954 1449015213704513676
1449015212968872075 1449015213704531746
1449015213018869170 1449015213869302254
1449015213068894615 1449015213869335052
1449015213118902054 1449015213869353290
1449015213168868071 1449015213869369580
1449015213218870942 1449015213869385763
1449015213268869497 1449015213869401586
1449015213318867464 1449015213869417462
1449015213368873763 1449015213869434220
1449015213418873169 1449015214656383837
1449015213468869456 1449015214656437505
1449015213518870326 1449015214656454346
1449015213568870651 1449015214656469688
1449015213618867849 1449015214656486559
1449015213668879019 1449015214656503678
1449015213718880461 1449015214656519254
1449015213768872955 1449015214656533573
1449015213818883858 1449015214656550114
1449015213868867863 1449015214656565455
1449015213918891207 1449015214656581311
1449015213968869830 1449015214656596719
1449015214018861709 1449015214656611159
1449015214068866505 1449015214656625204
1449015214118869196 1449015214656639149
1449015214168874449 1449015214656656000
1449015214218862396 1449015214656671375
1449015214268864643 1449015214656686559
1449015214318866445 1449015214656701500
1449015214368871284 1449015214976446621
1449015214418856054 1449015214976484012
1449015214468866599 1449015214976499598
1449015214518870008 1449015214976513706
1449015214568872532 1449015214976527628
1449015214618861916 1449015214976541399
1449015214668865683 1449015214976555337
1449015214718885876 1449015214976569068
1449015214768864676 1449015214976583835
1449015214818901187 1449015214979053066
1449015214868868504 1449015215029018879
1449015214918861693 1449015215296597936
1449015214968853366 1449015215296652282
1449015215018850524 1449015215296669892
1449015215068863953 1449015215296685855
1449015215118885660 1449015215296704330
1449015215168888628 1449015215329093617
1449015215218862139 1449015215379041690
1449015215268865221 1449015215616748509
1449015215318888518 1449015215616803517
1449015215368888119 1449015215616820923
1449015215418861774 1449015215616837768
1449015215468863967 1449015215649173339
1449015215518876523 1449015215699171199
1449015215568876551 1449015215729096671
1449015215618880839 1449015215936874710
1449015215668868011 1449015215936929063
1449015215718902775 1449015215936946533
1449015215768869447 1449015215936962847
1449015215818878004 1449015215979070549
1449015215868875243 1449015216029046823
1449015215918884585 1449015216079104812
1449015215968870037 1449015216699188338
1449015216018856869 1449015216699243927
1449015216068863866 1449015216699264948
1449015216118900784 1449015216699281513
1449015216168873707 1449015216699297151
1449015216218869185 1449015216699311537
1449015216268876443 1449015216699326057
1449015216318872592 1449015216699340951
1449015216368867893 1449015216699356853
1449015216418860868 1449015216699372562
1449015216468883053 1449015216699387897
1449015216518876496 1449015216939370878
1449015216568872926 1449015216939428035
1449015216618861488 1449015216939445915
1449015216668874075 1449015216939461053
1449015216718871514 1449015216939478656
1449015216768870289 1449015216939520127
1449015216818861858 1449015216989350814
1449015216868881968 1449015217029062348
1449015216918885838 1449015217259506037
1449015216968872817 1449015217259560664
1449015217018860881 1449015217259578427
1449015217068883614 1449015217259596395
1449015217118885743 1449015217279128668
1449015217168870620 1449015217329129271
1449015217218871013 1449015217928408136
1449015217268869775 1449015217928462519
1449015217318872312 1449015217928480446
1449015217368871932 1449015217928495771
1449015217418860992 1449015217928512843
1449015217468845931 1449015217928530253
1449015217518896666 1449015217928546837
1449015217568912580 1449015217928562472
1449015217618862768 1449015217928577697
1449015217668866167 1449015217928594301
1449015217718900550 1449015217928611787
1449015217768886152 1449015217999279981
1449015217818863341 1449015217999339028
1449015217868883615 1449015218219874193
1449015217918904604 1449015218219928864
1449015217968867231 1449015218219946564
1449015218018903494 1449015218219963309
1449015218068903963 1449015218248537838
1449015218118863486 1449015218319324497
1449015218168847712 1449015218329073555
1449015218218896186 1449015218539992721
1449015218268905248 1449015218540046776
1449015218318903706 1449015218540063999
1449015218368867532 1449015218540081929
1449015218418861009 1449015218579049971
1449015218468897824 1449015218639489486
1449015218518869988 1449015218679130239
1449015218568904612 1449015218729156975
1449015218618862207 1449015218860143812
1449015218668881098 1449015218860238252
1449015218718904135 1449015218899154607
1449015218768895269 1449015218959559069
1449015218818903048 1449015219049239701
1449015218868884765 1449015219049296533
1449015218918861129 1449015219079092451
1449015218968853012 1449015219279672708
1449015219018854186 1449015219279717607
1449015219068867461 1449015219279736102
1449015219118879920 1449015219279754524
1449015219168906662 1449015219329091058
1449015219218901038 1449015219379071495
1449015219268900711 1449015219429081823
1449015219318862773 1449015219479086365
1449015219368852933 1449015219644415308
1449015219418850562 1449015219644472073
1449015219468895178 1449015219644491197
1449015219518901694 1449015219679133580
1449015219568900359 1449015219749264248
1449015219618862825 1449015219779054243
1449015219668865780 1449015219892393335
1449015219718901736 1449015219892449692
1449015219768900675 1449015219999231882
1449015219818861357 1449015219999278781
1449015219868865177 1449015220029032551
1449015219918901233 1449015220099210573
1449015219968865340 1449015220129123760
1449015220018861519 1449015220316448354
1449015220068896106 1449015220316503686
1449015220118904760 1449015220316523631
1449015220168885752 1449015220349205064
1449015220218868738 1449015220379076336
1449015220268872016 1449015220429051725
