1449010162498579103 1449010162538717162
1449010162548592650 1449010162588774919
1449010162598556647 1449010162638786628
1449010162648610826 1449010162688815377
1449010162698607573 1449010162738888535
1449010162748620210 1449010162788876098
1449010162798596280 1449010162838876557
1449010162848602897 1449010162888817190
1449010162898610392 1449010162938756571
1449010162948591016 1449010162988805457
1449010162998587736 1449010163038834260
1449010163048601743 1449010163088907296
1449010163098604905 1449010163138867077
1449010163198595322 1449010163238773781
1449010163248568279 1449010163288715833
1449010163298583689 1449010163338753662
1449010163398608033 1449010163438868033
1449010163448572701 1449010163488820931
1449010163498588685 1449010163538741522
1449010163548572413 1449010163588790406
1449010163598591711 1449010163638826451
1449010163648563305 1449010163688736492
1449010163698577976 1449010163738816007
1449010163748585512 1449010163788803560
1449010163798587407 1449010163838746702
1449010163848567946 1449010163888776014
1449010163898600118 1449010163938799468
1449010163948571615 1449010163988765045
1449010163998571964 1449010164038732172
1449010164048570021 1449010164088836817
1449010164098596432 1449010164138847148
1449010164148576766 1449010164188807169
1449010164198589716 1449010164238787248
1449010164248631599 1449010164288868604
1449010164298621842 1449010164338784101
1449010164348568931 1449010164388708741
1449010164398561845 1449010164438716451
1449010164448573551 1449010164488744240
1449010164498559237 1449010164538809851
1449010164548601776 1449010164588894564
1449010164598591244 1449010164638845692
1449010164648627477 1449010164688897163
1449010164698603975 1449010164738833921
1449010164748587977 1449010164788825176
1449010164798591530 1449010164838825805
1449010164848583038 1449010164888863288
1449010164898591709 1449010164938848429
1449010164948608389 1449010164988907538
1449010164998625636 1449010165038872523
1449010165098566012 1449010165138737359
1449010165148565570 1449010165188759576
1449010165198619093 1449010165238776591
1449010165248623718 1449010165288877651
1449010165298625941 1449010165338901069
1449010165348594324 1449010165388813661
1449010165398588923 1449010165438853521
1449010165448590344 1449010165488901648
1449010165498626397 1449010165538900704
1449010165548625991 1449010165588913063
1449010165598628819 1449010165638845464
1449010165648586701 1449010165688791593
1449010165698625207 1449010165738894244
1449010165798626776 1449010165838851383
1449010165848572191 1449010165888801431
1449010165898605892 1449010165938802722
1449010165948575147 1449010165988805821
1449010165998564016 1449010166038773208
1449010166198590097 1449010166238845442
1449010166248583831 1449010166288868661
1449010166298596635 1449010166338748740
1449010166348564832 1449010166388712935
1449010166398563893 1449010166438768725
1449010166498574049 1449010166538842869
1449010166548621344 1449010166588881466
1449010166598574459 1449010166638711903
1449010166648559648 1449010166688805793
1449010166698580282 1449010166738855246
1449010166748620514 1449010166788854132
1449010166798589081 1449010166838735458
1449010166848567082 1449010166888695145
1449010166898564160 1449010166938659427
1449010166948610727 1449010166988816484
1449010166998564916 1449010167038798970
1449010167048618838 1449010167088885027
1449010167098558074 1449010167138670920
1449010167148558784 1449010167188703535
1449010167198556229 1449010167238765523
1449010167248577868 1449010167288778797
1449010167298570832 1449010167338703223
1449010167348609666 1449010167388897032
1449010167398565799 1449010167438811759
1449010167448579283 1449010167488773497
1449010167498618450 1449010167538838496
1449010167548564123 1449010167588711479
1449010167598567640 1449010167638700823
1449010167648557662 1449010167688741423
1449010167698559372 1449010167738834155
1449010167798562181 1449010167838667453
1449010167848557699 1449010167888625487
1449010167898556377 1449010167938711683
1449010167948556424 1449010167988786076
1449010167998616572 1449010168038879562
1449010168048574200 1449010168088816290
1449010168098583446 1449010168138752355
1449010168148566419 1449010168188786205
1449010168198580405 1449010168238767704
1449010168248614407 1449010168288928814
1449010168298584888 1449010168338827319
1449010168348608637 1449010168388811414
1449010168398591112 1449010168438742725
1449010168448611629 1449010168488858276
1449010168498621770 1449010168538866650
1449010168548620472 1449010168588822124
1449010168598570995 1449010168638784032
1449010168648614301 1449010168688780074
1449010168698574445 1449010168738804367
1449010168748617738 1449010168788829439
1449010168798569396 1449010168838673125
1449010168848554349 1449010168888760689
1449010168898614949 1449010168938753995
1449010168948615117 1449010168988901812
1449010168998623093 1449010169038872837
1449010169048589639 1449010169088827162
1449010169098607958 1449010169138748222
1449010169148568472 1449010169188794828
1449010169198556138 1449010169238664614
1449010169248593814 1449010169288741449
1449010169298583321 1449010169338856598
1449010169348576935 1449010169388721948
1449010169398588963 1449010169438777722
1449010169448563931 1449010169488784439
1449010169498600365 1449010169538745442
1449010169548570719 1449010169588824385
1449010169598620778 1449010169638862577
1449010169648623609 1449010169688848723
1449010169698583706 1449010169738819539
1449010169748571366 1449010169788817823
1449010169798575503 1449010169838756842
1449010169898570166 1449010169938770685
1449010169948559988 1449010169988755328
1449010169998602911 1449010170038833040
1449010170048603340 1449010170088893255
1449010170098625144 1449010170138800686
1449010170148585566 1449010170188890749
1449010170198561095 1449010170238742995
1449010170248613926 1449010170288824965
1449010170298583308 1449010170338801766
1449010170348584926 1449010170388858641
1449010170398622737 1449010170438889472
1449010170498616071 1449010170538884531
1449010170548619594 1449010170588857237
1449010170598606519 1449010170638837881
1449010170648592358 1449010170688794794
1449010170698588988 1449010170738803579
1449010170748616616 1449010170788931861
1449010170798585744 1449010170838813551
1449010170848617674 1449010170888895886
1449010170898620896 1449010170938826653
1449010170948584318 1449010170988821303
1449010170998612002 1449010171038857165
1449010171048621889 1449010171088908186
1449010171098626527 1449010171138818173
1449010171148562377 1449010171188790124
1449010171198606979 1449010171238875479
1449010171298585172 1449010171338846442
1449010171348621954 1449010171388827440
1449010171398567720 1449010171438811780
1449010171448617760 1449010171488890606
1449010171498562947 1449010171538796935
1449010171598622231 1449010171638787601
1449010171648558220 1449010171688695670
1449010171698560059 1449010171738734055
1449010171798620038 1449010171838835664
1449010171848624914 1449010171888931246
1449010171948624673 1449010171988929992
1449010171998627066 1449010172038793194
1449010172048564353 1449010172088792346
1449010172098620056 1449010172138915109
1449010172148625974 1449010172188919166
1449010172198628805 1449010172238915035
1449010172248625416 1449010172288895265
1449010172298631668 1449010172338909432
1449010172348625074 1449010172388920244
1449010172398583973 1449010172438803538
1449010172448622772 1449010172488920374
1449010172498590727 1449010172538860152
1449010172548624645 1449010172588896780
1449010172598628646 1449010172638895518
1449010172648625373 1449010172688889797
1449010172698626286 1449010172738866980
1449010172748592164 1449010172788891413
1449010172798596521 1449010172838808984
1449010172848620053 1449010172888912293
1449010172898627381 1449010172938906581
1449010172948627452 1449010172988907184
1449010172998630343 1449010173038862781
1449010173048596964 1449010173088838885
1449010173098617317 1449010173138892034
1449010173148624100 1449010173188912121
1449010173198586072 1449010173238855400
1449010173248624841 1449010173288926566
1449010173298627832 1449010173338899723
1449010173348624496 1449010173388874167
1449010173398632669 1449010173438841958
1449010173448625384 1449010173488905186
1449010173498621333 1449010173538872694
1449010173548625851 1449010173588865830
1449010173598627416 1449010173638855708
1449010173648562548 1449010173688755136
1449010173698625244 1449010173738987857
1449010173748562309 1449010173788720346
1449010173798609594 1449010173838909602
1449010173848572311 1449010173888744723
1449010173898604526 1449010173938835417
1449010173948631575 1449010173988829062
1449010173998598805 1449010174038782347
1449010174048569000 1449010174088765873
1449010174098561757 1449010174138757953
1449010174148564654 1449010174188695887
1449010174198569705 1449010174238750896
1449010174248579575 1449010174288803069
1449010174298585666 1449010174338826357
1449010174348618085 1449010174388888820
1449010174398571254 1449010174438789810
1449010174498579403 1449010174538698962
1449010174548587688 1449010174588822476
1449010174598570090 1449010174638788867
1449010174648613235 1449010174688835622
1449010174698595415 1449010174738741478
1449010174748561885 1449010174788693575
1449010174798561544 1449010174838776046
1449010174848581318 1449010174888912547
1449010174898646922 1449010174938786543
1449010174948611433 1449010174988778277
1449010174998602824 1449010175038861475
1449010175048564925 1449010175088715560
1449010175098553566 1449010175138694772
1449010175148570215 1449010175188699055
1449010175198567266 1449010175238711229
1449010175248555684 1449010175288715711
1449010175298569016 1449010175338711945
1449010175348559618 1449010175388663941
1449010175398575709 1449010175438806017
1449010175448613858 1449010175488842128
1449010175498572786 1449010175538802585
1449010175598615673 1449010175638859724
1449010175648618999 1449010175688889359
1449010175698624332 1449010175738861888
1449010175748620982 1449010175788821550
1449010175798623312 1449010175838858627
1449010175848624229 1449010175888930027
1449010175898564888 1449010175938668057
1449010175948559286 1449010175988647661
1449010175998561004 1449010176038686459
1449010176048564725 1449010176088795631
1449010176098619358 1449010176138762202
1449010176148564307 1449010176188790138
1449010176198615676 1449010176238880861
1449010176248583320 1449010176288874789
1449010176298586121 1449010176338740485
1449010176348580811 1449010176388849608
1449010176448619795 1449010176488931737
1449010176498586778 1449010176538849415
1449010176548601069 1449010176588928425
1449010176598626695 1449010176638894312
1449010176648624458 1449010176688906956
1449010176698618596 1449010176738926398
1449010176748561772 1449010176788796638
1449010176798626008 1449010176838897194
1449010176848618413 1449010176888862186
1449010176898583528 1449010176938782397
1449010176948623046 1449010176988922983
1449010176998602741 1449010177038873870
1449010177048623850 1449010177088810201
1449010177098582929 1449010177138859520
1449010177148590337 1449010177188865853
1449010177198622939 1449010177238847793
1449010177248565166 1449010177288790474
1449010177298594186 1449010177338855029
1449010177348623093 1449010177388854626
1449010177398564123 1449010177438677522
1449010177448611727 1449010177488857134
1449010177498596304 1449010177538725845
1449010177548587177 1449010177588770992
1449010177598603950 1449010177638868424
1449010177648617589 1449010177688889105
1449010177698601858 1449010177738829889
1449010177748561598 1449010177788749508
1449010177798586870 1449010177838765962
1449010177848621299 1449010177888856889
1449010177948565499 1449010177988757244
1449010177998615837 1449010178038907309
1449010178048617379 1449010178088846568
1449010178098561373 1449010178138784537
1449010178148623843 1449010178188831353
1449010178198570208 1449010178238766495
1449010178248614438 1449010178288924341
1449010178298604881 1449010178338780830
1449010178348561753 1449010178388713955
1449010178398563533 1449010178438659841
1449010178448563284 1449010178488735134
1449010178498614665 1449010178538810321
1449010178548573409 1449010178588825559
1449010178598592567 1449010178638826449
1449010178648589655 1449010178688872207
1449010178698617520 1449010178738837860
1449010178748576644 1449010178788807035
1449010178798617997 1449010178838848795
1449010178848583697 1449010178888753068
1449010178898617469 1449010178938888474
1449010178948562502 1449010178988753563
1449010178998601712 1449010179038794888
1449010179048619718 1449010179089050171
1449010179098583109 1449010179138990541
1449010179148583782 1449010179188818686
1449010179198586523 1449010179238812313
1449010179248585084 1449010179288810471
1449010179298568019 1449010179338783226
1449010179348615236 1449010179388839537
1449010179398568078 1449010179438717217
1449010179448561974 1449010179488772035
1449010179498559757 1449010179538747043
1449010179548613133 1449010179588894866
1449010179598628075 1449010179638843958
1449010179648617004 1449010179688919945
1449010179698615014 1449010179738760034
1449010179748568318 1449010179788740758
1449010179798619875 1449010179838884689
1449010179848622990 1449010179888906119
1449010179898608756 1449010179938751411
1449010179948584622 1449010179988862356
1449010179998626054 1449010180038896365
1449010180048609665 1449010180088924506
1449010180098626805 1449010180138894780
1449010180148623626 1449010180188870617
1449010180198626781 1449010180238896500
1449010180298593091 1449010180338855460
1449010180348590914 1449010180388755538
1449010180398579917 1449010180438741039
1449010180448568761 1449010180488738512
1449010180498565918 1449010180538694706
1449010180548617733 1449010180588901795
1449010180598573775 1449010180638792896
1449010180648623549 1449010180688831174
1449010180698569493 1449010180738800332
1449010180748616409 1449010180788916149
1449010180798608405 1449010180838819355
1449010180848560949 1449010180888719546
1449010180898579245 1449010180938797227
1449010180948623534 1449010180988925964
1449010180998627230 1449010181038795715
1449010181098630280 1449010181138892846
1449010181198623220 1449010181238781339
1449010181248565104 1449010181288790628
1449010181298614904 1449010181338762433
1449010181348566426 1449010181388789846
1449010181398565441 1449010181438772007
1449010181448582451 1449010181488785632
1449010181498567476 1449010181538710577
1449010181548609932 1449010181588831403
1449010181598570133 1449010181638797834
1449010181648599308 1449010181688827546
1449010181698591615 1449010181738772335
1449010181748565129 1449010181788776543
1449010181798600367 1449010181838844371
1449010181848615117 1449010181888817610
1449010181898586265 1449010181938729812
1449010181948574566 1449010181988810165
1449010181998579993 1449010182038793241
1449010182048566411 1449010182088743837
1449010182098572221 1449010182138748549
1449010182148589114 1449010182188715138
1449010182198571889 1449010182238689132
1449010182248586484 1449010182288724498
1449010182348612520 1449010182388865474
1449010182398584888 1449010182438730319
1449010182448563003 1449010182488697015
1449010182498586708 1449010182538736847
1449010182548563517 1449010182588797909
1449010182598612008 1449010182638873589
1449010182648600009 1449010182688856876
1449010182698602854 1449010182738879525
1449010182748593731 1449010182788881424
1449010182848608597 1449010182888891473
1449010182898599241 1449010182938707602
1449010182948559360 1449010182988779853
1449010182998569132 1449010183038743486
1449010183048563378 1449010183088749027
1449010183098566027 1449010183138760126
1449010183148591483 1449010183188737658
1449010183198568002 1449010183238688732
1449010183248571978 1449010183288806384
1449010183298586018 1449010183338718509
1449010183348589975 1449010183388804733
1449010183398606848 1449010183438833343
1449010183448611410 1449010183488825902
1449010183498575809 1449010183538825354
1449010183548568442 1449010183588843616
1449010183598583367 1449010183638792054
1449010183648573917 1449010183688865125
1449010183698583924 1449010183738757509
1449010183798624783 1449010183838830647
1449010183848561983 1449010183888708860
1449010183898614198 1449010183938785028
1449010183948569255 1449010183988655610
1449010183998574501 1449010184038832888
1449010184048582914 1449010184088822569
1449010184098620137 1449010184138809962
1449010184148575223 1449010184188860628
1449010184198618736 1449010184238886862
1449010184348611881 1449010184388897961
1449010184398629683 1449010184438899462
1449010184448626026 1449010184488899942
1449010184498629138 1449010184538898623
1449010184548628224 1449010184588899366
1449010184598630193 1449010184638904970
1449010184648626613 1449010184688899609
1449010184698626200 1449010184738901251
1449010184748623482 1449010184788867917
1449010184798622481 1449010184838896650
1449010184848623114 1449010184888881831
1449010184898626696 1449010184938875812
1449010184948623681 1449010184988908427
1449010184998586267 1449010185038813230
1449010185048623784 1449010185088877868
1449010185098566581 1449010185138712447
1449010185148577809 1449010185188781174
1449010185198621205 1449010185238888292
1449010185248622329 1449010185288812998
1449010185348580380 1449010185388823372
1449010185398609818 1449010185438807370
1449010185498611612 1449010185538866741
1449010185548590108 1449010185588742236
1449010185598602631 1449010185638786075
1449010185648583054 1449010185688860077
1449010185698623838 1449010185738897964
1449010185748622981 1449010185788909615
1449010185798623871 1449010185838896005
1449010185898603454 1449010185938858643
1449010185948612489 1449010185988902471
1449010185998615758 1449010186038787107
1449010186048594464 1449010186088855330
1449010186098621503 1449010186138900063
1449010186148626813 1449010186188908804
1449010186198629488 1449010186238900849
1449010186248625864 1449010186288841624
1449010186298587913 1449010186338733275
1449010186348566504 1449010186388742078
1449010186398559582 1449010186438754734
1449010186448593476 1449010186488864695
1449010186498625233 1449010186538894514
1449010186548622631 1449010186588902353
1449010186598595378 1449010186638860840
1449010186648620920 1449010186688904841
1449010186698625341 1449010186738779891
1449010186748608308 1449010186788815649
1449010186798586954 1449010186838812439
1449010186848619412 1449010186888900494
1449010186898626272 1449010186938868893
1449010186948585150 1449010186988853015
1449010186998570563 1449010187038791865
1449010187048620486 1449010187088874326
1449010187098567638 1449010187138800223
1449010187148615541 1449010187188866742
1449010187198626397 1449010187238897800
1449010187248584069 1449010187288774970
1449010187298627132 1449010187338828532
1449010187348589798 1449010187388798863
1449010187398567928 1449010187438777854
1449010187448605657 1449010187488863776
1449010187498585219 1449010187538773820
1449010187548571980 1449010187588808641
1449010187598579351 1449010187638796471
1449010187648603681 1449010187688857985
1449010187698624901 1449010187738855979
1449010187748568872 1449010187788774251
1449010187798617122 1449010187838827050
1449010187848624240 1449010187888914282
1449010187898565169 1449010187938801785
1449010187948624065 1449010187988864866
1449010187998604843 1449010188038755318
1449010188048577262 1449010188088763869
1449010188098594516 1449010188138909464
1449010188148579379 1449010188188822481
1449010188198626447 1449010188238875409
1449010188248625690 1449010188288912077
1449010188298627823 1449010188338872325
1449010188348624260 1449010188388861798
1449010188398571767 1449010188438785775
1449010188448586323 1449010188488784717
1449010188498584170 1449010188538817292
1449010188548597494 1449010188588801358
1449010188598592284 1449010188638772238
1449010188648569505 1449010188688729313
1449010188698569591 1449010188738721967
1449010188748614044 1449010188788837567
1449010188798563029 1449010188838715015
1449010188848554558 1449010188888742018
1449010188898568655 1449010188938790118
1449010188948569071 1449010188988827235
1449010188998564791 1449010189038738474
1449010189048607771 1449010189088838017
1449010189098585579 1449010189138821354
1449010189148598683 1449010189188772593
1449010189198608453 1449010189238824708
1449010189248564442 1449010189288723956
1449010189298565336 1449010189338798832
1449010189348616549 1449010189388861509
1449010189398563232 1449010189438745865
1449010189448612389 1449010189488851144
1449010189498569794 1449010189538800975
1449010189548590886 1449010189588847746
1449010189598611999 1449010189638743802
1449010189648567123 1449010189688699156
1449010189748616329 1449010189788887872
1449010189798600137 1449010189838840336
1449010189848618413 1449010189888816470
1449010189898564806 1449010189938707483
1449010189948565115 1449010189988744564
1449010189998583108 1449010190038666392
1449010190048560197 1449010190088702954
1449010190098586277 1449010190138798843
1449010190148708457 1449010190188932625
1449010190198616542 1449010190238790087
1449010190248563099 1449010190288708230
1449010190298564890 1449010190338823511
1449010190348608695 1449010190388928437
1449010190398622684 1449010190438842818
1449010190448619024 1449010190488860292
1449010190498596675 1449010190538824352
1449010190548589580 1449010190588773362
1449010190648620753 1449010190688857838
1449010190698562337 1449010190738794690
1449010190748619460 1449010190788930813
1449010190798626380 1449010190838894014
1449010190848622249 1449010190888912989
1449010190898621552 1449010190938893793
1449010190948622592 1449010190988794627
1449010190998564523 1449010191038775494
1449010191048594200 1449010191088885214
1449010191098586023 1449010191138822961
1449010191148587792 1449010191188901731
1449010191198622789 1449010191238862297
1449010191248624712 1449010191288906388
1449010191298626176 1449010191338783856
1449010191348623628 1449010191388907252
1449010191398628194 1449010191438895357
1449010191448609275 1449010191488925212
1449010191498625851 1449010191538854226
1449010191598606343 1449010191638867900
1449010191698626047 1449010191738906039
1449010191748624043 1449010191788908914
1449010191798565447 1449010191838801511
1449010191848592642 1449010191888916463
1449010191898627632 1449010191938884970
1449010191948590393 1449010191988893123
1449010191998585934 1449010192038814486
1449010192048584114 1449010192088875786
1449010192098559436 1449010192138785410
1449010192148611726 1449010192188921229
1449010192198575345 1449010192238846220
1449010192248590177 1449010192288736032
1449010192298581198 1449010192338748789
1449010192348605574 1449010192388914008
