1449015221011195373
1449015221061213472
1449015221111206260
1449015221161188645
1449015221211236020
1449015221261225778
1449015221311241662
1449015221361225427
1449015221411241855
1449015221461222105
1449015221511241795
1449015221561211931
1449015221611242465
1449015221661206929
1449015221711243681
1449015221761212288
1449015221811242203
1449015221861246117
1449015221911242423
1449015221961237483
1449015222011225705
1449015222061222422
1449015222111231327
1449015222161247471
1449015222211242211
1449015222261244815
1449015222311242197
1449015222361245526
1449015222411242209
1449015222461223592
1449015222511241942
1449015222561212099
1449015222611236950
1449015222661212379
1449015222711244429
1449015222761245550
1449015222811245307
1449015222861242870
1449015222911243619
1449015222961209523
1449015223011242185
1449015223061247509
1449015223111194153
1449015223161247127
1449015223211243494
1449015223261235591
1449015223311243089
1449015223361245466
1449015223411241658
1449015223461244870
1449015223511243368
1449015223561216522
1449015223611211823
1449015223661245427
1449015223711241272
1449015223761247033
1449015223811243700
1449015223861242151
1449015223911211092
1449015223961244509
1449015224011223827
1449015224061245130
1449015224111242182
1449015224161245591
1449015224211239906
1449015224261243612
1449015224311237753
1449015224361246364
1449015224411237182
1449015224461243197
1449015224511243081
1449015224561217153
1449015224611246942
1449015224661244879
1449015224711211909
1449015224761231201
1449015224811242772
1449015224861211552
1449015224911242296
1449015224961245318
1449015225011242052
1449015225061245558
1449015225111243177
1449015225161249987
1449015225211242184
1449015225261246034
1449015225311241114
1449015225361243789
1449015225411242808
1449015225461243955
1449015225511241033
1449015225561209246
1449015225611242045
1449015225661245210
1449015225711209794
1449015225761242577
1449015225811211852
1449015225861250804
1449015225911245881
1449015225961243828
1449015226011220453
1449015226061244826
1449015226111240521
1449015226161246162
1449015226211242695
1449015226261244795
1449015226311236989
1449015226361243424
1449015226411245163
1449015226461244947
1449015226511242072
1449015226561245003
1449015226611236452
1449015226661244241
1449015226711243033
1449015226761225204
1449015226811241275
1449015226861245028
1449015226911244826
1449015226961245268
1449015227011245894
1449015227061245702
1449015227111241704
1449015227161225522
1449015227211240938
1449015227261244177
1449015227311242144
1449015227361246615
1449015227411241608
1449015227461235095
1449015227511242005
1449015227561213312
1449015227611241761
1449015227661210682
1449015227711209049
1449015227761210781
1449015227811243146
1449015227861246398
1449015227911242076
1449015227961244246
1449015228011234254
1449015228061245438
1449015228111242760
1449015228161244896
1449015228211241413
1449015228261242757
1449015228311230053
1449015228361245706
1449015228411207775
1449015228461243638
1449015228511240448
1449015228561235736
1449015228611242102
1449015228661227851
1449015228711240748
1449015228761245279
1449015228811242742
1449015228861244841
1449015228911242183
1449015228961243454
1449015229011242025
1449015229061247062
1449015229111243491
1449015229161242173
1449015229211241683
1449015229261238213
1449015229311240022
1449015229361246512
1449015229411240352
1449015229461243975
1449015229511240549
1449015229561207211
1449015229611234461
1449015229661192778
1449015229711239809
1449015229761243292
1449015229811250713
1449015229861242609
1449015229911239838
1449015229961243481
1449015230011244334
1449015230061244218
1449015230111240929
1449015230161243339
1449015230211242345
1449015230261243282
1449015230311240106
1449015230361243117
1449015230411201605
1449015230461246568
1449015230511241174
1449015230561212306
1449015230611245382
1449015230661207608
1449015230711241566
1449015230761243576
1449015230811237333
1449015230861246318
1449015230911241762
1449015230961242612
1449015231011240315
1449015231061244546
1449015231111240568
1449015231161242524
1449015231211240140
1449015231261243696
1449015231311242588
1449015231361242706
1449015231411239554
1449015231461234353
1449015231511239476
1449015231561219676
1449015231611218896
1449015231661243590
1449015231711225032
1449015231761230222
1449015231811241536
1449015231861205703
1449015231911242197
1449015231961207927
1449015232011243886
1449015232061229044
1449015232111237478
1449015232161242584
1449015232211240244
1449015232261244140
1449015232311246831
1449015232361242830
1449015232411223107
1449015232461242632
1449015232511240225
1449015232561199227
1449015232611267606
1449015232661246299
1449015232711239168
1449015232761244702
1449015232811192110
1449015232861243298
1449015232911211704
1449015232961244821
1449015233011226537
1449015233061247072
1449015233111241751
1449015233161242895
1449015233211240949
1449015233261243071
1449015233311240113
1449015233361243104
1449015233411210578
1449015233461242071
1449015233511223450
1449015233561251268
1449015233611244156
1449015233661244565
1449015233711241911
1449015233761245664
1449015233811242261
1449015233861240739
1449015233911242401
1449015233961245392
1449015234011242814
1449015234061245832
1449015234111243558
1449015234161247158
1449015234211241259
1449015234261246643
1449015234311241399
1449015234361243899
1449015234411223701
1449015234461221832
1449015234511244468
1449015234561208431
1449015234611240408
1449015234661245143
1449015234711241533
1449015234761245193
1449015234811243530
1449015234861243234
1449015234911240894
1449015234961245823
1449015235011202847
1449015235061198552
1449015235111234906
1449015235161243640
1449015235211235246
1449015235261243870
1449015235311239368
1449015235361243138
1449015235411234262
1449015235461193996
1449015235511240472
1449015235561248946
1449015235611239686
1449015235661243329
1449015235711240671
1449015235761238728
1449015235811249534
1449015235861240609
1449015235911241916
1449015235961244243
1449015236011241962
1449015236061186775
1449015236111235520
1449015236161245097
1449015236211242729
1449015236261244000
1449015236311250419
1449015236361240923
1449015236411225426
1449015236461241179
1449015236511226384
1449015236561216583
1449015236611243482
1449015236661244459
1449015236711241594
1449015236761244261
1449015236811243591
1449015236861243836
1449015236911241315
1449015236961243832
1449015237011247465
1449015237061245979
1449015237111242593
1449015237161244198
1449015237211209982
1449015237261245617
1449015237311241673
1449015237361227833
1449015237411209296
1449015237461241644
1449015237511243038
1449015237561209213
1449015237611241661
1449015237661243273
1449015237711240047
1449015237761241024
1449015237811242525
1449015237861253789
1449015237911250532
1449015237961244564
1449015238011242150
1449015238061207633
1449015238111240181
1449015238161243189
1449015238211239993
1449015238261244024
1449015238311224254
1449015238361220363
1449015238411230514
1449015238461243989
1449015238511224820
1449015238561210559
1449015238611238521
1449015238661243233
1449015238711242569
1449015238761243917
1449015238811242545
1449015238861220126
1449015238911245267
1449015238961241797
1449015239011241364
1449015239061243728
1449015239111241270
1449015239161243557
1449015239211240956
1449015239261239677
1449015239311225694
1449015239361243405
1449015239411243827
1449015239461245058
1449015239511238845
1449015239561241616
1449015239611241434
1449015239661247071
1449015239711242689
1449015239761244031
1449015239811241165
1449015239861243709
1449015239911239768
1449015239961244206
1449015240011240472
1449015240061245215
1449015240111197538
1449015240161248060
1449015240211241600
1449015240261226668
1449015240311242245
1449015240361247648
1449015240411243480
1449015240461247701
1449015240511244879
1449015240561246915
1449015240611244033
1449015240661245558
1449015240711244019
1449015240761204728
1449015240811239669
1449015240861226674
1449015240911243988
1449015240961203050
1449015241011238104
1449015241061246812
1449015241111242112
1449015241161245358
1449015241211241651
1449015241261234947
1449015241311239117
1449015241361246659
1449015241411243554
1449015241461247253
1449015241511241729
1449015241561236131
1449015241611195132
1449015241661243751
1449015241711240685
1449015241761245344
1449015241811240761
1449015241861246516
1449015241911242104
1449015241961245439
1449015242011242343
1449015242061245896
1449015242111242319
1449015242161244967
1449015242211226226
1449015242261209091
1449015242311242963
1449015242361245470
1449015242411203373
1449015242461243017
1449015242511241953
1449015242561204593
1449015242611241721
1449015242661255324
1449015242711242249
1449015242761245988
1449015242811241794
1449015242861246292
1449015242911244088
1449015242961244627
1449015243011242093
1449015243061245288
1449015243111241818
1449015243161183107
1449015243211212241
1449015243261244458
1449015243311250453
1449015243361229180
1449015243411240520
1449015243461241958
1449015243511241341
1449015243561199859
1449015243611242777
1449015243661248949
1449015243711240351
1449015243761241432
1449015243811242081
1449015243861208824
1449015243911207258
1449015243961228872
1449015244011241348
1449015244061245703
1449015244111226981
1449015244161213379
1449015244211242426
1449015244261246075
1449015244311240979
1449015244361245203
1449015244411241031
1449015244461244217
1449015244511226394
1449015244561243087
1449015244611241718
1449015244661242739
1449015244711239997
1449015244761244074
1449015244811239582
1449015244861242847
1449015244911240951
1449015244961243512
1449015245011239714
1449015245061222700
1449015245111240402
1449015245161223665
1449015245211239776
1449015245261242026
1449015245311235670
1449015245361235965
1449015245411243139
1449015245461229062
1449015245511240256
1449015245561241506
1449015245611242072
1449015245661238496
1449015245711239148
1449015245761243039
1449015245811249368
1449015245861233386
1449015245911240697
1449015245961239356
1449015246011207090
1449015246061241293
1449015246111208510
1449015246161206637
1449015246211239496
1449015246261244164
1449015246311241436
1449015246361225692
1449015246411241746
1449015246461243017
1449015246511249991
1449015246561218237
1449015246611213314
1449015246661244125
1449015246711241076
1449015246761243914
1449015246811224107
1449015246861244197
1449015246911241409
1449015246961224505
1449015247011233143
1449015247061247286
1449015247111200034
1449015247161192882
1449015247211239032
1449015247261240105
1449015247311240237
1449015247361244077
1449015247411220705
1449015247461232650
1449015247511241261
1449015247561203945
1449015247611197167
1449015247661244319
1449015247711244023
1449015247761246162
1449015247811214442
1449015247861241324
1449015247911194773
1449015247961196258
1449015248011243323
1449015248061245953
1449015248111211216
1449015248161241372
1449015248211242369
1449015248261244763
1449015248311242422
1449015248361245023
1449015248411244255
1449015248461245323
1449015248511246172
1449015248561234962
1449015248611251484
1449015248661246070
1449015248711243191
1449015248761247038
1449015248811242449
1449015248861227456
1449015248911247683
1449015248961245707
1449015249011244011
1449015249061247056
1449015249111241855
1449015249161204886
1449015249211240896
1449015249261245414
1449015249311241306
1449015249361226123
1449015249411225286
1449015249461209695
1449015249511242818
1449015249561218247
1449015249611242410
1449015249661226388
1449015249711241815
1449015249761244963
1449015249811224562
1449015249861255613
1449015249911241810
1449015249961245643
1449015250011240172
1449015250061243214
1449015250111240005
1449015250161244045
1449015250211240375
1449015250261244609
1449015250311241734
1449015250361244872
1449015250411223007
1449015250461245947
1449015250511242197
1449015250561187103
1449015250611242604
1449015250661244860
1449015250711241431
1449015250761226749
