1449010071824557739
1449010071874577983
1449010071924521526
1449010071974563570
1449010072024566020
1449010072074546056
1449010072124568134
1449010072174564858
1449010072224568501
1449010072274567296
1449010072324567728
1449010072374567496
1449010072424561985
1449010072474566012
1449010072524565438
1449010072574567067
1449010072624565471
1449010072674563705
1449010072724568006
1449010072774562642
1449010072824529752
1449010072874568869
1449010072924569863
1449010072974524728
1449010073024562986
1449010073074563776
1449010073124557156
1449010073174563030
1449010073224563663
1449010073274562682
1449010073324563723
1449010073374558322
1449010073424563702
1449010073474552224
1449010073524561256
1449010073574565009
1449010073624561699
1449010073674561250
1449010073724556828
1449010073774526377
1449010073824563051
1449010073874566497
1449010073924560916
1449010073974527889
1449010074024563771
1449010074074566121
1449010074124561145
1449010074174562559
1449010074224560453
1449010074274551079
1449010074324561768
1449010074374514536
1449010074424564657
1449010074474563657
1449010074524525368
1449010074574559303
1449010074624562234
1449010074674549764
1449010074724525353
1449010074774562322
1449010074824557602
1449010074874563293
1449010074924559085
1449010074974521103
1449010075024563835
1449010075074564331
1449010075124563049
1449010075174561153
1449010075224564091
1449010075274557360
1449010075324540607
1449010075374562805
1449010075424560184
1449010075474562517
1449010075524555783
1449010075574560058
1449010075624550177
1449010075674563238
1449010075724558188
1449010075774558560
1449010075824563920
1449010075874558008
1449010075924561544
1449010075974563740
1449010076024561049
1449010076074565196
1449010076124567686
1449010076174563007
1449010076224560820
1449010076274558419
1449010076324558277
1449010076374559401
1449010076424560111
1449010076474542385
1449010076524548587
1449010076574526415
1449010076624561703
1449010076674557070
1449010076724563246
1449010076774562859
1449010076824561060
1449010076874562321
1449010076924561624
1449010076974562831
1449010077024561303
1449010077074563512
1449010077124559668
1449010077174560695
1449010077224554559
1449010077274564106
1449010077324559446
1449010077374559708
1449010077424559787
1449010077474527942
1449010077524563815
1449010077574561862
1449010077624562705
1449010077674561921
1449010077724562441
1449010077774557207
1449010077824557586
1449010077874563497
1449010077924521353
1449010077974557446
1449010078024562135
1449010078074563051
1449010078124559591
1449010078174547993
1449010078224558732
1449010078274559178
1449010078324559978
1449010078374540852
1449010078424516412
1449010078474560854
1449010078524561423
1449010078574562116
1449010078624557724
1449010078674557348
1449010078724563369
1449010078774529143
1449010078824561745
1449010078874563547
1449010078924564584
1449010078974562457
1449010079024541257
1449010079074563666
1449010079124559050
1449010079174521911
1449010079224558849
1449010079274557016
1449010079324543838
1449010079374558446
1449010079424563625
1449010079474562838
1449010079524532397
1449010079574564104
1449010079624562298
1449010079674563655
1449010079724558823
1449010079774564473
1449010079824557863
1449010079874564894
1449010079924561357
1449010079974562928
1449010080024529110
1449010080074564094
1449010080124544274
1449010080174526488
1449010080224556277
1449010080274514964
1449010080324565717
1449010080374561476
1449010080424559807
1449010080474563172
1449010080524561881
1449010080574562397
1449010080624496435
1449010080674556362
1449010080724564135
1449010080774555693
1449010080824559580
1449010080874526062
1449010080924558992
1449010080974564041
1449010081024557214
1449010081074531470
1449010081124561002
1449010081174555243
1449010081224525557
1449010081274562215
1449010081324561114
1449010081374563557
1449010081424561808
1449010081474562508
1449010081524567296
1449010081574567178
1449010081624568869
1449010081674532966
1449010081724561248
1449010081774567955
1449010081824572329
1449010081874567827
1449010081924558758
1449010081974558562
1449010082024563378
1449010082074536782
1449010082124526376
1449010082174564534
1449010082224564983
1449010082274562081
1449010082324563496
1449010082374571642
1449010082424564561
1449010082474562618
1449010082524562740
1449010082574512484
1449010082624563791
1449010082674562266
1449010082724563597
1449010082774559282
1449010082824559387
1449010082874564182
1449010082924561497
1449010082974561833
1449010083024526992
1449010083074557446
1449010083124559979
1449010083174561925
1449010083224562017
1449010083274563030
1449010083324560800
1449010083374562422
1449010083424563572
1449010083474558332
1449010083524559967
1449010083574561795
1449010083624555633
1449010083674560829
1449010083724557810
1449010083774545066
1449010083824541483
1449010083874551524
1449010083924526705
1449010083974558131
1449010084024561219
1449010084074563456
1449010084124559081
1449010084174561588
1449010084224541797
1449010084274563675
1449010084324554262
1449010084374556548
1449010084424557709
1449010084474565140
1449010084524525395
1449010084574562905
1449010084624560340
1449010084674516622
1449010084724554787
1449010084774556920
1449010084824544860
1449010084874525956
1449010084924561046
1449010084974543495
1449010085024560839
1449010085074562895
1449010085124562859
1449010085174565390
1449010085224560971
1449010085274561677
1449010085324554633
1449010085374563073
1449010085424561675
1449010085474565107
1449010085524560441
1449010085574562437
1449010085624559839
1449010085674560692
1449010085724559174
1449010085774528445
1449010085824559403
1449010085874562555
1449010085924559921
1449010085974560710
1449010086024556816
1449010086074536027
1449010086124561413
1449010086174561294
1449010086224561639
1449010086274545507
1449010086324562317
1449010086374565352
1449010086424558217
1449010086474562949
1449010086524558941
1449010086574558321
1449010086624559375
1449010086674525249
1449010086724525882
1449010086774562783
1449010086824561635
1449010086874561513
1449010086924558397
1449010086974562464
1449010087024562219
1449010087074561963
1449010087124557795
1449010087174559383
1449010087224554694
1449010087274558437
1449010087324558027
1449010087374560467
1449010087424525974
1449010087474561005
1449010087524552687
1449010087574555815
1449010087624515168
1449010087674564976
1449010087724557360
1449010087774562259
1449010087824562303
1449010087874560197
1449010087924558447
1449010087974563377
1449010088024562503
1449010088074560670
1449010088124558222
1449010088174562059
1449010088224517279
1449010088274558965
1449010088324558866
1449010088374561072
1449010088424558037
1449010088474558469
1449010088524536360
1449010088574507733
1449010088624561777
1449010088674560469
1449010088724495859
1449010088774554137
1449010088824559019
1449010088874561430
1449010088924559660
1449010088974560397
1449010089024560615
1449010089074560416
1449010089124557935
1449010089174560205
1449010089224557467
1449010089274562666
1449010089324553153
1449010089374555981
1449010089424558845
1449010089474540956
1449010089524558096
1449010089574558298
1449010089624561787
1449010089674556911
1449010089724556989
1449010089774558016
1449010089824561428
1449010089874558650
1449010089924557398
1449010089974557530
1449010090024523932
1449010090074555077
1449010090124557775
1449010090174542064
1449010090224501858
1449010090274538238
1449010090324511402
1449010090374522719
1449010090424523736
1449010090474540578
1449010090524558848
1449010090574514312
1449010090624563281
1449010090674513345
1449010090724557443
1449010090774510675
1449010090824562073
1449010090874522111
1449010090924541492
1449010090974554604
1449010091024558353
1449010091074559270
1449010091124543158
1449010091174560947
1449010091224532530
1449010091274557782
1449010091324533462
1449010091374511610
1449010091424562173
1449010091474561352
1449010091524515359
1449010091574565284
1449010091624555092
1449010091674560315
1449010091724555572
1449010091774560635
1449010091824556627
1449010091874560798
1449010091924555648
1449010091974562495
1449010092024556479
1449010092074560890
1449010092124556311
1449010092174558832
1449010092224557480
1449010092274542297
1449010092324508796
1449010092374562502
1449010092424557158
1449010092474557099
1449010092524560625
1449010092574562511
1449010092624558623
1449010092674563539
1449010092724542874
1449010092774496638
1449010092824561575
1449010092874560381
1449010092924558157
1449010092974561706
1449010093024558223
1449010093074562057
1449010093124558790
1449010093174559293
1449010093224543465
1449010093274561440
1449010093324563901
1449010093374561841
1449010093424563850
1449010093474564292
1449010093524563024
1449010093574557546
1449010093624562272
1449010093674562180
1449010093724563160
1449010093774561263
1449010093824562868
1449010093874559960
1449010093924559467
1449010093974511867
1449010094024559279
1449010094074557513
1449010094124543229
1449010094174510990
1449010094224563551
1449010094274561284
1449010094324560964
1449010094374537151
1449010094424561675
1449010094474562084
1449010094524539825
1449010094574560136
1449010094624557778
1449010094674560837
1449010094724560186
1449010094774556860
1449010094824558388
1449010094874541120
1449010094924559487
1449010094974558736
1449010095024559884
1449010095074542422
1449010095124528141
1449010095174562484
1449010095224562525
1449010095274555130
1449010095324560480
1449010095374557571
1449010095424559941
1449010095474562428
1449010095524565480
1449010095574561412
1449010095624563271
1449010095674561565
1449010095724557611
1449010095774558454
1449010095824557500
1449010095874559526
1449010095924559073
1449010095974559515
1449010096024542311
1449010096074561245
1449010096124551491
1449010096174560168
1449010096224562037
1449010096274559292
1449010096324557904
1449010096374563495
1449010096424557646
1449010096474560998
1449010096524561254
1449010096574557069
1449010096624558303
1449010096674554679
1449010096724557397
1449010096774558975
1449010096824521745
1449010096874524981
1449010096924542759
1449010096974537602
1449010097024532338
1449010097074558753
1449010097124561343
1449010097174561672
1449010097224554941
1449010097274560946
1449010097324552559
1449010097374560464
1449010097424562193
1449010097474560197
1449010097524559166
1449010097574504377
1449010097624560571
1449010097674561204
1449010097724560344
1449010097774557338
1449010097824560814
1449010097874552196
1449010097924545345
1449010097974560040
1449010098024561955
1449010098074563099
1449010098124563100
1449010098174565040
1449010098224563370
1449010098274532926
1449010098324561479
1449010098374562599
1449010098424562467
1449010098474561219
1449010098524558384
1449010098574560600
1449010098624558570
1449010098674557910
1449010098724559989
1449010098774557692
1449010098824542499
1449010098874522074
1449010098924557803
1449010098974559198
1449010099024560512
1449010099074518876
1449010099124558784
1449010099174514154
1449010099224558783
1449010099274559630
1449010099324559641
1449010099374561099
1449010099424562136
1449010099474562946
1449010099524556433
1449010099574561138
1449010099624557805
1449010099674557493
1449010099724552776
1449010099774513078
1449010099824560690
1449010099874554067
1449010099924562587
1449010099974560972
1449010100024560783
1449010100074560817
1449010100124567414
1449010100174559978
1449010100224566615
1449010100274498218
1449010100324555412
1449010100374566034
1449010100424563159
1449010100474560287
1449010100524557495
1449010100574561519
1449010100624561113
1449010100674544273
1449010100724511172
1449010100774561942
1449010100824557801
1449010100874496615
1449010100924561505
1449010100974560922
1449010101024561194
1449010101074520105
1449010101124557525
1449010101174558729
1449010101224556148
1449010101274525002
1449010101324557827
1449010101374560184
1449010101424557910
1449010101474561637
1449010101524558491
1449010101574559204
1449010101624546550
1449010101674558889
1449010101724561590
