1449009890464179402 1449009890464460389
1449009890514171422 1449009890514293104
1449009890564169134 1449009890564291158
1449009890614171696 1449009890614363753
1449009890664160847 1449009890664256740
1449009890714159932 1449009890714259514
1449009890814183732 1449009890814382926
1449009890864224295 1449009890864435894
1449009890914212633 1449009890914422365
1449009890964225387 1449009890964434895
1449009891014212061 1449009891014422398
1449009891064210195 1449009891064417351
1449009891114214640 1449009891114422381
1449009891164194499 1449009891164399754
1449009891214190294 1449009891214349324
1449009891264220794 1449009891264417767
1449009891314199514 1449009891314405989
1449009891364190548 1449009891364364539
1449009891414210645 1449009891414420244
1449009891464211418 1449009891464417445
1449009891514192868 1449009891514360995
1449009891614190582 1449009891614391766
1449009891664191051 1449009891664344893
1449009891714190795 1449009891714391219
1449009891764203211 1449009891764405924
1449009891814215534 1449009891814416185
1449009891864174617 1449009891864287276
1449009891964198943 1449009891964345823
1449009892014283914 1449009892014440005
1449009892064213516 1449009892064372456
1449009892114183502 1449009892114380369
1449009892164212733 1449009892164344151
1449009892214225911 1449009892214367509
1449009892264166712 1449009892264228048
1449009892314192986 1449009892314349274
1449009892364198520 1449009892364345754
1449009892414194061 1449009892414341382
1449009892464194236 1449009892464454957
1449009892514192169 1449009892514322094
1449009892564202187 1449009892564353032
1449009892614198754 1449009892614352479
1449009892714176827 1449009892714329416
1449009892764192751 1449009892764334779
1449009892814195612 1449009892814352240
1449009892864211706 1449009892864360611
1449009892914185301 1449009892914374901
1449009892964229656 1449009892964436335
1449009893014230894 1449009893014439711
1449009893064178797 1449009893064402621
1449009893114167898 1449009893114281743
1449009893164178041 1449009893164390740
1449009893214194537 1449009893214396655
1449009893264166334 1449009893264287367
1449009893314193888 1449009893314358164
1449009893364215702 1449009893364393934
1449009893414178742 1449009893414329202
1449009893464168349 1449009893464300923
1449009893514160048 1449009893514276897
1449009893564204168 1449009893564369560
1449009893664182659 1449009893664311644
1449009893714171472 1449009893714273919
1449009893764195748 1449009893764352034
1449009893814169888 1449009893814265731
1449009893864191257 1449009893864328250
1449009893914180310 1449009893914295856
1449009893964167440 1449009893964296343
1449009894014162927 1449009894014255828
1449009894064179683 1449009894064359607
1449009894114222708 1449009894114428531
1449009894164167635 1449009894164277819
1449009894214225771 1449009894214433893
1449009894264183061 1449009894264341783
1449009894314162828 1449009894314235236
1449009894364212395 1449009894364392660
1449009894414174382 1449009894414290500
1449009894464220790 1449009894464398389
1449009894514213478 1449009894514395631
1449009894564169930 1449009894564277599
1449009894614223804 1449009894614438534
1449009894664165624 1449009894664266568
1449009894714179483 1449009894714355251
1449009894764199206 1449009894764381378
1449009894814200192 1449009894814383461
1449009894864225655 1449009894864408432
1449009894914226592 1449009894914403265
1449009894964227124 1449009894964404353
1449009895014227466 1449009895014407057
1449009895064227788 1449009895064409661
1449009895114229717 1449009895114411466
1449009895214231123 1449009895214414425
1449009895264226828 1449009895264408323
1449009895314230996 1449009895314413299
1449009895364222995 1449009895364403521
1449009895414231058 1449009895414385746
1449009895464181210 1449009895464372818
1449009895514216859 1449009895514362856
1449009895564194363 1449009895564336368
1449009895614190996 1449009895614347782
1449009895714211716 1449009895714338918
1449009895764173601 1449009895764295614
1449009895814165090 1449009895814241057
1449009895864230198 1449009895864374228
1449009895964232663 1449009895964369935
1449009896014198193 1449009896014337526
1449009896064213292 1449009896064360025
1449009896114188157 1449009896114307978
1449009896164179792 1449009896164271884
1449009896214207553 1449009896214355355
1449009896264201337 1449009896264362773
1449009896414191970 1449009896414321440
1449009896464228805 1449009896464370683
1449009896514190292 1449009896514312706
1449009896564226257 1449009896564364298
1449009896614181441 1449009896614300057
1449009896664164247 1449009896664232754
1449009896714197541 1449009896714342000
1449009896764199125 1449009896764315765
1449009896814167495 1449009896814247224
1449009896864188304 1449009896864343021
1449009896914176318 1449009896914301652
1449009896964186511 1449009896964306952
1449009897014223584 1449009897014373713
1449009897064168102 1449009897064244679
1449009897114230853 1449009897114378094
1449009897164200533 1449009897164333552
1449009897214186820 1449009897214300781
1449009897264188143 1449009897264359841
1449009897314246892 1449009897314442826
1449009897364223407 1449009897364427690
1449009897414193981 1449009897414359927
1449009897464232824 1449009897464439873
1449009897514227072 1449009897514434856
1449009897564229900 1449009897564431881
1449009897614228020 1449009897614434358
1449009897664230868 1449009897664432512
1449009897714233018 1449009897714437788
1449009897764167045 1449009897764258701
1449009897814225046 1449009897814429596
1449009897864228144 1449009897864441160
1449009897964190969 1449009897964368301
1449009898014230901 1449009898014435936
1449009898064195763 1449009898064383518
1449009898114230660 1449009898114427239
1449009898164192812 1449009898164367003
1449009898214190896 1449009898214360527
1449009898264187246 1449009898264331509
1449009898314210920 1449009898314401539
1449009898414232976 1449009898414420835
1449009898464187224 1449009898464355966
1449009898514189900 1449009898514345731
1449009898564191743 1449009898564364622
1449009898614167370 1449009898614235991
1449009898664188579 1449009898664357352
1449009898714231484 1449009898714409160
1449009898764184469 1449009898764361955
1449009898814235048 1449009898814428364
1449009898864227493 1449009898864411627
1449009898914187059 1449009898914334483
1449009898964177415 1449009898964306404
1449009899014228141 1449009899014412499
1449009899064168213 1449009899064259882
1449009899114181969 1449009899114395036
1449009899164230491 1449009899164438900
1449009899214188831 1449009899214390131
1449009899264224600 1449009899264415940
1449009899314227361 1449009899314440882
1449009899364226731 1449009899364437886
1449009899464225855 1449009899464437795
1449009899514227477 1449009899514439317
1449009899564208595 1449009899564420733
1449009899614227643 1449009899614440225
1449009899664226923 1449009899664439083
1449009899714224164 1449009899714435998
1449009899764225996 1449009899764437837
1449009899814227120 1449009899814438667
1449009899864228562 1449009899864439680
1449009899914208277 1449009899914418657
1449009899964226276 1449009899964416961
1449009900014227650 1449009900014441442
1449009900064214088 1449009900064406347
1449009900114225578 1449009900114431829
1449009900164210038 1449009900164421768
1449009900214161877 1449009900214258141
1449009900264179860 1449009900264271361
1449009900314169818 1449009900314247663
1449009900364161753 1449009900364264995
1449009900414231717 1449009900414438736
1449009900464181658 1449009900464335633
1449009900514232496 1449009900514451380
1449009900564187618 1449009900564367048
1449009900614200752 1449009900614311393
1449009900664179078 1449009900664299721
1449009900764230179 1449009900764407922
1449009900814172630 1449009900814307925
1449009900864225678 1449009900864453127
1449009900914208805 1449009900914390914
1449009900964204587 1449009900964384648
1449009901014206502 1449009901014402782
1449009901064171177 1449009901064306808
1449009901114199877 1449009901114397511
1449009901164189174 1449009901164372944
1449009901214168766 1449009901214287444
1449009901264178573 1449009901264344744
1449009901314203821 1449009901314401319
1449009901364227737 1449009901364420757
1449009901414166906 1449009901414280725
1449009901464161354 1449009901464257145
1449009901514188061 1449009901514360014
1449009901564191547 1449009901564364575
1449009901614226908 1449009901614410220
1449009901664169336 1449009901664271267
1449009901714157841 1449009901714251790
1449009901764161873 1449009901764260216
1449009901814165440 1449009901814264627
1449009901864192774 1449009901864311677
1449009901914222389 1449009901914367117
1449009901964210283 1449009901964362154
1449009902014232338 1449009902014377874
1449009902064209076 1449009902064382673
1449009902114167939 1449009902114241863
1449009902164191339 1449009902164343170
1449009902214199923 1449009902214349445
1449009902264164772 1449009902264230871
1449009902364189316 1449009902364315913
1449009902414215467 1449009902414371006
1449009902464174008 1449009902464273390
1449009902514171576 1449009902514235991
1449009902564208592 1449009902564381160
1449009902614167614 1449009902614247759
1449009902664181239 1449009902664391937
1449009902764180006 1449009902764334336
1449009902814196879 1449009902814374976
1449009902864166271 1449009902864263653
1449009902914179041 1449009902914297594
1449009902964202799 1449009902964414516
1449009903014217340 1449009903014420347
1449009903064192405 1449009903064401319
1449009903114167878 1449009903114273679
1449009903164204960 1449009903164393871
1449009903214213751 1449009903214392560
1449009903264194165 1449009903264372419
1449009903314203614 1449009903314394313
1449009903364197485 1449009903364376447
1449009903414200490 1449009903414363362
1449009903464188026 1449009903464559227
1449009903514226835 1449009903514404825
1449009903564172229 1449009903564283378
1449009903614193977 1449009903614383520
1449009903664192364 1449009903664351164
1449009903714179751 1449009903714374375
1449009903764198217 1449009903764383821
1449009903814215170 1449009903814397671
1449009903864190686 1449009903864362920
1449009903914225439 1449009903914408227
1449009903964212231 1449009903964392961
1449009904014226301 1449009904014408804
1449009904064177302 1449009904064315556
1449009904114193603 1449009904114411069
1449009904164226031 1449009904164440838
1449009904214189453 1449009904214383556
1449009904264188549 1449009904264369091
1449009904314199966 1449009904314386595
1449009904364208856 1449009904364397496
1449009904414213429 1449009904414391130
1449009904464196589 1449009904464379046
1449009904514189953 1449009904514339916
1449009904564187671 1449009904564349645
1449009904614198250 1449009904614404618
1449009904664168819 1449009904664292789
1449009904714161830 1449009904714276887
1449009904814187431 1449009904814407279
1449009904864168320 1449009904864263916
1449009904914200881 1449009904914362243
1449009904964229724 1449009904964414727
1449009905014197967 1449009905014379842
1449009905064167411 1449009905064225737
1449009905114180270 1449009905114281382
1449009905164222456 1449009905164418808
1449009905214231962 1449009905214432310
1449009905264193570 1449009905264383627
1449009905314170132 1449009905314277148
1449009905364183951 1449009905364362308
1449009905414229064 1449009905414423251
1449009905464198677 1449009905464402622
1449009905514230644 1449009905514432782
1449009905564225878 1449009905564423860
1449009905614227409 1449009905614424322
1449009905664228961 1449009905664416840
1449009905714191273 1449009905714349131
1449009905764189360 1449009905764336985
1449009905864159901 1449009905864240969
1449009905914167449 1449009905914247847
1449009905964164519 1449009905964255039
1449009906014241368 1449009906014390146
1449009906064215431 1449009906064370412
1449009906114166795 1449009906114243338
1449009906164195031 1449009906164348869
1449009906214228337 1449009906214390522
1449009906264227306 1449009906264387991
1449009906314226516 1449009906314388747
1449009906364227409 1449009906364393603
1449009906414201986 1449009906414375762
1449009906464210865 1449009906464396185
1449009906514234349 1449009906514436198
1449009906564189703 1449009906564327577
1449009906614172289 1449009906614278270
1449009906664173051 1449009906664319229
1449009906714175396 1449009906714292847
1449009906764195772 1449009906764399881
1449009906814213263 1449009906814406618
1449009906914190567 1449009906914338907
1449009906964214987 1449009906964403067
1449009907014201782 1449009907014405350
1449009907064189108 1449009907064369849
1449009907114188752 1449009907114369097
1449009907164195335 1449009907164397460
1449009907214198350 1449009907214456688
1449009907264211581 1449009907264427878
1449009907314198359 1449009907314402054
1449009907364161108 1449009907364280990
1449009907414201479 1449009907414405989
1449009907464188574 1449009907464366130
1449009907514193994 1449009907514370758
1449009907564187401 1449009907564367205
1449009907614200445 1449009907614386326
1449009907664178761 1449009907664348639
1449009907714188073 1449009907714373750
1449009907764179772 1449009907764429886
1449009907814218157 1449009907814408161
1449009907914168035 1449009907914269536
1449009907964166096 1449009907964268071
1449009908014161441 1449009908014264717
1449009908064172769 1449009908064268525
1449009908114184034 1449009908114350813
1449009908164174785 1449009908164420387
1449009908214197598 1449009908214472458
1449009908264167865 1449009908264261152
1449009908364188369 1449009908364298810
1449009908414159707 1449009908414284370
1449009908464159764 1449009908464232173
1449009908514173073 1449009908514321170
1449009908564161305 1449009908564287666
1449009908614161355 1449009908614257980
1449009908664163519 1449009908664274708
1449009908714162644 1449009908714279888
1449009908764158761 1449009908764267281
1449009908814163157 1449009908814244475
1449009908864210147 1449009908864420227
1449009908964207824 1449009908964422130
1449009909014225001 1449009909014436277
1449009909064184839 1449009909064347633
1449009909114168459 1449009909114335428
1449009909164163721 1449009909164270020
1449009909214186520 1449009909214378020
1449009909264166313 1449009909264273701
1449009909314188243 1449009909314405846
1449009909364170976 1449009909364263272
1449009909414217351 1449009909414400854
1449009909464212348 1449009909464398507
1449009909514227427 1449009909514411147
1449009909564167634 1449009909564260093
1449009909614168924 1449009909614240498
1449009909664178320 1449009909664343270
1449009909714208209 1449009909714342561
1449009909764198144 1449009909764405998
1449009909814182727 1449009909814373910
1449009909864171565 1449009909864252540
1449009909914185359 1449009909914348125
1449009910014200232 1449009910014406379
1449009910064215635 1449009910064408489
1449009910114169003 1449009910114252023
1449009910164159589 1449009910164271275
1449009910214191372 1449009910214304119
1449009910264189655 1449009910264416247
1449009910364184656 1449009910364450990
1449009910464162945 1449009910464251317
1449009910514182462 1449009910514389271
1449009910564191903 1449009910564320085
1449009910614232538 1449009910614459459
1449009910664167570 1449009910664266289
1449009910714227790 1449009910714438999
1449009910764188943 1449009910764356072
1449009910814234855 1449009910814433504
1449009910864194953 1449009910864373188
1449009910914227895 1449009910914441647
1449009910964193803 1449009910964344468
1449009911014230046 1449009911014442204
1449009911064182690 1449009911064446388
1449009911114232344 1449009911114431185
1449009911164180012 1449009911164296356
1449009911214208169 1449009911214407915
1449009911264180248 1449009911264314464
1449009911364224025 1449009911364409429
1449009911414191176 1449009911414326212
1449009911464166988 1449009911464261099
1449009911614188792 1449009911614354281
1449009911664197590 1449009911664408622
1449009911714213040 1449009911714433927
1449009911764193627 1449009911764401017
1449009911814198977 1449009911814394079
1449009911864212001 1449009911864433427
1449009911914188857 1449009911914358471
1449009911964186713 1449009911964371526
1449009912014202250 1449009912014392728
1449009912064200177 1449009912064363600
1449009912114194388 1449009912114375706
1449009912164162408 1449009912164270520
1449009912214183339 1449009912214283703
1449009912264172481 1449009912264246867
1449009912314161761 1449009912314269090
1449009912364216622 1449009912364426414
1449009912414196558 1449009912414353520
1449009912464177148 1449009912464298341
1449009912514202003 1449009912514386484
1449009912564232844 1449009912564419908
1449009912614236016 1449009912614450826
1449009912664204907 1449009912664413212
1449009912714225541 1449009912714439864
1449009912764226398 1449009912764415356
1449009912914232643 1449009912914412728
1449009912964220283 1449009912964425722
1449009913014209971 1449009913014408802
1449009913064232513 1449009913064435998
1449009913114200502 1449009913114415078
1449009913164219089 1449009913164419102
1449009913214228775 1449009913214454915
1449009913264194345 1449009913264457983
1449009913314193743 1449009913314276039
1449009913364169295 1449009913364251161
1449009913414167926 1449009913414247402
1449009913464189250 1449009913464260370
1449009913564206534 1449009913564392022
1449009913614187503 1449009913614340105
1449009913664188934 1449009913664350427
1449009913714193960 1449009913714377392
1449009913764209456 1449009913764420535
1449009913814212411 1449009913814418953
1449009913914207309 1449009913914419760
1449009913964225040 1449009913964437636
1449009914064182934 1449009914064387899
1449009914114218065 1449009914114424660
1449009914164188737 1449009914164352718
1449009914214188691 1449009914214364430
1449009914264229869 1449009914264418911
1449009914314217372 1449009914314404393
1449009914364193767 1449009914364368351
1449009914414193775 1449009914414361639
1449009914464195961 1449009914464366862
1449009914514217265 1449009914514414865
1449009914564229974 1449009914564419434
1449009914614213872 1449009914614403967
1449009914664234176 1449009914664415544
1449009914714206408 1449009914714392440
1449009914764194235 1449009914764354696
1449009914814234044 1449009914814425087
1449009914864231078 1449009914864417354
1449009914914231287 1449009914914421561
1449009914964229698 1449009914964418566
1449009915014229134 1449009915014417635
1449009915064232136 1449009915064418709
1449009915114197636 1449009915114384305
1449009915164172520 1449009915164261592
1449009915214181343 1449009915214287372
1449009915264210749 1449009915264389000
1449009915314161698 1449009915314258426
1449009915364223341 1449009915364406629
1449009915414168506 1449009915414267877
1449009915464220400 1449009915464406585
1449009915514194539 1449009915514332659
1449009915564168385 1449009915564266756
1449009915614192060 1449009915614369121
1449009915664200841 1449009915664348663
1449009915714174463 1449009915714275572
1449009915764221090 1449009915764404512
1449009915814225711 1449009915814409992
1449009915864164004 1449009915864256576
1449009915914183074 1449009915914354853
1449009915964167202 1449009915964248073
1449009916014218123 1449009916014504809
1449009916114198838 1449009916114393246
1449009916164227017 1449009916164444590
1449009916214176895 1449009916214331565
1449009916264194245 1449009916264321093
1449009916314206117 1449009916314389560
1449009916364167112 1449009916364258112
1449009916414169226 1449009916414270923
1449009916464216047 1449009916464392059
1449009916514208524 1449009916514382946
1449009916564195102 1449009916564356652
1449009916614215941 1449009916614392675
1449009916664217636 1449009916664393571
1449009916714217046 1449009916714417734
1449009916764225984 1449009916764401525
1449009916814211827 1449009916814390525
1449009916864214030 1449009916864391769
1449009916914170911 1449009916914256689
1449009916964198156 1449009916964389744
1449009917014199173 1449009917014406520
1449009917114215650 1449009917114393009
1449009917164212274 1449009917164396478
1449009917214174099 1449009917214251161
1449009917264204225 1449009917264386140
1449009917314206698 1449009917314408215
1449009917364191966 1449009917364392795
1449009917414197129 1449009917414395055
1449009917464232257 1449009917464416949
1449009917514209473 1449009917514398933
1449009917564232694 1449009917564403264
1449009917614222826 1449009917614417361
1449009917664181591 1449009917664341843
1449009917714203154 1449009917714386283
1449009917764208611 1449009917764395318
1449009917814230435 1449009917814421128
1449009917864231994 1449009917864404404
1449009917914170571 1449009917914253918
1449009917964221536 1449009917964412612
1449009918014234520 1449009918014424193
1449009918064233422 1449009918064423807
1449009918114235295 1449009918114421924
1449009918164233191 1449009918164428090
1449009918214171334 1449009918214255663
1449009918264221564 1449009918264416706
1449009918314237502 1449009918314432250
1449009918364172100 1449009918364255350
1449009918414221862 1449009918414416283
1449009918464215302 1449009918464384118
1449009918514199130 1449009918514403276
1449009918564214459 1449009918564406561
1449009918614230039 1449009918614427240
1449009918664232546 1449009918664429202
1449009918714233259 1449009918714429143
1449009918764230187 1449009918764435045
1449009918814199238 1449009918814400387
1449009918864206870 1449009918864394084
1449009918914200748 1449009918914429085
1449009918964201591 1449009918964408216
1449009919014205785 1449009919014417124
1449009919064199235 1449009919064409725
1449009919114229421 1449009919114395295
1449009919164208499 1449009919164447704
1449009919214189390 1449009919214359963
1449009919264215651 1449009919264402992
1449009919314191531 1449009919314317216
1449009919364199361 1449009919364379081
1449009919414181553 1449009919414343675
1449009919464182153 1449009919464405854
1449009919564188537 1449009919564381752
1449009919614225051 1449009919614433614
1449009919664210226 1449009919664419978
1449009919714188912 1449009919714395694
1449009919764169095 1449009919764294294
1449009919814195052 1449009919814395883
1449009919864231326 1449009919864444198
1449009919914194554 1449009919914402371
1449009919964234228 1449009919964449229
1449009920014222135 1449009920014428152
1449009920064211636 1449009920064424409
1449009920114211658 1449009920114423424
1449009920164211265 1449009920164419390
1449009920214183781 1449009920214454153
1449009920264228396 1449009920264435031
1449009920314211282 1449009920314421539
1449009920364203486 1449009920364387221
