1449014858198266904
1449014858248224102
1449014858298229616
1449014858348252262
1449014858398237777
1449014858448238216
1449014858498225739
1449014858548230063
1449014858598231151
1449014858648238054
1449014858698218117
1449014858748223460
1449014858798233144
1449014858848236944
1449014858898202123
1449014858948236997
1449014858998233416
1449014859048238065
1449014859098219932
1449014859148223318
1449014859198233916
1449014859248237446
1449014859298236625
1449014859348164346
1449014859398225997
1449014859448237073
1449014859498234352
1449014859548230748
1449014859598215485
1449014859648237075
1449014859698235380
1449014859748227640
1449014859798231310
1449014859848236459
1449014859898235338
1449014859948226115
1449014859998216431
1449014860048232957
1449014860098197691
1449014860148236340
1449014860198237130
1449014860248232762
1449014860298239936
1449014860348235016
1449014860398234570
1449014860448235293
1449014860498234823
1449014860548230608
1449014860598234622
1449014860648235154
1449014860698216403
1449014860748185351
1449014860798280201
1449014860848231662
1449014860898232672
1449014860948230863
1449014860998232247
1449014861048233989
1449014861098209061
1449014861148226298
1449014861198214101
1449014861248234432
1449014861298236291
1449014861348234415
1449014861398194856
1449014861448233081
1449014861498201528
1449014861548234119
1449014861598198968
1449014861648234052
1449014861698198286
1449014861748182441
1449014861798272456
1449014861848235197
1449014861898234326
1449014861948235908
1449014861998234101
1449014862048241099
1449014862098207113
1449014862148236975
1449014862198235343
1449014862248236881
1449014862298236124
1449014862348249432
1449014862398235008
1449014862448255011
1449014862498205246
1449014862548171121
1449014862598187073
1449014862648172173
1449014862698187097
1449014862748185424
1449014862798269707
1449014862848226186
1449014862898217351
1449014862948236178
1449014862998185917
1449014863048207931
1449014863098198948
1449014863148228824
1449014863198235754
1449014863248235110
1449014863298203109
1449014863348230516
1449014863398237660
1449014863448177930
1449014863498243717
1449014863548218474
1449014863598174599
1449014863648232148
1449014863698220319
1449014863748219636
1449014863798184164
1449014863848179761
1449014863898277765
1449014863948231361
1449014863998174225
1449014864048232770
1449014864098185644
1449014864148178084
1449014864198235868
1449014864248173386
1449014864298189148
1449014864348175421
1449014864398188439
1449014864448177456
1449014864498189269
1449014864548164114
1449014864598168418
1449014864648228500
1449014864698208853
1449014864748229364
1449014864798193912
1449014864848221141
1449014864898179816
1449014864948166157
1449014864998164670
1449014865048172487
1449014865098166169
1449014865148160708
1449014865198201757
1449014865248184914
1449014865298253874
1449014865348178542
1449014865398237503
1449014865448235894
1449014865498235618
1449014865548237083
1449014865598220821
1449014865648236421
1449014865698234488
1449014865748236063
1449014865798236027
1449014865848235581
1449014865898233985
1449014865948225848
1449014865998173207
1449014866048165825
1449014866098216037
1449014866148229622
1449014866198198503
1449014866248233063
1449014866298232359
1449014866348236727
1449014866398232579
1449014866448237541
1449014866498231957
1449014866548235951
1449014866598232043
1449014866648230812
1449014866698233766
1449014866748220318
1449014866798223329
1449014866848169579
1449014866898163116
1449014866948159489
1449014866998171963
1449014867048170223
1449014867098196118
1449014867148256770
1449014867198198237
1449014867248238996
1449014867298197303
1449014867348220851
1449014867398194887
1449014867448226961
1449014867498177962
1449014867548164521
1449014867598163551
1449014867648167347
1449014867698163752
1449014867748182521
1449014867798195003
1449014867848229618
1449014867898218694
1449014867948231598
1449014867998197726
1449014868048247306
1449014868098219465
1449014868148245642
1449014868198212274
1449014868248230417
1449014868298218127
1449014868348231896
1449014868398214478
1449014868448229737
1449014868498197371
1449014868548230061
1449014868598188611
1449014868648167947
1449014868698165216
1449014868748165185
1449014868798208368
1449014868848221670
1449014868898218280
1449014868948236058
1449014868998231930
1449014869048237508
1449014869098180406
1449014869148218267
1449014869198201510
1449014869248166035
1449014869298183387
1449014869348166544
1449014869398235506
1449014869448234989
1449014869498205464
1449014869548227876
1449014869598199376
1449014869648172559
1449014869698184785
1449014869748159042
1449014869798180107
1449014869848221182
1449014869898173045
1449014869948528641
1449014869998232682
1449014870048241141
1449014870098234921
1449014870148233753
1449014870198164676
1449014870248173645
1449014870298191380
1449014870348165087
1449014870398197002
1449014870448173419
1449014870498212176
1449014870548237755
1449014870598184122
1449014870648171552
1449014870698194217
1449014870748231553
1449014870798176315
1449014870848223935
1449014870898217532
1449014870948249088
1449014870998173996
1449014871048224278
1449014871098171128
1449014871148175830
1449014871198188576
1449014871248179174
1449014871298248516
1449014871348185431
1449014871398211453
1449014871448251079
1449014871498203723
1449014871548176710
1449014871598206766
1449014871648232880
1449014871698196669
1449014871748215867
1449014871798187651
1449014871848174815
1449014871898185833
1449014871948184421
1449014871998310412
1449014872048173220
1449014872098164864
1449014872148237888
1449014872198235317
1449014872248235408
1449014872298196632
1449014872348177897
1449014872398180715
1449014872448221566
1449014872498180723
1449014872548221515
1449014872598178958
1449014872648165552
1449014872698177800
1449014872748179536
1449014872798199622
1449014872848222973
1449014872898177145
1449014872948165249
1449014872998189458
1449014873048173869
1449014873098167129
1449014873148217617
1449014873198171549
1449014873248167558
1449014873298224278
1449014873348245407
1449014873398231777
1449014873448218004
1449014873498179276
1449014873548221127
1449014873598197787
1449014873648171014
1449014873698175500
1449014873748235158
1449014873798213523
1449014873848226685
1449014873898212136
1449014873948232801
1449014873998233253
1449014874048218876
1449014874098174366
1449014874148230471
1449014874198209876
1449014874248269085
1449014874298192270
1449014874348222579
1449014874398170647
1449014874448183903
1449014874498185202
1449014874548172906
1449014874598188084
1449014874648228306
1449014874698232544
1449014874748219185
1449014874798217706
1449014874848246780
1449014874898217569
1449014874948235932
1449014874998201849
1449014875048230428
1449014875098172706
1449014875148250243
1449014875198207073
1449014875248229953
1449014875298238393
1449014875348231232
1449014875398233719
1449014875448236125
1449014875498235432
1449014875548233693
1449014875598225596
1449014875648237397
1449014875698237328
1449014875748224855
1449014875798212174
1449014875848250362
1449014875898234761
1449014875948235668
1449014875998236969
1449014876048237521
1449014876098216939
1449014876148237464
1449014876198200354
1449014876248173195
1449014876298169988
1449014876348220400
1449014876398195402
1449014876448180188
1449014876498211675
1449014876548178680
1449014876598214360
1449014876648230769
1449014876698187472
1449014876748233571
1449014876798232196
1449014876848227901
1449014876898235904
1449014876948237104
1449014876998235529
1449014877048228190
1449014877098235488
1449014877148226746
1449014877198238234
1449014877248232358
1449014877298236369
1449014877348234138
1449014877398237153
1449014877448246803
1449014877498235298
1449014877548244868
1449014877598232067
1449014877648222898
1449014877698235163
1449014877748238045
1449014877798220075
1449014877848245875
1449014877898236712
1449014877948236744
1449014877998235362
1449014878048237381
1449014878098235795
1449014878148235342
1449014878198235290
1449014878248237443
1449014878298236055
1449014878348235294
1449014878398239188
1449014878448235484
1449014878498203530
1449014878548238500
1449014878598218914
1449014878648238282
1449014878698234375
1449014878748240280
1449014878798216965
1449014878848234436
1449014878898233452
1449014878948235825
1449014878998232549
1449014879048234685
1449014879098233781
1449014879148234511
1449014879198236443
1449014879248233952
1449014879298230225
1449014879348236153
1449014879398229105
1449014879448233409
1449014879498202400
1449014879548234919
1449014879598202637
1449014879648228667
1449014879698230703
1449014879748232061
1449014879798189539
1449014879848234179
1449014879898175126
1449014879948233483
1449014879998215360
1449014880048234137
1449014880098185591
1449014880148234614
1449014880198195898
1449014880248229925
1449014880298212418
1449014880348236865
1449014880398218167
1449014880448217777
1449014880498228987
1449014880548236065
1449014880598201812
1449014880648230645
1449014880698233483
1449014880748226980
1449014880798226503
1449014880848248591
1449014880898238012
1449014880948236904
1449014880998219359
1449014881048240455
1449014881098240536
1449014881148239936
1449014881198199837
1449014881248240099
1449014881298240041
1449014881348239855
1449014881398237621
1449014881448238668
1449014881498238259
1449014881548238373
1449014881598211103
1449014881648228414
1449014881698234549
1449014881748235479
1449014881798188754
1449014881848234279
1449014881898234253
1449014881948236116
1449014881998235479
1449014882048233452
1449014882098199112
1449014882148235276
1449014882198234562
1449014882248233899
1449014882298233796
1449014882348234336
1449014882398231083
1449014882448236343
1449014882498204850
1449014882548237151
1449014882598215389
1449014882648234838
1449014882698231529
1449014882748227852
1449014882798187398
1449014882848232341
1449014882898234835
1449014882948234325
1449014882998237006
1449014883048234852
1449014883098233938
1449014883148235336
1449014883198232808
1449014883248231256
1449014883298234498
1449014883348237189
1449014883398234163
1449014883448234479
1449014883498234002
1449014883548234251
1449014883598232649
1449014883648260523
1449014883698226765
1449014883748186017
1449014883798245109
1449014883848235816
1449014883898229008
1449014883948233580
1449014883998235512
1449014884048233957
1449014884098237580
1449014884148177469
1449014884198195584
1449014884248234741
1449014884298175341
1449014884348246406
1449014884398201737
1449014884448174288
1449014884498173486
1449014884548238571
1449014884598174344
1449014884648228704
1449014884698231956
1449014884748173847
1449014884798210363
1449014884848264498
1449014884898235657
1449014884948226638
1449014884998207823
1449014885048238066
1449014885098237553
1449014885148227602
1449014885198222097
1449014885248250710
1449014885298187488
1449014885348182435
1449014885398245118
1449014885448228442
1449014885498186521
1449014885548230817
1449014885598217140
1449014885648240581
1449014885698201143
1449014885748246427
1449014885798189956
1449014885848222309
1449014885898188604
1449014885948241662
1449014885998202354
1449014886048232734
1449014886098172993
1449014886148166895
1449014886198161542
1449014886248164674
1449014886298164529
1449014886348164944
1449014886398164216
1449014886448234068
1449014886498237978
1449014886548232120
1449014886598236497
1449014886648237037
1449014886698236617
1449014886748238466
1449014886798197989
1449014886848235899
1449014886898219647
1449014886948233724
1449014886998217458
1449014887048185574
1449014887098239337
1449014887148236756
1449014887198236831
1449014887248236331
1449014887298237154
1449014887348177147
1449014887398270212
1449014887448236697
1449014887498229743
1449014887548234168
1449014887598219472
1449014887648185580
1449014887698250472
1449014887748179101
1449014887798266267
1449014887848237359
1449014887898232553
1449014887948235759
1449014887998233568
1449014888048225294
