1449015660046180456 1449015660046325648
1449015660096250255 1449015660096434927
1449015660146218401 1449015660146362237
1449015660196251738 1449015660196434609
1449015660246216232 1449015660246397266
1449015660296252031 1449015660296435808
1449015660346256503 1449015660346438322
1449015660396253060 1449015660396432366
1449015660446252433 1449015660446428956
1449015660546252750 1449015660546435972
1449015660646252382 1449015660646432186
1449015660696252667 1449015660696433550
1449015660746249561 1449015660746428323
1449015660796252646 1449015660796434592
1449015660846238873 1449015660846421103
1449015660896221792 1449015660896408659
1449015660946245604 1449015660946426384
1449015660996250229 1449015660996429365
1449015661046252389 1449015661046431979
1449015661096250215 1449015661096431002
1449015661196252306 1449015661196430487
1449015661246216790 1449015661246400781
1449015661296252319 1449015661296438477
1449015661346253319 1449015661346434510
1449015661396226673 1449015661396402128
1449015661446251250 1449015661446433116
1449015661496251759 1449015661496436889
1449015661546253121 1449015661546436637
1449015661596252748 1449015661596435158
1449015661646241441 1449015661646430990
1449015661696249887 1449015661696431298
1449015661746249013 1449015661746432005
1449015661796233700 1449015661796415104
1449015661846252066 1449015661846438459
1449015661896251473 1449015661896469350
1449015661946255563 1449015661946473962
1449015661996255942 1449015661996473810
1449015662046256983 1449015662046474312
1449015662096233270 1449015662096443594
1449015662146239325 1449015662146457827
1449015662196256930 1449015662196475876
1449015662246252551 1449015662246470261
1449015662296256231 1449015662296474793
1449015662346255888 1449015662346473395
1449015662396241834 1449015662396458669
1449015662446238358 1449015662446454678
1449015662496255722 1449015662496473335
1449015662546254430 1449015662546475842
1449015662596257131 1449015662596473929
1449015662646253531 1449015662646471291
1449015662696243119 1449015662696461874
1449015662746212517 1449015662746427030
1449015662796255760 1449015662796470520
1449015662846256660 1449015662846473348
1449015662896257072 1449015662896479089
1449015662946257454 1449015662946472906
1449015662996256530 1449015662996474668
1449015663046255696 1449015663046473400
1449015663096254335 1449015663096470408
1449015663146238734 1449015663146456738
1449015663196215573 1449015663196433570
1449015663296255513 1449015663296474205
1449015663346258491 1449015663346476278
1449015663396255723 1449015663396474308
1449015663446256937 1449015663446473965
1449015663496248977 1449015663496462658
1449015663546246509 1449015663546546248
1449015663596254986 1449015663596473254
1449015663746256801 1449015663746472350
1449015663796253224 1449015663796470567
1449015663846249307 1449015663846472663
1449015663896252031 1449015663896474913
1449015663946253422 1449015663946479351
1449015663996246598 1449015663996462160
1449015664046251116 1449015664046475364
1449015664146214275 1449015664146431220
1449015664196253051 1449015664196469111
1449015664246249879 1449015664246444530
1449015664296251771 1449015664296433266
1449015664346252384 1449015664346443534
1449015664396251637 1449015664396435838
1449015664446249707 1449015664446439253
1449015664496255294 1449015664496440224
1449015664546219535 1449015664546402459
1449015664596221818 1449015664596408257
1449015664646250287 1449015664646436329
1449015664696218600 1449015664696400245
1449015664746251178 1449015664746435626
1449015664796219785 1449015664796421148
1449015664846253931 1449015664846473398
1449015664946253506 1449015664946464898
1449015664996237190 1449015664996446601
1449015665046253164 1449015665046466341
1449015665096218544 1449015665096427731
1449015665146214072 1449015665146398303
1449015665196216853 1449015665196437185
1449015665246223359 1449015665246443047
1449015665346254582 1449015665346470491
1449015665396254871 1449015665396443719
1449015665446242400 1449015665446458931
1449015665496221986 1449015665496435737
1449015665546256926 1449015665546484843
1449015665596256276 1449015665596468337
1449015665646255522 1449015665646468989
1449015665696240606 1449015665696445173
1449015665746255194 1449015665746471364
1449015665796240355 1449015665796453264
1449015665846252999 1449015665846467014
1449015665896224188 1449015665896396138
1449015665996252418 1449015665996453978
1449015666046252078 1449015666046469785
1449015666096235419 1449015666096457118
1449015666146216704 1449015666146429694
1449015666196252680 1449015666196462783
1449015666296251233 1449015666296459956
1449015666346249240 1449015666346461778
1449015666396250464 1449015666396463824
1449015666446207388 1449015666446420334
1449015666496246952 1449015666496456454
1449015666596252073 1449015666596466265
1449015666646251126 1449015666646465525
1449015666696250970 1449015666696462894
1449015666746218361 1449015666746401339
1449015666796254798 1449015666796481692
1449015666846223512 1449015666846430765
1449015666896251981 1449015666896463601
1449015666996252929 1449015666996464512
1449015667046251958 1449015667046461223
1449015667096236966 1449015667096449868
1449015667146256785 1449015667146477957
1449015667196257772 1449015667196470324
1449015667246218491 1449015667246426406
1449015667296245534 1449015667296458082
1449015667346234767 1449015667346448341
1449015667396219561 1449015667396428354
1449015667446252360 1449015667446459633
1449015667496214533 1449015667496302945
1449015667546243783 1449015667546450689
1449015667596217792 1449015667596421100
1449015667646250758 1449015667646456742
1449015667746252047 1449015667746457750
1449015667796251340 1449015667796453799
1449015667846253677 1449015667846461013
1449015667896252529 1449015667896458362
1449015667946251127 1449015667946458173
1449015667996253223 1449015667996456394
1449015668046252773 1449015668046464904
1449015668096252989 1449015668096458100
1449015668146251273 1449015668146457420
1449015668246216112 1449015668246413523
1449015668296232705 1449015668296437496
1449015668346257178 1449015668346472206
1449015668396257159 1449015668396471348
1449015668446253382 1449015668446469332
1449015668546248093 1449015668546464229
1449015668596251285 1449015668596499975
1449015668646253180 1449015668646467339
1449015668696252316 1449015668696465049
1449015668796255770 1449015668796468649
1449015668846251626 1449015668846464007
1449015668896250204 1449015668896460260
1449015668946250716 1449015668946463024
1449015669046250482 1449015669046463394
1449015669096253396 1449015669096466920
1449015669146251310 1449015669146446281
1449015669196247937 1449015669196458354
1449015669246200601 1449015669246411682
1449015669296252486 1449015669296428184
1449015669346252087 1449015669346465186
1449015669396251670 1449015669396463220
1449015669446253295 1449015669446458537
1449015669496253678 1449015669496459979
1449015669546255857 1449015669546461293
1449015669596253423 1449015669596501135
1449015669646252900 1449015669646500598
1449015669746235446 1449015669746484193
1449015669796256659 1449015669796507077
1449015669846251051 1449015669846497857
1449015669896251741 1449015669896460591
1449015669946252180 1449015669946458150
1449015669996251022 1449015669996457196
1449015670046249099 1449015670046456826
1449015670096252892 1449015670096457840
1449015670146232965 1449015670146450765
1449015670196227651 1449015670196430945
1449015670246251052 1449015670246458829
1449015670296250445 1449015670296460965
1449015670346251950 1449015670346462544
1449015670496251072 1449015670496457530
1449015670546250027 1449015670546459656
1449015670596251061 1449015670596460766
1449015670646250057 1449015670646461022
1449015670696250202 1449015670696458594
1449015670746254185 1449015670746466229
1449015670796250171 1449015670796459639
1449015670846249528 1449015670846460038
1449015670896251333 1449015670896460771
1449015670946246761 1449015670946452307
1449015670996234551 1449015670996444347
1449015671046203619 1449015671046414504
1449015671096249885 1449015671096452150
1449015671146248934 1449015671146456598
1449015671196251308 1449015671196454532
1449015671246205585 1449015671246345472
1449015671296218513 1449015671296400331
1449015671346251101 1449015671346459778
1449015671396251233 1449015671396459421
1449015671446207956 1449015671446373521
1449015671496247287 1449015671496459337
1449015671546252847 1449015671546463608
1449015671596251038 1449015671596459774
1449015671646207099 1449015671646371930
1449015671696247446 1449015671696458247
1449015671746251660 1449015671746462688
1449015671796236667 1449015671796449419
1449015671846207188 1449015671846377585
1449015671896247177 1449015671896458252
1449015671946248939 1449015671946458815
1449015671996236462 1449015671996447089
1449015672046205132 1449015672046412252
1449015672096253901 1449015672096414391
1449015672146260330 1449015672146408563
1449015672196252307 1449015672196399273
1449015672246217770 1449015672246382727
1449015672296247268 1449015672296396068
1449015672346207673 1449015672346306457
1449015672396246181 1449015672396394260
1449015672446258183 1449015672446416262
1449015672496253394 1449015672496400918
1449015672546211878 1449015672546324279
1449015672596249160 1449015672596396885
1449015672646249689 1449015672646400842
1449015672696251986 1449015672696397028
1449015672746253818 1449015672746395853
1449015672796239260 1449015672796385809
1449015672846253507 1449015672846401489
1449015672946252350 1449015672946400559
1449015672996253200 1449015672996404683
1449015673046233406 1449015673046382247
1449015673096217612 1449015673096366934
1449015673146253999 1449015673146402653
1449015673196232071 1449015673196379589
1449015673246250801 1449015673246397825
1449015673296253061 1449015673296400950
1449015673346252367 1449015673346400316
1449015673446252714 1449015673446401097
1449015673496255973 1449015673496403738
1449015673596212524 1449015673596341456
1449015673646251557 1449015673646402974
1449015673696251822 1449015673696401057
1449015673746251546 1449015673746397073
1449015673796237877 1449015673796388314
1449015673846252170 1449015673846401876
1449015673896251871 1449015673896405295
1449015673946249721 1449015673946399530
1449015673996216433 1449015673996361876
1449015674046192995 1449015674046291796
1449015674096246107 1449015674096391690
1449015674146217236 1449015674146365228
1449015674196223592 1449015674196569810
1449015674246213537 1449015674246368057
1449015674296228569 1449015674296380884
1449015674346227344 1449015674346437180
1449015674446208314 1449015674446384242
1449015674496246963 1449015674496456290
1449015674546217848 1449015674546429641
1449015674596236191 1449015674596446715
1449015674646207470 1449015674646378628
1449015674696247342 1449015674696455561
1449015674746233783 1449015674746448332
1449015674796233650 1449015674796442260
1449015674846208348 1449015674846374351
1449015674896248420 1449015674896456074
1449015674946217090 1449015674946411174
1449015674996244554 1449015674996447350
1449015675046200258 1449015675046407317
1449015675096250226 1449015675096439057
1449015675146217760 1449015675146408416
1449015675196251866 1449015675196461685
1449015675246217469 1449015675246425253
1449015675296251488 1449015675296468022
1449015675346210616 1449015675346376696
1449015675396245811 1449015675396454811
1449015675446252467 1449015675446462102
1449015675496251409 1449015675496458873
1449015675546210034 1449015675546388625
1449015675596220549 1449015675596402802
1449015675646251664 1449015675646462205
1449015675696253827 1449015675696464274
1449015675746209271 1449015675746372698
1449015675796229882 1449015675796441178
1449015675846250594 1449015675846461725
1449015675896252192 1449015675896463137
1449015675946207709 1449015675946366977
1449015675996244681 1449015675996456374
1449015676096219754 1449015676096426649
1449015676146210127 1449015676146393028
1449015676196247576 1449015676196460024
1449015676246250294 1449015676246469841
1449015676296252046 1449015676296463575
1449015676346208926 1449015676346369149
1449015676396244895 1449015676396455142
1449015676446256349 1449015676446466105
1449015676496241895 1449015676496450040
1449015676546211985 1449015676546388996
1449015676596220094 1449015676596416707
1449015676646251965 1449015676646462485
1449015676696252608 1449015676696463703
1449015676746209438 1449015676746371999
1449015676796225806 1449015676796433370
1449015676846254994 1449015676846465016
1449015676896252182 1449015676896462732
1449015676946210111 1449015676946370615
1449015676996248072 1449015676996466644
1449015677046249152 1449015677046460705
1449015677096247026 1449015677096456554
1449015677146232294 1449015677146440201
1449015677196218002 1449015677196426946
1449015677246216143 1449015677246423971
1449015677396252346 1449015677396463447
1449015677446254859 1449015677446465276
1449015677496252064 1449015677496461369
1449015677546210258 1449015677546387743
1449015677596248018 1449015677596458331
1449015677646247578 1449015677646456101
1449015677696251943 1449015677696461882
1449015677746252539 1449015677746465181
1449015677796254458 1449015677796466649
1449015677846258037 1449015677846479663
1449015677946248959 1449015677946456553
1449015677996253063 1449015677996460787
1449015678046249249 1449015678046454789
1449015678096251830 1449015678096456838
1449015678146207233 1449015678146365071
1449015678196221965 1449015678196425302
1449015678246251333 1449015678246501974
1449015678296251692 1449015678296461400
1449015678346250938 1449015678346456781
1449015678396252209 1449015678396456398
1449015678446252591 1449015678446457539
1449015678496253571 1449015678496462288
1449015678696252952 1449015678696467929
1449015678746253127 1449015678746461920
1449015678796255139 1449015678796465145
1449015678846208545 1449015678846374959
1449015678896246122 1449015678896454040
1449015678946244599 1449015678946449744
1449015678996250371 1449015678996458222
1449015679046207655 1449015679046375850
1449015679096245636 1449015679096453099
1449015679146205757 1449015679146412559
1449015679196252103 1449015679196421277
1449015679246221288 1449015679246427362
1449015679296218216 1449015679296424864
1449015679346208959 1449015679346371979
1449015679396247993 1449015679396455984
1449015679446252608 1449015679446458922
1449015679496255028 1449015679496468308
1449015679546211935 1449015679546392554
1449015679596248706 1449015679596464225
1449015679646252209 1449015679646460421
1449015679696252464 1449015679696461134
1449015679746207477 1449015679746369223
1449015679796247151 1449015679796463949
1449015679946205384 1449015679946376495
1449015679996247434 1449015679996457306
1449015680046234813 1449015680046443273
1449015680096254235 1449015680096460576
1449015680146248534 1449015680146456044
1449015680196219900 1449015680196427594
1449015680246252188 1449015680246483162
1449015680296258397 1449015680296468376
1449015680346209374 1449015680346371895
1449015680396247438 1449015680396465445
1449015680446256854 1449015680446465514
1449015680496252265 1449015680496466400
1449015680546211440 1449015680546390974
1449015680596247083 1449015680596457847
1449015680646252172 1449015680646463461
1449015680696252254 1449015680696463953
1449015680796220534 1449015680796437783
1449015680896251106 1449015680896462683
1449015680946209066 1449015680946369249
1449015680996248092 1449015680996459191
1449015681046249480 1449015681046460862
1449015681096249849 1449015681096449401
1449015681146248283 1449015681146456622
1449015681196254355 1449015681196465093
1449015681246216123 1449015681246424081
1449015681296250947 1449015681296403041
1449015681346250474 1449015681346401483
1449015681446249160 1449015681446398221
1449015681496252863 1449015681496404680
1449015681546211213 1449015681546322242
1449015681596247580 1449015681596401920
1449015681646256910 1449015681646407621
1449015681696256323 1449015681696406941
1449015681746252245 1449015681746401213
1449015681796253499 1449015681796401244
1449015681846253424 1449015681846402314
1449015681896253298 1449015681896403966
1449015681946253790 1449015681946399778
1449015681996250985 1449015681996402131
1449015682046249674 1449015682046400596
1449015682096253407 1449015682096400003
1449015682146249827 1449015682146398998
1449015682196238843 1449015682196384280
1449015682296254475 1449015682296405524
1449015682346199264 1449015682346297380
1449015682446252985 1449015682446406136
1449015682496253869 1449015682496407126
1449015682546212870 1449015682546329936
1449015682596249648 1449015682596401082
1449015682646254865 1449015682646404364
1449015682696252153 1449015682696395685
1449015682746208900 1449015682746309034
1449015682796243319 1449015682796390022
1449015682846219564 1449015682846364783
1449015682896252760 1449015682896400458
1449015682946251051 1449015682946406076
1449015682996253418 1449015682996400615
1449015683046256493 1449015683046407889
1449015683096254920 1449015683096403871
1449015683146207341 1449015683146304444
1449015683196249451 1449015683196401422
1449015683246205279 1449015683246356334
1449015683296218607 1449015683296367434
1449015683346253875 1449015683346407276
1449015683396224199 1449015683396383196
1449015683446209975 1449015683446312487
1449015683496254306 1449015683496406030
1449015683546246316 1449015683546397649
1449015683596250838 1449015683596398339
1449015683646207661 1449015683646314834
1449015683696245756 1449015683696394102
1449015683746252305 1449015683746404921
1449015683796252758 1449015683796399504
1449015683896251193 1449015683896393934
1449015683946251746 1449015683946400460
1449015683996250384 1449015683996398032
1449015684046252233 1449015684046402865
1449015684096251783 1449015684096399699
1449015684196249270 1449015684196401352
1449015684246205048 1449015684246364890
1449015684296252895 1449015684296399654
1449015684346207186 1449015684346306190
1449015684446250794 1449015684446399868
1449015684496253581 1449015684496404036
1449015684546212907 1449015684546326064
1449015684596247855 1449015684596397387
1449015684646213251 1449015684646347746
1449015684696251181 1449015684696397991
1449015684746208837 1449015684746305389
1449015684796246878 1449015684796389083
1449015684846256534 1449015684846405084
1449015684896253051 1449015684896399633
1449015684946210212 1449015684946311344
1449015684996246322 1449015684996392937
1449015685096249375 1449015685096397828
1449015685146253258 1449015685146401865
1449015685196248859 1449015685196394186
1449015685346246050 1449015685346386826
1449015685396217210 1449015685396340202
1449015685446252401 1449015685446406062
1449015685496248350 1449015685496395907
1449015685596251937 1449015685596401289
1449015685646253121 1449015685646401551
1449015685696251669 1449015685696400126
1449015685746251928 1449015685746401056
1449015685796251926 1449015685796400001
1449015685846252321 1449015685846400263
1449015685896243463 1449015685896391705
1449015685946258274 1449015685946407539
1449015686046210128 1449015686046359747
1449015686096242506 1449015686096428618
1449015686146251371 1449015686146436166
1449015686246222895 1449015686246404738
1449015686296219385 1449015686296404201
1449015686346209013 1449015686346347036
1449015686496251407 1449015686496436436
1449015686546212009 1449015686546362904
1449015686596246371 1449015686596431254
1449015686646250779 1449015686646436767
1449015686746209685 1449015686746359652
1449015686796245799 1449015686796430567
1449015686846252829 1449015686846439125
1449015686896251297 1449015686896436791
1449015686946235299 1449015686946376629
1449015686996244157 1449015686996427102
1449015687046219038 1449015687046379702
1449015687096252482 1449015687096437892
1449015687146209863 1449015687146354341
1449015687196247841 1449015687196433508
1449015687246206782 1449015687246390746
1449015687296249504 1449015687296436063
1449015687346206280 1449015687346349836
1449015687396228559 1449015687396414530
1449015687546213870 1449015687546337757
1449015687596250648 1449015687596401206
1449015687646251905 1449015687646401848
1449015687746210895 1449015687746326170
1449015687846225912 1449015687846382951
1449015687896251912 1449015687896402316
1449015687946252819 1449015687946395913
1449015687996253204 1449015687996400541
1449015688046209189 1449015688046305120
1449015688096246355 1449015688096396862
1449015688146254190 1449015688146401748
1449015688196252946 1449015688196398943
1449015688246219421 1449015688246373520
1449015688296252430 1449015688296406139
1449015688396252229 1449015688396401992
1449015688446205802 1449015688446353881
1449015688496255760 1449015688496413200
1449015688596254573 1449015688596405215
1449015688646252189 1449015688646404949
1449015688696251830 1449015688696399798
1449015688746252706 1449015688746398306
1449015688796254642 1449015688796400934
1449015688846238089 1449015688846388126
1449015688896250405 1449015688896398828
1449015688946252622 1449015688946400503
1449015688996252646 1449015688996399095
1449015689046252277 1449015689046398765
1449015689096250942 1449015689096398887
1449015689146252948 1449015689146401314
1449015689196251292 1449015689196397032
1449015689246217884 1449015689246359599
1449015689296249591 1449015689296399116
1449015689396223207 1449015689396429542
1449015689446251756 1449015689446481479
1449015689496249008 1449015689496459906
1449015689546210920 1449015689546386892
1449015689596230569 1449015689596439031
1449015689646253659 1449015689646465920
1449015689696212190 1449015689696397934
1449015689796247640 1449015689796467281
1449015689846250193 1449015689846461619
1449015689896257635 1449015689896466559
1449015689946207015 1449015689946367211
