1449015039642235982
1449015039692241763
1449015039742203007
1449015039792241672
1449015039842203671
1449015039892242794
1449015039942209099
1449015039992230355
1449015040042211033
1449015040092256450
1449015040142207855
1449015040192244195
1449015040242204253
1449015040292241124
1449015040342210219
1449015040392252463
1449015040442201759
1449015040492242700
1449015040542235929
1449015040592244076
1449015040642227336
1449015040692247663
1449015040742206154
1449015040792243831
1449015040842220332
1449015040892239707
1449015040942208100
1449015040992228655
1449015041042191961
1449015041092238373
1449015041142199957
1449015041192243023
1449015041242211062
1449015041292251491
1449015041342225056
1449015041392244167
1449015041442212597
1449015041492247210
1449015041542225796
1449015041592245990
1449015041642242657
1449015041692242689
1449015041742215402
1449015041792243012
1449015041842223820
1449015041892245534
1449015041942203864
1449015041992242917
1449015042042225516
1449015042092243662
1449015042142252500
1449015042192246390
1449015042242204861
1449015042292244997
1449015042342198462
1449015042392227784
1449015042442241195
1449015042492246545
1449015042542208471
1449015042592239181
1449015042642241531
1449015042692243968
1449015042742211593
1449015042792243316
1449015042842215257
1449015042892226073
1449015042942209460
1449015042992246632
1449015043042214090
1449015043092245472
1449015043142205423
1449015043192243253
1449015043242209000
1449015043292244499
1449015043342204613
1449015043392242995
1449015043442206453
1449015043492245363
1449015043542208651
1449015043592244012
1449015043642207177
1449015043692244219
1449015043742229881
1449015043792243781
1449015043842211485
1449015043892242073
1449015043942225356
1449015043992242727
1449015044042207969
1449015044092254663
1449015044142209479
1449015044192244804
1449015044242211182
1449015044292242899
1449015044342224495
1449015044392243670
1449015044442220833
1449015044492242126
1449015044542208063
1449015044592240849
1449015044642206275
1449015044692245138
1449015044742213030
1449015044792235706
1449015044842207079
1449015044892243489
1449015044942205137
1449015044992251437
1449015045042253219
1449015045092244677
1449015045142239434
1449015045192243220
1449015045242208463
1449015045292237807
1449015045342222778
1449015045392242968
1449015045442213630
1449015045492243829
1449015045542215580
1449015045592251640
1449015045642208280
1449015045692243948
1449015045742209428
1449015045792253443
1449015045842207420
1449015045892242985
1449015045942220656
1449015045992244939
1449015046042221804
1449015046092243856
1449015046142225118
1449015046192242512
1449015046242211857
1449015046292227724
1449015046342223934
1449015046392242638
1449015046442243497
1449015046492242841
1449015046542210098
1449015046592243137
1449015046642207802
1449015046692233702
1449015046742206281
1449015046792241927
1449015046842210156
1449015046892250449
1449015046942220442
1449015046992231231
1449015047042211731
1449015047092245389
1449015047142230136
1449015047192243631
1449015047242219808
1449015047292247934
1449015047342243187
1449015047392243526
1449015047442225246
1449015047492244220
1449015047542225523
1449015047592243849
1449015047642206679
1449015047692222346
1449015047742207925
1449015047792243403
1449015047842227582
1449015047892244171
1449015047942224267
1449015047992241180
1449015048042199313
1449015048092243268
1449015048142247592
1449015048192246498
1449015048242221653
1449015048292240403
1449015048342208663
1449015048392253298
1449015048442197059
1449015048492244595
1449015048542208962
1449015048592243198
1449015048642225582
1449015048692244587
1449015048742221329
1449015048792246701
1449015048842225257
1449015048892246199
1449015048942210830
1449015048992245270
1449015049042210582
1449015049092233907
1449015049142246416
1449015049192234634
1449015049242215766
1449015049292245862
1449015049342231494
1449015049392244174
1449015049442242469
1449015049492245159
1449015049542223819
1449015049592226506
1449015049642196500
1449015049692243661
1449015049742225341
1449015049792245421
1449015049842212612
1449015049892276695
1449015049942225012
1449015049992245210
1449015050042211661
1449015050092244287
1449015050142209787
1449015050192245155
1449015050242216605
1449015050292247209
1449015050342243822
1449015050392245414
1449015050442186676
1449015050492227583
1449015050542207926
1449015050592249315
1449015050642224550
1449015050692243775
1449015050742209940
1449015050792243086
1449015050842226162
1449015050892273130
1449015050942207092
1449015050992243532
1449015051042225312
1449015051092243996
1449015051142224587
1449015051192244744
1449015051242238691
1449015051292245739
1449015051342241895
1449015051392227821
1449015051442207469
1449015051492244585
1449015051542205701
1449015051592250127
1449015051642216114
1449015051692231517
1449015051742228017
1449015051792244620
1449015051842247842
1449015051892248391
1449015051942212611
1449015051992248584
1449015052042230752
1449015052092237268
1449015052142199574
1449015052192247286
1449015052242216775
1449015052292245989
1449015052342211596
1449015052392254000
1449015052442213707
1449015052492231131
1449015052542199103
1449015052592247935
1449015052642209990
1449015052692245536
1449015052742240476
1449015052792244743
1449015052842208746
1449015052892258544
1449015052942195355
1449015052992244468
1449015053042198602
1449015053092225775
1449015053142198030
1449015053192244333
1449015053242208473
1449015053292243287
1449015053342239232
1449015053392244876
1449015053442226389
1449015053492239557
1449015053542243076
1449015053592244093
1449015053642226004
1449015053692244600
1449015053742239246
1449015053792248037
1449015053842213370
1449015053892245364
1449015053942213329
1449015053992257564
1449015054042238673
1449015054092243078
1449015054142216622
1449015054192243755
1449015054242207204
1449015054292244610
1449015054342213414
1449015054392242905
1449015054442222286
1449015054492243178
1449015054542209363
1449015054592239640
1449015054642208628
1449015054692252164
1449015054742209222
1449015054792242000
1449015054842208706
1449015054892238936
1449015054942211435
1449015054992242681
1449015055042209517
1449015055092242095
1449015055142241034
1449015055192242756
1449015055242216378
1449015055292243100
1449015055342225889
1449015055392246537
1449015055442209718
1449015055492248497
1449015055542226034
1449015055592243666
1449015055642221360
1449015055692244320
1449015055742208390
1449015055792229061
1449015055842221051
1449015055892239063
1449015055942209795
1449015055992241832
1449015056042241800
1449015056092251002
1449015056142216221
1449015056192242055
1449015056242209145
1449015056292227354
1449015056342246532
1449015056392246711
1449015056442224418
1449015056492241568
1449015056542197553
1449015056592244725
1449015056642243016
1449015056692250858
1449015056742208954
1449015056792242772
1449015056842212061
1449015056892244048
1449015056942243267
1449015056992243623
1449015057042210122
1449015057092243345
1449015057142208474
1449015057192243247
1449015057242223377
1449015057292235376
1449015057342242670
1449015057392241779
1449015057442247156
1449015057492247692
1449015057542207021
1449015057592241077
1449015057642207943
1449015057692239352
1449015057742239895
1449015057792243324
1449015057842201904
1449015057892239661
1449015057942207306
1449015057992243005
1449015058042225253
1449015058092243502
1449015058142240640
1449015058192243411
1449015058242193833
1449015058292242802
1449015058342208830
1449015058392242431
1449015058442242549
1449015058492244398
1449015058542212527
1449015058592243509
1449015058642210816
1449015058692244003
1449015058742208844
1449015058792244987
1449015058842242329
1449015058892275810
1449015058942209317
1449015058992244305
1449015059042243137
1449015059092244073
1449015059142181594
1449015059192232951
1449015059242211430
1449015059292245235
1449015059342244327
1449015059392244155
1449015059442236081
1449015059492244562
1449015059542244911
1449015059592244702
1449015059642244369
1449015059692245496
1449015059742243239
1449015059792245465
1449015059842244481
1449015059892276405
1449015059942242656
1449015059992228232
1449015060042240053
1449015060092237455
1449015060142242648
1449015060192242085
1449015060242245558
1449015060292243892
1449015060342244304
1449015060392243771
1449015060442244614
1449015060492244184
1449015060542242281
1449015060592244428
1449015060642244536
1449015060692244293
1449015060742243219
1449015060792243908
1449015060842243282
1449015060892275516
1449015060942253578
1449015060992247783
1449015061042244964
1449015061092243786
1449015061142181273
1449015061192248703
1449015061242241338
1449015061292243842
1449015061342244484
1449015061392245993
1449015061442247396
1449015061492246962
1449015061542240963
1449015061592246155
1449015061642243517
1449015061692238119
1449015061742241933
1449015061792244380
1449015061842245493
1449015061892271734
1449015061942241567
1449015061992239527
1449015062042241166
1449015062092245714
1449015062142197469
1449015062192240351
1449015062242240035
1449015062292247032
1449015062342208166
1449015062392241863
1449015062442243695
1449015062492224984
1449015062542246661
1449015062592243385
1449015062642237183
1449015062692226690
1449015062742246192
1449015062792246732
1449015062842226500
1449015062892245585
1449015062942241066
1449015062992243536
1449015063042238820
1449015063092247194
1449015063142243250
1449015063192241741
1449015063242188401
1449015063292244026
1449015063342244077
1449015063392245154
1449015063442244106
1449015063492244388
1449015063542244644
1449015063592244959
1449015063642244195
1449015063692242179
1449015063742252861
1449015063792245051
1449015063842236186
1449015063892243748
1449015063942239432
1449015063992243553
1449015064042223699
1449015064092244057
1449015064142243393
1449015064192241190
1449015064242206750
1449015064292243127
1449015064342244197
1449015064392243814
1449015064442243321
1449015064492243764
1449015064542242355
1449015064592224152
1449015064642232836
1449015064692240428
1449015064742252106
1449015064792245275
1449015064842245367
1449015064892246841
1449015064942242576
1449015064992229635
1449015065042245459
1449015065092244271
1449015065142237701
1449015065192246124
1449015065242212503
1449015065292244858
1449015065342222755
1449015065392246885
1449015065442245987
1449015065492245040
1449015065542241253
1449015065592245213
1449015065642191589
1449015065692219898
1449015065742203626
1449015065792243053
1449015065842203779
1449015065892230187
1449015065942214382
1449015065992230213
1449015066042242790
1449015066092244859
1449015066142244743
1449015066192245516
1449015066242226251
1449015066292221348
1449015066342211453
1449015066392261304
1449015066442210681
1449015066492246911
1449015066542212147
1449015066592250522
1449015066642228099
1449015066692231030
1449015066742222288
1449015066792225073
1449015066842239544
1449015066892230745
1449015066942234652
1449015066992245641
1449015067042192656
1449015067092232808
1449015067142224815
1449015067192243879
1449015067242225452
1449015067292231698
1449015067342241404
1449015067392227147
1449015067442227482
1449015067492240480
1449015067542225992
1449015067592241435
1449015067642238078
1449015067692228284
1449015067742241051
1449015067792242980
1449015067842243336
1449015067892243283
1449015067942241230
1449015067992228302
1449015068042244103
1449015068092246680
1449015068142244660
1449015068192244130
1449015068242211855
1449015068292244861
1449015068342242300
1449015068392244373
1449015068442243796
1449015068492243764
1449015068542244540
1449015068592242367
1449015068642245385
1449015068692244581
1449015068742238195
1449015068792245025
1449015068842241044
1449015068892240768
1449015068942225899
1449015068992234600
1449015069042252786
1449015069092245982
1449015069142210402
1449015069192227589
1449015069242206743
1449015069292242723
1449015069342227406
1449015069392246955
