1449009799788279025 1449009799788485644
1449009799838273999 1449009799838412843
1449009799888244253 1449009799888365214
1449009799938308650 1449009799938493162
1449009799988286184 1449009799988469038
1449009800038266851 1449009800038431154
1449009800088248501 1449009800088395417
1449009800138310576 1449009800138494179
1449009800188317657 1449009800188501394
1449009800238255173 1449009800238390330
1449009800288313263 1449009800288495556
1449009800338322118 1449009800338511343
1449009800388257179 1449009800388389662
1449009800438312285 1449009800438497993
1449009800488315634 1449009800488502367
1449009800538254804 1449009800538395927
1449009800588312894 1449009800588500729
1449009800638322420 1449009800638511358
1449009800688257938 1449009800688389510
1449009800738279001 1449009800738468507
1449009800788276463 1449009800788474913
1449009800838257842 1449009800838399667
1449009800888311515 1449009800888497293
1449009800938319197 1449009800938505443
1449009800988258124 1449009800988396096
1449009801038293699 1449009801038480375
1449009801088256857 1449009801088342227
1449009801138311652 1449009801138454589
1449009801188322699 1449009801188512232
1449009801238321364 1449009801238506814
1449009801288257407 1449009801288355392
1449009801338312596 1449009801338495708
1449009801388319306 1449009801388506410
1449009801438320754 1449009801438506405
1449009801488287737 1449009801488472286
1449009801538291658 1449009801538471342
1449009801588253933 1449009801588378252
1449009801638312471 1449009801638497036
1449009801688323317 1449009801688504511
1449009801738255274 1449009801738385796
1449009801788258516 1449009801788453601
1449009801838323010 1449009801838509095
1449009801888254279 1449009801888387073
1449009801938311035 1449009801938496499
1449009801988312360 1449009801988498138
1449009802038254934 1449009802038389633
1449009802088310244 1449009802088495187
1449009802138300935 1449009802138487494
1449009802188261700 1449009802188411928
1449009802238314338 1449009802238505731
1449009802288321589 1449009802288507079
1449009802338256556 1449009802338392026
1449009802388310062 1449009802388498332
1449009802438322231 1449009802438506572
1449009802488257499 1449009802488394045
1449009802538313250 1449009802538497845
1449009802588321206 1449009802588574120
1449009802638316129 1449009802638567612
1449009802688315686 1449009802688500191
1449009802738319990 1449009802738506660
1449009802788319220 1449009802788578969
1449009802838323090 1449009802838504692
1449009802888261749 1449009802888417409
1449009802938316882 1449009802938500208
1449009802988317264 1449009802988500363
1449009803038261456 1449009803038411706
1449009803088314748 1449009803088499724
1449009803138314088 1449009803138496698
1449009803188307945 1449009803188494047
1449009803238254031 1449009803238387701
1449009803288312218 1449009803288496158
1449009803338320738 1449009803338504739
1449009803388259324 1449009803388402856
1449009803438315449 1449009803438497117
1449009803488259644 1449009803488407061
1449009803538313881 1449009803538498112
1449009803588321153 1449009803588496958
1449009803638254847 1449009803638390190
1449009803688315693 1449009803688500732
1449009803738322847 1449009803738509159
1449009803788299870 1449009803788404384
1449009803838312810 1449009803838497098
1449009803888321378 1449009803888507837
1449009803938320183 1449009803938507220
1449009803988259507 1449009803988395164
1449009804038312892 1449009804038498784
1449009804088321400 1449009804088504558
1449009804138256297 1449009804138392075
1449009804188310337 1449009804188494264
1449009804238312393 1449009804238494864
1449009804288258389 1449009804288396235
1449009804338312276 1449009804338505724
1449009804388315150 1449009804388527041
1449009804438325909 1449009804438536620
1449009804488317458 1449009804488525790
1449009804538319725 1449009804538526133
1449009804588260388 1449009804588533734
1449009804638316186 1449009804638592075
1449009804688256462 1449009804688532077
1449009804738248502 1449009804738526622
1449009804788270526 1449009804788570503
1449009804838257431 1449009804838534566
1449009804888247086 1449009804888512441
1449009804938247889 1449009804938506756
1449009804988312193 1449009804988571179
1449009805038256952 1449009805038533556
1449009805088309443 1449009805088522863
1449009805138259406 1449009805138367746
1449009805188307504 1449009805188517377
1449009805238319155 1449009805238529275
1449009805288300919 1449009805288511840
1449009805338319713 1449009805338534109
1449009805388319577 1449009805388542773
1449009805438258066 1449009805438434910
1449009805488296434 1449009805488506650
1449009805538307146 1449009805538491233
1449009805588324477 1449009805588536514
1449009805638287628 1449009805638493839
1449009805688319044 1449009805688532798
1449009805738321872 1449009805738532840
1449009805788283265 1449009805788490869
1449009805838321931 1449009805838533494
1449009805888255425 1449009805888391684
1449009805938315593 1449009805938528365
1449009805988322286 1449009805988530772
1449009806038258790 1449009806038435594
1449009806088243847 1449009806088390112
1449009806138314512 1449009806138525911
1449009806188320196 1449009806188532498
1449009806238255505 1449009806238417047
1449009806288294678 1449009806288506111
1449009806338320842 1449009806338530380
1449009806388257032 1449009806388423379
1449009806438312225 1449009806438522796
1449009806488284377 1449009806488492138
1449009806538257861 1449009806538419975
1449009806588279699 1449009806588548575
1449009806638319494 1449009806638560704
1449009806688257885 1449009806688505463
1449009806738248425 1449009806738399558
1449009806788309348 1449009806788489236
1449009806838319429 1449009806838498528
1449009806888317619 1449009806888496839
1449009806938316836 1449009806938496082
1449009806988316376 1449009806988497797
1449009807038270253 1449009807038405302
1449009807088265797 1449009807088386360
1449009807138310567 1449009807138492071
1449009807188316281 1449009807188494568
1449009807238315858 1449009807238496167
1449009807288270183 1449009807288404504
1449009807338263178 1449009807338446179
1449009807388313824 1449009807388494286
1449009807438270825 1449009807438443980
1449009807488313710 1449009807488496173
1449009807538294892 1449009807538474927
1449009807588313652 1449009807588586608
1449009807638312110 1449009807638492402
1449009807688281178 1449009807688457869
1449009807738315885 1449009807738495131
1449009807788283519 1449009807788462442
1449009807838316044 1449009807838493777
1449009807888275350 1449009807888416701
1449009807938312743 1449009807938490907
1449009807988323783 1449009807988505020
1449009808038312742 1449009808038491915
1449009808088315971 1449009808088505476
1449009808138305091 1449009808138494482
1449009808188267577 1449009808188447175
1449009808238313833 1449009808238498312
1449009808288316635 1449009808288497895
1449009808338318283 1449009808338498137
1449009808388311676 1449009808388489132
1449009808438315763 1449009808438493877
1449009808488314572 1449009808488492722
1449009808538314827 1449009808538492754
1449009808588312029 1449009808588591151
1449009808638302445 1449009808638581905
1449009808688265823 1449009808688542661
1449009808738316600 1449009808738593928
1449009808788299365 1449009808788543064
1449009808838271163 1449009808838402858
1449009808888252856 1449009808888372297
1449009808938308998 1449009808938586016
1449009808988313195 1449009808988593952
1449009809038314162 1449009809038494177
1449009809088270247 1449009809088405304
1449009809138302011 1449009809138481952
1449009809188267648 1449009809188423387
1449009809238314746 1449009809238494998
1449009809288315699 1449009809288495286
1449009809338319496 1449009809338497229
1449009809388271732 1449009809388442005
1449009809438274466 1449009809438409679
1449009809488255197 1449009809488373145
1449009809538306361 1449009809538485344
1449009809588275797 1449009809588507869
1449009809638283181 1449009809638456401
1449009809688271944 1449009809688401531
1449009809738294607 1449009809738472767
1449009809788304444 1449009809788488010
1449009809838317792 1449009809838494947
1449009809888316033 1449009809888496408
1449009809938312813 1449009809938491024
1449009809988315294 1449009809988493234
1449009810038274790 1449009810038424746
1449009810088265640 1449009810088385880
1449009810138310604 1449009810138487872
1449009810188315389 1449009810188492982
1449009810238320235 1449009810238499845
1449009810288314032 1449009810288490723
1449009810338317431 1449009810338496791
1449009810388295860 1449009810388469594
1449009810438269819 1449009810438400168
1449009810488310162 1449009810488486756
1449009810538316625 1449009810538492761
1449009810588299761 1449009810588470989
1449009810638311723 1449009810638515588
1449009810688313872 1449009810688518069
1449009810738306721 1449009810738510837
1449009810788267356 1449009810788468141
1449009810838317622 1449009810838492882
1449009810888316413 1449009810888518799
1449009810938283427 1449009810938489290
1449009810988313550 1449009810988517622
1449009811038314694 1449009811038495513
1449009811088271951 1449009811088432114
1449009811138311379 1449009811138515849
1449009811188316024 1449009811188518603
1449009811238316309 1449009811238555131
1449009811288272762 1449009811288525154
1449009811338309507 1449009811338518687
1449009811388313985 1449009811388518859
1449009811438315556 1449009811438510685
1449009811488314569 1449009811488520776
1449009811538311109 1449009811538512582
1449009811588294051 1449009811588470050
1449009811638283552 1449009811638461430
1449009811688315593 1449009811688517227
1449009811738295532 1449009811738509711
1449009811788278101 1449009811788480139
1449009811838317227 1449009811838488886
1449009811888274375 1449009811888436917
1449009811938311066 1449009811938512352
1449009811988318140 1449009811988522547
1449009812038315789 1449009812038520096
1449009812088274574 1449009812088444700
1449009812138296104 1449009812138496081
1449009812188318884 1449009812188522796
1449009812238318117 1449009812238521281
1449009812288318883 1449009812288522959
1449009812338313897 1449009812338517541
1449009812388313741 1449009812388516514
1449009812438316635 1449009812438516572
1449009812488318471 1449009812488518655
1449009812538317821 1449009812538522505
1449009812588311565 1449009812588517304
1449009812638316063 1449009812638519942
1449009812688314775 1449009812688516786
1449009812738313563 1449009812738516386
1449009812788313628 1449009812788510758
1449009812838268400 1449009812838467378
1449009812888310607 1449009812888570900
1449009812938300950 1449009812938504762
1449009812988315611 1449009812988520439
1449009813038314336 1449009813038528351
1449009813088316646 1449009813088633394
1449009813138303544 1449009813138595413
1449009813188313468 1449009813188629358
1449009813238253483 1449009813238362639
1449009813288272809 1449009813288553936
1449009813338313853 1449009813338630888
1449009813388314519 1449009813388515435
1449009813438316382 1449009813438513842
1449009813488313513 1449009813488511492
1449009813538316144 1449009813538522485
1449009813588311438 1449009813588513345
1449009813638316136 1449009813638517516
1449009813688313191 1449009813688518035
1449009813738314382 1449009813738520432
1449009813788315131 1449009813788498123
1449009813838317505 1449009813838519249
1449009813888253237 1449009813888420977
1449009813938267020 1449009813938451307
1449009813988318551 1449009813988540691
1449009814038314674 1449009814038523307
1449009814088253647 1449009814088415430
1449009814138311940 1449009814138521976
1449009814188318981 1449009814188520982
1449009814238256601 1449009814238424234
1449009814288244732 1449009814288390469
1449009814338307435 1449009814338524788
1449009814388296682 1449009814388504527
1449009814438254471 1449009814438415049
1449009814488244600 1449009814488392485
1449009814538307344 1449009814538516054
1449009814588321444 1449009814588531844
1449009814638258385 1449009814638432250
1449009814688311300 1449009814688518189
1449009814738284811 1449009814738491931
1449009814788267016 1449009814788471279
1449009814838318651 1449009814838529382
1449009814888253468 1449009814888419340
1449009814938310625 1449009814938522796
1449009814988317051 1449009814988522330
1449009815038255129 1449009815038415897
1449009815088244747 1449009815088385459
1449009815138260554 1449009815138466557
1449009815188320120 1449009815188521697
1449009815238253507 1449009815238407075
1449009815288312088 1449009815288509592
1449009815338318146 1449009815338518698
1449009815388256110 1449009815388411359
1449009815438312359 1449009815438510712
1449009815488319634 1449009815488520462
1449009815538254992 1449009815538411196
1449009815588310188 1449009815588507920
1449009815638320476 1449009815638526126
1449009815688258544 1449009815688432371
1449009815738316079 1449009815738519276
1449009815788286620 1449009815788494097
1449009815838258581 1449009815838421875
1449009815888245653 1449009815888386185
1449009815938275422 1449009815938480824
1449009815988317188 1449009815988517499
1449009816038282868 1449009816038480700
1449009816088257599 1449009816088428881
1449009816138311940 1449009816138512649
1449009816188316348 1449009816188515343
1449009816238254379 1449009816238412016
1449009816288300305 1449009816288495647
1449009816338269085 1449009816338469109
1449009816388257727 1449009816388421986
1449009816438314731 1449009816438519325
1449009816488260643 1449009816488427752
1449009816538315168 1449009816538513291
1449009816588319857 1449009816588521290
1449009816638318311 1449009816638520089
1449009816688319402 1449009816688519656
1449009816738254867 1449009816738408642
1449009816788277316 1449009816788475792
1449009816838321728 1449009816838525540
1449009816888255519 1449009816888411917
1449009816938311798 1449009816938518493
1449009816988319904 1449009816988523259
1449009817038256372 1449009817038418569
1449009817088244028 1449009817088386354
1449009817138308178 1449009817138510053
1449009817188315747 1449009817188520010
1449009817238253841 1449009817238406902
1449009817288242935 1449009817288389186
1449009817338305758 1449009817338503687
1449009817388279647 1449009817388445874
1449009817438312085 1449009817438516702
1449009817488309671 1449009817488508639
1449009817538253201 1449009817538411320
1449009817588313523 1449009817588516800
1449009817638319795 1449009817638522498
1449009817688255711 1449009817688411681
1449009817738313907 1449009817738514569
1449009817788304137 1449009817788507611
1449009817838255772 1449009817838415140
1449009817888246776 1449009817888388701
1449009817938311240 1449009817938510064
1449009817988318344 1449009817988517185
1449009818038258303 1449009818038418807
1449009818088246076 1449009818088387761
1449009818138310507 1449009818138513170
1449009818188320765 1449009818188534469
1449009818238258338 1449009818238439295
1449009818288247836 1449009818288402192
1449009818338308705 1449009818338526014
1449009818388304901 1449009818388513952
1449009818438321396 1449009818438540092
1449009818488317499 1449009818488535650
1449009818538256041 1449009818538427162
1449009818588312474 1449009818588528807
1449009818638301290 1449009818638517587
1449009818688253062 1449009818688417544
1449009818738311856 1449009818738528360
1449009818788286173 1449009818788500529
1449009818838255040 1449009818838420722
1449009818888245316 1449009818888398326
1449009818938307856 1449009818938524981
1449009818988320660 1449009818988537157
1449009819038255246 1449009819038421924
1449009819088243377 1449009819088396407
1449009819138309071 1449009819138524783
1449009819188315917 1449009819188528610
1449009819238253614 1449009819238418759
1449009819288243172 1449009819288395728
1449009819338307616 1449009819338522861
1449009819388315495 1449009819388533489
1449009819438254983 1449009819438422556
1449009819488244380 1449009819488398573
1449009819538280022 1449009819538498861
1449009819588315337 1449009819588529161
1449009819638254674 1449009819638421602
1449009819688311541 1449009819688530113
1449009819738320362 1449009819738539409
1449009819788307023 1449009819788523511
1449009819838254693 1449009819838422356
1449009819888277108 1449009819888493783
1449009819938319900 1449009819938502036
1449009819988318311 1449009819988526005
1449009820038283052 1449009820038496015
1449009820088318715 1449009820088523940
1449009820138318860 1449009820138504046
1449009820188317067 1449009820188532124
1449009820238267192 1449009820238469139
1449009820288316795 1449009820288532050
1449009820338281199 1449009820338496962
1449009820388314747 1449009820388530997
1449009820438316943 1449009820438531924
1449009820488317375 1449009820488532737
1449009820538318349 1449009820538526541
1449009820588314081 1449009820588531026
1449009820638256030 1449009820638382760
1449009820688317030 1449009820688538258
1449009820738314740 1449009820738527562
1449009820788281355 1449009820788504357
1449009820838277695 1449009820838491032
1449009820888316411 1449009820888528578
1449009820938316232 1449009820938529665
1449009820988313807 1449009820988525066
1449009821038317136 1449009821038525930
1449009821088317308 1449009821088529546
1449009821138318268 1449009821138531635
1449009821188311320 1449009821188523678
1449009821238317529 1449009821238529052
1449009821288317300 1449009821288531045
1449009821338277742 1449009821338457750
1449009821388314423 1449009821388518853
1449009821438314130 1449009821438514565
1449009821488316370 1449009821488519056
1449009821538315760 1449009821538528676
1449009821588315103 1449009821588529429
1449009821638275632 1449009821638460501
1449009821688315179 1449009821688527637
1449009821738298981 1449009821738520703
1449009821788281753 1449009821788457488
1449009821838319797 1449009821838519914
1449009821888316755 1449009821888516163
1449009821938317508 1449009821938516372
1449009821988315665 1449009821988515642
1449009822038317317 1449009822038518940
1449009822088315123 1449009822088530064
1449009822138316344 1449009822138520353
1449009822188284426 1449009822188489200
1449009822238315445 1449009822238520516
1449009822288281192 1449009822288489597
1449009822338316596 1449009822338525373
1449009822388270059 1449009822388451327
1449009822438315988 1449009822438520852
1449009822488285042 1449009822488493274
1449009822538316388 1449009822538524226
1449009822588312925 1449009822588523228
1449009822638295878 1449009822638505399
1449009822688319312 1449009822688520972
1449009822738325715 1449009822738539456
1449009822788315028 1449009822788527657
1449009822838314361 1449009822838517722
1449009822888316468 1449009822888527115
1449009822938296417 1449009822938504525
1449009822988316975 1449009822988522160
1449009823038315473 1449009823038526728
1449009823088315043 1449009823088527916
1449009823138316170 1449009823138528525
1449009823188323431 1449009823188535803
1449009823238315882 1449009823238525153
1449009823288319615 1449009823288529314
1449009823338300594 1449009823338512397
1449009823388312058 1449009823388516852
1449009823438314558 1449009823438524935
1449009823488311546 1449009823488523222
1449009823538310368 1449009823538520968
1449009823588265046 1449009823588477044
1449009823638317330 1449009823638525391
1449009823688280721 1449009823688569379
1449009823738319400 1449009823738616116
1449009823788282892 1449009823788558504
1449009823838319142 1449009823838588045
1449009823888319398 1449009823888613608
1449009823938318086 1449009823938526462
1449009823988318438 1449009823988529790
1449009824038268309 1449009824038462616
1449009824088318571 1449009824088529499
1449009824138316371 1449009824138531345
1449009824188315744 1449009824188529482
1449009824238314663 1449009824238528705
1449009824288314033 1449009824288535976
1449009824338295669 1449009824338516433
1449009824388314794 1449009824388536089
1449009824438298715 1449009824438482418
1449009824488300898 1449009824488479216
1449009824538285401 1449009824538479040
1449009824588317950 1449009824588497928
1449009824638319147 1449009824638506909
1449009824688316442 1449009824688514281
1449009824738315745 1449009824738520600
1449009824788296516 1449009824788498080
1449009824838317475 1449009824838529756
1449009824888313701 1449009824888519485
1449009824938317017 1449009824938518337
1449009824988315421 1449009824988519410
1449009825038317454 1449009825038521222
1449009825088313276 1449009825088518755
1449009825138317056 1449009825138518903
1449009825188315066 1449009825188522392
1449009825238314352 1449009825238520550
1449009825288313572 1449009825288518967
1449009825338312858 1449009825338515758
1449009825388304978 1449009825388425545
1449009825438278860 1449009825438424868
1449009825488317359 1449009825488462705
1449009825538314952 1449009825538460953
1449009825588315240 1449009825588462270
1449009825638316110 1449009825638459899
1449009825688317458 1449009825688464982
1449009825738316811 1449009825738463263
1449009825788271390 1449009825788415085
1449009825838315063 1449009825838459023
1449009825888314082 1449009825888457304
1449009825938314869 1449009825938460218
1449009825988316537 1449009825988460350
1449009826038315680 1449009826038457939
1449009826088313179 1449009826088456744
1449009826138313872 1449009826138458142
1449009826188307556 1449009826188446861
1449009826238311589 1449009826238457360
1449009826288266235 1449009826288400265
1449009826338279486 1449009826338424812
1449009826388315308 1449009826388461329
1449009826438313305 1449009826438457292
1449009826488272801 1449009826488420122
1449009826538311554 1449009826538455467
1449009826588279850 1449009826588428383
1449009826638316297 1449009826638461767
1449009826688316215 1449009826688506099
1449009826738320155 1449009826738506381
1449009826788296480 1449009826788480560
1449009826838253390 1449009826838378498
1449009826888319284 1449009826888534028
1449009826938312360 1449009826938527454
1449009826988313794 1449009826988530649
1449009827038316562 1449009827038530036
1449009827088313416 1449009827088526673
1449009827138314867 1449009827138528422
1449009827188314468 1449009827188535075
1449009827238300431 1449009827238513764
1449009827288299336 1449009827288489360
1449009827338303577 1449009827338510409
1449009827388312703 1449009827388517570
1449009827438299825 1449009827438571467
1449009827488316049 1449009827488515381
1449009827538309729 1449009827538511124
1449009827588316076 1449009827588517076
1449009827638316087 1449009827638516097
1449009827688314338 1449009827688514802
1449009827738297504 1449009827738501998
1449009827788297318 1449009827788500656
1449009827838318040 1449009827838522731
1449009827888314604 1449009827888519104
1449009827938297269 1449009827938500560
1449009827988315582 1449009827988507076
1449009828038284022 1449009828038483701
1449009828088321501 1449009828088506273
1449009828138271011 1449009828138477757
1449009828188280718 1449009828188486017
1449009828238314513 1449009828238525090
1449009828288316088 1449009828288526956
1449009828338268996 1449009828338475216
1449009828388311821 1449009828388525328
1449009828438317568 1449009828438525055
1449009828488319848 1449009828488533138
1449009828538312783 1449009828538494786
1449009828588319052 1449009828588506487
1449009828638270510 1449009828638459161
1449009828688315193 1449009828688501181
1449009828738388196 1449009828738561726
1449009828788299119 1449009828788484032
1449009828838318484 1449009828838496515
1449009828888310725 1449009828888492387
1449009828938325249 1449009828938643571
1449009828988317105 1449009828988497297
1449009829038316094 1449009829038497038
1449009829088297737 1449009829088480448
1449009829138320971 1449009829138570113
1449009829188315661 1449009829188470689
1449009829238315719 1449009829238498373
1449009829288315293 1449009829288500770
1449009829338318715 1449009829338505682
1449009829388315469 1449009829388503047
1449009829438317782 1449009829438506386
1449009829488297070 1449009829488479684
1449009829538317504 1449009829538495952
1449009829588316513 1449009829588501326
1449009829638316779 1449009829638500592
1449009829688315490 1449009829688498458
