1449015130334968639
1449015130385017859
1449015130435003792
1449015130484996042
1449015130535001436
1449015130585004831
1449015130634976759
1449015130685007290
1449015130735004201
1449015130785004947
1449015130835001323
1449015130885004692
1449015130935000882
1449015130985004565
1449015131035002822
1449015131085003903
1449015131134984553
1449015131185006448
1449015131234991605
1449015131284971765
1449015131334970647
1449015131385036317
1449015131435002105
1449015131485004137
1449015131535001486
1449015131585012358
1449015131634967984
1449015131685003701
1449015131734998815
1449015131785005378
1449015131834986486
1449015131884979322
1449015131935001790
1449015131984974306
1449015132035000527
1449015132085009198
1449015132134975523
1449015132184973296
1449015132234973581
1449015132285007770
1449015132335005176
1449015132385011244
1449015132435006381
1449015132485008724
1449015132534972403
1449015132584976270
1449015132634978894
1449015132685009391
1449015132735004124
1449015132785000748
1449015132835008109
1449015132884978700
1449015132935008546
1449015132984991318
1449015133034989783
1449015133085014256
1449015133134987784
1449015133184976079
1449015133235007782
1449015133284970666
1449015133334969461
1449015133385005023
1449015133435001456
1449015133484982548
1449015133534977635
1449015133584977603
1449015133634996093
1449015133685004680
1449015133735000519
1449015133784967519
1449015133834970881
1449015133885004485
1449015133935000127
1449015133984952921
1449015134034960881
1449015134085004825
1449015134134987059
1449015134185008790
1449015134235005096
1449015134284980642
1449015134334970941
1449015134385005611
1449015134435000838
1449015134484972258
1449015134534942937
1449015134584981362
1449015134634968774
1449015134684998610
1449015134734970404
1449015134784990685
1449015134834969438
1449015134885006827
1449015134934971702
1449015134984973291
1449015135034998673
1449015135084980276
1449015135134972232
1449015135184992840
1449015135234971102
1449015135284979610
1449015135334976972
1449015135385005815
1449015135435003855
1449015135484970281
1449015135534972210
1449015135584973146
1449015135635018197
1449015135685005432
1449015135734982278
1449015135784972383
1449015135834997007
1449015135884989244
1449015135934969340
1449015135985004585
1449015136035001536
1449015136084968579
1449015136135001432
1449015136185004220
1449015136234969519
1449015136284972430
1449015136335000592
1449015136385003420
1449015136435000705
1449015136485004639
1449015136535000253
1449015136584972799
1449015136635000837
1449015136684976136
1449015136735005571
1449015136784973292
1449015136835004792
1449015136884974638
1449015136934974135
1449015136984976495
1449015137034981267
1449015137085004614
1449015137135002675
1449015137184980025
1449015137234966746
1449015137284968100
1449015137334967170
1449015137385005117
1449015137434970122
1449015137485005942
1449015137534977582
1449015137585006382
1449015137634973188
1449015137684970724
1449015137735000746
1449015137785006852
1449015137834969595
1449015137884977705
1449015137934965198
1449015137984986213
1449015138034972878
1449015138084971890
1449015138134969012
1449015138185007113
1449015138235002300
1449015138285004363
1449015138334968232
1449015138384972273
1449015138435000688
1449015138485004241
1449015138535002071
1449015138585009232
1449015138635002040
1449015138685000972
1449015138734998498
1449015138785014913
1449015138834997515
1449015138885001726
1449015138934969805
1449015138984969325
1449015139034997163
1449015139084971593
1449015139135002728
1449015139185004424
1449015139235002043
1449015139284973546
1449015139335001628
1449015139385002752
1449015139434997992
1449015139485004889
1449015139534991904
1449015139585004334
1449015139635002421
1449015139685006739
1449015139735002200
1449015139785006571
1449015139835003155
1449015139884996117
1449015139934959478
1449015139985015259
1449015140035003905
1449015140085007170
1449015140135005234
1449015140185003284
1449015140235003937
1449015140285006257
1449015140335005239
1449015140385003657
1449015140435006057
1449015140485005531
1449015140535001209
1449015140585004671
1449015140635005932
1449015140685007905
1449015140735014291
1449015140785005532
1449015140834987653
1449015140884959801
1449015140934988898
1449015140985004599
1449015141035003123
1449015141084988615
1449015141135004369
1449015141185006094
1449015141235003426
1449015141285004767
1449015141334987519
1449015141385004429
1449015141435004363
1449015141485006049
1449015141535003504
1449015141585004702
1449015141635003991
1449015141685007237
1449015141735011337
1449015141785004727
1449015141834990890
1449015141885011802
1449015141935004952
1449015141985008120
1449015142035002906
1449015142084974373
1449015142135003490
1449015142185006054
1449015142235002417
1449015142285006093
1449015142335003823
1449015142385008331
1449015142435003986
1449015142485006533
1449015142535006150
1449015142585007274
1449015142635004736
1449015142685003385
1449015142734987667
1449015142784959237
1449015142835004160
1449015142885003567
1449015142935003211
1449015142985010572
1449015143035010671
1449015143085006065
1449015143134987748
1449015143184987505
1449015143235000767
1449015143285010991
1449015143335001535
1449015143385003965
1449015143435002870
1449015143485005147
1449015143535002659
1449015143584952326
1449015143634997690
1449015143684991488
1449015143734984901
1449015143785004062
1449015143835003960
1449015143885006748
1449015143935006098
1449015143985016142
1449015144035012244
1449015144085005039
1449015144135002982
1449015144185005747
1449015144235000165
1449015144285007243
1449015144334986931
1449015144385005846
1449015144435004126
1449015144485005190
1449015144535002385
1449015144585000372
1449015144635004022
1449015144684975094
1449015144735001963
1449015144785003965
1449015144834999877
1449015144885005405
1449015144935003037
1449015144984996921
1449015145035004761
1449015145085006546
1449015145135008569
1449015145185006649
1449015145235005528
1449015145284990892
1449015145335005350
1449015145385007890
1449015145435006535
1449015145484989538
1449015145535004149
1449015145584943755
1449015145634988490
1449015145684955697
1449015145734987774
1449015145785005619
1449015145835005417
1449015145885005779
1449015145935004461
1449015145984990818
1449015146034986559
1449015146085008410
1449015146134998466
1449015146185007735
1449015146234997660
1449015146285012695
1449015146335000265
1449015146385006865
1449015146435002302
1449015146484959891
1449015146534991217
1449015146584988288
1449015146634972387
1449015146685006662
1449015146735004803
1449015146785016577
1449015146835003974
1449015146884974702
1449015146935012643
1449015146985006797
1449015147035004126
1449015147085008751
1449015147135004028
1449015147185007070
1449015147234974244
1449015147285008349
1449015147335005323
1449015147385011659
1449015147435004558
1449015147485007743
1449015147534994300
1449015147584956907
1449015147635004793
1449015147685008263
1449015147735004108
1449015147785006675
1449015147835003800
1449015147885006694
1449015147935003589
1449015147985006290
1449015148035003625
1449015148085007014
1449015148135003263
1449015148185006375
1449015148234987079
1449015148285008867
1449015148335002771
1449015148385006648
1449015148435002677
1449015148484989475
1449015148534986984
1449015148585006727
1449015148635003537
1449015148685006455
1449015148734988386
1449015148785007925
1449015148835000249
1449015148884990357
1449015148935003759
1449015148985007709
1449015149034970947
1449015149085008140
1449015149134975825
1449015149185002426
1449015149235010837
1449015149284953969
1449015149335003052
1449015149384971173
1449015149435002085
1449015149484979586
1449015149534985561
1449015149585041589
1449015149635003230
1449015149685006091
1449015149735002758
1449015149785005943
1449015149835003763
1449015149885005656
1449015149935002874
1449015149985005986
1449015150035003104
1449015150084968667
1449015150134987284
1449015150185006325
1449015150235003948
1449015150285007069
1449015150334987891
1449015150385001205
1449015150434987305
1449015150484971818
1449015150535002305
1449015150584992200
1449015150634981504
1449015150685003930
1449015150734996584
1449015150785005723
1449015150835002100
1449015150884990267
1449015150934996339
1449015150985006176
1449015151035003344
1449015151085006894
1449015151135002094
1449015151185007611
1449015151235002628
1449015151285006565
1449015151334966479
1449015151385007156
1449015151434984803
1449015151485007830
1449015151535003896
1449015151585009035
1449015151635001289
1449015151685006783
1449015151735004192
1449015151785007982
1449015151835004455
1449015151885007607
1449015151935004631
1449015151984990765
1449015152035005058
1449015152085006079
1449015152135003451
1449015152185006065
1449015152235005207
1449015152285005663
1449015152335002915
1449015152384988400
1449015152434998962
1449015152485005812
1449015152535004383
1449015152585006269
1449015152635003036
1449015152685002266
1449015152735004058
1449015152785006014
1449015152835003352
1449015152885007897
1449015152935002660
1449015152985005698
1449015153035003715
1449015153085005915
1449015153135005235
1449015153184990215
1449015153235003246
1449015153284990565
1449015153334986204
1449015153384969176
1449015153435003977
1449015153484985914
1449015153535003906
1449015153585005741
1449015153634944079
1449015153685009402
1449015153734988152
1449015153785006826
1449015153835004843
1449015153885008218
1449015153935004237
1449015153984984577
1449015154035011005
1449015154084977093
1449015154135003310
1449015154184984643
1449015154235002194
1449015154284982481
1449015154335023719
1449015154384981945
1449015154435002517
1449015154485006978
1449015154534987412
1449015154584962928
1449015154635004410
1449015154685007388
1449015154735002842
1449015154784959983
1449015154835005444
1449015154885004052
1449015154934988020
1449015154985005007
1449015155034993526
1449015155084970271
1449015155135003194
1449015155185007054
1449015155234993237
1449015155284972735
1449015155334990667
1449015155385007106
1449015155434988538
1449015155485005421
1449015155534964436
1449015155584983691
1449015155634968325
1449015155685005196
1449015155735002909
1449015155785006472
1449015155835002851
1449015155885008643
1449015155935003897
1449015155985002070
1449015156035003291
1449015156085005531
1449015156135011359
1449015156184997225
1449015156234986675
1449015156285010434
1449015156335005554
1449015156385005990
1449015156435004441
1449015156485006143
1449015156535002847
1449015156585007512
1449015156635003591
1449015156684964424
1449015156735002722
1449015156785007287
1449015156835003316
1449015156885005937
1449015156935002674
1449015156984991496
1449015157035002673
1449015157085005708
1449015157135002348
1449015157184991265
1449015157234956096
1449015157285005406
1449015157335002197
1449015157385006237
1449015157434997776
1449015157485008973
1449015157535003361
1449015157585006500
1449015157634987812
1449015157685006366
1449015157735002675
1449015157784988531
1449015157835002838
1449015157885005522
1449015157935001087
1449015157985014094
1449015158035004297
1449015158085006887
1449015158135003648
1449015158184987399
1449015158235003387
1449015158284991261
1449015158334998341
1449015158384986078
1449015158434960923
1449015158484992402
1449015158535004123
1449015158584992872
1449015158635003895
1449015158684987937
1449015158735003941
1449015158784991164
1449015158835002815
1449015158884967363
1449015158934985171
1449015158984970038
1449015159035001992
1449015159084989598
1449015159134958756
1449015159185005941
1449015159235003173
1449015159285004701
1449015159335003877
1449015159385003859
1449015159435004765
1449015159485003644
1449015159535004664
1449015159585003964
1449015159634987077
1449015159684972061
1449015159734988356
1449015159784986767
1449015159835003560
1449015159885004620
1449015159935002096
1449015159985005178
1449015160035003351
1449015160084986779
