1449010071824557739 1449010071864885546
1449010071874577983 1449010071914833881
1449010071924521526 1449010071964791683
1449010071974563570 1449010072014834989
1449010072024566020 1449010072064838796
1449010072074546056 1449010072114800510
1449010072124568134 1449010072164834980
1449010072174564858 1449010072214853804
1449010072224568501 1449010072264884712
1449010072274567296 1449010072314854662
1449010072324567728 1449010072364893264
1449010072374567496 1449010072414852256
1449010072424561985 1449010072464875366
1449010072474566012 1449010072514743241
1449010072524565438 1449010072564865506
1449010072574567067 1449010072614857045
1449010072624565471 1449010072664887843
1449010072674563705 1449010072714851582
1449010072724568006 1449010072764855813
1449010072774562642 1449010072814835625
1449010072824529752 1449010072864777629
1449010072874568869 1449010072914841231
1449010072924569863 1449010072964802564
1449010072974524728 1449010073014793188
1449010073024562986 1449010073064838245
1449010073074563776 1449010073114831761
1449010073124557156 1449010073164823250
1449010073174563030 1449010073214832669
1449010073224563663 1449010073264845349
1449010073274562682 1449010073314831569
1449010073324563723 1449010073364836485
1449010073374558322 1449010073414828281
1449010073424563702 1449010073464817425
1449010073474552224 1449010073514823390
1449010073524561256 1449010073564832869
1449010073574565009 1449010073614833004
1449010073624561699 1449010073664832635
1449010073674561250 1449010073714826659
1449010073724556828 1449010073764808396
1449010073774526377 1449010073814807555
1449010073824563051 1449010073864834661
1449010073874566497 1449010073914841040
1449010073924560916 1449010073964833054
1449010073974527889 1449010074014794661
1449010074024563771 1449010074064839584
1449010074074566121 1449010074114835212
1449010074124561145 1449010074164827984
1449010074174562559 1449010074214856781
1449010074224560453 1449010074264902345
1449010074274551079 1449010074314837586
1449010074324561768 1449010074364900925
1449010074374514536 1449010074414824503
1449010074424564657 1449010074464910289
1449010074474563657 1449010074514852222
1449010074524525368 1449010074564855594
1449010074574559303 1449010074614864359
1449010074624562234 1449010074664905804
1449010074674549764 1449010074714837858
1449010074724525353 1449010074764831468
1449010074774562322 1449010074814854775
1449010074824557602 1449010074864835630
1449010074874563293 1449010074914827526
1449010074924559085 1449010074964796698
1449010074974521103 1449010075014784582
1449010075024563835 1449010075064834336
1449010075074564331 1449010075114830108
1449010075124563049 1449010075164833604
1449010075174561153 1449010075214857081
1449010075224564091 1449010075264835086
1449010075274557360 1449010075314824490
1449010075324540607 1449010075364810406
1449010075374562805 1449010075414829310
1449010075424560184 1449010075464828757
1449010075474562517 1449010075514827215
1449010075524555783 1449010075564825800
1449010075574560058 1449010075614807924
1449010075624550177 1449010075664803211
1449010075674563238 1449010075714834316
1449010075724558188 1449010075764823426
1449010075774558560 1449010075814829211
1449010075824563920 1449010075864836930
1449010075874558008 1449010075914825789
1449010075924561544 1449010075964825700
1449010075974563740 1449010076014833566
1449010076024561049 1449010076064823511
1449010076074565196 1449010076114835560
1449010076124567686 1449010076164849483
1449010076174563007 1449010076214852581
1449010076224560820 1449010076264893636
1449010076274558419 1449010076314862954
1449010076324558277 1449010076364861723
1449010076374559401 1449010076414855253
1449010076424560111 1449010076464891991
1449010076474542385 1449010076514843018
1449010076524548587 1449010076564777672
1449010076574526415 1449010076614836779
1449010076624561703 1449010076664913782
1449010076674557070 1449010076714871100
1449010076724563246 1449010076764881765
1449010076774562859 1449010076814849423
1449010076824561060 1449010076864895980
1449010076874562321 1449010076914846560
1449010076924561624 1449010076964902281
1449010076974562831 1449010077014848463
1449010077024561303 1449010077064904712
1449010077074563512 1449010077114848954
1449010077124559668 1449010077164839891
1449010077174560695 1449010077214835827
1449010077224554559 1449010077264815906
1449010077274564106 1449010077314822436
1449010077324559446 1449010077364818795
1449010077374559708 1449010077414818783
1449010077424559787 1449010077464785817
1449010077474527942 1449010077514757076
1449010077524563815 1449010077564823645
1449010077574561862 1449010077614823780
1449010077624562705 1449010077664823775
1449010077674561921 1449010077714819323
1449010077724562441 1449010077764819387
1449010077774557207 1449010077814817418
1449010077824557586 1449010077864819487
1449010077874563497 1449010077914739878
1449010077924521353 1449010077964787287
1449010077974557446 1449010078014818963
1449010078024562135 1449010078064816749
1449010078074563051 1449010078114802549
1449010078124559591 1449010078164814049
1449010078174547993 1449010078214806133
1449010078224558732 1449010078264822755
1449010078274559178 1449010078314780912
1449010078324559978 1449010078364820189
1449010078374540852 1449010078414766659
1449010078424516412 1449010078464776950
1449010078474560854 1449010078514786339
1449010078524561423 1449010078564812196
1449010078574562116 1449010078614819049
1449010078624557724 1449010078664816294
1449010078674557348 1449010078714783274
1449010078724563369 1449010078764827763
1449010078774529143 1449010078814756423
1449010078824561745 1449010078864826890
1449010078874563547 1449010078914791315
1449010078924564584 1449010078964812263
1449010078974562457 1449010079014821055
1449010079024541257 1449010079064800269
1449010079074563666 1449010079114826710
1449010079124559050 1449010079164821530
1449010079174521911 1449010079214779663
1449010079224558849 1449010079264822474
1449010079274557016 1449010079314822633
1449010079324543838 1449010079364784925
1449010079374558446 1449010079414860294
1449010079424563625 1449010079464825904
1449010079474562838 1449010079514793205
1449010079524532397 1449010079564801652
1449010079574564104 1449010079614862160
1449010079624562298 1449010079664824269
1449010079674563655 1449010079714789271
1449010079724558823 1449010079764817477
1449010079774564473 1449010079814827898
1449010079824557863 1449010079864819855
1449010079874564894 1449010079914826374
1449010079924561357 1449010079964821083
1449010079974562928 1449010080014805466
1449010080024529110 1449010080064796844
1449010080074564094 1449010080114823543
1449010080124544274 1449010080164803840
1449010080174526488 1449010080214781096
1449010080224556277 1449010080264804039
1449010080274514964 1449010080314719720
1449010080324565717 1449010080364827271
1449010080374561476 1449010080414824520
1449010080424559807 1449010080464820599
1449010080474563172 1449010080514826574
1449010080524561881 1449010080564817835
1449010080574562397 1449010080614776299
1449010080624496435 1449010080664751628
1449010080674556362 1449010080714820084
1449010080724564135 1449010080764823560
1449010080774555693 1449010080814817531
1449010080824559580 1449010080864820276
1449010080874526062 1449010080914789841
1449010080924558992 1449010080964823856
1449010080974564041 1449010081014829577
1449010081024557214 1449010081064786718
1449010081074531470 1449010081114788146
1449010081124561002 1449010081164826043
1449010081174555243 1449010081214797500
1449010081224525557 1449010081264741093
1449010081274562215 1449010081314829919
1449010081324561114 1449010081364824041
1449010081374563557 1449010081414825876
1449010081424561808 1449010081464821297
1449010081474562508 1449010081514825491
1449010081524567296 1449010081564826358
1449010081574567178 1449010081614826587
1449010081624568869 1449010081664797646
1449010081674532966 1449010081714795893
1449010081724561248 1449010081764820767
1449010081774567955 1449010081814829940
1449010081824572329 1449010081864833973
1449010081874567827 1449010081914824022
1449010081924558758 1449010081964819229
1449010081974558562 1449010082014819571
1449010082024563378 1449010082064827628
1449010082074536782 1449010082114777666
1449010082124526376 1449010082164781984
1449010082174564534 1449010082214827037
1449010082224564983 1449010082264814149
1449010082274562081 1449010082314821951
1449010082324563496 1449010082364807497
1449010082374571642 1449010082414832358
1449010082424564561 1449010082464793381
1449010082474562618 1449010082514822054
1449010082524562740 1449010082564788168
1449010082574512484 1449010082614755639
1449010082624563791 1449010082664847282
1449010082674562266 1449010082714825667
1449010082724563597 1449010082764795223
1449010082774559282 1449010082814820448
1449010082824559387 1449010082864820566
1449010082874564182 1449010082914824523
1449010082924561497 1449010082964823071
1449010082974561833 1449010083014804648
1449010083024526992 1449010083064788028
1449010083074557446 1449010083114818999
1449010083124559979 1449010083164830407
1449010083174561925 1449010083214835650
1449010083224562017 1449010083264833283
1449010083274563030 1449010083314840163
1449010083324560800 1449010083364796001
1449010083374562422 1449010083414830190
1449010083424563572 1449010083464832152
1449010083474558332 1449010083514825451
1449010083524559967 1449010083564829559
1449010083574561795 1449010083614829366
1449010083624555633 1449010083664787580
1449010083674560829 1449010083714828403
1449010083724557810 1449010083764828679
1449010083774545066 1449010083814766920
1449010083824541483 1449010083864807483
1449010083874551524 1449010083914801341
1449010083924526705 1449010083964782112
1449010083974558131 1449010084014823257
1449010084024561219 1449010084064838132
1449010084074563456 1449010084114828538
1449010084124559081 1449010084164786871
1449010084174561588 1449010084214835075
1449010084224541797 1449010084264811547
1449010084274563675 1449010084314831827
1449010084324554262 1449010084364785758
1449010084374556548 1449010084414828192
1449010084424557709 1449010084464832252
1449010084474565140 1449010084514835872
1449010084524525395 1449010084564796176
1449010084574562905 1449010084614833863
1449010084624560340 1449010084664757949
1449010084674516622 1449010084714738430
1449010084724554787 1449010084764821613
1449010084774556920 1449010084814819162
1449010084824544860 1449010084864790101
1449010084874525956 1449010084914792528
1449010084924561046 1449010084964827729
1449010084974543495 1449010085014820073
1449010085024560839 1449010085064828443
1449010085074562895 1449010085114836369
1449010085124562859 1449010085164826705
1449010085174565390 1449010085214836773
1449010085224560971 1449010085264828960
1449010085274561677 1449010085314838837
1449010085324554633 1449010085364823757
1449010085374563073 1449010085414839922
1449010085424561675 1449010085464832623
1449010085474565107 1449010085514844234
1449010085524560441 1449010085564827808
1449010085574562437 1449010085614834415
1449010085624559839 1449010085664822268
1449010085674560692 1449010085714831003
1449010085724559174 1449010085764817951
1449010085774528445 1449010085814764805
1449010085824559403 1449010085864825718
1449010085874562555 1449010085914838980
1449010085924559921 1449010085964801112
1449010085974560710 1449010086014838782
1449010086024556816 1449010086064827862
1449010086074536027 1449010086114808152
1449010086124561413 1449010086164833891
1449010086174561294 1449010086214839238
1449010086224561639 1449010086264815422
1449010086274545507 1449010086314815721
1449010086324562317 1449010086364842172
1449010086374565352 1449010086414841439
1449010086424558217 1449010086464829743
1449010086474562949 1449010086514839360
1449010086524558941 1449010086564832803
1449010086574558321 1449010086614828331
1449010086624559375 1449010086664823598
1449010086674525249 1449010086714755669
1449010086724525882 1449010086764806532
1449010086774562783 1449010086814834089
1449010086824561635 1449010086864841978
1449010086874561513 1449010086914835098
1449010086924558397 1449010086964830518
1449010086974562464 1449010087014839674
1449010087024562219 1449010087064833013
1449010087074561963 1449010087114835517
1449010087124557795 1449010087164830681
1449010087174559383 1449010087214825621
1449010087224554694 1449010087264825211
1449010087274558437 1449010087314837029
1449010087324558027 1449010087364829243
1449010087374560467 1449010087414831322
1449010087424525974 1449010087464799829
1449010087474561005 1449010087514828920
1449010087524552687 1449010087564827007
1449010087574555815 1449010087614811289
1449010087624515168 1449010087664786467
1449010087674564976 1449010087714834344
1449010087724557360 1449010087764828846
1449010087774562259 1449010087814831841
1449010087824562303 1449010087864834886
1449010087874560197 1449010087914828222
1449010087924558447 1449010087964829339
1449010087974563377 1449010088014836804
1449010088024562503 1449010088064833341
1449010088074560670 1449010088114832684
1449010088124558222 1449010088164829451
1449010088174562059 1449010088214810079
1449010088224517279 1449010088264790355
1449010088274558965 1449010088314830702
1449010088324558866 1449010088364831134
1449010088374561072 1449010088414830374
1449010088424558037 1449010088464824899
1449010088474558469 1449010088514830273
1449010088524536360 1449010088564784357
1449010088574507733 1449010088614779681
1449010088624561777 1449010088664835869
1449010088674560469 1449010088714779687
1449010088724495859 1449010088764730637
1449010088774554137 1449010088814825089
1449010088824559019 1449010088864836767
1449010088874561430 1449010088914828075
1449010088924559660 1449010088964831240
1449010088974560397 1449010089014830426
1449010089024560615 1449010089064833311
1449010089074560416 1449010089114831197
1449010089124557935 1449010089164812266
1449010089174560205 1449010089214805990
1449010089224557467 1449010089264836844
1449010089274562666 1449010089314833351
1449010089324553153 1449010089364826864
1449010089374555981 1449010089414835772
1449010089424558845 1449010089464820680
1449010089474540956 1449010089514778068
1449010089524558096 1449010089564834467
1449010089574558298 1449010089614828578
1449010089624561787 1449010089664834496
1449010089674556911 1449010089714820048
1449010089724556989 1449010089764818015
1449010089774558016 1449010089814836445
1449010089824561428 1449010089864831605
1449010089874558650 1449010089914832218
1449010089924557398 1449010089964832674
1449010089974557530 1449010090014779651
1449010090024523932 1449010090064789762
1449010090074555077 1449010090114823791
1449010090124557775 1449010090164848167
1449010090174542064 1449010090214810356
1449010090224501858 1449010090264736697
1449010090274538238 1449010090314805077
1449010090324511402 1449010090364788424
1449010090374522719 1449010090414769165
1449010090424523736 1449010090464776246
1449010090474540578 1449010090514813846
1449010090524558848 1449010090564839191
1449010090574514312 1449010090614764904
1449010090624563281 1449010090664833902
1449010090674513345 1449010090714781237
1449010090724557443 1449010090764825753
1449010090774510675 1449010090814779606
1449010090824562073 1449010090864834876
1449010090874522111 1449010090914771694
1449010090924541492 1449010090964803237
1449010090974554604 1449010091014811768
1449010091024558353 1449010091064828062
1449010091074559270 1449010091114824282
1449010091124543158 1449010091164813936
1449010091174560947 1449010091214827549
1449010091224532530 1449010091264802136
1449010091274557782 1449010091314776352
1449010091324533462 1449010091364785634
1449010091374511610 1449010091414781987
1449010091424562173 1449010091464830201
1449010091474561352 1449010091514829628
1449010091524515359 1449010091564785670
1449010091574565284 1449010091614836974
1449010091624555092 1449010091664828646
1449010091674560315 1449010091714828611
1449010091724555572 1449010091764823267
1449010091774560635 1449010091814827391
1449010091824556627 1449010091864826908
1449010091874560798 1449010091914783781
1449010091924555648 1449010091964831397
1449010091974562495 1449010092014832545
1449010092024556479 1449010092064813346
1449010092074560890 1449010092114796265
1449010092124556311 1449010092164826722
1449010092174558832 1449010092214827555
1449010092224557480 1449010092264828649
1449010092274542297 1449010092314774157
1449010092324508796 1449010092364784104
1449010092374562502 1449010092414832559
1449010092424557158 1449010092464826921
1449010092474557099 1449010092514832885
1449010092524560625 1449010092564833154
1449010092574562511 1449010092614840098
1449010092624558623 1449010092664808040
1449010092674563539 1449010092714806287
1449010092724542874 1449010092764727767
1449010092774496638 1449010092814673993
1449010092824561575 1449010092864806679
1449010092874560381 1449010092914804863
1449010092924558157 1449010092964806093
1449010092974561706 1449010093014807605
1449010093024558223 1449010093064803286
1449010093074562057 1449010093114805823
1449010093124558790 1449010093164805658
1449010093174559293 1449010093214791373
1449010093224543465 1449010093264758891
1449010093274561440 1449010093314805344
1449010093324563901 1449010093364806214
1449010093374561841 1449010093414807302
1449010093424563850 1449010093464810076
1449010093474564292 1449010093514811163
1449010093524563024 1449010093564806497
1449010093574557546 1449010093614802600
1449010093624562272 1449010093664808631
1449010093674562180 1449010093714805342
1449010093724563160 1449010093764811631
1449010093774561263 1449010093814810924
1449010093824562868 1449010093864807678
1449010093874559960 1449010093914801976
1449010093924559467 1449010093964803307
1449010093974511867 1449010094014750345
1449010094024559279 1449010094064807706
1449010094074557513 1449010094114785056
1449010094124543229 1449010094164757088
1449010094174510990 1449010094214755539
1449010094224563551 1449010094264810167
1449010094274561284 1449010094314801335
1449010094324560964 1449010094364798874
1449010094374537151 1449010094414782596
1449010094424561675 1449010094464807276
1449010094474562084 1449010094514805894
1449010094524539825 1449010094564778400
1449010094574560136 1449010094614805940
1449010094624557778 1449010094664802845
1449010094674560837 1449010094714806915
1449010094724560186 1449010094764805106
1449010094774556860 1449010094814679123
1449010094824558388 1449010094864803158
1449010094874541120 1449010094914781433
1449010094924559487 1449010094964807587
1449010094974558736 1449010095014807024
1449010095024559884 1449010095064807262
1449010095074542422 1449010095114747538
1449010095124528141 1449010095164769269
1449010095174562484 1449010095214808506
1449010095224562525 1449010095264809893
1449010095274555130 1449010095314800931
1449010095324560480 1449010095364808125
1449010095374557571 1449010095414798538
1449010095424559941 1449010095464804677
1449010095474562428 1449010095514802350
1449010095524565480 1449010095564809303
1449010095574561412 1449010095614808667
1449010095624563271 1449010095664808113
1449010095674561565 1449010095714782580
1449010095724557611 1449010095764802861
1449010095774558454 1449010095814806320
1449010095824557500 1449010095864806118
1449010095874559526 1449010095914785967
1449010095924559073 1449010095964802195
1449010095974559515 1449010096014804167
1449010096024542311 1449010096064750079
1449010096074561245 1449010096114810765
1449010096124551491 1449010096164795899
1449010096174560168 1449010096214811155
1449010096224562037 1449010096264814324
1449010096274559292 1449010096314804132
1449010096324557904 1449010096364804925
1449010096374563495 1449010096414810519
1449010096424557646 1449010096464810226
1449010096474560998 1449010096514788692
1449010096524561254 1449010096564802304
1449010096574557069 1449010096614809876
1449010096624558303 1449010096664810419
1449010096674554679 1449010096714800267
1449010096724557397 1449010096764804508
1449010096774558975 1449010096814800139
1449010096824521745 1449010096864760952
1449010096874524981 1449010096914775730
1449010096924542759 1449010096964770008
1449010096974537602 1449010097014744345
1449010097024532338 1449010097064780645
1449010097074558753 1449010097114806321
1449010097124561343 1449010097164807596
1449010097174561672 1449010097214808502
1449010097224554941 1449010097264795190
1449010097274560946 1449010097314804108
1449010097324552559 1449010097364796168
1449010097374560464 1449010097414805504
1449010097424562193 1449010097464806575
1449010097474560197 1449010097514808156
1449010097524559166 1449010097564802862
1449010097574504377 1449010097614726935
1449010097624560571 1449010097664805478
1449010097674561204 1449010097714799452
1449010097724560344 1449010097764805681
1449010097774557338 1449010097814800714
1449010097824560814 1449010097864804855
1449010097874552196 1449010097914777641
1449010097924545345 1449010097964788591
1449010097974560040 1449010098014830554
1449010098024561955 1449010098064832292
1449010098074563099 1449010098114833276
1449010098124563100 1449010098164833651
1449010098174565040 1449010098214836068
1449010098224563370 1449010098264793817
1449010098274532926 1449010098314801285
1449010098324561479 1449010098364832621
1449010098374562599 1449010098414832121
1449010098424562467 1449010098464832734
1449010098474561219 1449010098514830410
1449010098524558384 1449010098564823753
1449010098574560600 1449010098614810755
1449010098624558570 1449010098664816670
1449010098674557910 1449010098714826323
1449010098724559989 1449010098764798815
1449010098774557692 1449010098814825464
1449010098824542499 1449010098864840345
1449010098874522074 1449010098914777745
1449010098924557803 1449010098964819481
1449010098974559198 1449010099014782916
1449010099024560512 1449010099064821401
1449010099074518876 1449010099114776327
1449010099124558784 1449010099164822794
1449010099174514154 1449010099214775040
1449010099224558783 1449010099264763856
1449010099274559630 1449010099314820265
1449010099324559641 1449010099364792387
1449010099374561099 1449010099414820786
1449010099424562136 1449010099464820236
1449010099474562946 1449010099514823682
1449010099524556433 1449010099564821638
1449010099574561138 1449010099614824182
1449010099624557805 1449010099664824791
1449010099674557493 1449010099714816090
1449010099724552776 1449010099764797332
1449010099774513078 1449010099814774585
1449010099824560690 1449010099864834312
1449010099874554067 1449010099914823465
1449010099924562587 1449010099964832580
1449010099974560972 1449010100014826759
1449010100024560783 1449010100064828036
1449010100074560817 1449010100114826374
1449010100124567414 1449010100164841686
1449010100174559978 1449010100214831511
1449010100224566615 1449010100264836908
1449010100274498218 1449010100314727027
1449010100324555412 1449010100364824820
1449010100374566034 1449010100414837524
1449010100424563159 1449010100464834749
1449010100474560287 1449010100514825960
1449010100524557495 1449010100564803394
1449010100574561519 1449010100614830653
1449010100624561113 1449010100664831296
1449010100674544273 1449010100714790335
1449010100724511172 1449010100764790112
1449010100774561942 1449010100814829252
1449010100824557801 1449010100864811363
1449010100874496615 1449010100914704719
1449010100924561505 1449010100964829988
1449010100974560922 1449010101014828366
1449010101024561194 1449010101064829660
1449010101074520105 1449010101114789450
1449010101124557525 1449010101164825620
1449010101174558729 1449010101214822825
1449010101224556148 1449010101264828783
1449010101274525002 1449010101314794514
1449010101324557827 1449010101364828672
1449010101374560184 1449010101414829522
1449010101424557910 1449010101464830295
1449010101474561637 1449010101514827574
1449010101524558491 1449010101564824371
1449010101574559204 1449010101614799005
1449010101624546550 1449010101664778911
1449010101674558889 1449010101714828909
